NETWORK SUMMARY
---------------
Input Layer shape: (1, 180)
Hidden Layer shape: (181, 2)
Output layer shape: (3, 1)
Total parameters: 365

[1, 100] Train Error: 0.0376 | Train Perf: 0.0913 | Eval Error: 0.0352 | Eval Perf: 0.0481
[2, 100] Train Error: 0.0361 | Train Perf: -0.1501 | Eval Error: 0.0352 | Eval Perf: 0.0633
[3, 100] Train Error: 0.036 | Train Perf: -0.0788 | Eval Error: 0.0351 | Eval Perf: 0.0904
[4, 100] Train Error: 0.036 | Train Perf: -0.1193 | Eval Error: 0.0352 | Eval Perf: 0.1111
[5, 100] Train Error: 0.036 | Train Perf: -0.0446 | Eval Error: 0.0352 | Eval Perf: 0.1329
[6, 100] Train Error: 0.0359 | Train Perf: -0.0055 | Eval Error: 0.0351 | Eval Perf: 0.1598
[7, 100] Train Error: 0.0359 | Train Perf: 0.0023 | Eval Error: 0.0351 | Eval Perf: 0.1763
[8, 100] Train Error: 0.0358 | Train Perf: 0.0079 | Eval Error: 0.0351 | Eval Perf: 0.1984
[9, 100] Train Error: 0.0357 | Train Perf: 0.1003 | Eval Error: 0.0352 | Eval Perf: 0.2064
[10, 100] Train Error: 0.0357 | Train Perf: 0.0742 | Eval Error: 0.035 | Eval Perf: 0.232
[11, 100] Train Error: 0.0356 | Train Perf: 0.1182 | Eval Error: 0.035 | Eval Perf: 0.2525
[12, 100] Train Error: 0.0355 | Train Perf: 0.1409 | Eval Error: 0.0349 | Eval Perf: 0.264
[13, 100] Train Error: 0.0353 | Train Perf: 0.245 | Eval Error: 0.035 | Eval Perf: 0.2716
[14, 100] Train Error: 0.0351 | Train Perf: 0.2096 | Eval Error: 0.0352 | Eval Perf: 0.2813
[15, 100] Train Error: 0.0352 | Train Perf: 0.271 | Eval Error: 0.0348 | Eval Perf: 0.2981
[16, 100] Train Error: 0.0349 | Train Perf: 0.3349 | Eval Error: 0.0347 | Eval Perf: 0.3109
[17, 100] Train Error: 0.0347 | Train Perf: 0.3771 | Eval Error: 0.0346 | Eval Perf: 0.3189
[18, 100] Train Error: 0.0345 | Train Perf: 0.4608 | Eval Error: 0.0345 | Eval Perf: 0.3268
[19, 100] Train Error: 0.0342 | Train Perf: 0.4439 | Eval Error: 0.0344 | Eval Perf: 0.3349
[20, 100] Train Error: 0.0339 | Train Perf: 0.5318 | Eval Error: 0.0342 | Eval Perf: 0.342
[21, 100] Train Error: 0.0335 | Train Perf: 0.569 | Eval Error: 0.0341 | Eval Perf: 0.3481
[22, 100] Train Error: 0.0331 | Train Perf: 0.6053 | Eval Error: 0.0339 | Eval Perf: 0.3548
[23, 100] Train Error: 0.0326 | Train Perf: 0.6143 | Eval Error: 0.0337 | Eval Perf: 0.3598
[24, 100] Train Error: 0.032 | Train Perf: 0.631 | Eval Error: 0.0336 | Eval Perf: 0.3643
[25, 100] Train Error: 0.0316 | Train Perf: 0.6506 | Eval Error: 0.0333 | Eval Perf: 0.3699
[26, 100] Train Error: 0.031 | Train Perf: 0.6694 | Eval Error: 0.0329 | Eval Perf: 0.3758
[27, 100] Train Error: 0.0303 | Train Perf: 0.6792 | Eval Error: 0.0327 | Eval Perf: 0.3806
[28, 100] Train Error: 0.0296 | Train Perf: 0.6987 | Eval Error: 0.0324 | Eval Perf: 0.3854
[29, 100] Train Error: 0.0288 | Train Perf: 0.6984 | Eval Error: 0.0321 | Eval Perf: 0.3907
[30, 100] Train Error: 0.0281 | Train Perf: 0.7146 | Eval Error: 0.0317 | Eval Perf: 0.3956
[31, 100] Train Error: 0.0272 | Train Perf: 0.7147 | Eval Error: 0.0314 | Eval Perf: 0.4006
[32, 100] Train Error: 0.0263 | Train Perf: 0.7193 | Eval Error: 0.0312 | Eval Perf: 0.4058
[33, 100] Train Error: 0.0256 | Train Perf: 0.7294 | Eval Error: 0.0308 | Eval Perf: 0.4113
[34, 100] Train Error: 0.0247 | Train Perf: 0.7345 | Eval Error: 0.0305 | Eval Perf: 0.417
[35, 100] Train Error: 0.024 | Train Perf: 0.7275 | Eval Error: 0.0301 | Eval Perf: 0.4227
[36, 100] Train Error: 0.0232 | Train Perf: 0.7493 | Eval Error: 0.0299 | Eval Perf: 0.4288
[37, 100] Train Error: 0.0224 | Train Perf: 0.7542 | Eval Error: 0.0296 | Eval Perf: 0.4346
[38, 100] Train Error: 0.0217 | Train Perf: 0.7548 | Eval Error: 0.0292 | Eval Perf: 0.4405
[39, 100] Train Error: 0.0209 | Train Perf: 0.7631 | Eval Error: 0.0289 | Eval Perf: 0.4463
[40, 100] Train Error: 0.0203 | Train Perf: 0.7662 | Eval Error: 0.0286 | Eval Perf: 0.4529
[41, 100] Train Error: 0.0196 | Train Perf: 0.777 | Eval Error: 0.0284 | Eval Perf: 0.4592
[42, 100] Train Error: 0.0189 | Train Perf: 0.7804 | Eval Error: 0.0282 | Eval Perf: 0.4655
[43, 100] Train Error: 0.0183 | Train Perf: 0.7882 | Eval Error: 0.0278 | Eval Perf: 0.4713
[44, 100] Train Error: 0.0177 | Train Perf: 0.7936 | Eval Error: 0.0277 | Eval Perf: 0.4777
[45, 100] Train Error: 0.0171 | Train Perf: 0.7986 | Eval Error: 0.0276 | Eval Perf: 0.4834
[46, 100] Train Error: 0.0166 | Train Perf: 0.804 | Eval Error: 0.0271 | Eval Perf: 0.4892
[47, 100] Train Error: 0.016 | Train Perf: 0.8089 | Eval Error: 0.027 | Eval Perf: 0.4945
[48, 100] Train Error: 0.0155 | Train Perf: 0.8143 | Eval Error: 0.0269 | Eval Perf: 0.4995
[49, 100] Train Error: 0.0151 | Train Perf: 0.8184 | Eval Error: 0.0266 | Eval Perf: 0.5046
[50, 100] Train Error: 0.0146 | Train Perf: 0.824 | Eval Error: 0.0264 | Eval Perf: 0.5093
[51, 100] Train Error: 0.0142 | Train Perf: 0.8297 | Eval Error: 0.0262 | Eval Perf: 0.5139
[52, 100] Train Error: 0.0137 | Train Perf: 0.8378 | Eval Error: 0.0264 | Eval Perf: 0.5178
[53, 100] Train Error: 0.0133 | Train Perf: 0.838 | Eval Error: 0.026 | Eval Perf: 0.5217
[54, 100] Train Error: 0.0129 | Train Perf: 0.8434 | Eval Error: 0.0258 | Eval Perf: 0.5255
[55, 100] Train Error: 0.0125 | Train Perf: 0.8491 | Eval Error: 0.0257 | Eval Perf: 0.5288
[56, 100] Train Error: 0.0121 | Train Perf: 0.8541 | Eval Error: 0.0259 | Eval Perf: 0.5313
[57, 100] Train Error: 0.0117 | Train Perf: 0.858 | Eval Error: 0.0253 | Eval Perf: 0.5346
[58, 100] Train Error: 0.0115 | Train Perf: 0.8604 | Eval Error: 0.0255 | Eval Perf: 0.537
[59, 100] Train Error: 0.0112 | Train Perf: 0.863 | Eval Error: 0.0254 | Eval Perf: 0.5397
[60, 100] Train Error: 0.0107 | Train Perf: 0.8706 | Eval Error: 0.0261 | Eval Perf: 0.5414
[61, 100] Train Error: 0.0106 | Train Perf: 0.869 | Eval Error: 0.0252 | Eval Perf: 0.5445
[62, 100] Train Error: 0.0103 | Train Perf: 0.8738 | Eval Error: 0.0252 | Eval Perf: 0.546
[63, 100] Train Error: 0.01 | Train Perf: 0.8782 | Eval Error: 0.0253 | Eval Perf: 0.5471
[64, 100] Train Error: 0.0097 | Train Perf: 0.8795 | Eval Error: 0.0252 | Eval Perf: 0.5486
[65, 100] Train Error: 0.0095 | Train Perf: 0.883 | Eval Error: 0.0254 | Eval Perf: 0.5495
[66, 100] Train Error: 0.0092 | Train Perf: 0.8858 | Eval Error: 0.0254 | Eval Perf: 0.5506
[67, 100] Train Error: 0.009 | Train Perf: 0.889 | Eval Error: 0.0254 | Eval Perf: 0.5516
[68, 100] Train Error: 0.0087 | Train Perf: 0.8914 | Eval Error: 0.025 | Eval Perf: 0.553
[69, 100] Train Error: 0.0086 | Train Perf: 0.8935 | Eval Error: 0.0252 | Eval Perf: 0.5536
[70, 100] Train Error: 0.0084 | Train Perf: 0.8965 | Eval Error: 0.0255 | Eval Perf: 0.554
[71, 100] Train Error: 0.0081 | Train Perf: 0.8987 | Eval Error: 0.0254 | Eval Perf: 0.5544
[72, 100] Train Error: 0.0079 | Train Perf: 0.9013 | Eval Error: 0.0255 | Eval Perf: 0.5548
[73, 100] Train Error: 0.0077 | Train Perf: 0.9035 | Eval Error: 0.0257 | Eval Perf: 0.5551
[74, 100] Train Error: 0.0076 | Train Perf: 0.9048 | Eval Error: 0.0257 | Eval Perf: 0.5558
[75, 100] Train Error: 0.0074 | Train Perf: 0.9085 | Eval Error: 0.0261 | Eval Perf: 0.5558
[76, 100] Train Error: 0.0072 | Train Perf: 0.9088 | Eval Error: 0.0257 | Eval Perf: 0.5562
[77, 100] Train Error: 0.0071 | Train Perf: 0.9109 | Eval Error: 0.0259 | Eval Perf: 0.5564
[78, 100] Train Error: 0.0069 | Train Perf: 0.9135 | Eval Error: 0.026 | Eval Perf: 0.5564
[79, 100] Train Error: 0.0067 | Train Perf: 0.9146 | Eval Error: 0.0257 | Eval Perf: 0.5565
[80, 100] Train Error: 0.0066 | Train Perf: 0.9182 | Eval Error: 0.0265 | Eval Perf: 0.5557
[81, 100] Train Error: 0.0065 | Train Perf: 0.9173 | Eval Error: 0.026 | Eval Perf: 0.5561
[82, 100] Train Error: 0.0064 | Train Perf: 0.919 | Eval Error: 0.0261 | Eval Perf: 0.5564
[83, 100] Train Error: 0.0062 | Train Perf: 0.9218 | Eval Error: 0.0264 | Eval Perf: 0.5568
[84, 100] Train Error: 0.0061 | Train Perf: 0.9222 | Eval Error: 0.0264 | Eval Perf: 0.5567
[85, 100] Train Error: 0.006 | Train Perf: 0.9235 | Eval Error: 0.0263 | Eval Perf: 0.5565
[86, 100] Train Error: 0.0059 | Train Perf: 0.9255 | Eval Error: 0.0266 | Eval Perf: 0.5561
[87, 100] Train Error: 0.0057 | Train Perf: 0.926 | Eval Error: 0.0263 | Eval Perf: 0.5564
[88, 100] Train Error: 0.0057 | Train Perf: 0.9276 | Eval Error: 0.0265 | Eval Perf: 0.556
[89, 100] Train Error: 0.0056 | Train Perf: 0.9287 | Eval Error: 0.0265 | Eval Perf: 0.5556
[90, 100] Train Error: 0.0055 | Train Perf: 0.9303 | Eval Error: 0.0269 | Eval Perf: 0.5548
[91, 100] Train Error: 0.0054 | Train Perf: 0.9309 | Eval Error: 0.027 | Eval Perf: 0.5546
[92, 100] Train Error: 0.0053 | Train Perf: 0.9318 | Eval Error: 0.027 | Eval Perf: 0.5543
[93, 100] Train Error: 0.0052 | Train Perf: 0.9332 | Eval Error: 0.0268 | Eval Perf: 0.5546
[94, 100] Train Error: 0.0051 | Train Perf: 0.934 | Eval Error: 0.0268 | Eval Perf: 0.5544
[95, 100] Train Error: 0.005 | Train Perf: 0.935 | Eval Error: 0.027 | Eval Perf: 0.554
[96, 100] Train Error: 0.0049 | Train Perf: 0.9359 | Eval Error: 0.0269 | Eval Perf: 0.5537
[97, 100] Train Error: 0.0049 | Train Perf: 0.937 | Eval Error: 0.0272 | Eval Perf: 0.5535
[98, 100] Train Error: 0.0048 | Train Perf: 0.9377 | Eval Error: 0.0273 | Eval Perf: 0.5529
[99, 100] Train Error: 0.0047 | Train Perf: 0.9383 | Eval Error: 0.0273 | Eval Perf: 0.5529
[100, 100] Train Error: 0.0046 | Train Perf: 0.9392 | Eval Error: 0.0275 | Eval Perf: 0.5526
