NETWORK SUMMARY
---------------
Input Layer shape: (1, 180)
Hidden Layer shape: (181, 2)
Output layer shape: (3, 1)
Total parameters: 365

[1, 100] Train Error: 0.0378 | Train Perf: 0.088 | Eval Error: 0.0344 | Eval Perf: 0.149
[2, 100] Train Error: 0.0363 | Train Perf: -0.1456 | Eval Error: 0.0343 | Eval Perf: 0.1741
[3, 100] Train Error: 0.0363 | Train Perf: -0.081 | Eval Error: 0.0343 | Eval Perf: 0.203
[4, 100] Train Error: 0.0363 | Train Perf: -0.1288 | Eval Error: 0.0342 | Eval Perf: 0.23
[5, 100] Train Error: 0.0362 | Train Perf: -0.0501 | Eval Error: 0.0342 | Eval Perf: 0.2572
[6, 100] Train Error: 0.0361 | Train Perf: -0.0137 | Eval Error: 0.0342 | Eval Perf: 0.2828
[7, 100] Train Error: 0.0361 | Train Perf: -0.0095 | Eval Error: 0.0341 | Eval Perf: 0.3093
[8, 100] Train Error: 0.0361 | Train Perf: -0.0117 | Eval Error: 0.0341 | Eval Perf: 0.3338
[9, 100] Train Error: 0.0359 | Train Perf: 0.0871 | Eval Error: 0.0341 | Eval Perf: 0.3622
[10, 100] Train Error: 0.036 | Train Perf: 0.0481 | Eval Error: 0.034 | Eval Perf: 0.3834
[11, 100] Train Error: 0.0359 | Train Perf: 0.0909 | Eval Error: 0.0341 | Eval Perf: 0.4029
[12, 100] Train Error: 0.0358 | Train Perf: 0.1004 | Eval Error: 0.0339 | Eval Perf: 0.4291
[13, 100] Train Error: 0.0357 | Train Perf: 0.2066 | Eval Error: 0.0338 | Eval Perf: 0.4578
[14, 100] Train Error: 0.0355 | Train Perf: 0.1772 | Eval Error: 0.0338 | Eval Perf: 0.4823
[15, 100] Train Error: 0.0356 | Train Perf: 0.2123 | Eval Error: 0.0336 | Eval Perf: 0.4974
[16, 100] Train Error: 0.0354 | Train Perf: 0.2789 | Eval Error: 0.0336 | Eval Perf: 0.5133
[17, 100] Train Error: 0.0352 | Train Perf: 0.3141 | Eval Error: 0.0334 | Eval Perf: 0.5329
[18, 100] Train Error: 0.035 | Train Perf: 0.3722 | Eval Error: 0.0332 | Eval Perf: 0.5527
[19, 100] Train Error: 0.0348 | Train Perf: 0.3729 | Eval Error: 0.0331 | Eval Perf: 0.5679
[20, 100] Train Error: 0.0346 | Train Perf: 0.4425 | Eval Error: 0.0329 | Eval Perf: 0.5822
[21, 100] Train Error: 0.0343 | Train Perf: 0.5012 | Eval Error: 0.0326 | Eval Perf: 0.5965
[22, 100] Train Error: 0.034 | Train Perf: 0.5493 | Eval Error: 0.0324 | Eval Perf: 0.6074
[23, 100] Train Error: 0.0336 | Train Perf: 0.5702 | Eval Error: 0.0321 | Eval Perf: 0.6215
[24, 100] Train Error: 0.0331 | Train Perf: 0.5508 | Eval Error: 0.0318 | Eval Perf: 0.6325
[25, 100] Train Error: 0.0328 | Train Perf: 0.6068 | Eval Error: 0.0314 | Eval Perf: 0.641
[26, 100] Train Error: 0.0323 | Train Perf: 0.6285 | Eval Error: 0.0309 | Eval Perf: 0.648
[27, 100] Train Error: 0.0317 | Train Perf: 0.6352 | Eval Error: 0.0305 | Eval Perf: 0.6556
[28, 100] Train Error: 0.0312 | Train Perf: 0.6551 | Eval Error: 0.03 | Eval Perf: 0.6636
[29, 100] Train Error: 0.0305 | Train Perf: 0.6647 | Eval Error: 0.0295 | Eval Perf: 0.6695
[30, 100] Train Error: 0.0299 | Train Perf: 0.6815 | Eval Error: 0.0289 | Eval Perf: 0.6759
[31, 100] Train Error: 0.0292 | Train Perf: 0.682 | Eval Error: 0.0284 | Eval Perf: 0.682
[32, 100] Train Error: 0.0283 | Train Perf: 0.6965 | Eval Error: 0.0279 | Eval Perf: 0.6883
[33, 100] Train Error: 0.0277 | Train Perf: 0.6894 | Eval Error: 0.0272 | Eval Perf: 0.6926
[34, 100] Train Error: 0.0269 | Train Perf: 0.702 | Eval Error: 0.0265 | Eval Perf: 0.6965
[35, 100] Train Error: 0.0262 | Train Perf: 0.7022 | Eval Error: 0.0259 | Eval Perf: 0.7016
[36, 100] Train Error: 0.0254 | Train Perf: 0.7228 | Eval Error: 0.0252 | Eval Perf: 0.7054
[37, 100] Train Error: 0.0247 | Train Perf: 0.7327 | Eval Error: 0.0246 | Eval Perf: 0.7095
[38, 100] Train Error: 0.0239 | Train Perf: 0.7328 | Eval Error: 0.0242 | Eval Perf: 0.714
[39, 100] Train Error: 0.0231 | Train Perf: 0.7319 | Eval Error: 0.0237 | Eval Perf: 0.7176
[40, 100] Train Error: 0.0225 | Train Perf: 0.7415 | Eval Error: 0.023 | Eval Perf: 0.721
[41, 100] Train Error: 0.0217 | Train Perf: 0.7488 | Eval Error: 0.0224 | Eval Perf: 0.724
[42, 100] Train Error: 0.021 | Train Perf: 0.7547 | Eval Error: 0.0218 | Eval Perf: 0.7269
[43, 100] Train Error: 0.0204 | Train Perf: 0.7621 | Eval Error: 0.0213 | Eval Perf: 0.7299
[44, 100] Train Error: 0.0197 | Train Perf: 0.7686 | Eval Error: 0.0208 | Eval Perf: 0.7322
[45, 100] Train Error: 0.0191 | Train Perf: 0.7722 | Eval Error: 0.0203 | Eval Perf: 0.7348
[46, 100] Train Error: 0.0186 | Train Perf: 0.7765 | Eval Error: 0.02 | Eval Perf: 0.7373
[47, 100] Train Error: 0.018 | Train Perf: 0.783 | Eval Error: 0.0197 | Eval Perf: 0.7393
[48, 100] Train Error: 0.0174 | Train Perf: 0.784 | Eval Error: 0.0192 | Eval Perf: 0.7409
[49, 100] Train Error: 0.017 | Train Perf: 0.7885 | Eval Error: 0.0189 | Eval Perf: 0.7429
[50, 100] Train Error: 0.0165 | Train Perf: 0.7933 | Eval Error: 0.0187 | Eval Perf: 0.7448
[51, 100] Train Error: 0.016 | Train Perf: 0.7998 | Eval Error: 0.0183 | Eval Perf: 0.7462
[52, 100] Train Error: 0.0156 | Train Perf: 0.8048 | Eval Error: 0.0179 | Eval Perf: 0.7473
[53, 100] Train Error: 0.0152 | Train Perf: 0.8076 | Eval Error: 0.0178 | Eval Perf: 0.7488
[54, 100] Train Error: 0.0148 | Train Perf: 0.8113 | Eval Error: 0.0178 | Eval Perf: 0.7495
[55, 100] Train Error: 0.0144 | Train Perf: 0.8164 | Eval Error: 0.0176 | Eval Perf: 0.7505
[56, 100] Train Error: 0.014 | Train Perf: 0.8209 | Eval Error: 0.0173 | Eval Perf: 0.7512
[57, 100] Train Error: 0.0136 | Train Perf: 0.825 | Eval Error: 0.0174 | Eval Perf: 0.7517
[58, 100] Train Error: 0.0133 | Train Perf: 0.8311 | Eval Error: 0.0168 | Eval Perf: 0.7521
[59, 100] Train Error: 0.013 | Train Perf: 0.8321 | Eval Error: 0.0169 | Eval Perf: 0.7523
[60, 100] Train Error: 0.0126 | Train Perf: 0.8383 | Eval Error: 0.0165 | Eval Perf: 0.7527
[61, 100] Train Error: 0.0124 | Train Perf: 0.8391 | Eval Error: 0.0169 | Eval Perf: 0.7528
[62, 100] Train Error: 0.012 | Train Perf: 0.8439 | Eval Error: 0.0169 | Eval Perf: 0.753
[63, 100] Train Error: 0.0118 | Train Perf: 0.8461 | Eval Error: 0.0166 | Eval Perf: 0.753
[64, 100] Train Error: 0.0115 | Train Perf: 0.8498 | Eval Error: 0.0165 | Eval Perf: 0.7531
[65, 100] Train Error: 0.0112 | Train Perf: 0.8531 | Eval Error: 0.0164 | Eval Perf: 0.7531
[66, 100] Train Error: 0.011 | Train Perf: 0.8566 | Eval Error: 0.0163 | Eval Perf: 0.7527
[67, 100] Train Error: 0.0107 | Train Perf: 0.8605 | Eval Error: 0.016 | Eval Perf: 0.7524
[68, 100] Train Error: 0.0104 | Train Perf: 0.862 | Eval Error: 0.0169 | Eval Perf: 0.7511
[69, 100] Train Error: 0.0103 | Train Perf: 0.8645 | Eval Error: 0.0165 | Eval Perf: 0.7512
[70, 100] Train Error: 0.0101 | Train Perf: 0.8676 | Eval Error: 0.0161 | Eval Perf: 0.7512
[71, 100] Train Error: 0.0098 | Train Perf: 0.8702 | Eval Error: 0.0161 | Eval Perf: 0.7507
[72, 100] Train Error: 0.0096 | Train Perf: 0.8732 | Eval Error: 0.016 | Eval Perf: 0.7504
[73, 100] Train Error: 0.0095 | Train Perf: 0.875 | Eval Error: 0.016 | Eval Perf: 0.7498
[74, 100] Train Error: 0.0092 | Train Perf: 0.8773 | Eval Error: 0.0164 | Eval Perf: 0.7488
[75, 100] Train Error: 0.0091 | Train Perf: 0.8805 | Eval Error: 0.016 | Eval Perf: 0.7491
[76, 100] Train Error: 0.0089 | Train Perf: 0.8837 | Eval Error: 0.0159 | Eval Perf: 0.7488
[77, 100] Train Error: 0.0087 | Train Perf: 0.8847 | Eval Error: 0.016 | Eval Perf: 0.7481
[78, 100] Train Error: 0.0086 | Train Perf: 0.8864 | Eval Error: 0.016 | Eval Perf: 0.7476
[79, 100] Train Error: 0.0084 | Train Perf: 0.8878 | Eval Error: 0.016 | Eval Perf: 0.7466
[80, 100] Train Error: 0.0082 | Train Perf: 0.891 | Eval Error: 0.0158 | Eval Perf: 0.7465
[81, 100] Train Error: 0.0081 | Train Perf: 0.8919 | Eval Error: 0.0164 | Eval Perf: 0.745
[82, 100] Train Error: 0.0079 | Train Perf: 0.894 | Eval Error: 0.0162 | Eval Perf: 0.7448
[83, 100] Train Error: 0.0078 | Train Perf: 0.8957 | Eval Error: 0.0164 | Eval Perf: 0.7442
[84, 100] Train Error: 0.0077 | Train Perf: 0.8982 | Eval Error: 0.016 | Eval Perf: 0.7444
[85, 100] Train Error: 0.0075 | Train Perf: 0.8987 | Eval Error: 0.0163 | Eval Perf: 0.7436
[86, 100] Train Error: 0.0074 | Train Perf: 0.9009 | Eval Error: 0.0161 | Eval Perf: 0.7435
[87, 100] Train Error: 0.0073 | Train Perf: 0.9019 | Eval Error: 0.0166 | Eval Perf: 0.7417
[88, 100] Train Error: 0.0072 | Train Perf: 0.9045 | Eval Error: 0.0163 | Eval Perf: 0.742
[89, 100] Train Error: 0.007 | Train Perf: 0.9058 | Eval Error: 0.0161 | Eval Perf: 0.7421
[90, 100] Train Error: 0.007 | Train Perf: 0.9061 | Eval Error: 0.0162 | Eval Perf: 0.7416
[91, 100] Train Error: 0.0068 | Train Perf: 0.9076 | Eval Error: 0.0163 | Eval Perf: 0.7408
[92, 100] Train Error: 0.0067 | Train Perf: 0.9102 | Eval Error: 0.016 | Eval Perf: 0.7414
[93, 100] Train Error: 0.0067 | Train Perf: 0.9098 | Eval Error: 0.0164 | Eval Perf: 0.7399
[94, 100] Train Error: 0.0065 | Train Perf: 0.9119 | Eval Error: 0.0162 | Eval Perf: 0.7403
[95, 100] Train Error: 0.0065 | Train Perf: 0.9125 | Eval Error: 0.0162 | Eval Perf: 0.7398
[96, 100] Train Error: 0.0064 | Train Perf: 0.9136 | Eval Error: 0.0162 | Eval Perf: 0.7393
[97, 100] Train Error: 0.0063 | Train Perf: 0.9152 | Eval Error: 0.0165 | Eval Perf: 0.7382
[98, 100] Train Error: 0.0062 | Train Perf: 0.9162 | Eval Error: 0.0166 | Eval Perf: 0.7375
[99, 100] Train Error: 0.0061 | Train Perf: 0.9172 | Eval Error: 0.0166 | Eval Perf: 0.7369
[100, 100] Train Error: 0.006 | Train Perf: 0.9183 | Eval Error: 0.0164 | Eval Perf: 0.7373
