NETWORK SUMMARY
---------------
Input Layer shape: (1, 180)
Hidden Layer shape: (181, 2)
Output layer shape: (3, 1)
Total parameters: 365

[1, 100] Train Error: 0.0365 | Train Perf: 0.0625 | Eval Error: 0.0403 | Eval Perf: 0.4032
[2, 100] Train Error: 0.0372 | Train Perf: -0.0751 | Eval Error: 0.0378 | Eval Perf: 0.5839
[3, 100] Train Error: 0.0353 | Train Perf: 0.1073 | Eval Error: 0.0346 | Eval Perf: 0.6371
[4, 100] Train Error: 0.0316 | Train Perf: 0.3654 | Eval Error: 0.029 | Eval Perf: 0.6628
[5, 100] Train Error: 0.0254 | Train Perf: 0.5983 | Eval Error: 0.0252 | Eval Perf: 0.6785
[6, 100] Train Error: 0.0193 | Train Perf: 0.7065 | Eval Error: 0.0222 | Eval Perf: 0.7113
[7, 100] Train Error: 0.0161 | Train Perf: 0.7593 | Eval Error: 0.0205 | Eval Perf: 0.6981
[8, 100] Train Error: 0.0136 | Train Perf: 0.7939 | Eval Error: 0.0204 | Eval Perf: 0.6917
[9, 100] Train Error: 0.0114 | Train Perf: 0.8319 | Eval Error: 0.0216 | Eval Perf: 0.6692
[10, 100] Train Error: 0.0095 | Train Perf: 0.8614 | Eval Error: 0.0228 | Eval Perf: 0.6238
[11, 100] Train Error: 0.0085 | Train Perf: 0.8757 | Eval Error: 0.0233 | Eval Perf: 0.6258
[12, 100] Train Error: 0.007 | Train Perf: 0.8987 | Eval Error: 0.0233 | Eval Perf: 0.6184
[13, 100] Train Error: 0.0064 | Train Perf: 0.9076 | Eval Error: 0.0266 | Eval Perf: 0.6081
[14, 100] Train Error: 0.0057 | Train Perf: 0.9176 | Eval Error: 0.0281 | Eval Perf: 0.5985
[15, 100] Train Error: 0.0054 | Train Perf: 0.9225 | Eval Error: 0.0248 | Eval Perf: 0.6122
[16, 100] Train Error: 0.005 | Train Perf: 0.9286 | Eval Error: 0.0268 | Eval Perf: 0.5951
[17, 100] Train Error: 0.0046 | Train Perf: 0.9342 | Eval Error: 0.0252 | Eval Perf: 0.614
[18, 100] Train Error: 0.0044 | Train Perf: 0.9377 | Eval Error: 0.0265 | Eval Perf: 0.5969
[19, 100] Train Error: 0.0038 | Train Perf: 0.9463 | Eval Error: 0.0274 | Eval Perf: 0.6123
[20, 100] Train Error: 0.0036 | Train Perf: 0.9488 | Eval Error: 0.0254 | Eval Perf: 0.612
[21, 100] Train Error: 0.0033 | Train Perf: 0.9536 | Eval Error: 0.0285 | Eval Perf: 0.5908
[22, 100] Train Error: 0.0031 | Train Perf: 0.9557 | Eval Error: 0.0268 | Eval Perf: 0.5919
[23, 100] Train Error: 0.003 | Train Perf: 0.9573 | Eval Error: 0.0261 | Eval Perf: 0.6142
[24, 100] Train Error: 0.0027 | Train Perf: 0.9616 | Eval Error: 0.0275 | Eval Perf: 0.5901
[25, 100] Train Error: 0.0025 | Train Perf: 0.9657 | Eval Error: 0.028 | Eval Perf: 0.6025
[26, 100] Train Error: 0.0025 | Train Perf: 0.9645 | Eval Error: 0.0278 | Eval Perf: 0.5922
[27, 100] Train Error: 0.0023 | Train Perf: 0.9676 | Eval Error: 0.0272 | Eval Perf: 0.5987
[28, 100] Train Error: 0.0022 | Train Perf: 0.9694 | Eval Error: 0.0278 | Eval Perf: 0.594
[29, 100] Train Error: 0.0018 | Train Perf: 0.9745 | Eval Error: 0.028 | Eval Perf: 0.5952
[30, 100] Train Error: 0.0021 | Train Perf: 0.9712 | Eval Error: 0.0282 | Eval Perf: 0.5968
[31, 100] Train Error: 0.0017 | Train Perf: 0.9758 | Eval Error: 0.0278 | Eval Perf: 0.5981
[32, 100] Train Error: 0.0017 | Train Perf: 0.9758 | Eval Error: 0.0288 | Eval Perf: 0.5848
[33, 100] Train Error: 0.0016 | Train Perf: 0.9773 | Eval Error: 0.0287 | Eval Perf: 0.5904
[34, 100] Train Error: 0.0015 | Train Perf: 0.9795 | Eval Error: 0.0282 | Eval Perf: 0.5934
[35, 100] Train Error: 0.0014 | Train Perf: 0.9808 | Eval Error: 0.0291 | Eval Perf: 0.5858
[36, 100] Train Error: 0.0013 | Train Perf: 0.9821 | Eval Error: 0.0295 | Eval Perf: 0.5821
[37, 100] Train Error: 0.0013 | Train Perf: 0.9818 | Eval Error: 0.0298 | Eval Perf: 0.5781
[38, 100] Train Error: 0.0013 | Train Perf: 0.9823 | Eval Error: 0.0299 | Eval Perf: 0.5775
[39, 100] Train Error: 0.0011 | Train Perf: 0.985 | Eval Error: 0.0295 | Eval Perf: 0.5848
[40, 100] Train Error: 0.0012 | Train Perf: 0.9837 | Eval Error: 0.0298 | Eval Perf: 0.5842
[41, 100] Train Error: 0.0011 | Train Perf: 0.9843 | Eval Error: 0.0301 | Eval Perf: 0.5794
[42, 100] Train Error: 0.001 | Train Perf: 0.9861 | Eval Error: 0.0295 | Eval Perf: 0.5878
[43, 100] Train Error: 0.0011 | Train Perf: 0.985 | Eval Error: 0.0296 | Eval Perf: 0.5902
[44, 100] Train Error: 0.001 | Train Perf: 0.9865 | Eval Error: 0.0305 | Eval Perf: 0.5793
[45, 100] Train Error: 0.0009 | Train Perf: 0.988 | Eval Error: 0.0311 | Eval Perf: 0.5711
[46, 100] Train Error: 0.0009 | Train Perf: 0.9874 | Eval Error: 0.0311 | Eval Perf: 0.5729
[47, 100] Train Error: 0.0009 | Train Perf: 0.9879 | Eval Error: 0.0315 | Eval Perf: 0.5683
[48, 100] Train Error: 0.0008 | Train Perf: 0.9885 | Eval Error: 0.0311 | Eval Perf: 0.5739
[49, 100] Train Error: 0.0008 | Train Perf: 0.9889 | Eval Error: 0.0309 | Eval Perf: 0.5763
[50, 100] Train Error: 0.0008 | Train Perf: 0.9891 | Eval Error: 0.0312 | Eval Perf: 0.5756
[51, 100] Train Error: 0.0007 | Train Perf: 0.99 | Eval Error: 0.0317 | Eval Perf: 0.5697
[52, 100] Train Error: 0.0007 | Train Perf: 0.9898 | Eval Error: 0.0314 | Eval Perf: 0.5747
[53, 100] Train Error: 0.0007 | Train Perf: 0.9908 | Eval Error: 0.0308 | Eval Perf: 0.5832
[54, 100] Train Error: 0.0007 | Train Perf: 0.9901 | Eval Error: 0.0319 | Eval Perf: 0.5678
[55, 100] Train Error: 0.0007 | Train Perf: 0.9904 | Eval Error: 0.0307 | Eval Perf: 0.5835
[56, 100] Train Error: 0.0007 | Train Perf: 0.9908 | Eval Error: 0.0312 | Eval Perf: 0.5802
[57, 100] Train Error: 0.0006 | Train Perf: 0.9916 | Eval Error: 0.0314 | Eval Perf: 0.5765
[58, 100] Train Error: 0.0006 | Train Perf: 0.9916 | Eval Error: 0.0317 | Eval Perf: 0.5745
[59, 100] Train Error: 0.0006 | Train Perf: 0.9911 | Eval Error: 0.031 | Eval Perf: 0.5829
[60, 100] Train Error: 0.0006 | Train Perf: 0.9917 | Eval Error: 0.0317 | Eval Perf: 0.5754
[61, 100] Train Error: 0.0006 | Train Perf: 0.9921 | Eval Error: 0.0306 | Eval Perf: 0.5889
[62, 100] Train Error: 0.0005 | Train Perf: 0.9924 | Eval Error: 0.0316 | Eval Perf: 0.5758
[63, 100] Train Error: 0.0006 | Train Perf: 0.9923 | Eval Error: 0.0324 | Eval Perf: 0.5677
[64, 100] Train Error: 0.0005 | Train Perf: 0.9929 | Eval Error: 0.0316 | Eval Perf: 0.5781
[65, 100] Train Error: 0.0005 | Train Perf: 0.9927 | Eval Error: 0.0315 | Eval Perf: 0.5784
[66, 100] Train Error: 0.0005 | Train Perf: 0.9931 | Eval Error: 0.0319 | Eval Perf: 0.5787
[67, 100] Train Error: 0.0005 | Train Perf: 0.9932 | Eval Error: 0.0319 | Eval Perf: 0.5773
[68, 100] Train Error: 0.0005 | Train Perf: 0.9932 | Eval Error: 0.032 | Eval Perf: 0.5748
[69, 100] Train Error: 0.0005 | Train Perf: 0.9931 | Eval Error: 0.0319 | Eval Perf: 0.578
[70, 100] Train Error: 0.0005 | Train Perf: 0.9934 | Eval Error: 0.0312 | Eval Perf: 0.5853
[71, 100] Train Error: 0.0004 | Train Perf: 0.9939 | Eval Error: 0.0317 | Eval Perf: 0.5797
[72, 100] Train Error: 0.0004 | Train Perf: 0.9938 | Eval Error: 0.0323 | Eval Perf: 0.574
[73, 100] Train Error: 0.0004 | Train Perf: 0.9941 | Eval Error: 0.0318 | Eval Perf: 0.5799
[74, 100] Train Error: 0.0004 | Train Perf: 0.9941 | Eval Error: 0.0316 | Eval Perf: 0.584
[75, 100] Train Error: 0.0004 | Train Perf: 0.994 | Eval Error: 0.0318 | Eval Perf: 0.5803
[76, 100] Train Error: 0.0004 | Train Perf: 0.9941 | Eval Error: 0.0323 | Eval Perf: 0.5743
[77, 100] Train Error: 0.0004 | Train Perf: 0.9942 | Eval Error: 0.0332 | Eval Perf: 0.5665
[78, 100] Train Error: 0.0004 | Train Perf: 0.9945 | Eval Error: 0.0332 | Eval Perf: 0.5666
[79, 100] Train Error: 0.0004 | Train Perf: 0.9945 | Eval Error: 0.0326 | Eval Perf: 0.5739
[80, 100] Train Error: 0.0004 | Train Perf: 0.9948 | Eval Error: 0.0327 | Eval Perf: 0.5717
[81, 100] Train Error: 0.0004 | Train Perf: 0.9947 | Eval Error: 0.0327 | Eval Perf: 0.5729
[82, 100] Train Error: 0.0004 | Train Perf: 0.995 | Eval Error: 0.033 | Eval Perf: 0.57
[83, 100] Train Error: 0.0004 | Train Perf: 0.9947 | Eval Error: 0.0333 | Eval Perf: 0.5675
[84, 100] Train Error: 0.0004 | Train Perf: 0.9949 | Eval Error: 0.0335 | Eval Perf: 0.5659
[85, 100] Train Error: 0.0003 | Train Perf: 0.9954 | Eval Error: 0.0333 | Eval Perf: 0.5673
[86, 100] Train Error: 0.0003 | Train Perf: 0.9951 | Eval Error: 0.0335 | Eval Perf: 0.5665
[87, 100] Train Error: 0.0003 | Train Perf: 0.9953 | Eval Error: 0.0336 | Eval Perf: 0.5657
[88, 100] Train Error: 0.0004 | Train Perf: 0.9951 | Eval Error: 0.0337 | Eval Perf: 0.5661
[89, 100] Train Error: 0.0003 | Train Perf: 0.9955 | Eval Error: 0.0335 | Eval Perf: 0.5692
[90, 100] Train Error: 0.0003 | Train Perf: 0.9955 | Eval Error: 0.0328 | Eval Perf: 0.5745
[91, 100] Train Error: 0.0003 | Train Perf: 0.9957 | Eval Error: 0.0339 | Eval Perf: 0.5624
[92, 100] Train Error: 0.0003 | Train Perf: 0.9954 | Eval Error: 0.0338 | Eval Perf: 0.5643
[93, 100] Train Error: 0.0003 | Train Perf: 0.9956 | Eval Error: 0.0341 | Eval Perf: 0.5625
[94, 100] Train Error: 0.0003 | Train Perf: 0.9958 | Eval Error: 0.0338 | Eval Perf: 0.566
[95, 100] Train Error: 0.0003 | Train Perf: 0.9959 | Eval Error: 0.0339 | Eval Perf: 0.5653
[96, 100] Train Error: 0.0003 | Train Perf: 0.9958 | Eval Error: 0.0346 | Eval Perf: 0.5588
[97, 100] Train Error: 0.0003 | Train Perf: 0.9959 | Eval Error: 0.0342 | Eval Perf: 0.5637
[98, 100] Train Error: 0.0003 | Train Perf: 0.9962 | Eval Error: 0.0342 | Eval Perf: 0.5637
[99, 100] Train Error: 0.0003 | Train Perf: 0.9961 | Eval Error: 0.0339 | Eval Perf: 0.5668
[100, 100] Train Error: 0.0003 | Train Perf: 0.9961 | Eval Error: 0.0341 | Eval Perf: 0.5652
