NETWORK SUMMARY
---------------
Input Layer shape: (1, 180)
Hidden Layer shape: (181, 2)
Output layer shape: (3, 1)
Total parameters: 365

[1, 100] Train Error: 0.0237 | Train Perf: 0.1387 | Eval Error: 0.0199 | Eval Perf: -0.0168
[2, 100] Train Error: 0.0165 | Train Perf: -0.1698 | Eval Error: 0.0185 | Eval Perf: -0.0472
[3, 100] Train Error: 0.0155 | Train Perf: -0.0467 | Eval Error: 0.0183 | Eval Perf: -0.0517
[4, 100] Train Error: 0.0152 | Train Perf: 0.0399 | Eval Error: 0.0184 | Eval Perf: -0.047
[5, 100] Train Error: 0.0151 | Train Perf: 0.0961 | Eval Error: 0.0184 | Eval Perf: -0.0387
[6, 100] Train Error: 0.015 | Train Perf: 0.1502 | Eval Error: 0.0184 | Eval Perf: -0.034
[7, 100] Train Error: 0.0148 | Train Perf: 0.2506 | Eval Error: 0.0186 | Eval Perf: -0.0329
[8, 100] Train Error: 0.0149 | Train Perf: 0.2287 | Eval Error: 0.0185 | Eval Perf: -0.0157
[9, 100] Train Error: 0.0148 | Train Perf: 0.296 | Eval Error: 0.0184 | Eval Perf: 0.0016
[10, 100] Train Error: 0.0147 | Train Perf: 0.3133 | Eval Error: 0.0184 | Eval Perf: 0.017
[11, 100] Train Error: 0.0146 | Train Perf: 0.3713 | Eval Error: 0.0184 | Eval Perf: 0.0289
[12, 100] Train Error: 0.0144 | Train Perf: 0.4404 | Eval Error: 0.0184 | Eval Perf: 0.0401
[13, 100] Train Error: 0.0143 | Train Perf: 0.4618 | Eval Error: 0.0184 | Eval Perf: 0.0588
[14, 100] Train Error: 0.0142 | Train Perf: 0.5163 | Eval Error: 0.0184 | Eval Perf: 0.0704
[15, 100] Train Error: 0.014 | Train Perf: 0.5501 | Eval Error: 0.0182 | Eval Perf: 0.0933
[16, 100] Train Error: 0.0139 | Train Perf: 0.5773 | Eval Error: 0.0182 | Eval Perf: 0.1035
[17, 100] Train Error: 0.0137 | Train Perf: 0.6146 | Eval Error: 0.0182 | Eval Perf: 0.1156
[18, 100] Train Error: 0.0135 | Train Perf: 0.6429 | Eval Error: 0.0183 | Eval Perf: 0.1189
[19, 100] Train Error: 0.0134 | Train Perf: 0.6381 | Eval Error: 0.0181 | Eval Perf: 0.1455
[20, 100] Train Error: 0.0132 | Train Perf: 0.6722 | Eval Error: 0.018 | Eval Perf: 0.1626
[21, 100] Train Error: 0.0129 | Train Perf: 0.6609 | Eval Error: 0.0179 | Eval Perf: 0.1733
[22, 100] Train Error: 0.0127 | Train Perf: 0.7124 | Eval Error: 0.0181 | Eval Perf: 0.1676
[23, 100] Train Error: 0.0125 | Train Perf: 0.7064 | Eval Error: 0.0179 | Eval Perf: 0.1842
[24, 100] Train Error: 0.0123 | Train Perf: 0.7119 | Eval Error: 0.0178 | Eval Perf: 0.1976
[25, 100] Train Error: 0.012 | Train Perf: 0.7315 | Eval Error: 0.0178 | Eval Perf: 0.1995
[26, 100] Train Error: 0.0118 | Train Perf: 0.7389 | Eval Error: 0.0177 | Eval Perf: 0.214
[27, 100] Train Error: 0.0116 | Train Perf: 0.7436 | Eval Error: 0.0176 | Eval Perf: 0.2207
[28, 100] Train Error: 0.0113 | Train Perf: 0.7477 | Eval Error: 0.0174 | Eval Perf: 0.2417
[29, 100] Train Error: 0.0111 | Train Perf: 0.753 | Eval Error: 0.0173 | Eval Perf: 0.2494
[30, 100] Train Error: 0.0108 | Train Perf: 0.759 | Eval Error: 0.0174 | Eval Perf: 0.2434
[31, 100] Train Error: 0.0105 | Train Perf: 0.7682 | Eval Error: 0.0175 | Eval Perf: 0.2403
[32, 100] Train Error: 0.0103 | Train Perf: 0.7616 | Eval Error: 0.0172 | Eval Perf: 0.26
[33, 100] Train Error: 0.01 | Train Perf: 0.7721 | Eval Error: 0.017 | Eval Perf: 0.273
[34, 100] Train Error: 0.0098 | Train Perf: 0.7733 | Eval Error: 0.0171 | Eval Perf: 0.2704
[35, 100] Train Error: 0.0095 | Train Perf: 0.7737 | Eval Error: 0.017 | Eval Perf: 0.2752
[36, 100] Train Error: 0.0093 | Train Perf: 0.7838 | Eval Error: 0.017 | Eval Perf: 0.2753
[37, 100] Train Error: 0.0091 | Train Perf: 0.7837 | Eval Error: 0.0169 | Eval Perf: 0.2867
[38, 100] Train Error: 0.0088 | Train Perf: 0.7844 | Eval Error: 0.0169 | Eval Perf: 0.2866
[39, 100] Train Error: 0.0086 | Train Perf: 0.7902 | Eval Error: 0.0167 | Eval Perf: 0.2984
[40, 100] Train Error: 0.0083 | Train Perf: 0.7964 | Eval Error: 0.017 | Eval Perf: 0.2879
[41, 100] Train Error: 0.0082 | Train Perf: 0.7968 | Eval Error: 0.0166 | Eval Perf: 0.3064
[42, 100] Train Error: 0.0079 | Train Perf: 0.7986 | Eval Error: 0.0165 | Eval Perf: 0.3153
[43, 100] Train Error: 0.0077 | Train Perf: 0.8056 | Eval Error: 0.0167 | Eval Perf: 0.3082
[44, 100] Train Error: 0.0075 | Train Perf: 0.8093 | Eval Error: 0.0163 | Eval Perf: 0.3311
[45, 100] Train Error: 0.0074 | Train Perf: 0.8103 | Eval Error: 0.0163 | Eval Perf: 0.3317
[46, 100] Train Error: 0.0072 | Train Perf: 0.8144 | Eval Error: 0.0162 | Eval Perf: 0.3398
[47, 100] Train Error: 0.0069 | Train Perf: 0.8121 | Eval Error: 0.0161 | Eval Perf: 0.3492
[48, 100] Train Error: 0.0069 | Train Perf: 0.8165 | Eval Error: 0.0162 | Eval Perf: 0.3364
[49, 100] Train Error: 0.0067 | Train Perf: 0.8161 | Eval Error: 0.0161 | Eval Perf: 0.3425
[50, 100] Train Error: 0.0065 | Train Perf: 0.8193 | Eval Error: 0.0163 | Eval Perf: 0.338
[51, 100] Train Error: 0.0064 | Train Perf: 0.8231 | Eval Error: 0.0161 | Eval Perf: 0.3458
[52, 100] Train Error: 0.0062 | Train Perf: 0.8252 | Eval Error: 0.0163 | Eval Perf: 0.3402
[53, 100] Train Error: 0.0061 | Train Perf: 0.8289 | Eval Error: 0.016 | Eval Perf: 0.3535
[54, 100] Train Error: 0.006 | Train Perf: 0.8308 | Eval Error: 0.0161 | Eval Perf: 0.3523
[55, 100] Train Error: 0.0059 | Train Perf: 0.8311 | Eval Error: 0.0161 | Eval Perf: 0.3513
[56, 100] Train Error: 0.0057 | Train Perf: 0.8353 | Eval Error: 0.0159 | Eval Perf: 0.3621
[57, 100] Train Error: 0.0056 | Train Perf: 0.8386 | Eval Error: 0.0162 | Eval Perf: 0.3522
[58, 100] Train Error: 0.0055 | Train Perf: 0.8382 | Eval Error: 0.016 | Eval Perf: 0.3639
[59, 100] Train Error: 0.0054 | Train Perf: 0.8421 | Eval Error: 0.0159 | Eval Perf: 0.3688
[60, 100] Train Error: 0.0053 | Train Perf: 0.8419 | Eval Error: 0.016 | Eval Perf: 0.3667
[61, 100] Train Error: 0.0052 | Train Perf: 0.8424 | Eval Error: 0.016 | Eval Perf: 0.3658
[62, 100] Train Error: 0.0051 | Train Perf: 0.8462 | Eval Error: 0.0159 | Eval Perf: 0.3746
[63, 100] Train Error: 0.005 | Train Perf: 0.8467 | Eval Error: 0.0161 | Eval Perf: 0.3632
[64, 100] Train Error: 0.0049 | Train Perf: 0.8478 | Eval Error: 0.0162 | Eval Perf: 0.362
[65, 100] Train Error: 0.0049 | Train Perf: 0.8506 | Eval Error: 0.0159 | Eval Perf: 0.3767
[66, 100] Train Error: 0.0048 | Train Perf: 0.8508 | Eval Error: 0.0159 | Eval Perf: 0.376
[67, 100] Train Error: 0.0047 | Train Perf: 0.8533 | Eval Error: 0.016 | Eval Perf: 0.3765
[68, 100] Train Error: 0.0047 | Train Perf: 0.854 | Eval Error: 0.0159 | Eval Perf: 0.3791
[69, 100] Train Error: 0.0046 | Train Perf: 0.8565 | Eval Error: 0.0159 | Eval Perf: 0.3814
[70, 100] Train Error: 0.0045 | Train Perf: 0.8578 | Eval Error: 0.0161 | Eval Perf: 0.3747
[71, 100] Train Error: 0.0045 | Train Perf: 0.8593 | Eval Error: 0.016 | Eval Perf: 0.3792
[72, 100] Train Error: 0.0044 | Train Perf: 0.862 | Eval Error: 0.0163 | Eval Perf: 0.3661
[73, 100] Train Error: 0.0043 | Train Perf: 0.8635 | Eval Error: 0.0165 | Eval Perf: 0.3591
[74, 100] Train Error: 0.0043 | Train Perf: 0.864 | Eval Error: 0.0161 | Eval Perf: 0.377
[75, 100] Train Error: 0.0042 | Train Perf: 0.8686 | Eval Error: 0.016 | Eval Perf: 0.3879
[76, 100] Train Error: 0.0041 | Train Perf: 0.8698 | Eval Error: 0.016 | Eval Perf: 0.393
[77, 100] Train Error: 0.0042 | Train Perf: 0.8661 | Eval Error: 0.0161 | Eval Perf: 0.3793
[78, 100] Train Error: 0.0041 | Train Perf: 0.8694 | Eval Error: 0.0161 | Eval Perf: 0.3787
[79, 100] Train Error: 0.004 | Train Perf: 0.8724 | Eval Error: 0.0163 | Eval Perf: 0.3728
[80, 100] Train Error: 0.0039 | Train Perf: 0.8765 | Eval Error: 0.0161 | Eval Perf: 0.3873
[81, 100] Train Error: 0.0039 | Train Perf: 0.8724 | Eval Error: 0.0162 | Eval Perf: 0.3767
[82, 100] Train Error: 0.0039 | Train Perf: 0.8755 | Eval Error: 0.0166 | Eval Perf: 0.3639
[83, 100] Train Error: 0.0039 | Train Perf: 0.8755 | Eval Error: 0.0164 | Eval Perf: 0.3692
[84, 100] Train Error: 0.0037 | Train Perf: 0.8824 | Eval Error: 0.0161 | Eval Perf: 0.3892
[85, 100] Train Error: 0.0037 | Train Perf: 0.8794 | Eval Error: 0.0166 | Eval Perf: 0.3645
[86, 100] Train Error: 0.0037 | Train Perf: 0.8801 | Eval Error: 0.0162 | Eval Perf: 0.3838
[87, 100] Train Error: 0.0037 | Train Perf: 0.8811 | Eval Error: 0.0165 | Eval Perf: 0.3709
[88, 100] Train Error: 0.0036 | Train Perf: 0.8818 | Eval Error: 0.0165 | Eval Perf: 0.369
[89, 100] Train Error: 0.0036 | Train Perf: 0.8847 | Eval Error: 0.0163 | Eval Perf: 0.378
[90, 100] Train Error: 0.0036 | Train Perf: 0.8853 | Eval Error: 0.0162 | Eval Perf: 0.3852
[91, 100] Train Error: 0.0035 | Train Perf: 0.8871 | Eval Error: 0.0166 | Eval Perf: 0.366
[92, 100] Train Error: 0.0035 | Train Perf: 0.8888 | Eval Error: 0.0163 | Eval Perf: 0.3844
[93, 100] Train Error: 0.0035 | Train Perf: 0.8876 | Eval Error: 0.0164 | Eval Perf: 0.3761
[94, 100] Train Error: 0.0034 | Train Perf: 0.8895 | Eval Error: 0.0166 | Eval Perf: 0.3691
[95, 100] Train Error: 0.0034 | Train Perf: 0.8894 | Eval Error: 0.0166 | Eval Perf: 0.3705
[96, 100] Train Error: 0.0033 | Train Perf: 0.8915 | Eval Error: 0.0168 | Eval Perf: 0.3633
[97, 100] Train Error: 0.0033 | Train Perf: 0.8936 | Eval Error: 0.0163 | Eval Perf: 0.3871
[98, 100] Train Error: 0.0033 | Train Perf: 0.8936 | Eval Error: 0.0164 | Eval Perf: 0.3772
[99, 100] Train Error: 0.0033 | Train Perf: 0.8943 | Eval Error: 0.0164 | Eval Perf: 0.3822
[100, 100] Train Error: 0.0032 | Train Perf: 0.8964 | Eval Error: 0.0164 | Eval Perf: 0.3813
