NETWORK SUMMARY
---------------
Input Layer shape: (1, 180)
Hidden Layer shape: (181, 2)
Output layer shape: (3, 1)
Total parameters: 365

[1, 100] Train Error: 0.0241 | Train Perf: 0.1472 | Eval Error: 0.0181 | Eval Perf: 0.1161
[2, 100] Train Error: 0.0172 | Train Perf: -0.1779 | Eval Error: 0.016 | Eval Perf: 0.1126
[3, 100] Train Error: 0.0162 | Train Perf: -0.0843 | Eval Error: 0.0155 | Eval Perf: 0.1228
[4, 100] Train Error: 0.016 | Train Perf: -0.0034 | Eval Error: 0.0154 | Eval Perf: 0.1404
[5, 100] Train Error: 0.0159 | Train Perf: 0.0498 | Eval Error: 0.0153 | Eval Perf: 0.1609
[6, 100] Train Error: 0.0158 | Train Perf: 0.1098 | Eval Error: 0.0152 | Eval Perf: 0.1771
[7, 100] Train Error: 0.0157 | Train Perf: 0.2221 | Eval Error: 0.0152 | Eval Perf: 0.1888
[8, 100] Train Error: 0.0157 | Train Perf: 0.1835 | Eval Error: 0.0151 | Eval Perf: 0.2197
[9, 100] Train Error: 0.0156 | Train Perf: 0.2536 | Eval Error: 0.0151 | Eval Perf: 0.2513
[10, 100] Train Error: 0.0155 | Train Perf: 0.2677 | Eval Error: 0.0151 | Eval Perf: 0.2812
[11, 100] Train Error: 0.0154 | Train Perf: 0.3356 | Eval Error: 0.015 | Eval Perf: 0.3035
[12, 100] Train Error: 0.0153 | Train Perf: 0.3938 | Eval Error: 0.015 | Eval Perf: 0.3273
[13, 100] Train Error: 0.0152 | Train Perf: 0.4336 | Eval Error: 0.0149 | Eval Perf: 0.3563
[14, 100] Train Error: 0.0151 | Train Perf: 0.4654 | Eval Error: 0.0148 | Eval Perf: 0.3767
[15, 100] Train Error: 0.015 | Train Perf: 0.5187 | Eval Error: 0.0148 | Eval Perf: 0.4074
[16, 100] Train Error: 0.0149 | Train Perf: 0.5514 | Eval Error: 0.0147 | Eval Perf: 0.4215
[17, 100] Train Error: 0.0147 | Train Perf: 0.5809 | Eval Error: 0.0146 | Eval Perf: 0.4361
[18, 100] Train Error: 0.0145 | Train Perf: 0.6027 | Eval Error: 0.0145 | Eval Perf: 0.4414
[19, 100] Train Error: 0.0144 | Train Perf: 0.6088 | Eval Error: 0.0145 | Eval Perf: 0.4636
[20, 100] Train Error: 0.0142 | Train Perf: 0.6379 | Eval Error: 0.0144 | Eval Perf: 0.4763
[21, 100] Train Error: 0.0141 | Train Perf: 0.6485 | Eval Error: 0.0143 | Eval Perf: 0.4814
[22, 100] Train Error: 0.0138 | Train Perf: 0.6662 | Eval Error: 0.0142 | Eval Perf: 0.482
[23, 100] Train Error: 0.0137 | Train Perf: 0.6629 | Eval Error: 0.0141 | Eval Perf: 0.4899
[24, 100] Train Error: 0.0135 | Train Perf: 0.6669 | Eval Error: 0.0139 | Eval Perf: 0.4967
[25, 100] Train Error: 0.0133 | Train Perf: 0.6832 | Eval Error: 0.0138 | Eval Perf: 0.4976
[26, 100] Train Error: 0.0131 | Train Perf: 0.6923 | Eval Error: 0.0137 | Eval Perf: 0.5041
[27, 100] Train Error: 0.0129 | Train Perf: 0.6843 | Eval Error: 0.0136 | Eval Perf: 0.5065
[28, 100] Train Error: 0.0126 | Train Perf: 0.7017 | Eval Error: 0.0135 | Eval Perf: 0.5109
[29, 100] Train Error: 0.0124 | Train Perf: 0.6984 | Eval Error: 0.0134 | Eval Perf: 0.5126
[30, 100] Train Error: 0.0122 | Train Perf: 0.7121 | Eval Error: 0.0133 | Eval Perf: 0.513
[31, 100] Train Error: 0.0119 | Train Perf: 0.7054 | Eval Error: 0.0131 | Eval Perf: 0.5128
[32, 100] Train Error: 0.0117 | Train Perf: 0.7077 | Eval Error: 0.013 | Eval Perf: 0.5158
[33, 100] Train Error: 0.0115 | Train Perf: 0.717 | Eval Error: 0.0129 | Eval Perf: 0.5178
[34, 100] Train Error: 0.0113 | Train Perf: 0.7079 | Eval Error: 0.0128 | Eval Perf: 0.5174
[35, 100] Train Error: 0.011 | Train Perf: 0.7154 | Eval Error: 0.0127 | Eval Perf: 0.5182
[36, 100] Train Error: 0.0108 | Train Perf: 0.7244 | Eval Error: 0.0126 | Eval Perf: 0.5192
[37, 100] Train Error: 0.0106 | Train Perf: 0.7207 | Eval Error: 0.0125 | Eval Perf: 0.5202
[38, 100] Train Error: 0.0104 | Train Perf: 0.725 | Eval Error: 0.0124 | Eval Perf: 0.5218
[39, 100] Train Error: 0.0102 | Train Perf: 0.7313 | Eval Error: 0.0123 | Eval Perf: 0.5233
[40, 100] Train Error: 0.0099 | Train Perf: 0.7355 | Eval Error: 0.0122 | Eval Perf: 0.5212
[41, 100] Train Error: 0.0098 | Train Perf: 0.7335 | Eval Error: 0.0121 | Eval Perf: 0.5242
[42, 100] Train Error: 0.0096 | Train Perf: 0.7373 | Eval Error: 0.012 | Eval Perf: 0.5261
[43, 100] Train Error: 0.0094 | Train Perf: 0.7417 | Eval Error: 0.0119 | Eval Perf: 0.5255
[44, 100] Train Error: 0.0092 | Train Perf: 0.7441 | Eval Error: 0.0118 | Eval Perf: 0.5276
[45, 100] Train Error: 0.009 | Train Perf: 0.7521 | Eval Error: 0.0118 | Eval Perf: 0.5291
[46, 100] Train Error: 0.0088 | Train Perf: 0.752 | Eval Error: 0.0117 | Eval Perf: 0.5294
[47, 100] Train Error: 0.0086 | Train Perf: 0.7538 | Eval Error: 0.0117 | Eval Perf: 0.5304
[48, 100] Train Error: 0.0085 | Train Perf: 0.7553 | Eval Error: 0.0116 | Eval Perf: 0.53
[49, 100] Train Error: 0.0083 | Train Perf: 0.7604 | Eval Error: 0.0115 | Eval Perf: 0.5312
[50, 100] Train Error: 0.0082 | Train Perf: 0.7628 | Eval Error: 0.0114 | Eval Perf: 0.5309
[51, 100] Train Error: 0.008 | Train Perf: 0.7656 | Eval Error: 0.0114 | Eval Perf: 0.5318
[52, 100] Train Error: 0.0079 | Train Perf: 0.7677 | Eval Error: 0.0114 | Eval Perf: 0.5321
[53, 100] Train Error: 0.0078 | Train Perf: 0.7714 | Eval Error: 0.0113 | Eval Perf: 0.5341
[54, 100] Train Error: 0.0076 | Train Perf: 0.7743 | Eval Error: 0.0112 | Eval Perf: 0.5347
[55, 100] Train Error: 0.0075 | Train Perf: 0.7751 | Eval Error: 0.0112 | Eval Perf: 0.5351
[56, 100] Train Error: 0.0074 | Train Perf: 0.7784 | Eval Error: 0.0112 | Eval Perf: 0.5365
[57, 100] Train Error: 0.0073 | Train Perf: 0.7782 | Eval Error: 0.0111 | Eval Perf: 0.5374
[58, 100] Train Error: 0.0072 | Train Perf: 0.7817 | Eval Error: 0.0111 | Eval Perf: 0.539
[59, 100] Train Error: 0.007 | Train Perf: 0.7857 | Eval Error: 0.0111 | Eval Perf: 0.5395
[60, 100] Train Error: 0.0069 | Train Perf: 0.79 | Eval Error: 0.011 | Eval Perf: 0.541
[61, 100] Train Error: 0.0068 | Train Perf: 0.789 | Eval Error: 0.011 | Eval Perf: 0.5413
[62, 100] Train Error: 0.0067 | Train Perf: 0.7925 | Eval Error: 0.011 | Eval Perf: 0.542
[63, 100] Train Error: 0.0067 | Train Perf: 0.7933 | Eval Error: 0.0109 | Eval Perf: 0.5429
[64, 100] Train Error: 0.0065 | Train Perf: 0.7962 | Eval Error: 0.011 | Eval Perf: 0.5434
[65, 100] Train Error: 0.0064 | Train Perf: 0.8007 | Eval Error: 0.0109 | Eval Perf: 0.5454
[66, 100] Train Error: 0.0063 | Train Perf: 0.8028 | Eval Error: 0.0109 | Eval Perf: 0.5454
[67, 100] Train Error: 0.0063 | Train Perf: 0.8053 | Eval Error: 0.0109 | Eval Perf: 0.5459
[68, 100] Train Error: 0.0062 | Train Perf: 0.8077 | Eval Error: 0.0108 | Eval Perf: 0.5474
[69, 100] Train Error: 0.0061 | Train Perf: 0.8107 | Eval Error: 0.0108 | Eval Perf: 0.5485
[70, 100] Train Error: 0.006 | Train Perf: 0.8167 | Eval Error: 0.0108 | Eval Perf: 0.5497
[71, 100] Train Error: 0.0059 | Train Perf: 0.8161 | Eval Error: 0.0108 | Eval Perf: 0.5501
[72, 100] Train Error: 0.0058 | Train Perf: 0.8209 | Eval Error: 0.0109 | Eval Perf: 0.5504
[73, 100] Train Error: 0.0057 | Train Perf: 0.8231 | Eval Error: 0.0109 | Eval Perf: 0.5504
[74, 100] Train Error: 0.0057 | Train Perf: 0.8248 | Eval Error: 0.0107 | Eval Perf: 0.5522
[75, 100] Train Error: 0.0055 | Train Perf: 0.8296 | Eval Error: 0.0107 | Eval Perf: 0.5521
[76, 100] Train Error: 0.0055 | Train Perf: 0.832 | Eval Error: 0.0107 | Eval Perf: 0.5529
[77, 100] Train Error: 0.0055 | Train Perf: 0.8292 | Eval Error: 0.0107 | Eval Perf: 0.5543
[78, 100] Train Error: 0.0053 | Train Perf: 0.8349 | Eval Error: 0.0107 | Eval Perf: 0.5553
[79, 100] Train Error: 0.0052 | Train Perf: 0.8385 | Eval Error: 0.0107 | Eval Perf: 0.5555
[80, 100] Train Error: 0.0051 | Train Perf: 0.8424 | Eval Error: 0.0107 | Eval Perf: 0.5564
[81, 100] Train Error: 0.0051 | Train Perf: 0.8421 | Eval Error: 0.0107 | Eval Perf: 0.5571
[82, 100] Train Error: 0.005 | Train Perf: 0.8446 | Eval Error: 0.0108 | Eval Perf: 0.5581
[83, 100] Train Error: 0.005 | Train Perf: 0.8475 | Eval Error: 0.0106 | Eval Perf: 0.5593
[84, 100] Train Error: 0.0049 | Train Perf: 0.8507 | Eval Error: 0.0106 | Eval Perf: 0.5604
[85, 100] Train Error: 0.0048 | Train Perf: 0.8507 | Eval Error: 0.0107 | Eval Perf: 0.5613
[86, 100] Train Error: 0.0047 | Train Perf: 0.8561 | Eval Error: 0.0106 | Eval Perf: 0.5613
[87, 100] Train Error: 0.0047 | Train Perf: 0.8543 | Eval Error: 0.0107 | Eval Perf: 0.5621
[88, 100] Train Error: 0.0046 | Train Perf: 0.8564 | Eval Error: 0.0108 | Eval Perf: 0.5631
[89, 100] Train Error: 0.0046 | Train Perf: 0.8564 | Eval Error: 0.0107 | Eval Perf: 0.5641
[90, 100] Train Error: 0.0045 | Train Perf: 0.8612 | Eval Error: 0.0105 | Eval Perf: 0.5656
[91, 100] Train Error: 0.0043 | Train Perf: 0.8684 | Eval Error: 0.0109 | Eval Perf: 0.5659
[92, 100] Train Error: 0.0045 | Train Perf: 0.8631 | Eval Error: 0.0105 | Eval Perf: 0.5676
[93, 100] Train Error: 0.0044 | Train Perf: 0.8638 | Eval Error: 0.0105 | Eval Perf: 0.5694
[94, 100] Train Error: 0.0043 | Train Perf: 0.867 | Eval Error: 0.0107 | Eval Perf: 0.5708
[95, 100] Train Error: 0.0043 | Train Perf: 0.8659 | Eval Error: 0.0105 | Eval Perf: 0.5725
[96, 100] Train Error: 0.0042 | Train Perf: 0.867 | Eval Error: 0.0106 | Eval Perf: 0.5738
[97, 100] Train Error: 0.0042 | Train Perf: 0.8685 | Eval Error: 0.0104 | Eval Perf: 0.5751
[98, 100] Train Error: 0.0042 | Train Perf: 0.871 | Eval Error: 0.0105 | Eval Perf: 0.5765
[99, 100] Train Error: 0.0041 | Train Perf: 0.8727 | Eval Error: 0.0103 | Eval Perf: 0.5782
[100, 100] Train Error: 0.0041 | Train Perf: 0.8741 | Eval Error: 0.0104 | Eval Perf: 0.5788
