NETWORK SUMMARY
---------------
Input Layer shape: (1, 180)
Hidden Layer shape: (181, 5)
Output layer shape: (6, 1)
Total parameters: 911

[1, 100] Train Error: 0.0074 | Train Perf: -0.0106 | Eval Error: 0.0075 | Eval Perf: 0.1887
[2, 100] Train Error: 0.0064 | Train Perf: 0.1626 | Eval Error: 0.0074 | Eval Perf: 0.3526
[3, 100] Train Error: 0.0062 | Train Perf: 0.2699 | Eval Error: 0.0072 | Eval Perf: 0.4287
[4, 100] Train Error: 0.006 | Train Perf: 0.4303 | Eval Error: 0.007 | Eval Perf: 0.4704
[5, 100] Train Error: 0.0057 | Train Perf: 0.4911 | Eval Error: 0.0068 | Eval Perf: 0.4966
[6, 100] Train Error: 0.0054 | Train Perf: 0.5789 | Eval Error: 0.0065 | Eval Perf: 0.5143
[7, 100] Train Error: 0.005 | Train Perf: 0.6256 | Eval Error: 0.0062 | Eval Perf: 0.532
[8, 100] Train Error: 0.0045 | Train Perf: 0.6559 | Eval Error: 0.0059 | Eval Perf: 0.5476
[9, 100] Train Error: 0.0041 | Train Perf: 0.685 | Eval Error: 0.0055 | Eval Perf: 0.5572
[10, 100] Train Error: 0.0036 | Train Perf: 0.7112 | Eval Error: 0.0053 | Eval Perf: 0.5714
[11, 100] Train Error: 0.0033 | Train Perf: 0.7315 | Eval Error: 0.0051 | Eval Perf: 0.5797
[12, 100] Train Error: 0.003 | Train Perf: 0.7469 | Eval Error: 0.005 | Eval Perf: 0.5833
[13, 100] Train Error: 0.0028 | Train Perf: 0.7606 | Eval Error: 0.0051 | Eval Perf: 0.5929
[14, 100] Train Error: 0.0027 | Train Perf: 0.7698 | Eval Error: 0.005 | Eval Perf: 0.5914
[15, 100] Train Error: 0.0026 | Train Perf: 0.7816 | Eval Error: 0.0049 | Eval Perf: 0.5928
[16, 100] Train Error: 0.0024 | Train Perf: 0.7932 | Eval Error: 0.005 | Eval Perf: 0.5896
[17, 100] Train Error: 0.0024 | Train Perf: 0.7993 | Eval Error: 0.0049 | Eval Perf: 0.5955
[18, 100] Train Error: 0.0023 | Train Perf: 0.8107 | Eval Error: 0.0049 | Eval Perf: 0.5979
[19, 100] Train Error: 0.0022 | Train Perf: 0.8181 | Eval Error: 0.005 | Eval Perf: 0.5998
[20, 100] Train Error: 0.0021 | Train Perf: 0.8236 | Eval Error: 0.0049 | Eval Perf: 0.595
[21, 100] Train Error: 0.0021 | Train Perf: 0.8288 | Eval Error: 0.005 | Eval Perf: 0.5963
[22, 100] Train Error: 0.002 | Train Perf: 0.8345 | Eval Error: 0.0051 | Eval Perf: 0.5983
[23, 100] Train Error: 0.002 | Train Perf: 0.8404 | Eval Error: 0.0051 | Eval Perf: 0.5893
[24, 100] Train Error: 0.0019 | Train Perf: 0.8444 | Eval Error: 0.0051 | Eval Perf: 0.5959
[25, 100] Train Error: 0.0019 | Train Perf: 0.8474 | Eval Error: 0.0051 | Eval Perf: 0.5951
[26, 100] Train Error: 0.0018 | Train Perf: 0.8508 | Eval Error: 0.0051 | Eval Perf: 0.5943
[27, 100] Train Error: 0.0018 | Train Perf: 0.8544 | Eval Error: 0.005 | Eval Perf: 0.592
[28, 100] Train Error: 0.0017 | Train Perf: 0.8582 | Eval Error: 0.005 | Eval Perf: 0.5946
[29, 100] Train Error: 0.0017 | Train Perf: 0.8611 | Eval Error: 0.005 | Eval Perf: 0.5963
[30, 100] Train Error: 0.0017 | Train Perf: 0.8649 | Eval Error: 0.0051 | Eval Perf: 0.5994
[31, 100] Train Error: 0.0016 | Train Perf: 0.8684 | Eval Error: 0.005 | Eval Perf: 0.5956
[32, 100] Train Error: 0.0016 | Train Perf: 0.8695 | Eval Error: 0.005 | Eval Perf: 0.5972
[33, 100] Train Error: 0.0016 | Train Perf: 0.8726 | Eval Error: 0.005 | Eval Perf: 0.597
[34, 100] Train Error: 0.0016 | Train Perf: 0.8736 | Eval Error: 0.005 | Eval Perf: 0.5975
[35, 100] Train Error: 0.0015 | Train Perf: 0.8751 | Eval Error: 0.005 | Eval Perf: 0.5986
[36, 100] Train Error: 0.0015 | Train Perf: 0.8797 | Eval Error: 0.005 | Eval Perf: 0.5998
[37, 100] Train Error: 0.0015 | Train Perf: 0.8795 | Eval Error: 0.005 | Eval Perf: 0.6013
[38, 100] Train Error: 0.0015 | Train Perf: 0.8843 | Eval Error: 0.0051 | Eval Perf: 0.6
[39, 100] Train Error: 0.0015 | Train Perf: 0.882 | Eval Error: 0.005 | Eval Perf: 0.605
[40, 100] Train Error: 0.0014 | Train Perf: 0.8855 | Eval Error: 0.005 | Eval Perf: 0.6053
[41, 100] Train Error: 0.0014 | Train Perf: 0.8865 | Eval Error: 0.0049 | Eval Perf: 0.607
[42, 100] Train Error: 0.0014 | Train Perf: 0.889 | Eval Error: 0.0049 | Eval Perf: 0.6075
[43, 100] Train Error: 0.0014 | Train Perf: 0.8907 | Eval Error: 0.0049 | Eval Perf: 0.6089
[44, 100] Train Error: 0.0013 | Train Perf: 0.8927 | Eval Error: 0.0049 | Eval Perf: 0.6114
[45, 100] Train Error: 0.0013 | Train Perf: 0.8939 | Eval Error: 0.0049 | Eval Perf: 0.6084
[46, 100] Train Error: 0.0013 | Train Perf: 0.8949 | Eval Error: 0.005 | Eval Perf: 0.6071
[47, 100] Train Error: 0.0013 | Train Perf: 0.8958 | Eval Error: 0.0049 | Eval Perf: 0.6105
[48, 100] Train Error: 0.0013 | Train Perf: 0.8988 | Eval Error: 0.005 | Eval Perf: 0.6087
[49, 100] Train Error: 0.0013 | Train Perf: 0.8986 | Eval Error: 0.0049 | Eval Perf: 0.6116
[50, 100] Train Error: 0.0012 | Train Perf: 0.9001 | Eval Error: 0.0049 | Eval Perf: 0.6137
[51, 100] Train Error: 0.0012 | Train Perf: 0.9021 | Eval Error: 0.0049 | Eval Perf: 0.6115
[52, 100] Train Error: 0.0012 | Train Perf: 0.9024 | Eval Error: 0.0049 | Eval Perf: 0.6118
[53, 100] Train Error: 0.0012 | Train Perf: 0.9043 | Eval Error: 0.0049 | Eval Perf: 0.6121
[54, 100] Train Error: 0.0012 | Train Perf: 0.9045 | Eval Error: 0.0049 | Eval Perf: 0.6129
[55, 100] Train Error: 0.0012 | Train Perf: 0.9066 | Eval Error: 0.0049 | Eval Perf: 0.6155
[56, 100] Train Error: 0.0012 | Train Perf: 0.9081 | Eval Error: 0.0049 | Eval Perf: 0.6147
[57, 100] Train Error: 0.0012 | Train Perf: 0.9077 | Eval Error: 0.0049 | Eval Perf: 0.6159
[58, 100] Train Error: 0.0011 | Train Perf: 0.909 | Eval Error: 0.0049 | Eval Perf: 0.6156
[59, 100] Train Error: 0.0011 | Train Perf: 0.91 | Eval Error: 0.0049 | Eval Perf: 0.6172
[60, 100] Train Error: 0.0011 | Train Perf: 0.9106 | Eval Error: 0.0049 | Eval Perf: 0.6169
[61, 100] Train Error: 0.0011 | Train Perf: 0.9121 | Eval Error: 0.0048 | Eval Perf: 0.6186
[62, 100] Train Error: 0.0011 | Train Perf: 0.9135 | Eval Error: 0.0048 | Eval Perf: 0.6197
[63, 100] Train Error: 0.0011 | Train Perf: 0.9142 | Eval Error: 0.0048 | Eval Perf: 0.6194
[64, 100] Train Error: 0.0011 | Train Perf: 0.9151 | Eval Error: 0.0048 | Eval Perf: 0.6188
[65, 100] Train Error: 0.0011 | Train Perf: 0.9161 | Eval Error: 0.0048 | Eval Perf: 0.6203
[66, 100] Train Error: 0.001 | Train Perf: 0.9166 | Eval Error: 0.0048 | Eval Perf: 0.6215
[67, 100] Train Error: 0.001 | Train Perf: 0.9178 | Eval Error: 0.0048 | Eval Perf: 0.6218
[68, 100] Train Error: 0.001 | Train Perf: 0.9185 | Eval Error: 0.0049 | Eval Perf: 0.6224
[69, 100] Train Error: 0.001 | Train Perf: 0.9192 | Eval Error: 0.0048 | Eval Perf: 0.6245
[70, 100] Train Error: 0.001 | Train Perf: 0.9194 | Eval Error: 0.0048 | Eval Perf: 0.6236
[71, 100] Train Error: 0.001 | Train Perf: 0.9205 | Eval Error: 0.0048 | Eval Perf: 0.6255
[72, 100] Train Error: 0.001 | Train Perf: 0.9215 | Eval Error: 0.0048 | Eval Perf: 0.6258
[73, 100] Train Error: 0.001 | Train Perf: 0.9222 | Eval Error: 0.0048 | Eval Perf: 0.6245
[74, 100] Train Error: 0.001 | Train Perf: 0.923 | Eval Error: 0.0048 | Eval Perf: 0.6252
[75, 100] Train Error: 0.001 | Train Perf: 0.9246 | Eval Error: 0.0048 | Eval Perf: 0.6262
[76, 100] Train Error: 0.001 | Train Perf: 0.9244 | Eval Error: 0.0047 | Eval Perf: 0.6274
[77, 100] Train Error: 0.001 | Train Perf: 0.9247 | Eval Error: 0.0047 | Eval Perf: 0.628
[78, 100] Train Error: 0.0009 | Train Perf: 0.9254 | Eval Error: 0.0047 | Eval Perf: 0.6294
[79, 100] Train Error: 0.0009 | Train Perf: 0.9262 | Eval Error: 0.0047 | Eval Perf: 0.6285
[80, 100] Train Error: 0.0009 | Train Perf: 0.9265 | Eval Error: 0.0048 | Eval Perf: 0.6289
[81, 100] Train Error: 0.0009 | Train Perf: 0.9271 | Eval Error: 0.0047 | Eval Perf: 0.6292
[82, 100] Train Error: 0.0009 | Train Perf: 0.928 | Eval Error: 0.0047 | Eval Perf: 0.6308
[83, 100] Train Error: 0.0009 | Train Perf: 0.9282 | Eval Error: 0.0047 | Eval Perf: 0.6297
[84, 100] Train Error: 0.0009 | Train Perf: 0.9293 | Eval Error: 0.0047 | Eval Perf: 0.6294
[85, 100] Train Error: 0.0009 | Train Perf: 0.9298 | Eval Error: 0.0047 | Eval Perf: 0.6307
[86, 100] Train Error: 0.0009 | Train Perf: 0.9306 | Eval Error: 0.0048 | Eval Perf: 0.6314
[87, 100] Train Error: 0.0009 | Train Perf: 0.9315 | Eval Error: 0.0047 | Eval Perf: 0.6317
[88, 100] Train Error: 0.0009 | Train Perf: 0.931 | Eval Error: 0.0047 | Eval Perf: 0.6322
[89, 100] Train Error: 0.0009 | Train Perf: 0.9321 | Eval Error: 0.0047 | Eval Perf: 0.6313
[90, 100] Train Error: 0.0009 | Train Perf: 0.9321 | Eval Error: 0.0047 | Eval Perf: 0.6316
[91, 100] Train Error: 0.0009 | Train Perf: 0.9327 | Eval Error: 0.0047 | Eval Perf: 0.6327
[92, 100] Train Error: 0.0008 | Train Perf: 0.9333 | Eval Error: 0.0047 | Eval Perf: 0.6326
[93, 100] Train Error: 0.0008 | Train Perf: 0.9341 | Eval Error: 0.0047 | Eval Perf: 0.6337
[94, 100] Train Error: 0.0008 | Train Perf: 0.9341 | Eval Error: 0.0047 | Eval Perf: 0.6339
[95, 100] Train Error: 0.0008 | Train Perf: 0.935 | Eval Error: 0.0047 | Eval Perf: 0.6334
[96, 100] Train Error: 0.0008 | Train Perf: 0.9347 | Eval Error: 0.0047 | Eval Perf: 0.634
[97, 100] Train Error: 0.0008 | Train Perf: 0.9357 | Eval Error: 0.0047 | Eval Perf: 0.6349
[98, 100] Train Error: 0.0008 | Train Perf: 0.9362 | Eval Error: 0.0047 | Eval Perf: 0.6345
[99, 100] Train Error: 0.0008 | Train Perf: 0.9366 | Eval Error: 0.0047 | Eval Perf: 0.6351
[100, 100] Train Error: 0.0008 | Train Perf: 0.9364 | Eval Error: 0.0047 | Eval Perf: 0.6345
