NETWORK SUMMARY
---------------
Input Layer shape: (1, 180)
Hidden Layer shape: (181, 3)
Output layer shape: (4, 1)
Total parameters: 547

[1, 100] Train Error: 0.0293 | Train Perf: 0.5866 | Eval Error: 0.0224 | Eval Perf: 0.7056
[2, 100] Train Error: 0.0217 | Train Perf: 0.7174 | Eval Error: 0.0233 | Eval Perf: 0.7144
[3, 100] Train Error: 0.0189 | Train Perf: 0.7592 | Eval Error: 0.0215 | Eval Perf: 0.7201
[4, 100] Train Error: 0.0178 | Train Perf: 0.7757 | Eval Error: 0.023 | Eval Perf: 0.7408
[5, 100] Train Error: 0.0166 | Train Perf: 0.7924 | Eval Error: 0.0191 | Eval Perf: 0.7606
[6, 100] Train Error: 0.0151 | Train Perf: 0.8132 | Eval Error: 0.0245 | Eval Perf: 0.7367
[7, 100] Train Error: 0.0154 | Train Perf: 0.8096 | Eval Error: 0.0197 | Eval Perf: 0.7505
[8, 100] Train Error: 0.0149 | Train Perf: 0.8172 | Eval Error: 0.0203 | Eval Perf: 0.7494
[9, 100] Train Error: 0.0144 | Train Perf: 0.8235 | Eval Error: 0.0201 | Eval Perf: 0.7618
[10, 100] Train Error: 0.0138 | Train Perf: 0.8319 | Eval Error: 0.0204 | Eval Perf: 0.7411
[11, 100] Train Error: 0.0137 | Train Perf: 0.8336 | Eval Error: 0.0223 | Eval Perf: 0.7378
[12, 100] Train Error: 0.0131 | Train Perf: 0.841 | Eval Error: 0.0206 | Eval Perf: 0.7414
[13, 100] Train Error: 0.0131 | Train Perf: 0.8409 | Eval Error: 0.021 | Eval Perf: 0.7359
[14, 100] Train Error: 0.0127 | Train Perf: 0.8455 | Eval Error: 0.0248 | Eval Perf: 0.7402
[15, 100] Train Error: 0.0126 | Train Perf: 0.8469 | Eval Error: 0.02 | Eval Perf: 0.7479
[16, 100] Train Error: 0.0122 | Train Perf: 0.8523 | Eval Error: 0.0208 | Eval Perf: 0.749
[17, 100] Train Error: 0.012 | Train Perf: 0.855 | Eval Error: 0.0203 | Eval Perf: 0.7431
[18, 100] Train Error: 0.012 | Train Perf: 0.856 | Eval Error: 0.0219 | Eval Perf: 0.7471
[19, 100] Train Error: 0.0115 | Train Perf: 0.8615 | Eval Error: 0.0199 | Eval Perf: 0.7511
[20, 100] Train Error: 0.0117 | Train Perf: 0.8595 | Eval Error: 0.0216 | Eval Perf: 0.7308
[21, 100] Train Error: 0.0113 | Train Perf: 0.8648 | Eval Error: 0.02 | Eval Perf: 0.7444
[22, 100] Train Error: 0.0112 | Train Perf: 0.8653 | Eval Error: 0.0217 | Eval Perf: 0.7261
[23, 100] Train Error: 0.0115 | Train Perf: 0.8614 | Eval Error: 0.0224 | Eval Perf: 0.728
[24, 100] Train Error: 0.0113 | Train Perf: 0.864 | Eval Error: 0.0217 | Eval Perf: 0.7231
[25, 100] Train Error: 0.0109 | Train Perf: 0.87 | Eval Error: 0.0243 | Eval Perf: 0.7086
[26, 100] Train Error: 0.011 | Train Perf: 0.8686 | Eval Error: 0.0221 | Eval Perf: 0.7223
[27, 100] Train Error: 0.0109 | Train Perf: 0.8701 | Eval Error: 0.0211 | Eval Perf: 0.7325
[28, 100] Train Error: 0.0105 | Train Perf: 0.875 | Eval Error: 0.0224 | Eval Perf: 0.7326
[29, 100] Train Error: 0.0105 | Train Perf: 0.8742 | Eval Error: 0.0221 | Eval Perf: 0.7271
[30, 100] Train Error: 0.0103 | Train Perf: 0.8775 | Eval Error: 0.0218 | Eval Perf: 0.7374
[31, 100] Train Error: 0.0102 | Train Perf: 0.878 | Eval Error: 0.0209 | Eval Perf: 0.7437
[32, 100] Train Error: 0.0104 | Train Perf: 0.8758 | Eval Error: 0.0218 | Eval Perf: 0.7297
[33, 100] Train Error: 0.01 | Train Perf: 0.8808 | Eval Error: 0.0227 | Eval Perf: 0.717
[34, 100] Train Error: 0.0102 | Train Perf: 0.8782 | Eval Error: 0.0226 | Eval Perf: 0.7156
[35, 100] Train Error: 0.01 | Train Perf: 0.881 | Eval Error: 0.0226 | Eval Perf: 0.7207
[36, 100] Train Error: 0.0099 | Train Perf: 0.8825 | Eval Error: 0.0242 | Eval Perf: 0.7001
[37, 100] Train Error: 0.01 | Train Perf: 0.8806 | Eval Error: 0.0235 | Eval Perf: 0.7158
[38, 100] Train Error: 0.0097 | Train Perf: 0.8846 | Eval Error: 0.0237 | Eval Perf: 0.7154
[39, 100] Train Error: 0.0095 | Train Perf: 0.8875 | Eval Error: 0.0227 | Eval Perf: 0.7145
[40, 100] Train Error: 0.0097 | Train Perf: 0.8854 | Eval Error: 0.0249 | Eval Perf: 0.721
[41, 100] Train Error: 0.0097 | Train Perf: 0.8854 | Eval Error: 0.0248 | Eval Perf: 0.7065
[42, 100] Train Error: 0.0096 | Train Perf: 0.8867 | Eval Error: 0.0223 | Eval Perf: 0.7202
[43, 100] Train Error: 0.0095 | Train Perf: 0.8872 | Eval Error: 0.0241 | Eval Perf: 0.7253
[44, 100] Train Error: 0.0094 | Train Perf: 0.8884 | Eval Error: 0.0227 | Eval Perf: 0.7217
[45, 100] Train Error: 0.0094 | Train Perf: 0.8886 | Eval Error: 0.0234 | Eval Perf: 0.7069
[46, 100] Train Error: 0.0092 | Train Perf: 0.8908 | Eval Error: 0.0226 | Eval Perf: 0.7171
[47, 100] Train Error: 0.0091 | Train Perf: 0.892 | Eval Error: 0.0239 | Eval Perf: 0.7168
[48, 100] Train Error: 0.0094 | Train Perf: 0.8886 | Eval Error: 0.0228 | Eval Perf: 0.7172
[49, 100] Train Error: 0.0091 | Train Perf: 0.8922 | Eval Error: 0.0236 | Eval Perf: 0.7013
[50, 100] Train Error: 0.0092 | Train Perf: 0.8917 | Eval Error: 0.0233 | Eval Perf: 0.7022
[51, 100] Train Error: 0.0093 | Train Perf: 0.8905 | Eval Error: 0.0235 | Eval Perf: 0.7025
[52, 100] Train Error: 0.0089 | Train Perf: 0.8948 | Eval Error: 0.0227 | Eval Perf: 0.7184
[53, 100] Train Error: 0.0091 | Train Perf: 0.893 | Eval Error: 0.0234 | Eval Perf: 0.7072
[54, 100] Train Error: 0.0089 | Train Perf: 0.8953 | Eval Error: 0.0233 | Eval Perf: 0.7085
[55, 100] Train Error: 0.0088 | Train Perf: 0.8964 | Eval Error: 0.0239 | Eval Perf: 0.7007
[56, 100] Train Error: 0.0088 | Train Perf: 0.8968 | Eval Error: 0.0241 | Eval Perf: 0.7029
[57, 100] Train Error: 0.0088 | Train Perf: 0.896 | Eval Error: 0.0249 | Eval Perf: 0.6997
[58, 100] Train Error: 0.0089 | Train Perf: 0.8949 | Eval Error: 0.0239 | Eval Perf: 0.6936
[59, 100] Train Error: 0.0088 | Train Perf: 0.8962 | Eval Error: 0.0242 | Eval Perf: 0.6976
[60, 100] Train Error: 0.0087 | Train Perf: 0.8973 | Eval Error: 0.0229 | Eval Perf: 0.7196
[61, 100] Train Error: 0.0086 | Train Perf: 0.8984 | Eval Error: 0.0236 | Eval Perf: 0.7094
[62, 100] Train Error: 0.0086 | Train Perf: 0.8986 | Eval Error: 0.0245 | Eval Perf: 0.6912
[63, 100] Train Error: 0.0085 | Train Perf: 0.8995 | Eval Error: 0.0246 | Eval Perf: 0.6982
[64, 100] Train Error: 0.0086 | Train Perf: 0.899 | Eval Error: 0.0237 | Eval Perf: 0.7085
[65, 100] Train Error: 0.0085 | Train Perf: 0.9004 | Eval Error: 0.0246 | Eval Perf: 0.706
[66, 100] Train Error: 0.0086 | Train Perf: 0.8992 | Eval Error: 0.0238 | Eval Perf: 0.7
[67, 100] Train Error: 0.0083 | Train Perf: 0.902 | Eval Error: 0.0252 | Eval Perf: 0.6962
[68, 100] Train Error: 0.0084 | Train Perf: 0.9017 | Eval Error: 0.0236 | Eval Perf: 0.7057
[69, 100] Train Error: 0.0085 | Train Perf: 0.8997 | Eval Error: 0.0233 | Eval Perf: 0.7074
[70, 100] Train Error: 0.0083 | Train Perf: 0.9021 | Eval Error: 0.0259 | Eval Perf: 0.7032
[71, 100] Train Error: 0.0084 | Train Perf: 0.9006 | Eval Error: 0.0235 | Eval Perf: 0.7084
[72, 100] Train Error: 0.0083 | Train Perf: 0.9025 | Eval Error: 0.0246 | Eval Perf: 0.6926
[73, 100] Train Error: 0.0082 | Train Perf: 0.9033 | Eval Error: 0.0248 | Eval Perf: 0.6926
[74, 100] Train Error: 0.008 | Train Perf: 0.9066 | Eval Error: 0.0244 | Eval Perf: 0.7043
[75, 100] Train Error: 0.0081 | Train Perf: 0.905 | Eval Error: 0.0249 | Eval Perf: 0.6909
[76, 100] Train Error: 0.0081 | Train Perf: 0.9047 | Eval Error: 0.0244 | Eval Perf: 0.7016
[77, 100] Train Error: 0.008 | Train Perf: 0.906 | Eval Error: 0.0255 | Eval Perf: 0.7033
[78, 100] Train Error: 0.0081 | Train Perf: 0.9048 | Eval Error: 0.0242 | Eval Perf: 0.7003
[79, 100] Train Error: 0.0081 | Train Perf: 0.9048 | Eval Error: 0.0254 | Eval Perf: 0.6848
[80, 100] Train Error: 0.008 | Train Perf: 0.906 | Eval Error: 0.0247 | Eval Perf: 0.701
[81, 100] Train Error: 0.008 | Train Perf: 0.9062 | Eval Error: 0.0257 | Eval Perf: 0.6914
[82, 100] Train Error: 0.008 | Train Perf: 0.9064 | Eval Error: 0.0251 | Eval Perf: 0.6944
[83, 100] Train Error: 0.0079 | Train Perf: 0.9072 | Eval Error: 0.0234 | Eval Perf: 0.709
[84, 100] Train Error: 0.0077 | Train Perf: 0.9095 | Eval Error: 0.0266 | Eval Perf: 0.6839
[85, 100] Train Error: 0.0078 | Train Perf: 0.9088 | Eval Error: 0.0234 | Eval Perf: 0.7147
[86, 100] Train Error: 0.0079 | Train Perf: 0.9074 | Eval Error: 0.0254 | Eval Perf: 0.693
[87, 100] Train Error: 0.0078 | Train Perf: 0.9086 | Eval Error: 0.0245 | Eval Perf: 0.698
[88, 100] Train Error: 0.0078 | Train Perf: 0.9088 | Eval Error: 0.0242 | Eval Perf: 0.7041
[89, 100] Train Error: 0.0078 | Train Perf: 0.9085 | Eval Error: 0.0248 | Eval Perf: 0.6968
[90, 100] Train Error: 0.0078 | Train Perf: 0.9081 | Eval Error: 0.0249 | Eval Perf: 0.702
[91, 100] Train Error: 0.0078 | Train Perf: 0.9091 | Eval Error: 0.0248 | Eval Perf: 0.6954
[92, 100] Train Error: 0.0077 | Train Perf: 0.9098 | Eval Error: 0.025 | Eval Perf: 0.6942
[93, 100] Train Error: 0.0078 | Train Perf: 0.9083 | Eval Error: 0.0246 | Eval Perf: 0.7057
[94, 100] Train Error: 0.0076 | Train Perf: 0.9106 | Eval Error: 0.0248 | Eval Perf: 0.6964
[95, 100] Train Error: 0.0076 | Train Perf: 0.911 | Eval Error: 0.0245 | Eval Perf: 0.6979
[96, 100] Train Error: 0.0076 | Train Perf: 0.911 | Eval Error: 0.0253 | Eval Perf: 0.6927
[97, 100] Train Error: 0.0077 | Train Perf: 0.9094 | Eval Error: 0.0256 | Eval Perf: 0.6825
[98, 100] Train Error: 0.0077 | Train Perf: 0.9097 | Eval Error: 0.0265 | Eval Perf: 0.6887
[99, 100] Train Error: 0.0077 | Train Perf: 0.9101 | Eval Error: 0.026 | Eval Perf: 0.6832
[100, 100] Train Error: 0.0076 | Train Perf: 0.9105 | Eval Error: 0.026 | Eval Perf: 0.6944
