NETWORK SUMMARY
---------------
Input Layer shape: (1, 180)
Hidden Layer shape: (181, 2)
Output layer shape: (3, 1)
Total parameters: 365

[1, 100] Train Error: 0.0451 | Train Perf: 0.2576 | Eval Error: 0.0524 | Eval Perf: 0.5112
[2, 100] Train Error: 0.0472 | Train Perf: 0.1063 | Eval Error: 0.0483 | Eval Perf: 0.633
[3, 100] Train Error: 0.0427 | Train Perf: 0.3235 | Eval Error: 0.038 | Eval Perf: 0.6981
[4, 100] Train Error: 0.0317 | Train Perf: 0.5981 | Eval Error: 0.0287 | Eval Perf: 0.7643
[5, 100] Train Error: 0.0218 | Train Perf: 0.7507 | Eval Error: 0.0231 | Eval Perf: 0.7829
[6, 100] Train Error: 0.0175 | Train Perf: 0.8039 | Eval Error: 0.0243 | Eval Perf: 0.7643
[7, 100] Train Error: 0.0159 | Train Perf: 0.8179 | Eval Error: 0.0202 | Eval Perf: 0.7958
[8, 100] Train Error: 0.0123 | Train Perf: 0.8656 | Eval Error: 0.0256 | Eval Perf: 0.7535
[9, 100] Train Error: 0.0122 | Train Perf: 0.8659 | Eval Error: 0.0195 | Eval Perf: 0.7888
[10, 100] Train Error: 0.0115 | Train Perf: 0.8706 | Eval Error: 0.02 | Eval Perf: 0.788
[11, 100] Train Error: 0.0104 | Train Perf: 0.8847 | Eval Error: 0.0225 | Eval Perf: 0.7912
[12, 100] Train Error: 0.0101 | Train Perf: 0.8911 | Eval Error: 0.0173 | Eval Perf: 0.8094
[13, 100] Train Error: 0.0071 | Train Perf: 0.9231 | Eval Error: 0.0178 | Eval Perf: 0.8141
[14, 100] Train Error: 0.0063 | Train Perf: 0.9321 | Eval Error: 0.0181 | Eval Perf: 0.8051
[15, 100] Train Error: 0.0072 | Train Perf: 0.9216 | Eval Error: 0.018 | Eval Perf: 0.8012
[16, 100] Train Error: 0.0051 | Train Perf: 0.9461 | Eval Error: 0.0158 | Eval Perf: 0.8277
[17, 100] Train Error: 0.0053 | Train Perf: 0.9428 | Eval Error: 0.0163 | Eval Perf: 0.8314
[18, 100] Train Error: 0.0057 | Train Perf: 0.9386 | Eval Error: 0.019 | Eval Perf: 0.8151
[19, 100] Train Error: 0.0057 | Train Perf: 0.9373 | Eval Error: 0.0173 | Eval Perf: 0.8136
[20, 100] Train Error: 0.0046 | Train Perf: 0.9508 | Eval Error: 0.0161 | Eval Perf: 0.8263
[21, 100] Train Error: 0.0041 | Train Perf: 0.957 | Eval Error: 0.0157 | Eval Perf: 0.8319
[22, 100] Train Error: 0.0046 | Train Perf: 0.9505 | Eval Error: 0.0168 | Eval Perf: 0.8223
[23, 100] Train Error: 0.0043 | Train Perf: 0.9546 | Eval Error: 0.0192 | Eval Perf: 0.8362
[24, 100] Train Error: 0.0032 | Train Perf: 0.9655 | Eval Error: 0.0153 | Eval Perf: 0.8391
[25, 100] Train Error: 0.0035 | Train Perf: 0.9632 | Eval Error: 0.0175 | Eval Perf: 0.8269
[26, 100] Train Error: 0.0036 | Train Perf: 0.9614 | Eval Error: 0.0171 | Eval Perf: 0.8228
[27, 100] Train Error: 0.0037 | Train Perf: 0.9607 | Eval Error: 0.019 | Eval Perf: 0.804
[28, 100] Train Error: 0.0033 | Train Perf: 0.9657 | Eval Error: 0.0156 | Eval Perf: 0.8341
[29, 100] Train Error: 0.003 | Train Perf: 0.9682 | Eval Error: 0.0164 | Eval Perf: 0.8262
[30, 100] Train Error: 0.003 | Train Perf: 0.9679 | Eval Error: 0.019 | Eval Perf: 0.8174
[31, 100] Train Error: 0.0037 | Train Perf: 0.9613 | Eval Error: 0.0187 | Eval Perf: 0.819
[32, 100] Train Error: 0.003 | Train Perf: 0.9679 | Eval Error: 0.0163 | Eval Perf: 0.8368
[33, 100] Train Error: 0.0033 | Train Perf: 0.9641 | Eval Error: 0.0176 | Eval Perf: 0.8379
[34, 100] Train Error: 0.0028 | Train Perf: 0.9708 | Eval Error: 0.0156 | Eval Perf: 0.8432
[35, 100] Train Error: 0.0027 | Train Perf: 0.9708 | Eval Error: 0.0185 | Eval Perf: 0.8242
[36, 100] Train Error: 0.0036 | Train Perf: 0.9617 | Eval Error: 0.017 | Eval Perf: 0.8328
[37, 100] Train Error: 0.0026 | Train Perf: 0.9723 | Eval Error: 0.0166 | Eval Perf: 0.8435
[38, 100] Train Error: 0.0024 | Train Perf: 0.9743 | Eval Error: 0.0165 | Eval Perf: 0.8313
[39, 100] Train Error: 0.0026 | Train Perf: 0.972 | Eval Error: 0.0176 | Eval Perf: 0.8349
[40, 100] Train Error: 0.0023 | Train Perf: 0.9753 | Eval Error: 0.0168 | Eval Perf: 0.8282
[41, 100] Train Error: 0.0023 | Train Perf: 0.9761 | Eval Error: 0.018 | Eval Perf: 0.823
[42, 100] Train Error: 0.0021 | Train Perf: 0.9782 | Eval Error: 0.0164 | Eval Perf: 0.8416
[43, 100] Train Error: 0.0021 | Train Perf: 0.9772 | Eval Error: 0.0177 | Eval Perf: 0.8318
[44, 100] Train Error: 0.0021 | Train Perf: 0.9777 | Eval Error: 0.0181 | Eval Perf: 0.8306
[45, 100] Train Error: 0.0026 | Train Perf: 0.9726 | Eval Error: 0.0149 | Eval Perf: 0.846
[46, 100] Train Error: 0.0017 | Train Perf: 0.9824 | Eval Error: 0.0163 | Eval Perf: 0.8336
[47, 100] Train Error: 0.0019 | Train Perf: 0.9801 | Eval Error: 0.0159 | Eval Perf: 0.8396
[48, 100] Train Error: 0.0021 | Train Perf: 0.9774 | Eval Error: 0.0163 | Eval Perf: 0.8495
[49, 100] Train Error: 0.0019 | Train Perf: 0.98 | Eval Error: 0.0198 | Eval Perf: 0.8364
[50, 100] Train Error: 0.0018 | Train Perf: 0.9809 | Eval Error: 0.0177 | Eval Perf: 0.8275
[51, 100] Train Error: 0.0016 | Train Perf: 0.9831 | Eval Error: 0.0151 | Eval Perf: 0.8468
[52, 100] Train Error: 0.0016 | Train Perf: 0.9835 | Eval Error: 0.0189 | Eval Perf: 0.829
[53, 100] Train Error: 0.0015 | Train Perf: 0.9849 | Eval Error: 0.0197 | Eval Perf: 0.8318
[54, 100] Train Error: 0.0013 | Train Perf: 0.9863 | Eval Error: 0.0208 | Eval Perf: 0.8352
[55, 100] Train Error: 0.0015 | Train Perf: 0.9839 | Eval Error: 0.0166 | Eval Perf: 0.8375
[56, 100] Train Error: 0.0012 | Train Perf: 0.9878 | Eval Error: 0.0185 | Eval Perf: 0.8313
[57, 100] Train Error: 0.0012 | Train Perf: 0.9882 | Eval Error: 0.018 | Eval Perf: 0.832
[58, 100] Train Error: 0.001 | Train Perf: 0.9901 | Eval Error: 0.0179 | Eval Perf: 0.8395
[59, 100] Train Error: 0.001 | Train Perf: 0.9904 | Eval Error: 0.0182 | Eval Perf: 0.8271
[60, 100] Train Error: 0.001 | Train Perf: 0.9896 | Eval Error: 0.0179 | Eval Perf: 0.8326
[61, 100] Train Error: 0.0011 | Train Perf: 0.9882 | Eval Error: 0.0194 | Eval Perf: 0.8227
[62, 100] Train Error: 0.0009 | Train Perf: 0.9906 | Eval Error: 0.0208 | Eval Perf: 0.8312
[63, 100] Train Error: 0.001 | Train Perf: 0.9899 | Eval Error: 0.0211 | Eval Perf: 0.8233
[64, 100] Train Error: 0.0011 | Train Perf: 0.9884 | Eval Error: 0.0179 | Eval Perf: 0.8353
[65, 100] Train Error: 0.0009 | Train Perf: 0.9905 | Eval Error: 0.02 | Eval Perf: 0.8393
[66, 100] Train Error: 0.0012 | Train Perf: 0.9869 | Eval Error: 0.0188 | Eval Perf: 0.8363
[67, 100] Train Error: 0.0012 | Train Perf: 0.9877 | Eval Error: 0.0194 | Eval Perf: 0.8331
[68, 100] Train Error: 0.0009 | Train Perf: 0.9909 | Eval Error: 0.0183 | Eval Perf: 0.8413
[69, 100] Train Error: 0.0009 | Train Perf: 0.9904 | Eval Error: 0.0194 | Eval Perf: 0.8248
[70, 100] Train Error: 0.0009 | Train Perf: 0.9911 | Eval Error: 0.0179 | Eval Perf: 0.8319
[71, 100] Train Error: 0.0009 | Train Perf: 0.9911 | Eval Error: 0.0197 | Eval Perf: 0.8278
[72, 100] Train Error: 0.001 | Train Perf: 0.9902 | Eval Error: 0.0191 | Eval Perf: 0.8363
[73, 100] Train Error: 0.0009 | Train Perf: 0.991 | Eval Error: 0.0183 | Eval Perf: 0.8394
[74, 100] Train Error: 0.0008 | Train Perf: 0.9917 | Eval Error: 0.0185 | Eval Perf: 0.8352
[75, 100] Train Error: 0.0008 | Train Perf: 0.9916 | Eval Error: 0.0213 | Eval Perf: 0.8263
[76, 100] Train Error: 0.001 | Train Perf: 0.9895 | Eval Error: 0.0178 | Eval Perf: 0.8338
[77, 100] Train Error: 0.001 | Train Perf: 0.9893 | Eval Error: 0.0186 | Eval Perf: 0.838
[78, 100] Train Error: 0.0009 | Train Perf: 0.9908 | Eval Error: 0.0195 | Eval Perf: 0.8316
[79, 100] Train Error: 0.0007 | Train Perf: 0.9924 | Eval Error: 0.0196 | Eval Perf: 0.8273
[80, 100] Train Error: 0.0008 | Train Perf: 0.9917 | Eval Error: 0.0197 | Eval Perf: 0.842
[81, 100] Train Error: 0.0009 | Train Perf: 0.9911 | Eval Error: 0.0202 | Eval Perf: 0.8229
[82, 100] Train Error: 0.0008 | Train Perf: 0.9924 | Eval Error: 0.0201 | Eval Perf: 0.8298
[83, 100] Train Error: 0.0008 | Train Perf: 0.9916 | Eval Error: 0.0203 | Eval Perf: 0.8265
[84, 100] Train Error: 0.0009 | Train Perf: 0.9903 | Eval Error: 0.0195 | Eval Perf: 0.8344
[85, 100] Train Error: 0.0009 | Train Perf: 0.9903 | Eval Error: 0.0219 | Eval Perf: 0.8213
[86, 100] Train Error: 0.0011 | Train Perf: 0.9883 | Eval Error: 0.0202 | Eval Perf: 0.8296
[87, 100] Train Error: 0.001 | Train Perf: 0.989 | Eval Error: 0.0181 | Eval Perf: 0.8314
[88, 100] Train Error: 0.0007 | Train Perf: 0.9931 | Eval Error: 0.0207 | Eval Perf: 0.823
[89, 100] Train Error: 0.0008 | Train Perf: 0.9913 | Eval Error: 0.0212 | Eval Perf: 0.8265
[90, 100] Train Error: 0.001 | Train Perf: 0.9897 | Eval Error: 0.0194 | Eval Perf: 0.8283
[91, 100] Train Error: 0.0009 | Train Perf: 0.991 | Eval Error: 0.0198 | Eval Perf: 0.8311
[92, 100] Train Error: 0.0009 | Train Perf: 0.9905 | Eval Error: 0.0197 | Eval Perf: 0.8416
[93, 100] Train Error: 0.001 | Train Perf: 0.9901 | Eval Error: 0.0191 | Eval Perf: 0.8297
[94, 100] Train Error: 0.0009 | Train Perf: 0.9903 | Eval Error: 0.0178 | Eval Perf: 0.8343
[95, 100] Train Error: 0.001 | Train Perf: 0.9899 | Eval Error: 0.023 | Eval Perf: 0.8177
[96, 100] Train Error: 0.001 | Train Perf: 0.9899 | Eval Error: 0.0202 | Eval Perf: 0.8233
[97, 100] Train Error: 0.001 | Train Perf: 0.9896 | Eval Error: 0.0197 | Eval Perf: 0.8359
[98, 100] Train Error: 0.001 | Train Perf: 0.989 | Eval Error: 0.0228 | Eval Perf: 0.8199
[99, 100] Train Error: 0.0008 | Train Perf: 0.9915 | Eval Error: 0.0184 | Eval Perf: 0.8385
[100, 100] Train Error: 0.0009 | Train Perf: 0.9905 | Eval Error: 0.019 | Eval Perf: 0.8361
