NETWORK SUMMARY
---------------
Input Layer shape: (1, 180)
Hidden Layer shape: (181, 2)
Output layer shape: (3, 1)
Total parameters: 365

[1, 100] Train Error: 0.0453 | Train Perf: 0.2517 | Eval Error: 0.0518 | Eval Perf: 0.3687
[2, 100] Train Error: 0.0475 | Train Perf: 0.0928 | Eval Error: 0.0486 | Eval Perf: 0.7015
[3, 100] Train Error: 0.0436 | Train Perf: 0.2944 | Eval Error: 0.0399 | Eval Perf: 0.7519
[4, 100] Train Error: 0.0327 | Train Perf: 0.5903 | Eval Error: 0.0319 | Eval Perf: 0.7814
[5, 100] Train Error: 0.0213 | Train Perf: 0.7696 | Eval Error: 0.0301 | Eval Perf: 0.7016
[6, 100] Train Error: 0.0157 | Train Perf: 0.8377 | Eval Error: 0.0292 | Eval Perf: 0.7003
[7, 100] Train Error: 0.0119 | Train Perf: 0.8708 | Eval Error: 0.0345 | Eval Perf: 0.6397
[8, 100] Train Error: 0.0097 | Train Perf: 0.896 | Eval Error: 0.0338 | Eval Perf: 0.6706
[9, 100] Train Error: 0.0095 | Train Perf: 0.8975 | Eval Error: 0.0348 | Eval Perf: 0.626
[10, 100] Train Error: 0.0074 | Train Perf: 0.9214 | Eval Error: 0.0333 | Eval Perf: 0.5794
[11, 100] Train Error: 0.0079 | Train Perf: 0.9143 | Eval Error: 0.0375 | Eval Perf: 0.5849
[12, 100] Train Error: 0.0071 | Train Perf: 0.9243 | Eval Error: 0.0375 | Eval Perf: 0.5114
[13, 100] Train Error: 0.0057 | Train Perf: 0.9397 | Eval Error: 0.0417 | Eval Perf: 0.5529
[14, 100] Train Error: 0.0062 | Train Perf: 0.9324 | Eval Error: 0.042 | Eval Perf: 0.5143
[15, 100] Train Error: 0.006 | Train Perf: 0.935 | Eval Error: 0.0374 | Eval Perf: 0.5154
[16, 100] Train Error: 0.005 | Train Perf: 0.9463 | Eval Error: 0.0382 | Eval Perf: 0.4885
[17, 100] Train Error: 0.0061 | Train Perf: 0.934 | Eval Error: 0.0394 | Eval Perf: 0.5556
[18, 100] Train Error: 0.0051 | Train Perf: 0.9449 | Eval Error: 0.0412 | Eval Perf: 0.545
[19, 100] Train Error: 0.0047 | Train Perf: 0.9493 | Eval Error: 0.0398 | Eval Perf: 0.4919
[20, 100] Train Error: 0.0045 | Train Perf: 0.9516 | Eval Error: 0.0397 | Eval Perf: 0.4582
[21, 100] Train Error: 0.005 | Train Perf: 0.9463 | Eval Error: 0.0421 | Eval Perf: 0.4971
[22, 100] Train Error: 0.005 | Train Perf: 0.9461 | Eval Error: 0.0421 | Eval Perf: 0.565
[23, 100] Train Error: 0.0046 | Train Perf: 0.9508 | Eval Error: 0.0438 | Eval Perf: 0.5333
[24, 100] Train Error: 0.004 | Train Perf: 0.9567 | Eval Error: 0.0389 | Eval Perf: 0.5403
[25, 100] Train Error: 0.0043 | Train Perf: 0.9536 | Eval Error: 0.0376 | Eval Perf: 0.5724
[26, 100] Train Error: 0.0041 | Train Perf: 0.956 | Eval Error: 0.0391 | Eval Perf: 0.5409
[27, 100] Train Error: 0.004 | Train Perf: 0.9569 | Eval Error: 0.0417 | Eval Perf: 0.5134
[28, 100] Train Error: 0.0041 | Train Perf: 0.9558 | Eval Error: 0.0422 | Eval Perf: 0.5384
[29, 100] Train Error: 0.0036 | Train Perf: 0.9608 | Eval Error: 0.0403 | Eval Perf: 0.5048
[30, 100] Train Error: 0.0042 | Train Perf: 0.9553 | Eval Error: 0.0423 | Eval Perf: 0.5297
[31, 100] Train Error: 0.0039 | Train Perf: 0.9582 | Eval Error: 0.0414 | Eval Perf: 0.5145
[32, 100] Train Error: 0.0035 | Train Perf: 0.9628 | Eval Error: 0.0398 | Eval Perf: 0.4859
[33, 100] Train Error: 0.0035 | Train Perf: 0.963 | Eval Error: 0.0432 | Eval Perf: 0.5695
[34, 100] Train Error: 0.0038 | Train Perf: 0.9599 | Eval Error: 0.041 | Eval Perf: 0.5552
[35, 100] Train Error: 0.0041 | Train Perf: 0.9568 | Eval Error: 0.0423 | Eval Perf: 0.5425
[36, 100] Train Error: 0.0036 | Train Perf: 0.9617 | Eval Error: 0.0422 | Eval Perf: 0.5409
[37, 100] Train Error: 0.0033 | Train Perf: 0.9647 | Eval Error: 0.0402 | Eval Perf: 0.5328
[38, 100] Train Error: 0.0031 | Train Perf: 0.9665 | Eval Error: 0.0399 | Eval Perf: 0.5052
[39, 100] Train Error: 0.0033 | Train Perf: 0.965 | Eval Error: 0.0401 | Eval Perf: 0.5158
[40, 100] Train Error: 0.003 | Train Perf: 0.9681 | Eval Error: 0.0394 | Eval Perf: 0.512
[41, 100] Train Error: 0.0032 | Train Perf: 0.9653 | Eval Error: 0.0399 | Eval Perf: 0.5136
[42, 100] Train Error: 0.0031 | Train Perf: 0.9674 | Eval Error: 0.0416 | Eval Perf: 0.553
[43, 100] Train Error: 0.0031 | Train Perf: 0.9664 | Eval Error: 0.0385 | Eval Perf: 0.5524
[44, 100] Train Error: 0.0033 | Train Perf: 0.965 | Eval Error: 0.0415 | Eval Perf: 0.5179
[45, 100] Train Error: 0.0032 | Train Perf: 0.9666 | Eval Error: 0.0412 | Eval Perf: 0.5356
[46, 100] Train Error: 0.0026 | Train Perf: 0.9718 | Eval Error: 0.0405 | Eval Perf: 0.4717
[47, 100] Train Error: 0.0027 | Train Perf: 0.9711 | Eval Error: 0.0413 | Eval Perf: 0.4853
[48, 100] Train Error: 0.0031 | Train Perf: 0.9673 | Eval Error: 0.0423 | Eval Perf: 0.5343
[49, 100] Train Error: 0.0027 | Train Perf: 0.9712 | Eval Error: 0.0403 | Eval Perf: 0.5392
[50, 100] Train Error: 0.0028 | Train Perf: 0.9701 | Eval Error: 0.0422 | Eval Perf: 0.5168
[51, 100] Train Error: 0.0021 | Train Perf: 0.9771 | Eval Error: 0.0398 | Eval Perf: 0.4853
[52, 100] Train Error: 0.0021 | Train Perf: 0.9779 | Eval Error: 0.0412 | Eval Perf: 0.4583
[53, 100] Train Error: 0.0026 | Train Perf: 0.973 | Eval Error: 0.0429 | Eval Perf: 0.5337
[54, 100] Train Error: 0.0025 | Train Perf: 0.9733 | Eval Error: 0.0404 | Eval Perf: 0.5312
[55, 100] Train Error: 0.0027 | Train Perf: 0.9716 | Eval Error: 0.04 | Eval Perf: 0.5268
[56, 100] Train Error: 0.0025 | Train Perf: 0.9734 | Eval Error: 0.0412 | Eval Perf: 0.5075
[57, 100] Train Error: 0.0022 | Train Perf: 0.9771 | Eval Error: 0.0426 | Eval Perf: 0.4948
[58, 100] Train Error: 0.0019 | Train Perf: 0.9798 | Eval Error: 0.0429 | Eval Perf: 0.5382
[59, 100] Train Error: 0.0021 | Train Perf: 0.9772 | Eval Error: 0.0418 | Eval Perf: 0.4791
[60, 100] Train Error: 0.0019 | Train Perf: 0.9804 | Eval Error: 0.0388 | Eval Perf: 0.5191
[61, 100] Train Error: 0.0021 | Train Perf: 0.978 | Eval Error: 0.0417 | Eval Perf: 0.4534
[62, 100] Train Error: 0.0021 | Train Perf: 0.9778 | Eval Error: 0.0411 | Eval Perf: 0.4851
[63, 100] Train Error: 0.0021 | Train Perf: 0.9775 | Eval Error: 0.0417 | Eval Perf: 0.52
[64, 100] Train Error: 0.0019 | Train Perf: 0.9802 | Eval Error: 0.0405 | Eval Perf: 0.4839
[65, 100] Train Error: 0.002 | Train Perf: 0.9787 | Eval Error: 0.0409 | Eval Perf: 0.4958
[66, 100] Train Error: 0.002 | Train Perf: 0.9786 | Eval Error: 0.0403 | Eval Perf: 0.4989
[67, 100] Train Error: 0.0015 | Train Perf: 0.9837 | Eval Error: 0.0414 | Eval Perf: 0.4819
[68, 100] Train Error: 0.0017 | Train Perf: 0.9829 | Eval Error: 0.0423 | Eval Perf: 0.4915
[69, 100] Train Error: 0.0019 | Train Perf: 0.98 | Eval Error: 0.0413 | Eval Perf: 0.49
[70, 100] Train Error: 0.002 | Train Perf: 0.9793 | Eval Error: 0.0414 | Eval Perf: 0.4856
[71, 100] Train Error: 0.0016 | Train Perf: 0.9836 | Eval Error: 0.041 | Eval Perf: 0.483
[72, 100] Train Error: 0.0017 | Train Perf: 0.9826 | Eval Error: 0.0415 | Eval Perf: 0.4729
[73, 100] Train Error: 0.0016 | Train Perf: 0.9835 | Eval Error: 0.0414 | Eval Perf: 0.5
[74, 100] Train Error: 0.0012 | Train Perf: 0.9875 | Eval Error: 0.0418 | Eval Perf: 0.51
[75, 100] Train Error: 0.0015 | Train Perf: 0.9839 | Eval Error: 0.0427 | Eval Perf: 0.492
[76, 100] Train Error: 0.0013 | Train Perf: 0.986 | Eval Error: 0.0409 | Eval Perf: 0.4817
[77, 100] Train Error: 0.0015 | Train Perf: 0.9848 | Eval Error: 0.0434 | Eval Perf: 0.4509
[78, 100] Train Error: 0.0017 | Train Perf: 0.9827 | Eval Error: 0.0411 | Eval Perf: 0.5144
[79, 100] Train Error: 0.0013 | Train Perf: 0.9865 | Eval Error: 0.0437 | Eval Perf: 0.4767
[80, 100] Train Error: 0.0014 | Train Perf: 0.9855 | Eval Error: 0.0407 | Eval Perf: 0.491
[81, 100] Train Error: 0.0013 | Train Perf: 0.9862 | Eval Error: 0.0419 | Eval Perf: 0.4668
[82, 100] Train Error: 0.0014 | Train Perf: 0.9855 | Eval Error: 0.0414 | Eval Perf: 0.4755
[83, 100] Train Error: 0.0013 | Train Perf: 0.9868 | Eval Error: 0.0422 | Eval Perf: 0.5024
[84, 100] Train Error: 0.0013 | Train Perf: 0.9864 | Eval Error: 0.0407 | Eval Perf: 0.4872
[85, 100] Train Error: 0.001 | Train Perf: 0.9894 | Eval Error: 0.042 | Eval Perf: 0.4627
[86, 100] Train Error: 0.0015 | Train Perf: 0.9839 | Eval Error: 0.0404 | Eval Perf: 0.4948
[87, 100] Train Error: 0.0012 | Train Perf: 0.9876 | Eval Error: 0.04 | Eval Perf: 0.4965
[88, 100] Train Error: 0.0012 | Train Perf: 0.9879 | Eval Error: 0.0403 | Eval Perf: 0.5012
[89, 100] Train Error: 0.0012 | Train Perf: 0.9877 | Eval Error: 0.0422 | Eval Perf: 0.4832
[90, 100] Train Error: 0.0011 | Train Perf: 0.9883 | Eval Error: 0.0413 | Eval Perf: 0.4925
[91, 100] Train Error: 0.0011 | Train Perf: 0.988 | Eval Error: 0.0417 | Eval Perf: 0.4829
[92, 100] Train Error: 0.0011 | Train Perf: 0.9888 | Eval Error: 0.0406 | Eval Perf: 0.5065
[93, 100] Train Error: 0.0014 | Train Perf: 0.985 | Eval Error: 0.0441 | Eval Perf: 0.4651
[94, 100] Train Error: 0.0012 | Train Perf: 0.9873 | Eval Error: 0.0403 | Eval Perf: 0.5014
[95, 100] Train Error: 0.0012 | Train Perf: 0.9877 | Eval Error: 0.044 | Eval Perf: 0.4649
[96, 100] Train Error: 0.0011 | Train Perf: 0.9887 | Eval Error: 0.042 | Eval Perf: 0.5077
[97, 100] Train Error: 0.0014 | Train Perf: 0.9854 | Eval Error: 0.0416 | Eval Perf: 0.4874
[98, 100] Train Error: 0.001 | Train Perf: 0.9898 | Eval Error: 0.0395 | Eval Perf: 0.5055
[99, 100] Train Error: 0.001 | Train Perf: 0.9897 | Eval Error: 0.0415 | Eval Perf: 0.4918
[100, 100] Train Error: 0.0009 | Train Perf: 0.9909 | Eval Error: 0.0419 | Eval Perf: 0.475
