NETWORK SUMMARY
---------------
Input Layer shape: (1, 180)
Hidden Layer shape: (181, 5)
Output layer shape: (6, 1)
Total parameters: 911

[1, 100] Train Error: 0.0511 | Train Perf: -0.1099 | Eval Error: 0.0456 | Eval Perf: 0.4808
[2, 100] Train Error: 0.0511 | Train Perf: -0.1358 | Eval Error: 0.0438 | Eval Perf: 0.443
[3, 100] Train Error: 0.0501 | Train Perf: -0.0568 | Eval Error: 0.0433 | Eval Perf: 0.3669
[4, 100] Train Error: 0.0459 | Train Perf: 0.243 | Eval Error: 0.044 | Eval Perf: 0.3411
[5, 100] Train Error: 0.0471 | Train Perf: 0.2021 | Eval Error: 0.0433 | Eval Perf: 0.3016
[6, 100] Train Error: 0.0444 | Train Perf: 0.3616 | Eval Error: 0.0417 | Eval Perf: 0.2917
[7, 100] Train Error: 0.0405 | Train Perf: 0.4633 | Eval Error: 0.0405 | Eval Perf: 0.3049
[8, 100] Train Error: 0.0373 | Train Perf: 0.5418 | Eval Error: 0.0392 | Eval Perf: 0.3432
[9, 100] Train Error: 0.0341 | Train Perf: 0.5994 | Eval Error: 0.0377 | Eval Perf: 0.3928
[10, 100] Train Error: 0.0304 | Train Perf: 0.6651 | Eval Error: 0.0361 | Eval Perf: 0.4483
[11, 100] Train Error: 0.0271 | Train Perf: 0.7046 | Eval Error: 0.0385 | Eval Perf: 0.4876
[12, 100] Train Error: 0.026 | Train Perf: 0.7187 | Eval Error: 0.0346 | Eval Perf: 0.5212
[13, 100] Train Error: 0.0239 | Train Perf: 0.7447 | Eval Error: 0.0303 | Eval Perf: 0.5832
[14, 100] Train Error: 0.0213 | Train Perf: 0.7767 | Eval Error: 0.0275 | Eval Perf: 0.6569
[15, 100] Train Error: 0.0195 | Train Perf: 0.7958 | Eval Error: 0.0265 | Eval Perf: 0.6696
[16, 100] Train Error: 0.0186 | Train Perf: 0.808 | Eval Error: 0.0271 | Eval Perf: 0.6399
[17, 100] Train Error: 0.0161 | Train Perf: 0.8355 | Eval Error: 0.0247 | Eval Perf: 0.6942
[18, 100] Train Error: 0.0155 | Train Perf: 0.8397 | Eval Error: 0.0244 | Eval Perf: 0.7008
[19, 100] Train Error: 0.0147 | Train Perf: 0.8501 | Eval Error: 0.026 | Eval Perf: 0.6693
[20, 100] Train Error: 0.0141 | Train Perf: 0.8555 | Eval Error: 0.0249 | Eval Perf: 0.6725
[21, 100] Train Error: 0.0124 | Train Perf: 0.8766 | Eval Error: 0.0305 | Eval Perf: 0.6292
[22, 100] Train Error: 0.0122 | Train Perf: 0.8735 | Eval Error: 0.0235 | Eval Perf: 0.696
[23, 100] Train Error: 0.0116 | Train Perf: 0.8805 | Eval Error: 0.0254 | Eval Perf: 0.6806
[24, 100] Train Error: 0.0111 | Train Perf: 0.8857 | Eval Error: 0.0268 | Eval Perf: 0.6563
[25, 100] Train Error: 0.0101 | Train Perf: 0.8967 | Eval Error: 0.0261 | Eval Perf: 0.664
[26, 100] Train Error: 0.0093 | Train Perf: 0.9056 | Eval Error: 0.0294 | Eval Perf: 0.626
[27, 100] Train Error: 0.0096 | Train Perf: 0.902 | Eval Error: 0.0268 | Eval Perf: 0.6414
[28, 100] Train Error: 0.0088 | Train Perf: 0.9103 | Eval Error: 0.0285 | Eval Perf: 0.6246
[29, 100] Train Error: 0.0085 | Train Perf: 0.9143 | Eval Error: 0.0253 | Eval Perf: 0.6569
[30, 100] Train Error: 0.0069 | Train Perf: 0.9303 | Eval Error: 0.0239 | Eval Perf: 0.6818
[31, 100] Train Error: 0.0072 | Train Perf: 0.9281 | Eval Error: 0.0303 | Eval Perf: 0.6102
[32, 100] Train Error: 0.0061 | Train Perf: 0.9402 | Eval Error: 0.0253 | Eval Perf: 0.6582
[33, 100] Train Error: 0.0067 | Train Perf: 0.9327 | Eval Error: 0.0256 | Eval Perf: 0.6517
[34, 100] Train Error: 0.0068 | Train Perf: 0.933 | Eval Error: 0.0284 | Eval Perf: 0.6118
[35, 100] Train Error: 0.0059 | Train Perf: 0.9406 | Eval Error: 0.0265 | Eval Perf: 0.6404
[36, 100] Train Error: 0.006 | Train Perf: 0.9401 | Eval Error: 0.0278 | Eval Perf: 0.6214
[37, 100] Train Error: 0.0055 | Train Perf: 0.9464 | Eval Error: 0.0292 | Eval Perf: 0.6036
[38, 100] Train Error: 0.0047 | Train Perf: 0.9542 | Eval Error: 0.0335 | Eval Perf: 0.5624
[39, 100] Train Error: 0.0051 | Train Perf: 0.95 | Eval Error: 0.0282 | Eval Perf: 0.6038
[40, 100] Train Error: 0.0047 | Train Perf: 0.956 | Eval Error: 0.0287 | Eval Perf: 0.6003
[41, 100] Train Error: 0.0046 | Train Perf: 0.9563 | Eval Error: 0.0292 | Eval Perf: 0.5857
[42, 100] Train Error: 0.0041 | Train Perf: 0.962 | Eval Error: 0.0313 | Eval Perf: 0.5689
[43, 100] Train Error: 0.0042 | Train Perf: 0.9597 | Eval Error: 0.0301 | Eval Perf: 0.573
[44, 100] Train Error: 0.0039 | Train Perf: 0.9626 | Eval Error: 0.0303 | Eval Perf: 0.5741
[45, 100] Train Error: 0.0038 | Train Perf: 0.9638 | Eval Error: 0.0304 | Eval Perf: 0.5658
[46, 100] Train Error: 0.0032 | Train Perf: 0.9692 | Eval Error: 0.0295 | Eval Perf: 0.5806
[47, 100] Train Error: 0.0034 | Train Perf: 0.9683 | Eval Error: 0.0317 | Eval Perf: 0.5475
[48, 100] Train Error: 0.0032 | Train Perf: 0.9703 | Eval Error: 0.0329 | Eval Perf: 0.5345
[49, 100] Train Error: 0.0031 | Train Perf: 0.9706 | Eval Error: 0.0339 | Eval Perf: 0.5254
[50, 100] Train Error: 0.0029 | Train Perf: 0.9732 | Eval Error: 0.0327 | Eval Perf: 0.529
[51, 100] Train Error: 0.0025 | Train Perf: 0.9773 | Eval Error: 0.0314 | Eval Perf: 0.547
[52, 100] Train Error: 0.0028 | Train Perf: 0.9728 | Eval Error: 0.0327 | Eval Perf: 0.525
[53, 100] Train Error: 0.0026 | Train Perf: 0.976 | Eval Error: 0.0373 | Eval Perf: 0.5014
[54, 100] Train Error: 0.0024 | Train Perf: 0.9783 | Eval Error: 0.033 | Eval Perf: 0.5209
[55, 100] Train Error: 0.0024 | Train Perf: 0.9773 | Eval Error: 0.0342 | Eval Perf: 0.5103
[56, 100] Train Error: 0.0023 | Train Perf: 0.9799 | Eval Error: 0.034 | Eval Perf: 0.5071
[57, 100] Train Error: 0.0022 | Train Perf: 0.9797 | Eval Error: 0.0357 | Eval Perf: 0.4876
[58, 100] Train Error: 0.0022 | Train Perf: 0.9799 | Eval Error: 0.0352 | Eval Perf: 0.4887
[59, 100] Train Error: 0.0021 | Train Perf: 0.981 | Eval Error: 0.036 | Eval Perf: 0.4798
[60, 100] Train Error: 0.0019 | Train Perf: 0.9818 | Eval Error: 0.0357 | Eval Perf: 0.4781
[61, 100] Train Error: 0.0019 | Train Perf: 0.9824 | Eval Error: 0.0371 | Eval Perf: 0.4682
[62, 100] Train Error: 0.0018 | Train Perf: 0.9828 | Eval Error: 0.0358 | Eval Perf: 0.4729
[63, 100] Train Error: 0.0018 | Train Perf: 0.9834 | Eval Error: 0.0378 | Eval Perf: 0.453
[64, 100] Train Error: 0.0017 | Train Perf: 0.9848 | Eval Error: 0.0369 | Eval Perf: 0.458
[65, 100] Train Error: 0.0014 | Train Perf: 0.9872 | Eval Error: 0.0375 | Eval Perf: 0.4561
[66, 100] Train Error: 0.0016 | Train Perf: 0.9859 | Eval Error: 0.0393 | Eval Perf: 0.4385
[67, 100] Train Error: 0.0015 | Train Perf: 0.9864 | Eval Error: 0.0394 | Eval Perf: 0.4315
[68, 100] Train Error: 0.0015 | Train Perf: 0.9859 | Eval Error: 0.0405 | Eval Perf: 0.4229
[69, 100] Train Error: 0.0015 | Train Perf: 0.9865 | Eval Error: 0.0401 | Eval Perf: 0.4205
[70, 100] Train Error: 0.0014 | Train Perf: 0.9877 | Eval Error: 0.0411 | Eval Perf: 0.4176
[71, 100] Train Error: 0.0014 | Train Perf: 0.9874 | Eval Error: 0.0399 | Eval Perf: 0.4183
[72, 100] Train Error: 0.0012 | Train Perf: 0.989 | Eval Error: 0.0393 | Eval Perf: 0.4173
[73, 100] Train Error: 0.0013 | Train Perf: 0.9889 | Eval Error: 0.0416 | Eval Perf: 0.4078
[74, 100] Train Error: 0.0011 | Train Perf: 0.9896 | Eval Error: 0.04 | Eval Perf: 0.4081
[75, 100] Train Error: 0.0011 | Train Perf: 0.9896 | Eval Error: 0.0411 | Eval Perf: 0.4033
[76, 100] Train Error: 0.0011 | Train Perf: 0.9898 | Eval Error: 0.041 | Eval Perf: 0.3941
[77, 100] Train Error: 0.0012 | Train Perf: 0.9894 | Eval Error: 0.0419 | Eval Perf: 0.3844
[78, 100] Train Error: 0.001 | Train Perf: 0.9907 | Eval Error: 0.0432 | Eval Perf: 0.3849
[79, 100] Train Error: 0.0011 | Train Perf: 0.9904 | Eval Error: 0.0432 | Eval Perf: 0.371
[80, 100] Train Error: 0.001 | Train Perf: 0.9908 | Eval Error: 0.0437 | Eval Perf: 0.3725
[81, 100] Train Error: 0.001 | Train Perf: 0.9909 | Eval Error: 0.0431 | Eval Perf: 0.3663
[82, 100] Train Error: 0.001 | Train Perf: 0.9914 | Eval Error: 0.044 | Eval Perf: 0.3662
[83, 100] Train Error: 0.0009 | Train Perf: 0.9918 | Eval Error: 0.0435 | Eval Perf: 0.365
[84, 100] Train Error: 0.001 | Train Perf: 0.9915 | Eval Error: 0.0439 | Eval Perf: 0.3558
[85, 100] Train Error: 0.0009 | Train Perf: 0.9919 | Eval Error: 0.045 | Eval Perf: 0.3507
[86, 100] Train Error: 0.0009 | Train Perf: 0.9921 | Eval Error: 0.0447 | Eval Perf: 0.3486
[87, 100] Train Error: 0.0009 | Train Perf: 0.9921 | Eval Error: 0.0445 | Eval Perf: 0.3503
[88, 100] Train Error: 0.0008 | Train Perf: 0.993 | Eval Error: 0.0443 | Eval Perf: 0.3503
[89, 100] Train Error: 0.0008 | Train Perf: 0.9929 | Eval Error: 0.0471 | Eval Perf: 0.3378
[90, 100] Train Error: 0.0008 | Train Perf: 0.9929 | Eval Error: 0.045 | Eval Perf: 0.3397
[91, 100] Train Error: 0.0008 | Train Perf: 0.993 | Eval Error: 0.0469 | Eval Perf: 0.3316
[92, 100] Train Error: 0.0007 | Train Perf: 0.9932 | Eval Error: 0.0455 | Eval Perf: 0.3359
[93, 100] Train Error: 0.0007 | Train Perf: 0.9937 | Eval Error: 0.0453 | Eval Perf: 0.3351
[94, 100] Train Error: 0.0007 | Train Perf: 0.9935 | Eval Error: 0.0465 | Eval Perf: 0.3294
[95, 100] Train Error: 0.0007 | Train Perf: 0.9938 | Eval Error: 0.0457 | Eval Perf: 0.3247
[96, 100] Train Error: 0.0007 | Train Perf: 0.9939 | Eval Error: 0.0469 | Eval Perf: 0.3194
[97, 100] Train Error: 0.0007 | Train Perf: 0.9939 | Eval Error: 0.0467 | Eval Perf: 0.321
[98, 100] Train Error: 0.0006 | Train Perf: 0.9946 | Eval Error: 0.0457 | Eval Perf: 0.3214
[99, 100] Train Error: 0.0007 | Train Perf: 0.9941 | Eval Error: 0.0465 | Eval Perf: 0.3118
[100, 100] Train Error: 0.0007 | Train Perf: 0.9941 | Eval Error: 0.047 | Eval Perf: 0.313
