NETWORK SUMMARY
---------------
Input Layer shape: (1, 180)
Hidden Layer shape: (181, 2)
Output layer shape: (3, 1)
Total parameters: 365

[1, 100] Train Error: 0.0222 | Train Perf: 0.1725 | Eval Error: 0.0164 | Eval Perf: 0.595
[2, 100] Train Error: 0.0212 | Train Perf: -0.0302 | Eval Error: 0.017 | Eval Perf: 0.6461
[3, 100] Train Error: 0.0214 | Train Perf: -0.1308 | Eval Error: 0.0167 | Eval Perf: 0.6775
[4, 100] Train Error: 0.021 | Train Perf: 0.0217 | Eval Error: 0.0169 | Eval Perf: 0.7025
[5, 100] Train Error: 0.021 | Train Perf: 0.0305 | Eval Error: 0.0164 | Eval Perf: 0.7153
[6, 100] Train Error: 0.0206 | Train Perf: 0.1074 | Eval Error: 0.0156 | Eval Perf: 0.7153
[7, 100] Train Error: 0.0196 | Train Perf: 0.2939 | Eval Error: 0.0162 | Eval Perf: 0.6961
[8, 100] Train Error: 0.0204 | Train Perf: 0.2062 | Eval Error: 0.015 | Eval Perf: 0.7333
[9, 100] Train Error: 0.0195 | Train Perf: 0.3862 | Eval Error: 0.0149 | Eval Perf: 0.743
[10, 100] Train Error: 0.0189 | Train Perf: 0.4154 | Eval Error: 0.0141 | Eval Perf: 0.7435
[11, 100] Train Error: 0.0182 | Train Perf: 0.5515 | Eval Error: 0.0134 | Eval Perf: 0.7339
[12, 100] Train Error: 0.0175 | Train Perf: 0.5837 | Eval Error: 0.0127 | Eval Perf: 0.742
[13, 100] Train Error: 0.0166 | Train Perf: 0.6371 | Eval Error: 0.0119 | Eval Perf: 0.7509
[14, 100] Train Error: 0.0155 | Train Perf: 0.6743 | Eval Error: 0.0113 | Eval Perf: 0.7482
[15, 100] Train Error: 0.0146 | Train Perf: 0.6962 | Eval Error: 0.0107 | Eval Perf: 0.7619
[16, 100] Train Error: 0.0138 | Train Perf: 0.7085 | Eval Error: 0.0099 | Eval Perf: 0.7509
[17, 100] Train Error: 0.013 | Train Perf: 0.7302 | Eval Error: 0.0092 | Eval Perf: 0.7592
[18, 100] Train Error: 0.0119 | Train Perf: 0.7437 | Eval Error: 0.0092 | Eval Perf: 0.7547
[19, 100] Train Error: 0.0114 | Train Perf: 0.7528 | Eval Error: 0.0083 | Eval Perf: 0.7704
[20, 100] Train Error: 0.0107 | Train Perf: 0.7693 | Eval Error: 0.0079 | Eval Perf: 0.7677
[21, 100] Train Error: 0.0102 | Train Perf: 0.7617 | Eval Error: 0.0076 | Eval Perf: 0.7718
[22, 100] Train Error: 0.0097 | Train Perf: 0.7771 | Eval Error: 0.0074 | Eval Perf: 0.7716
[23, 100] Train Error: 0.0091 | Train Perf: 0.794 | Eval Error: 0.0074 | Eval Perf: 0.7702
[24, 100] Train Error: 0.0086 | Train Perf: 0.7991 | Eval Error: 0.0069 | Eval Perf: 0.778
[25, 100] Train Error: 0.008 | Train Perf: 0.8219 | Eval Error: 0.0083 | Eval Perf: 0.7556
[26, 100] Train Error: 0.0081 | Train Perf: 0.809 | Eval Error: 0.0068 | Eval Perf: 0.7789
[27, 100] Train Error: 0.0074 | Train Perf: 0.8318 | Eval Error: 0.0067 | Eval Perf: 0.791
[28, 100] Train Error: 0.0071 | Train Perf: 0.8324 | Eval Error: 0.0066 | Eval Perf: 0.7922
[29, 100] Train Error: 0.0068 | Train Perf: 0.8435 | Eval Error: 0.0065 | Eval Perf: 0.7937
[30, 100] Train Error: 0.0066 | Train Perf: 0.8479 | Eval Error: 0.0064 | Eval Perf: 0.7885
[31, 100] Train Error: 0.0061 | Train Perf: 0.8587 | Eval Error: 0.0064 | Eval Perf: 0.7868
[32, 100] Train Error: 0.0059 | Train Perf: 0.8638 | Eval Error: 0.0062 | Eval Perf: 0.7945
[33, 100] Train Error: 0.0056 | Train Perf: 0.8734 | Eval Error: 0.0062 | Eval Perf: 0.7922
[34, 100] Train Error: 0.0053 | Train Perf: 0.8781 | Eval Error: 0.0067 | Eval Perf: 0.7833
[35, 100] Train Error: 0.0051 | Train Perf: 0.883 | Eval Error: 0.0061 | Eval Perf: 0.8007
[36, 100] Train Error: 0.0047 | Train Perf: 0.8944 | Eval Error: 0.0061 | Eval Perf: 0.8037
[37, 100] Train Error: 0.0045 | Train Perf: 0.8982 | Eval Error: 0.0067 | Eval Perf: 0.7844
[38, 100] Train Error: 0.0043 | Train Perf: 0.902 | Eval Error: 0.0062 | Eval Perf: 0.8042
[39, 100] Train Error: 0.0042 | Train Perf: 0.9077 | Eval Error: 0.0061 | Eval Perf: 0.8009
[40, 100] Train Error: 0.0039 | Train Perf: 0.9098 | Eval Error: 0.0064 | Eval Perf: 0.7896
[41, 100] Train Error: 0.0038 | Train Perf: 0.9142 | Eval Error: 0.0062 | Eval Perf: 0.803
[42, 100] Train Error: 0.0037 | Train Perf: 0.9175 | Eval Error: 0.0061 | Eval Perf: 0.7998
[43, 100] Train Error: 0.0035 | Train Perf: 0.9197 | Eval Error: 0.0062 | Eval Perf: 0.794
[44, 100] Train Error: 0.0033 | Train Perf: 0.9245 | Eval Error: 0.0062 | Eval Perf: 0.8003
[45, 100] Train Error: 0.0032 | Train Perf: 0.9275 | Eval Error: 0.0062 | Eval Perf: 0.7941
[46, 100] Train Error: 0.003 | Train Perf: 0.9308 | Eval Error: 0.0062 | Eval Perf: 0.7939
[47, 100] Train Error: 0.0029 | Train Perf: 0.9346 | Eval Error: 0.0064 | Eval Perf: 0.7995
[48, 100] Train Error: 0.0029 | Train Perf: 0.9337 | Eval Error: 0.0064 | Eval Perf: 0.788
[49, 100] Train Error: 0.0028 | Train Perf: 0.9369 | Eval Error: 0.0064 | Eval Perf: 0.787
[50, 100] Train Error: 0.0026 | Train Perf: 0.9396 | Eval Error: 0.0063 | Eval Perf: 0.792
[51, 100] Train Error: 0.0024 | Train Perf: 0.9454 | Eval Error: 0.0064 | Eval Perf: 0.7874
[52, 100] Train Error: 0.0024 | Train Perf: 0.9462 | Eval Error: 0.0067 | Eval Perf: 0.7807
[53, 100] Train Error: 0.0024 | Train Perf: 0.9477 | Eval Error: 0.0066 | Eval Perf: 0.7821
[54, 100] Train Error: 0.0023 | Train Perf: 0.9482 | Eval Error: 0.0066 | Eval Perf: 0.7817
[55, 100] Train Error: 0.0022 | Train Perf: 0.9516 | Eval Error: 0.0069 | Eval Perf: 0.774
[56, 100] Train Error: 0.0021 | Train Perf: 0.9518 | Eval Error: 0.0067 | Eval Perf: 0.7764
[57, 100] Train Error: 0.0019 | Train Perf: 0.9587 | Eval Error: 0.0076 | Eval Perf: 0.7641
[58, 100] Train Error: 0.0019 | Train Perf: 0.9594 | Eval Error: 0.0072 | Eval Perf: 0.7669
[59, 100] Train Error: 0.0019 | Train Perf: 0.9573 | Eval Error: 0.0069 | Eval Perf: 0.7704
[60, 100] Train Error: 0.0018 | Train Perf: 0.9615 | Eval Error: 0.0069 | Eval Perf: 0.7717
[61, 100] Train Error: 0.0017 | Train Perf: 0.9617 | Eval Error: 0.007 | Eval Perf: 0.7683
[62, 100] Train Error: 0.0016 | Train Perf: 0.9638 | Eval Error: 0.007 | Eval Perf: 0.7724
[63, 100] Train Error: 0.0017 | Train Perf: 0.9615 | Eval Error: 0.0071 | Eval Perf: 0.7648
[64, 100] Train Error: 0.0015 | Train Perf: 0.9655 | Eval Error: 0.0073 | Eval Perf: 0.7622
[65, 100] Train Error: 0.0015 | Train Perf: 0.9673 | Eval Error: 0.0072 | Eval Perf: 0.763
[66, 100] Train Error: 0.0015 | Train Perf: 0.9669 | Eval Error: 0.0071 | Eval Perf: 0.7642
[67, 100] Train Error: 0.0014 | Train Perf: 0.9694 | Eval Error: 0.0071 | Eval Perf: 0.7638
[68, 100] Train Error: 0.0014 | Train Perf: 0.9694 | Eval Error: 0.0072 | Eval Perf: 0.7626
[69, 100] Train Error: 0.0013 | Train Perf: 0.9706 | Eval Error: 0.0072 | Eval Perf: 0.7609
[70, 100] Train Error: 0.0013 | Train Perf: 0.9726 | Eval Error: 0.0073 | Eval Perf: 0.7584
[71, 100] Train Error: 0.0012 | Train Perf: 0.9733 | Eval Error: 0.0073 | Eval Perf: 0.7588
[72, 100] Train Error: 0.0011 | Train Perf: 0.9754 | Eval Error: 0.0073 | Eval Perf: 0.7591
[73, 100] Train Error: 0.0012 | Train Perf: 0.974 | Eval Error: 0.0074 | Eval Perf: 0.7552
[74, 100] Train Error: 0.0011 | Train Perf: 0.9753 | Eval Error: 0.0075 | Eval Perf: 0.7526
[75, 100] Train Error: 0.0011 | Train Perf: 0.9758 | Eval Error: 0.0074 | Eval Perf: 0.7524
[76, 100] Train Error: 0.001 | Train Perf: 0.9772 | Eval Error: 0.0075 | Eval Perf: 0.7551
[77, 100] Train Error: 0.0011 | Train Perf: 0.9765 | Eval Error: 0.0074 | Eval Perf: 0.7534
[78, 100] Train Error: 0.001 | Train Perf: 0.9781 | Eval Error: 0.0075 | Eval Perf: 0.7495
[79, 100] Train Error: 0.001 | Train Perf: 0.9793 | Eval Error: 0.0077 | Eval Perf: 0.7464
[80, 100] Train Error: 0.0009 | Train Perf: 0.9791 | Eval Error: 0.0075 | Eval Perf: 0.749
[81, 100] Train Error: 0.0009 | Train Perf: 0.9793 | Eval Error: 0.0076 | Eval Perf: 0.7464
[82, 100] Train Error: 0.0009 | Train Perf: 0.9795 | Eval Error: 0.0076 | Eval Perf: 0.7459
[83, 100] Train Error: 0.0009 | Train Perf: 0.9802 | Eval Error: 0.0076 | Eval Perf: 0.7449
[84, 100] Train Error: 0.0008 | Train Perf: 0.982 | Eval Error: 0.0077 | Eval Perf: 0.7468
[85, 100] Train Error: 0.0009 | Train Perf: 0.9809 | Eval Error: 0.0078 | Eval Perf: 0.7409
[86, 100] Train Error: 0.0008 | Train Perf: 0.9817 | Eval Error: 0.0077 | Eval Perf: 0.7422
[87, 100] Train Error: 0.0008 | Train Perf: 0.9832 | Eval Error: 0.0077 | Eval Perf: 0.7422
[88, 100] Train Error: 0.0008 | Train Perf: 0.983 | Eval Error: 0.008 | Eval Perf: 0.7379
[89, 100] Train Error: 0.0008 | Train Perf: 0.9823 | Eval Error: 0.0079 | Eval Perf: 0.7373
[90, 100] Train Error: 0.0008 | Train Perf: 0.9831 | Eval Error: 0.0078 | Eval Perf: 0.7389
[91, 100] Train Error: 0.0007 | Train Perf: 0.9836 | Eval Error: 0.0079 | Eval Perf: 0.737
[92, 100] Train Error: 0.0007 | Train Perf: 0.9839 | Eval Error: 0.0079 | Eval Perf: 0.7359
[93, 100] Train Error: 0.0007 | Train Perf: 0.9839 | Eval Error: 0.0079 | Eval Perf: 0.7355
[94, 100] Train Error: 0.0007 | Train Perf: 0.9846 | Eval Error: 0.0079 | Eval Perf: 0.7345
[95, 100] Train Error: 0.0007 | Train Perf: 0.9843 | Eval Error: 0.0079 | Eval Perf: 0.7349
[96, 100] Train Error: 0.0007 | Train Perf: 0.9847 | Eval Error: 0.0079 | Eval Perf: 0.7337
[97, 100] Train Error: 0.0007 | Train Perf: 0.9854 | Eval Error: 0.0081 | Eval Perf: 0.7311
[98, 100] Train Error: 0.0006 | Train Perf: 0.9865 | Eval Error: 0.0082 | Eval Perf: 0.7296
[99, 100] Train Error: 0.0006 | Train Perf: 0.9862 | Eval Error: 0.0081 | Eval Perf: 0.7294
[100, 100] Train Error: 0.0006 | Train Perf: 0.9858 | Eval Error: 0.008 | Eval Perf: 0.731
