NETWORK SUMMARY
---------------
Input Layer shape: (1, 180)
Hidden Layer shape: (181, 2)
Output layer shape: (3, 1)
Total parameters: 365

[1, 100] Train Error: 0.0258 | Train Perf: 0.673 | Eval Error: 0.0151 | Eval Perf: 0.8294
[2, 100] Train Error: 0.0139 | Train Perf: 0.8401 | Eval Error: 0.0134 | Eval Perf: 0.8459
[3, 100] Train Error: 0.0124 | Train Perf: 0.8574 | Eval Error: 0.0134 | Eval Perf: 0.8558
[4, 100] Train Error: 0.0118 | Train Perf: 0.8659 | Eval Error: 0.0123 | Eval Perf: 0.861
[5, 100] Train Error: 0.0115 | Train Perf: 0.8692 | Eval Error: 0.0121 | Eval Perf: 0.8638
[6, 100] Train Error: 0.0108 | Train Perf: 0.877 | Eval Error: 0.0119 | Eval Perf: 0.8692
[7, 100] Train Error: 0.0105 | Train Perf: 0.8812 | Eval Error: 0.0122 | Eval Perf: 0.8609
[8, 100] Train Error: 0.0103 | Train Perf: 0.8833 | Eval Error: 0.0125 | Eval Perf: 0.863
[9, 100] Train Error: 0.0101 | Train Perf: 0.8859 | Eval Error: 0.0115 | Eval Perf: 0.8691
[10, 100] Train Error: 0.01 | Train Perf: 0.8872 | Eval Error: 0.0118 | Eval Perf: 0.8664
[11, 100] Train Error: 0.0098 | Train Perf: 0.8895 | Eval Error: 0.0121 | Eval Perf: 0.8643
[12, 100] Train Error: 0.0098 | Train Perf: 0.8895 | Eval Error: 0.0119 | Eval Perf: 0.865
[13, 100] Train Error: 0.0097 | Train Perf: 0.8908 | Eval Error: 0.0121 | Eval Perf: 0.8621
[14, 100] Train Error: 0.0096 | Train Perf: 0.8916 | Eval Error: 0.0124 | Eval Perf: 0.8642
[15, 100] Train Error: 0.0096 | Train Perf: 0.8918 | Eval Error: 0.0122 | Eval Perf: 0.8644
[16, 100] Train Error: 0.0095 | Train Perf: 0.8929 | Eval Error: 0.0131 | Eval Perf: 0.8642
[17, 100] Train Error: 0.0094 | Train Perf: 0.8941 | Eval Error: 0.0125 | Eval Perf: 0.8646
[18, 100] Train Error: 0.0094 | Train Perf: 0.8949 | Eval Error: 0.0121 | Eval Perf: 0.8636
[19, 100] Train Error: 0.0092 | Train Perf: 0.8963 | Eval Error: 0.0125 | Eval Perf: 0.8609
[20, 100] Train Error: 0.0093 | Train Perf: 0.8952 | Eval Error: 0.012 | Eval Perf: 0.8637
[21, 100] Train Error: 0.0092 | Train Perf: 0.8969 | Eval Error: 0.0123 | Eval Perf: 0.863
[22, 100] Train Error: 0.0092 | Train Perf: 0.8966 | Eval Error: 0.0125 | Eval Perf: 0.865
[23, 100] Train Error: 0.0092 | Train Perf: 0.897 | Eval Error: 0.0119 | Eval Perf: 0.8643
[24, 100] Train Error: 0.009 | Train Perf: 0.8985 | Eval Error: 0.0123 | Eval Perf: 0.8618
[25, 100] Train Error: 0.0091 | Train Perf: 0.8976 | Eval Error: 0.0121 | Eval Perf: 0.8653
[26, 100] Train Error: 0.009 | Train Perf: 0.8992 | Eval Error: 0.0122 | Eval Perf: 0.8622
[27, 100] Train Error: 0.009 | Train Perf: 0.8993 | Eval Error: 0.013 | Eval Perf: 0.8554
[28, 100] Train Error: 0.0089 | Train Perf: 0.8997 | Eval Error: 0.0125 | Eval Perf: 0.8596
[29, 100] Train Error: 0.009 | Train Perf: 0.8993 | Eval Error: 0.0125 | Eval Perf: 0.8597
[30, 100] Train Error: 0.0089 | Train Perf: 0.9 | Eval Error: 0.0125 | Eval Perf: 0.8572
[31, 100] Train Error: 0.0087 | Train Perf: 0.9021 | Eval Error: 0.0125 | Eval Perf: 0.8599
[32, 100] Train Error: 0.0089 | Train Perf: 0.9008 | Eval Error: 0.0123 | Eval Perf: 0.8616
[33, 100] Train Error: 0.0089 | Train Perf: 0.9006 | Eval Error: 0.0124 | Eval Perf: 0.8606
[34, 100] Train Error: 0.0088 | Train Perf: 0.901 | Eval Error: 0.0141 | Eval Perf: 0.8566
[35, 100] Train Error: 0.0088 | Train Perf: 0.9016 | Eval Error: 0.0132 | Eval Perf: 0.8572
[36, 100] Train Error: 0.0087 | Train Perf: 0.9021 | Eval Error: 0.0124 | Eval Perf: 0.8606
[37, 100] Train Error: 0.0088 | Train Perf: 0.9019 | Eval Error: 0.013 | Eval Perf: 0.8576
[38, 100] Train Error: 0.0088 | Train Perf: 0.9016 | Eval Error: 0.0133 | Eval Perf: 0.8577
[39, 100] Train Error: 0.0086 | Train Perf: 0.9033 | Eval Error: 0.0124 | Eval Perf: 0.8591
[40, 100] Train Error: 0.0087 | Train Perf: 0.9029 | Eval Error: 0.0129 | Eval Perf: 0.8587
[41, 100] Train Error: 0.0086 | Train Perf: 0.9039 | Eval Error: 0.0126 | Eval Perf: 0.859
[42, 100] Train Error: 0.0086 | Train Perf: 0.9032 | Eval Error: 0.0127 | Eval Perf: 0.8578
[43, 100] Train Error: 0.0087 | Train Perf: 0.9031 | Eval Error: 0.0128 | Eval Perf: 0.8559
[44, 100] Train Error: 0.0086 | Train Perf: 0.9036 | Eval Error: 0.0139 | Eval Perf: 0.8552
[45, 100] Train Error: 0.0086 | Train Perf: 0.9034 | Eval Error: 0.0146 | Eval Perf: 0.854
[46, 100] Train Error: 0.0085 | Train Perf: 0.905 | Eval Error: 0.0128 | Eval Perf: 0.8547
[47, 100] Train Error: 0.0087 | Train Perf: 0.9023 | Eval Error: 0.0128 | Eval Perf: 0.854
[48, 100] Train Error: 0.0086 | Train Perf: 0.904 | Eval Error: 0.0132 | Eval Perf: 0.854
[49, 100] Train Error: 0.0087 | Train Perf: 0.9028 | Eval Error: 0.0127 | Eval Perf: 0.8559
[50, 100] Train Error: 0.0086 | Train Perf: 0.9039 | Eval Error: 0.013 | Eval Perf: 0.8557
[51, 100] Train Error: 0.0085 | Train Perf: 0.9049 | Eval Error: 0.0144 | Eval Perf: 0.8529
[52, 100] Train Error: 0.0086 | Train Perf: 0.9041 | Eval Error: 0.0129 | Eval Perf: 0.8548
[53, 100] Train Error: 0.0086 | Train Perf: 0.9042 | Eval Error: 0.0128 | Eval Perf: 0.8559
[54, 100] Train Error: 0.0085 | Train Perf: 0.9048 | Eval Error: 0.0128 | Eval Perf: 0.8547
[55, 100] Train Error: 0.0085 | Train Perf: 0.9054 | Eval Error: 0.0146 | Eval Perf: 0.8498
[56, 100] Train Error: 0.0085 | Train Perf: 0.9048 | Eval Error: 0.0132 | Eval Perf: 0.8528
[57, 100] Train Error: 0.0085 | Train Perf: 0.9054 | Eval Error: 0.0128 | Eval Perf: 0.8546
[58, 100] Train Error: 0.0084 | Train Perf: 0.9061 | Eval Error: 0.013 | Eval Perf: 0.8544
[59, 100] Train Error: 0.0084 | Train Perf: 0.906 | Eval Error: 0.0165 | Eval Perf: 0.8444
[60, 100] Train Error: 0.0085 | Train Perf: 0.9053 | Eval Error: 0.0133 | Eval Perf: 0.8535
[61, 100] Train Error: 0.0084 | Train Perf: 0.906 | Eval Error: 0.0135 | Eval Perf: 0.8526
[62, 100] Train Error: 0.0085 | Train Perf: 0.9053 | Eval Error: 0.0129 | Eval Perf: 0.8545
[63, 100] Train Error: 0.0085 | Train Perf: 0.905 | Eval Error: 0.0132 | Eval Perf: 0.854
[64, 100] Train Error: 0.0083 | Train Perf: 0.9068 | Eval Error: 0.0129 | Eval Perf: 0.8558
[65, 100] Train Error: 0.0084 | Train Perf: 0.9059 | Eval Error: 0.013 | Eval Perf: 0.8525
[66, 100] Train Error: 0.0084 | Train Perf: 0.9058 | Eval Error: 0.013 | Eval Perf: 0.8521
[67, 100] Train Error: 0.0084 | Train Perf: 0.9062 | Eval Error: 0.013 | Eval Perf: 0.8524
[68, 100] Train Error: 0.0084 | Train Perf: 0.9062 | Eval Error: 0.0134 | Eval Perf: 0.851
[69, 100] Train Error: 0.0084 | Train Perf: 0.906 | Eval Error: 0.0131 | Eval Perf: 0.8535
[70, 100] Train Error: 0.0084 | Train Perf: 0.9056 | Eval Error: 0.0131 | Eval Perf: 0.8516
[71, 100] Train Error: 0.0084 | Train Perf: 0.9064 | Eval Error: 0.0131 | Eval Perf: 0.8529
[72, 100] Train Error: 0.0084 | Train Perf: 0.9065 | Eval Error: 0.0131 | Eval Perf: 0.8515
[73, 100] Train Error: 0.0083 | Train Perf: 0.9077 | Eval Error: 0.0129 | Eval Perf: 0.8534
[74, 100] Train Error: 0.0083 | Train Perf: 0.9073 | Eval Error: 0.013 | Eval Perf: 0.8513
[75, 100] Train Error: 0.0083 | Train Perf: 0.9077 | Eval Error: 0.0131 | Eval Perf: 0.8526
[76, 100] Train Error: 0.0083 | Train Perf: 0.9069 | Eval Error: 0.0131 | Eval Perf: 0.8508
[77, 100] Train Error: 0.0083 | Train Perf: 0.9076 | Eval Error: 0.0132 | Eval Perf: 0.8505
[78, 100] Train Error: 0.0083 | Train Perf: 0.9069 | Eval Error: 0.0134 | Eval Perf: 0.8497
[79, 100] Train Error: 0.0083 | Train Perf: 0.907 | Eval Error: 0.0143 | Eval Perf: 0.8502
[80, 100] Train Error: 0.0083 | Train Perf: 0.9073 | Eval Error: 0.0133 | Eval Perf: 0.8505
[81, 100] Train Error: 0.0083 | Train Perf: 0.9075 | Eval Error: 0.0137 | Eval Perf: 0.8508
[82, 100] Train Error: 0.0082 | Train Perf: 0.9081 | Eval Error: 0.0134 | Eval Perf: 0.8483
[83, 100] Train Error: 0.0083 | Train Perf: 0.907 | Eval Error: 0.0138 | Eval Perf: 0.8482
[84, 100] Train Error: 0.0084 | Train Perf: 0.9065 | Eval Error: 0.0136 | Eval Perf: 0.8499
[85, 100] Train Error: 0.0083 | Train Perf: 0.907 | Eval Error: 0.0134 | Eval Perf: 0.8502
[86, 100] Train Error: 0.0082 | Train Perf: 0.9088 | Eval Error: 0.0132 | Eval Perf: 0.8498
[87, 100] Train Error: 0.0083 | Train Perf: 0.9072 | Eval Error: 0.0133 | Eval Perf: 0.8494
[88, 100] Train Error: 0.0082 | Train Perf: 0.9087 | Eval Error: 0.0135 | Eval Perf: 0.8495
[89, 100] Train Error: 0.0083 | Train Perf: 0.9072 | Eval Error: 0.0132 | Eval Perf: 0.851
[90, 100] Train Error: 0.0082 | Train Perf: 0.9084 | Eval Error: 0.0135 | Eval Perf: 0.8475
[91, 100] Train Error: 0.0082 | Train Perf: 0.9079 | Eval Error: 0.0138 | Eval Perf: 0.849
[92, 100] Train Error: 0.0082 | Train Perf: 0.908 | Eval Error: 0.0135 | Eval Perf: 0.8487
[93, 100] Train Error: 0.0083 | Train Perf: 0.9077 | Eval Error: 0.0138 | Eval Perf: 0.8488
[94, 100] Train Error: 0.0082 | Train Perf: 0.9087 | Eval Error: 0.0136 | Eval Perf: 0.8475
[95, 100] Train Error: 0.0082 | Train Perf: 0.9086 | Eval Error: 0.0136 | Eval Perf: 0.8483
[96, 100] Train Error: 0.0081 | Train Perf: 0.909 | Eval Error: 0.0133 | Eval Perf: 0.8487
[97, 100] Train Error: 0.0082 | Train Perf: 0.9081 | Eval Error: 0.0137 | Eval Perf: 0.8466
[98, 100] Train Error: 0.0082 | Train Perf: 0.9086 | Eval Error: 0.0134 | Eval Perf: 0.8471
[99, 100] Train Error: 0.0081 | Train Perf: 0.9094 | Eval Error: 0.0136 | Eval Perf: 0.8483
[100, 100] Train Error: 0.0082 | Train Perf: 0.9088 | Eval Error: 0.0137 | Eval Perf: 0.8442
