NETWORK SUMMARY
---------------
Input Layer shape: (1, 180)
Hidden Layer shape: (181, 5)
Output layer shape: (6, 1)
Total parameters: 911

[1, 100] Train Error: 0.0227 | Train Perf: -0.1454 | Eval Error: 0.0185 | Eval Perf: -0.1256
[2, 100] Train Error: 0.0203 | Train Perf: 0.1239 | Eval Error: 0.0183 | Eval Perf: 0.1211
[3, 100] Train Error: 0.0188 | Train Perf: 0.3438 | Eval Error: 0.017 | Eval Perf: 0.3151
[4, 100] Train Error: 0.017 | Train Perf: 0.5361 | Eval Error: 0.0159 | Eval Perf: 0.478
[5, 100] Train Error: 0.0136 | Train Perf: 0.6525 | Eval Error: 0.0163 | Eval Perf: 0.5073
[6, 100] Train Error: 0.0122 | Train Perf: 0.7011 | Eval Error: 0.0138 | Eval Perf: 0.667
[7, 100] Train Error: 0.01 | Train Perf: 0.7744 | Eval Error: 0.0123 | Eval Perf: 0.6274
[8, 100] Train Error: 0.0084 | Train Perf: 0.7909 | Eval Error: 0.0115 | Eval Perf: 0.6582
[9, 100] Train Error: 0.0077 | Train Perf: 0.8044 | Eval Error: 0.0107 | Eval Perf: 0.7045
[10, 100] Train Error: 0.0066 | Train Perf: 0.8314 | Eval Error: 0.0101 | Eval Perf: 0.7127
[11, 100] Train Error: 0.0064 | Train Perf: 0.8377 | Eval Error: 0.01 | Eval Perf: 0.6927
[12, 100] Train Error: 0.0059 | Train Perf: 0.8541 | Eval Error: 0.0099 | Eval Perf: 0.6904
[13, 100] Train Error: 0.0057 | Train Perf: 0.8556 | Eval Error: 0.0097 | Eval Perf: 0.6927
[14, 100] Train Error: 0.0051 | Train Perf: 0.8709 | Eval Error: 0.0105 | Eval Perf: 0.689
[15, 100] Train Error: 0.0052 | Train Perf: 0.8674 | Eval Error: 0.0086 | Eval Perf: 0.7336
[16, 100] Train Error: 0.0047 | Train Perf: 0.8817 | Eval Error: 0.0087 | Eval Perf: 0.7247
[17, 100] Train Error: 0.0043 | Train Perf: 0.8913 | Eval Error: 0.0095 | Eval Perf: 0.7067
[18, 100] Train Error: 0.0043 | Train Perf: 0.8905 | Eval Error: 0.008 | Eval Perf: 0.7567
[19, 100] Train Error: 0.0042 | Train Perf: 0.8976 | Eval Error: 0.0087 | Eval Perf: 0.7222
[20, 100] Train Error: 0.0037 | Train Perf: 0.9097 | Eval Error: 0.0125 | Eval Perf: 0.7837
[21, 100] Train Error: 0.0039 | Train Perf: 0.9006 | Eval Error: 0.0086 | Eval Perf: 0.7695
[22, 100] Train Error: 0.0035 | Train Perf: 0.9135 | Eval Error: 0.0075 | Eval Perf: 0.7708
[23, 100] Train Error: 0.0034 | Train Perf: 0.9162 | Eval Error: 0.0097 | Eval Perf: 0.7867
[24, 100] Train Error: 0.0032 | Train Perf: 0.9209 | Eval Error: 0.008 | Eval Perf: 0.7483
[25, 100] Train Error: 0.0031 | Train Perf: 0.9238 | Eval Error: 0.0074 | Eval Perf: 0.771
[26, 100] Train Error: 0.003 | Train Perf: 0.9275 | Eval Error: 0.0077 | Eval Perf: 0.7764
[27, 100] Train Error: 0.0024 | Train Perf: 0.9415 | Eval Error: 0.007 | Eval Perf: 0.7802
[28, 100] Train Error: 0.0027 | Train Perf: 0.9353 | Eval Error: 0.0073 | Eval Perf: 0.7725
[29, 100] Train Error: 0.0026 | Train Perf: 0.9366 | Eval Error: 0.0075 | Eval Perf: 0.7644
[30, 100] Train Error: 0.0023 | Train Perf: 0.944 | Eval Error: 0.0072 | Eval Perf: 0.7781
[31, 100] Train Error: 0.0025 | Train Perf: 0.9392 | Eval Error: 0.0072 | Eval Perf: 0.7932
[32, 100] Train Error: 0.0024 | Train Perf: 0.9429 | Eval Error: 0.0072 | Eval Perf: 0.7802
[33, 100] Train Error: 0.0023 | Train Perf: 0.9452 | Eval Error: 0.0073 | Eval Perf: 0.774
[34, 100] Train Error: 0.0018 | Train Perf: 0.9571 | Eval Error: 0.0072 | Eval Perf: 0.7738
[35, 100] Train Error: 0.0021 | Train Perf: 0.9486 | Eval Error: 0.0073 | Eval Perf: 0.7716
[36, 100] Train Error: 0.0019 | Train Perf: 0.9534 | Eval Error: 0.0068 | Eval Perf: 0.7959
[37, 100] Train Error: 0.0018 | Train Perf: 0.957 | Eval Error: 0.0077 | Eval Perf: 0.7987
[38, 100] Train Error: 0.0019 | Train Perf: 0.954 | Eval Error: 0.007 | Eval Perf: 0.7876
[39, 100] Train Error: 0.0016 | Train Perf: 0.9615 | Eval Error: 0.0068 | Eval Perf: 0.7963
[40, 100] Train Error: 0.0017 | Train Perf: 0.9597 | Eval Error: 0.0083 | Eval Perf: 0.7599
[41, 100] Train Error: 0.0017 | Train Perf: 0.9599 | Eval Error: 0.0074 | Eval Perf: 0.796
[42, 100] Train Error: 0.0016 | Train Perf: 0.9622 | Eval Error: 0.0069 | Eval Perf: 0.7881
[43, 100] Train Error: 0.0015 | Train Perf: 0.964 | Eval Error: 0.008 | Eval Perf: 0.8037
[44, 100] Train Error: 0.0014 | Train Perf: 0.966 | Eval Error: 0.007 | Eval Perf: 0.7894
[45, 100] Train Error: 0.0015 | Train Perf: 0.964 | Eval Error: 0.0076 | Eval Perf: 0.8076
[46, 100] Train Error: 0.0014 | Train Perf: 0.9661 | Eval Error: 0.007 | Eval Perf: 0.8007
[47, 100] Train Error: 0.0013 | Train Perf: 0.9677 | Eval Error: 0.0073 | Eval Perf: 0.7949
[48, 100] Train Error: 0.0013 | Train Perf: 0.9692 | Eval Error: 0.0075 | Eval Perf: 0.7757
[49, 100] Train Error: 0.0011 | Train Perf: 0.9732 | Eval Error: 0.0073 | Eval Perf: 0.781
[50, 100] Train Error: 0.0013 | Train Perf: 0.9698 | Eval Error: 0.0072 | Eval Perf: 0.7849
[51, 100] Train Error: 0.0012 | Train Perf: 0.971 | Eval Error: 0.0071 | Eval Perf: 0.7925
[52, 100] Train Error: 0.001 | Train Perf: 0.9756 | Eval Error: 0.0073 | Eval Perf: 0.7928
[53, 100] Train Error: 0.0011 | Train Perf: 0.9735 | Eval Error: 0.0075 | Eval Perf: 0.7959
[54, 100] Train Error: 0.0011 | Train Perf: 0.9736 | Eval Error: 0.0075 | Eval Perf: 0.7794
[55, 100] Train Error: 0.001 | Train Perf: 0.9758 | Eval Error: 0.0073 | Eval Perf: 0.7827
[56, 100] Train Error: 0.001 | Train Perf: 0.9769 | Eval Error: 0.0071 | Eval Perf: 0.7894
[57, 100] Train Error: 0.0011 | Train Perf: 0.975 | Eval Error: 0.0073 | Eval Perf: 0.7891
[58, 100] Train Error: 0.001 | Train Perf: 0.9762 | Eval Error: 0.0074 | Eval Perf: 0.7932
[59, 100] Train Error: 0.0009 | Train Perf: 0.9794 | Eval Error: 0.0071 | Eval Perf: 0.7941
[60, 100] Train Error: 0.0009 | Train Perf: 0.9781 | Eval Error: 0.0078 | Eval Perf: 0.8083
[61, 100] Train Error: 0.0009 | Train Perf: 0.9796 | Eval Error: 0.0076 | Eval Perf: 0.7789
[62, 100] Train Error: 0.0008 | Train Perf: 0.9803 | Eval Error: 0.0075 | Eval Perf: 0.8011
[63, 100] Train Error: 0.0008 | Train Perf: 0.9804 | Eval Error: 0.0071 | Eval Perf: 0.7952
[64, 100] Train Error: 0.0007 | Train Perf: 0.9826 | Eval Error: 0.0079 | Eval Perf: 0.8119
[65, 100] Train Error: 0.0009 | Train Perf: 0.9794 | Eval Error: 0.0074 | Eval Perf: 0.7875
[66, 100] Train Error: 0.0008 | Train Perf: 0.9806 | Eval Error: 0.0071 | Eval Perf: 0.8011
[67, 100] Train Error: 0.0007 | Train Perf: 0.9831 | Eval Error: 0.007 | Eval Perf: 0.8079
[68, 100] Train Error: 0.0007 | Train Perf: 0.9827 | Eval Error: 0.0075 | Eval Perf: 0.8171
[69, 100] Train Error: 0.0007 | Train Perf: 0.9837 | Eval Error: 0.0074 | Eval Perf: 0.8089
[70, 100] Train Error: 0.0007 | Train Perf: 0.9838 | Eval Error: 0.0075 | Eval Perf: 0.7861
[71, 100] Train Error: 0.0007 | Train Perf: 0.9848 | Eval Error: 0.0072 | Eval Perf: 0.8033
[72, 100] Train Error: 0.0006 | Train Perf: 0.9847 | Eval Error: 0.0071 | Eval Perf: 0.8061
[73, 100] Train Error: 0.0006 | Train Perf: 0.9847 | Eval Error: 0.0074 | Eval Perf: 0.7884
[74, 100] Train Error: 0.0006 | Train Perf: 0.985 | Eval Error: 0.0072 | Eval Perf: 0.7964
[75, 100] Train Error: 0.0006 | Train Perf: 0.985 | Eval Error: 0.0074 | Eval Perf: 0.7942
[76, 100] Train Error: 0.0006 | Train Perf: 0.9858 | Eval Error: 0.0074 | Eval Perf: 0.7911
[77, 100] Train Error: 0.0006 | Train Perf: 0.986 | Eval Error: 0.0072 | Eval Perf: 0.7973
[78, 100] Train Error: 0.0006 | Train Perf: 0.9858 | Eval Error: 0.0073 | Eval Perf: 0.7954
[79, 100] Train Error: 0.0006 | Train Perf: 0.9853 | Eval Error: 0.0074 | Eval Perf: 0.7944
[80, 100] Train Error: 0.0006 | Train Perf: 0.9865 | Eval Error: 0.0073 | Eval Perf: 0.7968
[81, 100] Train Error: 0.0006 | Train Perf: 0.9868 | Eval Error: 0.0073 | Eval Perf: 0.7964
[82, 100] Train Error: 0.0005 | Train Perf: 0.9873 | Eval Error: 0.0075 | Eval Perf: 0.8017
[83, 100] Train Error: 0.0005 | Train Perf: 0.9882 | Eval Error: 0.0075 | Eval Perf: 0.8065
[84, 100] Train Error: 0.0006 | Train Perf: 0.9867 | Eval Error: 0.0074 | Eval Perf: 0.7937
[85, 100] Train Error: 0.0005 | Train Perf: 0.9876 | Eval Error: 0.0072 | Eval Perf: 0.8012
[86, 100] Train Error: 0.0005 | Train Perf: 0.9871 | Eval Error: 0.0073 | Eval Perf: 0.7969
[87, 100] Train Error: 0.0005 | Train Perf: 0.9887 | Eval Error: 0.0075 | Eval Perf: 0.7936
[88, 100] Train Error: 0.0005 | Train Perf: 0.9878 | Eval Error: 0.0074 | Eval Perf: 0.8017
[89, 100] Train Error: 0.0005 | Train Perf: 0.9888 | Eval Error: 0.0074 | Eval Perf: 0.8049
[90, 100] Train Error: 0.0004 | Train Perf: 0.9896 | Eval Error: 0.0081 | Eval Perf: 0.8142
[91, 100] Train Error: 0.0005 | Train Perf: 0.9889 | Eval Error: 0.0074 | Eval Perf: 0.8066
[92, 100] Train Error: 0.0005 | Train Perf: 0.989 | Eval Error: 0.0073 | Eval Perf: 0.8018
[93, 100] Train Error: 0.0005 | Train Perf: 0.9887 | Eval Error: 0.0071 | Eval Perf: 0.8067
[94, 100] Train Error: 0.0005 | Train Perf: 0.9888 | Eval Error: 0.0075 | Eval Perf: 0.8099
[95, 100] Train Error: 0.0004 | Train Perf: 0.9903 | Eval Error: 0.0073 | Eval Perf: 0.803
[96, 100] Train Error: 0.0004 | Train Perf: 0.9908 | Eval Error: 0.0073 | Eval Perf: 0.7995
[97, 100] Train Error: 0.0004 | Train Perf: 0.9903 | Eval Error: 0.0074 | Eval Perf: 0.8052
[98, 100] Train Error: 0.0004 | Train Perf: 0.9909 | Eval Error: 0.0073 | Eval Perf: 0.8039
[99, 100] Train Error: 0.0004 | Train Perf: 0.9909 | Eval Error: 0.0073 | Eval Perf: 0.7996
[100, 100] Train Error: 0.0004 | Train Perf: 0.9901 | Eval Error: 0.0073 | Eval Perf: 0.803
