NETWORK SUMMARY
---------------
Input Layer shape: (1, 180)
Hidden Layer shape: (181, 2)
Output layer shape: (3, 1)
Total parameters: 365

[1, 100] Train Error: 0.0161 | Train Perf: -0.0267 | Eval Error: 0.0146 | Eval Perf: 0.1647
[2, 100] Train Error: 0.0144 | Train Perf: 0.2473 | Eval Error: 0.0139 | Eval Perf: 0.3369
[3, 100] Train Error: 0.0127 | Train Perf: 0.4921 | Eval Error: 0.0131 | Eval Perf: 0.3862
[4, 100] Train Error: 0.0104 | Train Perf: 0.6004 | Eval Error: 0.0122 | Eval Perf: 0.4315
[5, 100] Train Error: 0.0085 | Train Perf: 0.6753 | Eval Error: 0.0117 | Eval Perf: 0.4734
[6, 100] Train Error: 0.0072 | Train Perf: 0.7312 | Eval Error: 0.0121 | Eval Perf: 0.5077
[7, 100] Train Error: 0.0065 | Train Perf: 0.7595 | Eval Error: 0.0116 | Eval Perf: 0.52
[8, 100] Train Error: 0.006 | Train Perf: 0.7805 | Eval Error: 0.0111 | Eval Perf: 0.5272
[9, 100] Train Error: 0.0054 | Train Perf: 0.8023 | Eval Error: 0.0123 | Eval Perf: 0.5018
[10, 100] Train Error: 0.0053 | Train Perf: 0.8097 | Eval Error: 0.0114 | Eval Perf: 0.5232
[11, 100] Train Error: 0.0049 | Train Perf: 0.8235 | Eval Error: 0.0112 | Eval Perf: 0.5344
[12, 100] Train Error: 0.0046 | Train Perf: 0.8362 | Eval Error: 0.0113 | Eval Perf: 0.538
[13, 100] Train Error: 0.0044 | Train Perf: 0.8453 | Eval Error: 0.0117 | Eval Perf: 0.5236
[14, 100] Train Error: 0.0042 | Train Perf: 0.8513 | Eval Error: 0.0118 | Eval Perf: 0.5173
[15, 100] Train Error: 0.0041 | Train Perf: 0.855 | Eval Error: 0.0116 | Eval Perf: 0.5314
[16, 100] Train Error: 0.0038 | Train Perf: 0.8658 | Eval Error: 0.0119 | Eval Perf: 0.5124
[17, 100] Train Error: 0.0036 | Train Perf: 0.8724 | Eval Error: 0.0128 | Eval Perf: 0.4885
[18, 100] Train Error: 0.0036 | Train Perf: 0.8742 | Eval Error: 0.0123 | Eval Perf: 0.5169
[19, 100] Train Error: 0.0033 | Train Perf: 0.8837 | Eval Error: 0.0121 | Eval Perf: 0.511
[20, 100] Train Error: 0.0034 | Train Perf: 0.8834 | Eval Error: 0.0119 | Eval Perf: 0.5189
[21, 100] Train Error: 0.0033 | Train Perf: 0.8855 | Eval Error: 0.0125 | Eval Perf: 0.5222
[22, 100] Train Error: 0.0031 | Train Perf: 0.8941 | Eval Error: 0.0121 | Eval Perf: 0.5083
[23, 100] Train Error: 0.0031 | Train Perf: 0.8939 | Eval Error: 0.0118 | Eval Perf: 0.5246
[24, 100] Train Error: 0.0028 | Train Perf: 0.9039 | Eval Error: 0.0126 | Eval Perf: 0.4984
[25, 100] Train Error: 0.0028 | Train Perf: 0.9032 | Eval Error: 0.0126 | Eval Perf: 0.5111
[26, 100] Train Error: 0.0027 | Train Perf: 0.9077 | Eval Error: 0.0126 | Eval Perf: 0.5146
[27, 100] Train Error: 0.0026 | Train Perf: 0.9093 | Eval Error: 0.0124 | Eval Perf: 0.502
[28, 100] Train Error: 0.0025 | Train Perf: 0.9137 | Eval Error: 0.0125 | Eval Perf: 0.4931
[29, 100] Train Error: 0.0025 | Train Perf: 0.9153 | Eval Error: 0.0124 | Eval Perf: 0.5061
[30, 100] Train Error: 0.0023 | Train Perf: 0.9212 | Eval Error: 0.0126 | Eval Perf: 0.5032
[31, 100] Train Error: 0.0023 | Train Perf: 0.9213 | Eval Error: 0.0129 | Eval Perf: 0.5034
[32, 100] Train Error: 0.0022 | Train Perf: 0.9248 | Eval Error: 0.0129 | Eval Perf: 0.5014
[33, 100] Train Error: 0.0021 | Train Perf: 0.9271 | Eval Error: 0.0133 | Eval Perf: 0.4862
[34, 100] Train Error: 0.0021 | Train Perf: 0.9298 | Eval Error: 0.0133 | Eval Perf: 0.501
[35, 100] Train Error: 0.002 | Train Perf: 0.9309 | Eval Error: 0.0132 | Eval Perf: 0.4852
[36, 100] Train Error: 0.0019 | Train Perf: 0.9354 | Eval Error: 0.0133 | Eval Perf: 0.4904
[37, 100] Train Error: 0.0019 | Train Perf: 0.9365 | Eval Error: 0.0134 | Eval Perf: 0.495
[38, 100] Train Error: 0.0018 | Train Perf: 0.9379 | Eval Error: 0.0133 | Eval Perf: 0.4806
[39, 100] Train Error: 0.0018 | Train Perf: 0.9399 | Eval Error: 0.0131 | Eval Perf: 0.49
[40, 100] Train Error: 0.0017 | Train Perf: 0.9428 | Eval Error: 0.0134 | Eval Perf: 0.4778
[41, 100] Train Error: 0.0017 | Train Perf: 0.9436 | Eval Error: 0.0134 | Eval Perf: 0.4867
[42, 100] Train Error: 0.0016 | Train Perf: 0.9459 | Eval Error: 0.0137 | Eval Perf: 0.484
[43, 100] Train Error: 0.0015 | Train Perf: 0.9479 | Eval Error: 0.0137 | Eval Perf: 0.4734
[44, 100] Train Error: 0.0015 | Train Perf: 0.9492 | Eval Error: 0.0136 | Eval Perf: 0.4749
[45, 100] Train Error: 0.0015 | Train Perf: 0.9507 | Eval Error: 0.0132 | Eval Perf: 0.4884
[46, 100] Train Error: 0.0014 | Train Perf: 0.9519 | Eval Error: 0.0134 | Eval Perf: 0.4892
[47, 100] Train Error: 0.0014 | Train Perf: 0.9526 | Eval Error: 0.0138 | Eval Perf: 0.4787
[48, 100] Train Error: 0.0013 | Train Perf: 0.9564 | Eval Error: 0.0138 | Eval Perf: 0.4688
[49, 100] Train Error: 0.0013 | Train Perf: 0.9558 | Eval Error: 0.0138 | Eval Perf: 0.4768
[50, 100] Train Error: 0.0013 | Train Perf: 0.9579 | Eval Error: 0.0139 | Eval Perf: 0.4805
[51, 100] Train Error: 0.0012 | Train Perf: 0.9596 | Eval Error: 0.0144 | Eval Perf: 0.4844
[52, 100] Train Error: 0.0012 | Train Perf: 0.9592 | Eval Error: 0.0137 | Eval Perf: 0.4789
[53, 100] Train Error: 0.0012 | Train Perf: 0.9608 | Eval Error: 0.0138 | Eval Perf: 0.4755
[54, 100] Train Error: 0.0012 | Train Perf: 0.9615 | Eval Error: 0.014 | Eval Perf: 0.4722
[55, 100] Train Error: 0.0011 | Train Perf: 0.9622 | Eval Error: 0.0139 | Eval Perf: 0.4767
[56, 100] Train Error: 0.0011 | Train Perf: 0.9634 | Eval Error: 0.014 | Eval Perf: 0.4702
[57, 100] Train Error: 0.0011 | Train Perf: 0.9632 | Eval Error: 0.0141 | Eval Perf: 0.4736
[58, 100] Train Error: 0.0011 | Train Perf: 0.9647 | Eval Error: 0.0143 | Eval Perf: 0.4693
[59, 100] Train Error: 0.001 | Train Perf: 0.9651 | Eval Error: 0.014 | Eval Perf: 0.4766
[60, 100] Train Error: 0.001 | Train Perf: 0.9662 | Eval Error: 0.0141 | Eval Perf: 0.4728
[61, 100] Train Error: 0.001 | Train Perf: 0.9665 | Eval Error: 0.0142 | Eval Perf: 0.4785
[62, 100] Train Error: 0.001 | Train Perf: 0.9671 | Eval Error: 0.0143 | Eval Perf: 0.4724
[63, 100] Train Error: 0.001 | Train Perf: 0.968 | Eval Error: 0.0146 | Eval Perf: 0.483
[64, 100] Train Error: 0.001 | Train Perf: 0.9679 | Eval Error: 0.0143 | Eval Perf: 0.4762
[65, 100] Train Error: 0.0009 | Train Perf: 0.9684 | Eval Error: 0.0143 | Eval Perf: 0.4772
[66, 100] Train Error: 0.0009 | Train Perf: 0.9688 | Eval Error: 0.0144 | Eval Perf: 0.4684
[67, 100] Train Error: 0.0009 | Train Perf: 0.9697 | Eval Error: 0.0145 | Eval Perf: 0.472
[68, 100] Train Error: 0.0009 | Train Perf: 0.9702 | Eval Error: 0.0142 | Eval Perf: 0.4647
[69, 100] Train Error: 0.0009 | Train Perf: 0.9703 | Eval Error: 0.0144 | Eval Perf: 0.4697
[70, 100] Train Error: 0.0009 | Train Perf: 0.971 | Eval Error: 0.0146 | Eval Perf: 0.474
[71, 100] Train Error: 0.0009 | Train Perf: 0.9712 | Eval Error: 0.0145 | Eval Perf: 0.4637
[72, 100] Train Error: 0.0009 | Train Perf: 0.9714 | Eval Error: 0.0148 | Eval Perf: 0.466
[73, 100] Train Error: 0.0008 | Train Perf: 0.9718 | Eval Error: 0.0146 | Eval Perf: 0.4658
[74, 100] Train Error: 0.0008 | Train Perf: 0.9727 | Eval Error: 0.0147 | Eval Perf: 0.4663
[75, 100] Train Error: 0.0008 | Train Perf: 0.9726 | Eval Error: 0.0145 | Eval Perf: 0.4646
[76, 100] Train Error: 0.0008 | Train Perf: 0.973 | Eval Error: 0.0146 | Eval Perf: 0.4653
[77, 100] Train Error: 0.0008 | Train Perf: 0.9735 | Eval Error: 0.0146 | Eval Perf: 0.4708
[78, 100] Train Error: 0.0008 | Train Perf: 0.9733 | Eval Error: 0.0148 | Eval Perf: 0.4625
[79, 100] Train Error: 0.0008 | Train Perf: 0.9737 | Eval Error: 0.0145 | Eval Perf: 0.4625
[80, 100] Train Error: 0.0008 | Train Perf: 0.9741 | Eval Error: 0.015 | Eval Perf: 0.4622
[81, 100] Train Error: 0.0008 | Train Perf: 0.9742 | Eval Error: 0.0146 | Eval Perf: 0.4622
[82, 100] Train Error: 0.0008 | Train Perf: 0.9745 | Eval Error: 0.0148 | Eval Perf: 0.4601
[83, 100] Train Error: 0.0007 | Train Perf: 0.9751 | Eval Error: 0.0148 | Eval Perf: 0.4666
[84, 100] Train Error: 0.0007 | Train Perf: 0.9753 | Eval Error: 0.0151 | Eval Perf: 0.451
[85, 100] Train Error: 0.0007 | Train Perf: 0.9754 | Eval Error: 0.0149 | Eval Perf: 0.4605
[86, 100] Train Error: 0.0007 | Train Perf: 0.9756 | Eval Error: 0.015 | Eval Perf: 0.4536
[87, 100] Train Error: 0.0007 | Train Perf: 0.9761 | Eval Error: 0.0151 | Eval Perf: 0.4565
[88, 100] Train Error: 0.0007 | Train Perf: 0.9764 | Eval Error: 0.0149 | Eval Perf: 0.4598
[89, 100] Train Error: 0.0007 | Train Perf: 0.9765 | Eval Error: 0.015 | Eval Perf: 0.4633
[90, 100] Train Error: 0.0007 | Train Perf: 0.9769 | Eval Error: 0.0151 | Eval Perf: 0.4657
[91, 100] Train Error: 0.0007 | Train Perf: 0.9768 | Eval Error: 0.0152 | Eval Perf: 0.449
[92, 100] Train Error: 0.0007 | Train Perf: 0.9772 | Eval Error: 0.0151 | Eval Perf: 0.4519
[93, 100] Train Error: 0.0007 | Train Perf: 0.9774 | Eval Error: 0.0156 | Eval Perf: 0.4529
[94, 100] Train Error: 0.0007 | Train Perf: 0.9777 | Eval Error: 0.0154 | Eval Perf: 0.45
[95, 100] Train Error: 0.0007 | Train Perf: 0.9778 | Eval Error: 0.0152 | Eval Perf: 0.4558
[96, 100] Train Error: 0.0007 | Train Perf: 0.9784 | Eval Error: 0.0153 | Eval Perf: 0.4582
[97, 100] Train Error: 0.0007 | Train Perf: 0.9779 | Eval Error: 0.0155 | Eval Perf: 0.452
[98, 100] Train Error: 0.0007 | Train Perf: 0.9783 | Eval Error: 0.0153 | Eval Perf: 0.454
[99, 100] Train Error: 0.0006 | Train Perf: 0.9785 | Eval Error: 0.0155 | Eval Perf: 0.4503
[100, 100] Train Error: 0.0006 | Train Perf: 0.979 | Eval Error: 0.0154 | Eval Perf: 0.4571
