NETWORK SUMMARY
---------------
Input Layer shape: (1, 180)
Hidden Layer shape: (181, 3)
Output layer shape: (4, 1)
Total parameters: 547

[1, 100] Train Error: 0.0478 | Train Perf: 0.1421 | Eval Error: 0.0543 | Eval Perf: 0.1045
[2, 100] Train Error: 0.0501 | Train Perf: -0.0328 | Eval Error: 0.0494 | Eval Perf: 0.4575
[3, 100] Train Error: 0.0492 | Train Perf: -0.0247 | Eval Error: 0.0493 | Eval Perf: 0.5333
[4, 100] Train Error: 0.0467 | Train Perf: 0.1352 | Eval Error: 0.0473 | Eval Perf: 0.5799
[5, 100] Train Error: 0.0432 | Train Perf: 0.3142 | Eval Error: 0.0427 | Eval Perf: 0.624
[6, 100] Train Error: 0.0384 | Train Perf: 0.4594 | Eval Error: 0.0375 | Eval Perf: 0.6412
[7, 100] Train Error: 0.0348 | Train Perf: 0.555 | Eval Error: 0.0351 | Eval Perf: 0.664
[8, 100] Train Error: 0.0312 | Train Perf: 0.6185 | Eval Error: 0.0317 | Eval Perf: 0.7017
[9, 100] Train Error: 0.0273 | Train Perf: 0.6875 | Eval Error: 0.0291 | Eval Perf: 0.7289
[10, 100] Train Error: 0.0244 | Train Perf: 0.7189 | Eval Error: 0.0288 | Eval Perf: 0.7218
[11, 100] Train Error: 0.023 | Train Perf: 0.7356 | Eval Error: 0.0274 | Eval Perf: 0.7258
[12, 100] Train Error: 0.0195 | Train Perf: 0.784 | Eval Error: 0.0255 | Eval Perf: 0.7346
[13, 100] Train Error: 0.0177 | Train Perf: 0.8056 | Eval Error: 0.025 | Eval Perf: 0.73
[14, 100] Train Error: 0.017 | Train Perf: 0.8097 | Eval Error: 0.0239 | Eval Perf: 0.7565
[15, 100] Train Error: 0.0126 | Train Perf: 0.8668 | Eval Error: 0.0257 | Eval Perf: 0.7868
[16, 100] Train Error: 0.0143 | Train Perf: 0.8436 | Eval Error: 0.024 | Eval Perf: 0.7633
[17, 100] Train Error: 0.0137 | Train Perf: 0.8496 | Eval Error: 0.021 | Eval Perf: 0.7777
[18, 100] Train Error: 0.0118 | Train Perf: 0.8727 | Eval Error: 0.0197 | Eval Perf: 0.7885
[19, 100] Train Error: 0.0115 | Train Perf: 0.8739 | Eval Error: 0.0194 | Eval Perf: 0.7883
[20, 100] Train Error: 0.0109 | Train Perf: 0.8822 | Eval Error: 0.0183 | Eval Perf: 0.801
[21, 100] Train Error: 0.0096 | Train Perf: 0.8972 | Eval Error: 0.0188 | Eval Perf: 0.7936
[22, 100] Train Error: 0.0093 | Train Perf: 0.9007 | Eval Error: 0.0188 | Eval Perf: 0.7973
[23, 100] Train Error: 0.0081 | Train Perf: 0.9126 | Eval Error: 0.0195 | Eval Perf: 0.8025
[24, 100] Train Error: 0.0081 | Train Perf: 0.9142 | Eval Error: 0.018 | Eval Perf: 0.8058
[25, 100] Train Error: 0.0074 | Train Perf: 0.9211 | Eval Error: 0.017 | Eval Perf: 0.8147
[26, 100] Train Error: 0.0071 | Train Perf: 0.9247 | Eval Error: 0.0194 | Eval Perf: 0.806
[27, 100] Train Error: 0.0063 | Train Perf: 0.9347 | Eval Error: 0.0176 | Eval Perf: 0.8112
[28, 100] Train Error: 0.0056 | Train Perf: 0.9441 | Eval Error: 0.0169 | Eval Perf: 0.8141
[29, 100] Train Error: 0.005 | Train Perf: 0.9497 | Eval Error: 0.0232 | Eval Perf: 0.7846
[30, 100] Train Error: 0.0054 | Train Perf: 0.9429 | Eval Error: 0.016 | Eval Perf: 0.8254
[31, 100] Train Error: 0.0047 | Train Perf: 0.9503 | Eval Error: 0.016 | Eval Perf: 0.8255
[32, 100] Train Error: 0.0045 | Train Perf: 0.9531 | Eval Error: 0.0182 | Eval Perf: 0.8073
[33, 100] Train Error: 0.0042 | Train Perf: 0.9591 | Eval Error: 0.018 | Eval Perf: 0.8054
[34, 100] Train Error: 0.0041 | Train Perf: 0.9594 | Eval Error: 0.0192 | Eval Perf: 0.8011
[35, 100] Train Error: 0.0039 | Train Perf: 0.9597 | Eval Error: 0.0173 | Eval Perf: 0.8152
[36, 100] Train Error: 0.0037 | Train Perf: 0.9634 | Eval Error: 0.0188 | Eval Perf: 0.802
[37, 100] Train Error: 0.0028 | Train Perf: 0.9734 | Eval Error: 0.0183 | Eval Perf: 0.8005
[38, 100] Train Error: 0.0033 | Train Perf: 0.9673 | Eval Error: 0.0177 | Eval Perf: 0.8081
[39, 100] Train Error: 0.0028 | Train Perf: 0.9725 | Eval Error: 0.0186 | Eval Perf: 0.8014
[40, 100] Train Error: 0.0027 | Train Perf: 0.9732 | Eval Error: 0.0181 | Eval Perf: 0.806
[41, 100] Train Error: 0.0024 | Train Perf: 0.9769 | Eval Error: 0.0181 | Eval Perf: 0.8061
[42, 100] Train Error: 0.0024 | Train Perf: 0.9763 | Eval Error: 0.0194 | Eval Perf: 0.8026
[43, 100] Train Error: 0.0024 | Train Perf: 0.9772 | Eval Error: 0.0192 | Eval Perf: 0.8006
[44, 100] Train Error: 0.0019 | Train Perf: 0.984 | Eval Error: 0.0217 | Eval Perf: 0.7928
[45, 100] Train Error: 0.002 | Train Perf: 0.9815 | Eval Error: 0.0232 | Eval Perf: 0.792
[46, 100] Train Error: 0.0018 | Train Perf: 0.983 | Eval Error: 0.0193 | Eval Perf: 0.8044
[47, 100] Train Error: 0.0017 | Train Perf: 0.9842 | Eval Error: 0.0198 | Eval Perf: 0.801
[48, 100] Train Error: 0.0015 | Train Perf: 0.9872 | Eval Error: 0.0199 | Eval Perf: 0.8
[49, 100] Train Error: 0.0016 | Train Perf: 0.9853 | Eval Error: 0.0202 | Eval Perf: 0.8011
[50, 100] Train Error: 0.0014 | Train Perf: 0.9874 | Eval Error: 0.0194 | Eval Perf: 0.7988
[51, 100] Train Error: 0.0014 | Train Perf: 0.9882 | Eval Error: 0.0224 | Eval Perf: 0.7967
[52, 100] Train Error: 0.0014 | Train Perf: 0.9878 | Eval Error: 0.0203 | Eval Perf: 0.7973
[53, 100] Train Error: 0.0013 | Train Perf: 0.9878 | Eval Error: 0.0208 | Eval Perf: 0.8003
[54, 100] Train Error: 0.0012 | Train Perf: 0.989 | Eval Error: 0.0235 | Eval Perf: 0.7929
[55, 100] Train Error: 0.0012 | Train Perf: 0.9883 | Eval Error: 0.0215 | Eval Perf: 0.7951
[56, 100] Train Error: 0.0011 | Train Perf: 0.9897 | Eval Error: 0.0211 | Eval Perf: 0.7958
[57, 100] Train Error: 0.0011 | Train Perf: 0.9901 | Eval Error: 0.0217 | Eval Perf: 0.793
[58, 100] Train Error: 0.001 | Train Perf: 0.9913 | Eval Error: 0.0242 | Eval Perf: 0.7872
[59, 100] Train Error: 0.0011 | Train Perf: 0.9901 | Eval Error: 0.0214 | Eval Perf: 0.7936
[60, 100] Train Error: 0.001 | Train Perf: 0.9908 | Eval Error: 0.0225 | Eval Perf: 0.7893
[61, 100] Train Error: 0.0009 | Train Perf: 0.9913 | Eval Error: 0.0221 | Eval Perf: 0.7915
[62, 100] Train Error: 0.0009 | Train Perf: 0.9911 | Eval Error: 0.0229 | Eval Perf: 0.7881
[63, 100] Train Error: 0.0009 | Train Perf: 0.9918 | Eval Error: 0.022 | Eval Perf: 0.7925
[64, 100] Train Error: 0.0009 | Train Perf: 0.9917 | Eval Error: 0.023 | Eval Perf: 0.7898
[65, 100] Train Error: 0.0008 | Train Perf: 0.9922 | Eval Error: 0.0223 | Eval Perf: 0.7912
[66, 100] Train Error: 0.0007 | Train Perf: 0.993 | Eval Error: 0.0231 | Eval Perf: 0.7878
[67, 100] Train Error: 0.0008 | Train Perf: 0.9928 | Eval Error: 0.0227 | Eval Perf: 0.7897
[68, 100] Train Error: 0.0008 | Train Perf: 0.9922 | Eval Error: 0.0234 | Eval Perf: 0.7879
[69, 100] Train Error: 0.0008 | Train Perf: 0.9928 | Eval Error: 0.0235 | Eval Perf: 0.7879
[70, 100] Train Error: 0.0007 | Train Perf: 0.9931 | Eval Error: 0.0225 | Eval Perf: 0.7902
[71, 100] Train Error: 0.0007 | Train Perf: 0.9927 | Eval Error: 0.0232 | Eval Perf: 0.7899
[72, 100] Train Error: 0.0007 | Train Perf: 0.9931 | Eval Error: 0.0226 | Eval Perf: 0.7917
[73, 100] Train Error: 0.0007 | Train Perf: 0.9934 | Eval Error: 0.024 | Eval Perf: 0.7881
[74, 100] Train Error: 0.0007 | Train Perf: 0.9932 | Eval Error: 0.024 | Eval Perf: 0.7889
[75, 100] Train Error: 0.0006 | Train Perf: 0.9937 | Eval Error: 0.0235 | Eval Perf: 0.7873
[76, 100] Train Error: 0.0007 | Train Perf: 0.9938 | Eval Error: 0.0242 | Eval Perf: 0.7865
[77, 100] Train Error: 0.0006 | Train Perf: 0.9942 | Eval Error: 0.0239 | Eval Perf: 0.7843
[78, 100] Train Error: 0.0006 | Train Perf: 0.9941 | Eval Error: 0.0244 | Eval Perf: 0.7864
[79, 100] Train Error: 0.0006 | Train Perf: 0.9941 | Eval Error: 0.0238 | Eval Perf: 0.7868
[80, 100] Train Error: 0.0006 | Train Perf: 0.9943 | Eval Error: 0.024 | Eval Perf: 0.787
[81, 100] Train Error: 0.0006 | Train Perf: 0.9941 | Eval Error: 0.0244 | Eval Perf: 0.7861
[82, 100] Train Error: 0.0006 | Train Perf: 0.9947 | Eval Error: 0.0264 | Eval Perf: 0.7805
[83, 100] Train Error: 0.0006 | Train Perf: 0.9944 | Eval Error: 0.0254 | Eval Perf: 0.7834
[84, 100] Train Error: 0.0006 | Train Perf: 0.9939 | Eval Error: 0.0248 | Eval Perf: 0.7857
[85, 100] Train Error: 0.0006 | Train Perf: 0.9947 | Eval Error: 0.0263 | Eval Perf: 0.7813
[86, 100] Train Error: 0.0006 | Train Perf: 0.9944 | Eval Error: 0.024 | Eval Perf: 0.7883
[87, 100] Train Error: 0.0005 | Train Perf: 0.9949 | Eval Error: 0.0267 | Eval Perf: 0.7803
[88, 100] Train Error: 0.0006 | Train Perf: 0.9945 | Eval Error: 0.0251 | Eval Perf: 0.7846
[89, 100] Train Error: 0.0005 | Train Perf: 0.9951 | Eval Error: 0.0248 | Eval Perf: 0.7844
[90, 100] Train Error: 0.0005 | Train Perf: 0.9946 | Eval Error: 0.0247 | Eval Perf: 0.7866
[91, 100] Train Error: 0.0005 | Train Perf: 0.995 | Eval Error: 0.0251 | Eval Perf: 0.7855
[92, 100] Train Error: 0.0005 | Train Perf: 0.9951 | Eval Error: 0.0258 | Eval Perf: 0.783
[93, 100] Train Error: 0.0005 | Train Perf: 0.9949 | Eval Error: 0.025 | Eval Perf: 0.786
[94, 100] Train Error: 0.0005 | Train Perf: 0.9954 | Eval Error: 0.0252 | Eval Perf: 0.7841
[95, 100] Train Error: 0.0005 | Train Perf: 0.995 | Eval Error: 0.0245 | Eval Perf: 0.7887
[96, 100] Train Error: 0.0005 | Train Perf: 0.9952 | Eval Error: 0.0253 | Eval Perf: 0.785
[97, 100] Train Error: 0.0005 | Train Perf: 0.9955 | Eval Error: 0.0268 | Eval Perf: 0.7801
[98, 100] Train Error: 0.0005 | Train Perf: 0.9951 | Eval Error: 0.0253 | Eval Perf: 0.7843
[99, 100] Train Error: 0.0005 | Train Perf: 0.9953 | Eval Error: 0.0253 | Eval Perf: 0.7843
[100, 100] Train Error: 0.0005 | Train Perf: 0.9955 | Eval Error: 0.0267 | Eval Perf: 0.7814
