NETWORK SUMMARY
---------------
Input Layer shape: (1, 180)
Hidden Layer shape: (181, 5)
Output layer shape: (6, 1)
Total parameters: 911

[1, 100] Train Error: 0.0346 | Train Perf: 0.0425 | Eval Error: 0.0288 | Eval Perf: 0.5544
[2, 100] Train Error: 0.0248 | Train Perf: 0.5466 | Eval Error: 0.0216 | Eval Perf: 0.6169
[3, 100] Train Error: 0.0175 | Train Perf: 0.7027 | Eval Error: 0.0242 | Eval Perf: 0.6842
[4, 100] Train Error: 0.0151 | Train Perf: 0.7472 | Eval Error: 0.0184 | Eval Perf: 0.6988
[5, 100] Train Error: 0.0133 | Train Perf: 0.7816 | Eval Error: 0.0182 | Eval Perf: 0.6877
[6, 100] Train Error: 0.0124 | Train Perf: 0.7982 | Eval Error: 0.0203 | Eval Perf: 0.6801
[7, 100] Train Error: 0.0118 | Train Perf: 0.8093 | Eval Error: 0.019 | Eval Perf: 0.6819
[8, 100] Train Error: 0.0117 | Train Perf: 0.8128 | Eval Error: 0.0194 | Eval Perf: 0.676
[9, 100] Train Error: 0.0108 | Train Perf: 0.8273 | Eval Error: 0.0201 | Eval Perf: 0.6715
[10, 100] Train Error: 0.0109 | Train Perf: 0.8278 | Eval Error: 0.0204 | Eval Perf: 0.6709
[11, 100] Train Error: 0.0106 | Train Perf: 0.8325 | Eval Error: 0.0206 | Eval Perf: 0.6654
[12, 100] Train Error: 0.0106 | Train Perf: 0.8338 | Eval Error: 0.021 | Eval Perf: 0.6605
[13, 100] Train Error: 0.0101 | Train Perf: 0.84 | Eval Error: 0.0231 | Eval Perf: 0.6591
[14, 100] Train Error: 0.01 | Train Perf: 0.8423 | Eval Error: 0.0204 | Eval Perf: 0.672
[15, 100] Train Error: 0.0098 | Train Perf: 0.8463 | Eval Error: 0.022 | Eval Perf: 0.6623
[16, 100] Train Error: 0.0099 | Train Perf: 0.8449 | Eval Error: 0.0209 | Eval Perf: 0.6631
[17, 100] Train Error: 0.0096 | Train Perf: 0.8495 | Eval Error: 0.0225 | Eval Perf: 0.6566
[18, 100] Train Error: 0.0093 | Train Perf: 0.855 | Eval Error: 0.0209 | Eval Perf: 0.6684
[19, 100] Train Error: 0.009 | Train Perf: 0.8606 | Eval Error: 0.0209 | Eval Perf: 0.6639
[20, 100] Train Error: 0.009 | Train Perf: 0.859 | Eval Error: 0.0212 | Eval Perf: 0.6635
[21, 100] Train Error: 0.0087 | Train Perf: 0.8651 | Eval Error: 0.021 | Eval Perf: 0.6646
[22, 100] Train Error: 0.0086 | Train Perf: 0.8662 | Eval Error: 0.0218 | Eval Perf: 0.6535
[23, 100] Train Error: 0.0084 | Train Perf: 0.8693 | Eval Error: 0.0214 | Eval Perf: 0.6564
[24, 100] Train Error: 0.0082 | Train Perf: 0.8737 | Eval Error: 0.022 | Eval Perf: 0.6575
[25, 100] Train Error: 0.0079 | Train Perf: 0.8782 | Eval Error: 0.0247 | Eval Perf: 0.6483
[26, 100] Train Error: 0.0078 | Train Perf: 0.8804 | Eval Error: 0.0217 | Eval Perf: 0.663
[27, 100] Train Error: 0.0074 | Train Perf: 0.8866 | Eval Error: 0.0221 | Eval Perf: 0.6585
[28, 100] Train Error: 0.0071 | Train Perf: 0.8908 | Eval Error: 0.0214 | Eval Perf: 0.6646
[29, 100] Train Error: 0.0068 | Train Perf: 0.8959 | Eval Error: 0.0237 | Eval Perf: 0.6564
[30, 100] Train Error: 0.0065 | Train Perf: 0.9006 | Eval Error: 0.0213 | Eval Perf: 0.6683
[31, 100] Train Error: 0.0063 | Train Perf: 0.9043 | Eval Error: 0.0219 | Eval Perf: 0.6645
[32, 100] Train Error: 0.0059 | Train Perf: 0.9096 | Eval Error: 0.0217 | Eval Perf: 0.6623
[33, 100] Train Error: 0.0057 | Train Perf: 0.9129 | Eval Error: 0.0227 | Eval Perf: 0.6575
[34, 100] Train Error: 0.0054 | Train Perf: 0.9176 | Eval Error: 0.0258 | Eval Perf: 0.6527
[35, 100] Train Error: 0.0053 | Train Perf: 0.9195 | Eval Error: 0.0239 | Eval Perf: 0.6559
[36, 100] Train Error: 0.005 | Train Perf: 0.9242 | Eval Error: 0.0228 | Eval Perf: 0.6596
[37, 100] Train Error: 0.0047 | Train Perf: 0.9286 | Eval Error: 0.0228 | Eval Perf: 0.6615
[38, 100] Train Error: 0.0045 | Train Perf: 0.933 | Eval Error: 0.0237 | Eval Perf: 0.6567
[39, 100] Train Error: 0.0043 | Train Perf: 0.935 | Eval Error: 0.0234 | Eval Perf: 0.656
[40, 100] Train Error: 0.0041 | Train Perf: 0.9379 | Eval Error: 0.0236 | Eval Perf: 0.6547
[41, 100] Train Error: 0.0039 | Train Perf: 0.9411 | Eval Error: 0.0237 | Eval Perf: 0.6572
[42, 100] Train Error: 0.0038 | Train Perf: 0.9435 | Eval Error: 0.0237 | Eval Perf: 0.6532
[43, 100] Train Error: 0.0037 | Train Perf: 0.9452 | Eval Error: 0.0244 | Eval Perf: 0.6505
[44, 100] Train Error: 0.0035 | Train Perf: 0.9481 | Eval Error: 0.0249 | Eval Perf: 0.6488
[45, 100] Train Error: 0.0033 | Train Perf: 0.9505 | Eval Error: 0.0252 | Eval Perf: 0.6486
[46, 100] Train Error: 0.0032 | Train Perf: 0.9528 | Eval Error: 0.0239 | Eval Perf: 0.6492
[47, 100] Train Error: 0.0031 | Train Perf: 0.9547 | Eval Error: 0.0251 | Eval Perf: 0.6425
[48, 100] Train Error: 0.0029 | Train Perf: 0.9564 | Eval Error: 0.0241 | Eval Perf: 0.6455
[49, 100] Train Error: 0.0029 | Train Perf: 0.9576 | Eval Error: 0.025 | Eval Perf: 0.6418
[50, 100] Train Error: 0.0028 | Train Perf: 0.9591 | Eval Error: 0.0261 | Eval Perf: 0.6405
[51, 100] Train Error: 0.0027 | Train Perf: 0.9602 | Eval Error: 0.0255 | Eval Perf: 0.6393
[52, 100] Train Error: 0.0025 | Train Perf: 0.9631 | Eval Error: 0.0262 | Eval Perf: 0.6393
[53, 100] Train Error: 0.0025 | Train Perf: 0.9635 | Eval Error: 0.0251 | Eval Perf: 0.6391
[54, 100] Train Error: 0.0024 | Train Perf: 0.9653 | Eval Error: 0.0264 | Eval Perf: 0.6363
[55, 100] Train Error: 0.0023 | Train Perf: 0.9656 | Eval Error: 0.0254 | Eval Perf: 0.6384
[56, 100] Train Error: 0.0022 | Train Perf: 0.9672 | Eval Error: 0.0266 | Eval Perf: 0.6333
[57, 100] Train Error: 0.0021 | Train Perf: 0.9688 | Eval Error: 0.0265 | Eval Perf: 0.6322
[58, 100] Train Error: 0.0021 | Train Perf: 0.9697 | Eval Error: 0.0258 | Eval Perf: 0.635
[59, 100] Train Error: 0.002 | Train Perf: 0.9701 | Eval Error: 0.0259 | Eval Perf: 0.6345
[60, 100] Train Error: 0.0019 | Train Perf: 0.9715 | Eval Error: 0.0261 | Eval Perf: 0.6342
[61, 100] Train Error: 0.0019 | Train Perf: 0.9724 | Eval Error: 0.0269 | Eval Perf: 0.6289
[62, 100] Train Error: 0.0018 | Train Perf: 0.9731 | Eval Error: 0.0264 | Eval Perf: 0.632
[63, 100] Train Error: 0.0018 | Train Perf: 0.9741 | Eval Error: 0.0272 | Eval Perf: 0.6287
[64, 100] Train Error: 0.0017 | Train Perf: 0.9745 | Eval Error: 0.0268 | Eval Perf: 0.6274
[65, 100] Train Error: 0.0017 | Train Perf: 0.9753 | Eval Error: 0.0261 | Eval Perf: 0.63
[66, 100] Train Error: 0.0016 | Train Perf: 0.976 | Eval Error: 0.0279 | Eval Perf: 0.6264
[67, 100] Train Error: 0.0016 | Train Perf: 0.9764 | Eval Error: 0.027 | Eval Perf: 0.627
[68, 100] Train Error: 0.0015 | Train Perf: 0.9775 | Eval Error: 0.0268 | Eval Perf: 0.6257
[69, 100] Train Error: 0.0015 | Train Perf: 0.9783 | Eval Error: 0.0277 | Eval Perf: 0.6267
[70, 100] Train Error: 0.0015 | Train Perf: 0.9786 | Eval Error: 0.0276 | Eval Perf: 0.6253
[71, 100] Train Error: 0.0014 | Train Perf: 0.9789 | Eval Error: 0.027 | Eval Perf: 0.6254
[72, 100] Train Error: 0.0014 | Train Perf: 0.9794 | Eval Error: 0.0271 | Eval Perf: 0.626
[73, 100] Train Error: 0.0014 | Train Perf: 0.98 | Eval Error: 0.0278 | Eval Perf: 0.6241
[74, 100] Train Error: 0.0013 | Train Perf: 0.9806 | Eval Error: 0.0274 | Eval Perf: 0.6221
[75, 100] Train Error: 0.0013 | Train Perf: 0.981 | Eval Error: 0.0277 | Eval Perf: 0.6204
[76, 100] Train Error: 0.0013 | Train Perf: 0.9816 | Eval Error: 0.0274 | Eval Perf: 0.6199
[77, 100] Train Error: 0.0013 | Train Perf: 0.9817 | Eval Error: 0.0275 | Eval Perf: 0.6211
[78, 100] Train Error: 0.0012 | Train Perf: 0.9823 | Eval Error: 0.0273 | Eval Perf: 0.6205
[79, 100] Train Error: 0.0012 | Train Perf: 0.9823 | Eval Error: 0.0282 | Eval Perf: 0.6199
[80, 100] Train Error: 0.0012 | Train Perf: 0.9829 | Eval Error: 0.0277 | Eval Perf: 0.6197
[81, 100] Train Error: 0.0011 | Train Perf: 0.9835 | Eval Error: 0.0277 | Eval Perf: 0.6181
[82, 100] Train Error: 0.0011 | Train Perf: 0.9834 | Eval Error: 0.0285 | Eval Perf: 0.6172
[83, 100] Train Error: 0.0011 | Train Perf: 0.984 | Eval Error: 0.0273 | Eval Perf: 0.619
[84, 100] Train Error: 0.0011 | Train Perf: 0.9844 | Eval Error: 0.0279 | Eval Perf: 0.6188
[85, 100] Train Error: 0.0011 | Train Perf: 0.9845 | Eval Error: 0.0278 | Eval Perf: 0.6173
[86, 100] Train Error: 0.001 | Train Perf: 0.9848 | Eval Error: 0.0277 | Eval Perf: 0.6192
[87, 100] Train Error: 0.001 | Train Perf: 0.985 | Eval Error: 0.0286 | Eval Perf: 0.6161
[88, 100] Train Error: 0.001 | Train Perf: 0.9852 | Eval Error: 0.0286 | Eval Perf: 0.614
[89, 100] Train Error: 0.001 | Train Perf: 0.9856 | Eval Error: 0.0284 | Eval Perf: 0.6161
[90, 100] Train Error: 0.001 | Train Perf: 0.986 | Eval Error: 0.0283 | Eval Perf: 0.6154
[91, 100] Train Error: 0.0009 | Train Perf: 0.9864 | Eval Error: 0.0286 | Eval Perf: 0.6143
[92, 100] Train Error: 0.0009 | Train Perf: 0.9864 | Eval Error: 0.0285 | Eval Perf: 0.6149
[93, 100] Train Error: 0.0009 | Train Perf: 0.9868 | Eval Error: 0.0279 | Eval Perf: 0.614
[94, 100] Train Error: 0.0009 | Train Perf: 0.987 | Eval Error: 0.0285 | Eval Perf: 0.6125
[95, 100] Train Error: 0.0009 | Train Perf: 0.9874 | Eval Error: 0.0282 | Eval Perf: 0.612
[96, 100] Train Error: 0.0009 | Train Perf: 0.9875 | Eval Error: 0.0283 | Eval Perf: 0.6095
[97, 100] Train Error: 0.0008 | Train Perf: 0.9878 | Eval Error: 0.0288 | Eval Perf: 0.608
[98, 100] Train Error: 0.0008 | Train Perf: 0.988 | Eval Error: 0.029 | Eval Perf: 0.6075
[99, 100] Train Error: 0.0008 | Train Perf: 0.9882 | Eval Error: 0.0288 | Eval Perf: 0.6068
[100, 100] Train Error: 0.0008 | Train Perf: 0.9886 | Eval Error: 0.0292 | Eval Perf: 0.6058
