NETWORK SUMMARY
---------------
Input Layer shape: (1, 180)
Hidden Layer shape: (181, 3)
Output layer shape: (4, 1)
Total parameters: 547

[1, 100] Train Error: 0.0481 | Train Perf: 0.1468 | Eval Error: 0.0488 | Eval Perf: 0.3063
[2, 100] Train Error: 0.0482 | Train Perf: 0.0815 | Eval Error: 0.0431 | Eval Perf: 0.6047
[3, 100] Train Error: 0.041 | Train Perf: 0.4258 | Eval Error: 0.0357 | Eval Perf: 0.5914
[4, 100] Train Error: 0.0317 | Train Perf: 0.629 | Eval Error: 0.0294 | Eval Perf: 0.703
[5, 100] Train Error: 0.0237 | Train Perf: 0.7528 | Eval Error: 0.0318 | Eval Perf: 0.6771
[6, 100] Train Error: 0.0183 | Train Perf: 0.799 | Eval Error: 0.0141 | Eval Perf: 0.8698
[7, 100] Train Error: 0.016 | Train Perf: 0.8237 | Eval Error: 0.0128 | Eval Perf: 0.8621
[8, 100] Train Error: 0.0143 | Train Perf: 0.8407 | Eval Error: 0.0128 | Eval Perf: 0.8635
[9, 100] Train Error: 0.0136 | Train Perf: 0.8474 | Eval Error: 0.0136 | Eval Perf: 0.8628
[10, 100] Train Error: 0.0115 | Train Perf: 0.8752 | Eval Error: 0.0152 | Eval Perf: 0.8281
[11, 100] Train Error: 0.0119 | Train Perf: 0.871 | Eval Error: 0.0147 | Eval Perf: 0.8556
[12, 100] Train Error: 0.01 | Train Perf: 0.8913 | Eval Error: 0.0141 | Eval Perf: 0.8604
[13, 100] Train Error: 0.0085 | Train Perf: 0.9084 | Eval Error: 0.0128 | Eval Perf: 0.8655
[14, 100] Train Error: 0.007 | Train Perf: 0.9272 | Eval Error: 0.0118 | Eval Perf: 0.8691
[15, 100] Train Error: 0.0063 | Train Perf: 0.933 | Eval Error: 0.014 | Eval Perf: 0.8768
[16, 100] Train Error: 0.0063 | Train Perf: 0.9339 | Eval Error: 0.0118 | Eval Perf: 0.8729
[17, 100] Train Error: 0.0057 | Train Perf: 0.9399 | Eval Error: 0.0127 | Eval Perf: 0.8763
[18, 100] Train Error: 0.0061 | Train Perf: 0.9345 | Eval Error: 0.0127 | Eval Perf: 0.8687
[19, 100] Train Error: 0.0049 | Train Perf: 0.9482 | Eval Error: 0.0125 | Eval Perf: 0.8661
[20, 100] Train Error: 0.0048 | Train Perf: 0.9497 | Eval Error: 0.0132 | Eval Perf: 0.858
[21, 100] Train Error: 0.0046 | Train Perf: 0.9511 | Eval Error: 0.0139 | Eval Perf: 0.8538
[22, 100] Train Error: 0.0042 | Train Perf: 0.956 | Eval Error: 0.0134 | Eval Perf: 0.861
[23, 100] Train Error: 0.0043 | Train Perf: 0.9553 | Eval Error: 0.0127 | Eval Perf: 0.8654
[24, 100] Train Error: 0.0041 | Train Perf: 0.9568 | Eval Error: 0.0143 | Eval Perf: 0.8575
[25, 100] Train Error: 0.0037 | Train Perf: 0.9615 | Eval Error: 0.0137 | Eval Perf: 0.8578
[26, 100] Train Error: 0.0036 | Train Perf: 0.9622 | Eval Error: 0.0144 | Eval Perf: 0.8499
[27, 100] Train Error: 0.0035 | Train Perf: 0.9632 | Eval Error: 0.015 | Eval Perf: 0.8517
[28, 100] Train Error: 0.0035 | Train Perf: 0.9625 | Eval Error: 0.0145 | Eval Perf: 0.8563
[29, 100] Train Error: 0.0035 | Train Perf: 0.963 | Eval Error: 0.0149 | Eval Perf: 0.8419
[30, 100] Train Error: 0.0032 | Train Perf: 0.9662 | Eval Error: 0.014 | Eval Perf: 0.8504
[31, 100] Train Error: 0.0034 | Train Perf: 0.9647 | Eval Error: 0.0139 | Eval Perf: 0.8521
[32, 100] Train Error: 0.0034 | Train Perf: 0.9646 | Eval Error: 0.0144 | Eval Perf: 0.851
[33, 100] Train Error: 0.003 | Train Perf: 0.9683 | Eval Error: 0.0137 | Eval Perf: 0.8577
[34, 100] Train Error: 0.0033 | Train Perf: 0.9653 | Eval Error: 0.0145 | Eval Perf: 0.8495
[35, 100] Train Error: 0.0028 | Train Perf: 0.9706 | Eval Error: 0.0148 | Eval Perf: 0.8473
[36, 100] Train Error: 0.0029 | Train Perf: 0.9701 | Eval Error: 0.0142 | Eval Perf: 0.8492
[37, 100] Train Error: 0.0026 | Train Perf: 0.9725 | Eval Error: 0.0147 | Eval Perf: 0.8432
[38, 100] Train Error: 0.0027 | Train Perf: 0.9715 | Eval Error: 0.0159 | Eval Perf: 0.8375
[39, 100] Train Error: 0.003 | Train Perf: 0.9687 | Eval Error: 0.0155 | Eval Perf: 0.8339
[40, 100] Train Error: 0.0024 | Train Perf: 0.9749 | Eval Error: 0.0163 | Eval Perf: 0.8419
[41, 100] Train Error: 0.0025 | Train Perf: 0.9735 | Eval Error: 0.0147 | Eval Perf: 0.843
[42, 100] Train Error: 0.0023 | Train Perf: 0.9763 | Eval Error: 0.0151 | Eval Perf: 0.8425
[43, 100] Train Error: 0.0025 | Train Perf: 0.9736 | Eval Error: 0.0152 | Eval Perf: 0.8373
[44, 100] Train Error: 0.0023 | Train Perf: 0.9763 | Eval Error: 0.0145 | Eval Perf: 0.8522
[45, 100] Train Error: 0.0023 | Train Perf: 0.9764 | Eval Error: 0.015 | Eval Perf: 0.8422
[46, 100] Train Error: 0.0023 | Train Perf: 0.9761 | Eval Error: 0.0157 | Eval Perf: 0.8317
[47, 100] Train Error: 0.0027 | Train Perf: 0.972 | Eval Error: 0.0155 | Eval Perf: 0.8336
[48, 100] Train Error: 0.0023 | Train Perf: 0.9765 | Eval Error: 0.0162 | Eval Perf: 0.8288
[49, 100] Train Error: 0.002 | Train Perf: 0.9792 | Eval Error: 0.0159 | Eval Perf: 0.8323
[50, 100] Train Error: 0.0021 | Train Perf: 0.978 | Eval Error: 0.0157 | Eval Perf: 0.8383
[51, 100] Train Error: 0.0021 | Train Perf: 0.9781 | Eval Error: 0.0159 | Eval Perf: 0.8338
[52, 100] Train Error: 0.002 | Train Perf: 0.979 | Eval Error: 0.0165 | Eval Perf: 0.8319
[53, 100] Train Error: 0.002 | Train Perf: 0.9793 | Eval Error: 0.0163 | Eval Perf: 0.8269
[54, 100] Train Error: 0.0022 | Train Perf: 0.9776 | Eval Error: 0.0175 | Eval Perf: 0.8198
[55, 100] Train Error: 0.0022 | Train Perf: 0.9773 | Eval Error: 0.0163 | Eval Perf: 0.8277
[56, 100] Train Error: 0.0018 | Train Perf: 0.9812 | Eval Error: 0.017 | Eval Perf: 0.8159
[57, 100] Train Error: 0.0018 | Train Perf: 0.9815 | Eval Error: 0.0162 | Eval Perf: 0.8251
[58, 100] Train Error: 0.002 | Train Perf: 0.9786 | Eval Error: 0.0159 | Eval Perf: 0.8294
[59, 100] Train Error: 0.002 | Train Perf: 0.9796 | Eval Error: 0.0177 | Eval Perf: 0.8072
[60, 100] Train Error: 0.0018 | Train Perf: 0.9817 | Eval Error: 0.0171 | Eval Perf: 0.8139
[61, 100] Train Error: 0.0016 | Train Perf: 0.9835 | Eval Error: 0.0168 | Eval Perf: 0.8265
[62, 100] Train Error: 0.0016 | Train Perf: 0.9832 | Eval Error: 0.0163 | Eval Perf: 0.8291
[63, 100] Train Error: 0.0015 | Train Perf: 0.9843 | Eval Error: 0.0164 | Eval Perf: 0.826
[64, 100] Train Error: 0.0016 | Train Perf: 0.9832 | Eval Error: 0.0169 | Eval Perf: 0.8191
[65, 100] Train Error: 0.0017 | Train Perf: 0.9821 | Eval Error: 0.0163 | Eval Perf: 0.8317
[66, 100] Train Error: 0.0015 | Train Perf: 0.9848 | Eval Error: 0.0179 | Eval Perf: 0.819
[67, 100] Train Error: 0.0015 | Train Perf: 0.9843 | Eval Error: 0.0173 | Eval Perf: 0.8158
[68, 100] Train Error: 0.0015 | Train Perf: 0.9843 | Eval Error: 0.0165 | Eval Perf: 0.82
[69, 100] Train Error: 0.0015 | Train Perf: 0.9841 | Eval Error: 0.0178 | Eval Perf: 0.8093
[70, 100] Train Error: 0.0013 | Train Perf: 0.9874 | Eval Error: 0.0169 | Eval Perf: 0.8198
[71, 100] Train Error: 0.0013 | Train Perf: 0.9867 | Eval Error: 0.0175 | Eval Perf: 0.8144
[72, 100] Train Error: 0.0014 | Train Perf: 0.9858 | Eval Error: 0.0171 | Eval Perf: 0.8153
[73, 100] Train Error: 0.0013 | Train Perf: 0.9871 | Eval Error: 0.0184 | Eval Perf: 0.7959
[74, 100] Train Error: 0.0017 | Train Perf: 0.9821 | Eval Error: 0.0191 | Eval Perf: 0.797
[75, 100] Train Error: 0.0015 | Train Perf: 0.9846 | Eval Error: 0.0174 | Eval Perf: 0.8118
[76, 100] Train Error: 0.0015 | Train Perf: 0.9853 | Eval Error: 0.0172 | Eval Perf: 0.8224
[77, 100] Train Error: 0.0017 | Train Perf: 0.982 | Eval Error: 0.0173 | Eval Perf: 0.8192
[78, 100] Train Error: 0.0013 | Train Perf: 0.9871 | Eval Error: 0.0184 | Eval Perf: 0.8
[79, 100] Train Error: 0.0013 | Train Perf: 0.987 | Eval Error: 0.0175 | Eval Perf: 0.8146
[80, 100] Train Error: 0.0013 | Train Perf: 0.9866 | Eval Error: 0.0185 | Eval Perf: 0.7978
[81, 100] Train Error: 0.0014 | Train Perf: 0.9859 | Eval Error: 0.0174 | Eval Perf: 0.8127
[82, 100] Train Error: 0.0013 | Train Perf: 0.9864 | Eval Error: 0.0193 | Eval Perf: 0.7922
[83, 100] Train Error: 0.0012 | Train Perf: 0.9881 | Eval Error: 0.0182 | Eval Perf: 0.8053
[84, 100] Train Error: 0.0017 | Train Perf: 0.9824 | Eval Error: 0.0173 | Eval Perf: 0.8176
[85, 100] Train Error: 0.0013 | Train Perf: 0.9872 | Eval Error: 0.0187 | Eval Perf: 0.8023
[86, 100] Train Error: 0.0012 | Train Perf: 0.9876 | Eval Error: 0.0186 | Eval Perf: 0.8001
[87, 100] Train Error: 0.0011 | Train Perf: 0.9886 | Eval Error: 0.0185 | Eval Perf: 0.8031
[88, 100] Train Error: 0.0012 | Train Perf: 0.9882 | Eval Error: 0.0177 | Eval Perf: 0.8151
[89, 100] Train Error: 0.0009 | Train Perf: 0.9907 | Eval Error: 0.0187 | Eval Perf: 0.8012
[90, 100] Train Error: 0.001 | Train Perf: 0.9902 | Eval Error: 0.0185 | Eval Perf: 0.799
[91, 100] Train Error: 0.001 | Train Perf: 0.9897 | Eval Error: 0.019 | Eval Perf: 0.7954
[92, 100] Train Error: 0.0011 | Train Perf: 0.9895 | Eval Error: 0.0182 | Eval Perf: 0.8085
[93, 100] Train Error: 0.001 | Train Perf: 0.9895 | Eval Error: 0.0197 | Eval Perf: 0.7877
[94, 100] Train Error: 0.0012 | Train Perf: 0.9879 | Eval Error: 0.0184 | Eval Perf: 0.8128
[95, 100] Train Error: 0.0013 | Train Perf: 0.9864 | Eval Error: 0.0191 | Eval Perf: 0.799
[96, 100] Train Error: 0.0009 | Train Perf: 0.9908 | Eval Error: 0.0186 | Eval Perf: 0.803
[97, 100] Train Error: 0.0012 | Train Perf: 0.9881 | Eval Error: 0.0191 | Eval Perf: 0.7958
[98, 100] Train Error: 0.0011 | Train Perf: 0.9886 | Eval Error: 0.0188 | Eval Perf: 0.8004
[99, 100] Train Error: 0.001 | Train Perf: 0.9901 | Eval Error: 0.019 | Eval Perf: 0.8024
[100, 100] Train Error: 0.0009 | Train Perf: 0.9914 | Eval Error: 0.0188 | Eval Perf: 0.8023
