NETWORK SUMMARY
---------------
Input Layer shape: (1, 180)
Hidden Layer shape: (181, 3)
Output layer shape: (4, 1)
Total parameters: 547

[1, 100] Train Error: 0.0509 | Train Perf: 0.0231 | Eval Error: 0.0449 | Eval Perf: 0.363
[2, 100] Train Error: 0.0475 | Train Perf: 0.1719 | Eval Error: 0.0403 | Eval Perf: 0.5113
[3, 100] Train Error: 0.0397 | Train Perf: 0.4979 | Eval Error: 0.032 | Eval Perf: 0.6356
[4, 100] Train Error: 0.0301 | Train Perf: 0.6575 | Eval Error: 0.0218 | Eval Perf: 0.7988
[5, 100] Train Error: 0.0216 | Train Perf: 0.7727 | Eval Error: 0.0278 | Eval Perf: 0.6915
[6, 100] Train Error: 0.0182 | Train Perf: 0.8007 | Eval Error: 0.018 | Eval Perf: 0.794
[7, 100] Train Error: 0.0144 | Train Perf: 0.8458 | Eval Error: 0.0237 | Eval Perf: 0.6877
[8, 100] Train Error: 0.0125 | Train Perf: 0.8679 | Eval Error: 0.0194 | Eval Perf: 0.7629
[9, 100] Train Error: 0.0103 | Train Perf: 0.8918 | Eval Error: 0.0251 | Eval Perf: 0.7507
[10, 100] Train Error: 0.0113 | Train Perf: 0.8774 | Eval Error: 0.0187 | Eval Perf: 0.7628
[11, 100] Train Error: 0.0095 | Train Perf: 0.9001 | Eval Error: 0.0178 | Eval Perf: 0.7744
[12, 100] Train Error: 0.0078 | Train Perf: 0.9192 | Eval Error: 0.0192 | Eval Perf: 0.7552
[13, 100] Train Error: 0.0064 | Train Perf: 0.933 | Eval Error: 0.0232 | Eval Perf: 0.7065
[14, 100] Train Error: 0.007 | Train Perf: 0.9259 | Eval Error: 0.0192 | Eval Perf: 0.7635
[15, 100] Train Error: 0.0058 | Train Perf: 0.9392 | Eval Error: 0.0197 | Eval Perf: 0.7632
[16, 100] Train Error: 0.0059 | Train Perf: 0.9393 | Eval Error: 0.0155 | Eval Perf: 0.809
[17, 100] Train Error: 0.0071 | Train Perf: 0.9247 | Eval Error: 0.018 | Eval Perf: 0.7949
[18, 100] Train Error: 0.006 | Train Perf: 0.9375 | Eval Error: 0.0197 | Eval Perf: 0.7462
[19, 100] Train Error: 0.0055 | Train Perf: 0.9425 | Eval Error: 0.0195 | Eval Perf: 0.7483
[20, 100] Train Error: 0.005 | Train Perf: 0.9483 | Eval Error: 0.0198 | Eval Perf: 0.7437
[21, 100] Train Error: 0.0046 | Train Perf: 0.9527 | Eval Error: 0.0195 | Eval Perf: 0.7884
[22, 100] Train Error: 0.0047 | Train Perf: 0.9516 | Eval Error: 0.0183 | Eval Perf: 0.7839
[23, 100] Train Error: 0.0045 | Train Perf: 0.953 | Eval Error: 0.0186 | Eval Perf: 0.7875
[24, 100] Train Error: 0.0048 | Train Perf: 0.9493 | Eval Error: 0.0197 | Eval Perf: 0.7473
[25, 100] Train Error: 0.0045 | Train Perf: 0.9536 | Eval Error: 0.0189 | Eval Perf: 0.7596
[26, 100] Train Error: 0.0046 | Train Perf: 0.9523 | Eval Error: 0.0188 | Eval Perf: 0.7611
[27, 100] Train Error: 0.004 | Train Perf: 0.9584 | Eval Error: 0.0197 | Eval Perf: 0.7539
[28, 100] Train Error: 0.004 | Train Perf: 0.9586 | Eval Error: 0.0263 | Eval Perf: 0.6805
[29, 100] Train Error: 0.0042 | Train Perf: 0.9569 | Eval Error: 0.0199 | Eval Perf: 0.7501
[30, 100] Train Error: 0.0036 | Train Perf: 0.9623 | Eval Error: 0.0209 | Eval Perf: 0.754
[31, 100] Train Error: 0.0038 | Train Perf: 0.9602 | Eval Error: 0.0203 | Eval Perf: 0.754
[32, 100] Train Error: 0.0038 | Train Perf: 0.9602 | Eval Error: 0.0197 | Eval Perf: 0.7504
[33, 100] Train Error: 0.0031 | Train Perf: 0.9676 | Eval Error: 0.0257 | Eval Perf: 0.6799
[34, 100] Train Error: 0.0034 | Train Perf: 0.9642 | Eval Error: 0.0198 | Eval Perf: 0.7491
[35, 100] Train Error: 0.0031 | Train Perf: 0.9684 | Eval Error: 0.0216 | Eval Perf: 0.7191
[36, 100] Train Error: 0.0032 | Train Perf: 0.9669 | Eval Error: 0.0215 | Eval Perf: 0.7582
[37, 100] Train Error: 0.003 | Train Perf: 0.9687 | Eval Error: 0.0208 | Eval Perf: 0.7628
[38, 100] Train Error: 0.0034 | Train Perf: 0.965 | Eval Error: 0.0219 | Eval Perf: 0.7145
[39, 100] Train Error: 0.0029 | Train Perf: 0.9703 | Eval Error: 0.023 | Eval Perf: 0.7049
[40, 100] Train Error: 0.0029 | Train Perf: 0.9698 | Eval Error: 0.0227 | Eval Perf: 0.7507
[41, 100] Train Error: 0.003 | Train Perf: 0.9692 | Eval Error: 0.0205 | Eval Perf: 0.7402
[42, 100] Train Error: 0.0031 | Train Perf: 0.9676 | Eval Error: 0.0341 | Eval Perf: 0.6075
[43, 100] Train Error: 0.0034 | Train Perf: 0.9651 | Eval Error: 0.0207 | Eval Perf: 0.7482
[44, 100] Train Error: 0.003 | Train Perf: 0.9686 | Eval Error: 0.0218 | Eval Perf: 0.7313
[45, 100] Train Error: 0.0027 | Train Perf: 0.9717 | Eval Error: 0.0251 | Eval Perf: 0.6862
[46, 100] Train Error: 0.0024 | Train Perf: 0.975 | Eval Error: 0.0213 | Eval Perf: 0.7296
[47, 100] Train Error: 0.0026 | Train Perf: 0.973 | Eval Error: 0.023 | Eval Perf: 0.7076
[48, 100] Train Error: 0.0027 | Train Perf: 0.9724 | Eval Error: 0.0223 | Eval Perf: 0.7286
[49, 100] Train Error: 0.0027 | Train Perf: 0.9718 | Eval Error: 0.0234 | Eval Perf: 0.6985
[50, 100] Train Error: 0.0026 | Train Perf: 0.9733 | Eval Error: 0.0218 | Eval Perf: 0.7402
[51, 100] Train Error: 0.0024 | Train Perf: 0.9759 | Eval Error: 0.0225 | Eval Perf: 0.7199
[52, 100] Train Error: 0.0028 | Train Perf: 0.9711 | Eval Error: 0.0218 | Eval Perf: 0.7411
[53, 100] Train Error: 0.0024 | Train Perf: 0.9748 | Eval Error: 0.0253 | Eval Perf: 0.7001
[54, 100] Train Error: 0.0025 | Train Perf: 0.9742 | Eval Error: 0.0243 | Eval Perf: 0.7044
[55, 100] Train Error: 0.0026 | Train Perf: 0.9731 | Eval Error: 0.0235 | Eval Perf: 0.7108
[56, 100] Train Error: 0.0022 | Train Perf: 0.9773 | Eval Error: 0.0219 | Eval Perf: 0.7252
[57, 100] Train Error: 0.0022 | Train Perf: 0.9769 | Eval Error: 0.024 | Eval Perf: 0.6927
[58, 100] Train Error: 0.0026 | Train Perf: 0.973 | Eval Error: 0.0248 | Eval Perf: 0.6775
[59, 100] Train Error: 0.0023 | Train Perf: 0.9767 | Eval Error: 0.0239 | Eval Perf: 0.6918
[60, 100] Train Error: 0.002 | Train Perf: 0.9795 | Eval Error: 0.0225 | Eval Perf: 0.7189
[61, 100] Train Error: 0.0023 | Train Perf: 0.9764 | Eval Error: 0.0227 | Eval Perf: 0.7125
[62, 100] Train Error: 0.0022 | Train Perf: 0.9768 | Eval Error: 0.0231 | Eval Perf: 0.7111
[63, 100] Train Error: 0.0023 | Train Perf: 0.9766 | Eval Error: 0.0248 | Eval Perf: 0.711
[64, 100] Train Error: 0.0023 | Train Perf: 0.9762 | Eval Error: 0.0256 | Eval Perf: 0.6763
[65, 100] Train Error: 0.0019 | Train Perf: 0.9801 | Eval Error: 0.0267 | Eval Perf: 0.711
[66, 100] Train Error: 0.0023 | Train Perf: 0.9762 | Eval Error: 0.0262 | Eval Perf: 0.6583
[67, 100] Train Error: 0.0027 | Train Perf: 0.9724 | Eval Error: 0.0222 | Eval Perf: 0.7275
[68, 100] Train Error: 0.0022 | Train Perf: 0.9778 | Eval Error: 0.023 | Eval Perf: 0.7082
[69, 100] Train Error: 0.002 | Train Perf: 0.9799 | Eval Error: 0.024 | Eval Perf: 0.712
[70, 100] Train Error: 0.0018 | Train Perf: 0.9815 | Eval Error: 0.024 | Eval Perf: 0.6878
[71, 100] Train Error: 0.002 | Train Perf: 0.9793 | Eval Error: 0.024 | Eval Perf: 0.6955
[72, 100] Train Error: 0.0024 | Train Perf: 0.9755 | Eval Error: 0.0256 | Eval Perf: 0.6639
[73, 100] Train Error: 0.0021 | Train Perf: 0.9779 | Eval Error: 0.0254 | Eval Perf: 0.6974
[74, 100] Train Error: 0.0024 | Train Perf: 0.9755 | Eval Error: 0.0253 | Eval Perf: 0.6698
[75, 100] Train Error: 0.0019 | Train Perf: 0.9804 | Eval Error: 0.0245 | Eval Perf: 0.6814
[76, 100] Train Error: 0.002 | Train Perf: 0.979 | Eval Error: 0.0237 | Eval Perf: 0.7018
[77, 100] Train Error: 0.0021 | Train Perf: 0.978 | Eval Error: 0.0248 | Eval Perf: 0.6874
[78, 100] Train Error: 0.0019 | Train Perf: 0.9804 | Eval Error: 0.0247 | Eval Perf: 0.6819
[79, 100] Train Error: 0.0021 | Train Perf: 0.9788 | Eval Error: 0.0261 | Eval Perf: 0.6844
[80, 100] Train Error: 0.0021 | Train Perf: 0.9788 | Eval Error: 0.0272 | Eval Perf: 0.6547
[81, 100] Train Error: 0.002 | Train Perf: 0.9797 | Eval Error: 0.0247 | Eval Perf: 0.7033
[82, 100] Train Error: 0.0023 | Train Perf: 0.9767 | Eval Error: 0.028 | Eval Perf: 0.6357
[83, 100] Train Error: 0.0023 | Train Perf: 0.9762 | Eval Error: 0.0255 | Eval Perf: 0.6867
[84, 100] Train Error: 0.0018 | Train Perf: 0.9818 | Eval Error: 0.0256 | Eval Perf: 0.666
[85, 100] Train Error: 0.0019 | Train Perf: 0.9805 | Eval Error: 0.0271 | Eval Perf: 0.6886
[86, 100] Train Error: 0.0017 | Train Perf: 0.9827 | Eval Error: 0.0269 | Eval Perf: 0.6685
[87, 100] Train Error: 0.002 | Train Perf: 0.9793 | Eval Error: 0.0261 | Eval Perf: 0.6584
[88, 100] Train Error: 0.002 | Train Perf: 0.9797 | Eval Error: 0.0268 | Eval Perf: 0.6522
[89, 100] Train Error: 0.0018 | Train Perf: 0.9814 | Eval Error: 0.0265 | Eval Perf: 0.6719
[90, 100] Train Error: 0.0018 | Train Perf: 0.9816 | Eval Error: 0.0256 | Eval Perf: 0.6712
[91, 100] Train Error: 0.0019 | Train Perf: 0.9804 | Eval Error: 0.0278 | Eval Perf: 0.651
[92, 100] Train Error: 0.0019 | Train Perf: 0.9807 | Eval Error: 0.0272 | Eval Perf: 0.6495
[93, 100] Train Error: 0.0018 | Train Perf: 0.9813 | Eval Error: 0.0244 | Eval Perf: 0.6888
[94, 100] Train Error: 0.0018 | Train Perf: 0.9814 | Eval Error: 0.03 | Eval Perf: 0.6153
[95, 100] Train Error: 0.0018 | Train Perf: 0.9813 | Eval Error: 0.0272 | Eval Perf: 0.6543
[96, 100] Train Error: 0.0019 | Train Perf: 0.981 | Eval Error: 0.0276 | Eval Perf: 0.6432
[97, 100] Train Error: 0.0016 | Train Perf: 0.9839 | Eval Error: 0.0274 | Eval Perf: 0.6536
[98, 100] Train Error: 0.0016 | Train Perf: 0.984 | Eval Error: 0.0271 | Eval Perf: 0.6574
[99, 100] Train Error: 0.0016 | Train Perf: 0.9831 | Eval Error: 0.0275 | Eval Perf: 0.6754
[100, 100] Train Error: 0.0016 | Train Perf: 0.9837 | Eval Error: 0.0261 | Eval Perf: 0.6713
