NETWORK SUMMARY
---------------
Input Layer shape: (1, 180)
Hidden Layer shape: (181, 5)
Output layer shape: (6, 1)
Total parameters: 911

[1, 100] Train Error: 0.0105 | Train Perf: -0.0578 | Eval Error: 0.0047 | Eval Perf: 0.089
[2, 100] Train Error: 0.0045 | Train Perf: -0.0023 | Eval Error: 0.0045 | Eval Perf: 0.1218
[3, 100] Train Error: 0.0045 | Train Perf: -0.0106 | Eval Error: 0.0045 | Eval Perf: 0.1543
[4, 100] Train Error: 0.0045 | Train Perf: 0.0241 | Eval Error: 0.0045 | Eval Perf: 0.1857
[5, 100] Train Error: 0.0044 | Train Perf: 0.0637 | Eval Error: 0.0045 | Eval Perf: 0.2158
[6, 100] Train Error: 0.0044 | Train Perf: 0.1061 | Eval Error: 0.0045 | Eval Perf: 0.2442
[7, 100] Train Error: 0.0044 | Train Perf: 0.1365 | Eval Error: 0.0045 | Eval Perf: 0.2708
[8, 100] Train Error: 0.0044 | Train Perf: 0.1779 | Eval Error: 0.0044 | Eval Perf: 0.2954
[9, 100] Train Error: 0.0044 | Train Perf: 0.2114 | Eval Error: 0.0044 | Eval Perf: 0.3181
[10, 100] Train Error: 0.0044 | Train Perf: 0.2442 | Eval Error: 0.0044 | Eval Perf: 0.3388
[11, 100] Train Error: 0.0043 | Train Perf: 0.2811 | Eval Error: 0.0044 | Eval Perf: 0.3577
[12, 100] Train Error: 0.0043 | Train Perf: 0.3141 | Eval Error: 0.0044 | Eval Perf: 0.3748
[13, 100] Train Error: 0.0043 | Train Perf: 0.3347 | Eval Error: 0.0044 | Eval Perf: 0.3902
[14, 100] Train Error: 0.0043 | Train Perf: 0.3577 | Eval Error: 0.0044 | Eval Perf: 0.4042
[15, 100] Train Error: 0.0043 | Train Perf: 0.3751 | Eval Error: 0.0044 | Eval Perf: 0.4168
[16, 100] Train Error: 0.0043 | Train Perf: 0.4024 | Eval Error: 0.0043 | Eval Perf: 0.4281
[17, 100] Train Error: 0.0042 | Train Perf: 0.4272 | Eval Error: 0.0043 | Eval Perf: 0.4382
[18, 100] Train Error: 0.0042 | Train Perf: 0.4416 | Eval Error: 0.0043 | Eval Perf: 0.4473
[19, 100] Train Error: 0.0042 | Train Perf: 0.4625 | Eval Error: 0.0043 | Eval Perf: 0.4555
[20, 100] Train Error: 0.0042 | Train Perf: 0.4764 | Eval Error: 0.0043 | Eval Perf: 0.4629
[21, 100] Train Error: 0.0042 | Train Perf: 0.4869 | Eval Error: 0.0043 | Eval Perf: 0.4695
[22, 100] Train Error: 0.0042 | Train Perf: 0.4865 | Eval Error: 0.0043 | Eval Perf: 0.4755
[23, 100] Train Error: 0.0041 | Train Perf: 0.5114 | Eval Error: 0.0042 | Eval Perf: 0.4809
[24, 100] Train Error: 0.0041 | Train Perf: 0.5231 | Eval Error: 0.0042 | Eval Perf: 0.4858
[25, 100] Train Error: 0.0041 | Train Perf: 0.5278 | Eval Error: 0.0042 | Eval Perf: 0.4902
[26, 100] Train Error: 0.0041 | Train Perf: 0.5328 | Eval Error: 0.0042 | Eval Perf: 0.4945
[27, 100] Train Error: 0.0041 | Train Perf: 0.5431 | Eval Error: 0.0042 | Eval Perf: 0.4982
[28, 100] Train Error: 0.004 | Train Perf: 0.552 | Eval Error: 0.0042 | Eval Perf: 0.5016
[29, 100] Train Error: 0.004 | Train Perf: 0.5554 | Eval Error: 0.0042 | Eval Perf: 0.5047
[30, 100] Train Error: 0.004 | Train Perf: 0.5704 | Eval Error: 0.0041 | Eval Perf: 0.5075
[31, 100] Train Error: 0.004 | Train Perf: 0.5785 | Eval Error: 0.0041 | Eval Perf: 0.51
[32, 100] Train Error: 0.0039 | Train Perf: 0.5824 | Eval Error: 0.0041 | Eval Perf: 0.5124
[33, 100] Train Error: 0.0039 | Train Perf: 0.5879 | Eval Error: 0.0041 | Eval Perf: 0.5147
[34, 100] Train Error: 0.0039 | Train Perf: 0.5926 | Eval Error: 0.0041 | Eval Perf: 0.5167
[35, 100] Train Error: 0.0039 | Train Perf: 0.5953 | Eval Error: 0.004 | Eval Perf: 0.5187
[36, 100] Train Error: 0.0038 | Train Perf: 0.6002 | Eval Error: 0.004 | Eval Perf: 0.5204
[37, 100] Train Error: 0.0038 | Train Perf: 0.6038 | Eval Error: 0.004 | Eval Perf: 0.5221
[38, 100] Train Error: 0.0038 | Train Perf: 0.6041 | Eval Error: 0.004 | Eval Perf: 0.5237
[39, 100] Train Error: 0.0038 | Train Perf: 0.6091 | Eval Error: 0.004 | Eval Perf: 0.5252
[40, 100] Train Error: 0.0037 | Train Perf: 0.6093 | Eval Error: 0.004 | Eval Perf: 0.5267
[41, 100] Train Error: 0.0037 | Train Perf: 0.6168 | Eval Error: 0.0039 | Eval Perf: 0.5279
[42, 100] Train Error: 0.0037 | Train Perf: 0.62 | Eval Error: 0.0039 | Eval Perf: 0.5289
[43, 100] Train Error: 0.0037 | Train Perf: 0.6252 | Eval Error: 0.0039 | Eval Perf: 0.5299
[44, 100] Train Error: 0.0036 | Train Perf: 0.6286 | Eval Error: 0.0039 | Eval Perf: 0.5309
[45, 100] Train Error: 0.0036 | Train Perf: 0.6279 | Eval Error: 0.0039 | Eval Perf: 0.5322
[46, 100] Train Error: 0.0036 | Train Perf: 0.6312 | Eval Error: 0.0038 | Eval Perf: 0.5335
[47, 100] Train Error: 0.0035 | Train Perf: 0.6369 | Eval Error: 0.0038 | Eval Perf: 0.5342
[48, 100] Train Error: 0.0035 | Train Perf: 0.6413 | Eval Error: 0.0038 | Eval Perf: 0.5347
[49, 100] Train Error: 0.0035 | Train Perf: 0.6415 | Eval Error: 0.0038 | Eval Perf: 0.5357
[50, 100] Train Error: 0.0034 | Train Perf: 0.644 | Eval Error: 0.0037 | Eval Perf: 0.5366
[51, 100] Train Error: 0.0034 | Train Perf: 0.6497 | Eval Error: 0.0037 | Eval Perf: 0.5372
[52, 100] Train Error: 0.0034 | Train Perf: 0.6498 | Eval Error: 0.0037 | Eval Perf: 0.5382
[53, 100] Train Error: 0.0033 | Train Perf: 0.6509 | Eval Error: 0.0037 | Eval Perf: 0.539
[54, 100] Train Error: 0.0033 | Train Perf: 0.6548 | Eval Error: 0.0037 | Eval Perf: 0.5397
[55, 100] Train Error: 0.0033 | Train Perf: 0.6562 | Eval Error: 0.0036 | Eval Perf: 0.5402
[56, 100] Train Error: 0.0032 | Train Perf: 0.6589 | Eval Error: 0.0036 | Eval Perf: 0.5409
[57, 100] Train Error: 0.0032 | Train Perf: 0.6626 | Eval Error: 0.0036 | Eval Perf: 0.5414
[58, 100] Train Error: 0.0032 | Train Perf: 0.6645 | Eval Error: 0.0036 | Eval Perf: 0.5423
[59, 100] Train Error: 0.0031 | Train Perf: 0.6691 | Eval Error: 0.0036 | Eval Perf: 0.5423
[60, 100] Train Error: 0.0031 | Train Perf: 0.6689 | Eval Error: 0.0035 | Eval Perf: 0.543
[61, 100] Train Error: 0.0031 | Train Perf: 0.6725 | Eval Error: 0.0035 | Eval Perf: 0.5436
[62, 100] Train Error: 0.003 | Train Perf: 0.6763 | Eval Error: 0.0035 | Eval Perf: 0.5437
[63, 100] Train Error: 0.003 | Train Perf: 0.6741 | Eval Error: 0.0035 | Eval Perf: 0.5447
[64, 100] Train Error: 0.003 | Train Perf: 0.6801 | Eval Error: 0.0035 | Eval Perf: 0.5448
[65, 100] Train Error: 0.0029 | Train Perf: 0.6799 | Eval Error: 0.0034 | Eval Perf: 0.5453
[66, 100] Train Error: 0.0029 | Train Perf: 0.6833 | Eval Error: 0.0034 | Eval Perf: 0.5455
[67, 100] Train Error: 0.0028 | Train Perf: 0.6876 | Eval Error: 0.0034 | Eval Perf: 0.5457
[68, 100] Train Error: 0.0028 | Train Perf: 0.6871 | Eval Error: 0.0034 | Eval Perf: 0.5462
[69, 100] Train Error: 0.0028 | Train Perf: 0.6902 | Eval Error: 0.0034 | Eval Perf: 0.5465
[70, 100] Train Error: 0.0027 | Train Perf: 0.6914 | Eval Error: 0.0034 | Eval Perf: 0.5474
[71, 100] Train Error: 0.0027 | Train Perf: 0.6947 | Eval Error: 0.0033 | Eval Perf: 0.5477
[72, 100] Train Error: 0.0027 | Train Perf: 0.6961 | Eval Error: 0.0033 | Eval Perf: 0.5483
[73, 100] Train Error: 0.0026 | Train Perf: 0.6984 | Eval Error: 0.0033 | Eval Perf: 0.5482
[74, 100] Train Error: 0.0026 | Train Perf: 0.7008 | Eval Error: 0.0033 | Eval Perf: 0.5484
[75, 100] Train Error: 0.0026 | Train Perf: 0.7044 | Eval Error: 0.0033 | Eval Perf: 0.5484
[76, 100] Train Error: 0.0026 | Train Perf: 0.7049 | Eval Error: 0.0033 | Eval Perf: 0.5488
[77, 100] Train Error: 0.0025 | Train Perf: 0.7077 | Eval Error: 0.0033 | Eval Perf: 0.5493
[78, 100] Train Error: 0.0025 | Train Perf: 0.7093 | Eval Error: 0.0033 | Eval Perf: 0.5494
[79, 100] Train Error: 0.0025 | Train Perf: 0.7166 | Eval Error: 0.0032 | Eval Perf: 0.5488
[80, 100] Train Error: 0.0024 | Train Perf: 0.7139 | Eval Error: 0.0032 | Eval Perf: 0.5495
[81, 100] Train Error: 0.0024 | Train Perf: 0.7155 | Eval Error: 0.0032 | Eval Perf: 0.5499
[82, 100] Train Error: 0.0024 | Train Perf: 0.7179 | Eval Error: 0.0032 | Eval Perf: 0.5502
[83, 100] Train Error: 0.0024 | Train Perf: 0.7205 | Eval Error: 0.0032 | Eval Perf: 0.5501
[84, 100] Train Error: 0.0023 | Train Perf: 0.7225 | Eval Error: 0.0032 | Eval Perf: 0.5505
[85, 100] Train Error: 0.0023 | Train Perf: 0.7246 | Eval Error: 0.0032 | Eval Perf: 0.5502
[86, 100] Train Error: 0.0023 | Train Perf: 0.7267 | Eval Error: 0.0032 | Eval Perf: 0.5501
[87, 100] Train Error: 0.0023 | Train Perf: 0.7283 | Eval Error: 0.0032 | Eval Perf: 0.55
[88, 100] Train Error: 0.0022 | Train Perf: 0.73 | Eval Error: 0.0032 | Eval Perf: 0.5503
[89, 100] Train Error: 0.0022 | Train Perf: 0.733 | Eval Error: 0.0032 | Eval Perf: 0.5501
[90, 100] Train Error: 0.0022 | Train Perf: 0.7348 | Eval Error: 0.0032 | Eval Perf: 0.55
[91, 100] Train Error: 0.0022 | Train Perf: 0.7366 | Eval Error: 0.0032 | Eval Perf: 0.5498
[92, 100] Train Error: 0.0021 | Train Perf: 0.7383 | Eval Error: 0.0032 | Eval Perf: 0.5499
[93, 100] Train Error: 0.0021 | Train Perf: 0.7406 | Eval Error: 0.0032 | Eval Perf: 0.55
[94, 100] Train Error: 0.0021 | Train Perf: 0.7428 | Eval Error: 0.0032 | Eval Perf: 0.5495
[95, 100] Train Error: 0.0021 | Train Perf: 0.7454 | Eval Error: 0.0032 | Eval Perf: 0.5489
[96, 100] Train Error: 0.0021 | Train Perf: 0.7455 | Eval Error: 0.0032 | Eval Perf: 0.549
[97, 100] Train Error: 0.002 | Train Perf: 0.7485 | Eval Error: 0.0032 | Eval Perf: 0.5492
[98, 100] Train Error: 0.002 | Train Perf: 0.7522 | Eval Error: 0.0032 | Eval Perf: 0.5483
[99, 100] Train Error: 0.002 | Train Perf: 0.7509 | Eval Error: 0.0032 | Eval Perf: 0.5483
[100, 100] Train Error: 0.002 | Train Perf: 0.7533 | Eval Error: 0.0032 | Eval Perf: 0.5481
