NETWORK SUMMARY
---------------
Input Layer shape: (1, 180)
Hidden Layer shape: (181, 5)
Output layer shape: (6, 1)
Total parameters: 911

[1, 100] Train Error: 0.0231 | Train Perf: 0.3869 | Eval Error: 0.0163 | Eval Perf: 0.6768
[2, 100] Train Error: 0.0168 | Train Perf: 0.6161 | Eval Error: 0.0158 | Eval Perf: 0.6674
[3, 100] Train Error: 0.0141 | Train Perf: 0.6931 | Eval Error: 0.0132 | Eval Perf: 0.7082
[4, 100] Train Error: 0.0129 | Train Perf: 0.7246 | Eval Error: 0.0135 | Eval Perf: 0.7429
[5, 100] Train Error: 0.0118 | Train Perf: 0.7514 | Eval Error: 0.013 | Eval Perf: 0.7218
[6, 100] Train Error: 0.0108 | Train Perf: 0.7762 | Eval Error: 0.0124 | Eval Perf: 0.7404
[7, 100] Train Error: 0.0099 | Train Perf: 0.7978 | Eval Error: 0.0133 | Eval Perf: 0.7444
[8, 100] Train Error: 0.0098 | Train Perf: 0.8001 | Eval Error: 0.0129 | Eval Perf: 0.7255
[9, 100] Train Error: 0.0094 | Train Perf: 0.809 | Eval Error: 0.0135 | Eval Perf: 0.7127
[10, 100] Train Error: 0.0088 | Train Perf: 0.8211 | Eval Error: 0.0159 | Eval Perf: 0.7073
[11, 100] Train Error: 0.008 | Train Perf: 0.8394 | Eval Error: 0.0146 | Eval Perf: 0.7092
[12, 100] Train Error: 0.0079 | Train Perf: 0.8432 | Eval Error: 0.0131 | Eval Perf: 0.7228
[13, 100] Train Error: 0.0076 | Train Perf: 0.8479 | Eval Error: 0.0144 | Eval Perf: 0.7065
[14, 100] Train Error: 0.0073 | Train Perf: 0.8555 | Eval Error: 0.0142 | Eval Perf: 0.7117
[15, 100] Train Error: 0.0069 | Train Perf: 0.8638 | Eval Error: 0.015 | Eval Perf: 0.6856
[16, 100] Train Error: 0.007 | Train Perf: 0.8612 | Eval Error: 0.0142 | Eval Perf: 0.7056
[17, 100] Train Error: 0.0066 | Train Perf: 0.869 | Eval Error: 0.0144 | Eval Perf: 0.7015
[18, 100] Train Error: 0.0063 | Train Perf: 0.8766 | Eval Error: 0.0144 | Eval Perf: 0.7036
[19, 100] Train Error: 0.006 | Train Perf: 0.8831 | Eval Error: 0.0153 | Eval Perf: 0.6961
[20, 100] Train Error: 0.0059 | Train Perf: 0.8846 | Eval Error: 0.0164 | Eval Perf: 0.6906
[21, 100] Train Error: 0.006 | Train Perf: 0.8829 | Eval Error: 0.0172 | Eval Perf: 0.672
[22, 100] Train Error: 0.0059 | Train Perf: 0.8842 | Eval Error: 0.0156 | Eval Perf: 0.6894
[23, 100] Train Error: 0.0055 | Train Perf: 0.8925 | Eval Error: 0.0161 | Eval Perf: 0.6843
[24, 100] Train Error: 0.0053 | Train Perf: 0.8963 | Eval Error: 0.0168 | Eval Perf: 0.6853
[25, 100] Train Error: 0.0053 | Train Perf: 0.8968 | Eval Error: 0.0164 | Eval Perf: 0.6725
[26, 100] Train Error: 0.005 | Train Perf: 0.9039 | Eval Error: 0.0164 | Eval Perf: 0.6794
[27, 100] Train Error: 0.0049 | Train Perf: 0.9043 | Eval Error: 0.0161 | Eval Perf: 0.6812
[28, 100] Train Error: 0.0049 | Train Perf: 0.9054 | Eval Error: 0.015 | Eval Perf: 0.6922
[29, 100] Train Error: 0.0048 | Train Perf: 0.9076 | Eval Error: 0.0181 | Eval Perf: 0.669
[30, 100] Train Error: 0.0046 | Train Perf: 0.9111 | Eval Error: 0.0193 | Eval Perf: 0.6591
[31, 100] Train Error: 0.0043 | Train Perf: 0.9164 | Eval Error: 0.0184 | Eval Perf: 0.6725
[32, 100] Train Error: 0.0046 | Train Perf: 0.9114 | Eval Error: 0.0187 | Eval Perf: 0.6711
[33, 100] Train Error: 0.0044 | Train Perf: 0.9143 | Eval Error: 0.0184 | Eval Perf: 0.6618
[34, 100] Train Error: 0.0044 | Train Perf: 0.9162 | Eval Error: 0.016 | Eval Perf: 0.6838
[35, 100] Train Error: 0.0042 | Train Perf: 0.9191 | Eval Error: 0.0173 | Eval Perf: 0.6714
[36, 100] Train Error: 0.004 | Train Perf: 0.9227 | Eval Error: 0.0158 | Eval Perf: 0.678
[37, 100] Train Error: 0.004 | Train Perf: 0.9232 | Eval Error: 0.0184 | Eval Perf: 0.6476
[38, 100] Train Error: 0.004 | Train Perf: 0.9242 | Eval Error: 0.0172 | Eval Perf: 0.67
[39, 100] Train Error: 0.0039 | Train Perf: 0.9261 | Eval Error: 0.0182 | Eval Perf: 0.6628
[40, 100] Train Error: 0.0038 | Train Perf: 0.9267 | Eval Error: 0.0175 | Eval Perf: 0.6585
[41, 100] Train Error: 0.0038 | Train Perf: 0.9264 | Eval Error: 0.0179 | Eval Perf: 0.6641
[42, 100] Train Error: 0.0038 | Train Perf: 0.9283 | Eval Error: 0.0181 | Eval Perf: 0.6564
[43, 100] Train Error: 0.0038 | Train Perf: 0.9274 | Eval Error: 0.0195 | Eval Perf: 0.6569
[44, 100] Train Error: 0.0036 | Train Perf: 0.9305 | Eval Error: 0.0171 | Eval Perf: 0.6697
[45, 100] Train Error: 0.0036 | Train Perf: 0.9314 | Eval Error: 0.0183 | Eval Perf: 0.6408
[46, 100] Train Error: 0.0035 | Train Perf: 0.9337 | Eval Error: 0.0199 | Eval Perf: 0.6573
[47, 100] Train Error: 0.0036 | Train Perf: 0.9322 | Eval Error: 0.0182 | Eval Perf: 0.6598
[48, 100] Train Error: 0.0035 | Train Perf: 0.933 | Eval Error: 0.0188 | Eval Perf: 0.6521
[49, 100] Train Error: 0.0035 | Train Perf: 0.934 | Eval Error: 0.0201 | Eval Perf: 0.6475
[50, 100] Train Error: 0.0035 | Train Perf: 0.9343 | Eval Error: 0.0179 | Eval Perf: 0.6588
[51, 100] Train Error: 0.0034 | Train Perf: 0.9359 | Eval Error: 0.0178 | Eval Perf: 0.6622
[52, 100] Train Error: 0.0034 | Train Perf: 0.9354 | Eval Error: 0.021 | Eval Perf: 0.6498
[53, 100] Train Error: 0.0032 | Train Perf: 0.939 | Eval Error: 0.0204 | Eval Perf: 0.6445
[54, 100] Train Error: 0.0033 | Train Perf: 0.9381 | Eval Error: 0.0184 | Eval Perf: 0.6477
[55, 100] Train Error: 0.0031 | Train Perf: 0.9406 | Eval Error: 0.0205 | Eval Perf: 0.6389
[56, 100] Train Error: 0.0031 | Train Perf: 0.9404 | Eval Error: 0.0205 | Eval Perf: 0.6532
[57, 100] Train Error: 0.0032 | Train Perf: 0.9397 | Eval Error: 0.0204 | Eval Perf: 0.6357
[58, 100] Train Error: 0.0032 | Train Perf: 0.9396 | Eval Error: 0.02 | Eval Perf: 0.638
[59, 100] Train Error: 0.0031 | Train Perf: 0.9403 | Eval Error: 0.0202 | Eval Perf: 0.6454
[60, 100] Train Error: 0.0031 | Train Perf: 0.9414 | Eval Error: 0.0209 | Eval Perf: 0.631
[61, 100] Train Error: 0.0031 | Train Perf: 0.9408 | Eval Error: 0.0202 | Eval Perf: 0.6341
[62, 100] Train Error: 0.0029 | Train Perf: 0.9442 | Eval Error: 0.019 | Eval Perf: 0.6446
[63, 100] Train Error: 0.003 | Train Perf: 0.9428 | Eval Error: 0.0197 | Eval Perf: 0.6398
[64, 100] Train Error: 0.0029 | Train Perf: 0.9442 | Eval Error: 0.022 | Eval Perf: 0.6321
[65, 100] Train Error: 0.0028 | Train Perf: 0.9466 | Eval Error: 0.0201 | Eval Perf: 0.6478
[66, 100] Train Error: 0.0029 | Train Perf: 0.9452 | Eval Error: 0.0231 | Eval Perf: 0.6281
[67, 100] Train Error: 0.0028 | Train Perf: 0.9472 | Eval Error: 0.0195 | Eval Perf: 0.6418
[68, 100] Train Error: 0.0029 | Train Perf: 0.9459 | Eval Error: 0.0213 | Eval Perf: 0.6249
[69, 100] Train Error: 0.0029 | Train Perf: 0.9454 | Eval Error: 0.0204 | Eval Perf: 0.641
[70, 100] Train Error: 0.0029 | Train Perf: 0.9457 | Eval Error: 0.0204 | Eval Perf: 0.6359
[71, 100] Train Error: 0.0028 | Train Perf: 0.9466 | Eval Error: 0.0212 | Eval Perf: 0.6309
[72, 100] Train Error: 0.0027 | Train Perf: 0.949 | Eval Error: 0.0205 | Eval Perf: 0.6327
[73, 100] Train Error: 0.0028 | Train Perf: 0.9477 | Eval Error: 0.0204 | Eval Perf: 0.6364
[74, 100] Train Error: 0.0028 | Train Perf: 0.9477 | Eval Error: 0.0192 | Eval Perf: 0.6396
[75, 100] Train Error: 0.0026 | Train Perf: 0.9502 | Eval Error: 0.0198 | Eval Perf: 0.6294
[76, 100] Train Error: 0.0026 | Train Perf: 0.9504 | Eval Error: 0.0216 | Eval Perf: 0.6212
[77, 100] Train Error: 0.0026 | Train Perf: 0.9512 | Eval Error: 0.0216 | Eval Perf: 0.622
[78, 100] Train Error: 0.0027 | Train Perf: 0.9484 | Eval Error: 0.02 | Eval Perf: 0.628
[79, 100] Train Error: 0.0025 | Train Perf: 0.9526 | Eval Error: 0.0215 | Eval Perf: 0.6276
[80, 100] Train Error: 0.0025 | Train Perf: 0.9536 | Eval Error: 0.0205 | Eval Perf: 0.6342
[81, 100] Train Error: 0.0025 | Train Perf: 0.9535 | Eval Error: 0.0207 | Eval Perf: 0.6304
[82, 100] Train Error: 0.0025 | Train Perf: 0.952 | Eval Error: 0.0201 | Eval Perf: 0.6223
[83, 100] Train Error: 0.0025 | Train Perf: 0.9528 | Eval Error: 0.022 | Eval Perf: 0.6143
[84, 100] Train Error: 0.0024 | Train Perf: 0.9543 | Eval Error: 0.0226 | Eval Perf: 0.623
[85, 100] Train Error: 0.0024 | Train Perf: 0.9544 | Eval Error: 0.0237 | Eval Perf: 0.6144
[86, 100] Train Error: 0.0024 | Train Perf: 0.9549 | Eval Error: 0.0206 | Eval Perf: 0.621
[87, 100] Train Error: 0.0024 | Train Perf: 0.9546 | Eval Error: 0.0219 | Eval Perf: 0.616
[88, 100] Train Error: 0.0023 | Train Perf: 0.9557 | Eval Error: 0.0215 | Eval Perf: 0.6215
[89, 100] Train Error: 0.0024 | Train Perf: 0.9549 | Eval Error: 0.0237 | Eval Perf: 0.6123
[90, 100] Train Error: 0.0024 | Train Perf: 0.9538 | Eval Error: 0.0222 | Eval Perf: 0.621
[91, 100] Train Error: 0.0025 | Train Perf: 0.9534 | Eval Error: 0.0218 | Eval Perf: 0.6288
[92, 100] Train Error: 0.0024 | Train Perf: 0.955 | Eval Error: 0.021 | Eval Perf: 0.6232
[93, 100] Train Error: 0.0023 | Train Perf: 0.9564 | Eval Error: 0.0236 | Eval Perf: 0.6232
[94, 100] Train Error: 0.0023 | Train Perf: 0.9563 | Eval Error: 0.0226 | Eval Perf: 0.6154
[95, 100] Train Error: 0.0023 | Train Perf: 0.9559 | Eval Error: 0.022 | Eval Perf: 0.6132
[96, 100] Train Error: 0.0022 | Train Perf: 0.9578 | Eval Error: 0.022 | Eval Perf: 0.6245
[97, 100] Train Error: 0.0023 | Train Perf: 0.9557 | Eval Error: 0.0222 | Eval Perf: 0.6226
[98, 100] Train Error: 0.0023 | Train Perf: 0.9558 | Eval Error: 0.0225 | Eval Perf: 0.6109
[99, 100] Train Error: 0.0023 | Train Perf: 0.9561 | Eval Error: 0.0233 | Eval Perf: 0.6016
[100, 100] Train Error: 0.0022 | Train Perf: 0.9585 | Eval Error: 0.0241 | Eval Perf: 0.6103
