NETWORK SUMMARY
---------------
Input Layer shape: (1, 180)
Hidden Layer shape: (181, 5)
Output layer shape: (6, 1)
Total parameters: 911

[1, 100] Train Error: 0.0241 | Train Perf: 0.4981 | Eval Error: 0.0174 | Eval Perf: 0.7332
[2, 100] Train Error: 0.013 | Train Perf: 0.7681 | Eval Error: 0.0125 | Eval Perf: 0.7818
[3, 100] Train Error: 0.0114 | Train Perf: 0.803 | Eval Error: 0.0115 | Eval Perf: 0.7997
[4, 100] Train Error: 0.0105 | Train Perf: 0.8204 | Eval Error: 0.0117 | Eval Perf: 0.7991
[5, 100] Train Error: 0.0104 | Train Perf: 0.8229 | Eval Error: 0.0119 | Eval Perf: 0.795
[6, 100] Train Error: 0.01 | Train Perf: 0.8293 | Eval Error: 0.0121 | Eval Perf: 0.7913
[7, 100] Train Error: 0.0096 | Train Perf: 0.8368 | Eval Error: 0.0127 | Eval Perf: 0.7843
[8, 100] Train Error: 0.0093 | Train Perf: 0.8428 | Eval Error: 0.0117 | Eval Perf: 0.8033
[9, 100] Train Error: 0.0093 | Train Perf: 0.8424 | Eval Error: 0.0124 | Eval Perf: 0.8
[10, 100] Train Error: 0.009 | Train Perf: 0.8466 | Eval Error: 0.0115 | Eval Perf: 0.8034
[11, 100] Train Error: 0.0088 | Train Perf: 0.8506 | Eval Error: 0.0126 | Eval Perf: 0.8037
[12, 100] Train Error: 0.0088 | Train Perf: 0.852 | Eval Error: 0.0166 | Eval Perf: 0.8017
[13, 100] Train Error: 0.0086 | Train Perf: 0.8548 | Eval Error: 0.0115 | Eval Perf: 0.8038
[14, 100] Train Error: 0.0082 | Train Perf: 0.8625 | Eval Error: 0.0115 | Eval Perf: 0.8102
[15, 100] Train Error: 0.0083 | Train Perf: 0.8606 | Eval Error: 0.0111 | Eval Perf: 0.8122
[16, 100] Train Error: 0.0079 | Train Perf: 0.8672 | Eval Error: 0.0117 | Eval Perf: 0.8084
[17, 100] Train Error: 0.0078 | Train Perf: 0.8701 | Eval Error: 0.0119 | Eval Perf: 0.8087
[18, 100] Train Error: 0.0076 | Train Perf: 0.8724 | Eval Error: 0.0111 | Eval Perf: 0.8107
[19, 100] Train Error: 0.0075 | Train Perf: 0.8752 | Eval Error: 0.0116 | Eval Perf: 0.8085
[20, 100] Train Error: 0.0073 | Train Perf: 0.8781 | Eval Error: 0.0112 | Eval Perf: 0.8132
[21, 100] Train Error: 0.0071 | Train Perf: 0.8817 | Eval Error: 0.0134 | Eval Perf: 0.8017
[22, 100] Train Error: 0.0069 | Train Perf: 0.8865 | Eval Error: 0.0127 | Eval Perf: 0.7982
[23, 100] Train Error: 0.0068 | Train Perf: 0.8878 | Eval Error: 0.0113 | Eval Perf: 0.8112
[24, 100] Train Error: 0.0066 | Train Perf: 0.8915 | Eval Error: 0.0116 | Eval Perf: 0.8125
[25, 100] Train Error: 0.0063 | Train Perf: 0.8959 | Eval Error: 0.0127 | Eval Perf: 0.8039
[26, 100] Train Error: 0.0063 | Train Perf: 0.8968 | Eval Error: 0.012 | Eval Perf: 0.802
[27, 100] Train Error: 0.0061 | Train Perf: 0.9001 | Eval Error: 0.0118 | Eval Perf: 0.8054
[28, 100] Train Error: 0.0059 | Train Perf: 0.903 | Eval Error: 0.0125 | Eval Perf: 0.7998
[29, 100] Train Error: 0.0058 | Train Perf: 0.9064 | Eval Error: 0.0134 | Eval Perf: 0.8002
[30, 100] Train Error: 0.0055 | Train Perf: 0.9102 | Eval Error: 0.0123 | Eval Perf: 0.8001
[31, 100] Train Error: 0.0054 | Train Perf: 0.9126 | Eval Error: 0.0126 | Eval Perf: 0.7911
[32, 100] Train Error: 0.0052 | Train Perf: 0.9155 | Eval Error: 0.0128 | Eval Perf: 0.7891
[33, 100] Train Error: 0.0051 | Train Perf: 0.9177 | Eval Error: 0.0123 | Eval Perf: 0.7954
[34, 100] Train Error: 0.005 | Train Perf: 0.9195 | Eval Error: 0.0136 | Eval Perf: 0.7839
[35, 100] Train Error: 0.0048 | Train Perf: 0.9221 | Eval Error: 0.0133 | Eval Perf: 0.7868
[36, 100] Train Error: 0.0048 | Train Perf: 0.9238 | Eval Error: 0.0149 | Eval Perf: 0.7862
[37, 100] Train Error: 0.0046 | Train Perf: 0.9265 | Eval Error: 0.0137 | Eval Perf: 0.781
[38, 100] Train Error: 0.0044 | Train Perf: 0.9288 | Eval Error: 0.0133 | Eval Perf: 0.7853
[39, 100] Train Error: 0.0044 | Train Perf: 0.9297 | Eval Error: 0.0137 | Eval Perf: 0.7774
[40, 100] Train Error: 0.0043 | Train Perf: 0.9308 | Eval Error: 0.0145 | Eval Perf: 0.7798
[41, 100] Train Error: 0.0042 | Train Perf: 0.9327 | Eval Error: 0.0139 | Eval Perf: 0.7783
[42, 100] Train Error: 0.0042 | Train Perf: 0.9337 | Eval Error: 0.0139 | Eval Perf: 0.7758
[43, 100] Train Error: 0.0041 | Train Perf: 0.9349 | Eval Error: 0.0145 | Eval Perf: 0.7678
[44, 100] Train Error: 0.004 | Train Perf: 0.9372 | Eval Error: 0.0143 | Eval Perf: 0.769
[45, 100] Train Error: 0.004 | Train Perf: 0.9372 | Eval Error: 0.014 | Eval Perf: 0.7749
[46, 100] Train Error: 0.0038 | Train Perf: 0.9404 | Eval Error: 0.0146 | Eval Perf: 0.7693
[47, 100] Train Error: 0.0038 | Train Perf: 0.9398 | Eval Error: 0.0143 | Eval Perf: 0.7693
[48, 100] Train Error: 0.0037 | Train Perf: 0.9411 | Eval Error: 0.0152 | Eval Perf: 0.7682
[49, 100] Train Error: 0.0037 | Train Perf: 0.9418 | Eval Error: 0.0147 | Eval Perf: 0.768
[50, 100] Train Error: 0.0036 | Train Perf: 0.9434 | Eval Error: 0.0148 | Eval Perf: 0.7661
[51, 100] Train Error: 0.0036 | Train Perf: 0.9434 | Eval Error: 0.0151 | Eval Perf: 0.7688
[52, 100] Train Error: 0.0035 | Train Perf: 0.9446 | Eval Error: 0.0146 | Eval Perf: 0.766
[53, 100] Train Error: 0.0034 | Train Perf: 0.9464 | Eval Error: 0.0148 | Eval Perf: 0.7647
[54, 100] Train Error: 0.0034 | Train Perf: 0.946 | Eval Error: 0.0154 | Eval Perf: 0.7686
[55, 100] Train Error: 0.0034 | Train Perf: 0.9468 | Eval Error: 0.0158 | Eval Perf: 0.76
[56, 100] Train Error: 0.0033 | Train Perf: 0.9477 | Eval Error: 0.0149 | Eval Perf: 0.7638
[57, 100] Train Error: 0.0033 | Train Perf: 0.9479 | Eval Error: 0.0153 | Eval Perf: 0.7632
[58, 100] Train Error: 0.0032 | Train Perf: 0.9497 | Eval Error: 0.0155 | Eval Perf: 0.763
[59, 100] Train Error: 0.0032 | Train Perf: 0.9497 | Eval Error: 0.0161 | Eval Perf: 0.7595
[60, 100] Train Error: 0.0032 | Train Perf: 0.9496 | Eval Error: 0.0154 | Eval Perf: 0.7578
[61, 100] Train Error: 0.0032 | Train Perf: 0.9503 | Eval Error: 0.0172 | Eval Perf: 0.7565
[62, 100] Train Error: 0.0032 | Train Perf: 0.9505 | Eval Error: 0.016 | Eval Perf: 0.7546
[63, 100] Train Error: 0.0031 | Train Perf: 0.9513 | Eval Error: 0.0154 | Eval Perf: 0.758
[64, 100] Train Error: 0.0031 | Train Perf: 0.952 | Eval Error: 0.016 | Eval Perf: 0.7617
[65, 100] Train Error: 0.0031 | Train Perf: 0.9519 | Eval Error: 0.0158 | Eval Perf: 0.7541
[66, 100] Train Error: 0.003 | Train Perf: 0.9533 | Eval Error: 0.0168 | Eval Perf: 0.7526
[67, 100] Train Error: 0.0031 | Train Perf: 0.9521 | Eval Error: 0.0158 | Eval Perf: 0.7582
[68, 100] Train Error: 0.003 | Train Perf: 0.9535 | Eval Error: 0.016 | Eval Perf: 0.7581
[69, 100] Train Error: 0.0029 | Train Perf: 0.9546 | Eval Error: 0.0164 | Eval Perf: 0.7531
[70, 100] Train Error: 0.0029 | Train Perf: 0.9544 | Eval Error: 0.0159 | Eval Perf: 0.7541
[71, 100] Train Error: 0.0029 | Train Perf: 0.9548 | Eval Error: 0.0163 | Eval Perf: 0.7536
[72, 100] Train Error: 0.0029 | Train Perf: 0.955 | Eval Error: 0.0163 | Eval Perf: 0.7521
[73, 100] Train Error: 0.0029 | Train Perf: 0.9554 | Eval Error: 0.0158 | Eval Perf: 0.7554
[74, 100] Train Error: 0.0028 | Train Perf: 0.9556 | Eval Error: 0.0162 | Eval Perf: 0.7487
[75, 100] Train Error: 0.0028 | Train Perf: 0.9562 | Eval Error: 0.016 | Eval Perf: 0.7515
[76, 100] Train Error: 0.0028 | Train Perf: 0.9564 | Eval Error: 0.0168 | Eval Perf: 0.7554
[77, 100] Train Error: 0.0028 | Train Perf: 0.9567 | Eval Error: 0.0164 | Eval Perf: 0.7502
[78, 100] Train Error: 0.0028 | Train Perf: 0.957 | Eval Error: 0.0171 | Eval Perf: 0.7506
[79, 100] Train Error: 0.0028 | Train Perf: 0.9571 | Eval Error: 0.0164 | Eval Perf: 0.751
[80, 100] Train Error: 0.0027 | Train Perf: 0.9573 | Eval Error: 0.0161 | Eval Perf: 0.7492
[81, 100] Train Error: 0.0027 | Train Perf: 0.9576 | Eval Error: 0.0163 | Eval Perf: 0.7507
[82, 100] Train Error: 0.0027 | Train Perf: 0.9581 | Eval Error: 0.0164 | Eval Perf: 0.753
[83, 100] Train Error: 0.0027 | Train Perf: 0.9581 | Eval Error: 0.0166 | Eval Perf: 0.7511
[84, 100] Train Error: 0.0027 | Train Perf: 0.9584 | Eval Error: 0.0163 | Eval Perf: 0.7518
[85, 100] Train Error: 0.0027 | Train Perf: 0.9584 | Eval Error: 0.0164 | Eval Perf: 0.7494
[86, 100] Train Error: 0.0026 | Train Perf: 0.9592 | Eval Error: 0.0164 | Eval Perf: 0.7474
[87, 100] Train Error: 0.0026 | Train Perf: 0.9595 | Eval Error: 0.0167 | Eval Perf: 0.7501
[88, 100] Train Error: 0.0026 | Train Perf: 0.96 | Eval Error: 0.0164 | Eval Perf: 0.7425
[89, 100] Train Error: 0.0026 | Train Perf: 0.96 | Eval Error: 0.018 | Eval Perf: 0.7468
[90, 100] Train Error: 0.0026 | Train Perf: 0.9594 | Eval Error: 0.0169 | Eval Perf: 0.746
[91, 100] Train Error: 0.0026 | Train Perf: 0.9598 | Eval Error: 0.0171 | Eval Perf: 0.7434
[92, 100] Train Error: 0.0026 | Train Perf: 0.9604 | Eval Error: 0.0168 | Eval Perf: 0.7433
[93, 100] Train Error: 0.0025 | Train Perf: 0.9612 | Eval Error: 0.0171 | Eval Perf: 0.7466
[94, 100] Train Error: 0.0025 | Train Perf: 0.9607 | Eval Error: 0.0174 | Eval Perf: 0.7406
[95, 100] Train Error: 0.0025 | Train Perf: 0.9608 | Eval Error: 0.0168 | Eval Perf: 0.7412
[96, 100] Train Error: 0.0025 | Train Perf: 0.9615 | Eval Error: 0.0168 | Eval Perf: 0.7443
[97, 100] Train Error: 0.0025 | Train Perf: 0.9613 | Eval Error: 0.0164 | Eval Perf: 0.7454
[98, 100] Train Error: 0.0025 | Train Perf: 0.9618 | Eval Error: 0.0167 | Eval Perf: 0.7459
[99, 100] Train Error: 0.0024 | Train Perf: 0.9622 | Eval Error: 0.017 | Eval Perf: 0.7354
[100, 100] Train Error: 0.0024 | Train Perf: 0.9623 | Eval Error: 0.0168 | Eval Perf: 0.7409
