NETWORK SUMMARY
---------------
Input Layer shape: (1, 180)
Hidden Layer shape: (181, 5)
Output layer shape: (6, 1)
Total parameters: 911

[1, 100] Train Error: 0.0298 | Train Perf: 0.578 | Eval Error: 0.0244 | Eval Perf: 0.6791
[2, 100] Train Error: 0.0209 | Train Perf: 0.7293 | Eval Error: 0.0208 | Eval Perf: 0.7473
[3, 100] Train Error: 0.0184 | Train Perf: 0.7668 | Eval Error: 0.0199 | Eval Perf: 0.7756
[4, 100] Train Error: 0.0168 | Train Perf: 0.7896 | Eval Error: 0.0237 | Eval Perf: 0.7528
[5, 100] Train Error: 0.0163 | Train Perf: 0.7975 | Eval Error: 0.0178 | Eval Perf: 0.7774
[6, 100] Train Error: 0.0155 | Train Perf: 0.8089 | Eval Error: 0.0181 | Eval Perf: 0.7756
[7, 100] Train Error: 0.0147 | Train Perf: 0.82 | Eval Error: 0.018 | Eval Perf: 0.7725
[8, 100] Train Error: 0.0138 | Train Perf: 0.8313 | Eval Error: 0.0191 | Eval Perf: 0.7617
[9, 100] Train Error: 0.0135 | Train Perf: 0.8349 | Eval Error: 0.0177 | Eval Perf: 0.7787
[10, 100] Train Error: 0.0127 | Train Perf: 0.8468 | Eval Error: 0.018 | Eval Perf: 0.7771
[11, 100] Train Error: 0.0123 | Train Perf: 0.8512 | Eval Error: 0.0208 | Eval Perf: 0.775
[12, 100] Train Error: 0.0123 | Train Perf: 0.8511 | Eval Error: 0.0203 | Eval Perf: 0.7706
[13, 100] Train Error: 0.0115 | Train Perf: 0.8624 | Eval Error: 0.0187 | Eval Perf: 0.773
[14, 100] Train Error: 0.0111 | Train Perf: 0.8664 | Eval Error: 0.0219 | Eval Perf: 0.7509
[15, 100] Train Error: 0.011 | Train Perf: 0.869 | Eval Error: 0.0192 | Eval Perf: 0.7587
[16, 100] Train Error: 0.0107 | Train Perf: 0.8727 | Eval Error: 0.02 | Eval Perf: 0.7488
[17, 100] Train Error: 0.0103 | Train Perf: 0.8771 | Eval Error: 0.02 | Eval Perf: 0.7612
[18, 100] Train Error: 0.0102 | Train Perf: 0.8787 | Eval Error: 0.0191 | Eval Perf: 0.7637
[19, 100] Train Error: 0.0096 | Train Perf: 0.8856 | Eval Error: 0.0195 | Eval Perf: 0.7622
[20, 100] Train Error: 0.0097 | Train Perf: 0.8851 | Eval Error: 0.0197 | Eval Perf: 0.7567
[21, 100] Train Error: 0.0092 | Train Perf: 0.8907 | Eval Error: 0.0204 | Eval Perf: 0.7409
[22, 100] Train Error: 0.0092 | Train Perf: 0.8916 | Eval Error: 0.0198 | Eval Perf: 0.7545
[23, 100] Train Error: 0.0089 | Train Perf: 0.8946 | Eval Error: 0.0205 | Eval Perf: 0.7534
[24, 100] Train Error: 0.0087 | Train Perf: 0.8976 | Eval Error: 0.0194 | Eval Perf: 0.764
[25, 100] Train Error: 0.0089 | Train Perf: 0.8955 | Eval Error: 0.0193 | Eval Perf: 0.767
[26, 100] Train Error: 0.0085 | Train Perf: 0.9006 | Eval Error: 0.0198 | Eval Perf: 0.7554
[27, 100] Train Error: 0.0081 | Train Perf: 0.9052 | Eval Error: 0.0226 | Eval Perf: 0.739
[28, 100] Train Error: 0.008 | Train Perf: 0.9061 | Eval Error: 0.0203 | Eval Perf: 0.7524
[29, 100] Train Error: 0.0079 | Train Perf: 0.9075 | Eval Error: 0.0216 | Eval Perf: 0.7297
[30, 100] Train Error: 0.0079 | Train Perf: 0.908 | Eval Error: 0.0207 | Eval Perf: 0.7423
[31, 100] Train Error: 0.0078 | Train Perf: 0.909 | Eval Error: 0.0229 | Eval Perf: 0.7327
[32, 100] Train Error: 0.0077 | Train Perf: 0.9105 | Eval Error: 0.0206 | Eval Perf: 0.7504
[33, 100] Train Error: 0.0076 | Train Perf: 0.9107 | Eval Error: 0.0217 | Eval Perf: 0.7421
[34, 100] Train Error: 0.0074 | Train Perf: 0.9138 | Eval Error: 0.0212 | Eval Perf: 0.7467
[35, 100] Train Error: 0.0073 | Train Perf: 0.9148 | Eval Error: 0.0218 | Eval Perf: 0.7386
[36, 100] Train Error: 0.0073 | Train Perf: 0.9152 | Eval Error: 0.0221 | Eval Perf: 0.7388
[37, 100] Train Error: 0.0073 | Train Perf: 0.9144 | Eval Error: 0.0211 | Eval Perf: 0.7445
[38, 100] Train Error: 0.0071 | Train Perf: 0.9175 | Eval Error: 0.0215 | Eval Perf: 0.7421
[39, 100] Train Error: 0.0071 | Train Perf: 0.9173 | Eval Error: 0.0214 | Eval Perf: 0.7369
[40, 100] Train Error: 0.0071 | Train Perf: 0.9174 | Eval Error: 0.0215 | Eval Perf: 0.7376
[41, 100] Train Error: 0.007 | Train Perf: 0.9188 | Eval Error: 0.0219 | Eval Perf: 0.7353
[42, 100] Train Error: 0.0068 | Train Perf: 0.9213 | Eval Error: 0.0215 | Eval Perf: 0.738
[43, 100] Train Error: 0.0067 | Train Perf: 0.9224 | Eval Error: 0.0234 | Eval Perf: 0.7207
[44, 100] Train Error: 0.0067 | Train Perf: 0.9217 | Eval Error: 0.0224 | Eval Perf: 0.7284
[45, 100] Train Error: 0.0066 | Train Perf: 0.9231 | Eval Error: 0.0227 | Eval Perf: 0.7233
[46, 100] Train Error: 0.0066 | Train Perf: 0.9236 | Eval Error: 0.0225 | Eval Perf: 0.7212
[47, 100] Train Error: 0.0064 | Train Perf: 0.9253 | Eval Error: 0.0235 | Eval Perf: 0.7202
[48, 100] Train Error: 0.0066 | Train Perf: 0.9239 | Eval Error: 0.0226 | Eval Perf: 0.7274
[49, 100] Train Error: 0.0064 | Train Perf: 0.9253 | Eval Error: 0.0233 | Eval Perf: 0.7194
[50, 100] Train Error: 0.0063 | Train Perf: 0.9269 | Eval Error: 0.0236 | Eval Perf: 0.715
[51, 100] Train Error: 0.0065 | Train Perf: 0.9244 | Eval Error: 0.0243 | Eval Perf: 0.7119
[52, 100] Train Error: 0.0063 | Train Perf: 0.9268 | Eval Error: 0.0233 | Eval Perf: 0.7184
[53, 100] Train Error: 0.006 | Train Perf: 0.93 | Eval Error: 0.0233 | Eval Perf: 0.7179
[54, 100] Train Error: 0.0061 | Train Perf: 0.9289 | Eval Error: 0.0238 | Eval Perf: 0.7212
[55, 100] Train Error: 0.0062 | Train Perf: 0.9288 | Eval Error: 0.0241 | Eval Perf: 0.7081
[56, 100] Train Error: 0.006 | Train Perf: 0.9302 | Eval Error: 0.0228 | Eval Perf: 0.7244
[57, 100] Train Error: 0.0061 | Train Perf: 0.9298 | Eval Error: 0.0235 | Eval Perf: 0.7095
[58, 100] Train Error: 0.0059 | Train Perf: 0.9318 | Eval Error: 0.0239 | Eval Perf: 0.7095
[59, 100] Train Error: 0.0058 | Train Perf: 0.9325 | Eval Error: 0.0231 | Eval Perf: 0.7211
[60, 100] Train Error: 0.006 | Train Perf: 0.9307 | Eval Error: 0.0247 | Eval Perf: 0.7139
[61, 100] Train Error: 0.0059 | Train Perf: 0.9319 | Eval Error: 0.0238 | Eval Perf: 0.7165
[62, 100] Train Error: 0.0058 | Train Perf: 0.9324 | Eval Error: 0.0247 | Eval Perf: 0.7009
[63, 100] Train Error: 0.0057 | Train Perf: 0.9344 | Eval Error: 0.0246 | Eval Perf: 0.7071
[64, 100] Train Error: 0.0058 | Train Perf: 0.9331 | Eval Error: 0.0244 | Eval Perf: 0.7039
[65, 100] Train Error: 0.0058 | Train Perf: 0.9331 | Eval Error: 0.0246 | Eval Perf: 0.7076
[66, 100] Train Error: 0.0057 | Train Perf: 0.9342 | Eval Error: 0.0238 | Eval Perf: 0.7139
[67, 100] Train Error: 0.0055 | Train Perf: 0.9362 | Eval Error: 0.0249 | Eval Perf: 0.6964
[68, 100] Train Error: 0.0057 | Train Perf: 0.9345 | Eval Error: 0.025 | Eval Perf: 0.6972
[69, 100] Train Error: 0.0056 | Train Perf: 0.9353 | Eval Error: 0.0241 | Eval Perf: 0.7173
[70, 100] Train Error: 0.0056 | Train Perf: 0.9348 | Eval Error: 0.0242 | Eval Perf: 0.7078
[71, 100] Train Error: 0.0055 | Train Perf: 0.9364 | Eval Error: 0.0245 | Eval Perf: 0.7062
[72, 100] Train Error: 0.0055 | Train Perf: 0.9363 | Eval Error: 0.0244 | Eval Perf: 0.7093
[73, 100] Train Error: 0.0055 | Train Perf: 0.936 | Eval Error: 0.0247 | Eval Perf: 0.7002
[74, 100] Train Error: 0.0053 | Train Perf: 0.9385 | Eval Error: 0.0254 | Eval Perf: 0.7009
[75, 100] Train Error: 0.0055 | Train Perf: 0.9368 | Eval Error: 0.025 | Eval Perf: 0.6919
[76, 100] Train Error: 0.0054 | Train Perf: 0.9372 | Eval Error: 0.0251 | Eval Perf: 0.7018
[77, 100] Train Error: 0.0055 | Train Perf: 0.9368 | Eval Error: 0.0252 | Eval Perf: 0.6944
[78, 100] Train Error: 0.0053 | Train Perf: 0.9394 | Eval Error: 0.025 | Eval Perf: 0.7048
[79, 100] Train Error: 0.0052 | Train Perf: 0.9395 | Eval Error: 0.025 | Eval Perf: 0.6986
[80, 100] Train Error: 0.0053 | Train Perf: 0.9385 | Eval Error: 0.0259 | Eval Perf: 0.6872
[81, 100] Train Error: 0.0052 | Train Perf: 0.9401 | Eval Error: 0.0248 | Eval Perf: 0.7026
[82, 100] Train Error: 0.0052 | Train Perf: 0.9396 | Eval Error: 0.0249 | Eval Perf: 0.6987
[83, 100] Train Error: 0.0052 | Train Perf: 0.9404 | Eval Error: 0.0255 | Eval Perf: 0.6929
[84, 100] Train Error: 0.0052 | Train Perf: 0.9405 | Eval Error: 0.0254 | Eval Perf: 0.6912
[85, 100] Train Error: 0.0053 | Train Perf: 0.9394 | Eval Error: 0.0257 | Eval Perf: 0.6891
[86, 100] Train Error: 0.0052 | Train Perf: 0.9406 | Eval Error: 0.0263 | Eval Perf: 0.689
[87, 100] Train Error: 0.005 | Train Perf: 0.942 | Eval Error: 0.025 | Eval Perf: 0.6987
[88, 100] Train Error: 0.0051 | Train Perf: 0.9409 | Eval Error: 0.0258 | Eval Perf: 0.6934
[89, 100] Train Error: 0.0051 | Train Perf: 0.9407 | Eval Error: 0.0254 | Eval Perf: 0.7001
[90, 100] Train Error: 0.005 | Train Perf: 0.9425 | Eval Error: 0.0251 | Eval Perf: 0.6944
[91, 100] Train Error: 0.0051 | Train Perf: 0.9413 | Eval Error: 0.0261 | Eval Perf: 0.688
[92, 100] Train Error: 0.005 | Train Perf: 0.9427 | Eval Error: 0.0254 | Eval Perf: 0.6975
[93, 100] Train Error: 0.005 | Train Perf: 0.9425 | Eval Error: 0.0261 | Eval Perf: 0.693
[94, 100] Train Error: 0.005 | Train Perf: 0.9427 | Eval Error: 0.0259 | Eval Perf: 0.6885
[95, 100] Train Error: 0.0049 | Train Perf: 0.9433 | Eval Error: 0.0255 | Eval Perf: 0.6929
[96, 100] Train Error: 0.0049 | Train Perf: 0.9432 | Eval Error: 0.026 | Eval Perf: 0.6823
[97, 100] Train Error: 0.0049 | Train Perf: 0.9434 | Eval Error: 0.0255 | Eval Perf: 0.6942
[98, 100] Train Error: 0.0049 | Train Perf: 0.9436 | Eval Error: 0.0257 | Eval Perf: 0.6959
[99, 100] Train Error: 0.005 | Train Perf: 0.9424 | Eval Error: 0.0257 | Eval Perf: 0.6907
[100, 100] Train Error: 0.0049 | Train Perf: 0.9442 | Eval Error: 0.0268 | Eval Perf: 0.6771
