NETWORK SUMMARY
---------------
Input Layer shape: (1, 180)
Hidden Layer shape: (181, 5)
Output layer shape: (6, 1)
Total parameters: 911

[1, 100] Train Error: 0.0351 | Train Perf: -0.0477 | Eval Error: 0.0321 | Eval Perf: 0.4729
[2, 100] Train Error: 0.0316 | Train Perf: 0.3207 | Eval Error: 0.0286 | Eval Perf: 0.5488
[3, 100] Train Error: 0.0255 | Train Perf: 0.563 | Eval Error: 0.0253 | Eval Perf: 0.5908
[4, 100] Train Error: 0.0207 | Train Perf: 0.6555 | Eval Error: 0.0211 | Eval Perf: 0.6346
[5, 100] Train Error: 0.0174 | Train Perf: 0.7169 | Eval Error: 0.0187 | Eval Perf: 0.665
[6, 100] Train Error: 0.0151 | Train Perf: 0.7549 | Eval Error: 0.0178 | Eval Perf: 0.6844
[7, 100] Train Error: 0.0134 | Train Perf: 0.7828 | Eval Error: 0.0175 | Eval Perf: 0.6914
[8, 100] Train Error: 0.0126 | Train Perf: 0.7944 | Eval Error: 0.0176 | Eval Perf: 0.698
[9, 100] Train Error: 0.0117 | Train Perf: 0.8122 | Eval Error: 0.0177 | Eval Perf: 0.6943
[10, 100] Train Error: 0.0113 | Train Perf: 0.8184 | Eval Error: 0.0184 | Eval Perf: 0.6964
[11, 100] Train Error: 0.0108 | Train Perf: 0.8262 | Eval Error: 0.0184 | Eval Perf: 0.6893
[12, 100] Train Error: 0.0106 | Train Perf: 0.8298 | Eval Error: 0.0185 | Eval Perf: 0.6862
[13, 100] Train Error: 0.0104 | Train Perf: 0.8347 | Eval Error: 0.0204 | Eval Perf: 0.6788
[14, 100] Train Error: 0.0102 | Train Perf: 0.8374 | Eval Error: 0.0189 | Eval Perf: 0.6881
[15, 100] Train Error: 0.01 | Train Perf: 0.8413 | Eval Error: 0.0199 | Eval Perf: 0.6813
[16, 100] Train Error: 0.0101 | Train Perf: 0.8405 | Eval Error: 0.0195 | Eval Perf: 0.6786
[17, 100] Train Error: 0.0099 | Train Perf: 0.8436 | Eval Error: 0.0208 | Eval Perf: 0.6704
[18, 100] Train Error: 0.0097 | Train Perf: 0.8469 | Eval Error: 0.0199 | Eval Perf: 0.6771
[19, 100] Train Error: 0.0095 | Train Perf: 0.8501 | Eval Error: 0.02 | Eval Perf: 0.6724
[20, 100] Train Error: 0.0096 | Train Perf: 0.8486 | Eval Error: 0.0203 | Eval Perf: 0.6709
[21, 100] Train Error: 0.0095 | Train Perf: 0.8509 | Eval Error: 0.0203 | Eval Perf: 0.6694
[22, 100] Train Error: 0.0095 | Train Perf: 0.8514 | Eval Error: 0.021 | Eval Perf: 0.6601
[23, 100] Train Error: 0.0095 | Train Perf: 0.8522 | Eval Error: 0.0209 | Eval Perf: 0.6592
[24, 100] Train Error: 0.0093 | Train Perf: 0.8536 | Eval Error: 0.0213 | Eval Perf: 0.6603
[25, 100] Train Error: 0.0093 | Train Perf: 0.8553 | Eval Error: 0.0234 | Eval Perf: 0.6529
[26, 100] Train Error: 0.0093 | Train Perf: 0.8548 | Eval Error: 0.0212 | Eval Perf: 0.6614
[27, 100] Train Error: 0.0092 | Train Perf: 0.8565 | Eval Error: 0.0214 | Eval Perf: 0.6585
[28, 100] Train Error: 0.009 | Train Perf: 0.8602 | Eval Error: 0.0213 | Eval Perf: 0.6596
[29, 100] Train Error: 0.009 | Train Perf: 0.8603 | Eval Error: 0.0226 | Eval Perf: 0.6544
[30, 100] Train Error: 0.0089 | Train Perf: 0.8616 | Eval Error: 0.0214 | Eval Perf: 0.6589
[31, 100] Train Error: 0.0088 | Train Perf: 0.8634 | Eval Error: 0.0216 | Eval Perf: 0.6587
[32, 100] Train Error: 0.0087 | Train Perf: 0.8661 | Eval Error: 0.022 | Eval Perf: 0.6518
[33, 100] Train Error: 0.0087 | Train Perf: 0.8644 | Eval Error: 0.0222 | Eval Perf: 0.6511
[34, 100] Train Error: 0.0086 | Train Perf: 0.867 | Eval Error: 0.0245 | Eval Perf: 0.6467
[35, 100] Train Error: 0.0086 | Train Perf: 0.8673 | Eval Error: 0.0228 | Eval Perf: 0.6498
[36, 100] Train Error: 0.0085 | Train Perf: 0.8689 | Eval Error: 0.0227 | Eval Perf: 0.6512
[37, 100] Train Error: 0.0083 | Train Perf: 0.8721 | Eval Error: 0.0224 | Eval Perf: 0.652
[38, 100] Train Error: 0.008 | Train Perf: 0.8758 | Eval Error: 0.0224 | Eval Perf: 0.6516
[39, 100] Train Error: 0.008 | Train Perf: 0.8761 | Eval Error: 0.0226 | Eval Perf: 0.6508
[40, 100] Train Error: 0.0081 | Train Perf: 0.8758 | Eval Error: 0.0226 | Eval Perf: 0.6509
[41, 100] Train Error: 0.0079 | Train Perf: 0.8788 | Eval Error: 0.0226 | Eval Perf: 0.6554
[42, 100] Train Error: 0.008 | Train Perf: 0.8776 | Eval Error: 0.023 | Eval Perf: 0.6512
[43, 100] Train Error: 0.0078 | Train Perf: 0.8808 | Eval Error: 0.0223 | Eval Perf: 0.6543
[44, 100] Train Error: 0.0077 | Train Perf: 0.8829 | Eval Error: 0.023 | Eval Perf: 0.6524
[45, 100] Train Error: 0.0075 | Train Perf: 0.8858 | Eval Error: 0.0228 | Eval Perf: 0.6541
[46, 100] Train Error: 0.0072 | Train Perf: 0.89 | Eval Error: 0.0222 | Eval Perf: 0.657
[47, 100] Train Error: 0.0072 | Train Perf: 0.8901 | Eval Error: 0.0221 | Eval Perf: 0.6565
[48, 100] Train Error: 0.0071 | Train Perf: 0.8915 | Eval Error: 0.0221 | Eval Perf: 0.6576
[49, 100] Train Error: 0.007 | Train Perf: 0.8947 | Eval Error: 0.0229 | Eval Perf: 0.6524
[50, 100] Train Error: 0.0069 | Train Perf: 0.895 | Eval Error: 0.0235 | Eval Perf: 0.6522
[51, 100] Train Error: 0.0068 | Train Perf: 0.8969 | Eval Error: 0.0233 | Eval Perf: 0.6518
[52, 100] Train Error: 0.0065 | Train Perf: 0.9005 | Eval Error: 0.0233 | Eval Perf: 0.6534
[53, 100] Train Error: 0.0065 | Train Perf: 0.9004 | Eval Error: 0.0224 | Eval Perf: 0.658
[54, 100] Train Error: 0.0063 | Train Perf: 0.9049 | Eval Error: 0.0232 | Eval Perf: 0.6555
[55, 100] Train Error: 0.0062 | Train Perf: 0.9055 | Eval Error: 0.0221 | Eval Perf: 0.6608
[56, 100] Train Error: 0.0061 | Train Perf: 0.9084 | Eval Error: 0.024 | Eval Perf: 0.6532
[57, 100] Train Error: 0.0059 | Train Perf: 0.9111 | Eval Error: 0.0234 | Eval Perf: 0.6546
[58, 100] Train Error: 0.0058 | Train Perf: 0.9129 | Eval Error: 0.0226 | Eval Perf: 0.6598
[59, 100] Train Error: 0.0056 | Train Perf: 0.9151 | Eval Error: 0.023 | Eval Perf: 0.6581
[60, 100] Train Error: 0.0056 | Train Perf: 0.9162 | Eval Error: 0.0228 | Eval Perf: 0.659
[61, 100] Train Error: 0.0053 | Train Perf: 0.9204 | Eval Error: 0.0257 | Eval Perf: 0.647
[62, 100] Train Error: 0.0052 | Train Perf: 0.9208 | Eval Error: 0.0229 | Eval Perf: 0.6571
[63, 100] Train Error: 0.0051 | Train Perf: 0.9243 | Eval Error: 0.0265 | Eval Perf: 0.6442
[64, 100] Train Error: 0.005 | Train Perf: 0.9249 | Eval Error: 0.0242 | Eval Perf: 0.652
[65, 100] Train Error: 0.0047 | Train Perf: 0.9289 | Eval Error: 0.0229 | Eval Perf: 0.6577
[66, 100] Train Error: 0.0048 | Train Perf: 0.9283 | Eval Error: 0.0237 | Eval Perf: 0.6535
[67, 100] Train Error: 0.0047 | Train Perf: 0.9301 | Eval Error: 0.0239 | Eval Perf: 0.6512
[68, 100] Train Error: 0.0045 | Train Perf: 0.932 | Eval Error: 0.0235 | Eval Perf: 0.6521
[69, 100] Train Error: 0.0044 | Train Perf: 0.9339 | Eval Error: 0.0243 | Eval Perf: 0.6495
[70, 100] Train Error: 0.0043 | Train Perf: 0.9364 | Eval Error: 0.0253 | Eval Perf: 0.6444
[71, 100] Train Error: 0.0042 | Train Perf: 0.9372 | Eval Error: 0.0255 | Eval Perf: 0.6437
[72, 100] Train Error: 0.0041 | Train Perf: 0.9387 | Eval Error: 0.0242 | Eval Perf: 0.6482
[73, 100] Train Error: 0.004 | Train Perf: 0.9408 | Eval Error: 0.0258 | Eval Perf: 0.642
[74, 100] Train Error: 0.0039 | Train Perf: 0.9422 | Eval Error: 0.0241 | Eval Perf: 0.6467
[75, 100] Train Error: 0.0038 | Train Perf: 0.9436 | Eval Error: 0.0248 | Eval Perf: 0.6433
[76, 100] Train Error: 0.0037 | Train Perf: 0.9457 | Eval Error: 0.0254 | Eval Perf: 0.6394
[77, 100] Train Error: 0.0036 | Train Perf: 0.9458 | Eval Error: 0.0253 | Eval Perf: 0.6397
[78, 100] Train Error: 0.0035 | Train Perf: 0.9476 | Eval Error: 0.024 | Eval Perf: 0.645
[79, 100] Train Error: 0.0035 | Train Perf: 0.9488 | Eval Error: 0.0261 | Eval Perf: 0.6365
[80, 100] Train Error: 0.0033 | Train Perf: 0.9506 | Eval Error: 0.0258 | Eval Perf: 0.6347
[81, 100] Train Error: 0.0033 | Train Perf: 0.9509 | Eval Error: 0.0256 | Eval Perf: 0.6363
[82, 100] Train Error: 0.0032 | Train Perf: 0.9522 | Eval Error: 0.0265 | Eval Perf: 0.6331
[83, 100] Train Error: 0.0032 | Train Perf: 0.9532 | Eval Error: 0.0252 | Eval Perf: 0.6366
[84, 100] Train Error: 0.003 | Train Perf: 0.955 | Eval Error: 0.0255 | Eval Perf: 0.6349
[85, 100] Train Error: 0.003 | Train Perf: 0.955 | Eval Error: 0.0265 | Eval Perf: 0.6313
[86, 100] Train Error: 0.0029 | Train Perf: 0.9563 | Eval Error: 0.0255 | Eval Perf: 0.6338
[87, 100] Train Error: 0.0029 | Train Perf: 0.9574 | Eval Error: 0.027 | Eval Perf: 0.6287
[88, 100] Train Error: 0.0029 | Train Perf: 0.9579 | Eval Error: 0.0272 | Eval Perf: 0.6283
[89, 100] Train Error: 0.0028 | Train Perf: 0.9588 | Eval Error: 0.027 | Eval Perf: 0.6287
[90, 100] Train Error: 0.0027 | Train Perf: 0.9599 | Eval Error: 0.0262 | Eval Perf: 0.6279
[91, 100] Train Error: 0.0026 | Train Perf: 0.9611 | Eval Error: 0.0267 | Eval Perf: 0.6272
[92, 100] Train Error: 0.0026 | Train Perf: 0.9623 | Eval Error: 0.0268 | Eval Perf: 0.6267
[93, 100] Train Error: 0.0025 | Train Perf: 0.9625 | Eval Error: 0.0264 | Eval Perf: 0.6275
[94, 100] Train Error: 0.0025 | Train Perf: 0.9632 | Eval Error: 0.0274 | Eval Perf: 0.6263
[95, 100] Train Error: 0.0024 | Train Perf: 0.9645 | Eval Error: 0.0264 | Eval Perf: 0.6265
[96, 100] Train Error: 0.0024 | Train Perf: 0.9649 | Eval Error: 0.0266 | Eval Perf: 0.6235
[97, 100] Train Error: 0.0023 | Train Perf: 0.9656 | Eval Error: 0.0278 | Eval Perf: 0.6215
[98, 100] Train Error: 0.0023 | Train Perf: 0.9657 | Eval Error: 0.0278 | Eval Perf: 0.6206
[99, 100] Train Error: 0.0023 | Train Perf: 0.9665 | Eval Error: 0.0275 | Eval Perf: 0.6186
[100, 100] Train Error: 0.0022 | Train Perf: 0.9678 | Eval Error: 0.0281 | Eval Perf: 0.6176
