NETWORK SUMMARY
---------------
Input Layer shape: (1, 180)
Hidden Layer shape: (181, 2)
Output layer shape: (3, 1)
Total parameters: 365

[1, 100] Train Error: 0.0371 | Train Perf: 0.1181 | Eval Error: 0.0369 | Eval Perf: 0.1947
[2, 100] Train Error: 0.0356 | Train Perf: -0.0706 | Eval Error: 0.0368 | Eval Perf: 0.2515
[3, 100] Train Error: 0.0354 | Train Perf: -0.0001 | Eval Error: 0.0367 | Eval Perf: 0.3369
[4, 100] Train Error: 0.0354 | Train Perf: 0.0139 | Eval Error: 0.0366 | Eval Perf: 0.4029
[5, 100] Train Error: 0.0352 | Train Perf: 0.1102 | Eval Error: 0.0364 | Eval Perf: 0.4531
[6, 100] Train Error: 0.0347 | Train Perf: 0.2382 | Eval Error: 0.0364 | Eval Perf: 0.4536
[7, 100] Train Error: 0.0347 | Train Perf: 0.2895 | Eval Error: 0.0359 | Eval Perf: 0.4917
[8, 100] Train Error: 0.0342 | Train Perf: 0.3501 | Eval Error: 0.0354 | Eval Perf: 0.5173
[9, 100] Train Error: 0.0337 | Train Perf: 0.4093 | Eval Error: 0.035 | Eval Perf: 0.5115
[10, 100] Train Error: 0.0331 | Train Perf: 0.4474 | Eval Error: 0.0344 | Eval Perf: 0.5144
[11, 100] Train Error: 0.0324 | Train Perf: 0.5174 | Eval Error: 0.0337 | Eval Perf: 0.5216
[12, 100] Train Error: 0.0316 | Train Perf: 0.5492 | Eval Error: 0.0331 | Eval Perf: 0.5225
[13, 100] Train Error: 0.0305 | Train Perf: 0.5618 | Eval Error: 0.0323 | Eval Perf: 0.532
[14, 100] Train Error: 0.0296 | Train Perf: 0.5737 | Eval Error: 0.0317 | Eval Perf: 0.5249
[15, 100] Train Error: 0.0287 | Train Perf: 0.5873 | Eval Error: 0.0309 | Eval Perf: 0.5316
[16, 100] Train Error: 0.0277 | Train Perf: 0.6158 | Eval Error: 0.0299 | Eval Perf: 0.5474
[17, 100] Train Error: 0.0267 | Train Perf: 0.6183 | Eval Error: 0.0291 | Eval Perf: 0.5591
[18, 100] Train Error: 0.0257 | Train Perf: 0.6206 | Eval Error: 0.0286 | Eval Perf: 0.5627
[19, 100] Train Error: 0.0249 | Train Perf: 0.6282 | Eval Error: 0.0278 | Eval Perf: 0.5748
[20, 100] Train Error: 0.0239 | Train Perf: 0.6463 | Eval Error: 0.0269 | Eval Perf: 0.5904
[21, 100] Train Error: 0.0233 | Train Perf: 0.6489 | Eval Error: 0.0265 | Eval Perf: 0.5928
[22, 100] Train Error: 0.0225 | Train Perf: 0.6623 | Eval Error: 0.0263 | Eval Perf: 0.5935
[23, 100] Train Error: 0.0219 | Train Perf: 0.6672 | Eval Error: 0.0254 | Eval Perf: 0.6063
[24, 100] Train Error: 0.0212 | Train Perf: 0.6805 | Eval Error: 0.0252 | Eval Perf: 0.6073
[25, 100] Train Error: 0.0207 | Train Perf: 0.6849 | Eval Error: 0.0244 | Eval Perf: 0.6221
[26, 100] Train Error: 0.02 | Train Perf: 0.6953 | Eval Error: 0.0243 | Eval Perf: 0.62
[27, 100] Train Error: 0.0196 | Train Perf: 0.7006 | Eval Error: 0.024 | Eval Perf: 0.6249
[28, 100] Train Error: 0.0191 | Train Perf: 0.7066 | Eval Error: 0.0235 | Eval Perf: 0.6323
[29, 100] Train Error: 0.0186 | Train Perf: 0.7132 | Eval Error: 0.0229 | Eval Perf: 0.6428
[30, 100] Train Error: 0.0182 | Train Perf: 0.7221 | Eval Error: 0.0227 | Eval Perf: 0.6464
[31, 100] Train Error: 0.0177 | Train Perf: 0.7306 | Eval Error: 0.023 | Eval Perf: 0.6405
[32, 100] Train Error: 0.0175 | Train Perf: 0.7306 | Eval Error: 0.0225 | Eval Perf: 0.6453
[33, 100] Train Error: 0.017 | Train Perf: 0.7416 | Eval Error: 0.0222 | Eval Perf: 0.6503
[34, 100] Train Error: 0.0164 | Train Perf: 0.7511 | Eval Error: 0.0219 | Eval Perf: 0.6591
[35, 100] Train Error: 0.0164 | Train Perf: 0.7495 | Eval Error: 0.0217 | Eval Perf: 0.6597
[36, 100] Train Error: 0.016 | Train Perf: 0.7553 | Eval Error: 0.0218 | Eval Perf: 0.6542
[37, 100] Train Error: 0.0157 | Train Perf: 0.7615 | Eval Error: 0.0217 | Eval Perf: 0.6554
[38, 100] Train Error: 0.0154 | Train Perf: 0.7656 | Eval Error: 0.022 | Eval Perf: 0.652
[39, 100] Train Error: 0.0149 | Train Perf: 0.777 | Eval Error: 0.0215 | Eval Perf: 0.6589
[40, 100] Train Error: 0.0149 | Train Perf: 0.774 | Eval Error: 0.0214 | Eval Perf: 0.6584
[41, 100] Train Error: 0.0146 | Train Perf: 0.7791 | Eval Error: 0.0214 | Eval Perf: 0.6578
[42, 100] Train Error: 0.0143 | Train Perf: 0.7838 | Eval Error: 0.0214 | Eval Perf: 0.6551
[43, 100] Train Error: 0.0141 | Train Perf: 0.7868 | Eval Error: 0.0214 | Eval Perf: 0.6561
[44, 100] Train Error: 0.0137 | Train Perf: 0.793 | Eval Error: 0.022 | Eval Perf: 0.6451
[45, 100] Train Error: 0.0133 | Train Perf: 0.8013 | Eval Error: 0.0218 | Eval Perf: 0.6634
[46, 100] Train Error: 0.0134 | Train Perf: 0.7981 | Eval Error: 0.0214 | Eval Perf: 0.6533
[47, 100] Train Error: 0.0131 | Train Perf: 0.8017 | Eval Error: 0.0215 | Eval Perf: 0.6556
[48, 100] Train Error: 0.0129 | Train Perf: 0.8073 | Eval Error: 0.0216 | Eval Perf: 0.6465
[49, 100] Train Error: 0.0127 | Train Perf: 0.8091 | Eval Error: 0.0219 | Eval Perf: 0.6401
[50, 100] Train Error: 0.0125 | Train Perf: 0.8137 | Eval Error: 0.0216 | Eval Perf: 0.6525
[51, 100] Train Error: 0.0122 | Train Perf: 0.8165 | Eval Error: 0.0217 | Eval Perf: 0.6439
[52, 100] Train Error: 0.0121 | Train Perf: 0.8183 | Eval Error: 0.0215 | Eval Perf: 0.6504
[53, 100] Train Error: 0.012 | Train Perf: 0.8211 | Eval Error: 0.0218 | Eval Perf: 0.6441
[54, 100] Train Error: 0.0117 | Train Perf: 0.8231 | Eval Error: 0.0216 | Eval Perf: 0.646
[55, 100] Train Error: 0.0116 | Train Perf: 0.8273 | Eval Error: 0.0218 | Eval Perf: 0.642
[56, 100] Train Error: 0.0113 | Train Perf: 0.8311 | Eval Error: 0.0225 | Eval Perf: 0.6281
[57, 100] Train Error: 0.0112 | Train Perf: 0.833 | Eval Error: 0.0223 | Eval Perf: 0.6298
[58, 100] Train Error: 0.011 | Train Perf: 0.8367 | Eval Error: 0.0232 | Eval Perf: 0.6173
[59, 100] Train Error: 0.0107 | Train Perf: 0.8417 | Eval Error: 0.0222 | Eval Perf: 0.6378
[60, 100] Train Error: 0.0107 | Train Perf: 0.8402 | Eval Error: 0.0224 | Eval Perf: 0.6292
[61, 100] Train Error: 0.0106 | Train Perf: 0.8432 | Eval Error: 0.0225 | Eval Perf: 0.6265
[62, 100] Train Error: 0.0104 | Train Perf: 0.845 | Eval Error: 0.0229 | Eval Perf: 0.6194
[63, 100] Train Error: 0.0103 | Train Perf: 0.8469 | Eval Error: 0.0228 | Eval Perf: 0.6215
[64, 100] Train Error: 0.0101 | Train Perf: 0.8507 | Eval Error: 0.0226 | Eval Perf: 0.6313
[65, 100] Train Error: 0.0098 | Train Perf: 0.855 | Eval Error: 0.0227 | Eval Perf: 0.6366
[66, 100] Train Error: 0.0097 | Train Perf: 0.8568 | Eval Error: 0.0229 | Eval Perf: 0.6206
[67, 100] Train Error: 0.0095 | Train Perf: 0.8598 | Eval Error: 0.0228 | Eval Perf: 0.6296
[68, 100] Train Error: 0.0094 | Train Perf: 0.8606 | Eval Error: 0.0235 | Eval Perf: 0.6084
[69, 100] Train Error: 0.0094 | Train Perf: 0.861 | Eval Error: 0.0232 | Eval Perf: 0.6143
[70, 100] Train Error: 0.0092 | Train Perf: 0.8658 | Eval Error: 0.0232 | Eval Perf: 0.6216
[71, 100] Train Error: 0.0091 | Train Perf: 0.8669 | Eval Error: 0.0231 | Eval Perf: 0.6212
[72, 100] Train Error: 0.0089 | Train Perf: 0.87 | Eval Error: 0.0235 | Eval Perf: 0.6103
[73, 100] Train Error: 0.0087 | Train Perf: 0.8723 | Eval Error: 0.0238 | Eval Perf: 0.6215
[74, 100] Train Error: 0.0087 | Train Perf: 0.8719 | Eval Error: 0.0236 | Eval Perf: 0.6172
[75, 100] Train Error: 0.0086 | Train Perf: 0.8738 | Eval Error: 0.0236 | Eval Perf: 0.6133
[76, 100] Train Error: 0.0085 | Train Perf: 0.8764 | Eval Error: 0.0238 | Eval Perf: 0.6087
[77, 100] Train Error: 0.0083 | Train Perf: 0.8796 | Eval Error: 0.024 | Eval Perf: 0.6048
[78, 100] Train Error: 0.0081 | Train Perf: 0.8814 | Eval Error: 0.0245 | Eval Perf: 0.593
[79, 100] Train Error: 0.0081 | Train Perf: 0.8823 | Eval Error: 0.0242 | Eval Perf: 0.6089
[80, 100] Train Error: 0.0079 | Train Perf: 0.8853 | Eval Error: 0.0243 | Eval Perf: 0.5985
[81, 100] Train Error: 0.0078 | Train Perf: 0.8859 | Eval Error: 0.0243 | Eval Perf: 0.5975
[82, 100] Train Error: 0.0077 | Train Perf: 0.8902 | Eval Error: 0.0242 | Eval Perf: 0.6036
[83, 100] Train Error: 0.0076 | Train Perf: 0.8896 | Eval Error: 0.0247 | Eval Perf: 0.5898
[84, 100] Train Error: 0.0075 | Train Perf: 0.8909 | Eval Error: 0.0245 | Eval Perf: 0.6048
[85, 100] Train Error: 0.0074 | Train Perf: 0.8927 | Eval Error: 0.0246 | Eval Perf: 0.6062
[86, 100] Train Error: 0.0073 | Train Perf: 0.894 | Eval Error: 0.0247 | Eval Perf: 0.5951
[87, 100] Train Error: 0.0072 | Train Perf: 0.8962 | Eval Error: 0.0248 | Eval Perf: 0.5959
[88, 100] Train Error: 0.0071 | Train Perf: 0.8974 | Eval Error: 0.0248 | Eval Perf: 0.5957
[89, 100] Train Error: 0.0069 | Train Perf: 0.9001 | Eval Error: 0.0252 | Eval Perf: 0.5834
[90, 100] Train Error: 0.0069 | Train Perf: 0.9002 | Eval Error: 0.025 | Eval Perf: 0.5904
[91, 100] Train Error: 0.0068 | Train Perf: 0.9024 | Eval Error: 0.0254 | Eval Perf: 0.5824
[92, 100] Train Error: 0.0067 | Train Perf: 0.904 | Eval Error: 0.0254 | Eval Perf: 0.5982
[93, 100] Train Error: 0.0067 | Train Perf: 0.9037 | Eval Error: 0.0253 | Eval Perf: 0.5883
[94, 100] Train Error: 0.0065 | Train Perf: 0.9062 | Eval Error: 0.0254 | Eval Perf: 0.5872
[95, 100] Train Error: 0.0063 | Train Perf: 0.9099 | Eval Error: 0.0255 | Eval Perf: 0.5869
[96, 100] Train Error: 0.0064 | Train Perf: 0.9089 | Eval Error: 0.0258 | Eval Perf: 0.5831
[97, 100] Train Error: 0.0063 | Train Perf: 0.9096 | Eval Error: 0.026 | Eval Perf: 0.5814
[98, 100] Train Error: 0.0062 | Train Perf: 0.9118 | Eval Error: 0.0264 | Eval Perf: 0.5673
[99, 100] Train Error: 0.0062 | Train Perf: 0.911 | Eval Error: 0.0262 | Eval Perf: 0.5732
[100, 100] Train Error: 0.0059 | Train Perf: 0.9154 | Eval Error: 0.0266 | Eval Perf: 0.5899
