NETWORK SUMMARY
---------------
Input Layer shape: (1, 180)
Hidden Layer shape: (181, 3)
Output layer shape: (4, 1)
Total parameters: 547

[1, 100] Train Error: 0.007 | Train Perf: 0.0214 | Eval Error: 0.0073 | Eval Perf: 0.3443
[2, 100] Train Error: 0.006 | Train Perf: 0.3863 | Eval Error: 0.0071 | Eval Perf: 0.4567
[3, 100] Train Error: 0.0054 | Train Perf: 0.5391 | Eval Error: 0.0063 | Eval Perf: 0.5083
[4, 100] Train Error: 0.0045 | Train Perf: 0.6374 | Eval Error: 0.0058 | Eval Perf: 0.5336
[5, 100] Train Error: 0.0037 | Train Perf: 0.6944 | Eval Error: 0.0053 | Eval Perf: 0.5587
[6, 100] Train Error: 0.0031 | Train Perf: 0.7386 | Eval Error: 0.005 | Eval Perf: 0.5818
[7, 100] Train Error: 0.0027 | Train Perf: 0.7701 | Eval Error: 0.0051 | Eval Perf: 0.579
[8, 100] Train Error: 0.0025 | Train Perf: 0.7892 | Eval Error: 0.0051 | Eval Perf: 0.5856
[9, 100] Train Error: 0.0022 | Train Perf: 0.8156 | Eval Error: 0.0051 | Eval Perf: 0.5868
[10, 100] Train Error: 0.0021 | Train Perf: 0.8235 | Eval Error: 0.0049 | Eval Perf: 0.5962
[11, 100] Train Error: 0.0019 | Train Perf: 0.8401 | Eval Error: 0.005 | Eval Perf: 0.5984
[12, 100] Train Error: 0.0018 | Train Perf: 0.8548 | Eval Error: 0.0049 | Eval Perf: 0.6015
[13, 100] Train Error: 0.0017 | Train Perf: 0.8606 | Eval Error: 0.005 | Eval Perf: 0.6032
[14, 100] Train Error: 0.0016 | Train Perf: 0.8689 | Eval Error: 0.005 | Eval Perf: 0.5936
[15, 100] Train Error: 0.0015 | Train Perf: 0.8789 | Eval Error: 0.005 | Eval Perf: 0.601
[16, 100] Train Error: 0.0014 | Train Perf: 0.886 | Eval Error: 0.005 | Eval Perf: 0.5959
[17, 100] Train Error: 0.0014 | Train Perf: 0.89 | Eval Error: 0.005 | Eval Perf: 0.5986
[18, 100] Train Error: 0.0013 | Train Perf: 0.8957 | Eval Error: 0.005 | Eval Perf: 0.603
[19, 100] Train Error: 0.0012 | Train Perf: 0.9 | Eval Error: 0.0049 | Eval Perf: 0.6056
[20, 100] Train Error: 0.0012 | Train Perf: 0.904 | Eval Error: 0.0049 | Eval Perf: 0.606
[21, 100] Train Error: 0.0012 | Train Perf: 0.9068 | Eval Error: 0.0049 | Eval Perf: 0.6122
[22, 100] Train Error: 0.0011 | Train Perf: 0.9094 | Eval Error: 0.0049 | Eval Perf: 0.6139
[23, 100] Train Error: 0.0011 | Train Perf: 0.9128 | Eval Error: 0.0049 | Eval Perf: 0.617
[24, 100] Train Error: 0.0011 | Train Perf: 0.9144 | Eval Error: 0.0048 | Eval Perf: 0.6196
[25, 100] Train Error: 0.001 | Train Perf: 0.9184 | Eval Error: 0.0048 | Eval Perf: 0.6172
[26, 100] Train Error: 0.001 | Train Perf: 0.9213 | Eval Error: 0.0048 | Eval Perf: 0.6205
[27, 100] Train Error: 0.001 | Train Perf: 0.9223 | Eval Error: 0.0048 | Eval Perf: 0.6227
[28, 100] Train Error: 0.0009 | Train Perf: 0.9246 | Eval Error: 0.0048 | Eval Perf: 0.6198
[29, 100] Train Error: 0.0009 | Train Perf: 0.9261 | Eval Error: 0.0048 | Eval Perf: 0.6228
[30, 100] Train Error: 0.0009 | Train Perf: 0.9282 | Eval Error: 0.0048 | Eval Perf: 0.6231
[31, 100] Train Error: 0.0009 | Train Perf: 0.9296 | Eval Error: 0.0048 | Eval Perf: 0.6242
[32, 100] Train Error: 0.0009 | Train Perf: 0.9313 | Eval Error: 0.0047 | Eval Perf: 0.6274
[33, 100] Train Error: 0.0009 | Train Perf: 0.9326 | Eval Error: 0.0047 | Eval Perf: 0.6258
[34, 100] Train Error: 0.0008 | Train Perf: 0.9334 | Eval Error: 0.0047 | Eval Perf: 0.6277
[35, 100] Train Error: 0.0008 | Train Perf: 0.935 | Eval Error: 0.0047 | Eval Perf: 0.6295
[36, 100] Train Error: 0.0008 | Train Perf: 0.9362 | Eval Error: 0.0047 | Eval Perf: 0.6327
[37, 100] Train Error: 0.0008 | Train Perf: 0.9376 | Eval Error: 0.0047 | Eval Perf: 0.6327
[38, 100] Train Error: 0.0008 | Train Perf: 0.9383 | Eval Error: 0.0047 | Eval Perf: 0.6331
[39, 100] Train Error: 0.0007 | Train Perf: 0.941 | Eval Error: 0.0047 | Eval Perf: 0.6324
[40, 100] Train Error: 0.0008 | Train Perf: 0.9404 | Eval Error: 0.0047 | Eval Perf: 0.6338
[41, 100] Train Error: 0.0007 | Train Perf: 0.9418 | Eval Error: 0.0047 | Eval Perf: 0.6376
[42, 100] Train Error: 0.0007 | Train Perf: 0.9423 | Eval Error: 0.0047 | Eval Perf: 0.6362
[43, 100] Train Error: 0.0007 | Train Perf: 0.9433 | Eval Error: 0.0047 | Eval Perf: 0.6394
[44, 100] Train Error: 0.0007 | Train Perf: 0.9446 | Eval Error: 0.0046 | Eval Perf: 0.6387
[45, 100] Train Error: 0.0007 | Train Perf: 0.946 | Eval Error: 0.0047 | Eval Perf: 0.6367
[46, 100] Train Error: 0.0007 | Train Perf: 0.946 | Eval Error: 0.0047 | Eval Perf: 0.6363
[47, 100] Train Error: 0.0007 | Train Perf: 0.947 | Eval Error: 0.0047 | Eval Perf: 0.6392
[48, 100] Train Error: 0.0007 | Train Perf: 0.9476 | Eval Error: 0.0046 | Eval Perf: 0.6416
[49, 100] Train Error: 0.0007 | Train Perf: 0.9487 | Eval Error: 0.0046 | Eval Perf: 0.6414
[50, 100] Train Error: 0.0006 | Train Perf: 0.9494 | Eval Error: 0.0047 | Eval Perf: 0.6391
[51, 100] Train Error: 0.0006 | Train Perf: 0.95 | Eval Error: 0.0046 | Eval Perf: 0.6387
[52, 100] Train Error: 0.0006 | Train Perf: 0.9504 | Eval Error: 0.0046 | Eval Perf: 0.6412
[53, 100] Train Error: 0.0006 | Train Perf: 0.9515 | Eval Error: 0.0046 | Eval Perf: 0.6429
[54, 100] Train Error: 0.0006 | Train Perf: 0.952 | Eval Error: 0.0047 | Eval Perf: 0.6393
[55, 100] Train Error: 0.0006 | Train Perf: 0.9524 | Eval Error: 0.0046 | Eval Perf: 0.6415
[56, 100] Train Error: 0.0006 | Train Perf: 0.9528 | Eval Error: 0.0047 | Eval Perf: 0.6439
[57, 100] Train Error: 0.0006 | Train Perf: 0.9534 | Eval Error: 0.0046 | Eval Perf: 0.6419
[58, 100] Train Error: 0.0006 | Train Perf: 0.9537 | Eval Error: 0.0046 | Eval Perf: 0.6429
[59, 100] Train Error: 0.0006 | Train Perf: 0.9545 | Eval Error: 0.0046 | Eval Perf: 0.6431
[60, 100] Train Error: 0.0006 | Train Perf: 0.955 | Eval Error: 0.0046 | Eval Perf: 0.645
[61, 100] Train Error: 0.0006 | Train Perf: 0.9556 | Eval Error: 0.0046 | Eval Perf: 0.6474
[62, 100] Train Error: 0.0006 | Train Perf: 0.9558 | Eval Error: 0.0046 | Eval Perf: 0.6475
[63, 100] Train Error: 0.0006 | Train Perf: 0.9566 | Eval Error: 0.0046 | Eval Perf: 0.6489
[64, 100] Train Error: 0.0005 | Train Perf: 0.9571 | Eval Error: 0.0046 | Eval Perf: 0.6465
[65, 100] Train Error: 0.0005 | Train Perf: 0.9574 | Eval Error: 0.0046 | Eval Perf: 0.6495
[66, 100] Train Error: 0.0005 | Train Perf: 0.9577 | Eval Error: 0.0046 | Eval Perf: 0.6474
[67, 100] Train Error: 0.0005 | Train Perf: 0.9583 | Eval Error: 0.0046 | Eval Perf: 0.6502
[68, 100] Train Error: 0.0005 | Train Perf: 0.9583 | Eval Error: 0.0046 | Eval Perf: 0.6501
[69, 100] Train Error: 0.0005 | Train Perf: 0.9587 | Eval Error: 0.0046 | Eval Perf: 0.6509
[70, 100] Train Error: 0.0005 | Train Perf: 0.9591 | Eval Error: 0.0046 | Eval Perf: 0.6497
[71, 100] Train Error: 0.0005 | Train Perf: 0.9596 | Eval Error: 0.0046 | Eval Perf: 0.6499
[72, 100] Train Error: 0.0005 | Train Perf: 0.96 | Eval Error: 0.0046 | Eval Perf: 0.6541
[73, 100] Train Error: 0.0005 | Train Perf: 0.9603 | Eval Error: 0.0045 | Eval Perf: 0.653
[74, 100] Train Error: 0.0005 | Train Perf: 0.9603 | Eval Error: 0.0046 | Eval Perf: 0.6526
[75, 100] Train Error: 0.0005 | Train Perf: 0.961 | Eval Error: 0.0046 | Eval Perf: 0.6561
[76, 100] Train Error: 0.0005 | Train Perf: 0.961 | Eval Error: 0.0046 | Eval Perf: 0.6557
[77, 100] Train Error: 0.0005 | Train Perf: 0.9615 | Eval Error: 0.0046 | Eval Perf: 0.6539
[78, 100] Train Error: 0.0005 | Train Perf: 0.9619 | Eval Error: 0.0046 | Eval Perf: 0.6543
[79, 100] Train Error: 0.0005 | Train Perf: 0.9621 | Eval Error: 0.0045 | Eval Perf: 0.6568
[80, 100] Train Error: 0.0005 | Train Perf: 0.9624 | Eval Error: 0.0045 | Eval Perf: 0.6559
[81, 100] Train Error: 0.0005 | Train Perf: 0.9623 | Eval Error: 0.0045 | Eval Perf: 0.6571
[82, 100] Train Error: 0.0005 | Train Perf: 0.9628 | Eval Error: 0.0045 | Eval Perf: 0.6569
[83, 100] Train Error: 0.0005 | Train Perf: 0.9631 | Eval Error: 0.0045 | Eval Perf: 0.6562
[84, 100] Train Error: 0.0005 | Train Perf: 0.9633 | Eval Error: 0.0045 | Eval Perf: 0.6579
[85, 100] Train Error: 0.0005 | Train Perf: 0.9636 | Eval Error: 0.0045 | Eval Perf: 0.6559
[86, 100] Train Error: 0.0005 | Train Perf: 0.9637 | Eval Error: 0.0045 | Eval Perf: 0.6576
[87, 100] Train Error: 0.0005 | Train Perf: 0.9643 | Eval Error: 0.0045 | Eval Perf: 0.6586
[88, 100] Train Error: 0.0005 | Train Perf: 0.9645 | Eval Error: 0.0045 | Eval Perf: 0.6578
[89, 100] Train Error: 0.0005 | Train Perf: 0.9645 | Eval Error: 0.0045 | Eval Perf: 0.6601
[90, 100] Train Error: 0.0004 | Train Perf: 0.9651 | Eval Error: 0.0045 | Eval Perf: 0.6619
[91, 100] Train Error: 0.0004 | Train Perf: 0.9651 | Eval Error: 0.0045 | Eval Perf: 0.6619
[92, 100] Train Error: 0.0004 | Train Perf: 0.9654 | Eval Error: 0.0045 | Eval Perf: 0.6625
[93, 100] Train Error: 0.0004 | Train Perf: 0.9654 | Eval Error: 0.0045 | Eval Perf: 0.6594
[94, 100] Train Error: 0.0004 | Train Perf: 0.9657 | Eval Error: 0.0045 | Eval Perf: 0.6601
[95, 100] Train Error: 0.0004 | Train Perf: 0.9661 | Eval Error: 0.0045 | Eval Perf: 0.6629
[96, 100] Train Error: 0.0004 | Train Perf: 0.9662 | Eval Error: 0.0045 | Eval Perf: 0.6638
[97, 100] Train Error: 0.0004 | Train Perf: 0.9662 | Eval Error: 0.0045 | Eval Perf: 0.6638
[98, 100] Train Error: 0.0004 | Train Perf: 0.9666 | Eval Error: 0.0045 | Eval Perf: 0.6654
[99, 100] Train Error: 0.0004 | Train Perf: 0.9666 | Eval Error: 0.0045 | Eval Perf: 0.6625
[100, 100] Train Error: 0.0004 | Train Perf: 0.9671 | Eval Error: 0.0045 | Eval Perf: 0.663
