NETWORK SUMMARY
---------------
Input Layer shape: (1, 180)
Hidden Layer shape: (181, 5)
Output layer shape: (6, 1)
Total parameters: 911

[1, 100] Train Error: 0.0287 | Train Perf: 0.3402 | Eval Error: 0.0213 | Eval Perf: 0.686
[2, 100] Train Error: 0.0167 | Train Perf: 0.7035 | Eval Error: 0.0136 | Eval Perf: 0.7605
[3, 100] Train Error: 0.0121 | Train Perf: 0.7883 | Eval Error: 0.0121 | Eval Perf: 0.7886
[4, 100] Train Error: 0.0106 | Train Perf: 0.8168 | Eval Error: 0.012 | Eval Perf: 0.7935
[5, 100] Train Error: 0.0102 | Train Perf: 0.8241 | Eval Error: 0.0119 | Eval Perf: 0.7926
[6, 100] Train Error: 0.01 | Train Perf: 0.8301 | Eval Error: 0.0121 | Eval Perf: 0.7913
[7, 100] Train Error: 0.0096 | Train Perf: 0.8374 | Eval Error: 0.0128 | Eval Perf: 0.7839
[8, 100] Train Error: 0.0094 | Train Perf: 0.841 | Eval Error: 0.0118 | Eval Perf: 0.8025
[9, 100] Train Error: 0.0094 | Train Perf: 0.8406 | Eval Error: 0.0122 | Eval Perf: 0.7991
[10, 100] Train Error: 0.0093 | Train Perf: 0.8433 | Eval Error: 0.0118 | Eval Perf: 0.801
[11, 100] Train Error: 0.0092 | Train Perf: 0.845 | Eval Error: 0.0126 | Eval Perf: 0.8009
[12, 100] Train Error: 0.0091 | Train Perf: 0.8465 | Eval Error: 0.0156 | Eval Perf: 0.8009
[13, 100] Train Error: 0.009 | Train Perf: 0.8474 | Eval Error: 0.0116 | Eval Perf: 0.8017
[14, 100] Train Error: 0.0087 | Train Perf: 0.853 | Eval Error: 0.0116 | Eval Perf: 0.8073
[15, 100] Train Error: 0.0089 | Train Perf: 0.8501 | Eval Error: 0.0112 | Eval Perf: 0.8095
[16, 100] Train Error: 0.0086 | Train Perf: 0.8547 | Eval Error: 0.0116 | Eval Perf: 0.807
[17, 100] Train Error: 0.0085 | Train Perf: 0.8568 | Eval Error: 0.012 | Eval Perf: 0.806
[18, 100] Train Error: 0.0085 | Train Perf: 0.8567 | Eval Error: 0.0111 | Eval Perf: 0.8102
[19, 100] Train Error: 0.0084 | Train Perf: 0.858 | Eval Error: 0.0115 | Eval Perf: 0.8074
[20, 100] Train Error: 0.0083 | Train Perf: 0.86 | Eval Error: 0.0111 | Eval Perf: 0.813
[21, 100] Train Error: 0.0083 | Train Perf: 0.8613 | Eval Error: 0.0129 | Eval Perf: 0.8029
[22, 100] Train Error: 0.008 | Train Perf: 0.8663 | Eval Error: 0.012 | Eval Perf: 0.8027
[23, 100] Train Error: 0.008 | Train Perf: 0.8657 | Eval Error: 0.011 | Eval Perf: 0.8137
[24, 100] Train Error: 0.0079 | Train Perf: 0.8685 | Eval Error: 0.0111 | Eval Perf: 0.8162
[25, 100] Train Error: 0.0077 | Train Perf: 0.8717 | Eval Error: 0.0115 | Eval Perf: 0.8118
[26, 100] Train Error: 0.0077 | Train Perf: 0.8715 | Eval Error: 0.0114 | Eval Perf: 0.8098
[27, 100] Train Error: 0.0076 | Train Perf: 0.8731 | Eval Error: 0.0111 | Eval Perf: 0.8139
[28, 100] Train Error: 0.0074 | Train Perf: 0.8761 | Eval Error: 0.0114 | Eval Perf: 0.811
[29, 100] Train Error: 0.0073 | Train Perf: 0.8781 | Eval Error: 0.0127 | Eval Perf: 0.8117
[30, 100] Train Error: 0.0071 | Train Perf: 0.8813 | Eval Error: 0.0112 | Eval Perf: 0.8138
[31, 100] Train Error: 0.0071 | Train Perf: 0.8831 | Eval Error: 0.0115 | Eval Perf: 0.8073
[32, 100] Train Error: 0.007 | Train Perf: 0.8845 | Eval Error: 0.0116 | Eval Perf: 0.8088
[33, 100] Train Error: 0.0068 | Train Perf: 0.8872 | Eval Error: 0.0111 | Eval Perf: 0.8116
[34, 100] Train Error: 0.0068 | Train Perf: 0.8877 | Eval Error: 0.0119 | Eval Perf: 0.8058
[35, 100] Train Error: 0.0066 | Train Perf: 0.8905 | Eval Error: 0.0119 | Eval Perf: 0.805
[36, 100] Train Error: 0.0066 | Train Perf: 0.8916 | Eval Error: 0.013 | Eval Perf: 0.8092
[37, 100] Train Error: 0.0064 | Train Perf: 0.8944 | Eval Error: 0.0124 | Eval Perf: 0.8035
[38, 100] Train Error: 0.0063 | Train Perf: 0.8967 | Eval Error: 0.0116 | Eval Perf: 0.8067
[39, 100] Train Error: 0.0063 | Train Perf: 0.8969 | Eval Error: 0.0118 | Eval Perf: 0.8047
[40, 100] Train Error: 0.0062 | Train Perf: 0.8992 | Eval Error: 0.0123 | Eval Perf: 0.8053
[41, 100] Train Error: 0.006 | Train Perf: 0.9014 | Eval Error: 0.013 | Eval Perf: 0.8018
[42, 100] Train Error: 0.0061 | Train Perf: 0.901 | Eval Error: 0.0119 | Eval Perf: 0.8017
[43, 100] Train Error: 0.0059 | Train Perf: 0.9031 | Eval Error: 0.0124 | Eval Perf: 0.7938
[44, 100] Train Error: 0.0058 | Train Perf: 0.9057 | Eval Error: 0.0127 | Eval Perf: 0.7939
[45, 100] Train Error: 0.0058 | Train Perf: 0.9061 | Eval Error: 0.0122 | Eval Perf: 0.8003
[46, 100] Train Error: 0.0056 | Train Perf: 0.9098 | Eval Error: 0.0128 | Eval Perf: 0.7961
[47, 100] Train Error: 0.0055 | Train Perf: 0.9105 | Eval Error: 0.0124 | Eval Perf: 0.7967
[48, 100] Train Error: 0.0055 | Train Perf: 0.9111 | Eval Error: 0.0135 | Eval Perf: 0.7897
[49, 100] Train Error: 0.0054 | Train Perf: 0.9122 | Eval Error: 0.0128 | Eval Perf: 0.7918
[50, 100] Train Error: 0.0053 | Train Perf: 0.914 | Eval Error: 0.0134 | Eval Perf: 0.7869
[51, 100] Train Error: 0.0053 | Train Perf: 0.9146 | Eval Error: 0.0138 | Eval Perf: 0.7898
[52, 100] Train Error: 0.0052 | Train Perf: 0.9161 | Eval Error: 0.0132 | Eval Perf: 0.7849
[53, 100] Train Error: 0.0051 | Train Perf: 0.9182 | Eval Error: 0.014 | Eval Perf: 0.7809
[54, 100] Train Error: 0.005 | Train Perf: 0.9188 | Eval Error: 0.0151 | Eval Perf: 0.7809
[55, 100] Train Error: 0.005 | Train Perf: 0.9194 | Eval Error: 0.0145 | Eval Perf: 0.7791
[56, 100] Train Error: 0.0049 | Train Perf: 0.9214 | Eval Error: 0.0135 | Eval Perf: 0.7826
[57, 100] Train Error: 0.0049 | Train Perf: 0.9214 | Eval Error: 0.0136 | Eval Perf: 0.7832
[58, 100] Train Error: 0.0048 | Train Perf: 0.9237 | Eval Error: 0.0141 | Eval Perf: 0.7753
[59, 100] Train Error: 0.0048 | Train Perf: 0.9233 | Eval Error: 0.0146 | Eval Perf: 0.7764
[60, 100] Train Error: 0.0047 | Train Perf: 0.9239 | Eval Error: 0.0143 | Eval Perf: 0.7729
[61, 100] Train Error: 0.0047 | Train Perf: 0.9246 | Eval Error: 0.016 | Eval Perf: 0.7688
[62, 100] Train Error: 0.0046 | Train Perf: 0.9259 | Eval Error: 0.0151 | Eval Perf: 0.7677
[63, 100] Train Error: 0.0045 | Train Perf: 0.9274 | Eval Error: 0.0144 | Eval Perf: 0.7685
[64, 100] Train Error: 0.0045 | Train Perf: 0.9279 | Eval Error: 0.0155 | Eval Perf: 0.7727
[65, 100] Train Error: 0.0045 | Train Perf: 0.9275 | Eval Error: 0.015 | Eval Perf: 0.766
[66, 100] Train Error: 0.0044 | Train Perf: 0.9303 | Eval Error: 0.0164 | Eval Perf: 0.7608
[67, 100] Train Error: 0.0045 | Train Perf: 0.9285 | Eval Error: 0.0152 | Eval Perf: 0.7664
[68, 100] Train Error: 0.0044 | Train Perf: 0.9301 | Eval Error: 0.0149 | Eval Perf: 0.7655
[69, 100] Train Error: 0.0043 | Train Perf: 0.9318 | Eval Error: 0.0158 | Eval Perf: 0.7611
[70, 100] Train Error: 0.0043 | Train Perf: 0.9324 | Eval Error: 0.0152 | Eval Perf: 0.7627
[71, 100] Train Error: 0.0042 | Train Perf: 0.933 | Eval Error: 0.0154 | Eval Perf: 0.7598
[72, 100] Train Error: 0.0042 | Train Perf: 0.9331 | Eval Error: 0.0151 | Eval Perf: 0.7605
[73, 100] Train Error: 0.0041 | Train Perf: 0.9346 | Eval Error: 0.0154 | Eval Perf: 0.7623
[74, 100] Train Error: 0.0041 | Train Perf: 0.9346 | Eval Error: 0.0153 | Eval Perf: 0.7568
[75, 100] Train Error: 0.0041 | Train Perf: 0.9347 | Eval Error: 0.0147 | Eval Perf: 0.764
[76, 100] Train Error: 0.004 | Train Perf: 0.936 | Eval Error: 0.0167 | Eval Perf: 0.7633
[77, 100] Train Error: 0.004 | Train Perf: 0.9367 | Eval Error: 0.0154 | Eval Perf: 0.7547
[78, 100] Train Error: 0.004 | Train Perf: 0.9368 | Eval Error: 0.0166 | Eval Perf: 0.7569
[79, 100] Train Error: 0.004 | Train Perf: 0.9368 | Eval Error: 0.0159 | Eval Perf: 0.755
[80, 100] Train Error: 0.004 | Train Perf: 0.9372 | Eval Error: 0.0156 | Eval Perf: 0.7544
[81, 100] Train Error: 0.0039 | Train Perf: 0.938 | Eval Error: 0.0162 | Eval Perf: 0.7532
[82, 100] Train Error: 0.0039 | Train Perf: 0.9385 | Eval Error: 0.0163 | Eval Perf: 0.7549
[83, 100] Train Error: 0.0038 | Train Perf: 0.9392 | Eval Error: 0.017 | Eval Perf: 0.7504
[84, 100] Train Error: 0.0038 | Train Perf: 0.9388 | Eval Error: 0.0161 | Eval Perf: 0.7507
[85, 100] Train Error: 0.0038 | Train Perf: 0.9405 | Eval Error: 0.016 | Eval Perf: 0.749
[86, 100] Train Error: 0.0037 | Train Perf: 0.941 | Eval Error: 0.0162 | Eval Perf: 0.7458
[87, 100] Train Error: 0.0037 | Train Perf: 0.9414 | Eval Error: 0.0168 | Eval Perf: 0.7525
[88, 100] Train Error: 0.0037 | Train Perf: 0.9424 | Eval Error: 0.0167 | Eval Perf: 0.7413
[89, 100] Train Error: 0.0036 | Train Perf: 0.9423 | Eval Error: 0.018 | Eval Perf: 0.7443
[90, 100] Train Error: 0.0036 | Train Perf: 0.9423 | Eval Error: 0.0165 | Eval Perf: 0.7445
[91, 100] Train Error: 0.0037 | Train Perf: 0.9421 | Eval Error: 0.0171 | Eval Perf: 0.7442
[92, 100] Train Error: 0.0036 | Train Perf: 0.9435 | Eval Error: 0.0162 | Eval Perf: 0.7446
[93, 100] Train Error: 0.0035 | Train Perf: 0.9447 | Eval Error: 0.0164 | Eval Perf: 0.7486
[94, 100] Train Error: 0.0035 | Train Perf: 0.944 | Eval Error: 0.0177 | Eval Perf: 0.7422
[95, 100] Train Error: 0.0035 | Train Perf: 0.9441 | Eval Error: 0.0169 | Eval Perf: 0.7408
[96, 100] Train Error: 0.0035 | Train Perf: 0.9451 | Eval Error: 0.0165 | Eval Perf: 0.7451
[97, 100] Train Error: 0.0035 | Train Perf: 0.9452 | Eval Error: 0.0165 | Eval Perf: 0.7413
[98, 100] Train Error: 0.0034 | Train Perf: 0.9457 | Eval Error: 0.0162 | Eval Perf: 0.7461
[99, 100] Train Error: 0.0034 | Train Perf: 0.9459 | Eval Error: 0.017 | Eval Perf: 0.7374
[100, 100] Train Error: 0.0034 | Train Perf: 0.9468 | Eval Error: 0.0167 | Eval Perf: 0.734
