NETWORK SUMMARY
---------------
Input Layer shape: (1, 180)
Hidden Layer shape: (181, 5)
Output layer shape: (6, 1)
Total parameters: 911

[1, 100] Train Error: 0.0257 | Train Perf: -0.0582 | Eval Error: 0.0181 | Eval Perf: 0.1376
[2, 100] Train Error: 0.0214 | Train Perf: 0.0183 | Eval Error: 0.0167 | Eval Perf: 0.1765
[3, 100] Train Error: 0.0212 | Train Perf: -0.1802 | Eval Error: 0.0166 | Eval Perf: 0.2205
[4, 100] Train Error: 0.0212 | Train Perf: -0.3386 | Eval Error: 0.0166 | Eval Perf: 0.2639
[5, 100] Train Error: 0.0209 | Train Perf: 0.0351 | Eval Error: 0.0165 | Eval Perf: 0.3099
[6, 100] Train Error: 0.0212 | Train Perf: -0.2014 | Eval Error: 0.0165 | Eval Perf: 0.3498
[7, 100] Train Error: 0.0211 | Train Perf: -0.2205 | Eval Error: 0.0165 | Eval Perf: 0.3905
[8, 100] Train Error: 0.021 | Train Perf: -0.0873 | Eval Error: 0.0165 | Eval Perf: 0.429
[9, 100] Train Error: 0.021 | Train Perf: -0.0782 | Eval Error: 0.0164 | Eval Perf: 0.4665
[10, 100] Train Error: 0.021 | Train Perf: -0.0338 | Eval Error: 0.0164 | Eval Perf: 0.4991
[11, 100] Train Error: 0.0209 | Train Perf: 0.007 | Eval Error: 0.0164 | Eval Perf: 0.5319
[12, 100] Train Error: 0.0209 | Train Perf: 0.0499 | Eval Error: 0.0165 | Eval Perf: 0.5596
[13, 100] Train Error: 0.0209 | Train Perf: 0.023 | Eval Error: 0.0165 | Eval Perf: 0.5859
[14, 100] Train Error: 0.0207 | Train Perf: 0.147 | Eval Error: 0.0163 | Eval Perf: 0.6119
[15, 100] Train Error: 0.0208 | Train Perf: 0.0726 | Eval Error: 0.0163 | Eval Perf: 0.6318
[16, 100] Train Error: 0.0208 | Train Perf: 0.0935 | Eval Error: 0.0162 | Eval Perf: 0.6507
[17, 100] Train Error: 0.0207 | Train Perf: 0.1086 | Eval Error: 0.0162 | Eval Perf: 0.6666
[18, 100] Train Error: 0.0207 | Train Perf: 0.1863 | Eval Error: 0.0161 | Eval Perf: 0.6807
[19, 100] Train Error: 0.0207 | Train Perf: 0.2133 | Eval Error: 0.0161 | Eval Perf: 0.6932
[20, 100] Train Error: 0.0206 | Train Perf: 0.2786 | Eval Error: 0.0162 | Eval Perf: 0.7042
[21, 100] Train Error: 0.0206 | Train Perf: 0.2872 | Eval Error: 0.0161 | Eval Perf: 0.7133
[22, 100] Train Error: 0.0205 | Train Perf: 0.2425 | Eval Error: 0.016 | Eval Perf: 0.7205
[23, 100] Train Error: 0.0205 | Train Perf: 0.2802 | Eval Error: 0.016 | Eval Perf: 0.7273
[24, 100] Train Error: 0.0204 | Train Perf: 0.3645 | Eval Error: 0.0159 | Eval Perf: 0.732
[25, 100] Train Error: 0.0203 | Train Perf: 0.2775 | Eval Error: 0.0158 | Eval Perf: 0.7362
[26, 100] Train Error: 0.0203 | Train Perf: 0.447 | Eval Error: 0.0158 | Eval Perf: 0.7414
[27, 100] Train Error: 0.0203 | Train Perf: 0.4368 | Eval Error: 0.0158 | Eval Perf: 0.7439
[28, 100] Train Error: 0.0202 | Train Perf: 0.3964 | Eval Error: 0.0157 | Eval Perf: 0.7453
[29, 100] Train Error: 0.0201 | Train Perf: 0.3982 | Eval Error: 0.0157 | Eval Perf: 0.7489
[30, 100] Train Error: 0.02 | Train Perf: 0.439 | Eval Error: 0.0155 | Eval Perf: 0.7485
[31, 100] Train Error: 0.02 | Train Perf: 0.3953 | Eval Error: 0.0155 | Eval Perf: 0.7507
[32, 100] Train Error: 0.0199 | Train Perf: 0.5065 | Eval Error: 0.0154 | Eval Perf: 0.7508
[33, 100] Train Error: 0.0198 | Train Perf: 0.5693 | Eval Error: 0.0154 | Eval Perf: 0.7542
[34, 100] Train Error: 0.0197 | Train Perf: 0.5758 | Eval Error: 0.0154 | Eval Perf: 0.7559
[35, 100] Train Error: 0.0197 | Train Perf: 0.5688 | Eval Error: 0.0153 | Eval Perf: 0.7552
[36, 100] Train Error: 0.0196 | Train Perf: 0.6048 | Eval Error: 0.0151 | Eval Perf: 0.7538
[37, 100] Train Error: 0.0195 | Train Perf: 0.5 | Eval Error: 0.0151 | Eval Perf: 0.7546
[38, 100] Train Error: 0.0194 | Train Perf: 0.6103 | Eval Error: 0.015 | Eval Perf: 0.7557
[39, 100] Train Error: 0.0193 | Train Perf: 0.6364 | Eval Error: 0.0149 | Eval Perf: 0.7537
[40, 100] Train Error: 0.0192 | Train Perf: 0.6671 | Eval Error: 0.0148 | Eval Perf: 0.7523
[41, 100] Train Error: 0.0191 | Train Perf: 0.6483 | Eval Error: 0.0147 | Eval Perf: 0.753
[42, 100] Train Error: 0.0189 | Train Perf: 0.6442 | Eval Error: 0.0145 | Eval Perf: 0.7516
[43, 100] Train Error: 0.0188 | Train Perf: 0.6725 | Eval Error: 0.0145 | Eval Perf: 0.7545
[44, 100] Train Error: 0.0187 | Train Perf: 0.6764 | Eval Error: 0.0144 | Eval Perf: 0.754
[45, 100] Train Error: 0.0184 | Train Perf: 0.6562 | Eval Error: 0.0143 | Eval Perf: 0.756
[46, 100] Train Error: 0.0182 | Train Perf: 0.6717 | Eval Error: 0.0141 | Eval Perf: 0.75
[47, 100] Train Error: 0.0182 | Train Perf: 0.7018 | Eval Error: 0.014 | Eval Perf: 0.752
[48, 100] Train Error: 0.018 | Train Perf: 0.6722 | Eval Error: 0.0138 | Eval Perf: 0.7521
[49, 100] Train Error: 0.0179 | Train Perf: 0.6881 | Eval Error: 0.0137 | Eval Perf: 0.7526
[50, 100] Train Error: 0.0177 | Train Perf: 0.6886 | Eval Error: 0.0135 | Eval Perf: 0.7508
[51, 100] Train Error: 0.0175 | Train Perf: 0.697 | Eval Error: 0.0135 | Eval Perf: 0.7537
[52, 100] Train Error: 0.0173 | Train Perf: 0.7265 | Eval Error: 0.0133 | Eval Perf: 0.7546
[53, 100] Train Error: 0.0171 | Train Perf: 0.7068 | Eval Error: 0.0132 | Eval Perf: 0.754
[54, 100] Train Error: 0.017 | Train Perf: 0.716 | Eval Error: 0.013 | Eval Perf: 0.7533
[55, 100] Train Error: 0.0167 | Train Perf: 0.7423 | Eval Error: 0.0128 | Eval Perf: 0.7524
[56, 100] Train Error: 0.0165 | Train Perf: 0.7321 | Eval Error: 0.0126 | Eval Perf: 0.7525
[57, 100] Train Error: 0.0163 | Train Perf: 0.7382 | Eval Error: 0.0125 | Eval Perf: 0.7548
[58, 100] Train Error: 0.0161 | Train Perf: 0.732 | Eval Error: 0.0123 | Eval Perf: 0.7545
[59, 100] Train Error: 0.0158 | Train Perf: 0.7472 | Eval Error: 0.0121 | Eval Perf: 0.7509
[60, 100] Train Error: 0.0157 | Train Perf: 0.7411 | Eval Error: 0.012 | Eval Perf: 0.7547
[61, 100] Train Error: 0.0154 | Train Perf: 0.7498 | Eval Error: 0.0118 | Eval Perf: 0.7566
[62, 100] Train Error: 0.0152 | Train Perf: 0.7509 | Eval Error: 0.0116 | Eval Perf: 0.7541
[63, 100] Train Error: 0.015 | Train Perf: 0.7479 | Eval Error: 0.0114 | Eval Perf: 0.7566
[64, 100] Train Error: 0.0147 | Train Perf: 0.7434 | Eval Error: 0.0113 | Eval Perf: 0.7586
[65, 100] Train Error: 0.0145 | Train Perf: 0.752 | Eval Error: 0.0112 | Eval Perf: 0.7604
[66, 100] Train Error: 0.0143 | Train Perf: 0.7546 | Eval Error: 0.011 | Eval Perf: 0.7613
[67, 100] Train Error: 0.014 | Train Perf: 0.7555 | Eval Error: 0.0107 | Eval Perf: 0.759
[68, 100] Train Error: 0.0138 | Train Perf: 0.761 | Eval Error: 0.0106 | Eval Perf: 0.7587
[69, 100] Train Error: 0.0136 | Train Perf: 0.7638 | Eval Error: 0.0104 | Eval Perf: 0.76
[70, 100] Train Error: 0.0133 | Train Perf: 0.7686 | Eval Error: 0.0102 | Eval Perf: 0.7587
[71, 100] Train Error: 0.0131 | Train Perf: 0.7658 | Eval Error: 0.01 | Eval Perf: 0.7589
[72, 100] Train Error: 0.0129 | Train Perf: 0.7669 | Eval Error: 0.0099 | Eval Perf: 0.7607
[73, 100] Train Error: 0.0126 | Train Perf: 0.7642 | Eval Error: 0.0097 | Eval Perf: 0.7615
[74, 100] Train Error: 0.0124 | Train Perf: 0.7706 | Eval Error: 0.0096 | Eval Perf: 0.761
[75, 100] Train Error: 0.0121 | Train Perf: 0.7768 | Eval Error: 0.0095 | Eval Perf: 0.7654
[76, 100] Train Error: 0.012 | Train Perf: 0.7749 | Eval Error: 0.0093 | Eval Perf: 0.7634
[77, 100] Train Error: 0.0118 | Train Perf: 0.7796 | Eval Error: 0.0091 | Eval Perf: 0.7638
[78, 100] Train Error: 0.0116 | Train Perf: 0.7789 | Eval Error: 0.009 | Eval Perf: 0.7649
[79, 100] Train Error: 0.0114 | Train Perf: 0.7811 | Eval Error: 0.0089 | Eval Perf: 0.7648
[80, 100] Train Error: 0.0111 | Train Perf: 0.7903 | Eval Error: 0.0087 | Eval Perf: 0.7644
[81, 100] Train Error: 0.011 | Train Perf: 0.7847 | Eval Error: 0.0086 | Eval Perf: 0.7652
[82, 100] Train Error: 0.0108 | Train Perf: 0.7852 | Eval Error: 0.0085 | Eval Perf: 0.7662
[83, 100] Train Error: 0.0106 | Train Perf: 0.7877 | Eval Error: 0.0084 | Eval Perf: 0.769
[84, 100] Train Error: 0.0105 | Train Perf: 0.7897 | Eval Error: 0.0083 | Eval Perf: 0.769
[85, 100] Train Error: 0.0103 | Train Perf: 0.7903 | Eval Error: 0.0082 | Eval Perf: 0.7682
[86, 100] Train Error: 0.0101 | Train Perf: 0.795 | Eval Error: 0.0081 | Eval Perf: 0.7689
[87, 100] Train Error: 0.01 | Train Perf: 0.7952 | Eval Error: 0.008 | Eval Perf: 0.7684
[88, 100] Train Error: 0.0098 | Train Perf: 0.7966 | Eval Error: 0.0079 | Eval Perf: 0.7703
[89, 100] Train Error: 0.0096 | Train Perf: 0.7966 | Eval Error: 0.0078 | Eval Perf: 0.7725
[90, 100] Train Error: 0.0095 | Train Perf: 0.8017 | Eval Error: 0.0078 | Eval Perf: 0.7749
[91, 100] Train Error: 0.0094 | Train Perf: 0.8016 | Eval Error: 0.0076 | Eval Perf: 0.773
[92, 100] Train Error: 0.0092 | Train Perf: 0.8089 | Eval Error: 0.0076 | Eval Perf: 0.7701
[93, 100] Train Error: 0.009 | Train Perf: 0.8102 | Eval Error: 0.0075 | Eval Perf: 0.7762
[94, 100] Train Error: 0.009 | Train Perf: 0.809 | Eval Error: 0.0075 | Eval Perf: 0.7768
[95, 100] Train Error: 0.0088 | Train Perf: 0.8134 | Eval Error: 0.0075 | Eval Perf: 0.7797
[96, 100] Train Error: 0.0087 | Train Perf: 0.8112 | Eval Error: 0.0073 | Eval Perf: 0.7739
[97, 100] Train Error: 0.0086 | Train Perf: 0.8145 | Eval Error: 0.0073 | Eval Perf: 0.7777
[98, 100] Train Error: 0.0085 | Train Perf: 0.8149 | Eval Error: 0.0072 | Eval Perf: 0.7766
[99, 100] Train Error: 0.0083 | Train Perf: 0.8215 | Eval Error: 0.0072 | Eval Perf: 0.7796
[100, 100] Train Error: 0.0083 | Train Perf: 0.8178 | Eval Error: 0.0071 | Eval Perf: 0.7775
