NETWORK SUMMARY
---------------
Input Layer shape: (1, 180)
Hidden Layer shape: (181, 3)
Output layer shape: (4, 1)
Total parameters: 547

[1, 100] Train Error: 0.0499 | Train Perf: 0.0409 | Eval Error: 0.0451 | Eval Perf: 0.0976
[2, 100] Train Error: 0.0503 | Train Perf: -0.0323 | Eval Error: 0.0441 | Eval Perf: 0.1543
[3, 100] Train Error: 0.0503 | Train Perf: -0.1438 | Eval Error: 0.0443 | Eval Perf: 0.1634
[4, 100] Train Error: 0.049 | Train Perf: 0.0645 | Eval Error: 0.0445 | Eval Perf: 0.1623
[5, 100] Train Error: 0.0476 | Train Perf: 0.1642 | Eval Error: 0.0471 | Eval Perf: 0.1631
[6, 100] Train Error: 0.0467 | Train Perf: 0.21 | Eval Error: 0.0432 | Eval Perf: 0.1741
[7, 100] Train Error: 0.0437 | Train Perf: 0.3742 | Eval Error: 0.0448 | Eval Perf: 0.1866
[8, 100] Train Error: 0.0429 | Train Perf: 0.4422 | Eval Error: 0.0423 | Eval Perf: 0.2076
[9, 100] Train Error: 0.0393 | Train Perf: 0.5232 | Eval Error: 0.0426 | Eval Perf: 0.2248
[10, 100] Train Error: 0.0369 | Train Perf: 0.5538 | Eval Error: 0.0415 | Eval Perf: 0.2626
[11, 100] Train Error: 0.0347 | Train Perf: 0.589 | Eval Error: 0.0408 | Eval Perf: 0.2864
[12, 100] Train Error: 0.0325 | Train Perf: 0.6279 | Eval Error: 0.0402 | Eval Perf: 0.3095
[13, 100] Train Error: 0.0306 | Train Perf: 0.6461 | Eval Error: 0.0394 | Eval Perf: 0.3422
[14, 100] Train Error: 0.029 | Train Perf: 0.6698 | Eval Error: 0.0379 | Eval Perf: 0.3809
[15, 100] Train Error: 0.0276 | Train Perf: 0.6948 | Eval Error: 0.037 | Eval Perf: 0.4142
[16, 100] Train Error: 0.0256 | Train Perf: 0.7238 | Eval Error: 0.0344 | Eval Perf: 0.4738
[17, 100] Train Error: 0.0233 | Train Perf: 0.7638 | Eval Error: 0.0327 | Eval Perf: 0.5155
[18, 100] Train Error: 0.0227 | Train Perf: 0.7668 | Eval Error: 0.0313 | Eval Perf: 0.5508
[19, 100] Train Error: 0.0209 | Train Perf: 0.7875 | Eval Error: 0.0294 | Eval Perf: 0.6048
[20, 100] Train Error: 0.0189 | Train Perf: 0.8154 | Eval Error: 0.0282 | Eval Perf: 0.6239
[21, 100] Train Error: 0.0179 | Train Perf: 0.8237 | Eval Error: 0.0266 | Eval Perf: 0.6636
[22, 100] Train Error: 0.0169 | Train Perf: 0.8374 | Eval Error: 0.0262 | Eval Perf: 0.6644
[23, 100] Train Error: 0.0154 | Train Perf: 0.8537 | Eval Error: 0.026 | Eval Perf: 0.6734
[24, 100] Train Error: 0.0147 | Train Perf: 0.8567 | Eval Error: 0.0264 | Eval Perf: 0.6505
[25, 100] Train Error: 0.0129 | Train Perf: 0.8755 | Eval Error: 0.025 | Eval Perf: 0.6963
[26, 100] Train Error: 0.0127 | Train Perf: 0.8778 | Eval Error: 0.0252 | Eval Perf: 0.6954
[27, 100] Train Error: 0.0123 | Train Perf: 0.8854 | Eval Error: 0.0299 | Eval Perf: 0.6122
[28, 100] Train Error: 0.0113 | Train Perf: 0.8887 | Eval Error: 0.0329 | Eval Perf: 0.5794
[29, 100] Train Error: 0.0102 | Train Perf: 0.9008 | Eval Error: 0.026 | Eval Perf: 0.6755
[30, 100] Train Error: 0.0105 | Train Perf: 0.8989 | Eval Error: 0.0252 | Eval Perf: 0.6606
[31, 100] Train Error: 0.0102 | Train Perf: 0.899 | Eval Error: 0.0249 | Eval Perf: 0.6718
[32, 100] Train Error: 0.0097 | Train Perf: 0.9031 | Eval Error: 0.0259 | Eval Perf: 0.6495
[33, 100] Train Error: 0.009 | Train Perf: 0.9122 | Eval Error: 0.0308 | Eval Perf: 0.592
[34, 100] Train Error: 0.009 | Train Perf: 0.9107 | Eval Error: 0.0279 | Eval Perf: 0.6178
[35, 100] Train Error: 0.0082 | Train Perf: 0.9218 | Eval Error: 0.0308 | Eval Perf: 0.5873
[36, 100] Train Error: 0.0082 | Train Perf: 0.9185 | Eval Error: 0.0275 | Eval Perf: 0.6228
[37, 100] Train Error: 0.0077 | Train Perf: 0.9246 | Eval Error: 0.0291 | Eval Perf: 0.5994
[38, 100] Train Error: 0.0075 | Train Perf: 0.9267 | Eval Error: 0.0271 | Eval Perf: 0.6255
[39, 100] Train Error: 0.0071 | Train Perf: 0.9311 | Eval Error: 0.028 | Eval Perf: 0.6123
[40, 100] Train Error: 0.0065 | Train Perf: 0.9382 | Eval Error: 0.0297 | Eval Perf: 0.5887
[41, 100] Train Error: 0.0066 | Train Perf: 0.9351 | Eval Error: 0.0287 | Eval Perf: 0.6009
[42, 100] Train Error: 0.0059 | Train Perf: 0.9438 | Eval Error: 0.0342 | Eval Perf: 0.551
[43, 100] Train Error: 0.006 | Train Perf: 0.9417 | Eval Error: 0.03 | Eval Perf: 0.5786
[44, 100] Train Error: 0.0052 | Train Perf: 0.9507 | Eval Error: 0.0285 | Eval Perf: 0.6023
[45, 100] Train Error: 0.0054 | Train Perf: 0.9486 | Eval Error: 0.0319 | Eval Perf: 0.5499
[46, 100] Train Error: 0.0051 | Train Perf: 0.9511 | Eval Error: 0.0312 | Eval Perf: 0.5605
[47, 100] Train Error: 0.0048 | Train Perf: 0.9549 | Eval Error: 0.0313 | Eval Perf: 0.5549
[48, 100] Train Error: 0.0044 | Train Perf: 0.958 | Eval Error: 0.0361 | Eval Perf: 0.507
[49, 100] Train Error: 0.0047 | Train Perf: 0.9538 | Eval Error: 0.0325 | Eval Perf: 0.5355
[50, 100] Train Error: 0.0045 | Train Perf: 0.9574 | Eval Error: 0.032 | Eval Perf: 0.5368
[51, 100] Train Error: 0.0042 | Train Perf: 0.9605 | Eval Error: 0.0328 | Eval Perf: 0.5256
[52, 100] Train Error: 0.0041 | Train Perf: 0.9617 | Eval Error: 0.0327 | Eval Perf: 0.5256
[53, 100] Train Error: 0.004 | Train Perf: 0.9621 | Eval Error: 0.0331 | Eval Perf: 0.5196
[54, 100] Train Error: 0.0038 | Train Perf: 0.9643 | Eval Error: 0.0353 | Eval Perf: 0.5038
[55, 100] Train Error: 0.0035 | Train Perf: 0.9673 | Eval Error: 0.033 | Eval Perf: 0.519
[56, 100] Train Error: 0.0035 | Train Perf: 0.9678 | Eval Error: 0.0356 | Eval Perf: 0.4844
[57, 100] Train Error: 0.0034 | Train Perf: 0.9685 | Eval Error: 0.0352 | Eval Perf: 0.4883
[58, 100] Train Error: 0.0033 | Train Perf: 0.9702 | Eval Error: 0.0388 | Eval Perf: 0.461
[59, 100] Train Error: 0.0029 | Train Perf: 0.9725 | Eval Error: 0.0349 | Eval Perf: 0.4883
[60, 100] Train Error: 0.003 | Train Perf: 0.9736 | Eval Error: 0.0365 | Eval Perf: 0.47
[61, 100] Train Error: 0.003 | Train Perf: 0.9735 | Eval Error: 0.036 | Eval Perf: 0.4742
[62, 100] Train Error: 0.0029 | Train Perf: 0.9743 | Eval Error: 0.0369 | Eval Perf: 0.4624
[63, 100] Train Error: 0.0027 | Train Perf: 0.9754 | Eval Error: 0.0381 | Eval Perf: 0.4467
[64, 100] Train Error: 0.0024 | Train Perf: 0.978 | Eval Error: 0.0379 | Eval Perf: 0.4478
[65, 100] Train Error: 0.0025 | Train Perf: 0.9788 | Eval Error: 0.0385 | Eval Perf: 0.4367
[66, 100] Train Error: 0.0023 | Train Perf: 0.9807 | Eval Error: 0.0425 | Eval Perf: 0.4139
[67, 100] Train Error: 0.0023 | Train Perf: 0.9795 | Eval Error: 0.0379 | Eval Perf: 0.4413
[68, 100] Train Error: 0.002 | Train Perf: 0.9824 | Eval Error: 0.0372 | Eval Perf: 0.4502
[69, 100] Train Error: 0.0022 | Train Perf: 0.9813 | Eval Error: 0.0423 | Eval Perf: 0.4106
[70, 100] Train Error: 0.0021 | Train Perf: 0.9823 | Eval Error: 0.0434 | Eval Perf: 0.4058
[71, 100] Train Error: 0.0021 | Train Perf: 0.9814 | Eval Error: 0.0387 | Eval Perf: 0.429
[72, 100] Train Error: 0.0019 | Train Perf: 0.984 | Eval Error: 0.0385 | Eval Perf: 0.4348
[73, 100] Train Error: 0.002 | Train Perf: 0.9829 | Eval Error: 0.0402 | Eval Perf: 0.4111
[74, 100] Train Error: 0.0019 | Train Perf: 0.9835 | Eval Error: 0.0396 | Eval Perf: 0.4149
[75, 100] Train Error: 0.0017 | Train Perf: 0.9861 | Eval Error: 0.0452 | Eval Perf: 0.3821
[76, 100] Train Error: 0.0017 | Train Perf: 0.9851 | Eval Error: 0.0405 | Eval Perf: 0.4062
[77, 100] Train Error: 0.0016 | Train Perf: 0.9862 | Eval Error: 0.0407 | Eval Perf: 0.396
[78, 100] Train Error: 0.0018 | Train Perf: 0.9848 | Eval Error: 0.0424 | Eval Perf: 0.3844
[79, 100] Train Error: 0.0016 | Train Perf: 0.986 | Eval Error: 0.042 | Eval Perf: 0.3826
[80, 100] Train Error: 0.0015 | Train Perf: 0.9878 | Eval Error: 0.0448 | Eval Perf: 0.3679
[81, 100] Train Error: 0.0016 | Train Perf: 0.9862 | Eval Error: 0.0424 | Eval Perf: 0.378
[82, 100] Train Error: 0.0015 | Train Perf: 0.9877 | Eval Error: 0.0453 | Eval Perf: 0.3582
[83, 100] Train Error: 0.0015 | Train Perf: 0.9874 | Eval Error: 0.0443 | Eval Perf: 0.3627
[84, 100] Train Error: 0.0012 | Train Perf: 0.9896 | Eval Error: 0.0471 | Eval Perf: 0.3515
[85, 100] Train Error: 0.0015 | Train Perf: 0.9867 | Eval Error: 0.0445 | Eval Perf: 0.3548
[86, 100] Train Error: 0.0014 | Train Perf: 0.9881 | Eval Error: 0.0437 | Eval Perf: 0.3617
[87, 100] Train Error: 0.0013 | Train Perf: 0.9886 | Eval Error: 0.0441 | Eval Perf: 0.3528
[88, 100] Train Error: 0.0013 | Train Perf: 0.9888 | Eval Error: 0.0452 | Eval Perf: 0.346
[89, 100] Train Error: 0.0013 | Train Perf: 0.9887 | Eval Error: 0.0444 | Eval Perf: 0.3421
[90, 100] Train Error: 0.0012 | Train Perf: 0.9899 | Eval Error: 0.0463 | Eval Perf: 0.3319
[91, 100] Train Error: 0.0012 | Train Perf: 0.9897 | Eval Error: 0.0452 | Eval Perf: 0.3359
[92, 100] Train Error: 0.0011 | Train Perf: 0.9906 | Eval Error: 0.0457 | Eval Perf: 0.3314
[93, 100] Train Error: 0.0012 | Train Perf: 0.9899 | Eval Error: 0.0458 | Eval Perf: 0.3333
[94, 100] Train Error: 0.0011 | Train Perf: 0.9904 | Eval Error: 0.0471 | Eval Perf: 0.3221
[95, 100] Train Error: 0.0011 | Train Perf: 0.9904 | Eval Error: 0.0462 | Eval Perf: 0.326
[96, 100] Train Error: 0.0011 | Train Perf: 0.9909 | Eval Error: 0.0457 | Eval Perf: 0.3256
[97, 100] Train Error: 0.0011 | Train Perf: 0.9912 | Eval Error: 0.0467 | Eval Perf: 0.3135
[98, 100] Train Error: 0.001 | Train Perf: 0.9915 | Eval Error: 0.0466 | Eval Perf: 0.3173
[99, 100] Train Error: 0.001 | Train Perf: 0.9912 | Eval Error: 0.0463 | Eval Perf: 0.3179
[100, 100] Train Error: 0.001 | Train Perf: 0.9915 | Eval Error: 0.0478 | Eval Perf: 0.3057
