NETWORK SUMMARY
---------------
Input Layer shape: (1, 180)
Hidden Layer shape: (181, 2)
Output layer shape: (3, 1)
Total parameters: 365

[1, 100] Train Error: 0.0376 | Train Perf: 0.0063 | Eval Error: 0.0333 | Eval Perf: -0.0323
[2, 100] Train Error: 0.034 | Train Perf: 0.0409 | Eval Error: 0.0333 | Eval Perf: 0.1226
[3, 100] Train Error: 0.0338 | Train Perf: 0.1018 | Eval Error: 0.033 | Eval Perf: 0.2432
[4, 100] Train Error: 0.0336 | Train Perf: 0.1817 | Eval Error: 0.0327 | Eval Perf: 0.344
[5, 100] Train Error: 0.0332 | Train Perf: 0.2543 | Eval Error: 0.0324 | Eval Perf: 0.4121
[6, 100] Train Error: 0.0328 | Train Perf: 0.3814 | Eval Error: 0.0319 | Eval Perf: 0.4611
[7, 100] Train Error: 0.0321 | Train Perf: 0.474 | Eval Error: 0.0314 | Eval Perf: 0.4942
[8, 100] Train Error: 0.0313 | Train Perf: 0.5401 | Eval Error: 0.0306 | Eval Perf: 0.5173
[9, 100] Train Error: 0.0303 | Train Perf: 0.5751 | Eval Error: 0.0298 | Eval Perf: 0.5344
[10, 100] Train Error: 0.0292 | Train Perf: 0.6046 | Eval Error: 0.0288 | Eval Perf: 0.5472
[11, 100] Train Error: 0.0278 | Train Perf: 0.6163 | Eval Error: 0.0277 | Eval Perf: 0.5584
[12, 100] Train Error: 0.0264 | Train Perf: 0.6355 | Eval Error: 0.0266 | Eval Perf: 0.5682
[13, 100] Train Error: 0.025 | Train Perf: 0.6438 | Eval Error: 0.0255 | Eval Perf: 0.578
[14, 100] Train Error: 0.0236 | Train Perf: 0.6659 | Eval Error: 0.0245 | Eval Perf: 0.5865
[15, 100] Train Error: 0.0225 | Train Perf: 0.6706 | Eval Error: 0.0236 | Eval Perf: 0.5972
[16, 100] Train Error: 0.0213 | Train Perf: 0.6827 | Eval Error: 0.0227 | Eval Perf: 0.607
[17, 100] Train Error: 0.0203 | Train Perf: 0.6963 | Eval Error: 0.022 | Eval Perf: 0.6177
[18, 100] Train Error: 0.0193 | Train Perf: 0.7112 | Eval Error: 0.0213 | Eval Perf: 0.6275
[19, 100] Train Error: 0.0183 | Train Perf: 0.7252 | Eval Error: 0.0207 | Eval Perf: 0.636
[20, 100] Train Error: 0.0175 | Train Perf: 0.735 | Eval Error: 0.0205 | Eval Perf: 0.6457
[21, 100] Train Error: 0.0167 | Train Perf: 0.7476 | Eval Error: 0.0199 | Eval Perf: 0.6534
[22, 100] Train Error: 0.016 | Train Perf: 0.7587 | Eval Error: 0.0198 | Eval Perf: 0.6608
[23, 100] Train Error: 0.0154 | Train Perf: 0.7676 | Eval Error: 0.0189 | Eval Perf: 0.6655
[24, 100] Train Error: 0.0147 | Train Perf: 0.7765 | Eval Error: 0.0187 | Eval Perf: 0.6705
[25, 100] Train Error: 0.0143 | Train Perf: 0.7822 | Eval Error: 0.0186 | Eval Perf: 0.6757
[26, 100] Train Error: 0.0138 | Train Perf: 0.7895 | Eval Error: 0.0183 | Eval Perf: 0.679
[27, 100] Train Error: 0.0134 | Train Perf: 0.7946 | Eval Error: 0.0181 | Eval Perf: 0.6823
[28, 100] Train Error: 0.013 | Train Perf: 0.8016 | Eval Error: 0.0179 | Eval Perf: 0.6839
[29, 100] Train Error: 0.0126 | Train Perf: 0.8069 | Eval Error: 0.0177 | Eval Perf: 0.6844
[30, 100] Train Error: 0.0122 | Train Perf: 0.8113 | Eval Error: 0.0179 | Eval Perf: 0.6878
[31, 100] Train Error: 0.012 | Train Perf: 0.8137 | Eval Error: 0.0176 | Eval Perf: 0.6883
[32, 100] Train Error: 0.0117 | Train Perf: 0.8182 | Eval Error: 0.0176 | Eval Perf: 0.69
[33, 100] Train Error: 0.0115 | Train Perf: 0.8221 | Eval Error: 0.0175 | Eval Perf: 0.6898
[34, 100] Train Error: 0.0113 | Train Perf: 0.8246 | Eval Error: 0.0175 | Eval Perf: 0.6901
[35, 100] Train Error: 0.011 | Train Perf: 0.829 | Eval Error: 0.0177 | Eval Perf: 0.6909
[36, 100] Train Error: 0.0109 | Train Perf: 0.8315 | Eval Error: 0.0176 | Eval Perf: 0.6886
[37, 100] Train Error: 0.0107 | Train Perf: 0.8331 | Eval Error: 0.0176 | Eval Perf: 0.6903
[38, 100] Train Error: 0.0105 | Train Perf: 0.8354 | Eval Error: 0.0176 | Eval Perf: 0.6897
[39, 100] Train Error: 0.0104 | Train Perf: 0.8376 | Eval Error: 0.0177 | Eval Perf: 0.6893
[40, 100] Train Error: 0.0102 | Train Perf: 0.8405 | Eval Error: 0.0178 | Eval Perf: 0.6873
[41, 100] Train Error: 0.0101 | Train Perf: 0.8412 | Eval Error: 0.0179 | Eval Perf: 0.6871
[42, 100] Train Error: 0.01 | Train Perf: 0.8433 | Eval Error: 0.0179 | Eval Perf: 0.6882
[43, 100] Train Error: 0.0099 | Train Perf: 0.8453 | Eval Error: 0.018 | Eval Perf: 0.6865
[44, 100] Train Error: 0.0098 | Train Perf: 0.8467 | Eval Error: 0.0181 | Eval Perf: 0.6854
[45, 100] Train Error: 0.0097 | Train Perf: 0.8476 | Eval Error: 0.0181 | Eval Perf: 0.685
[46, 100] Train Error: 0.0096 | Train Perf: 0.849 | Eval Error: 0.0182 | Eval Perf: 0.685
[47, 100] Train Error: 0.0095 | Train Perf: 0.8502 | Eval Error: 0.0182 | Eval Perf: 0.6842
[48, 100] Train Error: 0.0094 | Train Perf: 0.8514 | Eval Error: 0.0184 | Eval Perf: 0.6826
[49, 100] Train Error: 0.0094 | Train Perf: 0.8529 | Eval Error: 0.0186 | Eval Perf: 0.6809
[50, 100] Train Error: 0.0093 | Train Perf: 0.8542 | Eval Error: 0.0187 | Eval Perf: 0.6802
[51, 100] Train Error: 0.0092 | Train Perf: 0.8554 | Eval Error: 0.0186 | Eval Perf: 0.6804
[52, 100] Train Error: 0.0092 | Train Perf: 0.8552 | Eval Error: 0.0187 | Eval Perf: 0.6799
[53, 100] Train Error: 0.0091 | Train Perf: 0.856 | Eval Error: 0.0188 | Eval Perf: 0.6786
[54, 100] Train Error: 0.0091 | Train Perf: 0.8573 | Eval Error: 0.0189 | Eval Perf: 0.678
[55, 100] Train Error: 0.009 | Train Perf: 0.8581 | Eval Error: 0.0189 | Eval Perf: 0.6778
[56, 100] Train Error: 0.009 | Train Perf: 0.8584 | Eval Error: 0.019 | Eval Perf: 0.6769
[57, 100] Train Error: 0.0088 | Train Perf: 0.8612 | Eval Error: 0.019 | Eval Perf: 0.6776
[58, 100] Train Error: 0.0089 | Train Perf: 0.8597 | Eval Error: 0.0191 | Eval Perf: 0.6765
[59, 100] Train Error: 0.0089 | Train Perf: 0.8603 | Eval Error: 0.0192 | Eval Perf: 0.675
[60, 100] Train Error: 0.0088 | Train Perf: 0.8621 | Eval Error: 0.0196 | Eval Perf: 0.6732
[61, 100] Train Error: 0.0088 | Train Perf: 0.8616 | Eval Error: 0.0192 | Eval Perf: 0.6747
[62, 100] Train Error: 0.0087 | Train Perf: 0.8633 | Eval Error: 0.0195 | Eval Perf: 0.6732
[63, 100] Train Error: 0.0087 | Train Perf: 0.8623 | Eval Error: 0.0194 | Eval Perf: 0.673
[64, 100] Train Error: 0.0087 | Train Perf: 0.8637 | Eval Error: 0.0196 | Eval Perf: 0.6715
[65, 100] Train Error: 0.0087 | Train Perf: 0.8637 | Eval Error: 0.0198 | Eval Perf: 0.6707
[66, 100] Train Error: 0.0086 | Train Perf: 0.8643 | Eval Error: 0.0196 | Eval Perf: 0.6712
[67, 100] Train Error: 0.0086 | Train Perf: 0.8646 | Eval Error: 0.0197 | Eval Perf: 0.6703
[68, 100] Train Error: 0.0086 | Train Perf: 0.8649 | Eval Error: 0.0197 | Eval Perf: 0.6699
[69, 100] Train Error: 0.0086 | Train Perf: 0.8654 | Eval Error: 0.0197 | Eval Perf: 0.6698
[70, 100] Train Error: 0.0085 | Train Perf: 0.8666 | Eval Error: 0.0199 | Eval Perf: 0.6688
[71, 100] Train Error: 0.0085 | Train Perf: 0.8665 | Eval Error: 0.0198 | Eval Perf: 0.669
[72, 100] Train Error: 0.0085 | Train Perf: 0.8665 | Eval Error: 0.0199 | Eval Perf: 0.6677
[73, 100] Train Error: 0.0084 | Train Perf: 0.8679 | Eval Error: 0.0199 | Eval Perf: 0.6681
[74, 100] Train Error: 0.0085 | Train Perf: 0.8673 | Eval Error: 0.0202 | Eval Perf: 0.6663
[75, 100] Train Error: 0.0084 | Train Perf: 0.8674 | Eval Error: 0.0203 | Eval Perf: 0.6655
[76, 100] Train Error: 0.0084 | Train Perf: 0.8673 | Eval Error: 0.0203 | Eval Perf: 0.6652
[77, 100] Train Error: 0.0084 | Train Perf: 0.8685 | Eval Error: 0.0204 | Eval Perf: 0.6644
[78, 100] Train Error: 0.0084 | Train Perf: 0.869 | Eval Error: 0.0207 | Eval Perf: 0.6633
[79, 100] Train Error: 0.0084 | Train Perf: 0.8681 | Eval Error: 0.0204 | Eval Perf: 0.6637
[80, 100] Train Error: 0.0083 | Train Perf: 0.8692 | Eval Error: 0.0206 | Eval Perf: 0.6631
[81, 100] Train Error: 0.0083 | Train Perf: 0.8691 | Eval Error: 0.0205 | Eval Perf: 0.6629
[82, 100] Train Error: 0.0083 | Train Perf: 0.8697 | Eval Error: 0.0204 | Eval Perf: 0.6624
[83, 100] Train Error: 0.0083 | Train Perf: 0.8697 | Eval Error: 0.0206 | Eval Perf: 0.6615
[84, 100] Train Error: 0.0083 | Train Perf: 0.87 | Eval Error: 0.0207 | Eval Perf: 0.6608
[85, 100] Train Error: 0.0083 | Train Perf: 0.8702 | Eval Error: 0.0206 | Eval Perf: 0.6605
[86, 100] Train Error: 0.0083 | Train Perf: 0.8708 | Eval Error: 0.0207 | Eval Perf: 0.6596
[87, 100] Train Error: 0.0083 | Train Perf: 0.8706 | Eval Error: 0.0207 | Eval Perf: 0.6592
[88, 100] Train Error: 0.0083 | Train Perf: 0.8707 | Eval Error: 0.0208 | Eval Perf: 0.6587
[89, 100] Train Error: 0.0082 | Train Perf: 0.8715 | Eval Error: 0.0212 | Eval Perf: 0.6574
[90, 100] Train Error: 0.0082 | Train Perf: 0.871 | Eval Error: 0.0209 | Eval Perf: 0.6576
[91, 100] Train Error: 0.0082 | Train Perf: 0.8719 | Eval Error: 0.0213 | Eval Perf: 0.657
[92, 100] Train Error: 0.0082 | Train Perf: 0.8713 | Eval Error: 0.021 | Eval Perf: 0.657
[93, 100] Train Error: 0.0082 | Train Perf: 0.872 | Eval Error: 0.021 | Eval Perf: 0.6567
[94, 100] Train Error: 0.0082 | Train Perf: 0.8723 | Eval Error: 0.0212 | Eval Perf: 0.6559
[95, 100] Train Error: 0.0081 | Train Perf: 0.8727 | Eval Error: 0.0212 | Eval Perf: 0.656
[96, 100] Train Error: 0.0081 | Train Perf: 0.8737 | Eval Error: 0.021 | Eval Perf: 0.655
[97, 100] Train Error: 0.0081 | Train Perf: 0.8729 | Eval Error: 0.0211 | Eval Perf: 0.6545
[98, 100] Train Error: 0.0081 | Train Perf: 0.8729 | Eval Error: 0.0212 | Eval Perf: 0.6541
[99, 100] Train Error: 0.0081 | Train Perf: 0.8735 | Eval Error: 0.0214 | Eval Perf: 0.6535
[100, 100] Train Error: 0.0081 | Train Perf: 0.8741 | Eval Error: 0.0218 | Eval Perf: 0.653
