NETWORK SUMMARY
---------------
Input Layer shape: (1, 180)
Hidden Layer shape: (181, 3)
Output layer shape: (4, 1)
Total parameters: 547

[1, 100] Train Error: 0.0367 | Train Perf: -0.1605 | Eval Error: 0.036 | Eval Perf: 0.373
[2, 100] Train Error: 0.0335 | Train Perf: 0.2579 | Eval Error: 0.034 | Eval Perf: 0.4609
[3, 100] Train Error: 0.0289 | Train Perf: 0.5299 | Eval Error: 0.0304 | Eval Perf: 0.5034
[4, 100] Train Error: 0.0244 | Train Perf: 0.6122 | Eval Error: 0.0273 | Eval Perf: 0.5236
[5, 100] Train Error: 0.0209 | Train Perf: 0.6607 | Eval Error: 0.0266 | Eval Perf: 0.5375
[6, 100] Train Error: 0.0187 | Train Perf: 0.7028 | Eval Error: 0.0262 | Eval Perf: 0.5449
[7, 100] Train Error: 0.0168 | Train Perf: 0.735 | Eval Error: 0.0262 | Eval Perf: 0.55
[8, 100] Train Error: 0.015 | Train Perf: 0.7693 | Eval Error: 0.0262 | Eval Perf: 0.5605
[9, 100] Train Error: 0.0145 | Train Perf: 0.7728 | Eval Error: 0.0274 | Eval Perf: 0.5457
[10, 100] Train Error: 0.0132 | Train Perf: 0.7972 | Eval Error: 0.0296 | Eval Perf: 0.5344
[11, 100] Train Error: 0.0123 | Train Perf: 0.8096 | Eval Error: 0.0298 | Eval Perf: 0.5071
[12, 100] Train Error: 0.0117 | Train Perf: 0.8206 | Eval Error: 0.0317 | Eval Perf: 0.4905
[13, 100] Train Error: 0.0112 | Train Perf: 0.8291 | Eval Error: 0.0331 | Eval Perf: 0.5206
[14, 100] Train Error: 0.01 | Train Perf: 0.8476 | Eval Error: 0.0339 | Eval Perf: 0.4655
[15, 100] Train Error: 0.0104 | Train Perf: 0.8431 | Eval Error: 0.0329 | Eval Perf: 0.4973
[16, 100] Train Error: 0.0088 | Train Perf: 0.8685 | Eval Error: 0.0336 | Eval Perf: 0.4986
[17, 100] Train Error: 0.0085 | Train Perf: 0.8733 | Eval Error: 0.0337 | Eval Perf: 0.5175
[18, 100] Train Error: 0.0083 | Train Perf: 0.8751 | Eval Error: 0.0354 | Eval Perf: 0.4753
[19, 100] Train Error: 0.0079 | Train Perf: 0.8821 | Eval Error: 0.0353 | Eval Perf: 0.4899
[20, 100] Train Error: 0.0068 | Train Perf: 0.8999 | Eval Error: 0.0353 | Eval Perf: 0.4978
[21, 100] Train Error: 0.0069 | Train Perf: 0.8991 | Eval Error: 0.0365 | Eval Perf: 0.517
[22, 100] Train Error: 0.0067 | Train Perf: 0.9005 | Eval Error: 0.0363 | Eval Perf: 0.4854
[23, 100] Train Error: 0.0064 | Train Perf: 0.9061 | Eval Error: 0.0377 | Eval Perf: 0.475
[24, 100] Train Error: 0.0056 | Train Perf: 0.9172 | Eval Error: 0.0366 | Eval Perf: 0.4927
[25, 100] Train Error: 0.0057 | Train Perf: 0.9168 | Eval Error: 0.0382 | Eval Perf: 0.4718
[26, 100] Train Error: 0.0054 | Train Perf: 0.9214 | Eval Error: 0.0379 | Eval Perf: 0.487
[27, 100] Train Error: 0.0053 | Train Perf: 0.9235 | Eval Error: 0.0384 | Eval Perf: 0.4977
[28, 100] Train Error: 0.0051 | Train Perf: 0.9249 | Eval Error: 0.0386 | Eval Perf: 0.4798
[29, 100] Train Error: 0.0046 | Train Perf: 0.9333 | Eval Error: 0.039 | Eval Perf: 0.4989
[30, 100] Train Error: 0.0046 | Train Perf: 0.9337 | Eval Error: 0.0397 | Eval Perf: 0.4796
[31, 100] Train Error: 0.0042 | Train Perf: 0.9394 | Eval Error: 0.0395 | Eval Perf: 0.4809
[32, 100] Train Error: 0.004 | Train Perf: 0.9423 | Eval Error: 0.0399 | Eval Perf: 0.4732
[33, 100] Train Error: 0.0039 | Train Perf: 0.9436 | Eval Error: 0.0395 | Eval Perf: 0.4825
[34, 100] Train Error: 0.0034 | Train Perf: 0.9512 | Eval Error: 0.0398 | Eval Perf: 0.4872
[35, 100] Train Error: 0.0035 | Train Perf: 0.9491 | Eval Error: 0.0387 | Eval Perf: 0.4995
[36, 100] Train Error: 0.0033 | Train Perf: 0.9526 | Eval Error: 0.0402 | Eval Perf: 0.4753
[37, 100] Train Error: 0.0031 | Train Perf: 0.9552 | Eval Error: 0.0396 | Eval Perf: 0.4844
[38, 100] Train Error: 0.0031 | Train Perf: 0.9555 | Eval Error: 0.0396 | Eval Perf: 0.4961
[39, 100] Train Error: 0.0029 | Train Perf: 0.958 | Eval Error: 0.0403 | Eval Perf: 0.4822
[40, 100] Train Error: 0.0028 | Train Perf: 0.9596 | Eval Error: 0.0398 | Eval Perf: 0.4864
[41, 100] Train Error: 0.0028 | Train Perf: 0.9599 | Eval Error: 0.0402 | Eval Perf: 0.4836
[42, 100] Train Error: 0.0028 | Train Perf: 0.9606 | Eval Error: 0.04 | Eval Perf: 0.4936
[43, 100] Train Error: 0.0026 | Train Perf: 0.9625 | Eval Error: 0.0401 | Eval Perf: 0.4962
[44, 100] Train Error: 0.0026 | Train Perf: 0.9631 | Eval Error: 0.0406 | Eval Perf: 0.5027
[45, 100] Train Error: 0.0025 | Train Perf: 0.9644 | Eval Error: 0.0412 | Eval Perf: 0.4924
[46, 100] Train Error: 0.0024 | Train Perf: 0.9654 | Eval Error: 0.0396 | Eval Perf: 0.5015
[47, 100] Train Error: 0.0024 | Train Perf: 0.9659 | Eval Error: 0.0403 | Eval Perf: 0.491
[48, 100] Train Error: 0.0024 | Train Perf: 0.9665 | Eval Error: 0.0401 | Eval Perf: 0.502
[49, 100] Train Error: 0.0023 | Train Perf: 0.9677 | Eval Error: 0.0401 | Eval Perf: 0.5066
[50, 100] Train Error: 0.0022 | Train Perf: 0.9689 | Eval Error: 0.0394 | Eval Perf: 0.5068
[51, 100] Train Error: 0.0022 | Train Perf: 0.9689 | Eval Error: 0.0392 | Eval Perf: 0.5097
[52, 100] Train Error: 0.0022 | Train Perf: 0.9692 | Eval Error: 0.0395 | Eval Perf: 0.51
[53, 100] Train Error: 0.0021 | Train Perf: 0.9706 | Eval Error: 0.0394 | Eval Perf: 0.5106
[54, 100] Train Error: 0.002 | Train Perf: 0.971 | Eval Error: 0.0401 | Eval Perf: 0.5113
[55, 100] Train Error: 0.002 | Train Perf: 0.9712 | Eval Error: 0.0396 | Eval Perf: 0.5138
[56, 100] Train Error: 0.002 | Train Perf: 0.9717 | Eval Error: 0.0394 | Eval Perf: 0.5177
[57, 100] Train Error: 0.002 | Train Perf: 0.9718 | Eval Error: 0.0392 | Eval Perf: 0.5153
[58, 100] Train Error: 0.0019 | Train Perf: 0.9733 | Eval Error: 0.0397 | Eval Perf: 0.5182
[59, 100] Train Error: 0.0019 | Train Perf: 0.9732 | Eval Error: 0.0388 | Eval Perf: 0.5185
[60, 100] Train Error: 0.0019 | Train Perf: 0.9728 | Eval Error: 0.0383 | Eval Perf: 0.5243
[61, 100] Train Error: 0.0019 | Train Perf: 0.9738 | Eval Error: 0.0388 | Eval Perf: 0.5293
[62, 100] Train Error: 0.0018 | Train Perf: 0.9746 | Eval Error: 0.0386 | Eval Perf: 0.5254
[63, 100] Train Error: 0.0018 | Train Perf: 0.9747 | Eval Error: 0.0385 | Eval Perf: 0.5259
[64, 100] Train Error: 0.0017 | Train Perf: 0.9754 | Eval Error: 0.0382 | Eval Perf: 0.5293
[65, 100] Train Error: 0.0017 | Train Perf: 0.9754 | Eval Error: 0.0381 | Eval Perf: 0.5285
[66, 100] Train Error: 0.0017 | Train Perf: 0.9761 | Eval Error: 0.0383 | Eval Perf: 0.5291
[67, 100] Train Error: 0.0017 | Train Perf: 0.9756 | Eval Error: 0.0382 | Eval Perf: 0.5303
[68, 100] Train Error: 0.0017 | Train Perf: 0.9764 | Eval Error: 0.0381 | Eval Perf: 0.5326
[69, 100] Train Error: 0.0016 | Train Perf: 0.9772 | Eval Error: 0.0372 | Eval Perf: 0.5355
[70, 100] Train Error: 0.0016 | Train Perf: 0.9774 | Eval Error: 0.0375 | Eval Perf: 0.537
[71, 100] Train Error: 0.0016 | Train Perf: 0.9775 | Eval Error: 0.037 | Eval Perf: 0.5371
[72, 100] Train Error: 0.0015 | Train Perf: 0.9782 | Eval Error: 0.0374 | Eval Perf: 0.5379
[73, 100] Train Error: 0.0015 | Train Perf: 0.9785 | Eval Error: 0.0364 | Eval Perf: 0.5392
[74, 100] Train Error: 0.0015 | Train Perf: 0.9789 | Eval Error: 0.0374 | Eval Perf: 0.5396
[75, 100] Train Error: 0.0015 | Train Perf: 0.9792 | Eval Error: 0.0364 | Eval Perf: 0.5449
[76, 100] Train Error: 0.0015 | Train Perf: 0.9788 | Eval Error: 0.0371 | Eval Perf: 0.5433
[77, 100] Train Error: 0.0015 | Train Perf: 0.9793 | Eval Error: 0.0362 | Eval Perf: 0.5466
[78, 100] Train Error: 0.0014 | Train Perf: 0.9797 | Eval Error: 0.0363 | Eval Perf: 0.5509
[79, 100] Train Error: 0.0014 | Train Perf: 0.98 | Eval Error: 0.0364 | Eval Perf: 0.5494
[80, 100] Train Error: 0.0014 | Train Perf: 0.9804 | Eval Error: 0.0362 | Eval Perf: 0.5511
[81, 100] Train Error: 0.0014 | Train Perf: 0.9803 | Eval Error: 0.0352 | Eval Perf: 0.554
[82, 100] Train Error: 0.0014 | Train Perf: 0.9809 | Eval Error: 0.0353 | Eval Perf: 0.5566
[83, 100] Train Error: 0.0013 | Train Perf: 0.9814 | Eval Error: 0.0354 | Eval Perf: 0.5559
[84, 100] Train Error: 0.0013 | Train Perf: 0.9816 | Eval Error: 0.0348 | Eval Perf: 0.5611
[85, 100] Train Error: 0.0013 | Train Perf: 0.9815 | Eval Error: 0.0351 | Eval Perf: 0.5577
[86, 100] Train Error: 0.0013 | Train Perf: 0.9822 | Eval Error: 0.0351 | Eval Perf: 0.5562
[87, 100] Train Error: 0.0012 | Train Perf: 0.9823 | Eval Error: 0.0359 | Eval Perf: 0.5578
[88, 100] Train Error: 0.0012 | Train Perf: 0.9823 | Eval Error: 0.0359 | Eval Perf: 0.5556
[89, 100] Train Error: 0.0012 | Train Perf: 0.9823 | Eval Error: 0.0349 | Eval Perf: 0.5602
[90, 100] Train Error: 0.0012 | Train Perf: 0.9829 | Eval Error: 0.0348 | Eval Perf: 0.5658
[91, 100] Train Error: 0.0012 | Train Perf: 0.9833 | Eval Error: 0.0343 | Eval Perf: 0.5658
[92, 100] Train Error: 0.0012 | Train Perf: 0.9834 | Eval Error: 0.0352 | Eval Perf: 0.5628
[93, 100] Train Error: 0.0012 | Train Perf: 0.9835 | Eval Error: 0.0344 | Eval Perf: 0.5682
[94, 100] Train Error: 0.0011 | Train Perf: 0.9842 | Eval Error: 0.0339 | Eval Perf: 0.5742
[95, 100] Train Error: 0.0011 | Train Perf: 0.9843 | Eval Error: 0.0347 | Eval Perf: 0.5681
[96, 100] Train Error: 0.0011 | Train Perf: 0.9846 | Eval Error: 0.0347 | Eval Perf: 0.5645
[97, 100] Train Error: 0.0011 | Train Perf: 0.9848 | Eval Error: 0.0343 | Eval Perf: 0.5724
[98, 100] Train Error: 0.001 | Train Perf: 0.9855 | Eval Error: 0.0341 | Eval Perf: 0.5721
[99, 100] Train Error: 0.001 | Train Perf: 0.9858 | Eval Error: 0.0342 | Eval Perf: 0.571
[100, 100] Train Error: 0.001 | Train Perf: 0.986 | Eval Error: 0.0342 | Eval Perf: 0.5746
