NETWORK SUMMARY
---------------
Input Layer shape: (1, 180)
Hidden Layer shape: (181, 3)
Output layer shape: (4, 1)
Total parameters: 547

[1, 100] Train Error: 0.0372 | Train Perf: -0.151 | Eval Error: 0.0338 | Eval Perf: 0.4171
[2, 100] Train Error: 0.0338 | Train Perf: 0.2756 | Eval Error: 0.0328 | Eval Perf: 0.5507
[3, 100] Train Error: 0.0296 | Train Perf: 0.4938 | Eval Error: 0.0274 | Eval Perf: 0.5945
[4, 100] Train Error: 0.0252 | Train Perf: 0.5833 | Eval Error: 0.0253 | Eval Perf: 0.616
[5, 100] Train Error: 0.0218 | Train Perf: 0.639 | Eval Error: 0.0237 | Eval Perf: 0.6273
[6, 100] Train Error: 0.0201 | Train Perf: 0.6736 | Eval Error: 0.0226 | Eval Perf: 0.6442
[7, 100] Train Error: 0.0185 | Train Perf: 0.7019 | Eval Error: 0.0247 | Eval Perf: 0.6287
[8, 100] Train Error: 0.0176 | Train Perf: 0.7193 | Eval Error: 0.0214 | Eval Perf: 0.6346
[9, 100] Train Error: 0.0163 | Train Perf: 0.7422 | Eval Error: 0.0222 | Eval Perf: 0.6098
[10, 100] Train Error: 0.0154 | Train Perf: 0.7581 | Eval Error: 0.0242 | Eval Perf: 0.5617
[11, 100] Train Error: 0.0143 | Train Perf: 0.7805 | Eval Error: 0.0238 | Eval Perf: 0.5828
[12, 100] Train Error: 0.0135 | Train Perf: 0.7917 | Eval Error: 0.0256 | Eval Perf: 0.5379
[13, 100] Train Error: 0.013 | Train Perf: 0.8005 | Eval Error: 0.0276 | Eval Perf: 0.4872
[14, 100] Train Error: 0.0124 | Train Perf: 0.812 | Eval Error: 0.0269 | Eval Perf: 0.5202
[15, 100] Train Error: 0.0115 | Train Perf: 0.827 | Eval Error: 0.028 | Eval Perf: 0.5356
[16, 100] Train Error: 0.0107 | Train Perf: 0.8413 | Eval Error: 0.0263 | Eval Perf: 0.5302
[17, 100] Train Error: 0.0105 | Train Perf: 0.8425 | Eval Error: 0.0278 | Eval Perf: 0.5199
[18, 100] Train Error: 0.0098 | Train Perf: 0.8532 | Eval Error: 0.0309 | Eval Perf: 0.4575
[19, 100] Train Error: 0.009 | Train Perf: 0.8668 | Eval Error: 0.0286 | Eval Perf: 0.5136
[20, 100] Train Error: 0.009 | Train Perf: 0.8676 | Eval Error: 0.03 | Eval Perf: 0.498
[21, 100] Train Error: 0.0082 | Train Perf: 0.8788 | Eval Error: 0.0306 | Eval Perf: 0.493
[22, 100] Train Error: 0.0084 | Train Perf: 0.8765 | Eval Error: 0.0289 | Eval Perf: 0.5021
[23, 100] Train Error: 0.0079 | Train Perf: 0.8834 | Eval Error: 0.0301 | Eval Perf: 0.4905
[24, 100] Train Error: 0.0071 | Train Perf: 0.8959 | Eval Error: 0.0342 | Eval Perf: 0.417
[25, 100] Train Error: 0.0073 | Train Perf: 0.8929 | Eval Error: 0.0311 | Eval Perf: 0.4763
[26, 100] Train Error: 0.0067 | Train Perf: 0.9029 | Eval Error: 0.0327 | Eval Perf: 0.4453
[27, 100] Train Error: 0.0068 | Train Perf: 0.9016 | Eval Error: 0.029 | Eval Perf: 0.5143
[28, 100] Train Error: 0.0063 | Train Perf: 0.9088 | Eval Error: 0.0323 | Eval Perf: 0.464
[29, 100] Train Error: 0.006 | Train Perf: 0.9131 | Eval Error: 0.0309 | Eval Perf: 0.4876
[30, 100] Train Error: 0.0056 | Train Perf: 0.9189 | Eval Error: 0.0311 | Eval Perf: 0.4851
[31, 100] Train Error: 0.0055 | Train Perf: 0.9213 | Eval Error: 0.0304 | Eval Perf: 0.5164
[32, 100] Train Error: 0.0052 | Train Perf: 0.9247 | Eval Error: 0.0303 | Eval Perf: 0.5031
[33, 100] Train Error: 0.0051 | Train Perf: 0.9271 | Eval Error: 0.03 | Eval Perf: 0.5046
[34, 100] Train Error: 0.0048 | Train Perf: 0.931 | Eval Error: 0.0301 | Eval Perf: 0.5044
[35, 100] Train Error: 0.0045 | Train Perf: 0.9352 | Eval Error: 0.0297 | Eval Perf: 0.5157
[36, 100] Train Error: 0.0045 | Train Perf: 0.9363 | Eval Error: 0.0306 | Eval Perf: 0.5018
[37, 100] Train Error: 0.004 | Train Perf: 0.9431 | Eval Error: 0.0295 | Eval Perf: 0.5252
[38, 100] Train Error: 0.0043 | Train Perf: 0.9389 | Eval Error: 0.0297 | Eval Perf: 0.5278
[39, 100] Train Error: 0.0041 | Train Perf: 0.9417 | Eval Error: 0.031 | Eval Perf: 0.4985
[40, 100] Train Error: 0.0038 | Train Perf: 0.9466 | Eval Error: 0.0298 | Eval Perf: 0.5219
[41, 100] Train Error: 0.0035 | Train Perf: 0.9508 | Eval Error: 0.0287 | Eval Perf: 0.543
[42, 100] Train Error: 0.0035 | Train Perf: 0.9502 | Eval Error: 0.0307 | Eval Perf: 0.5069
[43, 100] Train Error: 0.0034 | Train Perf: 0.9526 | Eval Error: 0.0297 | Eval Perf: 0.5353
[44, 100] Train Error: 0.0032 | Train Perf: 0.955 | Eval Error: 0.0303 | Eval Perf: 0.5413
[45, 100] Train Error: 0.0033 | Train Perf: 0.9544 | Eval Error: 0.0293 | Eval Perf: 0.5513
[46, 100] Train Error: 0.003 | Train Perf: 0.9576 | Eval Error: 0.0307 | Eval Perf: 0.5256
[47, 100] Train Error: 0.0029 | Train Perf: 0.9587 | Eval Error: 0.0315 | Eval Perf: 0.5029
[48, 100] Train Error: 0.0029 | Train Perf: 0.9597 | Eval Error: 0.0314 | Eval Perf: 0.5051
[49, 100] Train Error: 0.0028 | Train Perf: 0.9613 | Eval Error: 0.0317 | Eval Perf: 0.5048
[50, 100] Train Error: 0.0027 | Train Perf: 0.9622 | Eval Error: 0.032 | Eval Perf: 0.5092
[51, 100] Train Error: 0.0026 | Train Perf: 0.964 | Eval Error: 0.0331 | Eval Perf: 0.4863
[52, 100] Train Error: 0.0025 | Train Perf: 0.9652 | Eval Error: 0.0309 | Eval Perf: 0.5334
[53, 100] Train Error: 0.0026 | Train Perf: 0.9637 | Eval Error: 0.0323 | Eval Perf: 0.5015
[54, 100] Train Error: 0.0024 | Train Perf: 0.9658 | Eval Error: 0.0335 | Eval Perf: 0.4854
[55, 100] Train Error: 0.0023 | Train Perf: 0.9672 | Eval Error: 0.0327 | Eval Perf: 0.4984
[56, 100] Train Error: 0.0022 | Train Perf: 0.9691 | Eval Error: 0.0339 | Eval Perf: 0.4837
[57, 100] Train Error: 0.0022 | Train Perf: 0.9687 | Eval Error: 0.0338 | Eval Perf: 0.4872
[58, 100] Train Error: 0.0021 | Train Perf: 0.9699 | Eval Error: 0.0339 | Eval Perf: 0.4861
[59, 100] Train Error: 0.002 | Train Perf: 0.9715 | Eval Error: 0.0344 | Eval Perf: 0.4762
[60, 100] Train Error: 0.0021 | Train Perf: 0.9708 | Eval Error: 0.0339 | Eval Perf: 0.484
[61, 100] Train Error: 0.002 | Train Perf: 0.9719 | Eval Error: 0.0336 | Eval Perf: 0.4857
[62, 100] Train Error: 0.002 | Train Perf: 0.9725 | Eval Error: 0.0342 | Eval Perf: 0.4803
[63, 100] Train Error: 0.002 | Train Perf: 0.9728 | Eval Error: 0.0352 | Eval Perf: 0.4679
[64, 100] Train Error: 0.0018 | Train Perf: 0.9752 | Eval Error: 0.035 | Eval Perf: 0.489
[65, 100] Train Error: 0.0018 | Train Perf: 0.9743 | Eval Error: 0.0359 | Eval Perf: 0.4593
[66, 100] Train Error: 0.0017 | Train Perf: 0.9758 | Eval Error: 0.0353 | Eval Perf: 0.4763
[67, 100] Train Error: 0.0017 | Train Perf: 0.9764 | Eval Error: 0.0355 | Eval Perf: 0.4639
[68, 100] Train Error: 0.0017 | Train Perf: 0.9761 | Eval Error: 0.0361 | Eval Perf: 0.4582
[69, 100] Train Error: 0.0017 | Train Perf: 0.9765 | Eval Error: 0.0359 | Eval Perf: 0.4663
[70, 100] Train Error: 0.0016 | Train Perf: 0.977 | Eval Error: 0.0368 | Eval Perf: 0.4524
[71, 100] Train Error: 0.0016 | Train Perf: 0.978 | Eval Error: 0.0369 | Eval Perf: 0.4489
[72, 100] Train Error: 0.0015 | Train Perf: 0.9785 | Eval Error: 0.036 | Eval Perf: 0.4673
[73, 100] Train Error: 0.0015 | Train Perf: 0.979 | Eval Error: 0.0372 | Eval Perf: 0.4557
[74, 100] Train Error: 0.0015 | Train Perf: 0.9796 | Eval Error: 0.0369 | Eval Perf: 0.4581
[75, 100] Train Error: 0.0015 | Train Perf: 0.979 | Eval Error: 0.0367 | Eval Perf: 0.4656
[76, 100] Train Error: 0.0014 | Train Perf: 0.98 | Eval Error: 0.0374 | Eval Perf: 0.456
[77, 100] Train Error: 0.0014 | Train Perf: 0.9809 | Eval Error: 0.0372 | Eval Perf: 0.456
[78, 100] Train Error: 0.0014 | Train Perf: 0.9809 | Eval Error: 0.0377 | Eval Perf: 0.4479
[79, 100] Train Error: 0.0013 | Train Perf: 0.9815 | Eval Error: 0.0379 | Eval Perf: 0.4467
[80, 100] Train Error: 0.0013 | Train Perf: 0.9815 | Eval Error: 0.0378 | Eval Perf: 0.4527
[81, 100] Train Error: 0.0013 | Train Perf: 0.9823 | Eval Error: 0.0379 | Eval Perf: 0.4558
[82, 100] Train Error: 0.0013 | Train Perf: 0.9823 | Eval Error: 0.0377 | Eval Perf: 0.4555
[83, 100] Train Error: 0.0012 | Train Perf: 0.983 | Eval Error: 0.0385 | Eval Perf: 0.4403
[84, 100] Train Error: 0.0012 | Train Perf: 0.9827 | Eval Error: 0.0388 | Eval Perf: 0.4545
[85, 100] Train Error: 0.0012 | Train Perf: 0.9831 | Eval Error: 0.0391 | Eval Perf: 0.4353
[86, 100] Train Error: 0.0012 | Train Perf: 0.9831 | Eval Error: 0.039 | Eval Perf: 0.4423
[87, 100] Train Error: 0.0012 | Train Perf: 0.9839 | Eval Error: 0.0394 | Eval Perf: 0.4407
[88, 100] Train Error: 0.0012 | Train Perf: 0.9839 | Eval Error: 0.0387 | Eval Perf: 0.4495
[89, 100] Train Error: 0.0011 | Train Perf: 0.9845 | Eval Error: 0.0402 | Eval Perf: 0.4259
[90, 100] Train Error: 0.0011 | Train Perf: 0.9846 | Eval Error: 0.0395 | Eval Perf: 0.4391
[91, 100] Train Error: 0.0011 | Train Perf: 0.985 | Eval Error: 0.04 | Eval Perf: 0.4336
[92, 100] Train Error: 0.0011 | Train Perf: 0.9854 | Eval Error: 0.0398 | Eval Perf: 0.4354
[93, 100] Train Error: 0.0011 | Train Perf: 0.9853 | Eval Error: 0.04 | Eval Perf: 0.4323
[94, 100] Train Error: 0.001 | Train Perf: 0.9857 | Eval Error: 0.0406 | Eval Perf: 0.4266
[95, 100] Train Error: 0.001 | Train Perf: 0.9861 | Eval Error: 0.0411 | Eval Perf: 0.4229
[96, 100] Train Error: 0.001 | Train Perf: 0.9858 | Eval Error: 0.0406 | Eval Perf: 0.4297
[97, 100] Train Error: 0.001 | Train Perf: 0.9865 | Eval Error: 0.0414 | Eval Perf: 0.427
[98, 100] Train Error: 0.001 | Train Perf: 0.9866 | Eval Error: 0.0409 | Eval Perf: 0.4218
[99, 100] Train Error: 0.001 | Train Perf: 0.9868 | Eval Error: 0.0414 | Eval Perf: 0.4175
[100, 100] Train Error: 0.001 | Train Perf: 0.9867 | Eval Error: 0.0408 | Eval Perf: 0.4363
