NETWORK SUMMARY
---------------
Input Layer shape: (1, 180)
Hidden Layer shape: (181, 5)
Output layer shape: (6, 1)
Total parameters: 911

[1, 100] Train Error: 0.0272 | Train Perf: 0.0378 | Eval Error: 0.0255 | Eval Perf: 0.5662
[2, 100] Train Error: 0.0236 | Train Perf: 0.4514 | Eval Error: 0.0217 | Eval Perf: 0.614
[3, 100] Train Error: 0.0187 | Train Perf: 0.6039 | Eval Error: 0.0174 | Eval Perf: 0.6537
[4, 100] Train Error: 0.0149 | Train Perf: 0.6917 | Eval Error: 0.015 | Eval Perf: 0.6878
[5, 100] Train Error: 0.0129 | Train Perf: 0.7342 | Eval Error: 0.0139 | Eval Perf: 0.7117
[6, 100] Train Error: 0.0114 | Train Perf: 0.7625 | Eval Error: 0.0135 | Eval Perf: 0.7131
[7, 100] Train Error: 0.0107 | Train Perf: 0.779 | Eval Error: 0.0137 | Eval Perf: 0.7199
[8, 100] Train Error: 0.0102 | Train Perf: 0.7878 | Eval Error: 0.0131 | Eval Perf: 0.7221
[9, 100] Train Error: 0.0099 | Train Perf: 0.795 | Eval Error: 0.0133 | Eval Perf: 0.7186
[10, 100] Train Error: 0.0097 | Train Perf: 0.8002 | Eval Error: 0.0134 | Eval Perf: 0.7184
[11, 100] Train Error: 0.0095 | Train Perf: 0.8038 | Eval Error: 0.0148 | Eval Perf: 0.7102
[12, 100] Train Error: 0.0094 | Train Perf: 0.8068 | Eval Error: 0.0137 | Eval Perf: 0.7184
[13, 100] Train Error: 0.0091 | Train Perf: 0.8137 | Eval Error: 0.0141 | Eval Perf: 0.7116
[14, 100] Train Error: 0.0092 | Train Perf: 0.8107 | Eval Error: 0.0142 | Eval Perf: 0.7044
[15, 100] Train Error: 0.0091 | Train Perf: 0.8146 | Eval Error: 0.0141 | Eval Perf: 0.7058
[16, 100] Train Error: 0.009 | Train Perf: 0.8161 | Eval Error: 0.0146 | Eval Perf: 0.7035
[17, 100] Train Error: 0.0087 | Train Perf: 0.8227 | Eval Error: 0.0139 | Eval Perf: 0.7099
[18, 100] Train Error: 0.0088 | Train Perf: 0.82 | Eval Error: 0.0141 | Eval Perf: 0.7092
[19, 100] Train Error: 0.0086 | Train Perf: 0.8238 | Eval Error: 0.0143 | Eval Perf: 0.7026
[20, 100] Train Error: 0.0085 | Train Perf: 0.8261 | Eval Error: 0.0145 | Eval Perf: 0.7022
[21, 100] Train Error: 0.0085 | Train Perf: 0.8278 | Eval Error: 0.0147 | Eval Perf: 0.7041
[22, 100] Train Error: 0.0084 | Train Perf: 0.8296 | Eval Error: 0.014 | Eval Perf: 0.709
[23, 100] Train Error: 0.0083 | Train Perf: 0.8307 | Eval Error: 0.014 | Eval Perf: 0.7086
[24, 100] Train Error: 0.0083 | Train Perf: 0.8322 | Eval Error: 0.0147 | Eval Perf: 0.7084
[25, 100] Train Error: 0.0081 | Train Perf: 0.8361 | Eval Error: 0.0142 | Eval Perf: 0.7066
[26, 100] Train Error: 0.0079 | Train Perf: 0.8408 | Eval Error: 0.0142 | Eval Perf: 0.7086
[27, 100] Train Error: 0.0079 | Train Perf: 0.8409 | Eval Error: 0.0141 | Eval Perf: 0.708
[28, 100] Train Error: 0.0079 | Train Perf: 0.8404 | Eval Error: 0.0143 | Eval Perf: 0.7047
[29, 100] Train Error: 0.0078 | Train Perf: 0.8418 | Eval Error: 0.0145 | Eval Perf: 0.7103
[30, 100] Train Error: 0.0077 | Train Perf: 0.844 | Eval Error: 0.014 | Eval Perf: 0.7154
[31, 100] Train Error: 0.0077 | Train Perf: 0.8441 | Eval Error: 0.014 | Eval Perf: 0.7159
[32, 100] Train Error: 0.0076 | Train Perf: 0.848 | Eval Error: 0.014 | Eval Perf: 0.7159
[33, 100] Train Error: 0.0075 | Train Perf: 0.8497 | Eval Error: 0.0138 | Eval Perf: 0.718
[34, 100] Train Error: 0.0075 | Train Perf: 0.8502 | Eval Error: 0.0146 | Eval Perf: 0.7111
[35, 100] Train Error: 0.0073 | Train Perf: 0.8535 | Eval Error: 0.0137 | Eval Perf: 0.7188
[36, 100] Train Error: 0.0073 | Train Perf: 0.8539 | Eval Error: 0.0139 | Eval Perf: 0.7168
[37, 100] Train Error: 0.0072 | Train Perf: 0.8569 | Eval Error: 0.0149 | Eval Perf: 0.7136
[38, 100] Train Error: 0.0071 | Train Perf: 0.8571 | Eval Error: 0.0151 | Eval Perf: 0.7117
[39, 100] Train Error: 0.0071 | Train Perf: 0.8582 | Eval Error: 0.0143 | Eval Perf: 0.711
[40, 100] Train Error: 0.0071 | Train Perf: 0.8587 | Eval Error: 0.0143 | Eval Perf: 0.7107
[41, 100] Train Error: 0.007 | Train Perf: 0.8612 | Eval Error: 0.014 | Eval Perf: 0.7135
[42, 100] Train Error: 0.0069 | Train Perf: 0.8621 | Eval Error: 0.0145 | Eval Perf: 0.7073
[43, 100] Train Error: 0.0067 | Train Perf: 0.8667 | Eval Error: 0.0145 | Eval Perf: 0.7136
[44, 100] Train Error: 0.0068 | Train Perf: 0.8647 | Eval Error: 0.0137 | Eval Perf: 0.7209
[45, 100] Train Error: 0.0067 | Train Perf: 0.8666 | Eval Error: 0.0145 | Eval Perf: 0.707
[46, 100] Train Error: 0.0066 | Train Perf: 0.8679 | Eval Error: 0.0139 | Eval Perf: 0.7182
[47, 100] Train Error: 0.0066 | Train Perf: 0.8691 | Eval Error: 0.0142 | Eval Perf: 0.714
[48, 100] Train Error: 0.0065 | Train Perf: 0.8701 | Eval Error: 0.0148 | Eval Perf: 0.7033
[49, 100] Train Error: 0.0065 | Train Perf: 0.8717 | Eval Error: 0.0141 | Eval Perf: 0.7163
[50, 100] Train Error: 0.0063 | Train Perf: 0.8747 | Eval Error: 0.0139 | Eval Perf: 0.7185
[51, 100] Train Error: 0.0064 | Train Perf: 0.8729 | Eval Error: 0.0143 | Eval Perf: 0.7129
[52, 100] Train Error: 0.0061 | Train Perf: 0.8797 | Eval Error: 0.0179 | Eval Perf: 0.6948
[53, 100] Train Error: 0.0063 | Train Perf: 0.8761 | Eval Error: 0.0152 | Eval Perf: 0.7072
[54, 100] Train Error: 0.0062 | Train Perf: 0.8778 | Eval Error: 0.0147 | Eval Perf: 0.7077
[55, 100] Train Error: 0.0061 | Train Perf: 0.8799 | Eval Error: 0.0152 | Eval Perf: 0.7041
[56, 100] Train Error: 0.006 | Train Perf: 0.8809 | Eval Error: 0.015 | Eval Perf: 0.7063
[57, 100] Train Error: 0.0059 | Train Perf: 0.8839 | Eval Error: 0.015 | Eval Perf: 0.7101
[58, 100] Train Error: 0.0058 | Train Perf: 0.885 | Eval Error: 0.0156 | Eval Perf: 0.6952
[59, 100] Train Error: 0.0058 | Train Perf: 0.8858 | Eval Error: 0.016 | Eval Perf: 0.6924
[60, 100] Train Error: 0.0057 | Train Perf: 0.8875 | Eval Error: 0.0151 | Eval Perf: 0.7032
[61, 100] Train Error: 0.0056 | Train Perf: 0.8907 | Eval Error: 0.0152 | Eval Perf: 0.7023
[62, 100] Train Error: 0.0055 | Train Perf: 0.8928 | Eval Error: 0.0159 | Eval Perf: 0.6977
[63, 100] Train Error: 0.0054 | Train Perf: 0.8931 | Eval Error: 0.0158 | Eval Perf: 0.6934
[64, 100] Train Error: 0.0054 | Train Perf: 0.8939 | Eval Error: 0.0157 | Eval Perf: 0.6967
[65, 100] Train Error: 0.0054 | Train Perf: 0.8946 | Eval Error: 0.0158 | Eval Perf: 0.6944
[66, 100] Train Error: 0.0052 | Train Perf: 0.8974 | Eval Error: 0.0163 | Eval Perf: 0.6905
[67, 100] Train Error: 0.0052 | Train Perf: 0.8979 | Eval Error: 0.016 | Eval Perf: 0.6957
[68, 100] Train Error: 0.0052 | Train Perf: 0.8982 | Eval Error: 0.0169 | Eval Perf: 0.6915
[69, 100] Train Error: 0.0051 | Train Perf: 0.8992 | Eval Error: 0.0157 | Eval Perf: 0.6953
[70, 100] Train Error: 0.005 | Train Perf: 0.902 | Eval Error: 0.0158 | Eval Perf: 0.6926
[71, 100] Train Error: 0.005 | Train Perf: 0.9024 | Eval Error: 0.0169 | Eval Perf: 0.6884
[72, 100] Train Error: 0.0049 | Train Perf: 0.9034 | Eval Error: 0.0167 | Eval Perf: 0.6873
[73, 100] Train Error: 0.0049 | Train Perf: 0.904 | Eval Error: 0.0164 | Eval Perf: 0.693
[74, 100] Train Error: 0.0048 | Train Perf: 0.9057 | Eval Error: 0.0162 | Eval Perf: 0.6919
[75, 100] Train Error: 0.0048 | Train Perf: 0.9062 | Eval Error: 0.0163 | Eval Perf: 0.6842
[76, 100] Train Error: 0.0048 | Train Perf: 0.9074 | Eval Error: 0.0172 | Eval Perf: 0.6847
[77, 100] Train Error: 0.0047 | Train Perf: 0.9078 | Eval Error: 0.0169 | Eval Perf: 0.6795
[78, 100] Train Error: 0.0047 | Train Perf: 0.9089 | Eval Error: 0.0173 | Eval Perf: 0.6785
[79, 100] Train Error: 0.0046 | Train Perf: 0.9109 | Eval Error: 0.0166 | Eval Perf: 0.6816
[80, 100] Train Error: 0.0045 | Train Perf: 0.9117 | Eval Error: 0.017 | Eval Perf: 0.6826
[81, 100] Train Error: 0.0045 | Train Perf: 0.9131 | Eval Error: 0.0173 | Eval Perf: 0.6762
[82, 100] Train Error: 0.0044 | Train Perf: 0.9137 | Eval Error: 0.0171 | Eval Perf: 0.6789
[83, 100] Train Error: 0.0044 | Train Perf: 0.914 | Eval Error: 0.0169 | Eval Perf: 0.6758
[84, 100] Train Error: 0.0044 | Train Perf: 0.9147 | Eval Error: 0.0178 | Eval Perf: 0.6745
[85, 100] Train Error: 0.0043 | Train Perf: 0.9158 | Eval Error: 0.018 | Eval Perf: 0.6742
[86, 100] Train Error: 0.0043 | Train Perf: 0.9162 | Eval Error: 0.0184 | Eval Perf: 0.6737
[87, 100] Train Error: 0.0043 | Train Perf: 0.9162 | Eval Error: 0.0172 | Eval Perf: 0.6764
[88, 100] Train Error: 0.0042 | Train Perf: 0.9181 | Eval Error: 0.0177 | Eval Perf: 0.6759
[89, 100] Train Error: 0.0042 | Train Perf: 0.918 | Eval Error: 0.0169 | Eval Perf: 0.6818
[90, 100] Train Error: 0.0042 | Train Perf: 0.9196 | Eval Error: 0.0182 | Eval Perf: 0.6683
[91, 100] Train Error: 0.0041 | Train Perf: 0.9199 | Eval Error: 0.0178 | Eval Perf: 0.6682
[92, 100] Train Error: 0.0041 | Train Perf: 0.9209 | Eval Error: 0.0186 | Eval Perf: 0.6618
[93, 100] Train Error: 0.004 | Train Perf: 0.9217 | Eval Error: 0.0184 | Eval Perf: 0.663
[94, 100] Train Error: 0.004 | Train Perf: 0.9219 | Eval Error: 0.0181 | Eval Perf: 0.6647
[95, 100] Train Error: 0.004 | Train Perf: 0.9225 | Eval Error: 0.0176 | Eval Perf: 0.6697
[96, 100] Train Error: 0.0039 | Train Perf: 0.9243 | Eval Error: 0.0178 | Eval Perf: 0.6677
[97, 100] Train Error: 0.0039 | Train Perf: 0.9239 | Eval Error: 0.0178 | Eval Perf: 0.6653
[98, 100] Train Error: 0.0039 | Train Perf: 0.9254 | Eval Error: 0.0195 | Eval Perf: 0.6622
[99, 100] Train Error: 0.0038 | Train Perf: 0.9261 | Eval Error: 0.0184 | Eval Perf: 0.6669
[100, 100] Train Error: 0.0038 | Train Perf: 0.9265 | Eval Error: 0.019 | Eval Perf: 0.6594
