NETWORK SUMMARY
---------------
Input Layer shape: (1, 180)
Hidden Layer shape: (181, 3)
Output layer shape: (4, 1)
Total parameters: 547

[1, 100] Train Error: 0.0372 | Train Perf: -0.2322 | Eval Error: 0.037 | Eval Perf: 0.1146
[2, 100] Train Error: 0.0363 | Train Perf: -0.039 | Eval Error: 0.0375 | Eval Perf: 0.3139
[3, 100] Train Error: 0.0361 | Train Perf: -0.0247 | Eval Error: 0.0372 | Eval Perf: 0.4413
[4, 100] Train Error: 0.0357 | Train Perf: 0.005 | Eval Error: 0.0362 | Eval Perf: 0.5039
[5, 100] Train Error: 0.0343 | Train Perf: 0.1742 | Eval Error: 0.0357 | Eval Perf: 0.5534
[6, 100] Train Error: 0.0331 | Train Perf: 0.333 | Eval Error: 0.0332 | Eval Perf: 0.5934
[7, 100] Train Error: 0.0305 | Train Perf: 0.5101 | Eval Error: 0.0309 | Eval Perf: 0.6161
[8, 100] Train Error: 0.027 | Train Perf: 0.5979 | Eval Error: 0.0287 | Eval Perf: 0.6284
[9, 100] Train Error: 0.024 | Train Perf: 0.687 | Eval Error: 0.0269 | Eval Perf: 0.6402
[10, 100] Train Error: 0.0213 | Train Perf: 0.7144 | Eval Error: 0.0245 | Eval Perf: 0.6552
[11, 100] Train Error: 0.0185 | Train Perf: 0.7423 | Eval Error: 0.0233 | Eval Perf: 0.666
[12, 100] Train Error: 0.0165 | Train Perf: 0.7721 | Eval Error: 0.0222 | Eval Perf: 0.6704
[13, 100] Train Error: 0.0147 | Train Perf: 0.7994 | Eval Error: 0.0231 | Eval Perf: 0.6691
[14, 100] Train Error: 0.0133 | Train Perf: 0.8148 | Eval Error: 0.0211 | Eval Perf: 0.6725
[15, 100] Train Error: 0.0119 | Train Perf: 0.8364 | Eval Error: 0.022 | Eval Perf: 0.6704
[16, 100] Train Error: 0.0109 | Train Perf: 0.85 | Eval Error: 0.0214 | Eval Perf: 0.6626
[17, 100] Train Error: 0.01 | Train Perf: 0.8603 | Eval Error: 0.0219 | Eval Perf: 0.6587
[18, 100] Train Error: 0.0091 | Train Perf: 0.8725 | Eval Error: 0.0216 | Eval Perf: 0.6477
[19, 100] Train Error: 0.0087 | Train Perf: 0.8764 | Eval Error: 0.022 | Eval Perf: 0.6457
[20, 100] Train Error: 0.0079 | Train Perf: 0.8909 | Eval Error: 0.0228 | Eval Perf: 0.6433
[21, 100] Train Error: 0.0076 | Train Perf: 0.8936 | Eval Error: 0.0224 | Eval Perf: 0.6376
[22, 100] Train Error: 0.0069 | Train Perf: 0.9027 | Eval Error: 0.023 | Eval Perf: 0.635
[23, 100] Train Error: 0.0065 | Train Perf: 0.9102 | Eval Error: 0.0227 | Eval Perf: 0.628
[24, 100] Train Error: 0.0062 | Train Perf: 0.9125 | Eval Error: 0.0235 | Eval Perf: 0.6324
[25, 100] Train Error: 0.0058 | Train Perf: 0.9193 | Eval Error: 0.0228 | Eval Perf: 0.6274
[26, 100] Train Error: 0.0054 | Train Perf: 0.9254 | Eval Error: 0.0233 | Eval Perf: 0.6413
[27, 100] Train Error: 0.0052 | Train Perf: 0.9267 | Eval Error: 0.0229 | Eval Perf: 0.6321
[28, 100] Train Error: 0.005 | Train Perf: 0.9295 | Eval Error: 0.0234 | Eval Perf: 0.6333
[29, 100] Train Error: 0.0049 | Train Perf: 0.932 | Eval Error: 0.0237 | Eval Perf: 0.6242
[30, 100] Train Error: 0.0046 | Train Perf: 0.9365 | Eval Error: 0.0243 | Eval Perf: 0.6257
[31, 100] Train Error: 0.0043 | Train Perf: 0.9396 | Eval Error: 0.0243 | Eval Perf: 0.6278
[32, 100] Train Error: 0.0042 | Train Perf: 0.9407 | Eval Error: 0.0243 | Eval Perf: 0.6168
[33, 100] Train Error: 0.0041 | Train Perf: 0.9434 | Eval Error: 0.0244 | Eval Perf: 0.6155
[34, 100] Train Error: 0.0038 | Train Perf: 0.947 | Eval Error: 0.0242 | Eval Perf: 0.6243
[35, 100] Train Error: 0.0037 | Train Perf: 0.9488 | Eval Error: 0.0249 | Eval Perf: 0.6078
[36, 100] Train Error: 0.0035 | Train Perf: 0.951 | Eval Error: 0.0248 | Eval Perf: 0.6136
[37, 100] Train Error: 0.0034 | Train Perf: 0.9535 | Eval Error: 0.0247 | Eval Perf: 0.6224
[38, 100] Train Error: 0.0033 | Train Perf: 0.9541 | Eval Error: 0.0251 | Eval Perf: 0.6139
[39, 100] Train Error: 0.0032 | Train Perf: 0.9559 | Eval Error: 0.0255 | Eval Perf: 0.6094
[40, 100] Train Error: 0.003 | Train Perf: 0.9591 | Eval Error: 0.0252 | Eval Perf: 0.6108
[41, 100] Train Error: 0.003 | Train Perf: 0.959 | Eval Error: 0.0255 | Eval Perf: 0.6103
[42, 100] Train Error: 0.0027 | Train Perf: 0.9623 | Eval Error: 0.0261 | Eval Perf: 0.6158
[43, 100] Train Error: 0.0027 | Train Perf: 0.9628 | Eval Error: 0.026 | Eval Perf: 0.6068
[44, 100] Train Error: 0.0025 | Train Perf: 0.9654 | Eval Error: 0.0268 | Eval Perf: 0.6131
[45, 100] Train Error: 0.0026 | Train Perf: 0.9642 | Eval Error: 0.0266 | Eval Perf: 0.6002
[46, 100] Train Error: 0.0024 | Train Perf: 0.9665 | Eval Error: 0.0265 | Eval Perf: 0.605
[47, 100] Train Error: 0.0023 | Train Perf: 0.9681 | Eval Error: 0.0267 | Eval Perf: 0.601
[48, 100] Train Error: 0.0023 | Train Perf: 0.9691 | Eval Error: 0.0267 | Eval Perf: 0.6027
[49, 100] Train Error: 0.0022 | Train Perf: 0.9703 | Eval Error: 0.0271 | Eval Perf: 0.6005
[50, 100] Train Error: 0.0021 | Train Perf: 0.9717 | Eval Error: 0.027 | Eval Perf: 0.6024
[51, 100] Train Error: 0.0021 | Train Perf: 0.9715 | Eval Error: 0.0271 | Eval Perf: 0.6024
[52, 100] Train Error: 0.002 | Train Perf: 0.9728 | Eval Error: 0.0271 | Eval Perf: 0.6005
[53, 100] Train Error: 0.0019 | Train Perf: 0.9743 | Eval Error: 0.0277 | Eval Perf: 0.5932
[54, 100] Train Error: 0.0019 | Train Perf: 0.9742 | Eval Error: 0.0277 | Eval Perf: 0.5938
[55, 100] Train Error: 0.0017 | Train Perf: 0.9764 | Eval Error: 0.0274 | Eval Perf: 0.6013
[56, 100] Train Error: 0.0017 | Train Perf: 0.9766 | Eval Error: 0.0277 | Eval Perf: 0.5987
[57, 100] Train Error: 0.0017 | Train Perf: 0.9768 | Eval Error: 0.0279 | Eval Perf: 0.5926
[58, 100] Train Error: 0.0016 | Train Perf: 0.978 | Eval Error: 0.0283 | Eval Perf: 0.589
[59, 100] Train Error: 0.0016 | Train Perf: 0.9789 | Eval Error: 0.0283 | Eval Perf: 0.5922
[60, 100] Train Error: 0.0016 | Train Perf: 0.9789 | Eval Error: 0.0285 | Eval Perf: 0.589
[61, 100] Train Error: 0.0015 | Train Perf: 0.9797 | Eval Error: 0.0285 | Eval Perf: 0.5908
[62, 100] Train Error: 0.0015 | Train Perf: 0.9798 | Eval Error: 0.0288 | Eval Perf: 0.5865
[63, 100] Train Error: 0.0014 | Train Perf: 0.9813 | Eval Error: 0.0287 | Eval Perf: 0.5917
[64, 100] Train Error: 0.0014 | Train Perf: 0.9815 | Eval Error: 0.0289 | Eval Perf: 0.5885
[65, 100] Train Error: 0.0013 | Train Perf: 0.9824 | Eval Error: 0.0287 | Eval Perf: 0.5926
[66, 100] Train Error: 0.0013 | Train Perf: 0.9821 | Eval Error: 0.029 | Eval Perf: 0.5893
[67, 100] Train Error: 0.0013 | Train Perf: 0.9829 | Eval Error: 0.0294 | Eval Perf: 0.5841
[68, 100] Train Error: 0.0012 | Train Perf: 0.983 | Eval Error: 0.0298 | Eval Perf: 0.5798
[69, 100] Train Error: 0.0012 | Train Perf: 0.984 | Eval Error: 0.0295 | Eval Perf: 0.5865
[70, 100] Train Error: 0.0012 | Train Perf: 0.9839 | Eval Error: 0.0297 | Eval Perf: 0.5839
[71, 100] Train Error: 0.0011 | Train Perf: 0.9847 | Eval Error: 0.0298 | Eval Perf: 0.5825
[72, 100] Train Error: 0.0011 | Train Perf: 0.9848 | Eval Error: 0.0305 | Eval Perf: 0.5745
[73, 100] Train Error: 0.0011 | Train Perf: 0.9848 | Eval Error: 0.03 | Eval Perf: 0.5818
[74, 100] Train Error: 0.0011 | Train Perf: 0.9852 | Eval Error: 0.0303 | Eval Perf: 0.5778
[75, 100] Train Error: 0.0011 | Train Perf: 0.9857 | Eval Error: 0.0302 | Eval Perf: 0.5804
[76, 100] Train Error: 0.001 | Train Perf: 0.9858 | Eval Error: 0.0305 | Eval Perf: 0.5776
[77, 100] Train Error: 0.001 | Train Perf: 0.9864 | Eval Error: 0.0305 | Eval Perf: 0.5775
[78, 100] Train Error: 0.001 | Train Perf: 0.9866 | Eval Error: 0.0305 | Eval Perf: 0.5799
[79, 100] Train Error: 0.001 | Train Perf: 0.9868 | Eval Error: 0.0306 | Eval Perf: 0.5782
[80, 100] Train Error: 0.0009 | Train Perf: 0.9872 | Eval Error: 0.031 | Eval Perf: 0.5736
[81, 100] Train Error: 0.0009 | Train Perf: 0.9872 | Eval Error: 0.031 | Eval Perf: 0.5751
[82, 100] Train Error: 0.0009 | Train Perf: 0.9875 | Eval Error: 0.0309 | Eval Perf: 0.5765
[83, 100] Train Error: 0.0009 | Train Perf: 0.9882 | Eval Error: 0.0308 | Eval Perf: 0.5784
[84, 100] Train Error: 0.0009 | Train Perf: 0.9882 | Eval Error: 0.0306 | Eval Perf: 0.5813
[85, 100] Train Error: 0.0009 | Train Perf: 0.9881 | Eval Error: 0.0312 | Eval Perf: 0.5742
[86, 100] Train Error: 0.0008 | Train Perf: 0.9885 | Eval Error: 0.0316 | Eval Perf: 0.5703
[87, 100] Train Error: 0.0008 | Train Perf: 0.9887 | Eval Error: 0.0314 | Eval Perf: 0.5721
[88, 100] Train Error: 0.0008 | Train Perf: 0.9891 | Eval Error: 0.0316 | Eval Perf: 0.5707
[89, 100] Train Error: 0.0008 | Train Perf: 0.9892 | Eval Error: 0.0316 | Eval Perf: 0.5716
[90, 100] Train Error: 0.0008 | Train Perf: 0.9892 | Eval Error: 0.0318 | Eval Perf: 0.5697
[91, 100] Train Error: 0.0008 | Train Perf: 0.9895 | Eval Error: 0.0313 | Eval Perf: 0.5759
[92, 100] Train Error: 0.0007 | Train Perf: 0.9897 | Eval Error: 0.0314 | Eval Perf: 0.5763
[93, 100] Train Error: 0.0007 | Train Perf: 0.9898 | Eval Error: 0.032 | Eval Perf: 0.5687
[94, 100] Train Error: 0.0007 | Train Perf: 0.9899 | Eval Error: 0.0318 | Eval Perf: 0.5711
[95, 100] Train Error: 0.0007 | Train Perf: 0.9901 | Eval Error: 0.032 | Eval Perf: 0.5695
[96, 100] Train Error: 0.0007 | Train Perf: 0.9905 | Eval Error: 0.0324 | Eval Perf: 0.5664
[97, 100] Train Error: 0.0007 | Train Perf: 0.9905 | Eval Error: 0.0324 | Eval Perf: 0.5666
[98, 100] Train Error: 0.0007 | Train Perf: 0.9907 | Eval Error: 0.0325 | Eval Perf: 0.5655
[99, 100] Train Error: 0.0007 | Train Perf: 0.9908 | Eval Error: 0.0318 | Eval Perf: 0.5736
[100, 100] Train Error: 0.0007 | Train Perf: 0.9908 | Eval Error: 0.0323 | Eval Perf: 0.5689
