NETWORK SUMMARY
---------------
Input Layer shape: (1, 180)
Hidden Layer shape: (181, 2)
Output layer shape: (3, 1)
Total parameters: 365

[1, 100] Train Error: 0.0073 | Train Perf: 0.0244 | Eval Error: 0.0067 | Eval Perf: 0.406
[2, 100] Train Error: 0.0063 | Train Perf: 0.3392 | Eval Error: 0.0063 | Eval Perf: 0.5357
[3, 100] Train Error: 0.0057 | Train Perf: 0.495 | Eval Error: 0.0057 | Eval Perf: 0.5967
[4, 100] Train Error: 0.005 | Train Perf: 0.5781 | Eval Error: 0.0049 | Eval Perf: 0.6423
[5, 100] Train Error: 0.0042 | Train Perf: 0.6546 | Eval Error: 0.0042 | Eval Perf: 0.6635
[6, 100] Train Error: 0.0035 | Train Perf: 0.7005 | Eval Error: 0.0038 | Eval Perf: 0.6895
[7, 100] Train Error: 0.0031 | Train Perf: 0.7339 | Eval Error: 0.004 | Eval Perf: 0.6929
[8, 100] Train Error: 0.0028 | Train Perf: 0.7694 | Eval Error: 0.0038 | Eval Perf: 0.6902
[9, 100] Train Error: 0.0025 | Train Perf: 0.7928 | Eval Error: 0.0038 | Eval Perf: 0.6831
[10, 100] Train Error: 0.0022 | Train Perf: 0.8193 | Eval Error: 0.0038 | Eval Perf: 0.6831
[11, 100] Train Error: 0.002 | Train Perf: 0.8359 | Eval Error: 0.0039 | Eval Perf: 0.6773
[12, 100] Train Error: 0.0019 | Train Perf: 0.8449 | Eval Error: 0.0039 | Eval Perf: 0.6717
[13, 100] Train Error: 0.0018 | Train Perf: 0.854 | Eval Error: 0.0041 | Eval Perf: 0.6713
[14, 100] Train Error: 0.0017 | Train Perf: 0.8665 | Eval Error: 0.004 | Eval Perf: 0.6725
[15, 100] Train Error: 0.0016 | Train Perf: 0.8728 | Eval Error: 0.004 | Eval Perf: 0.6727
[16, 100] Train Error: 0.0015 | Train Perf: 0.8787 | Eval Error: 0.0041 | Eval Perf: 0.6699
[17, 100] Train Error: 0.0014 | Train Perf: 0.8887 | Eval Error: 0.0041 | Eval Perf: 0.6739
[18, 100] Train Error: 0.0014 | Train Perf: 0.8933 | Eval Error: 0.004 | Eval Perf: 0.6743
[19, 100] Train Error: 0.0013 | Train Perf: 0.8948 | Eval Error: 0.0044 | Eval Perf: 0.6773
[20, 100] Train Error: 0.0013 | Train Perf: 0.898 | Eval Error: 0.0041 | Eval Perf: 0.6746
[21, 100] Train Error: 0.0012 | Train Perf: 0.9029 | Eval Error: 0.0042 | Eval Perf: 0.675
[22, 100] Train Error: 0.0012 | Train Perf: 0.9063 | Eval Error: 0.004 | Eval Perf: 0.6687
[23, 100] Train Error: 0.0012 | Train Perf: 0.9095 | Eval Error: 0.004 | Eval Perf: 0.6729
[24, 100] Train Error: 0.0011 | Train Perf: 0.9115 | Eval Error: 0.004 | Eval Perf: 0.6741
[25, 100] Train Error: 0.0011 | Train Perf: 0.9157 | Eval Error: 0.004 | Eval Perf: 0.6691
[26, 100] Train Error: 0.0011 | Train Perf: 0.9165 | Eval Error: 0.0042 | Eval Perf: 0.6734
[27, 100] Train Error: 0.001 | Train Perf: 0.9189 | Eval Error: 0.0042 | Eval Perf: 0.6772
[28, 100] Train Error: 0.001 | Train Perf: 0.9214 | Eval Error: 0.0041 | Eval Perf: 0.661
[29, 100] Train Error: 0.001 | Train Perf: 0.9206 | Eval Error: 0.0041 | Eval Perf: 0.664
[30, 100] Train Error: 0.001 | Train Perf: 0.923 | Eval Error: 0.0042 | Eval Perf: 0.6694
[31, 100] Train Error: 0.001 | Train Perf: 0.9247 | Eval Error: 0.0041 | Eval Perf: 0.6584
[32, 100] Train Error: 0.001 | Train Perf: 0.9262 | Eval Error: 0.0042 | Eval Perf: 0.6632
[33, 100] Train Error: 0.0009 | Train Perf: 0.9275 | Eval Error: 0.0042 | Eval Perf: 0.6618
[34, 100] Train Error: 0.0009 | Train Perf: 0.9287 | Eval Error: 0.0042 | Eval Perf: 0.6578
[35, 100] Train Error: 0.0009 | Train Perf: 0.9314 | Eval Error: 0.0042 | Eval Perf: 0.6547
[36, 100] Train Error: 0.0009 | Train Perf: 0.9321 | Eval Error: 0.0043 | Eval Perf: 0.655
[37, 100] Train Error: 0.0009 | Train Perf: 0.9333 | Eval Error: 0.0043 | Eval Perf: 0.6576
[38, 100] Train Error: 0.0008 | Train Perf: 0.9342 | Eval Error: 0.0042 | Eval Perf: 0.6519
[39, 100] Train Error: 0.0008 | Train Perf: 0.9347 | Eval Error: 0.0043 | Eval Perf: 0.6499
[40, 100] Train Error: 0.0008 | Train Perf: 0.9362 | Eval Error: 0.0043 | Eval Perf: 0.6402
[41, 100] Train Error: 0.0008 | Train Perf: 0.9382 | Eval Error: 0.0045 | Eval Perf: 0.6519
[42, 100] Train Error: 0.0008 | Train Perf: 0.9392 | Eval Error: 0.0043 | Eval Perf: 0.637
[43, 100] Train Error: 0.0008 | Train Perf: 0.9393 | Eval Error: 0.0043 | Eval Perf: 0.6445
[44, 100] Train Error: 0.0008 | Train Perf: 0.9401 | Eval Error: 0.0044 | Eval Perf: 0.6386
[45, 100] Train Error: 0.0008 | Train Perf: 0.9404 | Eval Error: 0.0044 | Eval Perf: 0.6413
[46, 100] Train Error: 0.0007 | Train Perf: 0.9424 | Eval Error: 0.0045 | Eval Perf: 0.6457
[47, 100] Train Error: 0.0007 | Train Perf: 0.942 | Eval Error: 0.0044 | Eval Perf: 0.6409
[48, 100] Train Error: 0.0007 | Train Perf: 0.9432 | Eval Error: 0.0045 | Eval Perf: 0.6461
[49, 100] Train Error: 0.0007 | Train Perf: 0.9436 | Eval Error: 0.0044 | Eval Perf: 0.6388
[50, 100] Train Error: 0.0007 | Train Perf: 0.9445 | Eval Error: 0.0045 | Eval Perf: 0.6393
[51, 100] Train Error: 0.0007 | Train Perf: 0.9452 | Eval Error: 0.0044 | Eval Perf: 0.6354
[52, 100] Train Error: 0.0007 | Train Perf: 0.9461 | Eval Error: 0.0044 | Eval Perf: 0.6408
[53, 100] Train Error: 0.0007 | Train Perf: 0.9465 | Eval Error: 0.0044 | Eval Perf: 0.6405
[54, 100] Train Error: 0.0007 | Train Perf: 0.947 | Eval Error: 0.0045 | Eval Perf: 0.6376
[55, 100] Train Error: 0.0007 | Train Perf: 0.9478 | Eval Error: 0.0045 | Eval Perf: 0.6377
[56, 100] Train Error: 0.0007 | Train Perf: 0.9481 | Eval Error: 0.0045 | Eval Perf: 0.6328
[57, 100] Train Error: 0.0007 | Train Perf: 0.9487 | Eval Error: 0.0045 | Eval Perf: 0.6355
[58, 100] Train Error: 0.0007 | Train Perf: 0.9495 | Eval Error: 0.0045 | Eval Perf: 0.6283
[59, 100] Train Error: 0.0007 | Train Perf: 0.9498 | Eval Error: 0.0046 | Eval Perf: 0.6304
[60, 100] Train Error: 0.0006 | Train Perf: 0.9499 | Eval Error: 0.0046 | Eval Perf: 0.6298
[61, 100] Train Error: 0.0006 | Train Perf: 0.9513 | Eval Error: 0.0046 | Eval Perf: 0.6291
[62, 100] Train Error: 0.0006 | Train Perf: 0.9511 | Eval Error: 0.0046 | Eval Perf: 0.6311
[63, 100] Train Error: 0.0006 | Train Perf: 0.9516 | Eval Error: 0.0046 | Eval Perf: 0.6271
[64, 100] Train Error: 0.0006 | Train Perf: 0.9521 | Eval Error: 0.0046 | Eval Perf: 0.6245
[65, 100] Train Error: 0.0006 | Train Perf: 0.9526 | Eval Error: 0.0047 | Eval Perf: 0.6304
[66, 100] Train Error: 0.0006 | Train Perf: 0.9526 | Eval Error: 0.0047 | Eval Perf: 0.6295
[67, 100] Train Error: 0.0006 | Train Perf: 0.9537 | Eval Error: 0.0046 | Eval Perf: 0.6224
[68, 100] Train Error: 0.0006 | Train Perf: 0.954 | Eval Error: 0.0046 | Eval Perf: 0.6297
[69, 100] Train Error: 0.0006 | Train Perf: 0.954 | Eval Error: 0.0046 | Eval Perf: 0.6256
[70, 100] Train Error: 0.0006 | Train Perf: 0.9548 | Eval Error: 0.0047 | Eval Perf: 0.6326
[71, 100] Train Error: 0.0006 | Train Perf: 0.9548 | Eval Error: 0.0047 | Eval Perf: 0.6276
[72, 100] Train Error: 0.0006 | Train Perf: 0.9551 | Eval Error: 0.0047 | Eval Perf: 0.6262
[73, 100] Train Error: 0.0006 | Train Perf: 0.9559 | Eval Error: 0.0047 | Eval Perf: 0.6238
[74, 100] Train Error: 0.0006 | Train Perf: 0.9558 | Eval Error: 0.0047 | Eval Perf: 0.6261
[75, 100] Train Error: 0.0006 | Train Perf: 0.956 | Eval Error: 0.0047 | Eval Perf: 0.6211
[76, 100] Train Error: 0.0006 | Train Perf: 0.9562 | Eval Error: 0.0047 | Eval Perf: 0.6219
[77, 100] Train Error: 0.0006 | Train Perf: 0.9569 | Eval Error: 0.0048 | Eval Perf: 0.6203
[78, 100] Train Error: 0.0006 | Train Perf: 0.9574 | Eval Error: 0.0048 | Eval Perf: 0.6115
[79, 100] Train Error: 0.0006 | Train Perf: 0.9574 | Eval Error: 0.0047 | Eval Perf: 0.6204
[80, 100] Train Error: 0.0006 | Train Perf: 0.9577 | Eval Error: 0.0047 | Eval Perf: 0.6218
[81, 100] Train Error: 0.0006 | Train Perf: 0.9576 | Eval Error: 0.0047 | Eval Perf: 0.6193
[82, 100] Train Error: 0.0005 | Train Perf: 0.9581 | Eval Error: 0.0048 | Eval Perf: 0.6231
[83, 100] Train Error: 0.0005 | Train Perf: 0.9584 | Eval Error: 0.0048 | Eval Perf: 0.6215
[84, 100] Train Error: 0.0005 | Train Perf: 0.959 | Eval Error: 0.0048 | Eval Perf: 0.6233
[85, 100] Train Error: 0.0005 | Train Perf: 0.9589 | Eval Error: 0.0048 | Eval Perf: 0.6139
[86, 100] Train Error: 0.0005 | Train Perf: 0.9596 | Eval Error: 0.0048 | Eval Perf: 0.6192
[87, 100] Train Error: 0.0005 | Train Perf: 0.9591 | Eval Error: 0.0048 | Eval Perf: 0.6202
[88, 100] Train Error: 0.0005 | Train Perf: 0.9594 | Eval Error: 0.0048 | Eval Perf: 0.6192
[89, 100] Train Error: 0.0005 | Train Perf: 0.9596 | Eval Error: 0.0048 | Eval Perf: 0.6189
[90, 100] Train Error: 0.0005 | Train Perf: 0.9598 | Eval Error: 0.0048 | Eval Perf: 0.6139
[91, 100] Train Error: 0.0005 | Train Perf: 0.9601 | Eval Error: 0.0048 | Eval Perf: 0.6141
[92, 100] Train Error: 0.0005 | Train Perf: 0.9605 | Eval Error: 0.0048 | Eval Perf: 0.6141
[93, 100] Train Error: 0.0005 | Train Perf: 0.9604 | Eval Error: 0.0048 | Eval Perf: 0.6158
[94, 100] Train Error: 0.0005 | Train Perf: 0.9605 | Eval Error: 0.0049 | Eval Perf: 0.6163
[95, 100] Train Error: 0.0005 | Train Perf: 0.9607 | Eval Error: 0.0049 | Eval Perf: 0.6158
[96, 100] Train Error: 0.0005 | Train Perf: 0.961 | Eval Error: 0.0049 | Eval Perf: 0.6142
[97, 100] Train Error: 0.0005 | Train Perf: 0.9611 | Eval Error: 0.0049 | Eval Perf: 0.6127
[98, 100] Train Error: 0.0005 | Train Perf: 0.9612 | Eval Error: 0.0049 | Eval Perf: 0.6135
[99, 100] Train Error: 0.0005 | Train Perf: 0.9614 | Eval Error: 0.0049 | Eval Perf: 0.613
[100, 100] Train Error: 0.0005 | Train Perf: 0.9616 | Eval Error: 0.0049 | Eval Perf: 0.6124
