NETWORK SUMMARY
---------------
Input Layer shape: (1, 180)
Hidden Layer shape: (181, 2)
Output layer shape: (3, 1)
Total parameters: 365

[1, 100] Train Error: 0.0285 | Train Perf: 0.1906 | Eval Error: 0.0253 | Eval Perf: -0.4037
[2, 100] Train Error: 0.0208 | Train Perf: 0.0104 | Eval Error: 0.0234 | Eval Perf: -0.3089
[3, 100] Train Error: 0.0195 | Train Perf: 0.167 | Eval Error: 0.0232 | Eval Perf: -0.2406
[4, 100] Train Error: 0.0193 | Train Perf: 0.0739 | Eval Error: 0.0232 | Eval Perf: -0.1903
[5, 100] Train Error: 0.0192 | Train Perf: 0.0974 | Eval Error: 0.0232 | Eval Perf: -0.1475
[6, 100] Train Error: 0.0192 | Train Perf: 0.1443 | Eval Error: 0.0233 | Eval Perf: -0.1035
[7, 100] Train Error: 0.0191 | Train Perf: 0.1494 | Eval Error: 0.0233 | Eval Perf: -0.0632
[8, 100] Train Error: 0.0191 | Train Perf: 0.1821 | Eval Error: 0.0233 | Eval Perf: -0.0247
[9, 100] Train Error: 0.0191 | Train Perf: 0.1754 | Eval Error: 0.0232 | Eval Perf: 0.0102
[10, 100] Train Error: 0.0191 | Train Perf: 0.1892 | Eval Error: 0.0232 | Eval Perf: 0.0445
[11, 100] Train Error: 0.019 | Train Perf: 0.2431 | Eval Error: 0.0231 | Eval Perf: 0.0771
[12, 100] Train Error: 0.019 | Train Perf: 0.2795 | Eval Error: 0.0232 | Eval Perf: 0.1087
[13, 100] Train Error: 0.019 | Train Perf: 0.3003 | Eval Error: 0.0231 | Eval Perf: 0.1383
[14, 100] Train Error: 0.0189 | Train Perf: 0.2325 | Eval Error: 0.0232 | Eval Perf: 0.166
[15, 100] Train Error: 0.0189 | Train Perf: 0.3466 | Eval Error: 0.0231 | Eval Perf: 0.1928
[16, 100] Train Error: 0.0189 | Train Perf: 0.2675 | Eval Error: 0.0231 | Eval Perf: 0.2182
[17, 100] Train Error: 0.0188 | Train Perf: 0.3618 | Eval Error: 0.0231 | Eval Perf: 0.2416
[18, 100] Train Error: 0.0188 | Train Perf: 0.4139 | Eval Error: 0.023 | Eval Perf: 0.2647
[19, 100] Train Error: 0.0188 | Train Perf: 0.4476 | Eval Error: 0.023 | Eval Perf: 0.2861
[20, 100] Train Error: 0.0187 | Train Perf: 0.3863 | Eval Error: 0.0229 | Eval Perf: 0.3075
[21, 100] Train Error: 0.0187 | Train Perf: 0.4505 | Eval Error: 0.0229 | Eval Perf: 0.3267
[22, 100] Train Error: 0.0186 | Train Perf: 0.4451 | Eval Error: 0.0229 | Eval Perf: 0.3454
[23, 100] Train Error: 0.0186 | Train Perf: 0.4632 | Eval Error: 0.0229 | Eval Perf: 0.3605
[24, 100] Train Error: 0.0185 | Train Perf: 0.4886 | Eval Error: 0.0228 | Eval Perf: 0.3783
[25, 100] Train Error: 0.0185 | Train Perf: 0.5301 | Eval Error: 0.0228 | Eval Perf: 0.3944
[26, 100] Train Error: 0.0184 | Train Perf: 0.5531 | Eval Error: 0.0228 | Eval Perf: 0.4096
[27, 100] Train Error: 0.0183 | Train Perf: 0.4954 | Eval Error: 0.0226 | Eval Perf: 0.4262
[28, 100] Train Error: 0.0183 | Train Perf: 0.5312 | Eval Error: 0.0226 | Eval Perf: 0.4382
[29, 100] Train Error: 0.0182 | Train Perf: 0.5575 | Eval Error: 0.0227 | Eval Perf: 0.4485
[30, 100] Train Error: 0.0182 | Train Perf: 0.5212 | Eval Error: 0.0226 | Eval Perf: 0.4629
[31, 100] Train Error: 0.018 | Train Perf: 0.5683 | Eval Error: 0.0227 | Eval Perf: 0.4721
[32, 100] Train Error: 0.018 | Train Perf: 0.5721 | Eval Error: 0.0224 | Eval Perf: 0.4886
[33, 100] Train Error: 0.018 | Train Perf: 0.594 | Eval Error: 0.0224 | Eval Perf: 0.4985
[34, 100] Train Error: 0.0179 | Train Perf: 0.5958 | Eval Error: 0.0223 | Eval Perf: 0.5109
[35, 100] Train Error: 0.0178 | Train Perf: 0.6086 | Eval Error: 0.0223 | Eval Perf: 0.5193
[36, 100] Train Error: 0.0177 | Train Perf: 0.6258 | Eval Error: 0.0222 | Eval Perf: 0.5302
[37, 100] Train Error: 0.0176 | Train Perf: 0.5987 | Eval Error: 0.0222 | Eval Perf: 0.5377
[38, 100] Train Error: 0.0175 | Train Perf: 0.6139 | Eval Error: 0.022 | Eval Perf: 0.5485
[39, 100] Train Error: 0.0174 | Train Perf: 0.6539 | Eval Error: 0.022 | Eval Perf: 0.5566
[40, 100] Train Error: 0.0173 | Train Perf: 0.6547 | Eval Error: 0.0218 | Eval Perf: 0.5657
[41, 100] Train Error: 0.0172 | Train Perf: 0.6621 | Eval Error: 0.0217 | Eval Perf: 0.5743
[42, 100] Train Error: 0.0171 | Train Perf: 0.6404 | Eval Error: 0.0217 | Eval Perf: 0.5811
[43, 100] Train Error: 0.017 | Train Perf: 0.6733 | Eval Error: 0.0216 | Eval Perf: 0.5886
[44, 100] Train Error: 0.0168 | Train Perf: 0.6798 | Eval Error: 0.0215 | Eval Perf: 0.5957
[45, 100] Train Error: 0.0167 | Train Perf: 0.6711 | Eval Error: 0.0215 | Eval Perf: 0.5999
[46, 100] Train Error: 0.0166 | Train Perf: 0.669 | Eval Error: 0.0214 | Eval Perf: 0.6064
[47, 100] Train Error: 0.0164 | Train Perf: 0.691 | Eval Error: 0.0213 | Eval Perf: 0.6125
[48, 100] Train Error: 0.0163 | Train Perf: 0.6676 | Eval Error: 0.0212 | Eval Perf: 0.6177
[49, 100] Train Error: 0.0162 | Train Perf: 0.7013 | Eval Error: 0.021 | Eval Perf: 0.6237
[50, 100] Train Error: 0.016 | Train Perf: 0.7094 | Eval Error: 0.0209 | Eval Perf: 0.6301
[51, 100] Train Error: 0.0159 | Train Perf: 0.7158 | Eval Error: 0.0208 | Eval Perf: 0.6343
[52, 100] Train Error: 0.0157 | Train Perf: 0.7121 | Eval Error: 0.0206 | Eval Perf: 0.6399
[53, 100] Train Error: 0.0155 | Train Perf: 0.7082 | Eval Error: 0.0204 | Eval Perf: 0.6455
[54, 100] Train Error: 0.0154 | Train Perf: 0.7184 | Eval Error: 0.0203 | Eval Perf: 0.6492
[55, 100] Train Error: 0.0152 | Train Perf: 0.7234 | Eval Error: 0.0202 | Eval Perf: 0.6525
[56, 100] Train Error: 0.0151 | Train Perf: 0.7311 | Eval Error: 0.0202 | Eval Perf: 0.6552
[57, 100] Train Error: 0.0149 | Train Perf: 0.7298 | Eval Error: 0.02 | Eval Perf: 0.6595
[58, 100] Train Error: 0.0147 | Train Perf: 0.7314 | Eval Error: 0.0199 | Eval Perf: 0.6627
[59, 100] Train Error: 0.0146 | Train Perf: 0.7415 | Eval Error: 0.0197 | Eval Perf: 0.6661
[60, 100] Train Error: 0.0144 | Train Perf: 0.7442 | Eval Error: 0.0195 | Eval Perf: 0.6689
[61, 100] Train Error: 0.0142 | Train Perf: 0.7466 | Eval Error: 0.0194 | Eval Perf: 0.6717
[62, 100] Train Error: 0.014 | Train Perf: 0.7512 | Eval Error: 0.0191 | Eval Perf: 0.6749
[63, 100] Train Error: 0.0138 | Train Perf: 0.7558 | Eval Error: 0.0191 | Eval Perf: 0.6766
[64, 100] Train Error: 0.0137 | Train Perf: 0.7589 | Eval Error: 0.0189 | Eval Perf: 0.6791
[65, 100] Train Error: 0.0135 | Train Perf: 0.762 | Eval Error: 0.0187 | Eval Perf: 0.6812
[66, 100] Train Error: 0.0133 | Train Perf: 0.7606 | Eval Error: 0.0186 | Eval Perf: 0.6831
[67, 100] Train Error: 0.0131 | Train Perf: 0.7605 | Eval Error: 0.0184 | Eval Perf: 0.6849
[68, 100] Train Error: 0.013 | Train Perf: 0.7677 | Eval Error: 0.0182 | Eval Perf: 0.6866
[69, 100] Train Error: 0.0128 | Train Perf: 0.7663 | Eval Error: 0.0182 | Eval Perf: 0.6882
[70, 100] Train Error: 0.0126 | Train Perf: 0.7679 | Eval Error: 0.018 | Eval Perf: 0.6897
[71, 100] Train Error: 0.0124 | Train Perf: 0.7694 | Eval Error: 0.0179 | Eval Perf: 0.6911
[72, 100] Train Error: 0.0123 | Train Perf: 0.7711 | Eval Error: 0.0179 | Eval Perf: 0.6925
[73, 100] Train Error: 0.0121 | Train Perf: 0.777 | Eval Error: 0.0178 | Eval Perf: 0.6937
[74, 100] Train Error: 0.0119 | Train Perf: 0.778 | Eval Error: 0.0176 | Eval Perf: 0.6947
[75, 100] Train Error: 0.0117 | Train Perf: 0.7797 | Eval Error: 0.0173 | Eval Perf: 0.6952
[76, 100] Train Error: 0.0116 | Train Perf: 0.7809 | Eval Error: 0.0171 | Eval Perf: 0.6962
[77, 100] Train Error: 0.0114 | Train Perf: 0.7807 | Eval Error: 0.0171 | Eval Perf: 0.6973
[78, 100] Train Error: 0.0113 | Train Perf: 0.782 | Eval Error: 0.017 | Eval Perf: 0.6982
[79, 100] Train Error: 0.0111 | Train Perf: 0.7845 | Eval Error: 0.0169 | Eval Perf: 0.6991
[80, 100] Train Error: 0.0109 | Train Perf: 0.791 | Eval Error: 0.0166 | Eval Perf: 0.699
[81, 100] Train Error: 0.0108 | Train Perf: 0.7918 | Eval Error: 0.0165 | Eval Perf: 0.6995
[82, 100] Train Error: 0.0106 | Train Perf: 0.7897 | Eval Error: 0.0164 | Eval Perf: 0.7002
[83, 100] Train Error: 0.0105 | Train Perf: 0.7947 | Eval Error: 0.0162 | Eval Perf: 0.7006
[84, 100] Train Error: 0.0103 | Train Perf: 0.7961 | Eval Error: 0.0163 | Eval Perf: 0.7021
[85, 100] Train Error: 0.0102 | Train Perf: 0.7967 | Eval Error: 0.0161 | Eval Perf: 0.7022
[86, 100] Train Error: 0.01 | Train Perf: 0.7969 | Eval Error: 0.0159 | Eval Perf: 0.7021
[87, 100] Train Error: 0.0099 | Train Perf: 0.8008 | Eval Error: 0.0159 | Eval Perf: 0.7031
[88, 100] Train Error: 0.0098 | Train Perf: 0.8028 | Eval Error: 0.0157 | Eval Perf: 0.7027
[89, 100] Train Error: 0.0096 | Train Perf: 0.8025 | Eval Error: 0.0157 | Eval Perf: 0.7035
[90, 100] Train Error: 0.0095 | Train Perf: 0.8029 | Eval Error: 0.0157 | Eval Perf: 0.7044
[91, 100] Train Error: 0.0094 | Train Perf: 0.8067 | Eval Error: 0.0154 | Eval Perf: 0.7031
[92, 100] Train Error: 0.0092 | Train Perf: 0.808 | Eval Error: 0.0155 | Eval Perf: 0.7049
[93, 100] Train Error: 0.0091 | Train Perf: 0.8113 | Eval Error: 0.0152 | Eval Perf: 0.7031
[94, 100] Train Error: 0.009 | Train Perf: 0.8106 | Eval Error: 0.0151 | Eval Perf: 0.7034
[95, 100] Train Error: 0.0089 | Train Perf: 0.8137 | Eval Error: 0.0152 | Eval Perf: 0.7055
[96, 100] Train Error: 0.0088 | Train Perf: 0.8127 | Eval Error: 0.0152 | Eval Perf: 0.7058
[97, 100] Train Error: 0.0087 | Train Perf: 0.8155 | Eval Error: 0.0151 | Eval Perf: 0.7061
[98, 100] Train Error: 0.0085 | Train Perf: 0.8159 | Eval Error: 0.0152 | Eval Perf: 0.7071
[99, 100] Train Error: 0.0084 | Train Perf: 0.8196 | Eval Error: 0.0148 | Eval Perf: 0.7042
[100, 100] Train Error: 0.0083 | Train Perf: 0.8196 | Eval Error: 0.0149 | Eval Perf: 0.7061
