NETWORK SUMMARY
---------------
Input Layer shape: (1, 180)
Hidden Layer shape: (181, 2)
Output layer shape: (3, 1)
Total parameters: 365

[1, 100] Train Error: 0.0297 | Train Perf: 0.1607 | Eval Error: 0.0204 | Eval Perf: 0.5209
[2, 100] Train Error: 0.0225 | Train Perf: -0.2018 | Eval Error: 0.0177 | Eval Perf: 0.5591
[3, 100] Train Error: 0.0213 | Train Perf: -0.1767 | Eval Error: 0.0169 | Eval Perf: 0.5757
[4, 100] Train Error: 0.021 | Train Perf: -0.0864 | Eval Error: 0.0167 | Eval Perf: 0.5874
[5, 100] Train Error: 0.021 | Train Perf: -0.0509 | Eval Error: 0.0166 | Eval Perf: 0.5975
[6, 100] Train Error: 0.0209 | Train Perf: 0.018 | Eval Error: 0.0164 | Eval Perf: 0.6055
[7, 100] Train Error: 0.0208 | Train Perf: 0.1387 | Eval Error: 0.0163 | Eval Perf: 0.6111
[8, 100] Train Error: 0.0209 | Train Perf: 0.0312 | Eval Error: 0.0163 | Eval Perf: 0.6192
[9, 100] Train Error: 0.0208 | Train Perf: 0.0742 | Eval Error: 0.0163 | Eval Perf: 0.6266
[10, 100] Train Error: 0.0208 | Train Perf: 0.0779 | Eval Error: 0.0163 | Eval Perf: 0.6329
[11, 100] Train Error: 0.0208 | Train Perf: 0.1021 | Eval Error: 0.0163 | Eval Perf: 0.6376
[12, 100] Train Error: 0.0208 | Train Perf: 0.1289 | Eval Error: 0.0162 | Eval Perf: 0.6421
[13, 100] Train Error: 0.0207 | Train Perf: 0.1427 | Eval Error: 0.0162 | Eval Perf: 0.6468
[14, 100] Train Error: 0.0207 | Train Perf: 0.163 | Eval Error: 0.0162 | Eval Perf: 0.6508
[15, 100] Train Error: 0.0207 | Train Perf: 0.2209 | Eval Error: 0.0162 | Eval Perf: 0.6565
[16, 100] Train Error: 0.0206 | Train Perf: 0.2227 | Eval Error: 0.0162 | Eval Perf: 0.6594
[17, 100] Train Error: 0.0206 | Train Perf: 0.2603 | Eval Error: 0.0161 | Eval Perf: 0.662
[18, 100] Train Error: 0.0205 | Train Perf: 0.2717 | Eval Error: 0.016 | Eval Perf: 0.6631
[19, 100] Train Error: 0.0206 | Train Perf: 0.3011 | Eval Error: 0.016 | Eval Perf: 0.668
[20, 100] Train Error: 0.0205 | Train Perf: 0.346 | Eval Error: 0.016 | Eval Perf: 0.6719
[21, 100] Train Error: 0.0205 | Train Perf: 0.2727 | Eval Error: 0.016 | Eval Perf: 0.6743
[22, 100] Train Error: 0.0204 | Train Perf: 0.3725 | Eval Error: 0.0159 | Eval Perf: 0.6743
[23, 100] Train Error: 0.0204 | Train Perf: 0.3731 | Eval Error: 0.0159 | Eval Perf: 0.6775
[24, 100] Train Error: 0.0203 | Train Perf: 0.3234 | Eval Error: 0.0159 | Eval Perf: 0.6811
[25, 100] Train Error: 0.0203 | Train Perf: 0.4414 | Eval Error: 0.0158 | Eval Perf: 0.6823
[26, 100] Train Error: 0.0203 | Train Perf: 0.4427 | Eval Error: 0.0158 | Eval Perf: 0.6857
[27, 100] Train Error: 0.0202 | Train Perf: 0.4956 | Eval Error: 0.0158 | Eval Perf: 0.6884
[28, 100] Train Error: 0.0201 | Train Perf: 0.4582 | Eval Error: 0.0158 | Eval Perf: 0.692
[29, 100] Train Error: 0.0201 | Train Perf: 0.4882 | Eval Error: 0.0157 | Eval Perf: 0.6941
[30, 100] Train Error: 0.02 | Train Perf: 0.4841 | Eval Error: 0.0156 | Eval Perf: 0.6947
[31, 100] Train Error: 0.0199 | Train Perf: 0.4883 | Eval Error: 0.0155 | Eval Perf: 0.6941
[32, 100] Train Error: 0.0199 | Train Perf: 0.5185 | Eval Error: 0.0154 | Eval Perf: 0.6963
[33, 100] Train Error: 0.0198 | Train Perf: 0.5445 | Eval Error: 0.0154 | Eval Perf: 0.7001
[34, 100] Train Error: 0.0197 | Train Perf: 0.547 | Eval Error: 0.0153 | Eval Perf: 0.7004
[35, 100] Train Error: 0.0197 | Train Perf: 0.5293 | Eval Error: 0.0152 | Eval Perf: 0.7019
[36, 100] Train Error: 0.0196 | Train Perf: 0.5724 | Eval Error: 0.0152 | Eval Perf: 0.7033
[37, 100] Train Error: 0.0195 | Train Perf: 0.625 | Eval Error: 0.0151 | Eval Perf: 0.7041
[38, 100] Train Error: 0.0194 | Train Perf: 0.5761 | Eval Error: 0.015 | Eval Perf: 0.7062
[39, 100] Train Error: 0.0193 | Train Perf: 0.63 | Eval Error: 0.015 | Eval Perf: 0.7094
[40, 100] Train Error: 0.0192 | Train Perf: 0.5917 | Eval Error: 0.0148 | Eval Perf: 0.7089
[41, 100] Train Error: 0.0191 | Train Perf: 0.5891 | Eval Error: 0.0147 | Eval Perf: 0.7111
[42, 100] Train Error: 0.019 | Train Perf: 0.6112 | Eval Error: 0.0147 | Eval Perf: 0.7142
[43, 100] Train Error: 0.0189 | Train Perf: 0.6412 | Eval Error: 0.0146 | Eval Perf: 0.715
[44, 100] Train Error: 0.0188 | Train Perf: 0.6333 | Eval Error: 0.0145 | Eval Perf: 0.7177
[45, 100] Train Error: 0.0187 | Train Perf: 0.6633 | Eval Error: 0.0144 | Eval Perf: 0.7205
[46, 100] Train Error: 0.0185 | Train Perf: 0.6672 | Eval Error: 0.0143 | Eval Perf: 0.723
[47, 100] Train Error: 0.0183 | Train Perf: 0.6504 | Eval Error: 0.0143 | Eval Perf: 0.7264
[48, 100] Train Error: 0.0183 | Train Perf: 0.6748 | Eval Error: 0.0141 | Eval Perf: 0.7253
[49, 100] Train Error: 0.0181 | Train Perf: 0.6755 | Eval Error: 0.014 | Eval Perf: 0.7267
[50, 100] Train Error: 0.018 | Train Perf: 0.6771 | Eval Error: 0.0138 | Eval Perf: 0.7278
[51, 100] Train Error: 0.0178 | Train Perf: 0.6903 | Eval Error: 0.0137 | Eval Perf: 0.7293
[52, 100] Train Error: 0.0177 | Train Perf: 0.7023 | Eval Error: 0.0135 | Eval Perf: 0.7288
[53, 100] Train Error: 0.0175 | Train Perf: 0.7026 | Eval Error: 0.0134 | Eval Perf: 0.73
[54, 100] Train Error: 0.0174 | Train Perf: 0.6994 | Eval Error: 0.0133 | Eval Perf: 0.7315
[55, 100] Train Error: 0.0172 | Train Perf: 0.7035 | Eval Error: 0.0131 | Eval Perf: 0.7329
[56, 100] Train Error: 0.017 | Train Perf: 0.7011 | Eval Error: 0.013 | Eval Perf: 0.7341
[57, 100] Train Error: 0.0168 | Train Perf: 0.704 | Eval Error: 0.0129 | Eval Perf: 0.7349
[58, 100] Train Error: 0.0167 | Train Perf: 0.7151 | Eval Error: 0.0127 | Eval Perf: 0.7361
[59, 100] Train Error: 0.0165 | Train Perf: 0.7226 | Eval Error: 0.0126 | Eval Perf: 0.7378
[60, 100] Train Error: 0.0163 | Train Perf: 0.7324 | Eval Error: 0.0124 | Eval Perf: 0.74
[61, 100] Train Error: 0.0161 | Train Perf: 0.7166 | Eval Error: 0.0123 | Eval Perf: 0.7403
[62, 100] Train Error: 0.016 | Train Perf: 0.7372 | Eval Error: 0.0122 | Eval Perf: 0.7429
[63, 100] Train Error: 0.0158 | Train Perf: 0.734 | Eval Error: 0.012 | Eval Perf: 0.745
[64, 100] Train Error: 0.0156 | Train Perf: 0.7286 | Eval Error: 0.0119 | Eval Perf: 0.7464
[65, 100] Train Error: 0.0154 | Train Perf: 0.7426 | Eval Error: 0.0117 | Eval Perf: 0.7468
[66, 100] Train Error: 0.0152 | Train Perf: 0.7414 | Eval Error: 0.0116 | Eval Perf: 0.7485
[67, 100] Train Error: 0.015 | Train Perf: 0.7434 | Eval Error: 0.0114 | Eval Perf: 0.7485
[68, 100] Train Error: 0.0148 | Train Perf: 0.7472 | Eval Error: 0.0113 | Eval Perf: 0.7498
[69, 100] Train Error: 0.0146 | Train Perf: 0.7489 | Eval Error: 0.0111 | Eval Perf: 0.7496
[70, 100] Train Error: 0.0144 | Train Perf: 0.7538 | Eval Error: 0.011 | Eval Perf: 0.752
[71, 100] Train Error: 0.0142 | Train Perf: 0.751 | Eval Error: 0.0108 | Eval Perf: 0.7522
[72, 100] Train Error: 0.014 | Train Perf: 0.7572 | Eval Error: 0.0107 | Eval Perf: 0.7512
[73, 100] Train Error: 0.0139 | Train Perf: 0.755 | Eval Error: 0.0105 | Eval Perf: 0.7528
[74, 100] Train Error: 0.0137 | Train Perf: 0.7562 | Eval Error: 0.0104 | Eval Perf: 0.7544
[75, 100] Train Error: 0.0135 | Train Perf: 0.7576 | Eval Error: 0.0103 | Eval Perf: 0.7558
[76, 100] Train Error: 0.0133 | Train Perf: 0.766 | Eval Error: 0.0102 | Eval Perf: 0.758
[77, 100] Train Error: 0.0131 | Train Perf: 0.7613 | Eval Error: 0.01 | Eval Perf: 0.7574
[78, 100] Train Error: 0.0129 | Train Perf: 0.7654 | Eval Error: 0.0098 | Eval Perf: 0.7562
[79, 100] Train Error: 0.0127 | Train Perf: 0.7631 | Eval Error: 0.0097 | Eval Perf: 0.7564
[80, 100] Train Error: 0.0126 | Train Perf: 0.77 | Eval Error: 0.0096 | Eval Perf: 0.7585
[81, 100] Train Error: 0.0124 | Train Perf: 0.7662 | Eval Error: 0.0095 | Eval Perf: 0.7589
[82, 100] Train Error: 0.0122 | Train Perf: 0.7668 | Eval Error: 0.0094 | Eval Perf: 0.7594
[83, 100] Train Error: 0.0121 | Train Perf: 0.7713 | Eval Error: 0.0092 | Eval Perf: 0.7587
[84, 100] Train Error: 0.0119 | Train Perf: 0.7729 | Eval Error: 0.0091 | Eval Perf: 0.7611
[85, 100] Train Error: 0.0118 | Train Perf: 0.7744 | Eval Error: 0.009 | Eval Perf: 0.7613
[86, 100] Train Error: 0.0116 | Train Perf: 0.7775 | Eval Error: 0.0089 | Eval Perf: 0.7634
[87, 100] Train Error: 0.0115 | Train Perf: 0.7753 | Eval Error: 0.0088 | Eval Perf: 0.7632
[88, 100] Train Error: 0.0113 | Train Perf: 0.7813 | Eval Error: 0.0087 | Eval Perf: 0.7629
[89, 100] Train Error: 0.0112 | Train Perf: 0.779 | Eval Error: 0.0086 | Eval Perf: 0.763
[90, 100] Train Error: 0.011 | Train Perf: 0.7816 | Eval Error: 0.0085 | Eval Perf: 0.7637
[91, 100] Train Error: 0.0108 | Train Perf: 0.7837 | Eval Error: 0.0085 | Eval Perf: 0.7618
[92, 100] Train Error: 0.0108 | Train Perf: 0.7849 | Eval Error: 0.0084 | Eval Perf: 0.764
[93, 100] Train Error: 0.0106 | Train Perf: 0.7884 | Eval Error: 0.0083 | Eval Perf: 0.7658
[94, 100] Train Error: 0.0105 | Train Perf: 0.7872 | Eval Error: 0.0082 | Eval Perf: 0.7654
[95, 100] Train Error: 0.0103 | Train Perf: 0.7882 | Eval Error: 0.0081 | Eval Perf: 0.7654
[96, 100] Train Error: 0.0102 | Train Perf: 0.7902 | Eval Error: 0.008 | Eval Perf: 0.7664
[97, 100] Train Error: 0.0101 | Train Perf: 0.7929 | Eval Error: 0.008 | Eval Perf: 0.7679
[98, 100] Train Error: 0.01 | Train Perf: 0.7951 | Eval Error: 0.0079 | Eval Perf: 0.7678
[99, 100] Train Error: 0.0098 | Train Perf: 0.7972 | Eval Error: 0.0079 | Eval Perf: 0.7704
[100, 100] Train Error: 0.0097 | Train Perf: 0.7974 | Eval Error: 0.0078 | Eval Perf: 0.7695
