NETWORK SUMMARY
---------------
Input Layer shape: (1, 180)
Hidden Layer shape: (181, 3)
Output layer shape: (4, 1)
Total parameters: 547

[1, 100] Train Error: 0.0249 | Train Perf: 0.0659 | Eval Error: 0.0223 | Eval Perf: 0.4069
[2, 100] Train Error: 0.0206 | Train Perf: -0.052 | Eval Error: 0.0209 | Eval Perf: 0.4142
[3, 100] Train Error: 0.0201 | Train Perf: -0.1201 | Eval Error: 0.0206 | Eval Perf: 0.4279
[4, 100] Train Error: 0.02 | Train Perf: -0.069 | Eval Error: 0.0205 | Eval Perf: 0.4429
[5, 100] Train Error: 0.0199 | Train Perf: 0.0276 | Eval Error: 0.0204 | Eval Perf: 0.4535
[6, 100] Train Error: 0.0199 | Train Perf: -0.0281 | Eval Error: 0.0204 | Eval Perf: 0.47
[7, 100] Train Error: 0.0199 | Train Perf: 0.0408 | Eval Error: 0.0204 | Eval Perf: 0.486
[8, 100] Train Error: 0.0198 | Train Perf: 0.0749 | Eval Error: 0.0203 | Eval Perf: 0.4943
[9, 100] Train Error: 0.0198 | Train Perf: 0.1038 | Eval Error: 0.0203 | Eval Perf: 0.5041
[10, 100] Train Error: 0.0198 | Train Perf: 0.1149 | Eval Error: 0.0203 | Eval Perf: 0.5141
[11, 100] Train Error: 0.0197 | Train Perf: 0.1427 | Eval Error: 0.0203 | Eval Perf: 0.5235
[12, 100] Train Error: 0.0197 | Train Perf: 0.1828 | Eval Error: 0.0202 | Eval Perf: 0.5305
[13, 100] Train Error: 0.0197 | Train Perf: 0.2403 | Eval Error: 0.0202 | Eval Perf: 0.5397
[14, 100] Train Error: 0.0196 | Train Perf: 0.2344 | Eval Error: 0.0202 | Eval Perf: 0.549
[15, 100] Train Error: 0.0196 | Train Perf: 0.2591 | Eval Error: 0.0201 | Eval Perf: 0.5534
[16, 100] Train Error: 0.0195 | Train Perf: 0.2772 | Eval Error: 0.0201 | Eval Perf: 0.5592
[17, 100] Train Error: 0.0195 | Train Perf: 0.3211 | Eval Error: 0.0201 | Eval Perf: 0.5698
[18, 100] Train Error: 0.0194 | Train Perf: 0.3537 | Eval Error: 0.0201 | Eval Perf: 0.5781
[19, 100] Train Error: 0.0193 | Train Perf: 0.3098 | Eval Error: 0.02 | Eval Perf: 0.5751
[20, 100] Train Error: 0.0193 | Train Perf: 0.3967 | Eval Error: 0.02 | Eval Perf: 0.5808
[21, 100] Train Error: 0.0193 | Train Perf: 0.4258 | Eval Error: 0.02 | Eval Perf: 0.5869
[22, 100] Train Error: 0.0192 | Train Perf: 0.4586 | Eval Error: 0.0199 | Eval Perf: 0.5931
[23, 100] Train Error: 0.0191 | Train Perf: 0.4853 | Eval Error: 0.0199 | Eval Perf: 0.5997
[24, 100] Train Error: 0.0191 | Train Perf: 0.5383 | Eval Error: 0.0198 | Eval Perf: 0.5976
[25, 100] Train Error: 0.019 | Train Perf: 0.5136 | Eval Error: 0.0198 | Eval Perf: 0.6019
[26, 100] Train Error: 0.0189 | Train Perf: 0.5241 | Eval Error: 0.0198 | Eval Perf: 0.6091
[27, 100] Train Error: 0.0189 | Train Perf: 0.511 | Eval Error: 0.0197 | Eval Perf: 0.6107
[28, 100] Train Error: 0.0188 | Train Perf: 0.5527 | Eval Error: 0.0196 | Eval Perf: 0.6115
[29, 100] Train Error: 0.0187 | Train Perf: 0.5872 | Eval Error: 0.0196 | Eval Perf: 0.6165
[30, 100] Train Error: 0.0186 | Train Perf: 0.5682 | Eval Error: 0.0195 | Eval Perf: 0.6155
[31, 100] Train Error: 0.0186 | Train Perf: 0.602 | Eval Error: 0.0195 | Eval Perf: 0.6226
[32, 100] Train Error: 0.0185 | Train Perf: 0.5896 | Eval Error: 0.0194 | Eval Perf: 0.6264
[33, 100] Train Error: 0.0184 | Train Perf: 0.6422 | Eval Error: 0.0194 | Eval Perf: 0.6314
[34, 100] Train Error: 0.0183 | Train Perf: 0.6404 | Eval Error: 0.0193 | Eval Perf: 0.6334
[35, 100] Train Error: 0.0182 | Train Perf: 0.6628 | Eval Error: 0.0192 | Eval Perf: 0.6357
[36, 100] Train Error: 0.0181 | Train Perf: 0.6584 | Eval Error: 0.0191 | Eval Perf: 0.6382
[37, 100] Train Error: 0.0179 | Train Perf: 0.6125 | Eval Error: 0.0191 | Eval Perf: 0.6439
[38, 100] Train Error: 0.0179 | Train Perf: 0.6807 | Eval Error: 0.019 | Eval Perf: 0.6464
[39, 100] Train Error: 0.0177 | Train Perf: 0.6691 | Eval Error: 0.019 | Eval Perf: 0.6491
[40, 100] Train Error: 0.0176 | Train Perf: 0.6732 | Eval Error: 0.0188 | Eval Perf: 0.6498
[41, 100] Train Error: 0.0174 | Train Perf: 0.7078 | Eval Error: 0.0187 | Eval Perf: 0.6503
[42, 100] Train Error: 0.0173 | Train Perf: 0.726 | Eval Error: 0.0187 | Eval Perf: 0.6554
[43, 100] Train Error: 0.0172 | Train Perf: 0.7092 | Eval Error: 0.0186 | Eval Perf: 0.6561
[44, 100] Train Error: 0.017 | Train Perf: 0.7259 | Eval Error: 0.0185 | Eval Perf: 0.6597
[45, 100] Train Error: 0.0169 | Train Perf: 0.7321 | Eval Error: 0.0184 | Eval Perf: 0.6594
[46, 100] Train Error: 0.0167 | Train Perf: 0.7273 | Eval Error: 0.0183 | Eval Perf: 0.6607
[47, 100] Train Error: 0.0166 | Train Perf: 0.7347 | Eval Error: 0.0182 | Eval Perf: 0.6634
[48, 100] Train Error: 0.0164 | Train Perf: 0.7384 | Eval Error: 0.0181 | Eval Perf: 0.6655
[49, 100] Train Error: 0.0162 | Train Perf: 0.7557 | Eval Error: 0.018 | Eval Perf: 0.6677
[50, 100] Train Error: 0.016 | Train Perf: 0.7485 | Eval Error: 0.0179 | Eval Perf: 0.6677
[51, 100] Train Error: 0.0159 | Train Perf: 0.7614 | Eval Error: 0.0178 | Eval Perf: 0.6694
[52, 100] Train Error: 0.0157 | Train Perf: 0.7471 | Eval Error: 0.0176 | Eval Perf: 0.6707
[53, 100] Train Error: 0.0155 | Train Perf: 0.7548 | Eval Error: 0.0175 | Eval Perf: 0.672
[54, 100] Train Error: 0.0153 | Train Perf: 0.7544 | Eval Error: 0.0174 | Eval Perf: 0.673
[55, 100] Train Error: 0.0151 | Train Perf: 0.7707 | Eval Error: 0.0173 | Eval Perf: 0.6735
[56, 100] Train Error: 0.0149 | Train Perf: 0.7705 | Eval Error: 0.0171 | Eval Perf: 0.6731
[57, 100] Train Error: 0.0147 | Train Perf: 0.7702 | Eval Error: 0.017 | Eval Perf: 0.6747
[58, 100] Train Error: 0.0145 | Train Perf: 0.7753 | Eval Error: 0.0169 | Eval Perf: 0.6746
[59, 100] Train Error: 0.0143 | Train Perf: 0.766 | Eval Error: 0.0168 | Eval Perf: 0.6765
[60, 100] Train Error: 0.0141 | Train Perf: 0.764 | Eval Error: 0.0167 | Eval Perf: 0.677
[61, 100] Train Error: 0.0139 | Train Perf: 0.7817 | Eval Error: 0.0165 | Eval Perf: 0.6766
[62, 100] Train Error: 0.0137 | Train Perf: 0.7846 | Eval Error: 0.0164 | Eval Perf: 0.6768
[63, 100] Train Error: 0.0135 | Train Perf: 0.7748 | Eval Error: 0.0163 | Eval Perf: 0.6774
[64, 100] Train Error: 0.0133 | Train Perf: 0.7875 | Eval Error: 0.0162 | Eval Perf: 0.6775
[65, 100] Train Error: 0.0131 | Train Perf: 0.783 | Eval Error: 0.016 | Eval Perf: 0.6778
[66, 100] Train Error: 0.0129 | Train Perf: 0.7855 | Eval Error: 0.0159 | Eval Perf: 0.678
[67, 100] Train Error: 0.0126 | Train Perf: 0.7901 | Eval Error: 0.0158 | Eval Perf: 0.6785
[68, 100] Train Error: 0.0125 | Train Perf: 0.7849 | Eval Error: 0.0157 | Eval Perf: 0.6785
[69, 100] Train Error: 0.0123 | Train Perf: 0.7973 | Eval Error: 0.0156 | Eval Perf: 0.6786
[70, 100] Train Error: 0.0121 | Train Perf: 0.7947 | Eval Error: 0.0154 | Eval Perf: 0.6787
[71, 100] Train Error: 0.0119 | Train Perf: 0.7943 | Eval Error: 0.0153 | Eval Perf: 0.6789
[72, 100] Train Error: 0.0117 | Train Perf: 0.7948 | Eval Error: 0.0152 | Eval Perf: 0.6789
[73, 100] Train Error: 0.0115 | Train Perf: 0.7929 | Eval Error: 0.0151 | Eval Perf: 0.6791
[74, 100] Train Error: 0.0113 | Train Perf: 0.7989 | Eval Error: 0.015 | Eval Perf: 0.6791
[75, 100] Train Error: 0.0112 | Train Perf: 0.7978 | Eval Error: 0.0149 | Eval Perf: 0.6795
[76, 100] Train Error: 0.011 | Train Perf: 0.7971 | Eval Error: 0.0147 | Eval Perf: 0.6797
[77, 100] Train Error: 0.0108 | Train Perf: 0.7979 | Eval Error: 0.0147 | Eval Perf: 0.6797
[78, 100] Train Error: 0.0107 | Train Perf: 0.8028 | Eval Error: 0.0146 | Eval Perf: 0.6797
[79, 100] Train Error: 0.0105 | Train Perf: 0.8042 | Eval Error: 0.0144 | Eval Perf: 0.6804
[80, 100] Train Error: 0.0103 | Train Perf: 0.803 | Eval Error: 0.0143 | Eval Perf: 0.6806
[81, 100] Train Error: 0.0102 | Train Perf: 0.8044 | Eval Error: 0.0143 | Eval Perf: 0.6801
[82, 100] Train Error: 0.01 | Train Perf: 0.8033 | Eval Error: 0.0142 | Eval Perf: 0.6803
[83, 100] Train Error: 0.0099 | Train Perf: 0.8068 | Eval Error: 0.0141 | Eval Perf: 0.6809
[84, 100] Train Error: 0.0098 | Train Perf: 0.8057 | Eval Error: 0.014 | Eval Perf: 0.6813
[85, 100] Train Error: 0.0096 | Train Perf: 0.8062 | Eval Error: 0.0139 | Eval Perf: 0.6809
[86, 100] Train Error: 0.0095 | Train Perf: 0.8076 | Eval Error: 0.0138 | Eval Perf: 0.6815
[87, 100] Train Error: 0.0093 | Train Perf: 0.8112 | Eval Error: 0.0137 | Eval Perf: 0.6823
[88, 100] Train Error: 0.0092 | Train Perf: 0.8136 | Eval Error: 0.0137 | Eval Perf: 0.682
[89, 100] Train Error: 0.0091 | Train Perf: 0.8146 | Eval Error: 0.0136 | Eval Perf: 0.683
[90, 100] Train Error: 0.0089 | Train Perf: 0.8184 | Eval Error: 0.0135 | Eval Perf: 0.6819
[91, 100] Train Error: 0.0089 | Train Perf: 0.8149 | Eval Error: 0.0134 | Eval Perf: 0.6833
[92, 100] Train Error: 0.0087 | Train Perf: 0.8158 | Eval Error: 0.0134 | Eval Perf: 0.6829
[93, 100] Train Error: 0.0086 | Train Perf: 0.8207 | Eval Error: 0.0133 | Eval Perf: 0.6827
[94, 100] Train Error: 0.0085 | Train Perf: 0.8202 | Eval Error: 0.0133 | Eval Perf: 0.6823
[95, 100] Train Error: 0.0085 | Train Perf: 0.8184 | Eval Error: 0.0132 | Eval Perf: 0.6836
[96, 100] Train Error: 0.0083 | Train Perf: 0.8207 | Eval Error: 0.0131 | Eval Perf: 0.685
[97, 100] Train Error: 0.0082 | Train Perf: 0.8225 | Eval Error: 0.013 | Eval Perf: 0.685
[98, 100] Train Error: 0.0081 | Train Perf: 0.8236 | Eval Error: 0.013 | Eval Perf: 0.6852
[99, 100] Train Error: 0.008 | Train Perf: 0.8254 | Eval Error: 0.0129 | Eval Perf: 0.6862
[100, 100] Train Error: 0.0079 | Train Perf: 0.826 | Eval Error: 0.0129 | Eval Perf: 0.6867
