NETWORK SUMMARY
---------------
Input Layer shape: (1, 180)
Hidden Layer shape: (181, 3)
Output layer shape: (4, 1)
Total parameters: 547

[1, 100] Train Error: 0.0257 | Train Perf: 0.1017 | Eval Error: 0.0186 | Eval Perf: -0.1597
[2, 100] Train Error: 0.0215 | Train Perf: -0.0755 | Eval Error: 0.0172 | Eval Perf: -0.0894
[3, 100] Train Error: 0.021 | Train Perf: 0.0381 | Eval Error: 0.0168 | Eval Perf: -0.0328
[4, 100] Train Error: 0.0209 | Train Perf: 0.0251 | Eval Error: 0.0169 | Eval Perf: 0.01
[5, 100] Train Error: 0.0209 | Train Perf: 0.0301 | Eval Error: 0.0168 | Eval Perf: 0.0526
[6, 100] Train Error: 0.0209 | Train Perf: 0.0307 | Eval Error: 0.0168 | Eval Perf: 0.0939
[7, 100] Train Error: 0.0208 | Train Perf: 0.0768 | Eval Error: 0.0167 | Eval Perf: 0.132
[8, 100] Train Error: 0.0208 | Train Perf: 0.1 | Eval Error: 0.0167 | Eval Perf: 0.1671
[9, 100] Train Error: 0.0207 | Train Perf: 0.1292 | Eval Error: 0.0166 | Eval Perf: 0.1999
[10, 100] Train Error: 0.0207 | Train Perf: 0.1803 | Eval Error: 0.0166 | Eval Perf: 0.2302
[11, 100] Train Error: 0.0207 | Train Perf: 0.2269 | Eval Error: 0.0166 | Eval Perf: 0.2582
[12, 100] Train Error: 0.0206 | Train Perf: 0.2269 | Eval Error: 0.0165 | Eval Perf: 0.2838
[13, 100] Train Error: 0.0206 | Train Perf: 0.22 | Eval Error: 0.0165 | Eval Perf: 0.3078
[14, 100] Train Error: 0.0205 | Train Perf: 0.2931 | Eval Error: 0.0165 | Eval Perf: 0.3304
[15, 100] Train Error: 0.0205 | Train Perf: 0.2972 | Eval Error: 0.0165 | Eval Perf: 0.3517
[16, 100] Train Error: 0.0204 | Train Perf: 0.3551 | Eval Error: 0.0164 | Eval Perf: 0.3712
[17, 100] Train Error: 0.0204 | Train Perf: 0.3627 | Eval Error: 0.0164 | Eval Perf: 0.39
[18, 100] Train Error: 0.0203 | Train Perf: 0.4295 | Eval Error: 0.0163 | Eval Perf: 0.4041
[19, 100] Train Error: 0.0203 | Train Perf: 0.4394 | Eval Error: 0.0163 | Eval Perf: 0.4216
[20, 100] Train Error: 0.0202 | Train Perf: 0.4302 | Eval Error: 0.0162 | Eval Perf: 0.4346
[21, 100] Train Error: 0.0201 | Train Perf: 0.3908 | Eval Error: 0.0162 | Eval Perf: 0.4461
[22, 100] Train Error: 0.0201 | Train Perf: 0.5085 | Eval Error: 0.0162 | Eval Perf: 0.4617
[23, 100] Train Error: 0.02 | Train Perf: 0.4304 | Eval Error: 0.0162 | Eval Perf: 0.4768
[24, 100] Train Error: 0.02 | Train Perf: 0.5028 | Eval Error: 0.0161 | Eval Perf: 0.4877
[25, 100] Train Error: 0.0199 | Train Perf: 0.522 | Eval Error: 0.016 | Eval Perf: 0.4978
[26, 100] Train Error: 0.0198 | Train Perf: 0.5491 | Eval Error: 0.0159 | Eval Perf: 0.5059
[27, 100] Train Error: 0.0198 | Train Perf: 0.5628 | Eval Error: 0.0159 | Eval Perf: 0.518
[28, 100] Train Error: 0.0197 | Train Perf: 0.5055 | Eval Error: 0.0158 | Eval Perf: 0.5273
[29, 100] Train Error: 0.0196 | Train Perf: 0.5809 | Eval Error: 0.0158 | Eval Perf: 0.536
[30, 100] Train Error: 0.0195 | Train Perf: 0.5797 | Eval Error: 0.0157 | Eval Perf: 0.5442
[31, 100] Train Error: 0.0194 | Train Perf: 0.613 | Eval Error: 0.0156 | Eval Perf: 0.5532
[32, 100] Train Error: 0.0193 | Train Perf: 0.6337 | Eval Error: 0.0156 | Eval Perf: 0.5629
[33, 100] Train Error: 0.0192 | Train Perf: 0.6286 | Eval Error: 0.0156 | Eval Perf: 0.5731
[34, 100] Train Error: 0.0191 | Train Perf: 0.6415 | Eval Error: 0.0155 | Eval Perf: 0.5805
[35, 100] Train Error: 0.019 | Train Perf: 0.6425 | Eval Error: 0.0154 | Eval Perf: 0.5872
[36, 100] Train Error: 0.0189 | Train Perf: 0.6669 | Eval Error: 0.0153 | Eval Perf: 0.5926
[37, 100] Train Error: 0.0188 | Train Perf: 0.631 | Eval Error: 0.0152 | Eval Perf: 0.5989
[38, 100] Train Error: 0.0187 | Train Perf: 0.6372 | Eval Error: 0.0151 | Eval Perf: 0.6071
[39, 100] Train Error: 0.0185 | Train Perf: 0.6689 | Eval Error: 0.015 | Eval Perf: 0.614
[40, 100] Train Error: 0.0184 | Train Perf: 0.6463 | Eval Error: 0.0149 | Eval Perf: 0.6182
[41, 100] Train Error: 0.0183 | Train Perf: 0.7047 | Eval Error: 0.0148 | Eval Perf: 0.6243
[42, 100] Train Error: 0.0181 | Train Perf: 0.6956 | Eval Error: 0.0148 | Eval Perf: 0.6331
[43, 100] Train Error: 0.018 | Train Perf: 0.7035 | Eval Error: 0.0147 | Eval Perf: 0.6392
[44, 100] Train Error: 0.0178 | Train Perf: 0.7089 | Eval Error: 0.0145 | Eval Perf: 0.6429
[45, 100] Train Error: 0.0177 | Train Perf: 0.7083 | Eval Error: 0.0144 | Eval Perf: 0.647
[46, 100] Train Error: 0.0175 | Train Perf: 0.7216 | Eval Error: 0.0143 | Eval Perf: 0.6538
[47, 100] Train Error: 0.0173 | Train Perf: 0.7448 | Eval Error: 0.0142 | Eval Perf: 0.6611
[48, 100] Train Error: 0.0172 | Train Perf: 0.7275 | Eval Error: 0.0141 | Eval Perf: 0.664
[49, 100] Train Error: 0.017 | Train Perf: 0.7375 | Eval Error: 0.014 | Eval Perf: 0.6706
[50, 100] Train Error: 0.0168 | Train Perf: 0.7425 | Eval Error: 0.0138 | Eval Perf: 0.6707
[51, 100] Train Error: 0.0167 | Train Perf: 0.7396 | Eval Error: 0.0136 | Eval Perf: 0.6731
[52, 100] Train Error: 0.0164 | Train Perf: 0.7453 | Eval Error: 0.0135 | Eval Perf: 0.6756
[53, 100] Train Error: 0.0162 | Train Perf: 0.759 | Eval Error: 0.0134 | Eval Perf: 0.685
[54, 100] Train Error: 0.0161 | Train Perf: 0.7553 | Eval Error: 0.0132 | Eval Perf: 0.6852
[55, 100] Train Error: 0.0159 | Train Perf: 0.759 | Eval Error: 0.0131 | Eval Perf: 0.6905
[56, 100] Train Error: 0.0157 | Train Perf: 0.7578 | Eval Error: 0.0129 | Eval Perf: 0.6933
[57, 100] Train Error: 0.0155 | Train Perf: 0.7583 | Eval Error: 0.0128 | Eval Perf: 0.6958
[58, 100] Train Error: 0.0153 | Train Perf: 0.7556 | Eval Error: 0.0127 | Eval Perf: 0.7014
[59, 100] Train Error: 0.0151 | Train Perf: 0.7692 | Eval Error: 0.0125 | Eval Perf: 0.7032
[60, 100] Train Error: 0.0149 | Train Perf: 0.7687 | Eval Error: 0.0123 | Eval Perf: 0.7049
[61, 100] Train Error: 0.0147 | Train Perf: 0.7665 | Eval Error: 0.0122 | Eval Perf: 0.708
[62, 100] Train Error: 0.0145 | Train Perf: 0.7702 | Eval Error: 0.012 | Eval Perf: 0.7092
[63, 100] Train Error: 0.0143 | Train Perf: 0.7648 | Eval Error: 0.0119 | Eval Perf: 0.7134
[64, 100] Train Error: 0.0141 | Train Perf: 0.7742 | Eval Error: 0.0118 | Eval Perf: 0.7178
[65, 100] Train Error: 0.0139 | Train Perf: 0.7796 | Eval Error: 0.0116 | Eval Perf: 0.7162
[66, 100] Train Error: 0.0137 | Train Perf: 0.7788 | Eval Error: 0.0115 | Eval Perf: 0.7218
[67, 100] Train Error: 0.0135 | Train Perf: 0.7806 | Eval Error: 0.0113 | Eval Perf: 0.7214
[68, 100] Train Error: 0.0133 | Train Perf: 0.7818 | Eval Error: 0.0111 | Eval Perf: 0.7222
[69, 100] Train Error: 0.0131 | Train Perf: 0.7803 | Eval Error: 0.011 | Eval Perf: 0.7248
[70, 100] Train Error: 0.0129 | Train Perf: 0.786 | Eval Error: 0.0109 | Eval Perf: 0.7282
[71, 100] Train Error: 0.0127 | Train Perf: 0.7838 | Eval Error: 0.0107 | Eval Perf: 0.7273
[72, 100] Train Error: 0.0126 | Train Perf: 0.7848 | Eval Error: 0.0106 | Eval Perf: 0.73
[73, 100] Train Error: 0.0124 | Train Perf: 0.7876 | Eval Error: 0.0105 | Eval Perf: 0.7321
[74, 100] Train Error: 0.0122 | Train Perf: 0.7888 | Eval Error: 0.0103 | Eval Perf: 0.7327
[75, 100] Train Error: 0.012 | Train Perf: 0.7904 | Eval Error: 0.0102 | Eval Perf: 0.733
[76, 100] Train Error: 0.0119 | Train Perf: 0.789 | Eval Error: 0.0101 | Eval Perf: 0.7343
[77, 100] Train Error: 0.0117 | Train Perf: 0.7914 | Eval Error: 0.0099 | Eval Perf: 0.7341
[78, 100] Train Error: 0.0115 | Train Perf: 0.7882 | Eval Error: 0.0098 | Eval Perf: 0.7374
[79, 100] Train Error: 0.0114 | Train Perf: 0.7948 | Eval Error: 0.0097 | Eval Perf: 0.738
[80, 100] Train Error: 0.0112 | Train Perf: 0.7925 | Eval Error: 0.0096 | Eval Perf: 0.7411
[81, 100] Train Error: 0.011 | Train Perf: 0.7962 | Eval Error: 0.0095 | Eval Perf: 0.7418
[82, 100] Train Error: 0.0109 | Train Perf: 0.7998 | Eval Error: 0.0094 | Eval Perf: 0.7441
[83, 100] Train Error: 0.0107 | Train Perf: 0.7992 | Eval Error: 0.0093 | Eval Perf: 0.7449
[84, 100] Train Error: 0.0105 | Train Perf: 0.809 | Eval Error: 0.0092 | Eval Perf: 0.7481
[85, 100] Train Error: 0.0104 | Train Perf: 0.8043 | Eval Error: 0.0091 | Eval Perf: 0.7439
[86, 100] Train Error: 0.0103 | Train Perf: 0.8081 | Eval Error: 0.009 | Eval Perf: 0.7478
[87, 100] Train Error: 0.0102 | Train Perf: 0.8051 | Eval Error: 0.0089 | Eval Perf: 0.7461
[88, 100] Train Error: 0.01 | Train Perf: 0.8092 | Eval Error: 0.0088 | Eval Perf: 0.7498
[89, 100] Train Error: 0.0099 | Train Perf: 0.8072 | Eval Error: 0.0087 | Eval Perf: 0.7495
[90, 100] Train Error: 0.0097 | Train Perf: 0.8069 | Eval Error: 0.0086 | Eval Perf: 0.7477
[91, 100] Train Error: 0.0097 | Train Perf: 0.8118 | Eval Error: 0.0085 | Eval Perf: 0.75
[92, 100] Train Error: 0.0095 | Train Perf: 0.8126 | Eval Error: 0.0085 | Eval Perf: 0.7524
[93, 100] Train Error: 0.0094 | Train Perf: 0.8122 | Eval Error: 0.0084 | Eval Perf: 0.7518
[94, 100] Train Error: 0.0093 | Train Perf: 0.8148 | Eval Error: 0.0083 | Eval Perf: 0.7532
[95, 100] Train Error: 0.0092 | Train Perf: 0.8177 | Eval Error: 0.0082 | Eval Perf: 0.7558
[96, 100] Train Error: 0.0091 | Train Perf: 0.8183 | Eval Error: 0.0082 | Eval Perf: 0.7547
[97, 100] Train Error: 0.0089 | Train Perf: 0.8171 | Eval Error: 0.0081 | Eval Perf: 0.7539
[98, 100] Train Error: 0.0089 | Train Perf: 0.8197 | Eval Error: 0.008 | Eval Perf: 0.756
[99, 100] Train Error: 0.0087 | Train Perf: 0.821 | Eval Error: 0.008 | Eval Perf: 0.756
[100, 100] Train Error: 0.0086 | Train Perf: 0.8221 | Eval Error: 0.0079 | Eval Perf: 0.7573
