NETWORK SUMMARY
---------------
Input Layer shape: (1, 180)
Hidden Layer shape: (181, 2)
Output layer shape: (3, 1)
Total parameters: 365

[1, 100] Train Error: 0.0168 | Train Perf: 0.1357 | Eval Error: 0.0151 | Eval Perf: 0.4679
[2, 100] Train Error: 0.0159 | Train Perf: 0.0939 | Eval Error: 0.016 | Eval Perf: 0.4382
[3, 100] Train Error: 0.0148 | Train Perf: 0.3091 | Eval Error: 0.015 | Eval Perf: 0.4398
[4, 100] Train Error: 0.0127 | Train Perf: 0.5092 | Eval Error: 0.0135 | Eval Perf: 0.4825
[5, 100] Train Error: 0.0109 | Train Perf: 0.6334 | Eval Error: 0.013 | Eval Perf: 0.4753
[6, 100] Train Error: 0.0091 | Train Perf: 0.6963 | Eval Error: 0.012 | Eval Perf: 0.5013
[7, 100] Train Error: 0.0079 | Train Perf: 0.7253 | Eval Error: 0.0118 | Eval Perf: 0.5494
[8, 100] Train Error: 0.0077 | Train Perf: 0.7269 | Eval Error: 0.0107 | Eval Perf: 0.5737
[9, 100] Train Error: 0.007 | Train Perf: 0.7552 | Eval Error: 0.011 | Eval Perf: 0.5716
[10, 100] Train Error: 0.0063 | Train Perf: 0.7808 | Eval Error: 0.0102 | Eval Perf: 0.5836
[11, 100] Train Error: 0.0062 | Train Perf: 0.7874 | Eval Error: 0.0097 | Eval Perf: 0.6141
[12, 100] Train Error: 0.0056 | Train Perf: 0.8099 | Eval Error: 0.0095 | Eval Perf: 0.6427
[13, 100] Train Error: 0.0052 | Train Perf: 0.8238 | Eval Error: 0.0102 | Eval Perf: 0.6464
[14, 100] Train Error: 0.005 | Train Perf: 0.8301 | Eval Error: 0.0095 | Eval Perf: 0.6276
[15, 100] Train Error: 0.0043 | Train Perf: 0.8566 | Eval Error: 0.0091 | Eval Perf: 0.6523
[16, 100] Train Error: 0.0042 | Train Perf: 0.858 | Eval Error: 0.0091 | Eval Perf: 0.6424
[17, 100] Train Error: 0.0038 | Train Perf: 0.8755 | Eval Error: 0.0118 | Eval Perf: 0.626
[18, 100] Train Error: 0.0039 | Train Perf: 0.8689 | Eval Error: 0.0087 | Eval Perf: 0.6612
[19, 100] Train Error: 0.0038 | Train Perf: 0.8738 | Eval Error: 0.0087 | Eval Perf: 0.6675
[20, 100] Train Error: 0.0038 | Train Perf: 0.8719 | Eval Error: 0.0081 | Eval Perf: 0.6904
[21, 100] Train Error: 0.0033 | Train Perf: 0.8939 | Eval Error: 0.0081 | Eval Perf: 0.6986
[22, 100] Train Error: 0.0029 | Train Perf: 0.9047 | Eval Error: 0.0089 | Eval Perf: 0.6977
[23, 100] Train Error: 0.0032 | Train Perf: 0.8938 | Eval Error: 0.008 | Eval Perf: 0.7095
[24, 100] Train Error: 0.003 | Train Perf: 0.9043 | Eval Error: 0.0078 | Eval Perf: 0.7047
[25, 100] Train Error: 0.0028 | Train Perf: 0.9077 | Eval Error: 0.0075 | Eval Perf: 0.7161
[26, 100] Train Error: 0.0028 | Train Perf: 0.9098 | Eval Error: 0.0086 | Eval Perf: 0.7114
[27, 100] Train Error: 0.003 | Train Perf: 0.9021 | Eval Error: 0.0074 | Eval Perf: 0.7223
[28, 100] Train Error: 0.0024 | Train Perf: 0.9266 | Eval Error: 0.0111 | Eval Perf: 0.7124
[29, 100] Train Error: 0.0025 | Train Perf: 0.9199 | Eval Error: 0.0082 | Eval Perf: 0.7228
[30, 100] Train Error: 0.0021 | Train Perf: 0.9322 | Eval Error: 0.0075 | Eval Perf: 0.7231
[31, 100] Train Error: 0.0021 | Train Perf: 0.9336 | Eval Error: 0.0097 | Eval Perf: 0.7143
[32, 100] Train Error: 0.0021 | Train Perf: 0.9345 | Eval Error: 0.0075 | Eval Perf: 0.7224
[33, 100] Train Error: 0.0021 | Train Perf: 0.9341 | Eval Error: 0.0081 | Eval Perf: 0.7295
[34, 100] Train Error: 0.002 | Train Perf: 0.9364 | Eval Error: 0.0079 | Eval Perf: 0.7213
[35, 100] Train Error: 0.0017 | Train Perf: 0.9458 | Eval Error: 0.008 | Eval Perf: 0.7198
[36, 100] Train Error: 0.0018 | Train Perf: 0.9458 | Eval Error: 0.0079 | Eval Perf: 0.7243
[37, 100] Train Error: 0.0017 | Train Perf: 0.9464 | Eval Error: 0.008 | Eval Perf: 0.711
[38, 100] Train Error: 0.0015 | Train Perf: 0.9543 | Eval Error: 0.0088 | Eval Perf: 0.7278
[39, 100] Train Error: 0.0017 | Train Perf: 0.9463 | Eval Error: 0.0085 | Eval Perf: 0.7281
[40, 100] Train Error: 0.0013 | Train Perf: 0.96 | Eval Error: 0.0085 | Eval Perf: 0.7044
[41, 100] Train Error: 0.0013 | Train Perf: 0.959 | Eval Error: 0.0144 | Eval Perf: 0.6942
[42, 100] Train Error: 0.0019 | Train Perf: 0.9412 | Eval Error: 0.0084 | Eval Perf: 0.7044
[43, 100] Train Error: 0.0013 | Train Perf: 0.9603 | Eval Error: 0.0084 | Eval Perf: 0.7054
[44, 100] Train Error: 0.0014 | Train Perf: 0.9578 | Eval Error: 0.0086 | Eval Perf: 0.708
[45, 100] Train Error: 0.0012 | Train Perf: 0.9614 | Eval Error: 0.009 | Eval Perf: 0.6945
[46, 100] Train Error: 0.0013 | Train Perf: 0.9604 | Eval Error: 0.0093 | Eval Perf: 0.6843
[47, 100] Train Error: 0.0012 | Train Perf: 0.9624 | Eval Error: 0.0092 | Eval Perf: 0.6925
[48, 100] Train Error: 0.0012 | Train Perf: 0.9616 | Eval Error: 0.0093 | Eval Perf: 0.6772
[49, 100] Train Error: 0.0012 | Train Perf: 0.9616 | Eval Error: 0.0094 | Eval Perf: 0.6782
[50, 100] Train Error: 0.0012 | Train Perf: 0.9616 | Eval Error: 0.0096 | Eval Perf: 0.6757
[51, 100] Train Error: 0.001 | Train Perf: 0.9679 | Eval Error: 0.0095 | Eval Perf: 0.6797
[52, 100] Train Error: 0.001 | Train Perf: 0.9681 | Eval Error: 0.0103 | Eval Perf: 0.6527
[53, 100] Train Error: 0.0011 | Train Perf: 0.9673 | Eval Error: 0.0097 | Eval Perf: 0.6802
[54, 100] Train Error: 0.001 | Train Perf: 0.9675 | Eval Error: 0.0112 | Eval Perf: 0.6667
[55, 100] Train Error: 0.0012 | Train Perf: 0.9621 | Eval Error: 0.0107 | Eval Perf: 0.6483
[56, 100] Train Error: 0.0009 | Train Perf: 0.9713 | Eval Error: 0.0101 | Eval Perf: 0.6482
[57, 100] Train Error: 0.0008 | Train Perf: 0.9759 | Eval Error: 0.0115 | Eval Perf: 0.6481
[58, 100] Train Error: 0.0009 | Train Perf: 0.9719 | Eval Error: 0.011 | Eval Perf: 0.6338
[59, 100] Train Error: 0.001 | Train Perf: 0.9684 | Eval Error: 0.0114 | Eval Perf: 0.6265
[60, 100] Train Error: 0.0008 | Train Perf: 0.976 | Eval Error: 0.0115 | Eval Perf: 0.6254
[61, 100] Train Error: 0.0008 | Train Perf: 0.9756 | Eval Error: 0.0117 | Eval Perf: 0.6065
[62, 100] Train Error: 0.0009 | Train Perf: 0.9714 | Eval Error: 0.0117 | Eval Perf: 0.6194
[63, 100] Train Error: 0.0009 | Train Perf: 0.973 | Eval Error: 0.0121 | Eval Perf: 0.6236
[64, 100] Train Error: 0.0008 | Train Perf: 0.9745 | Eval Error: 0.012 | Eval Perf: 0.6067
[65, 100] Train Error: 0.0009 | Train Perf: 0.9729 | Eval Error: 0.0115 | Eval Perf: 0.6312
[66, 100] Train Error: 0.0008 | Train Perf: 0.9744 | Eval Error: 0.0114 | Eval Perf: 0.6273
[67, 100] Train Error: 0.0008 | Train Perf: 0.9748 | Eval Error: 0.0115 | Eval Perf: 0.6288
[68, 100] Train Error: 0.0008 | Train Perf: 0.9753 | Eval Error: 0.0113 | Eval Perf: 0.6327
[69, 100] Train Error: 0.0007 | Train Perf: 0.9774 | Eval Error: 0.012 | Eval Perf: 0.6102
[70, 100] Train Error: 0.0007 | Train Perf: 0.9773 | Eval Error: 0.0121 | Eval Perf: 0.6156
[71, 100] Train Error: 0.0008 | Train Perf: 0.9732 | Eval Error: 0.0115 | Eval Perf: 0.6264
[72, 100] Train Error: 0.0007 | Train Perf: 0.9763 | Eval Error: 0.0117 | Eval Perf: 0.6267
[73, 100] Train Error: 0.0006 | Train Perf: 0.9801 | Eval Error: 0.012 | Eval Perf: 0.6096
[74, 100] Train Error: 0.0007 | Train Perf: 0.9794 | Eval Error: 0.0121 | Eval Perf: 0.6163
[75, 100] Train Error: 0.0008 | Train Perf: 0.9754 | Eval Error: 0.0125 | Eval Perf: 0.6097
[76, 100] Train Error: 0.0007 | Train Perf: 0.9795 | Eval Error: 0.0124 | Eval Perf: 0.6043
[77, 100] Train Error: 0.0006 | Train Perf: 0.9805 | Eval Error: 0.0127 | Eval Perf: 0.6076
[78, 100] Train Error: 0.0007 | Train Perf: 0.9795 | Eval Error: 0.0124 | Eval Perf: 0.6111
[79, 100] Train Error: 0.0006 | Train Perf: 0.9808 | Eval Error: 0.0128 | Eval Perf: 0.6009
[80, 100] Train Error: 0.0007 | Train Perf: 0.9781 | Eval Error: 0.0125 | Eval Perf: 0.5988
[81, 100] Train Error: 0.0005 | Train Perf: 0.9838 | Eval Error: 0.0124 | Eval Perf: 0.6065
[82, 100] Train Error: 0.0006 | Train Perf: 0.9799 | Eval Error: 0.0127 | Eval Perf: 0.5992
[83, 100] Train Error: 0.0006 | Train Perf: 0.9822 | Eval Error: 0.013 | Eval Perf: 0.5917
[84, 100] Train Error: 0.0005 | Train Perf: 0.9857 | Eval Error: 0.0133 | Eval Perf: 0.5728
[85, 100] Train Error: 0.0006 | Train Perf: 0.9799 | Eval Error: 0.0129 | Eval Perf: 0.5894
[86, 100] Train Error: 0.0006 | Train Perf: 0.9821 | Eval Error: 0.0131 | Eval Perf: 0.5811
[87, 100] Train Error: 0.0005 | Train Perf: 0.9841 | Eval Error: 0.0132 | Eval Perf: 0.5862
[88, 100] Train Error: 0.0006 | Train Perf: 0.9806 | Eval Error: 0.0137 | Eval Perf: 0.5647
[89, 100] Train Error: 0.0005 | Train Perf: 0.9835 | Eval Error: 0.0136 | Eval Perf: 0.579
[90, 100] Train Error: 0.0006 | Train Perf: 0.982 | Eval Error: 0.0135 | Eval Perf: 0.573
[91, 100] Train Error: 0.0006 | Train Perf: 0.9823 | Eval Error: 0.0139 | Eval Perf: 0.5992
[92, 100] Train Error: 0.0005 | Train Perf: 0.9858 | Eval Error: 0.0133 | Eval Perf: 0.5849
[93, 100] Train Error: 0.0005 | Train Perf: 0.9858 | Eval Error: 0.0136 | Eval Perf: 0.5745
[94, 100] Train Error: 0.0005 | Train Perf: 0.983 | Eval Error: 0.0136 | Eval Perf: 0.5834
[95, 100] Train Error: 0.0006 | Train Perf: 0.9814 | Eval Error: 0.0136 | Eval Perf: 0.5754
[96, 100] Train Error: 0.0005 | Train Perf: 0.9837 | Eval Error: 0.0136 | Eval Perf: 0.5774
[97, 100] Train Error: 0.0005 | Train Perf: 0.9828 | Eval Error: 0.0135 | Eval Perf: 0.582
[98, 100] Train Error: 0.0005 | Train Perf: 0.9833 | Eval Error: 0.0137 | Eval Perf: 0.5778
[99, 100] Train Error: 0.0006 | Train Perf: 0.9807 | Eval Error: 0.0138 | Eval Perf: 0.5784
[100, 100] Train Error: 0.0006 | Train Perf: 0.9815 | Eval Error: 0.0139 | Eval Perf: 0.5678
