NETWORK SUMMARY
---------------
Input Layer shape: (1, 180)
Hidden Layer shape: (181, 2)
Output layer shape: (3, 1)
Total parameters: 365

[1, 100] Train Error: 0.0169 | Train Perf: -0.0427 | Eval Error: 0.0143 | Eval Perf: 0.2079
[2, 100] Train Error: 0.0151 | Train Perf: 0.0961 | Eval Error: 0.014 | Eval Perf: 0.4042
[3, 100] Train Error: 0.0148 | Train Perf: 0.2275 | Eval Error: 0.0137 | Eval Perf: 0.4969
[4, 100] Train Error: 0.0143 | Train Perf: 0.3665 | Eval Error: 0.0131 | Eval Perf: 0.5411
[5, 100] Train Error: 0.0133 | Train Perf: 0.4422 | Eval Error: 0.0123 | Eval Perf: 0.5665
[6, 100] Train Error: 0.0124 | Train Perf: 0.5515 | Eval Error: 0.0114 | Eval Perf: 0.582
[7, 100] Train Error: 0.0112 | Train Perf: 0.5871 | Eval Error: 0.0105 | Eval Perf: 0.5992
[8, 100] Train Error: 0.01 | Train Perf: 0.6348 | Eval Error: 0.0095 | Eval Perf: 0.6223
[9, 100] Train Error: 0.009 | Train Perf: 0.6699 | Eval Error: 0.0089 | Eval Perf: 0.6494
[10, 100] Train Error: 0.0081 | Train Perf: 0.7021 | Eval Error: 0.0087 | Eval Perf: 0.6475
[11, 100] Train Error: 0.0075 | Train Perf: 0.7217 | Eval Error: 0.0082 | Eval Perf: 0.6678
[12, 100] Train Error: 0.0068 | Train Perf: 0.7544 | Eval Error: 0.0088 | Eval Perf: 0.6587
[13, 100] Train Error: 0.0064 | Train Perf: 0.7652 | Eval Error: 0.008 | Eval Perf: 0.6735
[14, 100] Train Error: 0.0061 | Train Perf: 0.7798 | Eval Error: 0.0082 | Eval Perf: 0.6694
[15, 100] Train Error: 0.0057 | Train Perf: 0.7932 | Eval Error: 0.0083 | Eval Perf: 0.6716
[16, 100] Train Error: 0.0053 | Train Perf: 0.8078 | Eval Error: 0.0081 | Eval Perf: 0.6781
[17, 100] Train Error: 0.0052 | Train Perf: 0.8134 | Eval Error: 0.0081 | Eval Perf: 0.674
[18, 100] Train Error: 0.005 | Train Perf: 0.8222 | Eval Error: 0.0101 | Eval Perf: 0.6683
[19, 100] Train Error: 0.0049 | Train Perf: 0.8253 | Eval Error: 0.0081 | Eval Perf: 0.6812
[20, 100] Train Error: 0.0047 | Train Perf: 0.8342 | Eval Error: 0.0084 | Eval Perf: 0.6746
[21, 100] Train Error: 0.0047 | Train Perf: 0.8351 | Eval Error: 0.0093 | Eval Perf: 0.6709
[22, 100] Train Error: 0.0045 | Train Perf: 0.8405 | Eval Error: 0.0085 | Eval Perf: 0.6739
[23, 100] Train Error: 0.0043 | Train Perf: 0.8471 | Eval Error: 0.009 | Eval Perf: 0.6718
[24, 100] Train Error: 0.0043 | Train Perf: 0.85 | Eval Error: 0.0087 | Eval Perf: 0.6743
[25, 100] Train Error: 0.0042 | Train Perf: 0.8538 | Eval Error: 0.0093 | Eval Perf: 0.6681
[26, 100] Train Error: 0.0041 | Train Perf: 0.8564 | Eval Error: 0.0096 | Eval Perf: 0.663
[27, 100] Train Error: 0.004 | Train Perf: 0.8613 | Eval Error: 0.009 | Eval Perf: 0.6631
[28, 100] Train Error: 0.0039 | Train Perf: 0.8632 | Eval Error: 0.0093 | Eval Perf: 0.6682
[29, 100] Train Error: 0.0039 | Train Perf: 0.864 | Eval Error: 0.009 | Eval Perf: 0.6583
[30, 100] Train Error: 0.0038 | Train Perf: 0.8673 | Eval Error: 0.0093 | Eval Perf: 0.6556
[31, 100] Train Error: 0.0038 | Train Perf: 0.8695 | Eval Error: 0.0105 | Eval Perf: 0.6557
[32, 100] Train Error: 0.0037 | Train Perf: 0.8704 | Eval Error: 0.0114 | Eval Perf: 0.6568
[33, 100] Train Error: 0.0037 | Train Perf: 0.8722 | Eval Error: 0.0096 | Eval Perf: 0.6568
[34, 100] Train Error: 0.0036 | Train Perf: 0.8751 | Eval Error: 0.0113 | Eval Perf: 0.6531
[35, 100] Train Error: 0.0036 | Train Perf: 0.8759 | Eval Error: 0.0096 | Eval Perf: 0.6571
[36, 100] Train Error: 0.0035 | Train Perf: 0.8799 | Eval Error: 0.0096 | Eval Perf: 0.6545
[37, 100] Train Error: 0.0034 | Train Perf: 0.8814 | Eval Error: 0.0103 | Eval Perf: 0.6518
[38, 100] Train Error: 0.0034 | Train Perf: 0.8803 | Eval Error: 0.0095 | Eval Perf: 0.6519
[39, 100] Train Error: 0.0034 | Train Perf: 0.8841 | Eval Error: 0.0105 | Eval Perf: 0.6522
[40, 100] Train Error: 0.0033 | Train Perf: 0.8851 | Eval Error: 0.01 | Eval Perf: 0.652
[41, 100] Train Error: 0.0033 | Train Perf: 0.8878 | Eval Error: 0.0116 | Eval Perf: 0.6561
[42, 100] Train Error: 0.0032 | Train Perf: 0.8883 | Eval Error: 0.0102 | Eval Perf: 0.6502
[43, 100] Train Error: 0.0033 | Train Perf: 0.8874 | Eval Error: 0.0108 | Eval Perf: 0.6531
[44, 100] Train Error: 0.0031 | Train Perf: 0.8917 | Eval Error: 0.0103 | Eval Perf: 0.6464
[45, 100] Train Error: 0.0032 | Train Perf: 0.8906 | Eval Error: 0.0112 | Eval Perf: 0.6458
[46, 100] Train Error: 0.0031 | Train Perf: 0.892 | Eval Error: 0.0118 | Eval Perf: 0.6495
[47, 100] Train Error: 0.0031 | Train Perf: 0.892 | Eval Error: 0.0117 | Eval Perf: 0.647
[48, 100] Train Error: 0.0031 | Train Perf: 0.8946 | Eval Error: 0.0108 | Eval Perf: 0.6499
[49, 100] Train Error: 0.0031 | Train Perf: 0.8941 | Eval Error: 0.0103 | Eval Perf: 0.6436
[50, 100] Train Error: 0.003 | Train Perf: 0.8984 | Eval Error: 0.0108 | Eval Perf: 0.6449
[51, 100] Train Error: 0.0029 | Train Perf: 0.9007 | Eval Error: 0.0115 | Eval Perf: 0.6513
[52, 100] Train Error: 0.0029 | Train Perf: 0.8986 | Eval Error: 0.0116 | Eval Perf: 0.6465
[53, 100] Train Error: 0.0029 | Train Perf: 0.8993 | Eval Error: 0.0122 | Eval Perf: 0.6426
[54, 100] Train Error: 0.0029 | Train Perf: 0.9013 | Eval Error: 0.011 | Eval Perf: 0.6441
[55, 100] Train Error: 0.0029 | Train Perf: 0.9019 | Eval Error: 0.0116 | Eval Perf: 0.6493
[56, 100] Train Error: 0.0029 | Train Perf: 0.9015 | Eval Error: 0.0105 | Eval Perf: 0.6462
[57, 100] Train Error: 0.0028 | Train Perf: 0.9034 | Eval Error: 0.0123 | Eval Perf: 0.6501
[58, 100] Train Error: 0.0028 | Train Perf: 0.9044 | Eval Error: 0.0107 | Eval Perf: 0.6355
[59, 100] Train Error: 0.0028 | Train Perf: 0.9048 | Eval Error: 0.013 | Eval Perf: 0.6468
[60, 100] Train Error: 0.0028 | Train Perf: 0.9038 | Eval Error: 0.0116 | Eval Perf: 0.6421
[61, 100] Train Error: 0.0027 | Train Perf: 0.906 | Eval Error: 0.0115 | Eval Perf: 0.646
[62, 100] Train Error: 0.0027 | Train Perf: 0.9062 | Eval Error: 0.012 | Eval Perf: 0.647
[63, 100] Train Error: 0.0027 | Train Perf: 0.9079 | Eval Error: 0.0123 | Eval Perf: 0.6477
[64, 100] Train Error: 0.0027 | Train Perf: 0.9079 | Eval Error: 0.0117 | Eval Perf: 0.6479
[65, 100] Train Error: 0.0027 | Train Perf: 0.9089 | Eval Error: 0.012 | Eval Perf: 0.6438
[66, 100] Train Error: 0.0026 | Train Perf: 0.911 | Eval Error: 0.0113 | Eval Perf: 0.6408
[67, 100] Train Error: 0.0026 | Train Perf: 0.91 | Eval Error: 0.0118 | Eval Perf: 0.644
[68, 100] Train Error: 0.0026 | Train Perf: 0.9123 | Eval Error: 0.0109 | Eval Perf: 0.6379
[69, 100] Train Error: 0.0026 | Train Perf: 0.9116 | Eval Error: 0.012 | Eval Perf: 0.6454
[70, 100] Train Error: 0.0025 | Train Perf: 0.9134 | Eval Error: 0.012 | Eval Perf: 0.6449
[71, 100] Train Error: 0.0025 | Train Perf: 0.9136 | Eval Error: 0.0115 | Eval Perf: 0.6439
[72, 100] Train Error: 0.0025 | Train Perf: 0.914 | Eval Error: 0.0123 | Eval Perf: 0.6479
[73, 100] Train Error: 0.0024 | Train Perf: 0.917 | Eval Error: 0.0116 | Eval Perf: 0.645
[74, 100] Train Error: 0.0024 | Train Perf: 0.917 | Eval Error: 0.0112 | Eval Perf: 0.6441
[75, 100] Train Error: 0.0024 | Train Perf: 0.9175 | Eval Error: 0.0113 | Eval Perf: 0.6377
[76, 100] Train Error: 0.0024 | Train Perf: 0.9181 | Eval Error: 0.0114 | Eval Perf: 0.6405
[77, 100] Train Error: 0.0023 | Train Perf: 0.9201 | Eval Error: 0.0119 | Eval Perf: 0.645
[78, 100] Train Error: 0.0023 | Train Perf: 0.9211 | Eval Error: 0.0126 | Eval Perf: 0.6481
[79, 100] Train Error: 0.0023 | Train Perf: 0.9218 | Eval Error: 0.0121 | Eval Perf: 0.6449
[80, 100] Train Error: 0.0023 | Train Perf: 0.923 | Eval Error: 0.0118 | Eval Perf: 0.645
[81, 100] Train Error: 0.0022 | Train Perf: 0.9246 | Eval Error: 0.013 | Eval Perf: 0.6458
[82, 100] Train Error: 0.0022 | Train Perf: 0.9253 | Eval Error: 0.0119 | Eval Perf: 0.6433
[83, 100] Train Error: 0.0021 | Train Perf: 0.9271 | Eval Error: 0.0124 | Eval Perf: 0.6439
[84, 100] Train Error: 0.0022 | Train Perf: 0.9264 | Eval Error: 0.0119 | Eval Perf: 0.6368
[85, 100] Train Error: 0.0021 | Train Perf: 0.9286 | Eval Error: 0.0128 | Eval Perf: 0.6451
[86, 100] Train Error: 0.0021 | Train Perf: 0.929 | Eval Error: 0.0117 | Eval Perf: 0.6331
[87, 100] Train Error: 0.002 | Train Perf: 0.9307 | Eval Error: 0.0117 | Eval Perf: 0.6375
[88, 100] Train Error: 0.002 | Train Perf: 0.9322 | Eval Error: 0.012 | Eval Perf: 0.6371
[89, 100] Train Error: 0.002 | Train Perf: 0.9328 | Eval Error: 0.0128 | Eval Perf: 0.6425
[90, 100] Train Error: 0.002 | Train Perf: 0.9336 | Eval Error: 0.013 | Eval Perf: 0.6445
[91, 100] Train Error: 0.0019 | Train Perf: 0.9345 | Eval Error: 0.0124 | Eval Perf: 0.6467
[92, 100] Train Error: 0.0019 | Train Perf: 0.9351 | Eval Error: 0.0127 | Eval Perf: 0.6471
[93, 100] Train Error: 0.0019 | Train Perf: 0.9364 | Eval Error: 0.0116 | Eval Perf: 0.6409
[94, 100] Train Error: 0.0019 | Train Perf: 0.9374 | Eval Error: 0.0117 | Eval Perf: 0.6384
[95, 100] Train Error: 0.0018 | Train Perf: 0.9382 | Eval Error: 0.0126 | Eval Perf: 0.6442
[96, 100] Train Error: 0.0018 | Train Perf: 0.9408 | Eval Error: 0.0133 | Eval Perf: 0.6493
[97, 100] Train Error: 0.0018 | Train Perf: 0.9394 | Eval Error: 0.0126 | Eval Perf: 0.6418
[98, 100] Train Error: 0.0018 | Train Perf: 0.9408 | Eval Error: 0.0127 | Eval Perf: 0.6426
[99, 100] Train Error: 0.0017 | Train Perf: 0.9416 | Eval Error: 0.0124 | Eval Perf: 0.6424
[100, 100] Train Error: 0.0017 | Train Perf: 0.9425 | Eval Error: 0.0129 | Eval Perf: 0.6483
