NETWORK SUMMARY
---------------
Input Layer shape: (1, 180)
Hidden Layer shape: (181, 5)
Output layer shape: (6, 1)
Total parameters: 911

[1, 100] Train Error: 0.0369 | Train Perf: -0.0894 | Eval Error: 0.035 | Eval Perf: -0.1377
[2, 100] Train Error: 0.0363 | Train Perf: -0.0601 | Eval Error: 0.035 | Eval Perf: -0.1356
[3, 100] Train Error: 0.0364 | Train Perf: -0.1788 | Eval Error: 0.035 | Eval Perf: -0.111
[4, 100] Train Error: 0.0363 | Train Perf: -0.0905 | Eval Error: 0.035 | Eval Perf: -0.0531
[5, 100] Train Error: 0.0363 | Train Perf: -0.1591 | Eval Error: 0.035 | Eval Perf: -0.0514
[6, 100] Train Error: 0.0363 | Train Perf: -0.2195 | Eval Error: 0.0349 | Eval Perf: -0.0055
[7, 100] Train Error: 0.0363 | Train Perf: -0.1061 | Eval Error: 0.0349 | Eval Perf: 0.0136
[8, 100] Train Error: 0.0362 | Train Perf: -0.1068 | Eval Error: 0.0349 | Eval Perf: 0.0388
[9, 100] Train Error: 0.0361 | Train Perf: -0.0911 | Eval Error: 0.035 | Eval Perf: 0.0548
[10, 100] Train Error: 0.0362 | Train Perf: -0.0832 | Eval Error: 0.0349 | Eval Perf: 0.093
[11, 100] Train Error: 0.0358 | Train Perf: 0.0665 | Eval Error: 0.0349 | Eval Perf: 0.146
[12, 100] Train Error: 0.0361 | Train Perf: -0.0638 | Eval Error: 0.0348 | Eval Perf: 0.1607
[13, 100] Train Error: 0.036 | Train Perf: -0.008 | Eval Error: 0.0348 | Eval Perf: 0.1971
[14, 100] Train Error: 0.036 | Train Perf: -0.0261 | Eval Error: 0.0347 | Eval Perf: 0.2169
[15, 100] Train Error: 0.036 | Train Perf: -0.0227 | Eval Error: 0.0347 | Eval Perf: 0.2377
[16, 100] Train Error: 0.0358 | Train Perf: 0.0403 | Eval Error: 0.0347 | Eval Perf: 0.2589
[17, 100] Train Error: 0.0357 | Train Perf: 0.1019 | Eval Error: 0.0346 | Eval Perf: 0.2941
[18, 100] Train Error: 0.0357 | Train Perf: 0.0778 | Eval Error: 0.0345 | Eval Perf: 0.3129
[19, 100] Train Error: 0.0355 | Train Perf: 0.1537 | Eval Error: 0.0346 | Eval Perf: 0.3388
[20, 100] Train Error: 0.0355 | Train Perf: 0.1343 | Eval Error: 0.0344 | Eval Perf: 0.3558
[21, 100] Train Error: 0.0352 | Train Perf: 0.1634 | Eval Error: 0.0343 | Eval Perf: 0.373
[22, 100] Train Error: 0.0352 | Train Perf: 0.2338 | Eval Error: 0.0342 | Eval Perf: 0.3915
[23, 100] Train Error: 0.035 | Train Perf: 0.2893 | Eval Error: 0.0341 | Eval Perf: 0.4078
[24, 100] Train Error: 0.0348 | Train Perf: 0.3774 | Eval Error: 0.0339 | Eval Perf: 0.4236
[25, 100] Train Error: 0.0345 | Train Perf: 0.4435 | Eval Error: 0.0338 | Eval Perf: 0.4376
[26, 100] Train Error: 0.0341 | Train Perf: 0.3606 | Eval Error: 0.0336 | Eval Perf: 0.4546
[27, 100] Train Error: 0.034 | Train Perf: 0.5213 | Eval Error: 0.0334 | Eval Perf: 0.4628
[28, 100] Train Error: 0.0336 | Train Perf: 0.4759 | Eval Error: 0.0332 | Eval Perf: 0.4734
[29, 100] Train Error: 0.0332 | Train Perf: 0.5743 | Eval Error: 0.0329 | Eval Perf: 0.4842
[30, 100] Train Error: 0.0328 | Train Perf: 0.5619 | Eval Error: 0.0327 | Eval Perf: 0.493
[31, 100] Train Error: 0.0323 | Train Perf: 0.5912 | Eval Error: 0.0323 | Eval Perf: 0.5018
[32, 100] Train Error: 0.0317 | Train Perf: 0.6157 | Eval Error: 0.032 | Eval Perf: 0.5108
[33, 100] Train Error: 0.031 | Train Perf: 0.6596 | Eval Error: 0.0318 | Eval Perf: 0.5136
[34, 100] Train Error: 0.0305 | Train Perf: 0.6712 | Eval Error: 0.0312 | Eval Perf: 0.5207
[35, 100] Train Error: 0.0298 | Train Perf: 0.6792 | Eval Error: 0.0308 | Eval Perf: 0.5281
[36, 100] Train Error: 0.029 | Train Perf: 0.6903 | Eval Error: 0.0305 | Eval Perf: 0.5284
[37, 100] Train Error: 0.0282 | Train Perf: 0.6965 | Eval Error: 0.0301 | Eval Perf: 0.5363
[38, 100] Train Error: 0.0275 | Train Perf: 0.7162 | Eval Error: 0.0295 | Eval Perf: 0.5371
[39, 100] Train Error: 0.0267 | Train Perf: 0.7345 | Eval Error: 0.0291 | Eval Perf: 0.5373
[40, 100] Train Error: 0.0258 | Train Perf: 0.742 | Eval Error: 0.0287 | Eval Perf: 0.5368
[41, 100] Train Error: 0.025 | Train Perf: 0.7439 | Eval Error: 0.0283 | Eval Perf: 0.5408
[42, 100] Train Error: 0.0241 | Train Perf: 0.7536 | Eval Error: 0.0279 | Eval Perf: 0.542
[43, 100] Train Error: 0.0231 | Train Perf: 0.7487 | Eval Error: 0.0275 | Eval Perf: 0.538
[44, 100] Train Error: 0.0224 | Train Perf: 0.765 | Eval Error: 0.0272 | Eval Perf: 0.5396
[45, 100] Train Error: 0.0216 | Train Perf: 0.769 | Eval Error: 0.0269 | Eval Perf: 0.5392
[46, 100] Train Error: 0.0208 | Train Perf: 0.7741 | Eval Error: 0.0265 | Eval Perf: 0.5371
[47, 100] Train Error: 0.0199 | Train Perf: 0.7801 | Eval Error: 0.0264 | Eval Perf: 0.5326
[48, 100] Train Error: 0.0192 | Train Perf: 0.7899 | Eval Error: 0.0263 | Eval Perf: 0.5364
[49, 100] Train Error: 0.0186 | Train Perf: 0.7907 | Eval Error: 0.026 | Eval Perf: 0.5309
[50, 100] Train Error: 0.0178 | Train Perf: 0.7988 | Eval Error: 0.0258 | Eval Perf: 0.5279
[51, 100] Train Error: 0.0172 | Train Perf: 0.8037 | Eval Error: 0.0258 | Eval Perf: 0.5271
[52, 100] Train Error: 0.0166 | Train Perf: 0.8086 | Eval Error: 0.0258 | Eval Perf: 0.5264
[53, 100] Train Error: 0.016 | Train Perf: 0.8117 | Eval Error: 0.0257 | Eval Perf: 0.5211
[54, 100] Train Error: 0.0155 | Train Perf: 0.8162 | Eval Error: 0.0257 | Eval Perf: 0.5204
[55, 100] Train Error: 0.015 | Train Perf: 0.8207 | Eval Error: 0.0258 | Eval Perf: 0.5202
[56, 100] Train Error: 0.0145 | Train Perf: 0.8237 | Eval Error: 0.0257 | Eval Perf: 0.5157
[57, 100] Train Error: 0.014 | Train Perf: 0.8289 | Eval Error: 0.0258 | Eval Perf: 0.5136
[58, 100] Train Error: 0.0136 | Train Perf: 0.8332 | Eval Error: 0.0259 | Eval Perf: 0.5082
[59, 100] Train Error: 0.0132 | Train Perf: 0.8357 | Eval Error: 0.026 | Eval Perf: 0.5049
[60, 100] Train Error: 0.0128 | Train Perf: 0.8396 | Eval Error: 0.0261 | Eval Perf: 0.505
[61, 100] Train Error: 0.0124 | Train Perf: 0.8444 | Eval Error: 0.0262 | Eval Perf: 0.5045
[62, 100] Train Error: 0.0121 | Train Perf: 0.8477 | Eval Error: 0.0263 | Eval Perf: 0.5028
[63, 100] Train Error: 0.0117 | Train Perf: 0.8501 | Eval Error: 0.0264 | Eval Perf: 0.5007
[64, 100] Train Error: 0.0114 | Train Perf: 0.8549 | Eval Error: 0.0266 | Eval Perf: 0.501
[65, 100] Train Error: 0.0111 | Train Perf: 0.8566 | Eval Error: 0.0267 | Eval Perf: 0.4982
[66, 100] Train Error: 0.0108 | Train Perf: 0.8604 | Eval Error: 0.0268 | Eval Perf: 0.4947
[67, 100] Train Error: 0.0106 | Train Perf: 0.8637 | Eval Error: 0.027 | Eval Perf: 0.4927
[68, 100] Train Error: 0.0103 | Train Perf: 0.8676 | Eval Error: 0.0272 | Eval Perf: 0.4945
[69, 100] Train Error: 0.01 | Train Perf: 0.8694 | Eval Error: 0.0273 | Eval Perf: 0.489
[70, 100] Train Error: 0.0098 | Train Perf: 0.8733 | Eval Error: 0.0274 | Eval Perf: 0.488
[71, 100] Train Error: 0.0096 | Train Perf: 0.8741 | Eval Error: 0.0275 | Eval Perf: 0.4895
[72, 100] Train Error: 0.0094 | Train Perf: 0.8766 | Eval Error: 0.0277 | Eval Perf: 0.4888
[73, 100] Train Error: 0.0091 | Train Perf: 0.8798 | Eval Error: 0.0278 | Eval Perf: 0.485
[74, 100] Train Error: 0.009 | Train Perf: 0.8823 | Eval Error: 0.0279 | Eval Perf: 0.4853
[75, 100] Train Error: 0.0088 | Train Perf: 0.8839 | Eval Error: 0.0281 | Eval Perf: 0.4856
[76, 100] Train Error: 0.0086 | Train Perf: 0.8862 | Eval Error: 0.0282 | Eval Perf: 0.4877
[77, 100] Train Error: 0.0084 | Train Perf: 0.8874 | Eval Error: 0.0283 | Eval Perf: 0.4867
[78, 100] Train Error: 0.0083 | Train Perf: 0.8897 | Eval Error: 0.0285 | Eval Perf: 0.4862
[79, 100] Train Error: 0.0081 | Train Perf: 0.8913 | Eval Error: 0.0286 | Eval Perf: 0.4839
[80, 100] Train Error: 0.0079 | Train Perf: 0.8941 | Eval Error: 0.0287 | Eval Perf: 0.4797
[81, 100] Train Error: 0.0078 | Train Perf: 0.8949 | Eval Error: 0.0288 | Eval Perf: 0.4812
[82, 100] Train Error: 0.0077 | Train Perf: 0.8976 | Eval Error: 0.029 | Eval Perf: 0.484
[83, 100] Train Error: 0.0075 | Train Perf: 0.8981 | Eval Error: 0.029 | Eval Perf: 0.4812
[84, 100] Train Error: 0.0074 | Train Perf: 0.9006 | Eval Error: 0.0292 | Eval Perf: 0.4809
[85, 100] Train Error: 0.0073 | Train Perf: 0.9016 | Eval Error: 0.0292 | Eval Perf: 0.4788
[86, 100] Train Error: 0.0072 | Train Perf: 0.9036 | Eval Error: 0.0294 | Eval Perf: 0.4807
[87, 100] Train Error: 0.007 | Train Perf: 0.9053 | Eval Error: 0.0295 | Eval Perf: 0.4822
[88, 100] Train Error: 0.0069 | Train Perf: 0.9073 | Eval Error: 0.0297 | Eval Perf: 0.4837
[89, 100] Train Error: 0.0068 | Train Perf: 0.9073 | Eval Error: 0.0297 | Eval Perf: 0.4826
[90, 100] Train Error: 0.0067 | Train Perf: 0.9089 | Eval Error: 0.0297 | Eval Perf: 0.4773
[91, 100] Train Error: 0.0066 | Train Perf: 0.9103 | Eval Error: 0.0299 | Eval Perf: 0.4786
[92, 100] Train Error: 0.0064 | Train Perf: 0.9135 | Eval Error: 0.0302 | Eval Perf: 0.4825
[93, 100] Train Error: 0.0065 | Train Perf: 0.9117 | Eval Error: 0.0301 | Eval Perf: 0.4791
[94, 100] Train Error: 0.0063 | Train Perf: 0.9137 | Eval Error: 0.0301 | Eval Perf: 0.4771
[95, 100] Train Error: 0.0063 | Train Perf: 0.9149 | Eval Error: 0.0303 | Eval Perf: 0.4782
[96, 100] Train Error: 0.0062 | Train Perf: 0.9161 | Eval Error: 0.0303 | Eval Perf: 0.4761
[97, 100] Train Error: 0.006 | Train Perf: 0.9183 | Eval Error: 0.0305 | Eval Perf: 0.4789
[98, 100] Train Error: 0.006 | Train Perf: 0.918 | Eval Error: 0.0306 | Eval Perf: 0.4779
[99, 100] Train Error: 0.0059 | Train Perf: 0.9191 | Eval Error: 0.0306 | Eval Perf: 0.4771
[100, 100] Train Error: 0.0058 | Train Perf: 0.9202 | Eval Error: 0.0307 | Eval Perf: 0.478
