NETWORK SUMMARY
---------------
Input Layer shape: (1, 180)
Hidden Layer shape: (181, 5)
Output layer shape: (6, 1)
Total parameters: 911

[1, 100] Train Error: 0.0244 | Train Perf: -0.0588 | Eval Error: 0.0223 | Eval Perf: -0.1457
[2, 100] Train Error: 0.0201 | Train Perf: -0.073 | Eval Error: 0.0217 | Eval Perf: -0.0608
[3, 100] Train Error: 0.0197 | Train Perf: -0.0083 | Eval Error: 0.0216 | Eval Perf: 0.0422
[4, 100] Train Error: 0.0195 | Train Perf: 0.115 | Eval Error: 0.0215 | Eval Perf: 0.1351
[5, 100] Train Error: 0.0193 | Train Perf: 0.1997 | Eval Error: 0.0215 | Eval Perf: 0.2017
[6, 100] Train Error: 0.0191 | Train Perf: 0.2673 | Eval Error: 0.0214 | Eval Perf: 0.2595
[7, 100] Train Error: 0.0189 | Train Perf: 0.3402 | Eval Error: 0.0212 | Eval Perf: 0.3267
[8, 100] Train Error: 0.0186 | Train Perf: 0.3853 | Eval Error: 0.021 | Eval Perf: 0.3704
[9, 100] Train Error: 0.0184 | Train Perf: 0.3861 | Eval Error: 0.0209 | Eval Perf: 0.3855
[10, 100] Train Error: 0.0182 | Train Perf: 0.4576 | Eval Error: 0.0208 | Eval Perf: 0.4075
[11, 100] Train Error: 0.018 | Train Perf: 0.4977 | Eval Error: 0.0206 | Eval Perf: 0.4395
[12, 100] Train Error: 0.0176 | Train Perf: 0.5155 | Eval Error: 0.0204 | Eval Perf: 0.4631
[13, 100] Train Error: 0.0174 | Train Perf: 0.5636 | Eval Error: 0.0202 | Eval Perf: 0.4807
[14, 100] Train Error: 0.017 | Train Perf: 0.582 | Eval Error: 0.02 | Eval Perf: 0.4894
[15, 100] Train Error: 0.0167 | Train Perf: 0.6088 | Eval Error: 0.0198 | Eval Perf: 0.5021
[16, 100] Train Error: 0.0163 | Train Perf: 0.6293 | Eval Error: 0.0196 | Eval Perf: 0.5124
[17, 100] Train Error: 0.0159 | Train Perf: 0.639 | Eval Error: 0.0191 | Eval Perf: 0.5326
[18, 100] Train Error: 0.0153 | Train Perf: 0.6461 | Eval Error: 0.0188 | Eval Perf: 0.5515
[19, 100] Train Error: 0.015 | Train Perf: 0.6774 | Eval Error: 0.0185 | Eval Perf: 0.5577
[20, 100] Train Error: 0.0145 | Train Perf: 0.6943 | Eval Error: 0.0182 | Eval Perf: 0.5615
[21, 100] Train Error: 0.014 | Train Perf: 0.7155 | Eval Error: 0.0178 | Eval Perf: 0.5697
[22, 100] Train Error: 0.0135 | Train Perf: 0.7266 | Eval Error: 0.0175 | Eval Perf: 0.575
[23, 100] Train Error: 0.013 | Train Perf: 0.7443 | Eval Error: 0.0172 | Eval Perf: 0.5813
[24, 100] Train Error: 0.0124 | Train Perf: 0.7567 | Eval Error: 0.0169 | Eval Perf: 0.5888
[25, 100] Train Error: 0.012 | Train Perf: 0.7781 | Eval Error: 0.0165 | Eval Perf: 0.5908
[26, 100] Train Error: 0.0116 | Train Perf: 0.7756 | Eval Error: 0.0162 | Eval Perf: 0.5943
[27, 100] Train Error: 0.011 | Train Perf: 0.7875 | Eval Error: 0.0159 | Eval Perf: 0.5961
[28, 100] Train Error: 0.0106 | Train Perf: 0.7884 | Eval Error: 0.0156 | Eval Perf: 0.6022
[29, 100] Train Error: 0.0101 | Train Perf: 0.806 | Eval Error: 0.0154 | Eval Perf: 0.6054
[30, 100] Train Error: 0.0096 | Train Perf: 0.817 | Eval Error: 0.0151 | Eval Perf: 0.6057
[31, 100] Train Error: 0.0092 | Train Perf: 0.8208 | Eval Error: 0.015 | Eval Perf: 0.6109
[32, 100] Train Error: 0.0089 | Train Perf: 0.8261 | Eval Error: 0.0146 | Eval Perf: 0.6128
[33, 100] Train Error: 0.0085 | Train Perf: 0.8318 | Eval Error: 0.0144 | Eval Perf: 0.6162
[34, 100] Train Error: 0.0082 | Train Perf: 0.8378 | Eval Error: 0.0142 | Eval Perf: 0.6187
[35, 100] Train Error: 0.0079 | Train Perf: 0.8371 | Eval Error: 0.014 | Eval Perf: 0.6216
[36, 100] Train Error: 0.0075 | Train Perf: 0.8438 | Eval Error: 0.0139 | Eval Perf: 0.6246
[37, 100] Train Error: 0.0072 | Train Perf: 0.8489 | Eval Error: 0.014 | Eval Perf: 0.6278
[38, 100] Train Error: 0.007 | Train Perf: 0.8515 | Eval Error: 0.0138 | Eval Perf: 0.6308
[39, 100] Train Error: 0.0067 | Train Perf: 0.8594 | Eval Error: 0.0135 | Eval Perf: 0.634
[40, 100] Train Error: 0.0065 | Train Perf: 0.86 | Eval Error: 0.0133 | Eval Perf: 0.6374
[41, 100] Train Error: 0.0062 | Train Perf: 0.8656 | Eval Error: 0.0138 | Eval Perf: 0.64
[42, 100] Train Error: 0.0061 | Train Perf: 0.8679 | Eval Error: 0.0131 | Eval Perf: 0.6434
[43, 100] Train Error: 0.0057 | Train Perf: 0.8748 | Eval Error: 0.0128 | Eval Perf: 0.6451
[44, 100] Train Error: 0.0057 | Train Perf: 0.8703 | Eval Error: 0.0127 | Eval Perf: 0.6494
[45, 100] Train Error: 0.0055 | Train Perf: 0.8734 | Eval Error: 0.0132 | Eval Perf: 0.6521
[46, 100] Train Error: 0.0054 | Train Perf: 0.8771 | Eval Error: 0.0129 | Eval Perf: 0.6553
[47, 100] Train Error: 0.0052 | Train Perf: 0.8801 | Eval Error: 0.0125 | Eval Perf: 0.6579
[48, 100] Train Error: 0.0051 | Train Perf: 0.8804 | Eval Error: 0.0124 | Eval Perf: 0.66
[49, 100] Train Error: 0.005 | Train Perf: 0.884 | Eval Error: 0.0124 | Eval Perf: 0.6626
[50, 100] Train Error: 0.0048 | Train Perf: 0.8856 | Eval Error: 0.0124 | Eval Perf: 0.6641
[51, 100] Train Error: 0.0047 | Train Perf: 0.8881 | Eval Error: 0.0122 | Eval Perf: 0.6667
[52, 100] Train Error: 0.0046 | Train Perf: 0.8892 | Eval Error: 0.0125 | Eval Perf: 0.6688
[53, 100] Train Error: 0.0045 | Train Perf: 0.8936 | Eval Error: 0.012 | Eval Perf: 0.6707
[54, 100] Train Error: 0.0045 | Train Perf: 0.8935 | Eval Error: 0.0122 | Eval Perf: 0.6733
[55, 100] Train Error: 0.0043 | Train Perf: 0.8972 | Eval Error: 0.0122 | Eval Perf: 0.6756
[56, 100] Train Error: 0.0042 | Train Perf: 0.8976 | Eval Error: 0.0122 | Eval Perf: 0.677
[57, 100] Train Error: 0.0042 | Train Perf: 0.9 | Eval Error: 0.012 | Eval Perf: 0.6792
[58, 100] Train Error: 0.0041 | Train Perf: 0.9022 | Eval Error: 0.0121 | Eval Perf: 0.6816
[59, 100] Train Error: 0.004 | Train Perf: 0.9032 | Eval Error: 0.012 | Eval Perf: 0.6841
[60, 100] Train Error: 0.0039 | Train Perf: 0.9061 | Eval Error: 0.0122 | Eval Perf: 0.6857
[61, 100] Train Error: 0.0038 | Train Perf: 0.9062 | Eval Error: 0.0118 | Eval Perf: 0.6869
[62, 100] Train Error: 0.0038 | Train Perf: 0.9072 | Eval Error: 0.0119 | Eval Perf: 0.6881
[63, 100] Train Error: 0.0037 | Train Perf: 0.9093 | Eval Error: 0.0117 | Eval Perf: 0.69
[64, 100] Train Error: 0.0036 | Train Perf: 0.9105 | Eval Error: 0.0116 | Eval Perf: 0.6913
[65, 100] Train Error: 0.0036 | Train Perf: 0.9119 | Eval Error: 0.0116 | Eval Perf: 0.6932
[66, 100] Train Error: 0.0035 | Train Perf: 0.9133 | Eval Error: 0.0117 | Eval Perf: 0.6945
[67, 100] Train Error: 0.0034 | Train Perf: 0.9181 | Eval Error: 0.0123 | Eval Perf: 0.6961
[68, 100] Train Error: 0.0034 | Train Perf: 0.9156 | Eval Error: 0.0116 | Eval Perf: 0.6976
[69, 100] Train Error: 0.0033 | Train Perf: 0.9171 | Eval Error: 0.0114 | Eval Perf: 0.6987
[70, 100] Train Error: 0.0032 | Train Perf: 0.9222 | Eval Error: 0.0117 | Eval Perf: 0.6992
[71, 100] Train Error: 0.0032 | Train Perf: 0.9199 | Eval Error: 0.0119 | Eval Perf: 0.7
[72, 100] Train Error: 0.0031 | Train Perf: 0.9241 | Eval Error: 0.0114 | Eval Perf: 0.7013
[73, 100] Train Error: 0.0031 | Train Perf: 0.9236 | Eval Error: 0.0117 | Eval Perf: 0.7023
[74, 100] Train Error: 0.003 | Train Perf: 0.9251 | Eval Error: 0.0111 | Eval Perf: 0.7028
[75, 100] Train Error: 0.0031 | Train Perf: 0.9241 | Eval Error: 0.0114 | Eval Perf: 0.704
[76, 100] Train Error: 0.003 | Train Perf: 0.9265 | Eval Error: 0.0112 | Eval Perf: 0.705
[77, 100] Train Error: 0.0028 | Train Perf: 0.9297 | Eval Error: 0.0118 | Eval Perf: 0.7051
[78, 100] Train Error: 0.0028 | Train Perf: 0.9292 | Eval Error: 0.011 | Eval Perf: 0.7056
[79, 100] Train Error: 0.0029 | Train Perf: 0.9283 | Eval Error: 0.0113 | Eval Perf: 0.7073
[80, 100] Train Error: 0.0028 | Train Perf: 0.9295 | Eval Error: 0.0113 | Eval Perf: 0.7082
[81, 100] Train Error: 0.0027 | Train Perf: 0.9317 | Eval Error: 0.011 | Eval Perf: 0.7089
[82, 100] Train Error: 0.0027 | Train Perf: 0.9335 | Eval Error: 0.0117 | Eval Perf: 0.7101
[83, 100] Train Error: 0.0027 | Train Perf: 0.9328 | Eval Error: 0.0113 | Eval Perf: 0.7105
[84, 100] Train Error: 0.0026 | Train Perf: 0.9342 | Eval Error: 0.0117 | Eval Perf: 0.7097
[85, 100] Train Error: 0.0026 | Train Perf: 0.9348 | Eval Error: 0.0112 | Eval Perf: 0.7104
[86, 100] Train Error: 0.0025 | Train Perf: 0.9367 | Eval Error: 0.011 | Eval Perf: 0.7113
[87, 100] Train Error: 0.0025 | Train Perf: 0.9368 | Eval Error: 0.0118 | Eval Perf: 0.7122
[88, 100] Train Error: 0.0025 | Train Perf: 0.9362 | Eval Error: 0.0109 | Eval Perf: 0.7125
[89, 100] Train Error: 0.0025 | Train Perf: 0.9369 | Eval Error: 0.0113 | Eval Perf: 0.713
[90, 100] Train Error: 0.0025 | Train Perf: 0.938 | Eval Error: 0.0113 | Eval Perf: 0.7131
[91, 100] Train Error: 0.0023 | Train Perf: 0.9409 | Eval Error: 0.0108 | Eval Perf: 0.7124
[92, 100] Train Error: 0.0024 | Train Perf: 0.94 | Eval Error: 0.0116 | Eval Perf: 0.7137
[93, 100] Train Error: 0.0024 | Train Perf: 0.9403 | Eval Error: 0.011 | Eval Perf: 0.7138
[94, 100] Train Error: 0.0023 | Train Perf: 0.9411 | Eval Error: 0.011 | Eval Perf: 0.7149
[95, 100] Train Error: 0.0023 | Train Perf: 0.9414 | Eval Error: 0.0114 | Eval Perf: 0.7159
[96, 100] Train Error: 0.0023 | Train Perf: 0.9428 | Eval Error: 0.0116 | Eval Perf: 0.716
[97, 100] Train Error: 0.0022 | Train Perf: 0.9453 | Eval Error: 0.0121 | Eval Perf: 0.7162
[98, 100] Train Error: 0.0022 | Train Perf: 0.9454 | Eval Error: 0.0109 | Eval Perf: 0.7163
[99, 100] Train Error: 0.0021 | Train Perf: 0.9459 | Eval Error: 0.0112 | Eval Perf: 0.7165
[100, 100] Train Error: 0.0022 | Train Perf: 0.9457 | Eval Error: 0.0116 | Eval Perf: 0.7173
