NETWORK SUMMARY
---------------
Input Layer shape: (1, 180)
Hidden Layer shape: (181, 5)
Output layer shape: (6, 1)
Total parameters: 911

[1, 100] Train Error: 0.0251 | Train Perf: 0.6817 | Eval Error: 0.0207 | Eval Perf: 0.8222
[2, 100] Train Error: 0.0142 | Train Perf: 0.8367 | Eval Error: 0.0125 | Eval Perf: 0.8577
[3, 100] Train Error: 0.013 | Train Perf: 0.8516 | Eval Error: 0.0121 | Eval Perf: 0.8635
[4, 100] Train Error: 0.0121 | Train Perf: 0.8619 | Eval Error: 0.0118 | Eval Perf: 0.8682
[5, 100] Train Error: 0.0117 | Train Perf: 0.8676 | Eval Error: 0.0117 | Eval Perf: 0.8681
[6, 100] Train Error: 0.0113 | Train Perf: 0.872 | Eval Error: 0.0109 | Eval Perf: 0.879
[7, 100] Train Error: 0.0107 | Train Perf: 0.8784 | Eval Error: 0.0108 | Eval Perf: 0.8778
[8, 100] Train Error: 0.0106 | Train Perf: 0.8802 | Eval Error: 0.0111 | Eval Perf: 0.8797
[9, 100] Train Error: 0.0103 | Train Perf: 0.8844 | Eval Error: 0.0117 | Eval Perf: 0.874
[10, 100] Train Error: 0.0101 | Train Perf: 0.8859 | Eval Error: 0.0106 | Eval Perf: 0.8802
[11, 100] Train Error: 0.0099 | Train Perf: 0.8882 | Eval Error: 0.0112 | Eval Perf: 0.8783
[12, 100] Train Error: 0.0096 | Train Perf: 0.8918 | Eval Error: 0.0106 | Eval Perf: 0.8813
[13, 100] Train Error: 0.0094 | Train Perf: 0.895 | Eval Error: 0.0114 | Eval Perf: 0.8775
[14, 100] Train Error: 0.0094 | Train Perf: 0.8952 | Eval Error: 0.0108 | Eval Perf: 0.8777
[15, 100] Train Error: 0.0091 | Train Perf: 0.8982 | Eval Error: 0.0108 | Eval Perf: 0.8803
[16, 100] Train Error: 0.0089 | Train Perf: 0.8999 | Eval Error: 0.0109 | Eval Perf: 0.8808
[17, 100] Train Error: 0.0088 | Train Perf: 0.9015 | Eval Error: 0.0109 | Eval Perf: 0.8772
[18, 100] Train Error: 0.0085 | Train Perf: 0.9047 | Eval Error: 0.0116 | Eval Perf: 0.8744
[19, 100] Train Error: 0.0086 | Train Perf: 0.9046 | Eval Error: 0.011 | Eval Perf: 0.8777
[20, 100] Train Error: 0.0084 | Train Perf: 0.9068 | Eval Error: 0.0114 | Eval Perf: 0.8758
[21, 100] Train Error: 0.0081 | Train Perf: 0.91 | Eval Error: 0.0118 | Eval Perf: 0.8696
[22, 100] Train Error: 0.0081 | Train Perf: 0.91 | Eval Error: 0.0116 | Eval Perf: 0.8719
[23, 100] Train Error: 0.008 | Train Perf: 0.9116 | Eval Error: 0.0127 | Eval Perf: 0.8687
[24, 100] Train Error: 0.0079 | Train Perf: 0.9124 | Eval Error: 0.0119 | Eval Perf: 0.8696
[25, 100] Train Error: 0.0077 | Train Perf: 0.9142 | Eval Error: 0.0153 | Eval Perf: 0.8652
[26, 100] Train Error: 0.0076 | Train Perf: 0.9161 | Eval Error: 0.0126 | Eval Perf: 0.8687
[27, 100] Train Error: 0.0076 | Train Perf: 0.916 | Eval Error: 0.0132 | Eval Perf: 0.8597
[28, 100] Train Error: 0.0074 | Train Perf: 0.9179 | Eval Error: 0.0121 | Eval Perf: 0.8641
[29, 100] Train Error: 0.0074 | Train Perf: 0.9184 | Eval Error: 0.012 | Eval Perf: 0.8685
[30, 100] Train Error: 0.0073 | Train Perf: 0.9198 | Eval Error: 0.0122 | Eval Perf: 0.8634
[31, 100] Train Error: 0.0072 | Train Perf: 0.9202 | Eval Error: 0.0126 | Eval Perf: 0.8657
[32, 100] Train Error: 0.0071 | Train Perf: 0.9218 | Eval Error: 0.0125 | Eval Perf: 0.8642
[33, 100] Train Error: 0.007 | Train Perf: 0.9229 | Eval Error: 0.0125 | Eval Perf: 0.8609
[34, 100] Train Error: 0.007 | Train Perf: 0.923 | Eval Error: 0.0124 | Eval Perf: 0.8609
[35, 100] Train Error: 0.0069 | Train Perf: 0.9239 | Eval Error: 0.0131 | Eval Perf: 0.8576
[36, 100] Train Error: 0.0068 | Train Perf: 0.9251 | Eval Error: 0.0132 | Eval Perf: 0.8606
[37, 100] Train Error: 0.0066 | Train Perf: 0.9269 | Eval Error: 0.0134 | Eval Perf: 0.8585
[38, 100] Train Error: 0.0066 | Train Perf: 0.9276 | Eval Error: 0.0127 | Eval Perf: 0.861
[39, 100] Train Error: 0.0065 | Train Perf: 0.928 | Eval Error: 0.0132 | Eval Perf: 0.8562
[40, 100] Train Error: 0.0064 | Train Perf: 0.9297 | Eval Error: 0.0129 | Eval Perf: 0.8576
[41, 100] Train Error: 0.0063 | Train Perf: 0.9303 | Eval Error: 0.0135 | Eval Perf: 0.8578
[42, 100] Train Error: 0.0063 | Train Perf: 0.931 | Eval Error: 0.0154 | Eval Perf: 0.8541
[43, 100] Train Error: 0.0062 | Train Perf: 0.9321 | Eval Error: 0.0134 | Eval Perf: 0.8561
[44, 100] Train Error: 0.0061 | Train Perf: 0.9324 | Eval Error: 0.0143 | Eval Perf: 0.857
[45, 100] Train Error: 0.0061 | Train Perf: 0.9331 | Eval Error: 0.0134 | Eval Perf: 0.8571
[46, 100] Train Error: 0.006 | Train Perf: 0.9339 | Eval Error: 0.0132 | Eval Perf: 0.8565
[47, 100] Train Error: 0.0059 | Train Perf: 0.9354 | Eval Error: 0.0148 | Eval Perf: 0.8524
[48, 100] Train Error: 0.0058 | Train Perf: 0.9362 | Eval Error: 0.0142 | Eval Perf: 0.8537
[49, 100] Train Error: 0.0058 | Train Perf: 0.9364 | Eval Error: 0.0135 | Eval Perf: 0.8556
[50, 100] Train Error: 0.0058 | Train Perf: 0.9368 | Eval Error: 0.0145 | Eval Perf: 0.8498
[51, 100] Train Error: 0.0057 | Train Perf: 0.9375 | Eval Error: 0.0141 | Eval Perf: 0.8499
[52, 100] Train Error: 0.0055 | Train Perf: 0.9396 | Eval Error: 0.0149 | Eval Perf: 0.8522
[53, 100] Train Error: 0.0056 | Train Perf: 0.9391 | Eval Error: 0.014 | Eval Perf: 0.8475
[54, 100] Train Error: 0.0055 | Train Perf: 0.9398 | Eval Error: 0.0147 | Eval Perf: 0.8524
[55, 100] Train Error: 0.0055 | Train Perf: 0.9401 | Eval Error: 0.0144 | Eval Perf: 0.8478
[56, 100] Train Error: 0.0054 | Train Perf: 0.9415 | Eval Error: 0.015 | Eval Perf: 0.8517
[57, 100] Train Error: 0.0054 | Train Perf: 0.9414 | Eval Error: 0.0153 | Eval Perf: 0.843
[58, 100] Train Error: 0.0053 | Train Perf: 0.9422 | Eval Error: 0.0146 | Eval Perf: 0.8475
[59, 100] Train Error: 0.0053 | Train Perf: 0.9421 | Eval Error: 0.0144 | Eval Perf: 0.8461
[60, 100] Train Error: 0.0052 | Train Perf: 0.9436 | Eval Error: 0.0149 | Eval Perf: 0.8467
[61, 100] Train Error: 0.0053 | Train Perf: 0.9426 | Eval Error: 0.0146 | Eval Perf: 0.8436
[62, 100] Train Error: 0.0052 | Train Perf: 0.9436 | Eval Error: 0.015 | Eval Perf: 0.8513
[63, 100] Train Error: 0.0051 | Train Perf: 0.9442 | Eval Error: 0.0147 | Eval Perf: 0.841
[64, 100] Train Error: 0.0051 | Train Perf: 0.9445 | Eval Error: 0.0149 | Eval Perf: 0.8452
[65, 100] Train Error: 0.0051 | Train Perf: 0.9444 | Eval Error: 0.0151 | Eval Perf: 0.8445
[66, 100] Train Error: 0.0051 | Train Perf: 0.945 | Eval Error: 0.0147 | Eval Perf: 0.843
[67, 100] Train Error: 0.005 | Train Perf: 0.9452 | Eval Error: 0.0151 | Eval Perf: 0.8417
[68, 100] Train Error: 0.005 | Train Perf: 0.9456 | Eval Error: 0.0169 | Eval Perf: 0.8411
[69, 100] Train Error: 0.0049 | Train Perf: 0.9465 | Eval Error: 0.0161 | Eval Perf: 0.8367
[70, 100] Train Error: 0.005 | Train Perf: 0.9457 | Eval Error: 0.0149 | Eval Perf: 0.8438
[71, 100] Train Error: 0.005 | Train Perf: 0.9461 | Eval Error: 0.0152 | Eval Perf: 0.8428
[72, 100] Train Error: 0.0049 | Train Perf: 0.9467 | Eval Error: 0.0153 | Eval Perf: 0.8426
[73, 100] Train Error: 0.0049 | Train Perf: 0.9471 | Eval Error: 0.0163 | Eval Perf: 0.8377
[74, 100] Train Error: 0.0048 | Train Perf: 0.9472 | Eval Error: 0.0158 | Eval Perf: 0.8363
[75, 100] Train Error: 0.0048 | Train Perf: 0.9476 | Eval Error: 0.0176 | Eval Perf: 0.8352
[76, 100] Train Error: 0.0048 | Train Perf: 0.9476 | Eval Error: 0.0161 | Eval Perf: 0.8381
[77, 100] Train Error: 0.0048 | Train Perf: 0.9483 | Eval Error: 0.0169 | Eval Perf: 0.8346
[78, 100] Train Error: 0.0048 | Train Perf: 0.9482 | Eval Error: 0.0161 | Eval Perf: 0.8339
[79, 100] Train Error: 0.0047 | Train Perf: 0.9487 | Eval Error: 0.016 | Eval Perf: 0.8361
[80, 100] Train Error: 0.0048 | Train Perf: 0.9483 | Eval Error: 0.016 | Eval Perf: 0.8332
[81, 100] Train Error: 0.0047 | Train Perf: 0.9489 | Eval Error: 0.0162 | Eval Perf: 0.8305
[82, 100] Train Error: 0.0047 | Train Perf: 0.9491 | Eval Error: 0.0163 | Eval Perf: 0.8325
[83, 100] Train Error: 0.0047 | Train Perf: 0.949 | Eval Error: 0.0158 | Eval Perf: 0.8345
[84, 100] Train Error: 0.0047 | Train Perf: 0.9493 | Eval Error: 0.0166 | Eval Perf: 0.8346
[85, 100] Train Error: 0.0047 | Train Perf: 0.949 | Eval Error: 0.0158 | Eval Perf: 0.8337
[86, 100] Train Error: 0.0046 | Train Perf: 0.9502 | Eval Error: 0.0173 | Eval Perf: 0.8331
[87, 100] Train Error: 0.0046 | Train Perf: 0.95 | Eval Error: 0.0166 | Eval Perf: 0.8343
[88, 100] Train Error: 0.0046 | Train Perf: 0.95 | Eval Error: 0.0168 | Eval Perf: 0.8322
[89, 100] Train Error: 0.0045 | Train Perf: 0.9509 | Eval Error: 0.0162 | Eval Perf: 0.828
[90, 100] Train Error: 0.0046 | Train Perf: 0.9504 | Eval Error: 0.0165 | Eval Perf: 0.8304
[91, 100] Train Error: 0.0046 | Train Perf: 0.9502 | Eval Error: 0.0164 | Eval Perf: 0.8338
[92, 100] Train Error: 0.0045 | Train Perf: 0.9506 | Eval Error: 0.0171 | Eval Perf: 0.832
[93, 100] Train Error: 0.0045 | Train Perf: 0.951 | Eval Error: 0.017 | Eval Perf: 0.8328
[94, 100] Train Error: 0.0045 | Train Perf: 0.9507 | Eval Error: 0.0162 | Eval Perf: 0.8309
[95, 100] Train Error: 0.0045 | Train Perf: 0.9513 | Eval Error: 0.0169 | Eval Perf: 0.8311
[96, 100] Train Error: 0.0045 | Train Perf: 0.9515 | Eval Error: 0.0178 | Eval Perf: 0.8291
[97, 100] Train Error: 0.0045 | Train Perf: 0.9515 | Eval Error: 0.0169 | Eval Perf: 0.8249
[98, 100] Train Error: 0.0044 | Train Perf: 0.9518 | Eval Error: 0.0166 | Eval Perf: 0.8259
[99, 100] Train Error: 0.0045 | Train Perf: 0.9517 | Eval Error: 0.0173 | Eval Perf: 0.8349
[100, 100] Train Error: 0.0044 | Train Perf: 0.9522 | Eval Error: 0.0172 | Eval Perf: 0.8265
