NETWORK SUMMARY
---------------
Input Layer shape: (1, 180)
Hidden Layer shape: (181, 5)
Output layer shape: (6, 1)
Total parameters: 911

[1, 100] Train Error: 0.0245 | Train Perf: 0.6913 | Eval Error: 0.016 | Eval Perf: 0.8237
[2, 100] Train Error: 0.014 | Train Perf: 0.8391 | Eval Error: 0.0141 | Eval Perf: 0.8398
[3, 100] Train Error: 0.0126 | Train Perf: 0.857 | Eval Error: 0.013 | Eval Perf: 0.8561
[4, 100] Train Error: 0.012 | Train Perf: 0.8637 | Eval Error: 0.0128 | Eval Perf: 0.8544
[5, 100] Train Error: 0.0114 | Train Perf: 0.8703 | Eval Error: 0.0123 | Eval Perf: 0.8602
[6, 100] Train Error: 0.011 | Train Perf: 0.8758 | Eval Error: 0.0122 | Eval Perf: 0.8658
[7, 100] Train Error: 0.0105 | Train Perf: 0.8809 | Eval Error: 0.0121 | Eval Perf: 0.8648
[8, 100] Train Error: 0.0103 | Train Perf: 0.8838 | Eval Error: 0.0126 | Eval Perf: 0.8664
[9, 100] Train Error: 0.0101 | Train Perf: 0.8865 | Eval Error: 0.0119 | Eval Perf: 0.8646
[10, 100] Train Error: 0.0098 | Train Perf: 0.8896 | Eval Error: 0.0118 | Eval Perf: 0.8664
[11, 100] Train Error: 0.0096 | Train Perf: 0.8923 | Eval Error: 0.0118 | Eval Perf: 0.8656
[12, 100] Train Error: 0.0093 | Train Perf: 0.8962 | Eval Error: 0.0119 | Eval Perf: 0.8657
[13, 100] Train Error: 0.0091 | Train Perf: 0.8984 | Eval Error: 0.0127 | Eval Perf: 0.8656
[14, 100] Train Error: 0.0091 | Train Perf: 0.8988 | Eval Error: 0.0125 | Eval Perf: 0.862
[15, 100] Train Error: 0.0087 | Train Perf: 0.9024 | Eval Error: 0.0125 | Eval Perf: 0.8615
[16, 100] Train Error: 0.0087 | Train Perf: 0.9036 | Eval Error: 0.0126 | Eval Perf: 0.8632
[17, 100] Train Error: 0.0085 | Train Perf: 0.9061 | Eval Error: 0.0123 | Eval Perf: 0.8619
[18, 100] Train Error: 0.0083 | Train Perf: 0.9084 | Eval Error: 0.0131 | Eval Perf: 0.856
[19, 100] Train Error: 0.0082 | Train Perf: 0.9087 | Eval Error: 0.0131 | Eval Perf: 0.8574
[20, 100] Train Error: 0.0081 | Train Perf: 0.91 | Eval Error: 0.0135 | Eval Perf: 0.8578
[21, 100] Train Error: 0.0079 | Train Perf: 0.9127 | Eval Error: 0.0127 | Eval Perf: 0.8598
[22, 100] Train Error: 0.0078 | Train Perf: 0.914 | Eval Error: 0.0128 | Eval Perf: 0.8566
[23, 100] Train Error: 0.0077 | Train Perf: 0.9146 | Eval Error: 0.0133 | Eval Perf: 0.8536
[24, 100] Train Error: 0.0077 | Train Perf: 0.9153 | Eval Error: 0.0133 | Eval Perf: 0.852
[25, 100] Train Error: 0.0075 | Train Perf: 0.9171 | Eval Error: 0.0151 | Eval Perf: 0.8523
[26, 100] Train Error: 0.0075 | Train Perf: 0.918 | Eval Error: 0.0132 | Eval Perf: 0.8531
[27, 100] Train Error: 0.0073 | Train Perf: 0.9196 | Eval Error: 0.0137 | Eval Perf: 0.8507
[28, 100] Train Error: 0.0073 | Train Perf: 0.9194 | Eval Error: 0.0146 | Eval Perf: 0.8433
[29, 100] Train Error: 0.0073 | Train Perf: 0.9198 | Eval Error: 0.0138 | Eval Perf: 0.8487
[30, 100] Train Error: 0.0072 | Train Perf: 0.9208 | Eval Error: 0.0143 | Eval Perf: 0.846
[31, 100] Train Error: 0.0072 | Train Perf: 0.9214 | Eval Error: 0.0136 | Eval Perf: 0.8514
[32, 100] Train Error: 0.0071 | Train Perf: 0.9227 | Eval Error: 0.0138 | Eval Perf: 0.8474
[33, 100] Train Error: 0.007 | Train Perf: 0.923 | Eval Error: 0.0141 | Eval Perf: 0.8485
[34, 100] Train Error: 0.007 | Train Perf: 0.9237 | Eval Error: 0.0138 | Eval Perf: 0.8471
[35, 100] Train Error: 0.007 | Train Perf: 0.9233 | Eval Error: 0.0145 | Eval Perf: 0.8453
[36, 100] Train Error: 0.0068 | Train Perf: 0.9254 | Eval Error: 0.0139 | Eval Perf: 0.8451
[37, 100] Train Error: 0.0068 | Train Perf: 0.9258 | Eval Error: 0.0144 | Eval Perf: 0.8417
[38, 100] Train Error: 0.0067 | Train Perf: 0.9266 | Eval Error: 0.0156 | Eval Perf: 0.8397
[39, 100] Train Error: 0.0067 | Train Perf: 0.9266 | Eval Error: 0.0142 | Eval Perf: 0.8438
[40, 100] Train Error: 0.0066 | Train Perf: 0.9278 | Eval Error: 0.0143 | Eval Perf: 0.8425
[41, 100] Train Error: 0.0066 | Train Perf: 0.9275 | Eval Error: 0.0143 | Eval Perf: 0.8461
[42, 100] Train Error: 0.0067 | Train Perf: 0.9273 | Eval Error: 0.0143 | Eval Perf: 0.8437
[43, 100] Train Error: 0.0065 | Train Perf: 0.9286 | Eval Error: 0.0144 | Eval Perf: 0.8454
[44, 100] Train Error: 0.0065 | Train Perf: 0.9286 | Eval Error: 0.0143 | Eval Perf: 0.8439
[45, 100] Train Error: 0.0065 | Train Perf: 0.9295 | Eval Error: 0.0145 | Eval Perf: 0.8437
[46, 100] Train Error: 0.0064 | Train Perf: 0.9303 | Eval Error: 0.0143 | Eval Perf: 0.8418
[47, 100] Train Error: 0.0063 | Train Perf: 0.9315 | Eval Error: 0.0147 | Eval Perf: 0.8374
[48, 100] Train Error: 0.0062 | Train Perf: 0.9321 | Eval Error: 0.0149 | Eval Perf: 0.8436
[49, 100] Train Error: 0.0062 | Train Perf: 0.932 | Eval Error: 0.0147 | Eval Perf: 0.8418
[50, 100] Train Error: 0.0062 | Train Perf: 0.9326 | Eval Error: 0.015 | Eval Perf: 0.8378
[51, 100] Train Error: 0.0061 | Train Perf: 0.9336 | Eval Error: 0.0147 | Eval Perf: 0.8395
[52, 100] Train Error: 0.006 | Train Perf: 0.935 | Eval Error: 0.0146 | Eval Perf: 0.8408
[53, 100] Train Error: 0.0059 | Train Perf: 0.9354 | Eval Error: 0.0148 | Eval Perf: 0.8392
[54, 100] Train Error: 0.0059 | Train Perf: 0.9357 | Eval Error: 0.0151 | Eval Perf: 0.8378
[55, 100] Train Error: 0.0058 | Train Perf: 0.9369 | Eval Error: 0.0149 | Eval Perf: 0.8379
[56, 100] Train Error: 0.0058 | Train Perf: 0.9368 | Eval Error: 0.0152 | Eval Perf: 0.8366
[57, 100] Train Error: 0.0058 | Train Perf: 0.9373 | Eval Error: 0.0155 | Eval Perf: 0.8334
[58, 100] Train Error: 0.0057 | Train Perf: 0.9379 | Eval Error: 0.0151 | Eval Perf: 0.8368
[59, 100] Train Error: 0.0057 | Train Perf: 0.9384 | Eval Error: 0.0152 | Eval Perf: 0.8332
[60, 100] Train Error: 0.0057 | Train Perf: 0.9385 | Eval Error: 0.0152 | Eval Perf: 0.8334
[61, 100] Train Error: 0.0056 | Train Perf: 0.9392 | Eval Error: 0.0154 | Eval Perf: 0.8325
[62, 100] Train Error: 0.0056 | Train Perf: 0.9392 | Eval Error: 0.0159 | Eval Perf: 0.8321
[63, 100] Train Error: 0.0055 | Train Perf: 0.9409 | Eval Error: 0.0159 | Eval Perf: 0.83
[64, 100] Train Error: 0.0055 | Train Perf: 0.9405 | Eval Error: 0.0155 | Eval Perf: 0.83
[65, 100] Train Error: 0.0055 | Train Perf: 0.9401 | Eval Error: 0.0155 | Eval Perf: 0.8314
[66, 100] Train Error: 0.0054 | Train Perf: 0.9416 | Eval Error: 0.0157 | Eval Perf: 0.828
[67, 100] Train Error: 0.0054 | Train Perf: 0.9416 | Eval Error: 0.0158 | Eval Perf: 0.8288
[68, 100] Train Error: 0.0054 | Train Perf: 0.942 | Eval Error: 0.0158 | Eval Perf: 0.8311
[69, 100] Train Error: 0.0053 | Train Perf: 0.9423 | Eval Error: 0.016 | Eval Perf: 0.8273
[70, 100] Train Error: 0.0053 | Train Perf: 0.9428 | Eval Error: 0.0158 | Eval Perf: 0.8274
[71, 100] Train Error: 0.0053 | Train Perf: 0.9432 | Eval Error: 0.0161 | Eval Perf: 0.8233
[72, 100] Train Error: 0.0052 | Train Perf: 0.9434 | Eval Error: 0.0158 | Eval Perf: 0.8298
[73, 100] Train Error: 0.0052 | Train Perf: 0.9439 | Eval Error: 0.0158 | Eval Perf: 0.8287
[74, 100] Train Error: 0.0052 | Train Perf: 0.9441 | Eval Error: 0.0161 | Eval Perf: 0.8285
[75, 100] Train Error: 0.0051 | Train Perf: 0.9446 | Eval Error: 0.0161 | Eval Perf: 0.8247
[76, 100] Train Error: 0.0051 | Train Perf: 0.9452 | Eval Error: 0.0161 | Eval Perf: 0.8271
[77, 100] Train Error: 0.005 | Train Perf: 0.9458 | Eval Error: 0.0161 | Eval Perf: 0.8276
[78, 100] Train Error: 0.0051 | Train Perf: 0.9452 | Eval Error: 0.0163 | Eval Perf: 0.825
[79, 100] Train Error: 0.005 | Train Perf: 0.9455 | Eval Error: 0.0162 | Eval Perf: 0.8284
[80, 100] Train Error: 0.005 | Train Perf: 0.9461 | Eval Error: 0.0167 | Eval Perf: 0.8222
[81, 100] Train Error: 0.005 | Train Perf: 0.9463 | Eval Error: 0.0162 | Eval Perf: 0.8221
[82, 100] Train Error: 0.005 | Train Perf: 0.9461 | Eval Error: 0.0161 | Eval Perf: 0.8262
[83, 100] Train Error: 0.005 | Train Perf: 0.9464 | Eval Error: 0.0165 | Eval Perf: 0.8251
[84, 100] Train Error: 0.0049 | Train Perf: 0.947 | Eval Error: 0.0162 | Eval Perf: 0.8283
[85, 100] Train Error: 0.0049 | Train Perf: 0.9476 | Eval Error: 0.0165 | Eval Perf: 0.8202
[86, 100] Train Error: 0.0049 | Train Perf: 0.9476 | Eval Error: 0.0164 | Eval Perf: 0.8218
[87, 100] Train Error: 0.0048 | Train Perf: 0.948 | Eval Error: 0.0163 | Eval Perf: 0.8273
[88, 100] Train Error: 0.0049 | Train Perf: 0.9475 | Eval Error: 0.0164 | Eval Perf: 0.821
[89, 100] Train Error: 0.0048 | Train Perf: 0.9485 | Eval Error: 0.0164 | Eval Perf: 0.8221
[90, 100] Train Error: 0.0048 | Train Perf: 0.9481 | Eval Error: 0.0166 | Eval Perf: 0.8228
[91, 100] Train Error: 0.0048 | Train Perf: 0.9485 | Eval Error: 0.0166 | Eval Perf: 0.8219
[92, 100] Train Error: 0.0048 | Train Perf: 0.9485 | Eval Error: 0.017 | Eval Perf: 0.8201
[93, 100] Train Error: 0.0047 | Train Perf: 0.9496 | Eval Error: 0.017 | Eval Perf: 0.8202
[94, 100] Train Error: 0.0047 | Train Perf: 0.9494 | Eval Error: 0.017 | Eval Perf: 0.8161
[95, 100] Train Error: 0.0047 | Train Perf: 0.9492 | Eval Error: 0.0168 | Eval Perf: 0.825
[96, 100] Train Error: 0.0047 | Train Perf: 0.9492 | Eval Error: 0.0166 | Eval Perf: 0.8208
[97, 100] Train Error: 0.0047 | Train Perf: 0.9497 | Eval Error: 0.017 | Eval Perf: 0.82
[98, 100] Train Error: 0.0047 | Train Perf: 0.9495 | Eval Error: 0.0173 | Eval Perf: 0.8197
[99, 100] Train Error: 0.0047 | Train Perf: 0.9492 | Eval Error: 0.0167 | Eval Perf: 0.8222
[100, 100] Train Error: 0.0047 | Train Perf: 0.9499 | Eval Error: 0.0168 | Eval Perf: 0.8201
