NETWORK SUMMARY
---------------
Input Layer shape: (1, 180)
Hidden Layer shape: (181, 5)
Output layer shape: (6, 1)
Total parameters: 911

[1, 100] Train Error: 0.0245 | Train Perf: 0.6909 | Eval Error: 0.0167 | Eval Perf: 0.8324
[2, 100] Train Error: 0.0138 | Train Perf: 0.842 | Eval Error: 0.0149 | Eval Perf: 0.8467
[3, 100] Train Error: 0.0125 | Train Perf: 0.8583 | Eval Error: 0.0135 | Eval Perf: 0.8597
[4, 100] Train Error: 0.012 | Train Perf: 0.8632 | Eval Error: 0.0122 | Eval Perf: 0.8617
[5, 100] Train Error: 0.0112 | Train Perf: 0.8726 | Eval Error: 0.012 | Eval Perf: 0.8644
[6, 100] Train Error: 0.0111 | Train Perf: 0.874 | Eval Error: 0.0114 | Eval Perf: 0.8696
[7, 100] Train Error: 0.0108 | Train Perf: 0.8783 | Eval Error: 0.0121 | Eval Perf: 0.8672
[8, 100] Train Error: 0.0104 | Train Perf: 0.8828 | Eval Error: 0.0125 | Eval Perf: 0.8656
[9, 100] Train Error: 0.0102 | Train Perf: 0.8844 | Eval Error: 0.0118 | Eval Perf: 0.8667
[10, 100] Train Error: 0.0099 | Train Perf: 0.8881 | Eval Error: 0.0112 | Eval Perf: 0.8735
[11, 100] Train Error: 0.0098 | Train Perf: 0.8896 | Eval Error: 0.0121 | Eval Perf: 0.8702
[12, 100] Train Error: 0.0095 | Train Perf: 0.8934 | Eval Error: 0.0115 | Eval Perf: 0.8698
[13, 100] Train Error: 0.0093 | Train Perf: 0.8951 | Eval Error: 0.0132 | Eval Perf: 0.8637
[14, 100] Train Error: 0.0093 | Train Perf: 0.8953 | Eval Error: 0.0122 | Eval Perf: 0.8656
[15, 100] Train Error: 0.009 | Train Perf: 0.8994 | Eval Error: 0.0118 | Eval Perf: 0.8687
[16, 100] Train Error: 0.0089 | Train Perf: 0.9001 | Eval Error: 0.0126 | Eval Perf: 0.8626
[17, 100] Train Error: 0.0087 | Train Perf: 0.9028 | Eval Error: 0.0119 | Eval Perf: 0.8649
[18, 100] Train Error: 0.0086 | Train Perf: 0.9039 | Eval Error: 0.0126 | Eval Perf: 0.8632
[19, 100] Train Error: 0.0085 | Train Perf: 0.9053 | Eval Error: 0.0117 | Eval Perf: 0.8665
[20, 100] Train Error: 0.0084 | Train Perf: 0.9063 | Eval Error: 0.0125 | Eval Perf: 0.8659
[21, 100] Train Error: 0.0082 | Train Perf: 0.909 | Eval Error: 0.0127 | Eval Perf: 0.8587
[22, 100] Train Error: 0.0082 | Train Perf: 0.909 | Eval Error: 0.0123 | Eval Perf: 0.8619
[23, 100] Train Error: 0.0079 | Train Perf: 0.9118 | Eval Error: 0.0126 | Eval Perf: 0.8619
[24, 100] Train Error: 0.0079 | Train Perf: 0.9131 | Eval Error: 0.0123 | Eval Perf: 0.8624
[25, 100] Train Error: 0.0077 | Train Perf: 0.9145 | Eval Error: 0.0128 | Eval Perf: 0.8621
[26, 100] Train Error: 0.0077 | Train Perf: 0.9146 | Eval Error: 0.013 | Eval Perf: 0.855
[27, 100] Train Error: 0.0076 | Train Perf: 0.9163 | Eval Error: 0.0132 | Eval Perf: 0.8547
[28, 100] Train Error: 0.0075 | Train Perf: 0.917 | Eval Error: 0.0137 | Eval Perf: 0.8503
[29, 100] Train Error: 0.0075 | Train Perf: 0.9172 | Eval Error: 0.0131 | Eval Perf: 0.8555
[30, 100] Train Error: 0.0074 | Train Perf: 0.9186 | Eval Error: 0.0129 | Eval Perf: 0.8568
[31, 100] Train Error: 0.0073 | Train Perf: 0.919 | Eval Error: 0.0133 | Eval Perf: 0.8547
[32, 100] Train Error: 0.0072 | Train Perf: 0.9204 | Eval Error: 0.0136 | Eval Perf: 0.8498
[33, 100] Train Error: 0.0072 | Train Perf: 0.921 | Eval Error: 0.014 | Eval Perf: 0.8469
[34, 100] Train Error: 0.0071 | Train Perf: 0.9218 | Eval Error: 0.013 | Eval Perf: 0.8538
[35, 100] Train Error: 0.007 | Train Perf: 0.9223 | Eval Error: 0.0137 | Eval Perf: 0.849
[36, 100] Train Error: 0.007 | Train Perf: 0.9234 | Eval Error: 0.0136 | Eval Perf: 0.8494
[37, 100] Train Error: 0.007 | Train Perf: 0.9234 | Eval Error: 0.0139 | Eval Perf: 0.8495
[38, 100] Train Error: 0.0068 | Train Perf: 0.9248 | Eval Error: 0.0141 | Eval Perf: 0.8468
[39, 100] Train Error: 0.0068 | Train Perf: 0.925 | Eval Error: 0.0139 | Eval Perf: 0.8475
[40, 100] Train Error: 0.0068 | Train Perf: 0.9252 | Eval Error: 0.0142 | Eval Perf: 0.8428
[41, 100] Train Error: 0.0067 | Train Perf: 0.9259 | Eval Error: 0.0142 | Eval Perf: 0.8473
[42, 100] Train Error: 0.0067 | Train Perf: 0.926 | Eval Error: 0.0146 | Eval Perf: 0.8489
[43, 100] Train Error: 0.0067 | Train Perf: 0.9269 | Eval Error: 0.0139 | Eval Perf: 0.8487
[44, 100] Train Error: 0.0067 | Train Perf: 0.927 | Eval Error: 0.0144 | Eval Perf: 0.8441
[45, 100] Train Error: 0.0066 | Train Perf: 0.9276 | Eval Error: 0.0139 | Eval Perf: 0.8452
[46, 100] Train Error: 0.0065 | Train Perf: 0.9287 | Eval Error: 0.0143 | Eval Perf: 0.841
[47, 100] Train Error: 0.0065 | Train Perf: 0.9289 | Eval Error: 0.0144 | Eval Perf: 0.8382
[48, 100] Train Error: 0.0065 | Train Perf: 0.9291 | Eval Error: 0.0141 | Eval Perf: 0.8467
[49, 100] Train Error: 0.0065 | Train Perf: 0.9292 | Eval Error: 0.0154 | Eval Perf: 0.8351
[50, 100] Train Error: 0.0063 | Train Perf: 0.9309 | Eval Error: 0.0149 | Eval Perf: 0.8371
[51, 100] Train Error: 0.0063 | Train Perf: 0.931 | Eval Error: 0.0148 | Eval Perf: 0.8367
[52, 100] Train Error: 0.0063 | Train Perf: 0.9309 | Eval Error: 0.015 | Eval Perf: 0.8358
[53, 100] Train Error: 0.0062 | Train Perf: 0.9325 | Eval Error: 0.0148 | Eval Perf: 0.8372
[54, 100] Train Error: 0.0061 | Train Perf: 0.9327 | Eval Error: 0.0147 | Eval Perf: 0.8378
[55, 100] Train Error: 0.006 | Train Perf: 0.934 | Eval Error: 0.0154 | Eval Perf: 0.8315
[56, 100] Train Error: 0.006 | Train Perf: 0.9345 | Eval Error: 0.015 | Eval Perf: 0.8389
[57, 100] Train Error: 0.006 | Train Perf: 0.9347 | Eval Error: 0.0154 | Eval Perf: 0.8339
[58, 100] Train Error: 0.0059 | Train Perf: 0.9356 | Eval Error: 0.0151 | Eval Perf: 0.8329
[59, 100] Train Error: 0.0058 | Train Perf: 0.9369 | Eval Error: 0.016 | Eval Perf: 0.8258
[60, 100] Train Error: 0.0058 | Train Perf: 0.9368 | Eval Error: 0.0155 | Eval Perf: 0.8324
[61, 100] Train Error: 0.0057 | Train Perf: 0.9374 | Eval Error: 0.0154 | Eval Perf: 0.8305
[62, 100] Train Error: 0.0057 | Train Perf: 0.9376 | Eval Error: 0.0156 | Eval Perf: 0.8291
[63, 100] Train Error: 0.0056 | Train Perf: 0.9387 | Eval Error: 0.0159 | Eval Perf: 0.8247
[64, 100] Train Error: 0.0056 | Train Perf: 0.9387 | Eval Error: 0.0156 | Eval Perf: 0.8267
[65, 100] Train Error: 0.0056 | Train Perf: 0.939 | Eval Error: 0.0156 | Eval Perf: 0.8267
[66, 100] Train Error: 0.0055 | Train Perf: 0.9399 | Eval Error: 0.0158 | Eval Perf: 0.8242
[67, 100] Train Error: 0.0055 | Train Perf: 0.9399 | Eval Error: 0.0156 | Eval Perf: 0.8261
[68, 100] Train Error: 0.0054 | Train Perf: 0.9408 | Eval Error: 0.0159 | Eval Perf: 0.8249
[69, 100] Train Error: 0.0054 | Train Perf: 0.9409 | Eval Error: 0.016 | Eval Perf: 0.8239
[70, 100] Train Error: 0.0054 | Train Perf: 0.9408 | Eval Error: 0.0162 | Eval Perf: 0.8229
[71, 100] Train Error: 0.0053 | Train Perf: 0.9419 | Eval Error: 0.0164 | Eval Perf: 0.8179
[72, 100] Train Error: 0.0053 | Train Perf: 0.9419 | Eval Error: 0.0164 | Eval Perf: 0.8217
[73, 100] Train Error: 0.0053 | Train Perf: 0.9419 | Eval Error: 0.0162 | Eval Perf: 0.8225
[74, 100] Train Error: 0.0053 | Train Perf: 0.9421 | Eval Error: 0.0168 | Eval Perf: 0.818
[75, 100] Train Error: 0.0052 | Train Perf: 0.9434 | Eval Error: 0.0165 | Eval Perf: 0.8212
[76, 100] Train Error: 0.0052 | Train Perf: 0.9435 | Eval Error: 0.0168 | Eval Perf: 0.8169
[77, 100] Train Error: 0.0052 | Train Perf: 0.9432 | Eval Error: 0.0167 | Eval Perf: 0.8198
[78, 100] Train Error: 0.0052 | Train Perf: 0.9438 | Eval Error: 0.0167 | Eval Perf: 0.8175
[79, 100] Train Error: 0.0052 | Train Perf: 0.9438 | Eval Error: 0.0168 | Eval Perf: 0.8195
[80, 100] Train Error: 0.0052 | Train Perf: 0.9441 | Eval Error: 0.0171 | Eval Perf: 0.815
[81, 100] Train Error: 0.0052 | Train Perf: 0.9439 | Eval Error: 0.0171 | Eval Perf: 0.8122
[82, 100] Train Error: 0.0051 | Train Perf: 0.9447 | Eval Error: 0.0169 | Eval Perf: 0.8143
[83, 100] Train Error: 0.0051 | Train Perf: 0.9452 | Eval Error: 0.0172 | Eval Perf: 0.8152
[84, 100] Train Error: 0.0051 | Train Perf: 0.9451 | Eval Error: 0.0172 | Eval Perf: 0.8142
[85, 100] Train Error: 0.0051 | Train Perf: 0.9451 | Eval Error: 0.0167 | Eval Perf: 0.817
[86, 100] Train Error: 0.005 | Train Perf: 0.9457 | Eval Error: 0.0167 | Eval Perf: 0.8157
[87, 100] Train Error: 0.005 | Train Perf: 0.9454 | Eval Error: 0.0172 | Eval Perf: 0.8102
[88, 100] Train Error: 0.005 | Train Perf: 0.9462 | Eval Error: 0.017 | Eval Perf: 0.8151
[89, 100] Train Error: 0.005 | Train Perf: 0.9462 | Eval Error: 0.0174 | Eval Perf: 0.8111
[90, 100] Train Error: 0.0049 | Train Perf: 0.9465 | Eval Error: 0.0172 | Eval Perf: 0.8133
[91, 100] Train Error: 0.0049 | Train Perf: 0.9467 | Eval Error: 0.0176 | Eval Perf: 0.807
[92, 100] Train Error: 0.0049 | Train Perf: 0.9474 | Eval Error: 0.0174 | Eval Perf: 0.8112
[93, 100] Train Error: 0.0049 | Train Perf: 0.9468 | Eval Error: 0.0176 | Eval Perf: 0.8073
[94, 100] Train Error: 0.0049 | Train Perf: 0.947 | Eval Error: 0.0175 | Eval Perf: 0.8085
[95, 100] Train Error: 0.0048 | Train Perf: 0.9478 | Eval Error: 0.0178 | Eval Perf: 0.8073
[96, 100] Train Error: 0.0049 | Train Perf: 0.9473 | Eval Error: 0.0176 | Eval Perf: 0.8071
[97, 100] Train Error: 0.0048 | Train Perf: 0.9478 | Eval Error: 0.0182 | Eval Perf: 0.8043
[98, 100] Train Error: 0.0048 | Train Perf: 0.9479 | Eval Error: 0.0178 | Eval Perf: 0.8079
[99, 100] Train Error: 0.0048 | Train Perf: 0.948 | Eval Error: 0.0178 | Eval Perf: 0.8065
[100, 100] Train Error: 0.0048 | Train Perf: 0.9483 | Eval Error: 0.0177 | Eval Perf: 0.806
