NETWORK SUMMARY
---------------
Input Layer shape: (1, 180)
Hidden Layer shape: (181, 5)
Output layer shape: (6, 1)
Total parameters: 911

[1, 100] Train Error: 0.0218 | Train Perf: -0.0679 | Eval Error: 0.0185 | Eval Perf: -0.0107
[2, 100] Train Error: 0.0166 | Train Perf: 0.0228 | Eval Error: 0.0175 | Eval Perf: 0.0063
[3, 100] Train Error: 0.0163 | Train Perf: -0.1756 | Eval Error: 0.0175 | Eval Perf: 0.0475
[4, 100] Train Error: 0.0162 | Train Perf: -0.3538 | Eval Error: 0.0175 | Eval Perf: 0.0952
[5, 100] Train Error: 0.016 | Train Perf: 0.0356 | Eval Error: 0.0176 | Eval Perf: 0.1418
[6, 100] Train Error: 0.0162 | Train Perf: -0.187 | Eval Error: 0.0175 | Eval Perf: 0.1968
[7, 100] Train Error: 0.0161 | Train Perf: -0.1485 | Eval Error: 0.0174 | Eval Perf: 0.25
[8, 100] Train Error: 0.0161 | Train Perf: -0.0639 | Eval Error: 0.0174 | Eval Perf: 0.3032
[9, 100] Train Error: 0.016 | Train Perf: -0.0383 | Eval Error: 0.0173 | Eval Perf: 0.3545
[10, 100] Train Error: 0.016 | Train Perf: 0.0192 | Eval Error: 0.0173 | Eval Perf: 0.4034
[11, 100] Train Error: 0.016 | Train Perf: 0.0504 | Eval Error: 0.0173 | Eval Perf: 0.4468
[12, 100] Train Error: 0.0159 | Train Perf: 0.1374 | Eval Error: 0.0172 | Eval Perf: 0.4889
[13, 100] Train Error: 0.0159 | Train Perf: 0.1114 | Eval Error: 0.0172 | Eval Perf: 0.5256
[14, 100] Train Error: 0.0158 | Train Perf: 0.206 | Eval Error: 0.0172 | Eval Perf: 0.5528
[15, 100] Train Error: 0.0158 | Train Perf: 0.2016 | Eval Error: 0.0171 | Eval Perf: 0.5822
[16, 100] Train Error: 0.0158 | Train Perf: 0.2321 | Eval Error: 0.0171 | Eval Perf: 0.6041
[17, 100] Train Error: 0.0157 | Train Perf: 0.1948 | Eval Error: 0.0171 | Eval Perf: 0.6236
[18, 100] Train Error: 0.0157 | Train Perf: 0.3243 | Eval Error: 0.0171 | Eval Perf: 0.638
[19, 100] Train Error: 0.0157 | Train Perf: 0.368 | Eval Error: 0.017 | Eval Perf: 0.6539
[20, 100] Train Error: 0.0156 | Train Perf: 0.4217 | Eval Error: 0.0169 | Eval Perf: 0.6681
[21, 100] Train Error: 0.0156 | Train Perf: 0.4451 | Eval Error: 0.0169 | Eval Perf: 0.676
[22, 100] Train Error: 0.0155 | Train Perf: 0.4332 | Eval Error: 0.0169 | Eval Perf: 0.6802
[23, 100] Train Error: 0.0155 | Train Perf: 0.4051 | Eval Error: 0.0168 | Eval Perf: 0.6888
[24, 100] Train Error: 0.0154 | Train Perf: 0.4674 | Eval Error: 0.0168 | Eval Perf: 0.6915
[25, 100] Train Error: 0.0153 | Train Perf: 0.3938 | Eval Error: 0.0168 | Eval Perf: 0.6937
[26, 100] Train Error: 0.0153 | Train Perf: 0.6015 | Eval Error: 0.0167 | Eval Perf: 0.701
[27, 100] Train Error: 0.0152 | Train Perf: 0.55 | Eval Error: 0.0166 | Eval Perf: 0.7026
[28, 100] Train Error: 0.0152 | Train Perf: 0.4883 | Eval Error: 0.0166 | Eval Perf: 0.7024
[29, 100] Train Error: 0.0151 | Train Perf: 0.4862 | Eval Error: 0.0165 | Eval Perf: 0.7073
[30, 100] Train Error: 0.015 | Train Perf: 0.5716 | Eval Error: 0.0165 | Eval Perf: 0.7048
[31, 100] Train Error: 0.015 | Train Perf: 0.5195 | Eval Error: 0.0164 | Eval Perf: 0.7086
[32, 100] Train Error: 0.0149 | Train Perf: 0.6463 | Eval Error: 0.0163 | Eval Perf: 0.7092
[33, 100] Train Error: 0.0148 | Train Perf: 0.6503 | Eval Error: 0.0162 | Eval Perf: 0.714
[34, 100] Train Error: 0.0147 | Train Perf: 0.6589 | Eval Error: 0.0161 | Eval Perf: 0.7164
[35, 100] Train Error: 0.0147 | Train Perf: 0.6672 | Eval Error: 0.0161 | Eval Perf: 0.7161
[36, 100] Train Error: 0.0146 | Train Perf: 0.6873 | Eval Error: 0.016 | Eval Perf: 0.7146
[37, 100] Train Error: 0.0144 | Train Perf: 0.6215 | Eval Error: 0.0159 | Eval Perf: 0.7156
[38, 100] Train Error: 0.0144 | Train Perf: 0.6559 | Eval Error: 0.0158 | Eval Perf: 0.7193
[39, 100] Train Error: 0.0143 | Train Perf: 0.697 | Eval Error: 0.0157 | Eval Perf: 0.7175
[40, 100] Train Error: 0.0142 | Train Perf: 0.7312 | Eval Error: 0.0157 | Eval Perf: 0.7171
[41, 100] Train Error: 0.0141 | Train Perf: 0.7296 | Eval Error: 0.0156 | Eval Perf: 0.7178
[42, 100] Train Error: 0.0139 | Train Perf: 0.6964 | Eval Error: 0.0155 | Eval Perf: 0.7164
[43, 100] Train Error: 0.0138 | Train Perf: 0.7091 | Eval Error: 0.0153 | Eval Perf: 0.722
[44, 100] Train Error: 0.0137 | Train Perf: 0.73 | Eval Error: 0.0152 | Eval Perf: 0.7231
[45, 100] Train Error: 0.0135 | Train Perf: 0.69 | Eval Error: 0.0151 | Eval Perf: 0.7267
[46, 100] Train Error: 0.0133 | Train Perf: 0.7372 | Eval Error: 0.0151 | Eval Perf: 0.7193
[47, 100] Train Error: 0.0133 | Train Perf: 0.7432 | Eval Error: 0.0149 | Eval Perf: 0.7242
[48, 100] Train Error: 0.0132 | Train Perf: 0.739 | Eval Error: 0.0147 | Eval Perf: 0.7269
[49, 100] Train Error: 0.013 | Train Perf: 0.749 | Eval Error: 0.0146 | Eval Perf: 0.7293
[50, 100] Train Error: 0.0128 | Train Perf: 0.7516 | Eval Error: 0.0145 | Eval Perf: 0.7271
[51, 100] Train Error: 0.0127 | Train Perf: 0.7481 | Eval Error: 0.0143 | Eval Perf: 0.7333
[52, 100] Train Error: 0.0125 | Train Perf: 0.7608 | Eval Error: 0.0142 | Eval Perf: 0.7368
[53, 100] Train Error: 0.0124 | Train Perf: 0.751 | Eval Error: 0.014 | Eval Perf: 0.7366
[54, 100] Train Error: 0.0122 | Train Perf: 0.7755 | Eval Error: 0.0139 | Eval Perf: 0.7368
[55, 100] Train Error: 0.012 | Train Perf: 0.7686 | Eval Error: 0.0137 | Eval Perf: 0.7391
[56, 100] Train Error: 0.0119 | Train Perf: 0.7798 | Eval Error: 0.0136 | Eval Perf: 0.7409
[57, 100] Train Error: 0.0117 | Train Perf: 0.7772 | Eval Error: 0.0134 | Eval Perf: 0.7441
[58, 100] Train Error: 0.0115 | Train Perf: 0.773 | Eval Error: 0.0132 | Eval Perf: 0.7456
[59, 100] Train Error: 0.0113 | Train Perf: 0.7886 | Eval Error: 0.0131 | Eval Perf: 0.7428
[60, 100] Train Error: 0.0111 | Train Perf: 0.789 | Eval Error: 0.0129 | Eval Perf: 0.7491
[61, 100] Train Error: 0.0109 | Train Perf: 0.7889 | Eval Error: 0.0127 | Eval Perf: 0.7515
[62, 100] Train Error: 0.0107 | Train Perf: 0.7968 | Eval Error: 0.0126 | Eval Perf: 0.7514
[63, 100] Train Error: 0.0106 | Train Perf: 0.7986 | Eval Error: 0.0124 | Eval Perf: 0.7563
[64, 100] Train Error: 0.0103 | Train Perf: 0.8089 | Eval Error: 0.0122 | Eval Perf: 0.7604
[65, 100] Train Error: 0.0102 | Train Perf: 0.8027 | Eval Error: 0.012 | Eval Perf: 0.7641
[66, 100] Train Error: 0.01 | Train Perf: 0.8023 | Eval Error: 0.0119 | Eval Perf: 0.7656
[67, 100] Train Error: 0.0098 | Train Perf: 0.8163 | Eval Error: 0.0117 | Eval Perf: 0.7643
[68, 100] Train Error: 0.0096 | Train Perf: 0.8164 | Eval Error: 0.0115 | Eval Perf: 0.7653
[69, 100] Train Error: 0.0094 | Train Perf: 0.8158 | Eval Error: 0.0113 | Eval Perf: 0.7672
[70, 100] Train Error: 0.0092 | Train Perf: 0.8148 | Eval Error: 0.0112 | Eval Perf: 0.7668
[71, 100] Train Error: 0.0091 | Train Perf: 0.8184 | Eval Error: 0.011 | Eval Perf: 0.7711
[72, 100] Train Error: 0.0088 | Train Perf: 0.8251 | Eval Error: 0.0108 | Eval Perf: 0.7724
[73, 100] Train Error: 0.0087 | Train Perf: 0.827 | Eval Error: 0.0107 | Eval Perf: 0.7751
[74, 100] Train Error: 0.0085 | Train Perf: 0.8306 | Eval Error: 0.0105 | Eval Perf: 0.776
[75, 100] Train Error: 0.0083 | Train Perf: 0.8353 | Eval Error: 0.0103 | Eval Perf: 0.7827
[76, 100] Train Error: 0.0081 | Train Perf: 0.831 | Eval Error: 0.0102 | Eval Perf: 0.783
[77, 100] Train Error: 0.008 | Train Perf: 0.8341 | Eval Error: 0.01 | Eval Perf: 0.7829
[78, 100] Train Error: 0.0078 | Train Perf: 0.8362 | Eval Error: 0.0099 | Eval Perf: 0.7845
[79, 100] Train Error: 0.0076 | Train Perf: 0.839 | Eval Error: 0.0097 | Eval Perf: 0.7866
[80, 100] Train Error: 0.0075 | Train Perf: 0.8369 | Eval Error: 0.0096 | Eval Perf: 0.7877
[81, 100] Train Error: 0.0073 | Train Perf: 0.843 | Eval Error: 0.0094 | Eval Perf: 0.7899
[82, 100] Train Error: 0.0072 | Train Perf: 0.8499 | Eval Error: 0.0093 | Eval Perf: 0.79
[83, 100] Train Error: 0.007 | Train Perf: 0.8485 | Eval Error: 0.0091 | Eval Perf: 0.7959
[84, 100] Train Error: 0.0069 | Train Perf: 0.8533 | Eval Error: 0.009 | Eval Perf: 0.7943
[85, 100] Train Error: 0.0067 | Train Perf: 0.8497 | Eval Error: 0.0089 | Eval Perf: 0.7958
[86, 100] Train Error: 0.0066 | Train Perf: 0.8529 | Eval Error: 0.0087 | Eval Perf: 0.7964
[87, 100] Train Error: 0.0065 | Train Perf: 0.8549 | Eval Error: 0.0086 | Eval Perf: 0.7992
[88, 100] Train Error: 0.0063 | Train Perf: 0.8549 | Eval Error: 0.0085 | Eval Perf: 0.7995
[89, 100] Train Error: 0.0062 | Train Perf: 0.8595 | Eval Error: 0.0084 | Eval Perf: 0.8019
[90, 100] Train Error: 0.0061 | Train Perf: 0.8597 | Eval Error: 0.0083 | Eval Perf: 0.8062
[91, 100] Train Error: 0.006 | Train Perf: 0.8607 | Eval Error: 0.0082 | Eval Perf: 0.8053
[92, 100] Train Error: 0.0058 | Train Perf: 0.8639 | Eval Error: 0.0081 | Eval Perf: 0.8034
[93, 100] Train Error: 0.0058 | Train Perf: 0.8623 | Eval Error: 0.008 | Eval Perf: 0.8076
[94, 100] Train Error: 0.0057 | Train Perf: 0.8659 | Eval Error: 0.0079 | Eval Perf: 0.8083
[95, 100] Train Error: 0.0055 | Train Perf: 0.8708 | Eval Error: 0.0078 | Eval Perf: 0.8126
[96, 100] Train Error: 0.0054 | Train Perf: 0.8718 | Eval Error: 0.0077 | Eval Perf: 0.809
[97, 100] Train Error: 0.0054 | Train Perf: 0.8706 | Eval Error: 0.0076 | Eval Perf: 0.8122
[98, 100] Train Error: 0.0053 | Train Perf: 0.8724 | Eval Error: 0.0075 | Eval Perf: 0.8115
[99, 100] Train Error: 0.0052 | Train Perf: 0.8736 | Eval Error: 0.0074 | Eval Perf: 0.8126
[100, 100] Train Error: 0.0051 | Train Perf: 0.8721 | Eval Error: 0.0073 | Eval Perf: 0.8148
