NETWORK SUMMARY
---------------
Input Layer shape: (1, 180)
Hidden Layer shape: (181, 5)
Output layer shape: (6, 1)
Total parameters: 911

[1, 100] Train Error: 0.0219 | Train Perf: -0.0662 | Eval Error: 0.0181 | Eval Perf: -0.3238
[2, 100] Train Error: 0.0168 | Train Perf: 0.0445 | Eval Error: 0.0168 | Eval Perf: -0.3082
[3, 100] Train Error: 0.0165 | Train Perf: -0.1332 | Eval Error: 0.0167 | Eval Perf: -0.2721
[4, 100] Train Error: 0.0164 | Train Perf: -0.288 | Eval Error: 0.0167 | Eval Perf: -0.2291
[5, 100] Train Error: 0.0162 | Train Perf: 0.0659 | Eval Error: 0.0167 | Eval Perf: -0.1858
[6, 100] Train Error: 0.0164 | Train Perf: -0.1342 | Eval Error: 0.0166 | Eval Perf: -0.1306
[7, 100] Train Error: 0.0163 | Train Perf: -0.0852 | Eval Error: 0.0166 | Eval Perf: -0.0748
[8, 100] Train Error: 0.0163 | Train Perf: -0.0198 | Eval Error: 0.0165 | Eval Perf: -0.0156
[9, 100] Train Error: 0.0162 | Train Perf: 0.0079 | Eval Error: 0.0165 | Eval Perf: 0.0442
[10, 100] Train Error: 0.0162 | Train Perf: 0.0538 | Eval Error: 0.0165 | Eval Perf: 0.1048
[11, 100] Train Error: 0.0162 | Train Perf: 0.0842 | Eval Error: 0.0165 | Eval Perf: 0.1627
[12, 100] Train Error: 0.0161 | Train Perf: 0.1807 | Eval Error: 0.0165 | Eval Perf: 0.221
[13, 100] Train Error: 0.0161 | Train Perf: 0.1428 | Eval Error: 0.0164 | Eval Perf: 0.2753
[14, 100] Train Error: 0.016 | Train Perf: 0.2244 | Eval Error: 0.0164 | Eval Perf: 0.3213
[15, 100] Train Error: 0.016 | Train Perf: 0.259 | Eval Error: 0.0163 | Eval Perf: 0.3685
[16, 100] Train Error: 0.016 | Train Perf: 0.281 | Eval Error: 0.0163 | Eval Perf: 0.4083
[17, 100] Train Error: 0.0159 | Train Perf: 0.223 | Eval Error: 0.0163 | Eval Perf: 0.4452
[18, 100] Train Error: 0.0159 | Train Perf: 0.3642 | Eval Error: 0.0162 | Eval Perf: 0.4761
[19, 100] Train Error: 0.0158 | Train Perf: 0.4231 | Eval Error: 0.0162 | Eval Perf: 0.5069
[20, 100] Train Error: 0.0158 | Train Perf: 0.4762 | Eval Error: 0.0162 | Eval Perf: 0.5348
[21, 100] Train Error: 0.0157 | Train Perf: 0.4818 | Eval Error: 0.0161 | Eval Perf: 0.5562
[22, 100] Train Error: 0.0157 | Train Perf: 0.4583 | Eval Error: 0.016 | Eval Perf: 0.5731
[23, 100] Train Error: 0.0156 | Train Perf: 0.4254 | Eval Error: 0.016 | Eval Perf: 0.5924
[24, 100] Train Error: 0.0156 | Train Perf: 0.485 | Eval Error: 0.016 | Eval Perf: 0.6056
[25, 100] Train Error: 0.0155 | Train Perf: 0.4304 | Eval Error: 0.0159 | Eval Perf: 0.6175
[26, 100] Train Error: 0.0155 | Train Perf: 0.6199 | Eval Error: 0.0159 | Eval Perf: 0.6331
[27, 100] Train Error: 0.0154 | Train Perf: 0.5693 | Eval Error: 0.0158 | Eval Perf: 0.643
[28, 100] Train Error: 0.0153 | Train Perf: 0.536 | Eval Error: 0.0157 | Eval Perf: 0.6507
[29, 100] Train Error: 0.0152 | Train Perf: 0.5135 | Eval Error: 0.0157 | Eval Perf: 0.662
[30, 100] Train Error: 0.0151 | Train Perf: 0.6045 | Eval Error: 0.0156 | Eval Perf: 0.6665
[31, 100] Train Error: 0.0151 | Train Perf: 0.5431 | Eval Error: 0.0155 | Eval Perf: 0.6756
[32, 100] Train Error: 0.015 | Train Perf: 0.6662 | Eval Error: 0.0155 | Eval Perf: 0.6818
[33, 100] Train Error: 0.0149 | Train Perf: 0.6531 | Eval Error: 0.0154 | Eval Perf: 0.6911
[34, 100] Train Error: 0.0148 | Train Perf: 0.6639 | Eval Error: 0.0153 | Eval Perf: 0.6983
[35, 100] Train Error: 0.0147 | Train Perf: 0.669 | Eval Error: 0.0153 | Eval Perf: 0.7026
[36, 100] Train Error: 0.0146 | Train Perf: 0.7033 | Eval Error: 0.0152 | Eval Perf: 0.7058
[37, 100] Train Error: 0.0145 | Train Perf: 0.6426 | Eval Error: 0.0151 | Eval Perf: 0.7107
[38, 100] Train Error: 0.0144 | Train Perf: 0.6629 | Eval Error: 0.015 | Eval Perf: 0.7177
[39, 100] Train Error: 0.0143 | Train Perf: 0.7065 | Eval Error: 0.0149 | Eval Perf: 0.7198
[40, 100] Train Error: 0.0142 | Train Perf: 0.7338 | Eval Error: 0.0148 | Eval Perf: 0.7228
[41, 100] Train Error: 0.0141 | Train Perf: 0.7281 | Eval Error: 0.0147 | Eval Perf: 0.7267
[42, 100] Train Error: 0.0139 | Train Perf: 0.7019 | Eval Error: 0.0146 | Eval Perf: 0.7287
[43, 100] Train Error: 0.0138 | Train Perf: 0.7172 | Eval Error: 0.0145 | Eval Perf: 0.7368
[44, 100] Train Error: 0.0137 | Train Perf: 0.7251 | Eval Error: 0.0143 | Eval Perf: 0.7406
[45, 100] Train Error: 0.0135 | Train Perf: 0.7076 | Eval Error: 0.0142 | Eval Perf: 0.7469
[46, 100] Train Error: 0.0133 | Train Perf: 0.7336 | Eval Error: 0.0141 | Eval Perf: 0.7433
[47, 100] Train Error: 0.0133 | Train Perf: 0.7434 | Eval Error: 0.014 | Eval Perf: 0.7498
[48, 100] Train Error: 0.0131 | Train Perf: 0.7416 | Eval Error: 0.0138 | Eval Perf: 0.7546
[49, 100] Train Error: 0.0129 | Train Perf: 0.753 | Eval Error: 0.0137 | Eval Perf: 0.7591
[50, 100] Train Error: 0.0128 | Train Perf: 0.7626 | Eval Error: 0.0136 | Eval Perf: 0.7595
[51, 100] Train Error: 0.0126 | Train Perf: 0.7533 | Eval Error: 0.0134 | Eval Perf: 0.7664
[52, 100] Train Error: 0.0124 | Train Perf: 0.7605 | Eval Error: 0.0133 | Eval Perf: 0.7713
[53, 100] Train Error: 0.0123 | Train Perf: 0.7503 | Eval Error: 0.0131 | Eval Perf: 0.7738
[54, 100] Train Error: 0.0121 | Train Perf: 0.7709 | Eval Error: 0.0129 | Eval Perf: 0.7761
[55, 100] Train Error: 0.0119 | Train Perf: 0.7688 | Eval Error: 0.0128 | Eval Perf: 0.7794
[56, 100] Train Error: 0.0118 | Train Perf: 0.7766 | Eval Error: 0.0126 | Eval Perf: 0.7832
[57, 100] Train Error: 0.0116 | Train Perf: 0.7805 | Eval Error: 0.0124 | Eval Perf: 0.7877
[58, 100] Train Error: 0.0114 | Train Perf: 0.7751 | Eval Error: 0.0123 | Eval Perf: 0.7903
[59, 100] Train Error: 0.0112 | Train Perf: 0.7853 | Eval Error: 0.0121 | Eval Perf: 0.7902
[60, 100] Train Error: 0.011 | Train Perf: 0.7843 | Eval Error: 0.0119 | Eval Perf: 0.7966
[61, 100] Train Error: 0.0108 | Train Perf: 0.7881 | Eval Error: 0.0117 | Eval Perf: 0.8001
[62, 100] Train Error: 0.0106 | Train Perf: 0.7922 | Eval Error: 0.0116 | Eval Perf: 0.8011
[63, 100] Train Error: 0.0104 | Train Perf: 0.7945 | Eval Error: 0.0114 | Eval Perf: 0.806
[64, 100] Train Error: 0.0102 | Train Perf: 0.8059 | Eval Error: 0.0112 | Eval Perf: 0.8109
[65, 100] Train Error: 0.01 | Train Perf: 0.7981 | Eval Error: 0.011 | Eval Perf: 0.8149
[66, 100] Train Error: 0.0099 | Train Perf: 0.7976 | Eval Error: 0.0108 | Eval Perf: 0.8174
[67, 100] Train Error: 0.0097 | Train Perf: 0.8093 | Eval Error: 0.0107 | Eval Perf: 0.8179
[68, 100] Train Error: 0.0095 | Train Perf: 0.8105 | Eval Error: 0.0105 | Eval Perf: 0.8201
[69, 100] Train Error: 0.0093 | Train Perf: 0.8098 | Eval Error: 0.0103 | Eval Perf: 0.8229
[70, 100] Train Error: 0.0091 | Train Perf: 0.8123 | Eval Error: 0.0101 | Eval Perf: 0.8242
[71, 100] Train Error: 0.0089 | Train Perf: 0.8143 | Eval Error: 0.01 | Eval Perf: 0.8277
[72, 100] Train Error: 0.0088 | Train Perf: 0.8197 | Eval Error: 0.0098 | Eval Perf: 0.8299
[73, 100] Train Error: 0.0086 | Train Perf: 0.8252 | Eval Error: 0.0096 | Eval Perf: 0.8321
[74, 100] Train Error: 0.0084 | Train Perf: 0.8257 | Eval Error: 0.0095 | Eval Perf: 0.8336
[75, 100] Train Error: 0.0082 | Train Perf: 0.828 | Eval Error: 0.0092 | Eval Perf: 0.8384
[76, 100] Train Error: 0.0081 | Train Perf: 0.8244 | Eval Error: 0.0091 | Eval Perf: 0.8398
[77, 100] Train Error: 0.0079 | Train Perf: 0.8285 | Eval Error: 0.009 | Eval Perf: 0.8409
[78, 100] Train Error: 0.0077 | Train Perf: 0.8318 | Eval Error: 0.0088 | Eval Perf: 0.8434
[79, 100] Train Error: 0.0076 | Train Perf: 0.8328 | Eval Error: 0.0086 | Eval Perf: 0.8454
[80, 100] Train Error: 0.0074 | Train Perf: 0.8321 | Eval Error: 0.0085 | Eval Perf: 0.8468
[81, 100] Train Error: 0.0073 | Train Perf: 0.8375 | Eval Error: 0.0084 | Eval Perf: 0.8489
[82, 100] Train Error: 0.0072 | Train Perf: 0.8426 | Eval Error: 0.0082 | Eval Perf: 0.8501
[83, 100] Train Error: 0.007 | Train Perf: 0.8433 | Eval Error: 0.008 | Eval Perf: 0.8534
[84, 100] Train Error: 0.0069 | Train Perf: 0.8461 | Eval Error: 0.0079 | Eval Perf: 0.854
[85, 100] Train Error: 0.0068 | Train Perf: 0.8459 | Eval Error: 0.0078 | Eval Perf: 0.8553
[86, 100] Train Error: 0.0066 | Train Perf: 0.8462 | Eval Error: 0.0077 | Eval Perf: 0.8567
[87, 100] Train Error: 0.0065 | Train Perf: 0.8486 | Eval Error: 0.0075 | Eval Perf: 0.8583
[88, 100] Train Error: 0.0064 | Train Perf: 0.85 | Eval Error: 0.0074 | Eval Perf: 0.8594
[89, 100] Train Error: 0.0063 | Train Perf: 0.8536 | Eval Error: 0.0073 | Eval Perf: 0.8609
[90, 100] Train Error: 0.0061 | Train Perf: 0.854 | Eval Error: 0.0071 | Eval Perf: 0.8632
[91, 100] Train Error: 0.0061 | Train Perf: 0.8562 | Eval Error: 0.007 | Eval Perf: 0.8639
[92, 100] Train Error: 0.0059 | Train Perf: 0.8587 | Eval Error: 0.007 | Eval Perf: 0.8643
[93, 100] Train Error: 0.0058 | Train Perf: 0.8584 | Eval Error: 0.0068 | Eval Perf: 0.8663
[94, 100] Train Error: 0.0057 | Train Perf: 0.8624 | Eval Error: 0.0067 | Eval Perf: 0.8672
[95, 100] Train Error: 0.0056 | Train Perf: 0.8678 | Eval Error: 0.0066 | Eval Perf: 0.8688
[96, 100] Train Error: 0.0055 | Train Perf: 0.8686 | Eval Error: 0.0066 | Eval Perf: 0.8688
[97, 100] Train Error: 0.0055 | Train Perf: 0.8661 | Eval Error: 0.0064 | Eval Perf: 0.8702
[98, 100] Train Error: 0.0054 | Train Perf: 0.868 | Eval Error: 0.0064 | Eval Perf: 0.8709
[99, 100] Train Error: 0.0053 | Train Perf: 0.8691 | Eval Error: 0.0063 | Eval Perf: 0.8719
[100, 100] Train Error: 0.0052 | Train Perf: 0.8687 | Eval Error: 0.0062 | Eval Perf: 0.8727
