NETWORK SUMMARY
---------------
Input Layer shape: (1, 180)
Hidden Layer shape: (181, 5)
Output layer shape: (6, 1)
Total parameters: 911

[1, 100] Train Error: 0.0353 | Train Perf: 0.4161 | Eval Error: 0.0243 | Eval Perf: 0.6853
[2, 100] Train Error: 0.0238 | Train Perf: 0.6651 | Eval Error: 0.0203 | Eval Perf: 0.7415
[3, 100] Train Error: 0.0199 | Train Perf: 0.7293 | Eval Error: 0.019 | Eval Perf: 0.7501
[4, 100] Train Error: 0.0182 | Train Perf: 0.7564 | Eval Error: 0.0173 | Eval Perf: 0.7751
[5, 100] Train Error: 0.0172 | Train Perf: 0.7727 | Eval Error: 0.0182 | Eval Perf: 0.7603
[6, 100] Train Error: 0.0161 | Train Perf: 0.7888 | Eval Error: 0.0171 | Eval Perf: 0.7838
[7, 100] Train Error: 0.0155 | Train Perf: 0.7977 | Eval Error: 0.0167 | Eval Perf: 0.7886
[8, 100] Train Error: 0.0148 | Train Perf: 0.808 | Eval Error: 0.0163 | Eval Perf: 0.7909
[9, 100] Train Error: 0.0141 | Train Perf: 0.818 | Eval Error: 0.0169 | Eval Perf: 0.7809
[10, 100] Train Error: 0.014 | Train Perf: 0.8197 | Eval Error: 0.0173 | Eval Perf: 0.7905
[11, 100] Train Error: 0.0135 | Train Perf: 0.8261 | Eval Error: 0.0161 | Eval Perf: 0.7937
[12, 100] Train Error: 0.0131 | Train Perf: 0.8323 | Eval Error: 0.0162 | Eval Perf: 0.7917
[13, 100] Train Error: 0.0129 | Train Perf: 0.8351 | Eval Error: 0.0199 | Eval Perf: 0.7795
[14, 100] Train Error: 0.0124 | Train Perf: 0.8412 | Eval Error: 0.0161 | Eval Perf: 0.7919
[15, 100] Train Error: 0.0122 | Train Perf: 0.8451 | Eval Error: 0.0175 | Eval Perf: 0.7842
[16, 100] Train Error: 0.0119 | Train Perf: 0.8489 | Eval Error: 0.0168 | Eval Perf: 0.7876
[17, 100] Train Error: 0.0111 | Train Perf: 0.8602 | Eval Error: 0.017 | Eval Perf: 0.7851
[18, 100] Train Error: 0.011 | Train Perf: 0.8609 | Eval Error: 0.0167 | Eval Perf: 0.794
[19, 100] Train Error: 0.0106 | Train Perf: 0.8671 | Eval Error: 0.0168 | Eval Perf: 0.7887
[20, 100] Train Error: 0.0102 | Train Perf: 0.8726 | Eval Error: 0.0174 | Eval Perf: 0.7829
[21, 100] Train Error: 0.0103 | Train Perf: 0.871 | Eval Error: 0.0163 | Eval Perf: 0.7931
[22, 100] Train Error: 0.0098 | Train Perf: 0.8778 | Eval Error: 0.0159 | Eval Perf: 0.7979
[23, 100] Train Error: 0.0095 | Train Perf: 0.8809 | Eval Error: 0.0198 | Eval Perf: 0.7778
[24, 100] Train Error: 0.0092 | Train Perf: 0.8861 | Eval Error: 0.018 | Eval Perf: 0.7776
[25, 100] Train Error: 0.0091 | Train Perf: 0.8864 | Eval Error: 0.0168 | Eval Perf: 0.7904
[26, 100] Train Error: 0.0087 | Train Perf: 0.8919 | Eval Error: 0.0183 | Eval Perf: 0.7761
[27, 100] Train Error: 0.0085 | Train Perf: 0.8946 | Eval Error: 0.0181 | Eval Perf: 0.7758
[28, 100] Train Error: 0.0083 | Train Perf: 0.8969 | Eval Error: 0.0176 | Eval Perf: 0.779
[29, 100] Train Error: 0.0081 | Train Perf: 0.9001 | Eval Error: 0.0189 | Eval Perf: 0.7715
[30, 100] Train Error: 0.008 | Train Perf: 0.9014 | Eval Error: 0.02 | Eval Perf: 0.7645
[31, 100] Train Error: 0.0077 | Train Perf: 0.9052 | Eval Error: 0.0186 | Eval Perf: 0.777
[32, 100] Train Error: 0.0075 | Train Perf: 0.9077 | Eval Error: 0.0189 | Eval Perf: 0.7739
[33, 100] Train Error: 0.0073 | Train Perf: 0.9097 | Eval Error: 0.0185 | Eval Perf: 0.7755
[34, 100] Train Error: 0.0072 | Train Perf: 0.9114 | Eval Error: 0.019 | Eval Perf: 0.7713
[35, 100] Train Error: 0.0071 | Train Perf: 0.9133 | Eval Error: 0.0212 | Eval Perf: 0.7604
[36, 100] Train Error: 0.007 | Train Perf: 0.9144 | Eval Error: 0.0205 | Eval Perf: 0.7644
[37, 100] Train Error: 0.0067 | Train Perf: 0.918 | Eval Error: 0.0207 | Eval Perf: 0.7543
[38, 100] Train Error: 0.0068 | Train Perf: 0.9173 | Eval Error: 0.0194 | Eval Perf: 0.7657
[39, 100] Train Error: 0.0065 | Train Perf: 0.9201 | Eval Error: 0.0198 | Eval Perf: 0.7619
[40, 100] Train Error: 0.0064 | Train Perf: 0.9222 | Eval Error: 0.02 | Eval Perf: 0.7608
[41, 100] Train Error: 0.0065 | Train Perf: 0.9211 | Eval Error: 0.0198 | Eval Perf: 0.7583
[42, 100] Train Error: 0.0061 | Train Perf: 0.9261 | Eval Error: 0.0198 | Eval Perf: 0.762
[43, 100] Train Error: 0.0061 | Train Perf: 0.9252 | Eval Error: 0.0204 | Eval Perf: 0.7548
[44, 100] Train Error: 0.0061 | Train Perf: 0.9262 | Eval Error: 0.0201 | Eval Perf: 0.7645
[45, 100] Train Error: 0.0059 | Train Perf: 0.9276 | Eval Error: 0.0212 | Eval Perf: 0.7573
[46, 100] Train Error: 0.0056 | Train Perf: 0.9314 | Eval Error: 0.0213 | Eval Perf: 0.754
[47, 100] Train Error: 0.0057 | Train Perf: 0.9302 | Eval Error: 0.0207 | Eval Perf: 0.7612
[48, 100] Train Error: 0.0057 | Train Perf: 0.9304 | Eval Error: 0.0207 | Eval Perf: 0.7561
[49, 100] Train Error: 0.0055 | Train Perf: 0.9331 | Eval Error: 0.0214 | Eval Perf: 0.7502
[50, 100] Train Error: 0.0054 | Train Perf: 0.9339 | Eval Error: 0.0215 | Eval Perf: 0.7476
[51, 100] Train Error: 0.0055 | Train Perf: 0.933 | Eval Error: 0.0213 | Eval Perf: 0.7491
[52, 100] Train Error: 0.0054 | Train Perf: 0.9351 | Eval Error: 0.0244 | Eval Perf: 0.7394
[53, 100] Train Error: 0.0054 | Train Perf: 0.9345 | Eval Error: 0.0235 | Eval Perf: 0.7475
[54, 100] Train Error: 0.0053 | Train Perf: 0.9362 | Eval Error: 0.0213 | Eval Perf: 0.7487
[55, 100] Train Error: 0.005 | Train Perf: 0.9397 | Eval Error: 0.0233 | Eval Perf: 0.7418
[56, 100] Train Error: 0.0052 | Train Perf: 0.9371 | Eval Error: 0.0221 | Eval Perf: 0.7455
[57, 100] Train Error: 0.0051 | Train Perf: 0.9386 | Eval Error: 0.0223 | Eval Perf: 0.7497
[58, 100] Train Error: 0.0049 | Train Perf: 0.9403 | Eval Error: 0.0224 | Eval Perf: 0.7543
[59, 100] Train Error: 0.0048 | Train Perf: 0.9424 | Eval Error: 0.0224 | Eval Perf: 0.7465
[60, 100] Train Error: 0.0049 | Train Perf: 0.9404 | Eval Error: 0.0227 | Eval Perf: 0.7474
[61, 100] Train Error: 0.0047 | Train Perf: 0.9428 | Eval Error: 0.0221 | Eval Perf: 0.7479
[62, 100] Train Error: 0.0047 | Train Perf: 0.9431 | Eval Error: 0.0237 | Eval Perf: 0.7421
[63, 100] Train Error: 0.0047 | Train Perf: 0.9433 | Eval Error: 0.0217 | Eval Perf: 0.7513
[64, 100] Train Error: 0.0047 | Train Perf: 0.9435 | Eval Error: 0.0232 | Eval Perf: 0.7385
[65, 100] Train Error: 0.0046 | Train Perf: 0.9451 | Eval Error: 0.023 | Eval Perf: 0.7359
[66, 100] Train Error: 0.0046 | Train Perf: 0.9448 | Eval Error: 0.0254 | Eval Perf: 0.7341
[67, 100] Train Error: 0.0045 | Train Perf: 0.9458 | Eval Error: 0.0233 | Eval Perf: 0.7364
[68, 100] Train Error: 0.0045 | Train Perf: 0.9457 | Eval Error: 0.025 | Eval Perf: 0.7364
[69, 100] Train Error: 0.0044 | Train Perf: 0.947 | Eval Error: 0.0228 | Eval Perf: 0.7395
[70, 100] Train Error: 0.0043 | Train Perf: 0.9482 | Eval Error: 0.0234 | Eval Perf: 0.7382
[71, 100] Train Error: 0.0043 | Train Perf: 0.9483 | Eval Error: 0.0238 | Eval Perf: 0.7349
[72, 100] Train Error: 0.0043 | Train Perf: 0.9477 | Eval Error: 0.0233 | Eval Perf: 0.7431
[73, 100] Train Error: 0.0042 | Train Perf: 0.9497 | Eval Error: 0.0236 | Eval Perf: 0.7361
[74, 100] Train Error: 0.0041 | Train Perf: 0.9512 | Eval Error: 0.0254 | Eval Perf: 0.7275
[75, 100] Train Error: 0.0042 | Train Perf: 0.9497 | Eval Error: 0.0242 | Eval Perf: 0.732
[76, 100] Train Error: 0.0041 | Train Perf: 0.9512 | Eval Error: 0.0242 | Eval Perf: 0.7293
[77, 100] Train Error: 0.0042 | Train Perf: 0.9489 | Eval Error: 0.0239 | Eval Perf: 0.7316
[78, 100] Train Error: 0.004 | Train Perf: 0.9515 | Eval Error: 0.0251 | Eval Perf: 0.7277
[79, 100] Train Error: 0.004 | Train Perf: 0.9524 | Eval Error: 0.0231 | Eval Perf: 0.7403
[80, 100] Train Error: 0.0041 | Train Perf: 0.951 | Eval Error: 0.0235 | Eval Perf: 0.7356
[81, 100] Train Error: 0.004 | Train Perf: 0.9522 | Eval Error: 0.0244 | Eval Perf: 0.7308
[82, 100] Train Error: 0.004 | Train Perf: 0.952 | Eval Error: 0.0241 | Eval Perf: 0.731
[83, 100] Train Error: 0.0039 | Train Perf: 0.9534 | Eval Error: 0.0233 | Eval Perf: 0.7373
[84, 100] Train Error: 0.0039 | Train Perf: 0.9527 | Eval Error: 0.0257 | Eval Perf: 0.7239
[85, 100] Train Error: 0.0038 | Train Perf: 0.9545 | Eval Error: 0.0261 | Eval Perf: 0.7268
[86, 100] Train Error: 0.0038 | Train Perf: 0.954 | Eval Error: 0.0247 | Eval Perf: 0.7262
[87, 100] Train Error: 0.0039 | Train Perf: 0.9532 | Eval Error: 0.0238 | Eval Perf: 0.7285
[88, 100] Train Error: 0.0037 | Train Perf: 0.9552 | Eval Error: 0.0258 | Eval Perf: 0.7219
[89, 100] Train Error: 0.0038 | Train Perf: 0.9546 | Eval Error: 0.0253 | Eval Perf: 0.7238
[90, 100] Train Error: 0.0038 | Train Perf: 0.955 | Eval Error: 0.0243 | Eval Perf: 0.7306
[91, 100] Train Error: 0.0037 | Train Perf: 0.9562 | Eval Error: 0.025 | Eval Perf: 0.7224
[92, 100] Train Error: 0.0037 | Train Perf: 0.9554 | Eval Error: 0.0248 | Eval Perf: 0.7247
[93, 100] Train Error: 0.0037 | Train Perf: 0.9556 | Eval Error: 0.0259 | Eval Perf: 0.7214
[94, 100] Train Error: 0.0037 | Train Perf: 0.9559 | Eval Error: 0.0249 | Eval Perf: 0.7247
[95, 100] Train Error: 0.0034 | Train Perf: 0.9587 | Eval Error: 0.026 | Eval Perf: 0.7142
[96, 100] Train Error: 0.0036 | Train Perf: 0.9572 | Eval Error: 0.025 | Eval Perf: 0.7242
[97, 100] Train Error: 0.0035 | Train Perf: 0.9577 | Eval Error: 0.0249 | Eval Perf: 0.7295
[98, 100] Train Error: 0.0034 | Train Perf: 0.9589 | Eval Error: 0.0275 | Eval Perf: 0.715
[99, 100] Train Error: 0.0036 | Train Perf: 0.9573 | Eval Error: 0.0272 | Eval Perf: 0.719
[100, 100] Train Error: 0.0034 | Train Perf: 0.9595 | Eval Error: 0.0257 | Eval Perf: 0.7214
