NETWORK SUMMARY
---------------
Input Layer shape: (1, 180)
Hidden Layer shape: (181, 5)
Output layer shape: (6, 1)
Total parameters: 911

[1, 100] Train Error: 0.0346 | Train Perf: 0.4387 | Eval Error: 0.0279 | Eval Perf: 0.589
[2, 100] Train Error: 0.0245 | Train Perf: 0.6527 | Eval Error: 0.0191 | Eval Perf: 0.7587
[3, 100] Train Error: 0.0199 | Train Perf: 0.7304 | Eval Error: 0.0182 | Eval Perf: 0.7657
[4, 100] Train Error: 0.0185 | Train Perf: 0.7535 | Eval Error: 0.0231 | Eval Perf: 0.7688
[5, 100] Train Error: 0.0171 | Train Perf: 0.7746 | Eval Error: 0.019 | Eval Perf: 0.7899
[6, 100] Train Error: 0.0158 | Train Perf: 0.7929 | Eval Error: 0.0159 | Eval Perf: 0.802
[7, 100] Train Error: 0.0148 | Train Perf: 0.8078 | Eval Error: 0.0181 | Eval Perf: 0.7618
[8, 100] Train Error: 0.014 | Train Perf: 0.8195 | Eval Error: 0.0174 | Eval Perf: 0.7868
[9, 100] Train Error: 0.0131 | Train Perf: 0.8329 | Eval Error: 0.0183 | Eval Perf: 0.7596
[10, 100] Train Error: 0.0127 | Train Perf: 0.8377 | Eval Error: 0.0173 | Eval Perf: 0.7743
[11, 100] Train Error: 0.012 | Train Perf: 0.8475 | Eval Error: 0.0175 | Eval Perf: 0.7788
[12, 100] Train Error: 0.0119 | Train Perf: 0.8493 | Eval Error: 0.0179 | Eval Perf: 0.7719
[13, 100] Train Error: 0.0112 | Train Perf: 0.8585 | Eval Error: 0.0187 | Eval Perf: 0.7563
[14, 100] Train Error: 0.011 | Train Perf: 0.862 | Eval Error: 0.0172 | Eval Perf: 0.7827
[15, 100] Train Error: 0.0105 | Train Perf: 0.8686 | Eval Error: 0.0179 | Eval Perf: 0.7729
[16, 100] Train Error: 0.0102 | Train Perf: 0.872 | Eval Error: 0.0184 | Eval Perf: 0.7664
[17, 100] Train Error: 0.0098 | Train Perf: 0.8773 | Eval Error: 0.0201 | Eval Perf: 0.7513
[18, 100] Train Error: 0.0093 | Train Perf: 0.884 | Eval Error: 0.018 | Eval Perf: 0.7702
[19, 100] Train Error: 0.0092 | Train Perf: 0.8864 | Eval Error: 0.0195 | Eval Perf: 0.7547
[20, 100] Train Error: 0.0089 | Train Perf: 0.889 | Eval Error: 0.019 | Eval Perf: 0.7629
[21, 100] Train Error: 0.0087 | Train Perf: 0.8929 | Eval Error: 0.0199 | Eval Perf: 0.7648
[22, 100] Train Error: 0.0085 | Train Perf: 0.8949 | Eval Error: 0.0211 | Eval Perf: 0.7427
[23, 100] Train Error: 0.0082 | Train Perf: 0.8986 | Eval Error: 0.0222 | Eval Perf: 0.7271
[24, 100] Train Error: 0.0084 | Train Perf: 0.8959 | Eval Error: 0.0196 | Eval Perf: 0.7523
[25, 100] Train Error: 0.0079 | Train Perf: 0.9033 | Eval Error: 0.0195 | Eval Perf: 0.7529
[26, 100] Train Error: 0.0079 | Train Perf: 0.9025 | Eval Error: 0.0198 | Eval Perf: 0.7576
[27, 100] Train Error: 0.0077 | Train Perf: 0.9053 | Eval Error: 0.0195 | Eval Perf: 0.7618
[28, 100] Train Error: 0.0077 | Train Perf: 0.9056 | Eval Error: 0.0204 | Eval Perf: 0.7533
[29, 100] Train Error: 0.0076 | Train Perf: 0.9063 | Eval Error: 0.0207 | Eval Perf: 0.7473
[30, 100] Train Error: 0.0073 | Train Perf: 0.9101 | Eval Error: 0.0194 | Eval Perf: 0.7597
[31, 100] Train Error: 0.007 | Train Perf: 0.9139 | Eval Error: 0.0205 | Eval Perf: 0.7432
[32, 100] Train Error: 0.007 | Train Perf: 0.9148 | Eval Error: 0.0203 | Eval Perf: 0.7502
[33, 100] Train Error: 0.0071 | Train Perf: 0.9134 | Eval Error: 0.0212 | Eval Perf: 0.74
[34, 100] Train Error: 0.0068 | Train Perf: 0.9167 | Eval Error: 0.021 | Eval Perf: 0.7438
[35, 100] Train Error: 0.0066 | Train Perf: 0.9189 | Eval Error: 0.021 | Eval Perf: 0.7503
[36, 100] Train Error: 0.0067 | Train Perf: 0.9187 | Eval Error: 0.0206 | Eval Perf: 0.7522
[37, 100] Train Error: 0.0065 | Train Perf: 0.9208 | Eval Error: 0.0201 | Eval Perf: 0.757
[38, 100] Train Error: 0.0064 | Train Perf: 0.9221 | Eval Error: 0.0206 | Eval Perf: 0.7412
[39, 100] Train Error: 0.0063 | Train Perf: 0.9238 | Eval Error: 0.0198 | Eval Perf: 0.752
[40, 100] Train Error: 0.0063 | Train Perf: 0.9237 | Eval Error: 0.0204 | Eval Perf: 0.7592
[41, 100] Train Error: 0.0062 | Train Perf: 0.9243 | Eval Error: 0.0204 | Eval Perf: 0.7449
[42, 100] Train Error: 0.0061 | Train Perf: 0.9264 | Eval Error: 0.021 | Eval Perf: 0.7416
[43, 100] Train Error: 0.0061 | Train Perf: 0.926 | Eval Error: 0.0208 | Eval Perf: 0.7477
[44, 100] Train Error: 0.0058 | Train Perf: 0.9293 | Eval Error: 0.0206 | Eval Perf: 0.7456
[45, 100] Train Error: 0.0057 | Train Perf: 0.9313 | Eval Error: 0.0208 | Eval Perf: 0.7492
[46, 100] Train Error: 0.0058 | Train Perf: 0.9296 | Eval Error: 0.021 | Eval Perf: 0.7556
[47, 100] Train Error: 0.0055 | Train Perf: 0.9328 | Eval Error: 0.0207 | Eval Perf: 0.7444
[48, 100] Train Error: 0.0055 | Train Perf: 0.9335 | Eval Error: 0.0212 | Eval Perf: 0.7389
[49, 100] Train Error: 0.0054 | Train Perf: 0.935 | Eval Error: 0.0217 | Eval Perf: 0.7339
[50, 100] Train Error: 0.0054 | Train Perf: 0.9342 | Eval Error: 0.0217 | Eval Perf: 0.7348
[51, 100] Train Error: 0.0051 | Train Perf: 0.9383 | Eval Error: 0.0218 | Eval Perf: 0.7347
[52, 100] Train Error: 0.0052 | Train Perf: 0.9377 | Eval Error: 0.0206 | Eval Perf: 0.7517
[53, 100] Train Error: 0.0052 | Train Perf: 0.9366 | Eval Error: 0.0203 | Eval Perf: 0.7497
[54, 100] Train Error: 0.0051 | Train Perf: 0.9384 | Eval Error: 0.0219 | Eval Perf: 0.7305
[55, 100] Train Error: 0.005 | Train Perf: 0.9395 | Eval Error: 0.0219 | Eval Perf: 0.7342
[56, 100] Train Error: 0.0049 | Train Perf: 0.9407 | Eval Error: 0.0214 | Eval Perf: 0.7371
[57, 100] Train Error: 0.0048 | Train Perf: 0.9417 | Eval Error: 0.0222 | Eval Perf: 0.7308
[58, 100] Train Error: 0.0049 | Train Perf: 0.9406 | Eval Error: 0.0217 | Eval Perf: 0.7348
[59, 100] Train Error: 0.0047 | Train Perf: 0.943 | Eval Error: 0.0216 | Eval Perf: 0.7423
[60, 100] Train Error: 0.0048 | Train Perf: 0.9426 | Eval Error: 0.0219 | Eval Perf: 0.7316
[61, 100] Train Error: 0.0046 | Train Perf: 0.944 | Eval Error: 0.0223 | Eval Perf: 0.7282
[62, 100] Train Error: 0.0046 | Train Perf: 0.9446 | Eval Error: 0.0225 | Eval Perf: 0.7251
[63, 100] Train Error: 0.0046 | Train Perf: 0.9445 | Eval Error: 0.0225 | Eval Perf: 0.7244
[64, 100] Train Error: 0.0044 | Train Perf: 0.9475 | Eval Error: 0.0233 | Eval Perf: 0.7233
[65, 100] Train Error: 0.0044 | Train Perf: 0.9465 | Eval Error: 0.0226 | Eval Perf: 0.7272
[66, 100] Train Error: 0.0044 | Train Perf: 0.9475 | Eval Error: 0.0231 | Eval Perf: 0.7274
[67, 100] Train Error: 0.0044 | Train Perf: 0.9464 | Eval Error: 0.0231 | Eval Perf: 0.7269
[68, 100] Train Error: 0.0044 | Train Perf: 0.9465 | Eval Error: 0.0231 | Eval Perf: 0.7259
[69, 100] Train Error: 0.0043 | Train Perf: 0.9478 | Eval Error: 0.0232 | Eval Perf: 0.7205
[70, 100] Train Error: 0.0042 | Train Perf: 0.95 | Eval Error: 0.0239 | Eval Perf: 0.7245
[71, 100] Train Error: 0.0043 | Train Perf: 0.9486 | Eval Error: 0.0234 | Eval Perf: 0.7182
[72, 100] Train Error: 0.0043 | Train Perf: 0.9486 | Eval Error: 0.0227 | Eval Perf: 0.7286
[73, 100] Train Error: 0.0042 | Train Perf: 0.95 | Eval Error: 0.0233 | Eval Perf: 0.7244
[74, 100] Train Error: 0.004 | Train Perf: 0.9514 | Eval Error: 0.0234 | Eval Perf: 0.7175
[75, 100] Train Error: 0.004 | Train Perf: 0.9519 | Eval Error: 0.0233 | Eval Perf: 0.7206
[76, 100] Train Error: 0.004 | Train Perf: 0.9514 | Eval Error: 0.0241 | Eval Perf: 0.7145
[77, 100] Train Error: 0.004 | Train Perf: 0.9522 | Eval Error: 0.0243 | Eval Perf: 0.7112
[78, 100] Train Error: 0.0039 | Train Perf: 0.9527 | Eval Error: 0.024 | Eval Perf: 0.7178
[79, 100] Train Error: 0.004 | Train Perf: 0.9515 | Eval Error: 0.0238 | Eval Perf: 0.7194
[80, 100] Train Error: 0.0039 | Train Perf: 0.9535 | Eval Error: 0.0239 | Eval Perf: 0.7142
[81, 100] Train Error: 0.0039 | Train Perf: 0.9533 | Eval Error: 0.0245 | Eval Perf: 0.7071
[82, 100] Train Error: 0.0038 | Train Perf: 0.954 | Eval Error: 0.0238 | Eval Perf: 0.7147
[83, 100] Train Error: 0.0038 | Train Perf: 0.9546 | Eval Error: 0.0246 | Eval Perf: 0.7067
[84, 100] Train Error: 0.0038 | Train Perf: 0.9548 | Eval Error: 0.0245 | Eval Perf: 0.7046
[85, 100] Train Error: 0.0038 | Train Perf: 0.9544 | Eval Error: 0.025 | Eval Perf: 0.6988
[86, 100] Train Error: 0.0037 | Train Perf: 0.956 | Eval Error: 0.0244 | Eval Perf: 0.7089
[87, 100] Train Error: 0.0037 | Train Perf: 0.9557 | Eval Error: 0.0247 | Eval Perf: 0.7061
[88, 100] Train Error: 0.0037 | Train Perf: 0.9555 | Eval Error: 0.0255 | Eval Perf: 0.6983
[89, 100] Train Error: 0.0037 | Train Perf: 0.9559 | Eval Error: 0.0249 | Eval Perf: 0.7002
[90, 100] Train Error: 0.0036 | Train Perf: 0.9566 | Eval Error: 0.0245 | Eval Perf: 0.7076
[91, 100] Train Error: 0.0037 | Train Perf: 0.9558 | Eval Error: 0.0252 | Eval Perf: 0.6981
[92, 100] Train Error: 0.0036 | Train Perf: 0.957 | Eval Error: 0.0253 | Eval Perf: 0.7
[93, 100] Train Error: 0.0035 | Train Perf: 0.9578 | Eval Error: 0.0257 | Eval Perf: 0.6971
[94, 100] Train Error: 0.0035 | Train Perf: 0.9579 | Eval Error: 0.0248 | Eval Perf: 0.7024
[95, 100] Train Error: 0.0034 | Train Perf: 0.9588 | Eval Error: 0.0259 | Eval Perf: 0.6894
[96, 100] Train Error: 0.0035 | Train Perf: 0.9585 | Eval Error: 0.0258 | Eval Perf: 0.6899
[97, 100] Train Error: 0.0034 | Train Perf: 0.9595 | Eval Error: 0.0262 | Eval Perf: 0.6872
[98, 100] Train Error: 0.0035 | Train Perf: 0.9581 | Eval Error: 0.0261 | Eval Perf: 0.6883
[99, 100] Train Error: 0.0034 | Train Perf: 0.9594 | Eval Error: 0.026 | Eval Perf: 0.6933
[100, 100] Train Error: 0.0034 | Train Perf: 0.9595 | Eval Error: 0.0259 | Eval Perf: 0.6921
