NETWORK SUMMARY
---------------
Input Layer shape: (1, 180)
Hidden Layer shape: (181, 5)
Output layer shape: (6, 1)
Total parameters: 911

[1, 100] Train Error: 0.0358 | Train Perf: 0.4064 | Eval Error: 0.0255 | Eval Perf: 0.6449
[2, 100] Train Error: 0.024 | Train Perf: 0.6621 | Eval Error: 0.0217 | Eval Perf: 0.7237
[3, 100] Train Error: 0.0195 | Train Perf: 0.7367 | Eval Error: 0.0206 | Eval Perf: 0.725
[4, 100] Train Error: 0.0185 | Train Perf: 0.7523 | Eval Error: 0.0221 | Eval Perf: 0.7517
[5, 100] Train Error: 0.0173 | Train Perf: 0.7711 | Eval Error: 0.0177 | Eval Perf: 0.7732
[6, 100] Train Error: 0.016 | Train Perf: 0.7901 | Eval Error: 0.0187 | Eval Perf: 0.75
[7, 100] Train Error: 0.0153 | Train Perf: 0.8008 | Eval Error: 0.0184 | Eval Perf: 0.7635
[8, 100] Train Error: 0.0152 | Train Perf: 0.8029 | Eval Error: 0.017 | Eval Perf: 0.7755
[9, 100] Train Error: 0.014 | Train Perf: 0.8197 | Eval Error: 0.019 | Eval Perf: 0.7476
[10, 100] Train Error: 0.0136 | Train Perf: 0.8256 | Eval Error: 0.019 | Eval Perf: 0.7806
[11, 100] Train Error: 0.0132 | Train Perf: 0.8305 | Eval Error: 0.0178 | Eval Perf: 0.7671
[12, 100] Train Error: 0.013 | Train Perf: 0.8344 | Eval Error: 0.0166 | Eval Perf: 0.7837
[13, 100] Train Error: 0.0124 | Train Perf: 0.8426 | Eval Error: 0.0178 | Eval Perf: 0.7742
[14, 100] Train Error: 0.0122 | Train Perf: 0.8456 | Eval Error: 0.0177 | Eval Perf: 0.7755
[15, 100] Train Error: 0.0116 | Train Perf: 0.854 | Eval Error: 0.0182 | Eval Perf: 0.782
[16, 100] Train Error: 0.0114 | Train Perf: 0.8563 | Eval Error: 0.0199 | Eval Perf: 0.7691
[17, 100] Train Error: 0.0109 | Train Perf: 0.8627 | Eval Error: 0.0175 | Eval Perf: 0.7741
[18, 100] Train Error: 0.0105 | Train Perf: 0.8678 | Eval Error: 0.018 | Eval Perf: 0.7704
[19, 100] Train Error: 0.0102 | Train Perf: 0.873 | Eval Error: 0.0192 | Eval Perf: 0.7481
[20, 100] Train Error: 0.01 | Train Perf: 0.8757 | Eval Error: 0.0181 | Eval Perf: 0.7665
[21, 100] Train Error: 0.0099 | Train Perf: 0.8766 | Eval Error: 0.019 | Eval Perf: 0.757
[22, 100] Train Error: 0.0097 | Train Perf: 0.8794 | Eval Error: 0.0194 | Eval Perf: 0.7526
[23, 100] Train Error: 0.0094 | Train Perf: 0.8834 | Eval Error: 0.0216 | Eval Perf: 0.7513
[24, 100] Train Error: 0.0091 | Train Perf: 0.887 | Eval Error: 0.0203 | Eval Perf: 0.7385
[25, 100] Train Error: 0.009 | Train Perf: 0.8877 | Eval Error: 0.0193 | Eval Perf: 0.7517
[26, 100] Train Error: 0.0088 | Train Perf: 0.8903 | Eval Error: 0.0209 | Eval Perf: 0.7386
[27, 100] Train Error: 0.0087 | Train Perf: 0.8928 | Eval Error: 0.0208 | Eval Perf: 0.7328
[28, 100] Train Error: 0.0085 | Train Perf: 0.895 | Eval Error: 0.0205 | Eval Perf: 0.7368
[29, 100] Train Error: 0.008 | Train Perf: 0.9008 | Eval Error: 0.0221 | Eval Perf: 0.725
[30, 100] Train Error: 0.0079 | Train Perf: 0.9022 | Eval Error: 0.0208 | Eval Perf: 0.739
[31, 100] Train Error: 0.0078 | Train Perf: 0.9042 | Eval Error: 0.0216 | Eval Perf: 0.7302
[32, 100] Train Error: 0.0077 | Train Perf: 0.9051 | Eval Error: 0.0216 | Eval Perf: 0.7337
[33, 100] Train Error: 0.0075 | Train Perf: 0.9084 | Eval Error: 0.0215 | Eval Perf: 0.7304
[34, 100] Train Error: 0.0073 | Train Perf: 0.9102 | Eval Error: 0.021 | Eval Perf: 0.7354
[35, 100] Train Error: 0.0072 | Train Perf: 0.9117 | Eval Error: 0.022 | Eval Perf: 0.7235
[36, 100] Train Error: 0.0069 | Train Perf: 0.9153 | Eval Error: 0.0231 | Eval Perf: 0.7105
[37, 100] Train Error: 0.0069 | Train Perf: 0.9154 | Eval Error: 0.0218 | Eval Perf: 0.7239
[38, 100] Train Error: 0.0067 | Train Perf: 0.9176 | Eval Error: 0.0226 | Eval Perf: 0.719
[39, 100] Train Error: 0.0068 | Train Perf: 0.9163 | Eval Error: 0.0219 | Eval Perf: 0.7259
[40, 100] Train Error: 0.0065 | Train Perf: 0.9205 | Eval Error: 0.0215 | Eval Perf: 0.7359
[41, 100] Train Error: 0.0065 | Train Perf: 0.9207 | Eval Error: 0.0229 | Eval Perf: 0.7114
[42, 100] Train Error: 0.0067 | Train Perf: 0.9188 | Eval Error: 0.0225 | Eval Perf: 0.726
[43, 100] Train Error: 0.0064 | Train Perf: 0.922 | Eval Error: 0.0222 | Eval Perf: 0.7195
[44, 100] Train Error: 0.0062 | Train Perf: 0.9241 | Eval Error: 0.0223 | Eval Perf: 0.7223
[45, 100] Train Error: 0.0062 | Train Perf: 0.9249 | Eval Error: 0.0225 | Eval Perf: 0.7219
[46, 100] Train Error: 0.0062 | Train Perf: 0.9245 | Eval Error: 0.0235 | Eval Perf: 0.7098
[47, 100] Train Error: 0.0061 | Train Perf: 0.9257 | Eval Error: 0.0225 | Eval Perf: 0.7164
[48, 100] Train Error: 0.0061 | Train Perf: 0.9263 | Eval Error: 0.0228 | Eval Perf: 0.7251
[49, 100] Train Error: 0.0059 | Train Perf: 0.9288 | Eval Error: 0.0238 | Eval Perf: 0.7175
[50, 100] Train Error: 0.0058 | Train Perf: 0.9291 | Eval Error: 0.0231 | Eval Perf: 0.72
[51, 100] Train Error: 0.0058 | Train Perf: 0.9299 | Eval Error: 0.0223 | Eval Perf: 0.7249
[52, 100] Train Error: 0.0058 | Train Perf: 0.9301 | Eval Error: 0.0234 | Eval Perf: 0.7135
[53, 100] Train Error: 0.0057 | Train Perf: 0.9314 | Eval Error: 0.0232 | Eval Perf: 0.7178
[54, 100] Train Error: 0.0056 | Train Perf: 0.9321 | Eval Error: 0.0236 | Eval Perf: 0.7106
[55, 100] Train Error: 0.0055 | Train Perf: 0.9334 | Eval Error: 0.0238 | Eval Perf: 0.7077
[56, 100] Train Error: 0.0055 | Train Perf: 0.9336 | Eval Error: 0.0238 | Eval Perf: 0.7129
[57, 100] Train Error: 0.0054 | Train Perf: 0.9343 | Eval Error: 0.0235 | Eval Perf: 0.7143
[58, 100] Train Error: 0.0053 | Train Perf: 0.9354 | Eval Error: 0.0247 | Eval Perf: 0.7099
[59, 100] Train Error: 0.0054 | Train Perf: 0.9351 | Eval Error: 0.024 | Eval Perf: 0.7072
[60, 100] Train Error: 0.0052 | Train Perf: 0.9374 | Eval Error: 0.0234 | Eval Perf: 0.7154
[61, 100] Train Error: 0.0052 | Train Perf: 0.9374 | Eval Error: 0.0239 | Eval Perf: 0.7091
[62, 100] Train Error: 0.0051 | Train Perf: 0.938 | Eval Error: 0.0241 | Eval Perf: 0.7033
[63, 100] Train Error: 0.0051 | Train Perf: 0.9383 | Eval Error: 0.0237 | Eval Perf: 0.7109
[64, 100] Train Error: 0.0051 | Train Perf: 0.9384 | Eval Error: 0.024 | Eval Perf: 0.7061
[65, 100] Train Error: 0.005 | Train Perf: 0.9397 | Eval Error: 0.0248 | Eval Perf: 0.703
[66, 100] Train Error: 0.005 | Train Perf: 0.9396 | Eval Error: 0.0244 | Eval Perf: 0.7064
[67, 100] Train Error: 0.005 | Train Perf: 0.9394 | Eval Error: 0.0245 | Eval Perf: 0.7075
[68, 100] Train Error: 0.0048 | Train Perf: 0.9415 | Eval Error: 0.0255 | Eval Perf: 0.7103
[69, 100] Train Error: 0.0049 | Train Perf: 0.9414 | Eval Error: 0.0248 | Eval Perf: 0.6996
[70, 100] Train Error: 0.0048 | Train Perf: 0.9418 | Eval Error: 0.0237 | Eval Perf: 0.711
[71, 100] Train Error: 0.0047 | Train Perf: 0.9429 | Eval Error: 0.0247 | Eval Perf: 0.7014
[72, 100] Train Error: 0.0047 | Train Perf: 0.9428 | Eval Error: 0.0244 | Eval Perf: 0.7074
[73, 100] Train Error: 0.0045 | Train Perf: 0.9457 | Eval Error: 0.0248 | Eval Perf: 0.7041
[74, 100] Train Error: 0.0046 | Train Perf: 0.9447 | Eval Error: 0.0254 | Eval Perf: 0.6945
[75, 100] Train Error: 0.0046 | Train Perf: 0.9447 | Eval Error: 0.0241 | Eval Perf: 0.7084
[76, 100] Train Error: 0.0046 | Train Perf: 0.9441 | Eval Error: 0.0243 | Eval Perf: 0.7019
[77, 100] Train Error: 0.0045 | Train Perf: 0.9456 | Eval Error: 0.0246 | Eval Perf: 0.7062
[78, 100] Train Error: 0.0045 | Train Perf: 0.9462 | Eval Error: 0.0258 | Eval Perf: 0.6943
[79, 100] Train Error: 0.0046 | Train Perf: 0.9447 | Eval Error: 0.0253 | Eval Perf: 0.6961
[80, 100] Train Error: 0.0044 | Train Perf: 0.9475 | Eval Error: 0.0251 | Eval Perf: 0.7014
[81, 100] Train Error: 0.0043 | Train Perf: 0.9478 | Eval Error: 0.0256 | Eval Perf: 0.7002
[82, 100] Train Error: 0.0043 | Train Perf: 0.9482 | Eval Error: 0.0257 | Eval Perf: 0.6985
[83, 100] Train Error: 0.0043 | Train Perf: 0.9487 | Eval Error: 0.0256 | Eval Perf: 0.7013
[84, 100] Train Error: 0.0043 | Train Perf: 0.9478 | Eval Error: 0.0258 | Eval Perf: 0.6951
[85, 100] Train Error: 0.0043 | Train Perf: 0.9486 | Eval Error: 0.025 | Eval Perf: 0.699
[86, 100] Train Error: 0.0043 | Train Perf: 0.9488 | Eval Error: 0.0254 | Eval Perf: 0.6919
[87, 100] Train Error: 0.0042 | Train Perf: 0.949 | Eval Error: 0.0251 | Eval Perf: 0.7009
[88, 100] Train Error: 0.0041 | Train Perf: 0.9506 | Eval Error: 0.025 | Eval Perf: 0.6996
[89, 100] Train Error: 0.0042 | Train Perf: 0.9499 | Eval Error: 0.0253 | Eval Perf: 0.7026
[90, 100] Train Error: 0.0042 | Train Perf: 0.9496 | Eval Error: 0.0257 | Eval Perf: 0.7016
[91, 100] Train Error: 0.004 | Train Perf: 0.9519 | Eval Error: 0.0255 | Eval Perf: 0.6983
[92, 100] Train Error: 0.0042 | Train Perf: 0.9499 | Eval Error: 0.0257 | Eval Perf: 0.7011
[93, 100] Train Error: 0.0041 | Train Perf: 0.9507 | Eval Error: 0.0252 | Eval Perf: 0.7035
[94, 100] Train Error: 0.004 | Train Perf: 0.9525 | Eval Error: 0.0271 | Eval Perf: 0.6914
[95, 100] Train Error: 0.0041 | Train Perf: 0.9511 | Eval Error: 0.0255 | Eval Perf: 0.6953
[96, 100] Train Error: 0.004 | Train Perf: 0.9522 | Eval Error: 0.026 | Eval Perf: 0.696
[97, 100] Train Error: 0.0039 | Train Perf: 0.9526 | Eval Error: 0.026 | Eval Perf: 0.6953
[98, 100] Train Error: 0.0039 | Train Perf: 0.9536 | Eval Error: 0.0267 | Eval Perf: 0.6867
[99, 100] Train Error: 0.004 | Train Perf: 0.9522 | Eval Error: 0.0262 | Eval Perf: 0.6975
[100, 100] Train Error: 0.0038 | Train Perf: 0.9543 | Eval Error: 0.0259 | Eval Perf: 0.695
