NETWORK SUMMARY
---------------
Input Layer shape: (1, 180)
Hidden Layer shape: (181, 3)
Output layer shape: (4, 1)
Total parameters: 547

[1, 100] Train Error: 0.0188 | Train Perf: 0.0252 | Eval Error: 0.0146 | Eval Perf: 0.2466
[2, 100] Train Error: 0.0141 | Train Perf: 0.3591 | Eval Error: 0.0139 | Eval Perf: 0.3797
[3, 100] Train Error: 0.0134 | Train Perf: 0.4631 | Eval Error: 0.0132 | Eval Perf: 0.4319
[4, 100] Train Error: 0.0126 | Train Perf: 0.511 | Eval Error: 0.0126 | Eval Perf: 0.4589
[5, 100] Train Error: 0.0119 | Train Perf: 0.5417 | Eval Error: 0.0121 | Eval Perf: 0.4755
[6, 100] Train Error: 0.0113 | Train Perf: 0.5605 | Eval Error: 0.0118 | Eval Perf: 0.4889
[7, 100] Train Error: 0.0108 | Train Perf: 0.5793 | Eval Error: 0.0115 | Eval Perf: 0.5005
[8, 100] Train Error: 0.0104 | Train Perf: 0.5948 | Eval Error: 0.0112 | Eval Perf: 0.5092
[9, 100] Train Error: 0.01 | Train Perf: 0.612 | Eval Error: 0.011 | Eval Perf: 0.5178
[10, 100] Train Error: 0.0096 | Train Perf: 0.6271 | Eval Error: 0.0109 | Eval Perf: 0.5271
[11, 100] Train Error: 0.0093 | Train Perf: 0.643 | Eval Error: 0.0107 | Eval Perf: 0.5367
[12, 100] Train Error: 0.0089 | Train Perf: 0.6592 | Eval Error: 0.0106 | Eval Perf: 0.5447
[13, 100] Train Error: 0.0086 | Train Perf: 0.6689 | Eval Error: 0.0104 | Eval Perf: 0.5536
[14, 100] Train Error: 0.0083 | Train Perf: 0.685 | Eval Error: 0.0103 | Eval Perf: 0.5606
[15, 100] Train Error: 0.0081 | Train Perf: 0.6957 | Eval Error: 0.0102 | Eval Perf: 0.5683
[16, 100] Train Error: 0.0078 | Train Perf: 0.7086 | Eval Error: 0.01 | Eval Perf: 0.5765
[17, 100] Train Error: 0.0075 | Train Perf: 0.7198 | Eval Error: 0.01 | Eval Perf: 0.5825
[18, 100] Train Error: 0.0073 | Train Perf: 0.7298 | Eval Error: 0.01 | Eval Perf: 0.5862
[19, 100] Train Error: 0.007 | Train Perf: 0.7383 | Eval Error: 0.0098 | Eval Perf: 0.5928
[20, 100] Train Error: 0.0069 | Train Perf: 0.7486 | Eval Error: 0.0098 | Eval Perf: 0.5995
[21, 100] Train Error: 0.0066 | Train Perf: 0.7566 | Eval Error: 0.0099 | Eval Perf: 0.6042
[22, 100] Train Error: 0.0065 | Train Perf: 0.7608 | Eval Error: 0.0095 | Eval Perf: 0.6094
[23, 100] Train Error: 0.0063 | Train Perf: 0.7679 | Eval Error: 0.0095 | Eval Perf: 0.6134
[24, 100] Train Error: 0.0061 | Train Perf: 0.7772 | Eval Error: 0.0097 | Eval Perf: 0.6186
[25, 100] Train Error: 0.0061 | Train Perf: 0.7783 | Eval Error: 0.0093 | Eval Perf: 0.6261
[26, 100] Train Error: 0.0058 | Train Perf: 0.7906 | Eval Error: 0.0098 | Eval Perf: 0.6283
[27, 100] Train Error: 0.0057 | Train Perf: 0.7916 | Eval Error: 0.0095 | Eval Perf: 0.6336
[28, 100] Train Error: 0.0057 | Train Perf: 0.7945 | Eval Error: 0.0092 | Eval Perf: 0.6352
[29, 100] Train Error: 0.0055 | Train Perf: 0.8017 | Eval Error: 0.009 | Eval Perf: 0.6431
[30, 100] Train Error: 0.0054 | Train Perf: 0.8058 | Eval Error: 0.0093 | Eval Perf: 0.6428
[31, 100] Train Error: 0.0053 | Train Perf: 0.8074 | Eval Error: 0.0092 | Eval Perf: 0.6449
[32, 100] Train Error: 0.0052 | Train Perf: 0.8106 | Eval Error: 0.0089 | Eval Perf: 0.6455
[33, 100] Train Error: 0.0051 | Train Perf: 0.8188 | Eval Error: 0.0095 | Eval Perf: 0.6468
[34, 100] Train Error: 0.005 | Train Perf: 0.8178 | Eval Error: 0.009 | Eval Perf: 0.6475
[35, 100] Train Error: 0.005 | Train Perf: 0.8214 | Eval Error: 0.0091 | Eval Perf: 0.6494
[36, 100] Train Error: 0.0049 | Train Perf: 0.8235 | Eval Error: 0.0089 | Eval Perf: 0.6518
[37, 100] Train Error: 0.0048 | Train Perf: 0.8267 | Eval Error: 0.0089 | Eval Perf: 0.6532
[38, 100] Train Error: 0.0048 | Train Perf: 0.8298 | Eval Error: 0.0089 | Eval Perf: 0.653
[39, 100] Train Error: 0.0047 | Train Perf: 0.8319 | Eval Error: 0.0089 | Eval Perf: 0.6542
[40, 100] Train Error: 0.0046 | Train Perf: 0.8385 | Eval Error: 0.0093 | Eval Perf: 0.6554
[41, 100] Train Error: 0.0046 | Train Perf: 0.8373 | Eval Error: 0.009 | Eval Perf: 0.656
[42, 100] Train Error: 0.0045 | Train Perf: 0.8395 | Eval Error: 0.0092 | Eval Perf: 0.6564
[43, 100] Train Error: 0.0045 | Train Perf: 0.841 | Eval Error: 0.0092 | Eval Perf: 0.658
[44, 100] Train Error: 0.0044 | Train Perf: 0.8434 | Eval Error: 0.009 | Eval Perf: 0.6549
[45, 100] Train Error: 0.0043 | Train Perf: 0.8482 | Eval Error: 0.0092 | Eval Perf: 0.659
[46, 100] Train Error: 0.0043 | Train Perf: 0.8477 | Eval Error: 0.0089 | Eval Perf: 0.6585
[47, 100] Train Error: 0.0042 | Train Perf: 0.8495 | Eval Error: 0.0089 | Eval Perf: 0.6601
[48, 100] Train Error: 0.0042 | Train Perf: 0.8523 | Eval Error: 0.0092 | Eval Perf: 0.6608
[49, 100] Train Error: 0.0041 | Train Perf: 0.8537 | Eval Error: 0.0089 | Eval Perf: 0.6599
[50, 100] Train Error: 0.0041 | Train Perf: 0.8539 | Eval Error: 0.009 | Eval Perf: 0.6609
[51, 100] Train Error: 0.004 | Train Perf: 0.8569 | Eval Error: 0.009 | Eval Perf: 0.658
[52, 100] Train Error: 0.004 | Train Perf: 0.8577 | Eval Error: 0.009 | Eval Perf: 0.66
[53, 100] Train Error: 0.004 | Train Perf: 0.8606 | Eval Error: 0.0095 | Eval Perf: 0.6603
[54, 100] Train Error: 0.0039 | Train Perf: 0.8607 | Eval Error: 0.0092 | Eval Perf: 0.6613
[55, 100] Train Error: 0.0039 | Train Perf: 0.8627 | Eval Error: 0.0093 | Eval Perf: 0.6613
[56, 100] Train Error: 0.0039 | Train Perf: 0.8627 | Eval Error: 0.0092 | Eval Perf: 0.6614
[57, 100] Train Error: 0.0038 | Train Perf: 0.8653 | Eval Error: 0.0092 | Eval Perf: 0.6577
[58, 100] Train Error: 0.0038 | Train Perf: 0.8659 | Eval Error: 0.0091 | Eval Perf: 0.6585
[59, 100] Train Error: 0.0038 | Train Perf: 0.8677 | Eval Error: 0.0092 | Eval Perf: 0.6572
[60, 100] Train Error: 0.0037 | Train Perf: 0.8695 | Eval Error: 0.0095 | Eval Perf: 0.6583
[61, 100] Train Error: 0.0037 | Train Perf: 0.8713 | Eval Error: 0.0091 | Eval Perf: 0.6572
[62, 100] Train Error: 0.0036 | Train Perf: 0.8733 | Eval Error: 0.0095 | Eval Perf: 0.6607
[63, 100] Train Error: 0.0036 | Train Perf: 0.873 | Eval Error: 0.0093 | Eval Perf: 0.6598
[64, 100] Train Error: 0.0036 | Train Perf: 0.8741 | Eval Error: 0.0096 | Eval Perf: 0.6609
[65, 100] Train Error: 0.0036 | Train Perf: 0.8741 | Eval Error: 0.0092 | Eval Perf: 0.6606
[66, 100] Train Error: 0.0035 | Train Perf: 0.8762 | Eval Error: 0.0094 | Eval Perf: 0.6582
[67, 100] Train Error: 0.0035 | Train Perf: 0.8765 | Eval Error: 0.0096 | Eval Perf: 0.6581
[68, 100] Train Error: 0.0035 | Train Perf: 0.8782 | Eval Error: 0.0097 | Eval Perf: 0.6556
[69, 100] Train Error: 0.0035 | Train Perf: 0.8784 | Eval Error: 0.0095 | Eval Perf: 0.6588
[70, 100] Train Error: 0.0034 | Train Perf: 0.8812 | Eval Error: 0.0097 | Eval Perf: 0.659
[71, 100] Train Error: 0.0034 | Train Perf: 0.8808 | Eval Error: 0.0095 | Eval Perf: 0.6578
[72, 100] Train Error: 0.0034 | Train Perf: 0.8828 | Eval Error: 0.0095 | Eval Perf: 0.6579
[73, 100] Train Error: 0.0033 | Train Perf: 0.8839 | Eval Error: 0.0099 | Eval Perf: 0.6588
[74, 100] Train Error: 0.0033 | Train Perf: 0.8842 | Eval Error: 0.0099 | Eval Perf: 0.6581
[75, 100] Train Error: 0.0033 | Train Perf: 0.8853 | Eval Error: 0.0096 | Eval Perf: 0.6589
[76, 100] Train Error: 0.0033 | Train Perf: 0.886 | Eval Error: 0.0099 | Eval Perf: 0.6598
[77, 100] Train Error: 0.0032 | Train Perf: 0.887 | Eval Error: 0.0099 | Eval Perf: 0.6598
[78, 100] Train Error: 0.0032 | Train Perf: 0.8883 | Eval Error: 0.0098 | Eval Perf: 0.6544
[79, 100] Train Error: 0.0032 | Train Perf: 0.8898 | Eval Error: 0.01 | Eval Perf: 0.6581
[80, 100] Train Error: 0.0032 | Train Perf: 0.8896 | Eval Error: 0.0098 | Eval Perf: 0.6578
[81, 100] Train Error: 0.0031 | Train Perf: 0.8921 | Eval Error: 0.0095 | Eval Perf: 0.6537
[82, 100] Train Error: 0.0031 | Train Perf: 0.8919 | Eval Error: 0.0097 | Eval Perf: 0.6542
[83, 100] Train Error: 0.0031 | Train Perf: 0.8927 | Eval Error: 0.01 | Eval Perf: 0.654
[84, 100] Train Error: 0.003 | Train Perf: 0.8942 | Eval Error: 0.0098 | Eval Perf: 0.6536
[85, 100] Train Error: 0.003 | Train Perf: 0.8946 | Eval Error: 0.01 | Eval Perf: 0.6554
[86, 100] Train Error: 0.003 | Train Perf: 0.8952 | Eval Error: 0.0097 | Eval Perf: 0.6562
[87, 100] Train Error: 0.003 | Train Perf: 0.8966 | Eval Error: 0.0099 | Eval Perf: 0.6566
[88, 100] Train Error: 0.0029 | Train Perf: 0.898 | Eval Error: 0.0102 | Eval Perf: 0.6562
[89, 100] Train Error: 0.0029 | Train Perf: 0.8981 | Eval Error: 0.0102 | Eval Perf: 0.6569
[90, 100] Train Error: 0.0029 | Train Perf: 0.8986 | Eval Error: 0.01 | Eval Perf: 0.6566
[91, 100] Train Error: 0.0029 | Train Perf: 0.8997 | Eval Error: 0.0099 | Eval Perf: 0.6556
[92, 100] Train Error: 0.0029 | Train Perf: 0.9003 | Eval Error: 0.0101 | Eval Perf: 0.6556
[93, 100] Train Error: 0.0029 | Train Perf: 0.9009 | Eval Error: 0.01 | Eval Perf: 0.6542
[94, 100] Train Error: 0.0028 | Train Perf: 0.9027 | Eval Error: 0.0101 | Eval Perf: 0.6547
[95, 100] Train Error: 0.0028 | Train Perf: 0.9032 | Eval Error: 0.0101 | Eval Perf: 0.653
[96, 100] Train Error: 0.0028 | Train Perf: 0.9034 | Eval Error: 0.0102 | Eval Perf: 0.6552
[97, 100] Train Error: 0.0028 | Train Perf: 0.9042 | Eval Error: 0.01 | Eval Perf: 0.6522
[98, 100] Train Error: 0.0027 | Train Perf: 0.907 | Eval Error: 0.01 | Eval Perf: 0.6519
[99, 100] Train Error: 0.0027 | Train Perf: 0.9064 | Eval Error: 0.0103 | Eval Perf: 0.6542
[100, 100] Train Error: 0.0027 | Train Perf: 0.9068 | Eval Error: 0.0104 | Eval Perf: 0.6544
