NETWORK SUMMARY
---------------
Input Layer shape: (1, 180)
Hidden Layer shape: (181, 5)
Output layer shape: (6, 1)
Total parameters: 911

[1, 100] Train Error: 0.0362 | Train Perf: 0.095 | Eval Error: 0.0334 | Eval Perf: 0.5812
[2, 100] Train Error: 0.0279 | Train Perf: 0.5363 | Eval Error: 0.022 | Eval Perf: 0.6859
[3, 100] Train Error: 0.0195 | Train Perf: 0.6997 | Eval Error: 0.0165 | Eval Perf: 0.7488
[4, 100] Train Error: 0.0156 | Train Perf: 0.7611 | Eval Error: 0.0148 | Eval Perf: 0.7704
[5, 100] Train Error: 0.0142 | Train Perf: 0.7819 | Eval Error: 0.0162 | Eval Perf: 0.7674
[6, 100] Train Error: 0.0134 | Train Perf: 0.7948 | Eval Error: 0.0143 | Eval Perf: 0.7822
[7, 100] Train Error: 0.0132 | Train Perf: 0.7988 | Eval Error: 0.0146 | Eval Perf: 0.7829
[8, 100] Train Error: 0.0128 | Train Perf: 0.8054 | Eval Error: 0.0142 | Eval Perf: 0.7831
[9, 100] Train Error: 0.0128 | Train Perf: 0.8057 | Eval Error: 0.0154 | Eval Perf: 0.7808
[10, 100] Train Error: 0.0128 | Train Perf: 0.8054 | Eval Error: 0.0143 | Eval Perf: 0.7853
[11, 100] Train Error: 0.0124 | Train Perf: 0.8123 | Eval Error: 0.0142 | Eval Perf: 0.7831
[12, 100] Train Error: 0.0123 | Train Perf: 0.814 | Eval Error: 0.0142 | Eval Perf: 0.7902
[13, 100] Train Error: 0.0121 | Train Perf: 0.8172 | Eval Error: 0.014 | Eval Perf: 0.7916
[14, 100] Train Error: 0.0118 | Train Perf: 0.8222 | Eval Error: 0.014 | Eval Perf: 0.7927
[15, 100] Train Error: 0.0117 | Train Perf: 0.8234 | Eval Error: 0.0149 | Eval Perf: 0.7906
[16, 100] Train Error: 0.0115 | Train Perf: 0.8267 | Eval Error: 0.0164 | Eval Perf: 0.7869
[17, 100] Train Error: 0.0114 | Train Perf: 0.8293 | Eval Error: 0.0142 | Eval Perf: 0.7918
[18, 100] Train Error: 0.0112 | Train Perf: 0.8324 | Eval Error: 0.0136 | Eval Perf: 0.795
[19, 100] Train Error: 0.0112 | Train Perf: 0.8329 | Eval Error: 0.0141 | Eval Perf: 0.7881
[20, 100] Train Error: 0.0109 | Train Perf: 0.8363 | Eval Error: 0.016 | Eval Perf: 0.7865
[21, 100] Train Error: 0.0108 | Train Perf: 0.839 | Eval Error: 0.0144 | Eval Perf: 0.7874
[22, 100] Train Error: 0.0107 | Train Perf: 0.8403 | Eval Error: 0.0141 | Eval Perf: 0.7867
[23, 100] Train Error: 0.0104 | Train Perf: 0.846 | Eval Error: 0.0147 | Eval Perf: 0.7829
[24, 100] Train Error: 0.0103 | Train Perf: 0.8468 | Eval Error: 0.0144 | Eval Perf: 0.7861
[25, 100] Train Error: 0.0102 | Train Perf: 0.8481 | Eval Error: 0.0145 | Eval Perf: 0.7838
[26, 100] Train Error: 0.0099 | Train Perf: 0.8535 | Eval Error: 0.0169 | Eval Perf: 0.7799
[27, 100] Train Error: 0.0098 | Train Perf: 0.8556 | Eval Error: 0.0155 | Eval Perf: 0.7812
[28, 100] Train Error: 0.0097 | Train Perf: 0.8573 | Eval Error: 0.0149 | Eval Perf: 0.7775
[29, 100] Train Error: 0.0094 | Train Perf: 0.862 | Eval Error: 0.0159 | Eval Perf: 0.7798
[30, 100] Train Error: 0.0094 | Train Perf: 0.8612 | Eval Error: 0.0155 | Eval Perf: 0.7793
[31, 100] Train Error: 0.009 | Train Perf: 0.8681 | Eval Error: 0.0154 | Eval Perf: 0.7758
[32, 100] Train Error: 0.0091 | Train Perf: 0.8668 | Eval Error: 0.0162 | Eval Perf: 0.7747
[33, 100] Train Error: 0.0089 | Train Perf: 0.87 | Eval Error: 0.0163 | Eval Perf: 0.77
[34, 100] Train Error: 0.0088 | Train Perf: 0.8713 | Eval Error: 0.0155 | Eval Perf: 0.7721
[35, 100] Train Error: 0.0086 | Train Perf: 0.8734 | Eval Error: 0.0152 | Eval Perf: 0.7781
[36, 100] Train Error: 0.0085 | Train Perf: 0.8757 | Eval Error: 0.0159 | Eval Perf: 0.775
[37, 100] Train Error: 0.0085 | Train Perf: 0.8762 | Eval Error: 0.0155 | Eval Perf: 0.7773
[38, 100] Train Error: 0.0083 | Train Perf: 0.878 | Eval Error: 0.0167 | Eval Perf: 0.7734
[39, 100] Train Error: 0.0083 | Train Perf: 0.8784 | Eval Error: 0.0158 | Eval Perf: 0.7708
[40, 100] Train Error: 0.0081 | Train Perf: 0.8818 | Eval Error: 0.0161 | Eval Perf: 0.7702
[41, 100] Train Error: 0.0081 | Train Perf: 0.8821 | Eval Error: 0.0162 | Eval Perf: 0.7749
[42, 100] Train Error: 0.0079 | Train Perf: 0.8848 | Eval Error: 0.0175 | Eval Perf: 0.7712
[43, 100] Train Error: 0.0078 | Train Perf: 0.887 | Eval Error: 0.0159 | Eval Perf: 0.7693
[44, 100] Train Error: 0.0077 | Train Perf: 0.8885 | Eval Error: 0.016 | Eval Perf: 0.7707
[45, 100] Train Error: 0.0077 | Train Perf: 0.8886 | Eval Error: 0.0163 | Eval Perf: 0.7685
[46, 100] Train Error: 0.0075 | Train Perf: 0.8915 | Eval Error: 0.0167 | Eval Perf: 0.7631
[47, 100] Train Error: 0.0074 | Train Perf: 0.8926 | Eval Error: 0.0164 | Eval Perf: 0.766
[48, 100] Train Error: 0.0073 | Train Perf: 0.8935 | Eval Error: 0.0172 | Eval Perf: 0.7651
[49, 100] Train Error: 0.0071 | Train Perf: 0.8965 | Eval Error: 0.0167 | Eval Perf: 0.7665
[50, 100] Train Error: 0.0071 | Train Perf: 0.897 | Eval Error: 0.0168 | Eval Perf: 0.7629
[51, 100] Train Error: 0.0069 | Train Perf: 0.9003 | Eval Error: 0.0168 | Eval Perf: 0.7638
[52, 100] Train Error: 0.0069 | Train Perf: 0.9001 | Eval Error: 0.0169 | Eval Perf: 0.7633
[53, 100] Train Error: 0.0068 | Train Perf: 0.9016 | Eval Error: 0.017 | Eval Perf: 0.7616
[54, 100] Train Error: 0.0067 | Train Perf: 0.9036 | Eval Error: 0.0174 | Eval Perf: 0.7619
[55, 100] Train Error: 0.0065 | Train Perf: 0.9062 | Eval Error: 0.0183 | Eval Perf: 0.7589
[56, 100] Train Error: 0.0064 | Train Perf: 0.9072 | Eval Error: 0.0171 | Eval Perf: 0.7561
[57, 100] Train Error: 0.0063 | Train Perf: 0.9089 | Eval Error: 0.0171 | Eval Perf: 0.7565
[58, 100] Train Error: 0.0063 | Train Perf: 0.9098 | Eval Error: 0.0175 | Eval Perf: 0.7634
[59, 100] Train Error: 0.0063 | Train Perf: 0.9098 | Eval Error: 0.0169 | Eval Perf: 0.7641
[60, 100] Train Error: 0.0061 | Train Perf: 0.9126 | Eval Error: 0.0173 | Eval Perf: 0.7565
[61, 100] Train Error: 0.006 | Train Perf: 0.9139 | Eval Error: 0.0178 | Eval Perf: 0.759
[62, 100] Train Error: 0.006 | Train Perf: 0.9144 | Eval Error: 0.0178 | Eval Perf: 0.7595
[63, 100] Train Error: 0.0059 | Train Perf: 0.9155 | Eval Error: 0.0184 | Eval Perf: 0.7562
[64, 100] Train Error: 0.0057 | Train Perf: 0.9178 | Eval Error: 0.0173 | Eval Perf: 0.7554
[65, 100] Train Error: 0.0057 | Train Perf: 0.9189 | Eval Error: 0.0175 | Eval Perf: 0.7609
[66, 100] Train Error: 0.0055 | Train Perf: 0.9208 | Eval Error: 0.0173 | Eval Perf: 0.7595
[67, 100] Train Error: 0.0055 | Train Perf: 0.9207 | Eval Error: 0.0185 | Eval Perf: 0.7602
[68, 100] Train Error: 0.0055 | Train Perf: 0.9217 | Eval Error: 0.0179 | Eval Perf: 0.7577
[69, 100] Train Error: 0.0054 | Train Perf: 0.9229 | Eval Error: 0.0175 | Eval Perf: 0.7605
[70, 100] Train Error: 0.0054 | Train Perf: 0.9232 | Eval Error: 0.0183 | Eval Perf: 0.7558
[71, 100] Train Error: 0.0053 | Train Perf: 0.9242 | Eval Error: 0.0178 | Eval Perf: 0.7534
[72, 100] Train Error: 0.0052 | Train Perf: 0.9262 | Eval Error: 0.0178 | Eval Perf: 0.7583
[73, 100] Train Error: 0.0053 | Train Perf: 0.9251 | Eval Error: 0.0183 | Eval Perf: 0.7532
[74, 100] Train Error: 0.0051 | Train Perf: 0.9276 | Eval Error: 0.0182 | Eval Perf: 0.7539
[75, 100] Train Error: 0.0051 | Train Perf: 0.9277 | Eval Error: 0.0174 | Eval Perf: 0.759
[76, 100] Train Error: 0.005 | Train Perf: 0.9293 | Eval Error: 0.0175 | Eval Perf: 0.7592
[77, 100] Train Error: 0.0049 | Train Perf: 0.9299 | Eval Error: 0.0178 | Eval Perf: 0.755
[78, 100] Train Error: 0.0048 | Train Perf: 0.931 | Eval Error: 0.0183 | Eval Perf: 0.7544
[79, 100] Train Error: 0.0048 | Train Perf: 0.9312 | Eval Error: 0.0181 | Eval Perf: 0.7533
[80, 100] Train Error: 0.0047 | Train Perf: 0.9332 | Eval Error: 0.0192 | Eval Perf: 0.7526
[81, 100] Train Error: 0.0046 | Train Perf: 0.9341 | Eval Error: 0.0187 | Eval Perf: 0.7534
[82, 100] Train Error: 0.0046 | Train Perf: 0.9347 | Eval Error: 0.0181 | Eval Perf: 0.7533
[83, 100] Train Error: 0.0046 | Train Perf: 0.935 | Eval Error: 0.0181 | Eval Perf: 0.7522
[84, 100] Train Error: 0.0045 | Train Perf: 0.9355 | Eval Error: 0.0183 | Eval Perf: 0.7524
[85, 100] Train Error: 0.0044 | Train Perf: 0.9372 | Eval Error: 0.0184 | Eval Perf: 0.7515
[86, 100] Train Error: 0.0044 | Train Perf: 0.9374 | Eval Error: 0.0186 | Eval Perf: 0.7485
[87, 100] Train Error: 0.0043 | Train Perf: 0.9386 | Eval Error: 0.0194 | Eval Perf: 0.7469
[88, 100] Train Error: 0.0043 | Train Perf: 0.9389 | Eval Error: 0.0186 | Eval Perf: 0.7531
[89, 100] Train Error: 0.0042 | Train Perf: 0.9406 | Eval Error: 0.0188 | Eval Perf: 0.7481
[90, 100] Train Error: 0.0042 | Train Perf: 0.9404 | Eval Error: 0.0189 | Eval Perf: 0.7501
[91, 100] Train Error: 0.0042 | Train Perf: 0.9408 | Eval Error: 0.0185 | Eval Perf: 0.7486
[92, 100] Train Error: 0.0041 | Train Perf: 0.9419 | Eval Error: 0.0185 | Eval Perf: 0.7484
[93, 100] Train Error: 0.0041 | Train Perf: 0.9421 | Eval Error: 0.0186 | Eval Perf: 0.7489
[94, 100] Train Error: 0.004 | Train Perf: 0.943 | Eval Error: 0.019 | Eval Perf: 0.7462
[95, 100] Train Error: 0.0039 | Train Perf: 0.9444 | Eval Error: 0.0191 | Eval Perf: 0.7454
[96, 100] Train Error: 0.0039 | Train Perf: 0.9445 | Eval Error: 0.019 | Eval Perf: 0.7445
[97, 100] Train Error: 0.0039 | Train Perf: 0.945 | Eval Error: 0.0192 | Eval Perf: 0.7413
[98, 100] Train Error: 0.0038 | Train Perf: 0.946 | Eval Error: 0.0198 | Eval Perf: 0.7422
[99, 100] Train Error: 0.0038 | Train Perf: 0.9464 | Eval Error: 0.0193 | Eval Perf: 0.744
[100, 100] Train Error: 0.0037 | Train Perf: 0.9477 | Eval Error: 0.0201 | Eval Perf: 0.7355
