NETWORK SUMMARY
---------------
Input Layer shape: (1, 180)
Hidden Layer shape: (181, 2)
Output layer shape: (3, 1)
Total parameters: 365

[1, 100] Train Error: 0.0217 | Train Perf: 0.1491 | Eval Error: 0.0159 | Eval Perf: 0.5853
[2, 100] Train Error: 0.0207 | Train Perf: 0.1137 | Eval Error: 0.0175 | Eval Perf: 0.6811
[3, 100] Train Error: 0.0189 | Train Perf: 0.3394 | Eval Error: 0.0142 | Eval Perf: 0.692
[4, 100] Train Error: 0.0161 | Train Perf: 0.5318 | Eval Error: 0.0126 | Eval Perf: 0.7648
[5, 100] Train Error: 0.0132 | Train Perf: 0.6633 | Eval Error: 0.0083 | Eval Perf: 0.763
[6, 100] Train Error: 0.0111 | Train Perf: 0.7139 | Eval Error: 0.0064 | Eval Perf: 0.8094
[7, 100] Train Error: 0.0085 | Train Perf: 0.7902 | Eval Error: 0.0094 | Eval Perf: 0.7611
[8, 100] Train Error: 0.0086 | Train Perf: 0.7767 | Eval Error: 0.0058 | Eval Perf: 0.8136
[9, 100] Train Error: 0.0071 | Train Perf: 0.8199 | Eval Error: 0.0083 | Eval Perf: 0.8554
[10, 100] Train Error: 0.006 | Train Perf: 0.8502 | Eval Error: 0.0061 | Eval Perf: 0.8635
[11, 100] Train Error: 0.0057 | Train Perf: 0.8551 | Eval Error: 0.0052 | Eval Perf: 0.8325
[12, 100] Train Error: 0.0055 | Train Perf: 0.8625 | Eval Error: 0.0051 | Eval Perf: 0.8373
[13, 100] Train Error: 0.0055 | Train Perf: 0.8615 | Eval Error: 0.0048 | Eval Perf: 0.8628
[14, 100] Train Error: 0.0049 | Train Perf: 0.8799 | Eval Error: 0.0046 | Eval Perf: 0.8557
[15, 100] Train Error: 0.0039 | Train Perf: 0.904 | Eval Error: 0.0048 | Eval Perf: 0.856
[16, 100] Train Error: 0.0038 | Train Perf: 0.9059 | Eval Error: 0.005 | Eval Perf: 0.8742
[17, 100] Train Error: 0.0036 | Train Perf: 0.913 | Eval Error: 0.0045 | Eval Perf: 0.8597
[18, 100] Train Error: 0.0037 | Train Perf: 0.9084 | Eval Error: 0.0046 | Eval Perf: 0.8586
[19, 100] Train Error: 0.0033 | Train Perf: 0.9189 | Eval Error: 0.0054 | Eval Perf: 0.874
[20, 100] Train Error: 0.003 | Train Perf: 0.9272 | Eval Error: 0.0048 | Eval Perf: 0.8614
[21, 100] Train Error: 0.003 | Train Perf: 0.9285 | Eval Error: 0.0049 | Eval Perf: 0.8515
[22, 100] Train Error: 0.0028 | Train Perf: 0.9336 | Eval Error: 0.0075 | Eval Perf: 0.8559
[23, 100] Train Error: 0.0023 | Train Perf: 0.9439 | Eval Error: 0.0059 | Eval Perf: 0.8564
[24, 100] Train Error: 0.0023 | Train Perf: 0.9434 | Eval Error: 0.0067 | Eval Perf: 0.8579
[25, 100] Train Error: 0.0024 | Train Perf: 0.9421 | Eval Error: 0.0055 | Eval Perf: 0.8288
[26, 100] Train Error: 0.0024 | Train Perf: 0.9426 | Eval Error: 0.0061 | Eval Perf: 0.842
[27, 100] Train Error: 0.0021 | Train Perf: 0.9508 | Eval Error: 0.006 | Eval Perf: 0.827
[28, 100] Train Error: 0.0022 | Train Perf: 0.9487 | Eval Error: 0.0066 | Eval Perf: 0.8214
[29, 100] Train Error: 0.0018 | Train Perf: 0.9587 | Eval Error: 0.0064 | Eval Perf: 0.8235
[30, 100] Train Error: 0.0018 | Train Perf: 0.9577 | Eval Error: 0.0068 | Eval Perf: 0.8109
[31, 100] Train Error: 0.0016 | Train Perf: 0.9624 | Eval Error: 0.0075 | Eval Perf: 0.8064
[32, 100] Train Error: 0.0015 | Train Perf: 0.9645 | Eval Error: 0.0069 | Eval Perf: 0.7865
[33, 100] Train Error: 0.0016 | Train Perf: 0.9613 | Eval Error: 0.0069 | Eval Perf: 0.7881
[34, 100] Train Error: 0.0014 | Train Perf: 0.9666 | Eval Error: 0.0075 | Eval Perf: 0.762
[35, 100] Train Error: 0.0016 | Train Perf: 0.9635 | Eval Error: 0.0085 | Eval Perf: 0.7848
[36, 100] Train Error: 0.0013 | Train Perf: 0.9692 | Eval Error: 0.0079 | Eval Perf: 0.7717
[37, 100] Train Error: 0.0011 | Train Perf: 0.9737 | Eval Error: 0.0078 | Eval Perf: 0.758
[38, 100] Train Error: 0.0011 | Train Perf: 0.9743 | Eval Error: 0.008 | Eval Perf: 0.7634
[39, 100] Train Error: 0.0012 | Train Perf: 0.9722 | Eval Error: 0.0084 | Eval Perf: 0.7586
[40, 100] Train Error: 0.0012 | Train Perf: 0.9727 | Eval Error: 0.0089 | Eval Perf: 0.7343
[41, 100] Train Error: 0.001 | Train Perf: 0.9765 | Eval Error: 0.0162 | Eval Perf: 0.744
[42, 100] Train Error: 0.0012 | Train Perf: 0.9713 | Eval Error: 0.0097 | Eval Perf: 0.7156
[43, 100] Train Error: 0.0012 | Train Perf: 0.9715 | Eval Error: 0.0104 | Eval Perf: 0.7137
[44, 100] Train Error: 0.0011 | Train Perf: 0.9742 | Eval Error: 0.0113 | Eval Perf: 0.71
[45, 100] Train Error: 0.0009 | Train Perf: 0.9782 | Eval Error: 0.0106 | Eval Perf: 0.6945
[46, 100] Train Error: 0.0009 | Train Perf: 0.9774 | Eval Error: 0.0114 | Eval Perf: 0.6732
[47, 100] Train Error: 0.0009 | Train Perf: 0.98 | Eval Error: 0.0117 | Eval Perf: 0.6847
[48, 100] Train Error: 0.0011 | Train Perf: 0.9741 | Eval Error: 0.0112 | Eval Perf: 0.6838
[49, 100] Train Error: 0.001 | Train Perf: 0.9768 | Eval Error: 0.0115 | Eval Perf: 0.6705
[50, 100] Train Error: 0.0009 | Train Perf: 0.9789 | Eval Error: 0.0134 | Eval Perf: 0.6818
[51, 100] Train Error: 0.0011 | Train Perf: 0.9734 | Eval Error: 0.0136 | Eval Perf: 0.6704
[52, 100] Train Error: 0.0007 | Train Perf: 0.9826 | Eval Error: 0.0118 | Eval Perf: 0.6946
[53, 100] Train Error: 0.0009 | Train Perf: 0.9797 | Eval Error: 0.0118 | Eval Perf: 0.6643
[54, 100] Train Error: 0.001 | Train Perf: 0.9762 | Eval Error: 0.0124 | Eval Perf: 0.6799
[55, 100] Train Error: 0.0009 | Train Perf: 0.9794 | Eval Error: 0.0125 | Eval Perf: 0.6546
[56, 100] Train Error: 0.0008 | Train Perf: 0.9816 | Eval Error: 0.0129 | Eval Perf: 0.6262
[57, 100] Train Error: 0.0007 | Train Perf: 0.9841 | Eval Error: 0.0125 | Eval Perf: 0.6671
[58, 100] Train Error: 0.0009 | Train Perf: 0.9787 | Eval Error: 0.0133 | Eval Perf: 0.6201
[59, 100] Train Error: 0.0008 | Train Perf: 0.9804 | Eval Error: 0.0137 | Eval Perf: 0.6669
[60, 100] Train Error: 0.0007 | Train Perf: 0.9832 | Eval Error: 0.0127 | Eval Perf: 0.6611
[61, 100] Train Error: 0.0006 | Train Perf: 0.9849 | Eval Error: 0.0132 | Eval Perf: 0.6528
[62, 100] Train Error: 0.0007 | Train Perf: 0.9823 | Eval Error: 0.013 | Eval Perf: 0.6634
[63, 100] Train Error: 0.0007 | Train Perf: 0.9835 | Eval Error: 0.0129 | Eval Perf: 0.6452
[64, 100] Train Error: 0.0007 | Train Perf: 0.9822 | Eval Error: 0.0131 | Eval Perf: 0.6342
[65, 100] Train Error: 0.0007 | Train Perf: 0.9826 | Eval Error: 0.0134 | Eval Perf: 0.6411
[66, 100] Train Error: 0.0008 | Train Perf: 0.9811 | Eval Error: 0.0137 | Eval Perf: 0.6431
[67, 100] Train Error: 0.0006 | Train Perf: 0.9857 | Eval Error: 0.0142 | Eval Perf: 0.6306
[68, 100] Train Error: 0.0006 | Train Perf: 0.9849 | Eval Error: 0.014 | Eval Perf: 0.6066
[69, 100] Train Error: 0.0006 | Train Perf: 0.9854 | Eval Error: 0.0149 | Eval Perf: 0.6407
[70, 100] Train Error: 0.0007 | Train Perf: 0.9827 | Eval Error: 0.0139 | Eval Perf: 0.619
[71, 100] Train Error: 0.0007 | Train Perf: 0.9841 | Eval Error: 0.0144 | Eval Perf: 0.6099
[72, 100] Train Error: 0.0007 | Train Perf: 0.9842 | Eval Error: 0.0141 | Eval Perf: 0.633
[73, 100] Train Error: 0.0006 | Train Perf: 0.9852 | Eval Error: 0.0151 | Eval Perf: 0.6302
[74, 100] Train Error: 0.0006 | Train Perf: 0.9849 | Eval Error: 0.0151 | Eval Perf: 0.6236
[75, 100] Train Error: 0.0006 | Train Perf: 0.9859 | Eval Error: 0.0152 | Eval Perf: 0.6019
[76, 100] Train Error: 0.0009 | Train Perf: 0.9788 | Eval Error: 0.015 | Eval Perf: 0.6014
[77, 100] Train Error: 0.0006 | Train Perf: 0.9862 | Eval Error: 0.0148 | Eval Perf: 0.6167
[78, 100] Train Error: 0.0006 | Train Perf: 0.9854 | Eval Error: 0.0144 | Eval Perf: 0.6104
[79, 100] Train Error: 0.0005 | Train Perf: 0.9876 | Eval Error: 0.0152 | Eval Perf: 0.5937
[80, 100] Train Error: 0.0006 | Train Perf: 0.9856 | Eval Error: 0.0146 | Eval Perf: 0.6138
[81, 100] Train Error: 0.0006 | Train Perf: 0.9846 | Eval Error: 0.0162 | Eval Perf: 0.5756
[82, 100] Train Error: 0.0006 | Train Perf: 0.9847 | Eval Error: 0.0155 | Eval Perf: 0.6069
[83, 100] Train Error: 0.0007 | Train Perf: 0.9842 | Eval Error: 0.0158 | Eval Perf: 0.5902
[84, 100] Train Error: 0.0006 | Train Perf: 0.9849 | Eval Error: 0.0154 | Eval Perf: 0.5893
[85, 100] Train Error: 0.0006 | Train Perf: 0.9866 | Eval Error: 0.0161 | Eval Perf: 0.5754
[86, 100] Train Error: 0.0006 | Train Perf: 0.9869 | Eval Error: 0.0165 | Eval Perf: 0.5797
[87, 100] Train Error: 0.0005 | Train Perf: 0.9877 | Eval Error: 0.0157 | Eval Perf: 0.6119
[88, 100] Train Error: 0.0005 | Train Perf: 0.9881 | Eval Error: 0.0158 | Eval Perf: 0.5854
[89, 100] Train Error: 0.0005 | Train Perf: 0.9877 | Eval Error: 0.0163 | Eval Perf: 0.5892
[90, 100] Train Error: 0.0005 | Train Perf: 0.9883 | Eval Error: 0.0158 | Eval Perf: 0.5977
[91, 100] Train Error: 0.0005 | Train Perf: 0.9878 | Eval Error: 0.0168 | Eval Perf: 0.5974
[92, 100] Train Error: 0.0005 | Train Perf: 0.9875 | Eval Error: 0.016 | Eval Perf: 0.5715
[93, 100] Train Error: 0.0005 | Train Perf: 0.9877 | Eval Error: 0.0161 | Eval Perf: 0.584
[94, 100] Train Error: 0.0005 | Train Perf: 0.9871 | Eval Error: 0.017 | Eval Perf: 0.5797
[95, 100] Train Error: 0.0005 | Train Perf: 0.9873 | Eval Error: 0.0163 | Eval Perf: 0.5817
[96, 100] Train Error: 0.0005 | Train Perf: 0.988 | Eval Error: 0.0171 | Eval Perf: 0.5807
[97, 100] Train Error: 0.0005 | Train Perf: 0.9873 | Eval Error: 0.0161 | Eval Perf: 0.5788
[98, 100] Train Error: 0.0005 | Train Perf: 0.9873 | Eval Error: 0.0161 | Eval Perf: 0.5867
[99, 100] Train Error: 0.0007 | Train Perf: 0.9837 | Eval Error: 0.0169 | Eval Perf: 0.5956
[100, 100] Train Error: 0.0006 | Train Perf: 0.9866 | Eval Error: 0.017 | Eval Perf: 0.5639
