NETWORK SUMMARY
---------------
Input Layer shape: (1, 180)
Hidden Layer shape: (181, 3)
Output layer shape: (4, 1)
Total parameters: 547

[1, 100] Train Error: 0.0299 | Train Perf: 0.4327 | Eval Error: 0.0248 | Eval Perf: 0.5708
[2, 100] Train Error: 0.0216 | Train Perf: 0.6384 | Eval Error: 0.0201 | Eval Perf: 0.687
[3, 100] Train Error: 0.0187 | Train Perf: 0.6978 | Eval Error: 0.018 | Eval Perf: 0.7136
[4, 100] Train Error: 0.0167 | Train Perf: 0.7346 | Eval Error: 0.0174 | Eval Perf: 0.7307
[5, 100] Train Error: 0.0164 | Train Perf: 0.7405 | Eval Error: 0.0176 | Eval Perf: 0.7275
[6, 100] Train Error: 0.0154 | Train Perf: 0.7583 | Eval Error: 0.0175 | Eval Perf: 0.7249
[7, 100] Train Error: 0.0151 | Train Perf: 0.7641 | Eval Error: 0.0164 | Eval Perf: 0.7501
[8, 100] Train Error: 0.0144 | Train Perf: 0.7762 | Eval Error: 0.0161 | Eval Perf: 0.7483
[9, 100] Train Error: 0.0142 | Train Perf: 0.7814 | Eval Error: 0.0159 | Eval Perf: 0.7514
[10, 100] Train Error: 0.0137 | Train Perf: 0.7901 | Eval Error: 0.017 | Eval Perf: 0.7383
[11, 100] Train Error: 0.0133 | Train Perf: 0.7958 | Eval Error: 0.0179 | Eval Perf: 0.7313
[12, 100] Train Error: 0.013 | Train Perf: 0.8008 | Eval Error: 0.0159 | Eval Perf: 0.7511
[13, 100] Train Error: 0.0127 | Train Perf: 0.8071 | Eval Error: 0.0161 | Eval Perf: 0.7535
[14, 100] Train Error: 0.0126 | Train Perf: 0.8082 | Eval Error: 0.0173 | Eval Perf: 0.7335
[15, 100] Train Error: 0.0121 | Train Perf: 0.8162 | Eval Error: 0.0181 | Eval Perf: 0.736
[16, 100] Train Error: 0.0118 | Train Perf: 0.8215 | Eval Error: 0.0171 | Eval Perf: 0.7322
[17, 100] Train Error: 0.0116 | Train Perf: 0.8245 | Eval Error: 0.0165 | Eval Perf: 0.746
[18, 100] Train Error: 0.0116 | Train Perf: 0.8256 | Eval Error: 0.0167 | Eval Perf: 0.7437
[19, 100] Train Error: 0.0115 | Train Perf: 0.8271 | Eval Error: 0.0181 | Eval Perf: 0.7273
[20, 100] Train Error: 0.0111 | Train Perf: 0.8332 | Eval Error: 0.0187 | Eval Perf: 0.7377
[21, 100] Train Error: 0.011 | Train Perf: 0.8358 | Eval Error: 0.0187 | Eval Perf: 0.7225
[22, 100] Train Error: 0.0111 | Train Perf: 0.8332 | Eval Error: 0.0165 | Eval Perf: 0.7431
[23, 100] Train Error: 0.0108 | Train Perf: 0.8386 | Eval Error: 0.0172 | Eval Perf: 0.7317
[24, 100] Train Error: 0.0104 | Train Perf: 0.8453 | Eval Error: 0.0164 | Eval Perf: 0.7448
[25, 100] Train Error: 0.0106 | Train Perf: 0.8418 | Eval Error: 0.0178 | Eval Perf: 0.721
[26, 100] Train Error: 0.0105 | Train Perf: 0.8437 | Eval Error: 0.017 | Eval Perf: 0.7359
[27, 100] Train Error: 0.0103 | Train Perf: 0.8462 | Eval Error: 0.018 | Eval Perf: 0.7178
[28, 100] Train Error: 0.0102 | Train Perf: 0.8481 | Eval Error: 0.0174 | Eval Perf: 0.731
[29, 100] Train Error: 0.01 | Train Perf: 0.8516 | Eval Error: 0.0181 | Eval Perf: 0.7165
[30, 100] Train Error: 0.0101 | Train Perf: 0.8504 | Eval Error: 0.0179 | Eval Perf: 0.7249
[31, 100] Train Error: 0.0099 | Train Perf: 0.8523 | Eval Error: 0.0177 | Eval Perf: 0.725
[32, 100] Train Error: 0.0098 | Train Perf: 0.8544 | Eval Error: 0.0184 | Eval Perf: 0.72
[33, 100] Train Error: 0.0095 | Train Perf: 0.8589 | Eval Error: 0.0184 | Eval Perf: 0.7174
[34, 100] Train Error: 0.0096 | Train Perf: 0.8579 | Eval Error: 0.0179 | Eval Perf: 0.7178
[35, 100] Train Error: 0.0096 | Train Perf: 0.8582 | Eval Error: 0.0182 | Eval Perf: 0.7203
[36, 100] Train Error: 0.0094 | Train Perf: 0.8612 | Eval Error: 0.0177 | Eval Perf: 0.7245
[37, 100] Train Error: 0.0091 | Train Perf: 0.8661 | Eval Error: 0.0187 | Eval Perf: 0.7141
[38, 100] Train Error: 0.0093 | Train Perf: 0.8619 | Eval Error: 0.0191 | Eval Perf: 0.7223
[39, 100] Train Error: 0.0091 | Train Perf: 0.8652 | Eval Error: 0.018 | Eval Perf: 0.7224
[40, 100] Train Error: 0.0092 | Train Perf: 0.8649 | Eval Error: 0.0186 | Eval Perf: 0.7114
[41, 100] Train Error: 0.009 | Train Perf: 0.868 | Eval Error: 0.0186 | Eval Perf: 0.7232
[42, 100] Train Error: 0.0087 | Train Perf: 0.8717 | Eval Error: 0.0184 | Eval Perf: 0.7116
[43, 100] Train Error: 0.009 | Train Perf: 0.867 | Eval Error: 0.0183 | Eval Perf: 0.7212
[44, 100] Train Error: 0.0088 | Train Perf: 0.8705 | Eval Error: 0.0181 | Eval Perf: 0.7167
[45, 100] Train Error: 0.0088 | Train Perf: 0.8714 | Eval Error: 0.018 | Eval Perf: 0.7199
[46, 100] Train Error: 0.0087 | Train Perf: 0.873 | Eval Error: 0.0186 | Eval Perf: 0.7093
[47, 100] Train Error: 0.0087 | Train Perf: 0.8726 | Eval Error: 0.0189 | Eval Perf: 0.7109
[48, 100] Train Error: 0.0085 | Train Perf: 0.8753 | Eval Error: 0.0197 | Eval Perf: 0.6947
[49, 100] Train Error: 0.0085 | Train Perf: 0.8749 | Eval Error: 0.019 | Eval Perf: 0.7102
[50, 100] Train Error: 0.0086 | Train Perf: 0.8736 | Eval Error: 0.0189 | Eval Perf: 0.7057
[51, 100] Train Error: 0.0084 | Train Perf: 0.8769 | Eval Error: 0.02 | Eval Perf: 0.6925
[52, 100] Train Error: 0.0085 | Train Perf: 0.876 | Eval Error: 0.019 | Eval Perf: 0.7009
[53, 100] Train Error: 0.0084 | Train Perf: 0.8772 | Eval Error: 0.0188 | Eval Perf: 0.7066
[54, 100] Train Error: 0.0084 | Train Perf: 0.8773 | Eval Error: 0.0189 | Eval Perf: 0.703
[55, 100] Train Error: 0.0083 | Train Perf: 0.8782 | Eval Error: 0.0199 | Eval Perf: 0.6877
[56, 100] Train Error: 0.0082 | Train Perf: 0.8808 | Eval Error: 0.0208 | Eval Perf: 0.6812
[57, 100] Train Error: 0.0082 | Train Perf: 0.8802 | Eval Error: 0.0195 | Eval Perf: 0.6926
[58, 100] Train Error: 0.008 | Train Perf: 0.8825 | Eval Error: 0.0198 | Eval Perf: 0.6929
[59, 100] Train Error: 0.0081 | Train Perf: 0.8814 | Eval Error: 0.0202 | Eval Perf: 0.6846
[60, 100] Train Error: 0.0079 | Train Perf: 0.8844 | Eval Error: 0.0201 | Eval Perf: 0.6945
[61, 100] Train Error: 0.008 | Train Perf: 0.8835 | Eval Error: 0.0194 | Eval Perf: 0.6958
[62, 100] Train Error: 0.008 | Train Perf: 0.8836 | Eval Error: 0.0204 | Eval Perf: 0.6805
[63, 100] Train Error: 0.0078 | Train Perf: 0.8865 | Eval Error: 0.0207 | Eval Perf: 0.6756
[64, 100] Train Error: 0.0079 | Train Perf: 0.8851 | Eval Error: 0.0209 | Eval Perf: 0.6927
[65, 100] Train Error: 0.0077 | Train Perf: 0.8875 | Eval Error: 0.0197 | Eval Perf: 0.692
[66, 100] Train Error: 0.0078 | Train Perf: 0.8863 | Eval Error: 0.0202 | Eval Perf: 0.6878
[67, 100] Train Error: 0.0074 | Train Perf: 0.8918 | Eval Error: 0.0213 | Eval Perf: 0.6719
[68, 100] Train Error: 0.0078 | Train Perf: 0.8863 | Eval Error: 0.0203 | Eval Perf: 0.6833
[69, 100] Train Error: 0.0076 | Train Perf: 0.8892 | Eval Error: 0.0202 | Eval Perf: 0.6888
[70, 100] Train Error: 0.0076 | Train Perf: 0.8897 | Eval Error: 0.0206 | Eval Perf: 0.6783
[71, 100] Train Error: 0.0075 | Train Perf: 0.8914 | Eval Error: 0.0213 | Eval Perf: 0.6707
[72, 100] Train Error: 0.0075 | Train Perf: 0.8909 | Eval Error: 0.0205 | Eval Perf: 0.6793
[73, 100] Train Error: 0.0075 | Train Perf: 0.8905 | Eval Error: 0.0215 | Eval Perf: 0.6674
[74, 100] Train Error: 0.0074 | Train Perf: 0.8918 | Eval Error: 0.0215 | Eval Perf: 0.6785
[75, 100] Train Error: 0.0075 | Train Perf: 0.8904 | Eval Error: 0.0213 | Eval Perf: 0.6828
[76, 100] Train Error: 0.0075 | Train Perf: 0.8905 | Eval Error: 0.0207 | Eval Perf: 0.6782
[77, 100] Train Error: 0.0072 | Train Perf: 0.895 | Eval Error: 0.0208 | Eval Perf: 0.6833
[78, 100] Train Error: 0.0074 | Train Perf: 0.8918 | Eval Error: 0.0207 | Eval Perf: 0.677
[79, 100] Train Error: 0.0073 | Train Perf: 0.8945 | Eval Error: 0.0226 | Eval Perf: 0.6779
[80, 100] Train Error: 0.0073 | Train Perf: 0.8948 | Eval Error: 0.0211 | Eval Perf: 0.6712
[81, 100] Train Error: 0.0073 | Train Perf: 0.8936 | Eval Error: 0.0212 | Eval Perf: 0.6676
[82, 100] Train Error: 0.0072 | Train Perf: 0.8952 | Eval Error: 0.0208 | Eval Perf: 0.6722
[83, 100] Train Error: 0.0072 | Train Perf: 0.8953 | Eval Error: 0.0213 | Eval Perf: 0.676
[84, 100] Train Error: 0.0072 | Train Perf: 0.896 | Eval Error: 0.0212 | Eval Perf: 0.6777
[85, 100] Train Error: 0.0072 | Train Perf: 0.8962 | Eval Error: 0.0211 | Eval Perf: 0.6683
[86, 100] Train Error: 0.0072 | Train Perf: 0.8953 | Eval Error: 0.0205 | Eval Perf: 0.6771
[87, 100] Train Error: 0.0072 | Train Perf: 0.8954 | Eval Error: 0.0211 | Eval Perf: 0.6712
[88, 100] Train Error: 0.0072 | Train Perf: 0.8961 | Eval Error: 0.0211 | Eval Perf: 0.6681
[89, 100] Train Error: 0.007 | Train Perf: 0.8981 | Eval Error: 0.0211 | Eval Perf: 0.6754
[90, 100] Train Error: 0.007 | Train Perf: 0.8987 | Eval Error: 0.0216 | Eval Perf: 0.662
[91, 100] Train Error: 0.007 | Train Perf: 0.8984 | Eval Error: 0.025 | Eval Perf: 0.6632
[92, 100] Train Error: 0.0071 | Train Perf: 0.8978 | Eval Error: 0.021 | Eval Perf: 0.6715
[93, 100] Train Error: 0.0071 | Train Perf: 0.8974 | Eval Error: 0.022 | Eval Perf: 0.657
[94, 100] Train Error: 0.0069 | Train Perf: 0.8997 | Eval Error: 0.0222 | Eval Perf: 0.6649
[95, 100] Train Error: 0.0069 | Train Perf: 0.8995 | Eval Error: 0.021 | Eval Perf: 0.6708
[96, 100] Train Error: 0.0068 | Train Perf: 0.9012 | Eval Error: 0.0216 | Eval Perf: 0.6634
[97, 100] Train Error: 0.0068 | Train Perf: 0.9012 | Eval Error: 0.0224 | Eval Perf: 0.6568
[98, 100] Train Error: 0.0068 | Train Perf: 0.9011 | Eval Error: 0.0224 | Eval Perf: 0.655
[99, 100] Train Error: 0.0069 | Train Perf: 0.8996 | Eval Error: 0.0215 | Eval Perf: 0.6687
[100, 100] Train Error: 0.0068 | Train Perf: 0.9013 | Eval Error: 0.0218 | Eval Perf: 0.6653
