NETWORK SUMMARY
---------------
Input Layer shape: (1, 180)
Hidden Layer shape: (181, 3)
Output layer shape: (4, 1)
Total parameters: 547

[1, 100] Train Error: 0.0117 | Train Perf: -0.0222 | Eval Error: 0.0071 | Eval Perf: 0.1274
[2, 100] Train Error: 0.0066 | Train Perf: 0.0382 | Eval Error: 0.0069 | Eval Perf: 0.1779
[3, 100] Train Error: 0.0066 | Train Perf: 0.1263 | Eval Error: 0.0069 | Eval Perf: 0.2239
[4, 100] Train Error: 0.0065 | Train Perf: 0.1747 | Eval Error: 0.0068 | Eval Perf: 0.2655
[5, 100] Train Error: 0.0065 | Train Perf: 0.2245 | Eval Error: 0.0068 | Eval Perf: 0.3031
[6, 100] Train Error: 0.0065 | Train Perf: 0.267 | Eval Error: 0.0068 | Eval Perf: 0.3369
[7, 100] Train Error: 0.0064 | Train Perf: 0.3018 | Eval Error: 0.0067 | Eval Perf: 0.367
[8, 100] Train Error: 0.0064 | Train Perf: 0.3438 | Eval Error: 0.0067 | Eval Perf: 0.3937
[9, 100] Train Error: 0.0064 | Train Perf: 0.3594 | Eval Error: 0.0067 | Eval Perf: 0.4177
[10, 100] Train Error: 0.0063 | Train Perf: 0.4 | Eval Error: 0.0066 | Eval Perf: 0.4389
[11, 100] Train Error: 0.0063 | Train Perf: 0.4255 | Eval Error: 0.0066 | Eval Perf: 0.458
[12, 100] Train Error: 0.0062 | Train Perf: 0.4296 | Eval Error: 0.0066 | Eval Perf: 0.4752
[13, 100] Train Error: 0.0062 | Train Perf: 0.4618 | Eval Error: 0.0065 | Eval Perf: 0.4904
[14, 100] Train Error: 0.0062 | Train Perf: 0.4913 | Eval Error: 0.0065 | Eval Perf: 0.5039
[15, 100] Train Error: 0.0061 | Train Perf: 0.5025 | Eval Error: 0.0064 | Eval Perf: 0.5161
[16, 100] Train Error: 0.0061 | Train Perf: 0.5165 | Eval Error: 0.0064 | Eval Perf: 0.5277
[17, 100] Train Error: 0.006 | Train Perf: 0.524 | Eval Error: 0.0063 | Eval Perf: 0.538
[18, 100] Train Error: 0.006 | Train Perf: 0.5454 | Eval Error: 0.0063 | Eval Perf: 0.5468
[19, 100] Train Error: 0.0059 | Train Perf: 0.5529 | Eval Error: 0.0062 | Eval Perf: 0.5557
[20, 100] Train Error: 0.0058 | Train Perf: 0.5615 | Eval Error: 0.0062 | Eval Perf: 0.5642
[21, 100] Train Error: 0.0058 | Train Perf: 0.5746 | Eval Error: 0.0061 | Eval Perf: 0.5707
[22, 100] Train Error: 0.0057 | Train Perf: 0.5787 | Eval Error: 0.006 | Eval Perf: 0.5774
[23, 100] Train Error: 0.0056 | Train Perf: 0.5916 | Eval Error: 0.006 | Eval Perf: 0.584
[24, 100] Train Error: 0.0056 | Train Perf: 0.6013 | Eval Error: 0.0059 | Eval Perf: 0.5894
[25, 100] Train Error: 0.0055 | Train Perf: 0.6043 | Eval Error: 0.0058 | Eval Perf: 0.5958
[26, 100] Train Error: 0.0054 | Train Perf: 0.6139 | Eval Error: 0.0057 | Eval Perf: 0.6009
[27, 100] Train Error: 0.0053 | Train Perf: 0.62 | Eval Error: 0.0057 | Eval Perf: 0.6065
[28, 100] Train Error: 0.0053 | Train Perf: 0.6302 | Eval Error: 0.0056 | Eval Perf: 0.6106
[29, 100] Train Error: 0.0052 | Train Perf: 0.6265 | Eval Error: 0.0055 | Eval Perf: 0.6161
[30, 100] Train Error: 0.0051 | Train Perf: 0.6356 | Eval Error: 0.0054 | Eval Perf: 0.6214
[31, 100] Train Error: 0.005 | Train Perf: 0.6445 | Eval Error: 0.0053 | Eval Perf: 0.6246
[32, 100] Train Error: 0.0049 | Train Perf: 0.6483 | Eval Error: 0.0052 | Eval Perf: 0.6299
[33, 100] Train Error: 0.0048 | Train Perf: 0.6559 | Eval Error: 0.0051 | Eval Perf: 0.6324
[34, 100] Train Error: 0.0047 | Train Perf: 0.6596 | Eval Error: 0.0051 | Eval Perf: 0.6362
[35, 100] Train Error: 0.0046 | Train Perf: 0.6622 | Eval Error: 0.005 | Eval Perf: 0.642
[36, 100] Train Error: 0.0045 | Train Perf: 0.6734 | Eval Error: 0.0049 | Eval Perf: 0.6445
[37, 100] Train Error: 0.0044 | Train Perf: 0.6744 | Eval Error: 0.0048 | Eval Perf: 0.6497
[38, 100] Train Error: 0.0043 | Train Perf: 0.6802 | Eval Error: 0.0047 | Eval Perf: 0.6533
[39, 100] Train Error: 0.0042 | Train Perf: 0.6853 | Eval Error: 0.0046 | Eval Perf: 0.657
[40, 100] Train Error: 0.0042 | Train Perf: 0.6914 | Eval Error: 0.0045 | Eval Perf: 0.6593
[41, 100] Train Error: 0.0041 | Train Perf: 0.6953 | Eval Error: 0.0045 | Eval Perf: 0.6625
[42, 100] Train Error: 0.004 | Train Perf: 0.6997 | Eval Error: 0.0044 | Eval Perf: 0.6665
[43, 100] Train Error: 0.0039 | Train Perf: 0.7052 | Eval Error: 0.0043 | Eval Perf: 0.6682
[44, 100] Train Error: 0.0038 | Train Perf: 0.7091 | Eval Error: 0.0042 | Eval Perf: 0.6703
[45, 100] Train Error: 0.0037 | Train Perf: 0.7152 | Eval Error: 0.0042 | Eval Perf: 0.6725
[46, 100] Train Error: 0.0037 | Train Perf: 0.7174 | Eval Error: 0.0041 | Eval Perf: 0.6767
[47, 100] Train Error: 0.0036 | Train Perf: 0.7231 | Eval Error: 0.0041 | Eval Perf: 0.678
[48, 100] Train Error: 0.0035 | Train Perf: 0.7286 | Eval Error: 0.004 | Eval Perf: 0.6789
[49, 100] Train Error: 0.0034 | Train Perf: 0.7314 | Eval Error: 0.004 | Eval Perf: 0.6801
[50, 100] Train Error: 0.0034 | Train Perf: 0.7355 | Eval Error: 0.0039 | Eval Perf: 0.6826
[51, 100] Train Error: 0.0033 | Train Perf: 0.7388 | Eval Error: 0.0039 | Eval Perf: 0.6864
[52, 100] Train Error: 0.0032 | Train Perf: 0.747 | Eval Error: 0.0039 | Eval Perf: 0.6843
[53, 100] Train Error: 0.0032 | Train Perf: 0.7462 | Eval Error: 0.0038 | Eval Perf: 0.6854
[54, 100] Train Error: 0.0031 | Train Perf: 0.7489 | Eval Error: 0.0038 | Eval Perf: 0.6882
[55, 100] Train Error: 0.0031 | Train Perf: 0.7549 | Eval Error: 0.0038 | Eval Perf: 0.6875
[56, 100] Train Error: 0.003 | Train Perf: 0.7572 | Eval Error: 0.0037 | Eval Perf: 0.6883
[57, 100] Train Error: 0.003 | Train Perf: 0.7593 | Eval Error: 0.0037 | Eval Perf: 0.6904
[58, 100] Train Error: 0.0029 | Train Perf: 0.7639 | Eval Error: 0.0037 | Eval Perf: 0.6904
[59, 100] Train Error: 0.0029 | Train Perf: 0.7658 | Eval Error: 0.0037 | Eval Perf: 0.691
[60, 100] Train Error: 0.0028 | Train Perf: 0.7691 | Eval Error: 0.0037 | Eval Perf: 0.6912
[61, 100] Train Error: 0.0028 | Train Perf: 0.7737 | Eval Error: 0.0037 | Eval Perf: 0.6904
[62, 100] Train Error: 0.0028 | Train Perf: 0.7748 | Eval Error: 0.0037 | Eval Perf: 0.6916
[63, 100] Train Error: 0.0027 | Train Perf: 0.779 | Eval Error: 0.0037 | Eval Perf: 0.6907
[64, 100] Train Error: 0.0027 | Train Perf: 0.7804 | Eval Error: 0.0037 | Eval Perf: 0.6918
[65, 100] Train Error: 0.0027 | Train Perf: 0.7835 | Eval Error: 0.0037 | Eval Perf: 0.6915
[66, 100] Train Error: 0.0026 | Train Perf: 0.7865 | Eval Error: 0.0037 | Eval Perf: 0.6912
[67, 100] Train Error: 0.0026 | Train Perf: 0.7899 | Eval Error: 0.0037 | Eval Perf: 0.6899
[68, 100] Train Error: 0.0026 | Train Perf: 0.7905 | Eval Error: 0.0037 | Eval Perf: 0.6908
[69, 100] Train Error: 0.0025 | Train Perf: 0.7943 | Eval Error: 0.0037 | Eval Perf: 0.6899
[70, 100] Train Error: 0.0025 | Train Perf: 0.7957 | Eval Error: 0.0037 | Eval Perf: 0.6917
[71, 100] Train Error: 0.0025 | Train Perf: 0.7993 | Eval Error: 0.0037 | Eval Perf: 0.6906
[72, 100] Train Error: 0.0024 | Train Perf: 0.8007 | Eval Error: 0.0037 | Eval Perf: 0.69
[73, 100] Train Error: 0.0024 | Train Perf: 0.8028 | Eval Error: 0.0037 | Eval Perf: 0.6897
[74, 100] Train Error: 0.0024 | Train Perf: 0.8061 | Eval Error: 0.0037 | Eval Perf: 0.6881
[75, 100] Train Error: 0.0024 | Train Perf: 0.8068 | Eval Error: 0.0037 | Eval Perf: 0.6879
[76, 100] Train Error: 0.0023 | Train Perf: 0.8094 | Eval Error: 0.0037 | Eval Perf: 0.6876
[77, 100] Train Error: 0.0023 | Train Perf: 0.8108 | Eval Error: 0.0037 | Eval Perf: 0.6876
[78, 100] Train Error: 0.0023 | Train Perf: 0.8137 | Eval Error: 0.0037 | Eval Perf: 0.6863
[79, 100] Train Error: 0.0023 | Train Perf: 0.8154 | Eval Error: 0.0037 | Eval Perf: 0.6858
[80, 100] Train Error: 0.0022 | Train Perf: 0.8164 | Eval Error: 0.0037 | Eval Perf: 0.6874
[81, 100] Train Error: 0.0022 | Train Perf: 0.8188 | Eval Error: 0.0037 | Eval Perf: 0.6863
[82, 100] Train Error: 0.0022 | Train Perf: 0.8225 | Eval Error: 0.0038 | Eval Perf: 0.684
[83, 100] Train Error: 0.0022 | Train Perf: 0.8215 | Eval Error: 0.0038 | Eval Perf: 0.6842
[84, 100] Train Error: 0.0022 | Train Perf: 0.8242 | Eval Error: 0.0038 | Eval Perf: 0.6836
[85, 100] Train Error: 0.0022 | Train Perf: 0.8245 | Eval Error: 0.0038 | Eval Perf: 0.6847
[86, 100] Train Error: 0.0021 | Train Perf: 0.8276 | Eval Error: 0.0038 | Eval Perf: 0.6835
[87, 100] Train Error: 0.0021 | Train Perf: 0.8283 | Eval Error: 0.0038 | Eval Perf: 0.6836
[88, 100] Train Error: 0.0021 | Train Perf: 0.8308 | Eval Error: 0.0038 | Eval Perf: 0.6823
[89, 100] Train Error: 0.0021 | Train Perf: 0.831 | Eval Error: 0.0038 | Eval Perf: 0.6827
[90, 100] Train Error: 0.0021 | Train Perf: 0.833 | Eval Error: 0.0038 | Eval Perf: 0.682
[91, 100] Train Error: 0.0021 | Train Perf: 0.835 | Eval Error: 0.0038 | Eval Perf: 0.6812
[92, 100] Train Error: 0.002 | Train Perf: 0.8358 | Eval Error: 0.0039 | Eval Perf: 0.6806
[93, 100] Train Error: 0.002 | Train Perf: 0.8362 | Eval Error: 0.0038 | Eval Perf: 0.6812
[94, 100] Train Error: 0.002 | Train Perf: 0.8383 | Eval Error: 0.0038 | Eval Perf: 0.6808
[95, 100] Train Error: 0.002 | Train Perf: 0.8432 | Eval Error: 0.0039 | Eval Perf: 0.6786
[96, 100] Train Error: 0.002 | Train Perf: 0.8391 | Eval Error: 0.0039 | Eval Perf: 0.68
[97, 100] Train Error: 0.002 | Train Perf: 0.8416 | Eval Error: 0.0039 | Eval Perf: 0.6799
[98, 100] Train Error: 0.0019 | Train Perf: 0.8438 | Eval Error: 0.0039 | Eval Perf: 0.6792
[99, 100] Train Error: 0.0019 | Train Perf: 0.8439 | Eval Error: 0.0039 | Eval Perf: 0.6793
[100, 100] Train Error: 0.0019 | Train Perf: 0.8448 | Eval Error: 0.0039 | Eval Perf: 0.6798
