NETWORK SUMMARY
---------------
Input Layer shape: (1, 180)
Hidden Layer shape: (181, 2)
Output layer shape: (3, 1)
Total parameters: 365

[1, 100] Train Error: 0.0261 | Train Perf: 0.1488 | Eval Error: 0.0201 | Eval Perf: 0.2498
[2, 100] Train Error: 0.0174 | Train Perf: -0.0802 | Eval Error: 0.0176 | Eval Perf: 0.2543
[3, 100] Train Error: 0.0161 | Train Perf: 0.0693 | Eval Error: 0.0171 | Eval Perf: 0.2698
[4, 100] Train Error: 0.0157 | Train Perf: 0.1625 | Eval Error: 0.017 | Eval Perf: 0.2892
[5, 100] Train Error: 0.0156 | Train Perf: 0.2185 | Eval Error: 0.0169 | Eval Perf: 0.308
[6, 100] Train Error: 0.0155 | Train Perf: 0.2798 | Eval Error: 0.0168 | Eval Perf: 0.3216
[7, 100] Train Error: 0.0153 | Train Perf: 0.3575 | Eval Error: 0.0168 | Eval Perf: 0.3319
[8, 100] Train Error: 0.0153 | Train Perf: 0.3171 | Eval Error: 0.0166 | Eval Perf: 0.3554
[9, 100] Train Error: 0.0152 | Train Perf: 0.348 | Eval Error: 0.0165 | Eval Perf: 0.3748
[10, 100] Train Error: 0.015 | Train Perf: 0.3732 | Eval Error: 0.0164 | Eval Perf: 0.394
[11, 100] Train Error: 0.0149 | Train Perf: 0.4112 | Eval Error: 0.0162 | Eval Perf: 0.4092
[12, 100] Train Error: 0.0148 | Train Perf: 0.4298 | Eval Error: 0.0161 | Eval Perf: 0.4239
[13, 100] Train Error: 0.0146 | Train Perf: 0.4529 | Eval Error: 0.016 | Eval Perf: 0.4403
[14, 100] Train Error: 0.0145 | Train Perf: 0.4848 | Eval Error: 0.0158 | Eval Perf: 0.4575
[15, 100] Train Error: 0.0143 | Train Perf: 0.5079 | Eval Error: 0.0157 | Eval Perf: 0.4806
[16, 100] Train Error: 0.0141 | Train Perf: 0.5375 | Eval Error: 0.0155 | Eval Perf: 0.4909
[17, 100] Train Error: 0.0139 | Train Perf: 0.558 | Eval Error: 0.0153 | Eval Perf: 0.5069
[18, 100] Train Error: 0.0137 | Train Perf: 0.5799 | Eval Error: 0.0152 | Eval Perf: 0.5144
[19, 100] Train Error: 0.0135 | Train Perf: 0.5856 | Eval Error: 0.0149 | Eval Perf: 0.5454
[20, 100] Train Error: 0.0133 | Train Perf: 0.6114 | Eval Error: 0.0147 | Eval Perf: 0.5617
[21, 100] Train Error: 0.013 | Train Perf: 0.6276 | Eval Error: 0.0145 | Eval Perf: 0.5773
[22, 100] Train Error: 0.0128 | Train Perf: 0.6577 | Eval Error: 0.0143 | Eval Perf: 0.579
[23, 100] Train Error: 0.0126 | Train Perf: 0.6564 | Eval Error: 0.0141 | Eval Perf: 0.5945
[24, 100] Train Error: 0.0123 | Train Perf: 0.6676 | Eval Error: 0.0138 | Eval Perf: 0.6149
[25, 100] Train Error: 0.0121 | Train Perf: 0.6944 | Eval Error: 0.0136 | Eval Perf: 0.6225
[26, 100] Train Error: 0.0118 | Train Perf: 0.6969 | Eval Error: 0.0134 | Eval Perf: 0.6428
[27, 100] Train Error: 0.0116 | Train Perf: 0.7127 | Eval Error: 0.0131 | Eval Perf: 0.6513
[28, 100] Train Error: 0.0112 | Train Perf: 0.7162 | Eval Error: 0.013 | Eval Perf: 0.677
[29, 100] Train Error: 0.011 | Train Perf: 0.7221 | Eval Error: 0.0127 | Eval Perf: 0.6863
[30, 100] Train Error: 0.0108 | Train Perf: 0.7444 | Eval Error: 0.0124 | Eval Perf: 0.6741
[31, 100] Train Error: 0.0105 | Train Perf: 0.7444 | Eval Error: 0.0122 | Eval Perf: 0.6781
[32, 100] Train Error: 0.0103 | Train Perf: 0.7437 | Eval Error: 0.012 | Eval Perf: 0.6915
[33, 100] Train Error: 0.01 | Train Perf: 0.7536 | Eval Error: 0.0118 | Eval Perf: 0.7108
[34, 100] Train Error: 0.0098 | Train Perf: 0.7642 | Eval Error: 0.0115 | Eval Perf: 0.7034
[35, 100] Train Error: 0.0095 | Train Perf: 0.7639 | Eval Error: 0.0113 | Eval Perf: 0.7133
[36, 100] Train Error: 0.0093 | Train Perf: 0.7733 | Eval Error: 0.0111 | Eval Perf: 0.7142
[37, 100] Train Error: 0.0091 | Train Perf: 0.7792 | Eval Error: 0.0109 | Eval Perf: 0.7129
[38, 100] Train Error: 0.0089 | Train Perf: 0.777 | Eval Error: 0.0107 | Eval Perf: 0.7205
[39, 100] Train Error: 0.0087 | Train Perf: 0.7866 | Eval Error: 0.0105 | Eval Perf: 0.7278
[40, 100] Train Error: 0.0084 | Train Perf: 0.79 | Eval Error: 0.0103 | Eval Perf: 0.7223
[41, 100] Train Error: 0.0083 | Train Perf: 0.7883 | Eval Error: 0.0101 | Eval Perf: 0.7351
[42, 100] Train Error: 0.0081 | Train Perf: 0.7975 | Eval Error: 0.0099 | Eval Perf: 0.7453
[43, 100] Train Error: 0.0079 | Train Perf: 0.8019 | Eval Error: 0.0098 | Eval Perf: 0.7383
[44, 100] Train Error: 0.0077 | Train Perf: 0.7993 | Eval Error: 0.0096 | Eval Perf: 0.748
[45, 100] Train Error: 0.0076 | Train Perf: 0.803 | Eval Error: 0.0094 | Eval Perf: 0.7531
[46, 100] Train Error: 0.0073 | Train Perf: 0.8068 | Eval Error: 0.0094 | Eval Perf: 0.761
[47, 100] Train Error: 0.0072 | Train Perf: 0.8113 | Eval Error: 0.0093 | Eval Perf: 0.7632
[48, 100] Train Error: 0.0071 | Train Perf: 0.8126 | Eval Error: 0.009 | Eval Perf: 0.7523
[49, 100] Train Error: 0.007 | Train Perf: 0.8148 | Eval Error: 0.0089 | Eval Perf: 0.7573
[50, 100] Train Error: 0.0068 | Train Perf: 0.8168 | Eval Error: 0.0088 | Eval Perf: 0.753
[51, 100] Train Error: 0.0067 | Train Perf: 0.8201 | Eval Error: 0.0087 | Eval Perf: 0.7537
[52, 100] Train Error: 0.0066 | Train Perf: 0.8193 | Eval Error: 0.0086 | Eval Perf: 0.7516
[53, 100] Train Error: 0.0065 | Train Perf: 0.8255 | Eval Error: 0.0085 | Eval Perf: 0.7579
[54, 100] Train Error: 0.0063 | Train Perf: 0.8273 | Eval Error: 0.0084 | Eval Perf: 0.7526
[55, 100] Train Error: 0.0062 | Train Perf: 0.8257 | Eval Error: 0.0083 | Eval Perf: 0.7562
[56, 100] Train Error: 0.0062 | Train Perf: 0.8259 | Eval Error: 0.0082 | Eval Perf: 0.7621
[57, 100] Train Error: 0.006 | Train Perf: 0.8331 | Eval Error: 0.0082 | Eval Perf: 0.7572
[58, 100] Train Error: 0.006 | Train Perf: 0.8307 | Eval Error: 0.008 | Eval Perf: 0.7674
[59, 100] Train Error: 0.0058 | Train Perf: 0.8347 | Eval Error: 0.0079 | Eval Perf: 0.7701
[60, 100] Train Error: 0.0058 | Train Perf: 0.8371 | Eval Error: 0.0078 | Eval Perf: 0.7683
[61, 100] Train Error: 0.0057 | Train Perf: 0.8365 | Eval Error: 0.0078 | Eval Perf: 0.7695
[62, 100] Train Error: 0.0055 | Train Perf: 0.8429 | Eval Error: 0.0078 | Eval Perf: 0.7768
[63, 100] Train Error: 0.0056 | Train Perf: 0.8393 | Eval Error: 0.0077 | Eval Perf: 0.7709
[64, 100] Train Error: 0.0053 | Train Perf: 0.8471 | Eval Error: 0.0076 | Eval Perf: 0.7739
[65, 100] Train Error: 0.0053 | Train Perf: 0.8482 | Eval Error: 0.0076 | Eval Perf: 0.7718
[66, 100] Train Error: 0.0053 | Train Perf: 0.8458 | Eval Error: 0.0075 | Eval Perf: 0.7741
[67, 100] Train Error: 0.0052 | Train Perf: 0.8484 | Eval Error: 0.0075 | Eval Perf: 0.7762
[68, 100] Train Error: 0.0052 | Train Perf: 0.848 | Eval Error: 0.0074 | Eval Perf: 0.7757
[69, 100] Train Error: 0.0051 | Train Perf: 0.8486 | Eval Error: 0.0074 | Eval Perf: 0.7745
[70, 100] Train Error: 0.005 | Train Perf: 0.852 | Eval Error: 0.0074 | Eval Perf: 0.7735
[71, 100] Train Error: 0.0049 | Train Perf: 0.853 | Eval Error: 0.0073 | Eval Perf: 0.7751
[72, 100] Train Error: 0.0049 | Train Perf: 0.8554 | Eval Error: 0.0073 | Eval Perf: 0.7715
[73, 100] Train Error: 0.0048 | Train Perf: 0.8589 | Eval Error: 0.0073 | Eval Perf: 0.7691
[74, 100] Train Error: 0.0047 | Train Perf: 0.8629 | Eval Error: 0.0072 | Eval Perf: 0.7775
[75, 100] Train Error: 0.0047 | Train Perf: 0.8603 | Eval Error: 0.0073 | Eval Perf: 0.7793
[76, 100] Train Error: 0.0046 | Train Perf: 0.8632 | Eval Error: 0.0074 | Eval Perf: 0.7815
[77, 100] Train Error: 0.0047 | Train Perf: 0.859 | Eval Error: 0.0072 | Eval Perf: 0.7788
[78, 100] Train Error: 0.0045 | Train Perf: 0.8656 | Eval Error: 0.0072 | Eval Perf: 0.771
[79, 100] Train Error: 0.0045 | Train Perf: 0.8653 | Eval Error: 0.0071 | Eval Perf: 0.7757
[80, 100] Train Error: 0.0044 | Train Perf: 0.8677 | Eval Error: 0.0071 | Eval Perf: 0.78
[81, 100] Train Error: 0.0044 | Train Perf: 0.8677 | Eval Error: 0.0071 | Eval Perf: 0.7746
[82, 100] Train Error: 0.0043 | Train Perf: 0.8698 | Eval Error: 0.0072 | Eval Perf: 0.7709
[83, 100] Train Error: 0.0043 | Train Perf: 0.8719 | Eval Error: 0.0072 | Eval Perf: 0.7693
[84, 100] Train Error: 0.0041 | Train Perf: 0.8806 | Eval Error: 0.0071 | Eval Perf: 0.7815
[85, 100] Train Error: 0.0041 | Train Perf: 0.8756 | Eval Error: 0.0072 | Eval Perf: 0.7681
[86, 100] Train Error: 0.0042 | Train Perf: 0.8739 | Eval Error: 0.007 | Eval Perf: 0.7783
[87, 100] Train Error: 0.0041 | Train Perf: 0.8761 | Eval Error: 0.007 | Eval Perf: 0.7779
[88, 100] Train Error: 0.0041 | Train Perf: 0.8775 | Eval Error: 0.0071 | Eval Perf: 0.7738
[89, 100] Train Error: 0.004 | Train Perf: 0.8803 | Eval Error: 0.007 | Eval Perf: 0.7767
[90, 100] Train Error: 0.0039 | Train Perf: 0.8811 | Eval Error: 0.007 | Eval Perf: 0.7786
[91, 100] Train Error: 0.0038 | Train Perf: 0.8868 | Eval Error: 0.0072 | Eval Perf: 0.7683
[92, 100] Train Error: 0.0038 | Train Perf: 0.8858 | Eval Error: 0.007 | Eval Perf: 0.7809
[93, 100] Train Error: 0.0039 | Train Perf: 0.8832 | Eval Error: 0.007 | Eval Perf: 0.7791
[94, 100] Train Error: 0.0038 | Train Perf: 0.8861 | Eval Error: 0.007 | Eval Perf: 0.7746
[95, 100] Train Error: 0.0038 | Train Perf: 0.8872 | Eval Error: 0.007 | Eval Perf: 0.7753
[96, 100] Train Error: 0.0036 | Train Perf: 0.8912 | Eval Error: 0.007 | Eval Perf: 0.7743
[97, 100] Train Error: 0.0036 | Train Perf: 0.8926 | Eval Error: 0.007 | Eval Perf: 0.7814
[98, 100] Train Error: 0.0036 | Train Perf: 0.8921 | Eval Error: 0.0069 | Eval Perf: 0.779
[99, 100] Train Error: 0.0035 | Train Perf: 0.896 | Eval Error: 0.007 | Eval Perf: 0.7817
[100, 100] Train Error: 0.0035 | Train Perf: 0.8955 | Eval Error: 0.007 | Eval Perf: 0.7736
