NETWORK SUMMARY
---------------
Input Layer shape: (1, 180)
Hidden Layer shape: (181, 5)
Output layer shape: (6, 1)
Total parameters: 911

[1, 100] Train Error: 0.0387 | Train Perf: -0.0924 | Eval Error: 0.038 | Eval Perf: 0.2077
[2, 100] Train Error: 0.0371 | Train Perf: 0.0532 | Eval Error: 0.0365 | Eval Perf: 0.3913
[3, 100] Train Error: 0.0367 | Train Perf: 0.0271 | Eval Error: 0.0355 | Eval Perf: 0.4582
[4, 100] Train Error: 0.0326 | Train Perf: 0.2813 | Eval Error: 0.0339 | Eval Perf: 0.4838
[5, 100] Train Error: 0.0263 | Train Perf: 0.5426 | Eval Error: 0.0293 | Eval Perf: 0.5014
[6, 100] Train Error: 0.0206 | Train Perf: 0.6846 | Eval Error: 0.0263 | Eval Perf: 0.555
[7, 100] Train Error: 0.0158 | Train Perf: 0.7637 | Eval Error: 0.0275 | Eval Perf: 0.5589
[8, 100] Train Error: 0.0132 | Train Perf: 0.7988 | Eval Error: 0.0271 | Eval Perf: 0.5699
[9, 100] Train Error: 0.0115 | Train Perf: 0.8259 | Eval Error: 0.0255 | Eval Perf: 0.5913
[10, 100] Train Error: 0.0096 | Train Perf: 0.8574 | Eval Error: 0.0248 | Eval Perf: 0.5851
[11, 100] Train Error: 0.0083 | Train Perf: 0.8777 | Eval Error: 0.0258 | Eval Perf: 0.5805
[12, 100] Train Error: 0.0075 | Train Perf: 0.8903 | Eval Error: 0.0265 | Eval Perf: 0.5788
[13, 100] Train Error: 0.0061 | Train Perf: 0.9128 | Eval Error: 0.026 | Eval Perf: 0.5866
[14, 100] Train Error: 0.0064 | Train Perf: 0.9064 | Eval Error: 0.0257 | Eval Perf: 0.5872
[15, 100] Train Error: 0.0056 | Train Perf: 0.9193 | Eval Error: 0.0264 | Eval Perf: 0.5824
[16, 100] Train Error: 0.0053 | Train Perf: 0.9237 | Eval Error: 0.026 | Eval Perf: 0.5915
[17, 100] Train Error: 0.0049 | Train Perf: 0.9288 | Eval Error: 0.0269 | Eval Perf: 0.5886
[18, 100] Train Error: 0.0043 | Train Perf: 0.9377 | Eval Error: 0.0281 | Eval Perf: 0.5703
[19, 100] Train Error: 0.0044 | Train Perf: 0.9367 | Eval Error: 0.0269 | Eval Perf: 0.5811
[20, 100] Train Error: 0.0041 | Train Perf: 0.9404 | Eval Error: 0.0276 | Eval Perf: 0.5745
[21, 100] Train Error: 0.0036 | Train Perf: 0.9493 | Eval Error: 0.0291 | Eval Perf: 0.576
[22, 100] Train Error: 0.0039 | Train Perf: 0.944 | Eval Error: 0.0287 | Eval Perf: 0.5674
[23, 100] Train Error: 0.0034 | Train Perf: 0.9507 | Eval Error: 0.0299 | Eval Perf: 0.5525
[24, 100] Train Error: 0.0034 | Train Perf: 0.9507 | Eval Error: 0.0284 | Eval Perf: 0.5755
[25, 100] Train Error: 0.0033 | Train Perf: 0.9523 | Eval Error: 0.0277 | Eval Perf: 0.5849
[26, 100] Train Error: 0.0032 | Train Perf: 0.9541 | Eval Error: 0.0291 | Eval Perf: 0.5717
[27, 100] Train Error: 0.0029 | Train Perf: 0.9579 | Eval Error: 0.0283 | Eval Perf: 0.5824
[28, 100] Train Error: 0.0029 | Train Perf: 0.9581 | Eval Error: 0.0282 | Eval Perf: 0.5829
[29, 100] Train Error: 0.0028 | Train Perf: 0.9602 | Eval Error: 0.0286 | Eval Perf: 0.5759
[30, 100] Train Error: 0.0027 | Train Perf: 0.9614 | Eval Error: 0.0287 | Eval Perf: 0.5773
[31, 100] Train Error: 0.0027 | Train Perf: 0.9606 | Eval Error: 0.0302 | Eval Perf: 0.5648
[32, 100] Train Error: 0.0026 | Train Perf: 0.9625 | Eval Error: 0.0291 | Eval Perf: 0.579
[33, 100] Train Error: 0.0025 | Train Perf: 0.9637 | Eval Error: 0.0302 | Eval Perf: 0.5785
[34, 100] Train Error: 0.0024 | Train Perf: 0.9657 | Eval Error: 0.0308 | Eval Perf: 0.5769
[35, 100] Train Error: 0.0024 | Train Perf: 0.9662 | Eval Error: 0.0283 | Eval Perf: 0.5914
[36, 100] Train Error: 0.0022 | Train Perf: 0.9688 | Eval Error: 0.0303 | Eval Perf: 0.5869
[37, 100] Train Error: 0.0023 | Train Perf: 0.9671 | Eval Error: 0.0306 | Eval Perf: 0.5859
[38, 100] Train Error: 0.0022 | Train Perf: 0.9687 | Eval Error: 0.0288 | Eval Perf: 0.5936
[39, 100] Train Error: 0.0021 | Train Perf: 0.9705 | Eval Error: 0.0304 | Eval Perf: 0.5869
[40, 100] Train Error: 0.002 | Train Perf: 0.9716 | Eval Error: 0.0291 | Eval Perf: 0.5904
[41, 100] Train Error: 0.002 | Train Perf: 0.9712 | Eval Error: 0.028 | Eval Perf: 0.6023
[42, 100] Train Error: 0.0018 | Train Perf: 0.9739 | Eval Error: 0.0311 | Eval Perf: 0.5797
[43, 100] Train Error: 0.002 | Train Perf: 0.9722 | Eval Error: 0.0285 | Eval Perf: 0.6033
[44, 100] Train Error: 0.0018 | Train Perf: 0.9746 | Eval Error: 0.0283 | Eval Perf: 0.6003
[45, 100] Train Error: 0.0018 | Train Perf: 0.9746 | Eval Error: 0.0295 | Eval Perf: 0.5941
[46, 100] Train Error: 0.0018 | Train Perf: 0.9741 | Eval Error: 0.0275 | Eval Perf: 0.6141
[47, 100] Train Error: 0.0017 | Train Perf: 0.976 | Eval Error: 0.0307 | Eval Perf: 0.5888
[48, 100] Train Error: 0.0017 | Train Perf: 0.9762 | Eval Error: 0.0287 | Eval Perf: 0.6046
[49, 100] Train Error: 0.0016 | Train Perf: 0.9769 | Eval Error: 0.0284 | Eval Perf: 0.6079
[50, 100] Train Error: 0.0015 | Train Perf: 0.978 | Eval Error: 0.0287 | Eval Perf: 0.6075
[51, 100] Train Error: 0.0015 | Train Perf: 0.9782 | Eval Error: 0.0286 | Eval Perf: 0.6075
[52, 100] Train Error: 0.0016 | Train Perf: 0.9775 | Eval Error: 0.0295 | Eval Perf: 0.6043
[53, 100] Train Error: 0.0015 | Train Perf: 0.9793 | Eval Error: 0.0293 | Eval Perf: 0.6051
[54, 100] Train Error: 0.0015 | Train Perf: 0.9792 | Eval Error: 0.0286 | Eval Perf: 0.6097
[55, 100] Train Error: 0.0014 | Train Perf: 0.9796 | Eval Error: 0.0285 | Eval Perf: 0.6154
[56, 100] Train Error: 0.0013 | Train Perf: 0.9816 | Eval Error: 0.03 | Eval Perf: 0.6039
[57, 100] Train Error: 0.0013 | Train Perf: 0.9816 | Eval Error: 0.0301 | Eval Perf: 0.6025
[58, 100] Train Error: 0.0013 | Train Perf: 0.9818 | Eval Error: 0.0295 | Eval Perf: 0.6049
[59, 100] Train Error: 0.0012 | Train Perf: 0.9824 | Eval Error: 0.0297 | Eval Perf: 0.6073
[60, 100] Train Error: 0.0012 | Train Perf: 0.9832 | Eval Error: 0.0313 | Eval Perf: 0.6067
[61, 100] Train Error: 0.0012 | Train Perf: 0.9832 | Eval Error: 0.0303 | Eval Perf: 0.6072
[62, 100] Train Error: 0.0011 | Train Perf: 0.9839 | Eval Error: 0.0297 | Eval Perf: 0.6119
[63, 100] Train Error: 0.0011 | Train Perf: 0.9842 | Eval Error: 0.03 | Eval Perf: 0.6138
[64, 100] Train Error: 0.0011 | Train Perf: 0.9841 | Eval Error: 0.0293 | Eval Perf: 0.6147
[65, 100] Train Error: 0.001 | Train Perf: 0.9853 | Eval Error: 0.0295 | Eval Perf: 0.6127
[66, 100] Train Error: 0.0011 | Train Perf: 0.9843 | Eval Error: 0.0295 | Eval Perf: 0.6174
[67, 100] Train Error: 0.001 | Train Perf: 0.986 | Eval Error: 0.0313 | Eval Perf: 0.6056
[68, 100] Train Error: 0.0011 | Train Perf: 0.9849 | Eval Error: 0.0305 | Eval Perf: 0.611
[69, 100] Train Error: 0.0009 | Train Perf: 0.9867 | Eval Error: 0.0311 | Eval Perf: 0.6084
[70, 100] Train Error: 0.001 | Train Perf: 0.9861 | Eval Error: 0.0293 | Eval Perf: 0.6196
[71, 100] Train Error: 0.0009 | Train Perf: 0.9872 | Eval Error: 0.0316 | Eval Perf: 0.6091
[72, 100] Train Error: 0.0009 | Train Perf: 0.9876 | Eval Error: 0.0301 | Eval Perf: 0.6181
[73, 100] Train Error: 0.0009 | Train Perf: 0.9873 | Eval Error: 0.0309 | Eval Perf: 0.6145
[74, 100] Train Error: 0.0009 | Train Perf: 0.9874 | Eval Error: 0.0314 | Eval Perf: 0.6112
[75, 100] Train Error: 0.0009 | Train Perf: 0.9878 | Eval Error: 0.0299 | Eval Perf: 0.6195
[76, 100] Train Error: 0.0008 | Train Perf: 0.9883 | Eval Error: 0.0313 | Eval Perf: 0.6107
[77, 100] Train Error: 0.0008 | Train Perf: 0.9884 | Eval Error: 0.0305 | Eval Perf: 0.615
[78, 100] Train Error: 0.0008 | Train Perf: 0.9893 | Eval Error: 0.0311 | Eval Perf: 0.6089
[79, 100] Train Error: 0.0007 | Train Perf: 0.9895 | Eval Error: 0.0305 | Eval Perf: 0.6191
[80, 100] Train Error: 0.0007 | Train Perf: 0.99 | Eval Error: 0.0306 | Eval Perf: 0.6134
[81, 100] Train Error: 0.0007 | Train Perf: 0.9895 | Eval Error: 0.0311 | Eval Perf: 0.615
[82, 100] Train Error: 0.0007 | Train Perf: 0.99 | Eval Error: 0.0324 | Eval Perf: 0.6085
[83, 100] Train Error: 0.0007 | Train Perf: 0.9902 | Eval Error: 0.0317 | Eval Perf: 0.6127
[84, 100] Train Error: 0.0007 | Train Perf: 0.9904 | Eval Error: 0.0304 | Eval Perf: 0.6182
[85, 100] Train Error: 0.0006 | Train Perf: 0.9912 | Eval Error: 0.0315 | Eval Perf: 0.6159
[86, 100] Train Error: 0.0006 | Train Perf: 0.991 | Eval Error: 0.0308 | Eval Perf: 0.6178
[87, 100] Train Error: 0.0006 | Train Perf: 0.9915 | Eval Error: 0.0303 | Eval Perf: 0.6214
[88, 100] Train Error: 0.0006 | Train Perf: 0.9913 | Eval Error: 0.0302 | Eval Perf: 0.622
[89, 100] Train Error: 0.0006 | Train Perf: 0.9921 | Eval Error: 0.0311 | Eval Perf: 0.6156
[90, 100] Train Error: 0.0006 | Train Perf: 0.9921 | Eval Error: 0.0295 | Eval Perf: 0.6254
[91, 100] Train Error: 0.0005 | Train Perf: 0.9926 | Eval Error: 0.0304 | Eval Perf: 0.6225
[92, 100] Train Error: 0.0005 | Train Perf: 0.9923 | Eval Error: 0.0317 | Eval Perf: 0.6121
[93, 100] Train Error: 0.0005 | Train Perf: 0.9925 | Eval Error: 0.0313 | Eval Perf: 0.6176
[94, 100] Train Error: 0.0005 | Train Perf: 0.9929 | Eval Error: 0.0309 | Eval Perf: 0.6201
[95, 100] Train Error: 0.0005 | Train Perf: 0.9933 | Eval Error: 0.0314 | Eval Perf: 0.6166
[96, 100] Train Error: 0.0005 | Train Perf: 0.9935 | Eval Error: 0.0316 | Eval Perf: 0.6163
[97, 100] Train Error: 0.0005 | Train Perf: 0.9936 | Eval Error: 0.0318 | Eval Perf: 0.6128
[98, 100] Train Error: 0.0004 | Train Perf: 0.994 | Eval Error: 0.0307 | Eval Perf: 0.6177
[99, 100] Train Error: 0.0005 | Train Perf: 0.9938 | Eval Error: 0.0316 | Eval Perf: 0.6172
[100, 100] Train Error: 0.0004 | Train Perf: 0.9944 | Eval Error: 0.0325 | Eval Perf: 0.6121
