NETWORK SUMMARY
---------------
Input Layer shape: (1, 180)
Hidden Layer shape: (181, 5)
Output layer shape: (6, 1)
Total parameters: 911

[1, 100] Train Error: 0.0436 | Train Perf: -0.0009 | Eval Error: 0.0398 | Eval Perf: 0.6369
[2, 100] Train Error: 0.0348 | Train Perf: 0.4755 | Eval Error: 0.0268 | Eval Perf: 0.715
[3, 100] Train Error: 0.0222 | Train Perf: 0.7082 | Eval Error: 0.018 | Eval Perf: 0.7723
[4, 100] Train Error: 0.017 | Train Perf: 0.7782 | Eval Error: 0.017 | Eval Perf: 0.7905
[5, 100] Train Error: 0.0153 | Train Perf: 0.8002 | Eval Error: 0.0166 | Eval Perf: 0.7879
[6, 100] Train Error: 0.0148 | Train Perf: 0.8077 | Eval Error: 0.0163 | Eval Perf: 0.7943
[7, 100] Train Error: 0.0143 | Train Perf: 0.8156 | Eval Error: 0.0174 | Eval Perf: 0.8012
[8, 100] Train Error: 0.0141 | Train Perf: 0.8185 | Eval Error: 0.0156 | Eval Perf: 0.8009
[9, 100] Train Error: 0.0138 | Train Perf: 0.8228 | Eval Error: 0.0159 | Eval Perf: 0.8035
[10, 100] Train Error: 0.0138 | Train Perf: 0.8231 | Eval Error: 0.0155 | Eval Perf: 0.8052
[11, 100] Train Error: 0.0137 | Train Perf: 0.8246 | Eval Error: 0.0155 | Eval Perf: 0.8019
[12, 100] Train Error: 0.0135 | Train Perf: 0.8264 | Eval Error: 0.0161 | Eval Perf: 0.7987
[13, 100] Train Error: 0.0134 | Train Perf: 0.829 | Eval Error: 0.0202 | Eval Perf: 0.7915
[14, 100] Train Error: 0.0133 | Train Perf: 0.83 | Eval Error: 0.0155 | Eval Perf: 0.8013
[15, 100] Train Error: 0.0131 | Train Perf: 0.8327 | Eval Error: 0.0158 | Eval Perf: 0.8012
[16, 100] Train Error: 0.0131 | Train Perf: 0.8323 | Eval Error: 0.0149 | Eval Perf: 0.8106
[17, 100] Train Error: 0.0126 | Train Perf: 0.8391 | Eval Error: 0.016 | Eval Perf: 0.7994
[18, 100] Train Error: 0.0126 | Train Perf: 0.8397 | Eval Error: 0.0168 | Eval Perf: 0.7934
[19, 100] Train Error: 0.0126 | Train Perf: 0.8394 | Eval Error: 0.0163 | Eval Perf: 0.8036
[20, 100] Train Error: 0.0125 | Train Perf: 0.8411 | Eval Error: 0.0162 | Eval Perf: 0.7999
[21, 100] Train Error: 0.0124 | Train Perf: 0.8417 | Eval Error: 0.0156 | Eval Perf: 0.8031
[22, 100] Train Error: 0.0122 | Train Perf: 0.8448 | Eval Error: 0.0156 | Eval Perf: 0.8024
[23, 100] Train Error: 0.0121 | Train Perf: 0.8464 | Eval Error: 0.0173 | Eval Perf: 0.7954
[24, 100] Train Error: 0.012 | Train Perf: 0.8476 | Eval Error: 0.0161 | Eval Perf: 0.8009
[25, 100] Train Error: 0.0119 | Train Perf: 0.8489 | Eval Error: 0.0154 | Eval Perf: 0.8044
[26, 100] Train Error: 0.0117 | Train Perf: 0.8522 | Eval Error: 0.0162 | Eval Perf: 0.797
[27, 100] Train Error: 0.0113 | Train Perf: 0.8572 | Eval Error: 0.0157 | Eval Perf: 0.801
[28, 100] Train Error: 0.0112 | Train Perf: 0.8588 | Eval Error: 0.016 | Eval Perf: 0.7954
[29, 100] Train Error: 0.0111 | Train Perf: 0.8595 | Eval Error: 0.0167 | Eval Perf: 0.7975
[30, 100] Train Error: 0.011 | Train Perf: 0.8617 | Eval Error: 0.0164 | Eval Perf: 0.7965
[31, 100] Train Error: 0.0108 | Train Perf: 0.864 | Eval Error: 0.016 | Eval Perf: 0.7967
[32, 100] Train Error: 0.0106 | Train Perf: 0.8665 | Eval Error: 0.0164 | Eval Perf: 0.7942
[33, 100] Train Error: 0.0104 | Train Perf: 0.8694 | Eval Error: 0.0163 | Eval Perf: 0.7963
[34, 100] Train Error: 0.0103 | Train Perf: 0.871 | Eval Error: 0.0165 | Eval Perf: 0.7945
[35, 100] Train Error: 0.0101 | Train Perf: 0.8732 | Eval Error: 0.0167 | Eval Perf: 0.7909
[36, 100] Train Error: 0.0099 | Train Perf: 0.8767 | Eval Error: 0.0176 | Eval Perf: 0.7885
[37, 100] Train Error: 0.0098 | Train Perf: 0.8777 | Eval Error: 0.0192 | Eval Perf: 0.7835
[38, 100] Train Error: 0.0097 | Train Perf: 0.8791 | Eval Error: 0.0171 | Eval Perf: 0.7884
[39, 100] Train Error: 0.0095 | Train Perf: 0.8819 | Eval Error: 0.0167 | Eval Perf: 0.7903
[40, 100] Train Error: 0.0093 | Train Perf: 0.8846 | Eval Error: 0.0176 | Eval Perf: 0.7836
[41, 100] Train Error: 0.0091 | Train Perf: 0.8866 | Eval Error: 0.0175 | Eval Perf: 0.7814
[42, 100] Train Error: 0.009 | Train Perf: 0.8883 | Eval Error: 0.0176 | Eval Perf: 0.7813
[43, 100] Train Error: 0.0087 | Train Perf: 0.8926 | Eval Error: 0.0182 | Eval Perf: 0.7744
[44, 100] Train Error: 0.0088 | Train Perf: 0.891 | Eval Error: 0.0182 | Eval Perf: 0.7754
[45, 100] Train Error: 0.0084 | Train Perf: 0.8965 | Eval Error: 0.0181 | Eval Perf: 0.7783
[46, 100] Train Error: 0.0083 | Train Perf: 0.8974 | Eval Error: 0.0181 | Eval Perf: 0.7751
[47, 100] Train Error: 0.0082 | Train Perf: 0.898 | Eval Error: 0.0184 | Eval Perf: 0.7711
[48, 100] Train Error: 0.0081 | Train Perf: 0.9005 | Eval Error: 0.0188 | Eval Perf: 0.7665
[49, 100] Train Error: 0.008 | Train Perf: 0.9015 | Eval Error: 0.0192 | Eval Perf: 0.769
[50, 100] Train Error: 0.0078 | Train Perf: 0.9038 | Eval Error: 0.0192 | Eval Perf: 0.7609
[51, 100] Train Error: 0.0077 | Train Perf: 0.9057 | Eval Error: 0.0189 | Eval Perf: 0.7654
[52, 100] Train Error: 0.0075 | Train Perf: 0.9073 | Eval Error: 0.0209 | Eval Perf: 0.7659
[53, 100] Train Error: 0.0074 | Train Perf: 0.9091 | Eval Error: 0.0202 | Eval Perf: 0.7665
[54, 100] Train Error: 0.0073 | Train Perf: 0.9096 | Eval Error: 0.0194 | Eval Perf: 0.7619
[55, 100] Train Error: 0.0071 | Train Perf: 0.9132 | Eval Error: 0.0192 | Eval Perf: 0.7645
[56, 100] Train Error: 0.0071 | Train Perf: 0.9133 | Eval Error: 0.0194 | Eval Perf: 0.7583
[57, 100] Train Error: 0.0069 | Train Perf: 0.9158 | Eval Error: 0.0205 | Eval Perf: 0.7546
[58, 100] Train Error: 0.0067 | Train Perf: 0.9177 | Eval Error: 0.0204 | Eval Perf: 0.7578
[59, 100] Train Error: 0.0066 | Train Perf: 0.9193 | Eval Error: 0.02 | Eval Perf: 0.7567
[60, 100] Train Error: 0.0065 | Train Perf: 0.9202 | Eval Error: 0.0201 | Eval Perf: 0.7573
[61, 100] Train Error: 0.0064 | Train Perf: 0.9224 | Eval Error: 0.0199 | Eval Perf: 0.7557
[62, 100] Train Error: 0.0063 | Train Perf: 0.9233 | Eval Error: 0.0208 | Eval Perf: 0.7573
[63, 100] Train Error: 0.0062 | Train Perf: 0.9247 | Eval Error: 0.0205 | Eval Perf: 0.7495
[64, 100] Train Error: 0.006 | Train Perf: 0.9265 | Eval Error: 0.02 | Eval Perf: 0.7571
[65, 100] Train Error: 0.006 | Train Perf: 0.9263 | Eval Error: 0.0203 | Eval Perf: 0.7521
[66, 100] Train Error: 0.0059 | Train Perf: 0.9283 | Eval Error: 0.0215 | Eval Perf: 0.7456
[67, 100] Train Error: 0.0058 | Train Perf: 0.9298 | Eval Error: 0.0207 | Eval Perf: 0.751
[68, 100] Train Error: 0.0058 | Train Perf: 0.93 | Eval Error: 0.0218 | Eval Perf: 0.7482
[69, 100] Train Error: 0.0056 | Train Perf: 0.9323 | Eval Error: 0.021 | Eval Perf: 0.7443
[70, 100] Train Error: 0.0055 | Train Perf: 0.9327 | Eval Error: 0.021 | Eval Perf: 0.7429
[71, 100] Train Error: 0.0054 | Train Perf: 0.9341 | Eval Error: 0.021 | Eval Perf: 0.7456
[72, 100] Train Error: 0.0053 | Train Perf: 0.9354 | Eval Error: 0.0212 | Eval Perf: 0.7444
[73, 100] Train Error: 0.0053 | Train Perf: 0.9362 | Eval Error: 0.0215 | Eval Perf: 0.7394
[74, 100] Train Error: 0.0052 | Train Perf: 0.9376 | Eval Error: 0.0225 | Eval Perf: 0.7362
[75, 100] Train Error: 0.0051 | Train Perf: 0.9385 | Eval Error: 0.0217 | Eval Perf: 0.7405
[76, 100] Train Error: 0.005 | Train Perf: 0.9394 | Eval Error: 0.0219 | Eval Perf: 0.7426
[77, 100] Train Error: 0.005 | Train Perf: 0.9399 | Eval Error: 0.0217 | Eval Perf: 0.7363
[78, 100] Train Error: 0.0048 | Train Perf: 0.942 | Eval Error: 0.0222 | Eval Perf: 0.7393
[79, 100] Train Error: 0.0047 | Train Perf: 0.9428 | Eval Error: 0.0221 | Eval Perf: 0.7318
[80, 100] Train Error: 0.0047 | Train Perf: 0.943 | Eval Error: 0.0215 | Eval Perf: 0.7406
[81, 100] Train Error: 0.0046 | Train Perf: 0.9439 | Eval Error: 0.022 | Eval Perf: 0.7345
[82, 100] Train Error: 0.0046 | Train Perf: 0.9442 | Eval Error: 0.0221 | Eval Perf: 0.7329
[83, 100] Train Error: 0.0045 | Train Perf: 0.9454 | Eval Error: 0.0217 | Eval Perf: 0.7383
[84, 100] Train Error: 0.0045 | Train Perf: 0.9456 | Eval Error: 0.0224 | Eval Perf: 0.7353
[85, 100] Train Error: 0.0045 | Train Perf: 0.946 | Eval Error: 0.0228 | Eval Perf: 0.7294
[86, 100] Train Error: 0.0044 | Train Perf: 0.947 | Eval Error: 0.0224 | Eval Perf: 0.7337
[87, 100] Train Error: 0.0043 | Train Perf: 0.948 | Eval Error: 0.0219 | Eval Perf: 0.7379
[88, 100] Train Error: 0.0043 | Train Perf: 0.9487 | Eval Error: 0.0224 | Eval Perf: 0.7321
[89, 100] Train Error: 0.0041 | Train Perf: 0.95 | Eval Error: 0.0226 | Eval Perf: 0.7282
[90, 100] Train Error: 0.0041 | Train Perf: 0.951 | Eval Error: 0.0224 | Eval Perf: 0.7321
[91, 100] Train Error: 0.0041 | Train Perf: 0.9512 | Eval Error: 0.023 | Eval Perf: 0.7279
[92, 100] Train Error: 0.004 | Train Perf: 0.952 | Eval Error: 0.0239 | Eval Perf: 0.7256
[93, 100] Train Error: 0.004 | Train Perf: 0.9521 | Eval Error: 0.0224 | Eval Perf: 0.7333
[94, 100] Train Error: 0.0039 | Train Perf: 0.9531 | Eval Error: 0.0223 | Eval Perf: 0.7359
[95, 100] Train Error: 0.0039 | Train Perf: 0.9531 | Eval Error: 0.0239 | Eval Perf: 0.72
[96, 100] Train Error: 0.0038 | Train Perf: 0.9545 | Eval Error: 0.0229 | Eval Perf: 0.725
[97, 100] Train Error: 0.0037 | Train Perf: 0.955 | Eval Error: 0.0227 | Eval Perf: 0.7294
[98, 100] Train Error: 0.0037 | Train Perf: 0.9559 | Eval Error: 0.0241 | Eval Perf: 0.7225
[99, 100] Train Error: 0.0037 | Train Perf: 0.9561 | Eval Error: 0.0231 | Eval Perf: 0.7259
[100, 100] Train Error: 0.0036 | Train Perf: 0.9571 | Eval Error: 0.0237 | Eval Perf: 0.726
