NETWORK SUMMARY
---------------
Input Layer shape: (1, 180)
Hidden Layer shape: (181, 5)
Output layer shape: (6, 1)
Total parameters: 911

[1, 100] Train Error: 0.0374 | Train Perf: -0.084 | Eval Error: 0.0344 | Eval Perf: 0.3366
[2, 100] Train Error: 0.0344 | Train Perf: 0.2031 | Eval Error: 0.0319 | Eval Perf: 0.4659
[3, 100] Train Error: 0.0302 | Train Perf: 0.442 | Eval Error: 0.0285 | Eval Perf: 0.519
[4, 100] Train Error: 0.0254 | Train Perf: 0.5723 | Eval Error: 0.0269 | Eval Perf: 0.5453
[5, 100] Train Error: 0.0228 | Train Perf: 0.6098 | Eval Error: 0.0249 | Eval Perf: 0.5628
[6, 100] Train Error: 0.0206 | Train Perf: 0.6601 | Eval Error: 0.0243 | Eval Perf: 0.6037
[7, 100] Train Error: 0.0191 | Train Perf: 0.6862 | Eval Error: 0.0225 | Eval Perf: 0.6084
[8, 100] Train Error: 0.0173 | Train Perf: 0.7222 | Eval Error: 0.0209 | Eval Perf: 0.6486
[9, 100] Train Error: 0.0162 | Train Perf: 0.7422 | Eval Error: 0.0236 | Eval Perf: 0.5919
[10, 100] Train Error: 0.0147 | Train Perf: 0.77 | Eval Error: 0.0384 | Eval Perf: 0.4928
[11, 100] Train Error: 0.0142 | Train Perf: 0.7784 | Eval Error: 0.0251 | Eval Perf: 0.5409
[12, 100] Train Error: 0.0137 | Train Perf: 0.7876 | Eval Error: 0.0253 | Eval Perf: 0.5483
[13, 100] Train Error: 0.0124 | Train Perf: 0.8096 | Eval Error: 0.026 | Eval Perf: 0.5527
[14, 100] Train Error: 0.0122 | Train Perf: 0.8121 | Eval Error: 0.0289 | Eval Perf: 0.5148
[15, 100] Train Error: 0.0113 | Train Perf: 0.8287 | Eval Error: 0.0287 | Eval Perf: 0.5127
[16, 100] Train Error: 0.0112 | Train Perf: 0.8295 | Eval Error: 0.0293 | Eval Perf: 0.4976
[17, 100] Train Error: 0.0097 | Train Perf: 0.8561 | Eval Error: 0.0278 | Eval Perf: 0.5625
[18, 100] Train Error: 0.01 | Train Perf: 0.8502 | Eval Error: 0.027 | Eval Perf: 0.5391
[19, 100] Train Error: 0.0089 | Train Perf: 0.8683 | Eval Error: 0.0286 | Eval Perf: 0.5068
[20, 100] Train Error: 0.0084 | Train Perf: 0.8763 | Eval Error: 0.0286 | Eval Perf: 0.5342
[21, 100] Train Error: 0.0079 | Train Perf: 0.8829 | Eval Error: 0.0287 | Eval Perf: 0.5193
[22, 100] Train Error: 0.0072 | Train Perf: 0.8935 | Eval Error: 0.0301 | Eval Perf: 0.5025
[23, 100] Train Error: 0.0074 | Train Perf: 0.8911 | Eval Error: 0.0298 | Eval Perf: 0.5012
[24, 100] Train Error: 0.0068 | Train Perf: 0.9002 | Eval Error: 0.0327 | Eval Perf: 0.4597
[25, 100] Train Error: 0.0062 | Train Perf: 0.9093 | Eval Error: 0.0294 | Eval Perf: 0.5162
[26, 100] Train Error: 0.006 | Train Perf: 0.9123 | Eval Error: 0.0293 | Eval Perf: 0.5172
[27, 100] Train Error: 0.0058 | Train Perf: 0.9159 | Eval Error: 0.0301 | Eval Perf: 0.5103
[28, 100] Train Error: 0.0051 | Train Perf: 0.9269 | Eval Error: 0.0304 | Eval Perf: 0.522
[29, 100] Train Error: 0.0048 | Train Perf: 0.931 | Eval Error: 0.0319 | Eval Perf: 0.4857
[30, 100] Train Error: 0.0047 | Train Perf: 0.9334 | Eval Error: 0.0311 | Eval Perf: 0.503
[31, 100] Train Error: 0.0043 | Train Perf: 0.9398 | Eval Error: 0.0331 | Eval Perf: 0.4835
[32, 100] Train Error: 0.0037 | Train Perf: 0.9474 | Eval Error: 0.0317 | Eval Perf: 0.5109
[33, 100] Train Error: 0.0037 | Train Perf: 0.948 | Eval Error: 0.0312 | Eval Perf: 0.5165
[34, 100] Train Error: 0.0036 | Train Perf: 0.9489 | Eval Error: 0.0317 | Eval Perf: 0.506
[35, 100] Train Error: 0.0032 | Train Perf: 0.9553 | Eval Error: 0.0327 | Eval Perf: 0.4881
[36, 100] Train Error: 0.003 | Train Perf: 0.959 | Eval Error: 0.0332 | Eval Perf: 0.4827
[37, 100] Train Error: 0.0028 | Train Perf: 0.961 | Eval Error: 0.0337 | Eval Perf: 0.4835
[38, 100] Train Error: 0.0027 | Train Perf: 0.9628 | Eval Error: 0.0331 | Eval Perf: 0.4989
[39, 100] Train Error: 0.0024 | Train Perf: 0.9667 | Eval Error: 0.0339 | Eval Perf: 0.4861
[40, 100] Train Error: 0.0023 | Train Perf: 0.9686 | Eval Error: 0.0346 | Eval Perf: 0.4696
[41, 100] Train Error: 0.0022 | Train Perf: 0.9691 | Eval Error: 0.0329 | Eval Perf: 0.5044
[42, 100] Train Error: 0.0021 | Train Perf: 0.9715 | Eval Error: 0.0346 | Eval Perf: 0.481
[43, 100] Train Error: 0.0019 | Train Perf: 0.9744 | Eval Error: 0.0345 | Eval Perf: 0.4926
[44, 100] Train Error: 0.0018 | Train Perf: 0.9756 | Eval Error: 0.0332 | Eval Perf: 0.5085
[45, 100] Train Error: 0.0018 | Train Perf: 0.9758 | Eval Error: 0.0341 | Eval Perf: 0.5039
[46, 100] Train Error: 0.0017 | Train Perf: 0.977 | Eval Error: 0.0344 | Eval Perf: 0.4964
[47, 100] Train Error: 0.0016 | Train Perf: 0.978 | Eval Error: 0.0346 | Eval Perf: 0.494
[48, 100] Train Error: 0.0015 | Train Perf: 0.9797 | Eval Error: 0.0344 | Eval Perf: 0.4992
[49, 100] Train Error: 0.0014 | Train Perf: 0.9806 | Eval Error: 0.0354 | Eval Perf: 0.4863
[50, 100] Train Error: 0.0014 | Train Perf: 0.981 | Eval Error: 0.0352 | Eval Perf: 0.4862
[51, 100] Train Error: 0.0013 | Train Perf: 0.9826 | Eval Error: 0.0348 | Eval Perf: 0.4957
[52, 100] Train Error: 0.0013 | Train Perf: 0.9828 | Eval Error: 0.0365 | Eval Perf: 0.4764
[53, 100] Train Error: 0.0012 | Train Perf: 0.9837 | Eval Error: 0.0354 | Eval Perf: 0.4963
[54, 100] Train Error: 0.0011 | Train Perf: 0.985 | Eval Error: 0.0355 | Eval Perf: 0.4895
[55, 100] Train Error: 0.0011 | Train Perf: 0.9854 | Eval Error: 0.0358 | Eval Perf: 0.4861
[56, 100] Train Error: 0.001 | Train Perf: 0.9864 | Eval Error: 0.0356 | Eval Perf: 0.4938
[57, 100] Train Error: 0.001 | Train Perf: 0.9866 | Eval Error: 0.0361 | Eval Perf: 0.4905
[58, 100] Train Error: 0.0009 | Train Perf: 0.9883 | Eval Error: 0.0367 | Eval Perf: 0.4799
[59, 100] Train Error: 0.0009 | Train Perf: 0.9878 | Eval Error: 0.0372 | Eval Perf: 0.4708
[60, 100] Train Error: 0.0008 | Train Perf: 0.989 | Eval Error: 0.0366 | Eval Perf: 0.4839
[61, 100] Train Error: 0.0008 | Train Perf: 0.9889 | Eval Error: 0.0363 | Eval Perf: 0.4873
[62, 100] Train Error: 0.0008 | Train Perf: 0.9894 | Eval Error: 0.0372 | Eval Perf: 0.4783
[63, 100] Train Error: 0.0007 | Train Perf: 0.99 | Eval Error: 0.0377 | Eval Perf: 0.4712
[64, 100] Train Error: 0.0007 | Train Perf: 0.9902 | Eval Error: 0.0371 | Eval Perf: 0.4807
[65, 100] Train Error: 0.0007 | Train Perf: 0.9909 | Eval Error: 0.0368 | Eval Perf: 0.4881
[66, 100] Train Error: 0.0007 | Train Perf: 0.991 | Eval Error: 0.0375 | Eval Perf: 0.4751
[67, 100] Train Error: 0.0006 | Train Perf: 0.9915 | Eval Error: 0.0374 | Eval Perf: 0.4786
[68, 100] Train Error: 0.0006 | Train Perf: 0.9919 | Eval Error: 0.0376 | Eval Perf: 0.4798
[69, 100] Train Error: 0.0006 | Train Perf: 0.992 | Eval Error: 0.0379 | Eval Perf: 0.4758
[70, 100] Train Error: 0.0006 | Train Perf: 0.9923 | Eval Error: 0.0373 | Eval Perf: 0.4852
[71, 100] Train Error: 0.0006 | Train Perf: 0.9925 | Eval Error: 0.0372 | Eval Perf: 0.4865
[72, 100] Train Error: 0.0005 | Train Perf: 0.9929 | Eval Error: 0.0379 | Eval Perf: 0.4758
[73, 100] Train Error: 0.0005 | Train Perf: 0.9929 | Eval Error: 0.0376 | Eval Perf: 0.4833
[74, 100] Train Error: 0.0005 | Train Perf: 0.9932 | Eval Error: 0.0385 | Eval Perf: 0.4711
[75, 100] Train Error: 0.0005 | Train Perf: 0.9936 | Eval Error: 0.0385 | Eval Perf: 0.4723
[76, 100] Train Error: 0.0005 | Train Perf: 0.9936 | Eval Error: 0.0383 | Eval Perf: 0.4759
[77, 100] Train Error: 0.0005 | Train Perf: 0.9938 | Eval Error: 0.0383 | Eval Perf: 0.4772
[78, 100] Train Error: 0.0004 | Train Perf: 0.9942 | Eval Error: 0.0384 | Eval Perf: 0.4768
[79, 100] Train Error: 0.0004 | Train Perf: 0.9943 | Eval Error: 0.039 | Eval Perf: 0.4677
[80, 100] Train Error: 0.0004 | Train Perf: 0.9946 | Eval Error: 0.0385 | Eval Perf: 0.477
[81, 100] Train Error: 0.0004 | Train Perf: 0.9946 | Eval Error: 0.0388 | Eval Perf: 0.4731
[82, 100] Train Error: 0.0004 | Train Perf: 0.9947 | Eval Error: 0.0386 | Eval Perf: 0.4788
[83, 100] Train Error: 0.0004 | Train Perf: 0.9948 | Eval Error: 0.039 | Eval Perf: 0.4721
[84, 100] Train Error: 0.0004 | Train Perf: 0.9951 | Eval Error: 0.0394 | Eval Perf: 0.4667
[85, 100] Train Error: 0.0004 | Train Perf: 0.9951 | Eval Error: 0.0394 | Eval Perf: 0.469
[86, 100] Train Error: 0.0003 | Train Perf: 0.9956 | Eval Error: 0.0393 | Eval Perf: 0.469
[87, 100] Train Error: 0.0004 | Train Perf: 0.9953 | Eval Error: 0.0392 | Eval Perf: 0.4733
[88, 100] Train Error: 0.0003 | Train Perf: 0.9955 | Eval Error: 0.0392 | Eval Perf: 0.4734
[89, 100] Train Error: 0.0003 | Train Perf: 0.9957 | Eval Error: 0.0391 | Eval Perf: 0.4739
[90, 100] Train Error: 0.0003 | Train Perf: 0.9956 | Eval Error: 0.0395 | Eval Perf: 0.4694
[91, 100] Train Error: 0.0003 | Train Perf: 0.9957 | Eval Error: 0.0393 | Eval Perf: 0.474
[92, 100] Train Error: 0.0003 | Train Perf: 0.9959 | Eval Error: 0.0396 | Eval Perf: 0.4709
[93, 100] Train Error: 0.0003 | Train Perf: 0.9961 | Eval Error: 0.0392 | Eval Perf: 0.4753
[94, 100] Train Error: 0.0003 | Train Perf: 0.9961 | Eval Error: 0.0396 | Eval Perf: 0.4704
[95, 100] Train Error: 0.0003 | Train Perf: 0.9963 | Eval Error: 0.0399 | Eval Perf: 0.4712
[96, 100] Train Error: 0.0003 | Train Perf: 0.9964 | Eval Error: 0.0396 | Eval Perf: 0.4755
[97, 100] Train Error: 0.0003 | Train Perf: 0.9964 | Eval Error: 0.0398 | Eval Perf: 0.4696
[98, 100] Train Error: 0.0003 | Train Perf: 0.9965 | Eval Error: 0.04 | Eval Perf: 0.4677
[99, 100] Train Error: 0.0003 | Train Perf: 0.9966 | Eval Error: 0.0395 | Eval Perf: 0.4738
[100, 100] Train Error: 0.0003 | Train Perf: 0.9965 | Eval Error: 0.0397 | Eval Perf: 0.4741
