NETWORK SUMMARY
---------------
Input Layer shape: (1, 180)
Hidden Layer shape: (181, 3)
Output layer shape: (4, 1)
Total parameters: 547

[1, 100] Train Error: 0.0359 | Train Perf: 0.4018 | Eval Error: 0.0261 | Eval Perf: 0.6599
[2, 100] Train Error: 0.0247 | Train Perf: 0.6529 | Eval Error: 0.022 | Eval Perf: 0.7242
[3, 100] Train Error: 0.0202 | Train Perf: 0.7248 | Eval Error: 0.0217 | Eval Perf: 0.7585
[4, 100] Train Error: 0.0183 | Train Perf: 0.7556 | Eval Error: 0.0183 | Eval Perf: 0.7592
[5, 100] Train Error: 0.017 | Train Perf: 0.775 | Eval Error: 0.0188 | Eval Perf: 0.7527
[6, 100] Train Error: 0.0161 | Train Perf: 0.7882 | Eval Error: 0.0216 | Eval Perf: 0.7578
[7, 100] Train Error: 0.0157 | Train Perf: 0.7944 | Eval Error: 0.0166 | Eval Perf: 0.7843
[8, 100] Train Error: 0.0149 | Train Perf: 0.8071 | Eval Error: 0.0176 | Eval Perf: 0.7804
[9, 100] Train Error: 0.0144 | Train Perf: 0.8134 | Eval Error: 0.0173 | Eval Perf: 0.7746
[10, 100] Train Error: 0.0141 | Train Perf: 0.8185 | Eval Error: 0.0176 | Eval Perf: 0.7762
[11, 100] Train Error: 0.0138 | Train Perf: 0.8223 | Eval Error: 0.0177 | Eval Perf: 0.7759
[12, 100] Train Error: 0.0133 | Train Perf: 0.829 | Eval Error: 0.0229 | Eval Perf: 0.7569
[13, 100] Train Error: 0.0131 | Train Perf: 0.8321 | Eval Error: 0.0172 | Eval Perf: 0.7825
[14, 100] Train Error: 0.0128 | Train Perf: 0.8368 | Eval Error: 0.0171 | Eval Perf: 0.7798
[15, 100] Train Error: 0.0123 | Train Perf: 0.844 | Eval Error: 0.0169 | Eval Perf: 0.7839
[16, 100] Train Error: 0.0121 | Train Perf: 0.8465 | Eval Error: 0.0161 | Eval Perf: 0.7919
[17, 100] Train Error: 0.0118 | Train Perf: 0.8507 | Eval Error: 0.0172 | Eval Perf: 0.7767
[18, 100] Train Error: 0.0118 | Train Perf: 0.8501 | Eval Error: 0.0175 | Eval Perf: 0.777
[19, 100] Train Error: 0.0114 | Train Perf: 0.8552 | Eval Error: 0.0164 | Eval Perf: 0.7894
[20, 100] Train Error: 0.0112 | Train Perf: 0.858 | Eval Error: 0.0172 | Eval Perf: 0.7831
[21, 100] Train Error: 0.011 | Train Perf: 0.8613 | Eval Error: 0.0171 | Eval Perf: 0.7878
[22, 100] Train Error: 0.0107 | Train Perf: 0.8659 | Eval Error: 0.0175 | Eval Perf: 0.7832
[23, 100] Train Error: 0.0107 | Train Perf: 0.8652 | Eval Error: 0.0165 | Eval Perf: 0.7899
[24, 100] Train Error: 0.0103 | Train Perf: 0.8704 | Eval Error: 0.0175 | Eval Perf: 0.7838
[25, 100] Train Error: 0.0102 | Train Perf: 0.8722 | Eval Error: 0.0173 | Eval Perf: 0.7805
[26, 100] Train Error: 0.0101 | Train Perf: 0.8734 | Eval Error: 0.0213 | Eval Perf: 0.7658
[27, 100] Train Error: 0.01 | Train Perf: 0.8743 | Eval Error: 0.0171 | Eval Perf: 0.7808
[28, 100] Train Error: 0.0098 | Train Perf: 0.8776 | Eval Error: 0.0186 | Eval Perf: 0.7791
[29, 100] Train Error: 0.0097 | Train Perf: 0.8789 | Eval Error: 0.0172 | Eval Perf: 0.7788
[30, 100] Train Error: 0.0097 | Train Perf: 0.8794 | Eval Error: 0.0181 | Eval Perf: 0.7724
[31, 100] Train Error: 0.0095 | Train Perf: 0.8816 | Eval Error: 0.0173 | Eval Perf: 0.7794
[32, 100] Train Error: 0.0094 | Train Perf: 0.8824 | Eval Error: 0.0175 | Eval Perf: 0.7769
[33, 100] Train Error: 0.0092 | Train Perf: 0.8857 | Eval Error: 0.0196 | Eval Perf: 0.7655
[34, 100] Train Error: 0.0092 | Train Perf: 0.8848 | Eval Error: 0.0189 | Eval Perf: 0.7669
[35, 100] Train Error: 0.0091 | Train Perf: 0.8867 | Eval Error: 0.0206 | Eval Perf: 0.7576
[36, 100] Train Error: 0.0089 | Train Perf: 0.8896 | Eval Error: 0.0217 | Eval Perf: 0.7468
[37, 100] Train Error: 0.0092 | Train Perf: 0.8859 | Eval Error: 0.0212 | Eval Perf: 0.7553
[38, 100] Train Error: 0.0089 | Train Perf: 0.8897 | Eval Error: 0.0217 | Eval Perf: 0.7466
[39, 100] Train Error: 0.0088 | Train Perf: 0.8901 | Eval Error: 0.0217 | Eval Perf: 0.7479
[40, 100] Train Error: 0.0086 | Train Perf: 0.893 | Eval Error: 0.0225 | Eval Perf: 0.7475
[41, 100] Train Error: 0.0087 | Train Perf: 0.8918 | Eval Error: 0.0189 | Eval Perf: 0.7629
[42, 100] Train Error: 0.0086 | Train Perf: 0.8935 | Eval Error: 0.0191 | Eval Perf: 0.7577
[43, 100] Train Error: 0.0085 | Train Perf: 0.8947 | Eval Error: 0.0193 | Eval Perf: 0.7574
[44, 100] Train Error: 0.0085 | Train Perf: 0.8948 | Eval Error: 0.0222 | Eval Perf: 0.7486
[45, 100] Train Error: 0.0085 | Train Perf: 0.8949 | Eval Error: 0.0191 | Eval Perf: 0.7599
[46, 100] Train Error: 0.0083 | Train Perf: 0.8979 | Eval Error: 0.0206 | Eval Perf: 0.7559
[47, 100] Train Error: 0.0082 | Train Perf: 0.8983 | Eval Error: 0.0226 | Eval Perf: 0.7503
[48, 100] Train Error: 0.0082 | Train Perf: 0.8983 | Eval Error: 0.0226 | Eval Perf: 0.7319
[49, 100] Train Error: 0.0084 | Train Perf: 0.8965 | Eval Error: 0.0217 | Eval Perf: 0.7447
[50, 100] Train Error: 0.0081 | Train Perf: 0.9 | Eval Error: 0.0193 | Eval Perf: 0.7609
[51, 100] Train Error: 0.0081 | Train Perf: 0.9002 | Eval Error: 0.0218 | Eval Perf: 0.7423
[52, 100] Train Error: 0.008 | Train Perf: 0.9014 | Eval Error: 0.0199 | Eval Perf: 0.7552
[53, 100] Train Error: 0.008 | Train Perf: 0.9016 | Eval Error: 0.0212 | Eval Perf: 0.7472
[54, 100] Train Error: 0.008 | Train Perf: 0.9018 | Eval Error: 0.0206 | Eval Perf: 0.7464
[55, 100] Train Error: 0.0079 | Train Perf: 0.9031 | Eval Error: 0.022 | Eval Perf: 0.7362
[56, 100] Train Error: 0.0078 | Train Perf: 0.9033 | Eval Error: 0.0206 | Eval Perf: 0.7505
[57, 100] Train Error: 0.0078 | Train Perf: 0.9038 | Eval Error: 0.0214 | Eval Perf: 0.7508
[58, 100] Train Error: 0.0079 | Train Perf: 0.9023 | Eval Error: 0.0216 | Eval Perf: 0.744
[59, 100] Train Error: 0.0078 | Train Perf: 0.9038 | Eval Error: 0.022 | Eval Perf: 0.7386
[60, 100] Train Error: 0.0077 | Train Perf: 0.9056 | Eval Error: 0.0198 | Eval Perf: 0.7521
[61, 100] Train Error: 0.0077 | Train Perf: 0.9045 | Eval Error: 0.0207 | Eval Perf: 0.7516
[62, 100] Train Error: 0.0077 | Train Perf: 0.9056 | Eval Error: 0.021 | Eval Perf: 0.7504
[63, 100] Train Error: 0.0076 | Train Perf: 0.9067 | Eval Error: 0.0214 | Eval Perf: 0.743
[64, 100] Train Error: 0.0076 | Train Perf: 0.906 | Eval Error: 0.0208 | Eval Perf: 0.7446
[65, 100] Train Error: 0.0075 | Train Perf: 0.9075 | Eval Error: 0.0206 | Eval Perf: 0.7484
[66, 100] Train Error: 0.0074 | Train Perf: 0.9092 | Eval Error: 0.0201 | Eval Perf: 0.7505
[67, 100] Train Error: 0.0076 | Train Perf: 0.9067 | Eval Error: 0.0216 | Eval Perf: 0.7457
[68, 100] Train Error: 0.0075 | Train Perf: 0.9081 | Eval Error: 0.0219 | Eval Perf: 0.7415
[69, 100] Train Error: 0.0074 | Train Perf: 0.9093 | Eval Error: 0.0218 | Eval Perf: 0.7408
[70, 100] Train Error: 0.0075 | Train Perf: 0.9074 | Eval Error: 0.0204 | Eval Perf: 0.7463
[71, 100] Train Error: 0.0074 | Train Perf: 0.9091 | Eval Error: 0.0217 | Eval Perf: 0.7432
[72, 100] Train Error: 0.0073 | Train Perf: 0.91 | Eval Error: 0.0209 | Eval Perf: 0.7512
[73, 100] Train Error: 0.0072 | Train Perf: 0.9117 | Eval Error: 0.0207 | Eval Perf: 0.7467
[74, 100] Train Error: 0.0073 | Train Perf: 0.9107 | Eval Error: 0.0217 | Eval Perf: 0.7394
[75, 100] Train Error: 0.0072 | Train Perf: 0.9118 | Eval Error: 0.0234 | Eval Perf: 0.7402
[76, 100] Train Error: 0.0072 | Train Perf: 0.9116 | Eval Error: 0.0214 | Eval Perf: 0.7445
[77, 100] Train Error: 0.007 | Train Perf: 0.9145 | Eval Error: 0.0234 | Eval Perf: 0.7293
[78, 100] Train Error: 0.0071 | Train Perf: 0.9124 | Eval Error: 0.0226 | Eval Perf: 0.7434
[79, 100] Train Error: 0.0071 | Train Perf: 0.9124 | Eval Error: 0.0217 | Eval Perf: 0.7386
[80, 100] Train Error: 0.007 | Train Perf: 0.9139 | Eval Error: 0.0204 | Eval Perf: 0.749
[81, 100] Train Error: 0.007 | Train Perf: 0.9144 | Eval Error: 0.0237 | Eval Perf: 0.7316
[82, 100] Train Error: 0.007 | Train Perf: 0.9147 | Eval Error: 0.0213 | Eval Perf: 0.744
[83, 100] Train Error: 0.007 | Train Perf: 0.9145 | Eval Error: 0.0209 | Eval Perf: 0.7449
[84, 100] Train Error: 0.0069 | Train Perf: 0.9154 | Eval Error: 0.0211 | Eval Perf: 0.7425
[85, 100] Train Error: 0.007 | Train Perf: 0.9138 | Eval Error: 0.0238 | Eval Perf: 0.7318
[86, 100] Train Error: 0.0069 | Train Perf: 0.9151 | Eval Error: 0.0244 | Eval Perf: 0.734
[87, 100] Train Error: 0.007 | Train Perf: 0.9144 | Eval Error: 0.0237 | Eval Perf: 0.7389
[88, 100] Train Error: 0.0069 | Train Perf: 0.9151 | Eval Error: 0.0215 | Eval Perf: 0.7452
[89, 100] Train Error: 0.0068 | Train Perf: 0.9163 | Eval Error: 0.0231 | Eval Perf: 0.7362
[90, 100] Train Error: 0.0068 | Train Perf: 0.917 | Eval Error: 0.0215 | Eval Perf: 0.7444
[91, 100] Train Error: 0.0068 | Train Perf: 0.9166 | Eval Error: 0.0204 | Eval Perf: 0.7529
[92, 100] Train Error: 0.0068 | Train Perf: 0.9162 | Eval Error: 0.0207 | Eval Perf: 0.7484
[93, 100] Train Error: 0.0067 | Train Perf: 0.9182 | Eval Error: 0.0237 | Eval Perf: 0.7343
[94, 100] Train Error: 0.0068 | Train Perf: 0.9173 | Eval Error: 0.0247 | Eval Perf: 0.7313
[95, 100] Train Error: 0.0067 | Train Perf: 0.9178 | Eval Error: 0.0259 | Eval Perf: 0.7257
[96, 100] Train Error: 0.0067 | Train Perf: 0.9178 | Eval Error: 0.022 | Eval Perf: 0.7414
[97, 100] Train Error: 0.0068 | Train Perf: 0.9172 | Eval Error: 0.0218 | Eval Perf: 0.7461
[98, 100] Train Error: 0.0068 | Train Perf: 0.9166 | Eval Error: 0.0229 | Eval Perf: 0.7374
[99, 100] Train Error: 0.0065 | Train Perf: 0.9201 | Eval Error: 0.0212 | Eval Perf: 0.7471
[100, 100] Train Error: 0.0066 | Train Perf: 0.9194 | Eval Error: 0.0226 | Eval Perf: 0.738
