NETWORK SUMMARY
---------------
Input Layer shape: (1, 180)
Hidden Layer shape: (181, 3)
Output layer shape: (4, 1)
Total parameters: 547

[1, 100] Train Error: 0.0358 | Train Perf: 0.4106 | Eval Error: 0.026 | Eval Perf: 0.6422
[2, 100] Train Error: 0.0241 | Train Perf: 0.6635 | Eval Error: 0.0222 | Eval Perf: 0.7084
[3, 100] Train Error: 0.0201 | Train Perf: 0.7279 | Eval Error: 0.0199 | Eval Perf: 0.7321
[4, 100] Train Error: 0.0183 | Train Perf: 0.7561 | Eval Error: 0.0183 | Eval Perf: 0.7624
[5, 100] Train Error: 0.0172 | Train Perf: 0.7727 | Eval Error: 0.0192 | Eval Perf: 0.7577
[6, 100] Train Error: 0.0165 | Train Perf: 0.7832 | Eval Error: 0.0221 | Eval Perf: 0.7713
[7, 100] Train Error: 0.0154 | Train Perf: 0.8 | Eval Error: 0.0171 | Eval Perf: 0.7749
[8, 100] Train Error: 0.0155 | Train Perf: 0.7985 | Eval Error: 0.017 | Eval Perf: 0.7781
[9, 100] Train Error: 0.0145 | Train Perf: 0.8125 | Eval Error: 0.0177 | Eval Perf: 0.7792
[10, 100] Train Error: 0.0144 | Train Perf: 0.8136 | Eval Error: 0.0168 | Eval Perf: 0.7881
[11, 100] Train Error: 0.0141 | Train Perf: 0.8179 | Eval Error: 0.0167 | Eval Perf: 0.7811
[12, 100] Train Error: 0.0136 | Train Perf: 0.8254 | Eval Error: 0.0206 | Eval Perf: 0.7428
[13, 100] Train Error: 0.0137 | Train Perf: 0.8242 | Eval Error: 0.0164 | Eval Perf: 0.7874
[14, 100] Train Error: 0.0129 | Train Perf: 0.8358 | Eval Error: 0.0172 | Eval Perf: 0.7749
[15, 100] Train Error: 0.0126 | Train Perf: 0.8391 | Eval Error: 0.0177 | Eval Perf: 0.7698
[16, 100] Train Error: 0.0126 | Train Perf: 0.8395 | Eval Error: 0.017 | Eval Perf: 0.7805
[17, 100] Train Error: 0.012 | Train Perf: 0.8473 | Eval Error: 0.0274 | Eval Perf: 0.7579
[18, 100] Train Error: 0.0121 | Train Perf: 0.8463 | Eval Error: 0.0176 | Eval Perf: 0.7764
[19, 100] Train Error: 0.0119 | Train Perf: 0.8491 | Eval Error: 0.0173 | Eval Perf: 0.7719
[20, 100] Train Error: 0.0117 | Train Perf: 0.8515 | Eval Error: 0.019 | Eval Perf: 0.7561
[21, 100] Train Error: 0.0115 | Train Perf: 0.8547 | Eval Error: 0.0175 | Eval Perf: 0.77
[22, 100] Train Error: 0.0116 | Train Perf: 0.8538 | Eval Error: 0.0181 | Eval Perf: 0.7658
[23, 100] Train Error: 0.0112 | Train Perf: 0.8582 | Eval Error: 0.0176 | Eval Perf: 0.7755
[24, 100] Train Error: 0.0111 | Train Perf: 0.8604 | Eval Error: 0.0182 | Eval Perf: 0.764
[25, 100] Train Error: 0.0109 | Train Perf: 0.8634 | Eval Error: 0.0181 | Eval Perf: 0.7643
[26, 100] Train Error: 0.0107 | Train Perf: 0.8654 | Eval Error: 0.0171 | Eval Perf: 0.7814
[27, 100] Train Error: 0.0105 | Train Perf: 0.8678 | Eval Error: 0.0189 | Eval Perf: 0.7623
[28, 100] Train Error: 0.0102 | Train Perf: 0.8724 | Eval Error: 0.0179 | Eval Perf: 0.7678
[29, 100] Train Error: 0.0101 | Train Perf: 0.8734 | Eval Error: 0.0178 | Eval Perf: 0.7683
[30, 100] Train Error: 0.0101 | Train Perf: 0.8736 | Eval Error: 0.0187 | Eval Perf: 0.7605
[31, 100] Train Error: 0.0099 | Train Perf: 0.8758 | Eval Error: 0.0195 | Eval Perf: 0.7591
[32, 100] Train Error: 0.01 | Train Perf: 0.8747 | Eval Error: 0.0186 | Eval Perf: 0.763
[33, 100] Train Error: 0.0099 | Train Perf: 0.877 | Eval Error: 0.0204 | Eval Perf: 0.751
[34, 100] Train Error: 0.0097 | Train Perf: 0.879 | Eval Error: 0.0184 | Eval Perf: 0.7675
[35, 100] Train Error: 0.0097 | Train Perf: 0.8796 | Eval Error: 0.0188 | Eval Perf: 0.7572
[36, 100] Train Error: 0.0095 | Train Perf: 0.8811 | Eval Error: 0.0185 | Eval Perf: 0.7623
[37, 100] Train Error: 0.0094 | Train Perf: 0.8825 | Eval Error: 0.02 | Eval Perf: 0.7574
[38, 100] Train Error: 0.0094 | Train Perf: 0.8829 | Eval Error: 0.0201 | Eval Perf: 0.7531
[39, 100] Train Error: 0.0092 | Train Perf: 0.886 | Eval Error: 0.0194 | Eval Perf: 0.7522
[40, 100] Train Error: 0.009 | Train Perf: 0.8879 | Eval Error: 0.02 | Eval Perf: 0.7405
[41, 100] Train Error: 0.0093 | Train Perf: 0.8849 | Eval Error: 0.0203 | Eval Perf: 0.7421
[42, 100] Train Error: 0.0091 | Train Perf: 0.8874 | Eval Error: 0.0199 | Eval Perf: 0.7446
[43, 100] Train Error: 0.0089 | Train Perf: 0.8899 | Eval Error: 0.0192 | Eval Perf: 0.7594
[44, 100] Train Error: 0.0088 | Train Perf: 0.8909 | Eval Error: 0.0199 | Eval Perf: 0.7502
[45, 100] Train Error: 0.0091 | Train Perf: 0.8868 | Eval Error: 0.0187 | Eval Perf: 0.7609
[46, 100] Train Error: 0.0087 | Train Perf: 0.8924 | Eval Error: 0.0205 | Eval Perf: 0.7438
[47, 100] Train Error: 0.0087 | Train Perf: 0.8924 | Eval Error: 0.0202 | Eval Perf: 0.7418
[48, 100] Train Error: 0.0086 | Train Perf: 0.8934 | Eval Error: 0.0201 | Eval Perf: 0.7462
[49, 100] Train Error: 0.0087 | Train Perf: 0.8925 | Eval Error: 0.0213 | Eval Perf: 0.748
[50, 100] Train Error: 0.0086 | Train Perf: 0.894 | Eval Error: 0.0202 | Eval Perf: 0.7445
[51, 100] Train Error: 0.0085 | Train Perf: 0.8943 | Eval Error: 0.0214 | Eval Perf: 0.7356
[52, 100] Train Error: 0.0085 | Train Perf: 0.8944 | Eval Error: 0.0207 | Eval Perf: 0.7453
[53, 100] Train Error: 0.0084 | Train Perf: 0.8958 | Eval Error: 0.0208 | Eval Perf: 0.7385
[54, 100] Train Error: 0.0082 | Train Perf: 0.8985 | Eval Error: 0.0205 | Eval Perf: 0.7397
[55, 100] Train Error: 0.0084 | Train Perf: 0.896 | Eval Error: 0.0206 | Eval Perf: 0.7415
[56, 100] Train Error: 0.0083 | Train Perf: 0.8973 | Eval Error: 0.0203 | Eval Perf: 0.7467
[57, 100] Train Error: 0.0083 | Train Perf: 0.8975 | Eval Error: 0.0207 | Eval Perf: 0.7405
[58, 100] Train Error: 0.0082 | Train Perf: 0.8985 | Eval Error: 0.0198 | Eval Perf: 0.7486
[59, 100] Train Error: 0.008 | Train Perf: 0.902 | Eval Error: 0.0213 | Eval Perf: 0.7349
[60, 100] Train Error: 0.0082 | Train Perf: 0.8985 | Eval Error: 0.0215 | Eval Perf: 0.7344
[61, 100] Train Error: 0.0081 | Train Perf: 0.9008 | Eval Error: 0.0218 | Eval Perf: 0.725
[62, 100] Train Error: 0.008 | Train Perf: 0.901 | Eval Error: 0.0214 | Eval Perf: 0.7416
[63, 100] Train Error: 0.0081 | Train Perf: 0.8996 | Eval Error: 0.0209 | Eval Perf: 0.7379
[64, 100] Train Error: 0.0081 | Train Perf: 0.9002 | Eval Error: 0.0218 | Eval Perf: 0.732
[65, 100] Train Error: 0.008 | Train Perf: 0.9012 | Eval Error: 0.0222 | Eval Perf: 0.7274
[66, 100] Train Error: 0.0078 | Train Perf: 0.9043 | Eval Error: 0.0224 | Eval Perf: 0.722
[67, 100] Train Error: 0.0078 | Train Perf: 0.9038 | Eval Error: 0.0219 | Eval Perf: 0.7283
[68, 100] Train Error: 0.0078 | Train Perf: 0.9039 | Eval Error: 0.0216 | Eval Perf: 0.7316
[69, 100] Train Error: 0.0077 | Train Perf: 0.9053 | Eval Error: 0.022 | Eval Perf: 0.7352
[70, 100] Train Error: 0.0078 | Train Perf: 0.9042 | Eval Error: 0.0225 | Eval Perf: 0.7201
[71, 100] Train Error: 0.0079 | Train Perf: 0.9029 | Eval Error: 0.0214 | Eval Perf: 0.7284
[72, 100] Train Error: 0.0076 | Train Perf: 0.907 | Eval Error: 0.0222 | Eval Perf: 0.7231
[73, 100] Train Error: 0.0076 | Train Perf: 0.906 | Eval Error: 0.0217 | Eval Perf: 0.7276
[74, 100] Train Error: 0.0077 | Train Perf: 0.905 | Eval Error: 0.022 | Eval Perf: 0.7273
[75, 100] Train Error: 0.0075 | Train Perf: 0.9078 | Eval Error: 0.0227 | Eval Perf: 0.723
[76, 100] Train Error: 0.0076 | Train Perf: 0.9063 | Eval Error: 0.0213 | Eval Perf: 0.7348
[77, 100] Train Error: 0.0076 | Train Perf: 0.907 | Eval Error: 0.0223 | Eval Perf: 0.7266
[78, 100] Train Error: 0.0074 | Train Perf: 0.9086 | Eval Error: 0.0228 | Eval Perf: 0.7216
[79, 100] Train Error: 0.0075 | Train Perf: 0.9076 | Eval Error: 0.0224 | Eval Perf: 0.7266
[80, 100] Train Error: 0.0074 | Train Perf: 0.909 | Eval Error: 0.0228 | Eval Perf: 0.7108
[81, 100] Train Error: 0.0075 | Train Perf: 0.9078 | Eval Error: 0.0217 | Eval Perf: 0.7325
[82, 100] Train Error: 0.0075 | Train Perf: 0.9084 | Eval Error: 0.0218 | Eval Perf: 0.7291
[83, 100] Train Error: 0.0075 | Train Perf: 0.9085 | Eval Error: 0.0215 | Eval Perf: 0.735
[84, 100] Train Error: 0.0075 | Train Perf: 0.9082 | Eval Error: 0.0231 | Eval Perf: 0.717
[85, 100] Train Error: 0.0074 | Train Perf: 0.9091 | Eval Error: 0.0223 | Eval Perf: 0.7279
[86, 100] Train Error: 0.0074 | Train Perf: 0.9093 | Eval Error: 0.0227 | Eval Perf: 0.72
[87, 100] Train Error: 0.0072 | Train Perf: 0.9116 | Eval Error: 0.0229 | Eval Perf: 0.7324
[88, 100] Train Error: 0.0073 | Train Perf: 0.9099 | Eval Error: 0.0224 | Eval Perf: 0.7266
[89, 100] Train Error: 0.0072 | Train Perf: 0.9112 | Eval Error: 0.0222 | Eval Perf: 0.7261
[90, 100] Train Error: 0.0073 | Train Perf: 0.9107 | Eval Error: 0.0233 | Eval Perf: 0.7144
[91, 100] Train Error: 0.0072 | Train Perf: 0.9114 | Eval Error: 0.0227 | Eval Perf: 0.7283
[92, 100] Train Error: 0.0073 | Train Perf: 0.91 | Eval Error: 0.0223 | Eval Perf: 0.7234
[93, 100] Train Error: 0.0071 | Train Perf: 0.9128 | Eval Error: 0.0249 | Eval Perf: 0.7187
[94, 100] Train Error: 0.0072 | Train Perf: 0.9114 | Eval Error: 0.0222 | Eval Perf: 0.7279
[95, 100] Train Error: 0.0071 | Train Perf: 0.9131 | Eval Error: 0.0214 | Eval Perf: 0.7379
[96, 100] Train Error: 0.0071 | Train Perf: 0.913 | Eval Error: 0.0233 | Eval Perf: 0.7125
[97, 100] Train Error: 0.0071 | Train Perf: 0.9125 | Eval Error: 0.0233 | Eval Perf: 0.7153
[98, 100] Train Error: 0.0072 | Train Perf: 0.9122 | Eval Error: 0.0232 | Eval Perf: 0.7205
[99, 100] Train Error: 0.007 | Train Perf: 0.9145 | Eval Error: 0.0226 | Eval Perf: 0.7184
[100, 100] Train Error: 0.0071 | Train Perf: 0.9136 | Eval Error: 0.0239 | Eval Perf: 0.7115
