NETWORK SUMMARY
---------------
Input Layer shape: (1, 180)
Hidden Layer shape: (181, 3)
Output layer shape: (4, 1)
Total parameters: 547

[1, 100] Train Error: 0.0348 | Train Perf: 0.4388 | Eval Error: 0.0288 | Eval Perf: 0.5754
[2, 100] Train Error: 0.0236 | Train Perf: 0.6723 | Eval Error: 0.0227 | Eval Perf: 0.6851
[3, 100] Train Error: 0.0193 | Train Perf: 0.7412 | Eval Error: 0.0214 | Eval Perf: 0.7073
[4, 100] Train Error: 0.0174 | Train Perf: 0.7695 | Eval Error: 0.0216 | Eval Perf: 0.7084
[5, 100] Train Error: 0.0162 | Train Perf: 0.7877 | Eval Error: 0.0216 | Eval Perf: 0.7038
[6, 100] Train Error: 0.0151 | Train Perf: 0.8045 | Eval Error: 0.0245 | Eval Perf: 0.7002
[7, 100] Train Error: 0.0142 | Train Perf: 0.8169 | Eval Error: 0.0233 | Eval Perf: 0.6906
[8, 100] Train Error: 0.0142 | Train Perf: 0.8168 | Eval Error: 0.022 | Eval Perf: 0.6989
[9, 100] Train Error: 0.0134 | Train Perf: 0.8285 | Eval Error: 0.0211 | Eval Perf: 0.7134
[10, 100] Train Error: 0.0133 | Train Perf: 0.8291 | Eval Error: 0.0215 | Eval Perf: 0.7057
[11, 100] Train Error: 0.0128 | Train Perf: 0.8371 | Eval Error: 0.0228 | Eval Perf: 0.7004
[12, 100] Train Error: 0.0123 | Train Perf: 0.8433 | Eval Error: 0.023 | Eval Perf: 0.7019
[13, 100] Train Error: 0.0123 | Train Perf: 0.8432 | Eval Error: 0.0214 | Eval Perf: 0.7152
[14, 100] Train Error: 0.0117 | Train Perf: 0.8525 | Eval Error: 0.0233 | Eval Perf: 0.6871
[15, 100] Train Error: 0.0115 | Train Perf: 0.8554 | Eval Error: 0.0207 | Eval Perf: 0.7267
[16, 100] Train Error: 0.0113 | Train Perf: 0.8579 | Eval Error: 0.0206 | Eval Perf: 0.7303
[17, 100] Train Error: 0.0111 | Train Perf: 0.8601 | Eval Error: 0.0257 | Eval Perf: 0.6995
[18, 100] Train Error: 0.0107 | Train Perf: 0.8664 | Eval Error: 0.0226 | Eval Perf: 0.7126
[19, 100] Train Error: 0.0108 | Train Perf: 0.8643 | Eval Error: 0.0216 | Eval Perf: 0.707
[20, 100] Train Error: 0.0107 | Train Perf: 0.8658 | Eval Error: 0.0224 | Eval Perf: 0.7019
[21, 100] Train Error: 0.0104 | Train Perf: 0.8696 | Eval Error: 0.0212 | Eval Perf: 0.7147
[22, 100] Train Error: 0.0103 | Train Perf: 0.8709 | Eval Error: 0.021 | Eval Perf: 0.7183
[23, 100] Train Error: 0.01 | Train Perf: 0.8747 | Eval Error: 0.0228 | Eval Perf: 0.7008
[24, 100] Train Error: 0.0098 | Train Perf: 0.8775 | Eval Error: 0.0205 | Eval Perf: 0.7245
[25, 100] Train Error: 0.0098 | Train Perf: 0.8774 | Eval Error: 0.0223 | Eval Perf: 0.7011
[26, 100] Train Error: 0.0097 | Train Perf: 0.8795 | Eval Error: 0.0228 | Eval Perf: 0.7019
[27, 100] Train Error: 0.0093 | Train Perf: 0.8842 | Eval Error: 0.0219 | Eval Perf: 0.7129
[28, 100] Train Error: 0.0094 | Train Perf: 0.8829 | Eval Error: 0.0222 | Eval Perf: 0.7047
[29, 100] Train Error: 0.0094 | Train Perf: 0.8828 | Eval Error: 0.0216 | Eval Perf: 0.7132
[30, 100] Train Error: 0.0093 | Train Perf: 0.8839 | Eval Error: 0.0217 | Eval Perf: 0.7132
[31, 100] Train Error: 0.009 | Train Perf: 0.8885 | Eval Error: 0.0243 | Eval Perf: 0.6854
[32, 100] Train Error: 0.0093 | Train Perf: 0.8844 | Eval Error: 0.0225 | Eval Perf: 0.7051
[33, 100] Train Error: 0.009 | Train Perf: 0.8881 | Eval Error: 0.0237 | Eval Perf: 0.6937
[34, 100] Train Error: 0.0088 | Train Perf: 0.8906 | Eval Error: 0.0233 | Eval Perf: 0.6929
[35, 100] Train Error: 0.0088 | Train Perf: 0.8907 | Eval Error: 0.0236 | Eval Perf: 0.6849
[36, 100] Train Error: 0.0085 | Train Perf: 0.895 | Eval Error: 0.0222 | Eval Perf: 0.7067
[37, 100] Train Error: 0.0087 | Train Perf: 0.8924 | Eval Error: 0.0243 | Eval Perf: 0.6807
[38, 100] Train Error: 0.0084 | Train Perf: 0.896 | Eval Error: 0.024 | Eval Perf: 0.6824
[39, 100] Train Error: 0.0082 | Train Perf: 0.8993 | Eval Error: 0.0241 | Eval Perf: 0.7127
[40, 100] Train Error: 0.0083 | Train Perf: 0.8971 | Eval Error: 0.0248 | Eval Perf: 0.6808
[41, 100] Train Error: 0.0081 | Train Perf: 0.9004 | Eval Error: 0.0267 | Eval Perf: 0.6503
[42, 100] Train Error: 0.0082 | Train Perf: 0.8991 | Eval Error: 0.0256 | Eval Perf: 0.6625
[43, 100] Train Error: 0.008 | Train Perf: 0.9017 | Eval Error: 0.0246 | Eval Perf: 0.686
[44, 100] Train Error: 0.0078 | Train Perf: 0.9047 | Eval Error: 0.0249 | Eval Perf: 0.6736
[45, 100] Train Error: 0.0081 | Train Perf: 0.9005 | Eval Error: 0.0242 | Eval Perf: 0.6866
[46, 100] Train Error: 0.0076 | Train Perf: 0.9061 | Eval Error: 0.0248 | Eval Perf: 0.687
[47, 100] Train Error: 0.0077 | Train Perf: 0.9049 | Eval Error: 0.0239 | Eval Perf: 0.6925
[48, 100] Train Error: 0.0076 | Train Perf: 0.9062 | Eval Error: 0.0261 | Eval Perf: 0.6812
[49, 100] Train Error: 0.0075 | Train Perf: 0.908 | Eval Error: 0.0264 | Eval Perf: 0.6667
[50, 100] Train Error: 0.0075 | Train Perf: 0.9083 | Eval Error: 0.0247 | Eval Perf: 0.6809
[51, 100] Train Error: 0.0073 | Train Perf: 0.9109 | Eval Error: 0.0272 | Eval Perf: 0.6682
[52, 100] Train Error: 0.0075 | Train Perf: 0.9076 | Eval Error: 0.0266 | Eval Perf: 0.6503
[53, 100] Train Error: 0.0074 | Train Perf: 0.9096 | Eval Error: 0.0257 | Eval Perf: 0.6773
[54, 100] Train Error: 0.0072 | Train Perf: 0.9112 | Eval Error: 0.0264 | Eval Perf: 0.6571
[55, 100] Train Error: 0.0073 | Train Perf: 0.91 | Eval Error: 0.0269 | Eval Perf: 0.662
[56, 100] Train Error: 0.0071 | Train Perf: 0.9132 | Eval Error: 0.0263 | Eval Perf: 0.6688
[57, 100] Train Error: 0.0071 | Train Perf: 0.9127 | Eval Error: 0.0273 | Eval Perf: 0.6661
[58, 100] Train Error: 0.007 | Train Perf: 0.9143 | Eval Error: 0.0268 | Eval Perf: 0.6539
[59, 100] Train Error: 0.007 | Train Perf: 0.9145 | Eval Error: 0.026 | Eval Perf: 0.6615
[60, 100] Train Error: 0.0071 | Train Perf: 0.9133 | Eval Error: 0.0264 | Eval Perf: 0.6678
[61, 100] Train Error: 0.0068 | Train Perf: 0.9171 | Eval Error: 0.0269 | Eval Perf: 0.6522
[62, 100] Train Error: 0.007 | Train Perf: 0.9143 | Eval Error: 0.0256 | Eval Perf: 0.6721
[63, 100] Train Error: 0.0068 | Train Perf: 0.9166 | Eval Error: 0.0271 | Eval Perf: 0.6654
[64, 100] Train Error: 0.0068 | Train Perf: 0.9164 | Eval Error: 0.0262 | Eval Perf: 0.6665
[65, 100] Train Error: 0.0067 | Train Perf: 0.9177 | Eval Error: 0.027 | Eval Perf: 0.6642
[66, 100] Train Error: 0.0067 | Train Perf: 0.9182 | Eval Error: 0.0274 | Eval Perf: 0.6474
[67, 100] Train Error: 0.0068 | Train Perf: 0.9172 | Eval Error: 0.0271 | Eval Perf: 0.6512
[68, 100] Train Error: 0.0066 | Train Perf: 0.919 | Eval Error: 0.0274 | Eval Perf: 0.6459
[69, 100] Train Error: 0.0066 | Train Perf: 0.9197 | Eval Error: 0.0278 | Eval Perf: 0.6476
[70, 100] Train Error: 0.0066 | Train Perf: 0.9191 | Eval Error: 0.0261 | Eval Perf: 0.6634
[71, 100] Train Error: 0.0065 | Train Perf: 0.9203 | Eval Error: 0.0269 | Eval Perf: 0.6573
[72, 100] Train Error: 0.0065 | Train Perf: 0.9212 | Eval Error: 0.027 | Eval Perf: 0.6685
[73, 100] Train Error: 0.0065 | Train Perf: 0.9206 | Eval Error: 0.0278 | Eval Perf: 0.6422
[74, 100] Train Error: 0.0064 | Train Perf: 0.9215 | Eval Error: 0.028 | Eval Perf: 0.6375
[75, 100] Train Error: 0.0065 | Train Perf: 0.9205 | Eval Error: 0.0297 | Eval Perf: 0.6481
[76, 100] Train Error: 0.0064 | Train Perf: 0.9217 | Eval Error: 0.028 | Eval Perf: 0.6489
[77, 100] Train Error: 0.0064 | Train Perf: 0.9217 | Eval Error: 0.0267 | Eval Perf: 0.6569
[78, 100] Train Error: 0.0063 | Train Perf: 0.9233 | Eval Error: 0.0284 | Eval Perf: 0.6389
[79, 100] Train Error: 0.0063 | Train Perf: 0.9227 | Eval Error: 0.0282 | Eval Perf: 0.6452
[80, 100] Train Error: 0.0063 | Train Perf: 0.9238 | Eval Error: 0.0282 | Eval Perf: 0.6461
[81, 100] Train Error: 0.0062 | Train Perf: 0.9239 | Eval Error: 0.0271 | Eval Perf: 0.6594
[82, 100] Train Error: 0.0063 | Train Perf: 0.9238 | Eval Error: 0.0274 | Eval Perf: 0.6501
[83, 100] Train Error: 0.0063 | Train Perf: 0.9239 | Eval Error: 0.0278 | Eval Perf: 0.6472
[84, 100] Train Error: 0.0062 | Train Perf: 0.925 | Eval Error: 0.0275 | Eval Perf: 0.6555
[85, 100] Train Error: 0.0062 | Train Perf: 0.9251 | Eval Error: 0.0275 | Eval Perf: 0.652
[86, 100] Train Error: 0.0062 | Train Perf: 0.9246 | Eval Error: 0.0283 | Eval Perf: 0.6419
[87, 100] Train Error: 0.0061 | Train Perf: 0.926 | Eval Error: 0.0288 | Eval Perf: 0.6365
[88, 100] Train Error: 0.0062 | Train Perf: 0.9247 | Eval Error: 0.028 | Eval Perf: 0.6475
[89, 100] Train Error: 0.0061 | Train Perf: 0.9255 | Eval Error: 0.0287 | Eval Perf: 0.6477
[90, 100] Train Error: 0.006 | Train Perf: 0.9269 | Eval Error: 0.029 | Eval Perf: 0.6468
[91, 100] Train Error: 0.0061 | Train Perf: 0.9256 | Eval Error: 0.0282 | Eval Perf: 0.64
[92, 100] Train Error: 0.0059 | Train Perf: 0.9278 | Eval Error: 0.0279 | Eval Perf: 0.6442
[93, 100] Train Error: 0.0059 | Train Perf: 0.9279 | Eval Error: 0.0283 | Eval Perf: 0.6412
[94, 100] Train Error: 0.006 | Train Perf: 0.9268 | Eval Error: 0.0286 | Eval Perf: 0.639
[95, 100] Train Error: 0.006 | Train Perf: 0.9273 | Eval Error: 0.0291 | Eval Perf: 0.6355
[96, 100] Train Error: 0.006 | Train Perf: 0.9275 | Eval Error: 0.0286 | Eval Perf: 0.6387
[97, 100] Train Error: 0.0061 | Train Perf: 0.9264 | Eval Error: 0.0302 | Eval Perf: 0.6261
[98, 100] Train Error: 0.0059 | Train Perf: 0.9286 | Eval Error: 0.0283 | Eval Perf: 0.6397
[99, 100] Train Error: 0.0059 | Train Perf: 0.9289 | Eval Error: 0.0293 | Eval Perf: 0.6337
[100, 100] Train Error: 0.006 | Train Perf: 0.9267 | Eval Error: 0.0286 | Eval Perf: 0.6433
