NETWORK SUMMARY
---------------
Input Layer shape: (1, 180)
Hidden Layer shape: (181, 3)
Output layer shape: (4, 1)
Total parameters: 547

[1, 100] Train Error: 0.0323 | Train Perf: 0.4941 | Eval Error: 0.0241 | Eval Perf: 0.6752
[2, 100] Train Error: 0.0235 | Train Perf: 0.6708 | Eval Error: 0.0276 | Eval Perf: 0.7021
[3, 100] Train Error: 0.0203 | Train Perf: 0.7242 | Eval Error: 0.0184 | Eval Perf: 0.7673
[4, 100] Train Error: 0.0185 | Train Perf: 0.7522 | Eval Error: 0.0183 | Eval Perf: 0.7654
[5, 100] Train Error: 0.0175 | Train Perf: 0.7673 | Eval Error: 0.0186 | Eval Perf: 0.7533
[6, 100] Train Error: 0.016 | Train Perf: 0.7907 | Eval Error: 0.0187 | Eval Perf: 0.7723
[7, 100] Train Error: 0.0154 | Train Perf: 0.7992 | Eval Error: 0.0189 | Eval Perf: 0.751
[8, 100] Train Error: 0.0153 | Train Perf: 0.8015 | Eval Error: 0.0174 | Eval Perf: 0.7712
[9, 100] Train Error: 0.0146 | Train Perf: 0.8105 | Eval Error: 0.0192 | Eval Perf: 0.7572
[10, 100] Train Error: 0.014 | Train Perf: 0.8202 | Eval Error: 0.0189 | Eval Perf: 0.7625
[11, 100] Train Error: 0.0138 | Train Perf: 0.8233 | Eval Error: 0.0195 | Eval Perf: 0.7517
[12, 100] Train Error: 0.0132 | Train Perf: 0.8309 | Eval Error: 0.0213 | Eval Perf: 0.7419
[13, 100] Train Error: 0.0127 | Train Perf: 0.8376 | Eval Error: 0.0209 | Eval Perf: 0.7371
[14, 100] Train Error: 0.0124 | Train Perf: 0.843 | Eval Error: 0.022 | Eval Perf: 0.7212
[15, 100] Train Error: 0.012 | Train Perf: 0.8482 | Eval Error: 0.0187 | Eval Perf: 0.761
[16, 100] Train Error: 0.0117 | Train Perf: 0.8524 | Eval Error: 0.021 | Eval Perf: 0.7285
[17, 100] Train Error: 0.0117 | Train Perf: 0.8521 | Eval Error: 0.0213 | Eval Perf: 0.7322
[18, 100] Train Error: 0.0114 | Train Perf: 0.8561 | Eval Error: 0.0215 | Eval Perf: 0.7393
[19, 100] Train Error: 0.0113 | Train Perf: 0.8576 | Eval Error: 0.0219 | Eval Perf: 0.7252
[20, 100] Train Error: 0.0113 | Train Perf: 0.8575 | Eval Error: 0.0217 | Eval Perf: 0.734
[21, 100] Train Error: 0.0109 | Train Perf: 0.8628 | Eval Error: 0.0216 | Eval Perf: 0.7361
[22, 100] Train Error: 0.0109 | Train Perf: 0.8624 | Eval Error: 0.0204 | Eval Perf: 0.7402
[23, 100] Train Error: 0.0108 | Train Perf: 0.865 | Eval Error: 0.0232 | Eval Perf: 0.7234
[24, 100] Train Error: 0.0104 | Train Perf: 0.8698 | Eval Error: 0.0219 | Eval Perf: 0.735
[25, 100] Train Error: 0.0103 | Train Perf: 0.8716 | Eval Error: 0.0216 | Eval Perf: 0.7277
[26, 100] Train Error: 0.01 | Train Perf: 0.8746 | Eval Error: 0.0229 | Eval Perf: 0.7267
[27, 100] Train Error: 0.01 | Train Perf: 0.875 | Eval Error: 0.0218 | Eval Perf: 0.73
[28, 100] Train Error: 0.0099 | Train Perf: 0.8771 | Eval Error: 0.0209 | Eval Perf: 0.7393
[29, 100] Train Error: 0.0099 | Train Perf: 0.8759 | Eval Error: 0.021 | Eval Perf: 0.735
[30, 100] Train Error: 0.0097 | Train Perf: 0.8786 | Eval Error: 0.022 | Eval Perf: 0.7245
[31, 100] Train Error: 0.0096 | Train Perf: 0.8809 | Eval Error: 0.0223 | Eval Perf: 0.7323
[32, 100] Train Error: 0.0097 | Train Perf: 0.8794 | Eval Error: 0.0213 | Eval Perf: 0.7347
[33, 100] Train Error: 0.0095 | Train Perf: 0.8823 | Eval Error: 0.0234 | Eval Perf: 0.7181
[34, 100] Train Error: 0.0099 | Train Perf: 0.8769 | Eval Error: 0.0216 | Eval Perf: 0.7298
[35, 100] Train Error: 0.0095 | Train Perf: 0.8815 | Eval Error: 0.0222 | Eval Perf: 0.7252
[36, 100] Train Error: 0.0097 | Train Perf: 0.8794 | Eval Error: 0.0226 | Eval Perf: 0.719
[37, 100] Train Error: 0.0095 | Train Perf: 0.882 | Eval Error: 0.0224 | Eval Perf: 0.7226
[38, 100] Train Error: 0.0094 | Train Perf: 0.8834 | Eval Error: 0.0221 | Eval Perf: 0.7309
[39, 100] Train Error: 0.0091 | Train Perf: 0.8873 | Eval Error: 0.0227 | Eval Perf: 0.7215
[40, 100] Train Error: 0.0091 | Train Perf: 0.8876 | Eval Error: 0.0226 | Eval Perf: 0.7298
[41, 100] Train Error: 0.0091 | Train Perf: 0.887 | Eval Error: 0.0227 | Eval Perf: 0.7234
[42, 100] Train Error: 0.009 | Train Perf: 0.889 | Eval Error: 0.0224 | Eval Perf: 0.7345
[43, 100] Train Error: 0.009 | Train Perf: 0.888 | Eval Error: 0.0227 | Eval Perf: 0.7153
[44, 100] Train Error: 0.009 | Train Perf: 0.8885 | Eval Error: 0.0234 | Eval Perf: 0.7146
[45, 100] Train Error: 0.009 | Train Perf: 0.8892 | Eval Error: 0.0228 | Eval Perf: 0.7233
[46, 100] Train Error: 0.0091 | Train Perf: 0.8877 | Eval Error: 0.022 | Eval Perf: 0.7281
[47, 100] Train Error: 0.0088 | Train Perf: 0.8916 | Eval Error: 0.0227 | Eval Perf: 0.7142
[48, 100] Train Error: 0.009 | Train Perf: 0.8881 | Eval Error: 0.0224 | Eval Perf: 0.7237
[49, 100] Train Error: 0.0086 | Train Perf: 0.8939 | Eval Error: 0.0217 | Eval Perf: 0.7343
[50, 100] Train Error: 0.0087 | Train Perf: 0.892 | Eval Error: 0.0231 | Eval Perf: 0.7183
[51, 100] Train Error: 0.0088 | Train Perf: 0.8914 | Eval Error: 0.0218 | Eval Perf: 0.7273
[52, 100] Train Error: 0.0087 | Train Perf: 0.892 | Eval Error: 0.0216 | Eval Perf: 0.7316
[53, 100] Train Error: 0.0085 | Train Perf: 0.8952 | Eval Error: 0.0216 | Eval Perf: 0.7329
[54, 100] Train Error: 0.0085 | Train Perf: 0.8948 | Eval Error: 0.0213 | Eval Perf: 0.7309
[55, 100] Train Error: 0.0086 | Train Perf: 0.8938 | Eval Error: 0.0223 | Eval Perf: 0.7226
[56, 100] Train Error: 0.0083 | Train Perf: 0.8973 | Eval Error: 0.0215 | Eval Perf: 0.7317
[57, 100] Train Error: 0.0086 | Train Perf: 0.8933 | Eval Error: 0.0229 | Eval Perf: 0.7176
[58, 100] Train Error: 0.0083 | Train Perf: 0.8974 | Eval Error: 0.0224 | Eval Perf: 0.719
[59, 100] Train Error: 0.0083 | Train Perf: 0.897 | Eval Error: 0.0229 | Eval Perf: 0.716
[60, 100] Train Error: 0.0082 | Train Perf: 0.8991 | Eval Error: 0.0232 | Eval Perf: 0.7147
[61, 100] Train Error: 0.0082 | Train Perf: 0.8988 | Eval Error: 0.0236 | Eval Perf: 0.7097
[62, 100] Train Error: 0.0083 | Train Perf: 0.8977 | Eval Error: 0.0223 | Eval Perf: 0.7223
[63, 100] Train Error: 0.0081 | Train Perf: 0.9007 | Eval Error: 0.0235 | Eval Perf: 0.7065
[64, 100] Train Error: 0.0083 | Train Perf: 0.8979 | Eval Error: 0.0232 | Eval Perf: 0.7124
[65, 100] Train Error: 0.008 | Train Perf: 0.9015 | Eval Error: 0.0225 | Eval Perf: 0.7214
[66, 100] Train Error: 0.008 | Train Perf: 0.9016 | Eval Error: 0.023 | Eval Perf: 0.712
[67, 100] Train Error: 0.0079 | Train Perf: 0.9024 | Eval Error: 0.0224 | Eval Perf: 0.7178
[68, 100] Train Error: 0.008 | Train Perf: 0.9011 | Eval Error: 0.0236 | Eval Perf: 0.7091
[69, 100] Train Error: 0.0079 | Train Perf: 0.9028 | Eval Error: 0.0233 | Eval Perf: 0.7156
[70, 100] Train Error: 0.0079 | Train Perf: 0.9027 | Eval Error: 0.0236 | Eval Perf: 0.7068
[71, 100] Train Error: 0.008 | Train Perf: 0.9016 | Eval Error: 0.0226 | Eval Perf: 0.7172
[72, 100] Train Error: 0.0078 | Train Perf: 0.9039 | Eval Error: 0.0241 | Eval Perf: 0.7064
[73, 100] Train Error: 0.0077 | Train Perf: 0.9048 | Eval Error: 0.0253 | Eval Perf: 0.6916
[74, 100] Train Error: 0.0079 | Train Perf: 0.9037 | Eval Error: 0.0232 | Eval Perf: 0.7124
[75, 100] Train Error: 0.0078 | Train Perf: 0.9039 | Eval Error: 0.0243 | Eval Perf: 0.7112
[76, 100] Train Error: 0.0078 | Train Perf: 0.904 | Eval Error: 0.0236 | Eval Perf: 0.7066
[77, 100] Train Error: 0.0076 | Train Perf: 0.907 | Eval Error: 0.0238 | Eval Perf: 0.7045
[78, 100] Train Error: 0.0079 | Train Perf: 0.903 | Eval Error: 0.0231 | Eval Perf: 0.7091
[79, 100] Train Error: 0.0078 | Train Perf: 0.9035 | Eval Error: 0.0235 | Eval Perf: 0.71
[80, 100] Train Error: 0.0077 | Train Perf: 0.9052 | Eval Error: 0.0224 | Eval Perf: 0.7145
[81, 100] Train Error: 0.0077 | Train Perf: 0.906 | Eval Error: 0.024 | Eval Perf: 0.7039
[82, 100] Train Error: 0.0077 | Train Perf: 0.906 | Eval Error: 0.0238 | Eval Perf: 0.7089
[83, 100] Train Error: 0.0075 | Train Perf: 0.9082 | Eval Error: 0.0229 | Eval Perf: 0.7137
[84, 100] Train Error: 0.0075 | Train Perf: 0.9073 | Eval Error: 0.0241 | Eval Perf: 0.7064
[85, 100] Train Error: 0.0077 | Train Perf: 0.9051 | Eval Error: 0.0241 | Eval Perf: 0.7018
[86, 100] Train Error: 0.0076 | Train Perf: 0.9064 | Eval Error: 0.0248 | Eval Perf: 0.7003
[87, 100] Train Error: 0.0075 | Train Perf: 0.9083 | Eval Error: 0.0255 | Eval Perf: 0.6982
[88, 100] Train Error: 0.0077 | Train Perf: 0.9062 | Eval Error: 0.023 | Eval Perf: 0.709
[89, 100] Train Error: 0.0075 | Train Perf: 0.9083 | Eval Error: 0.0244 | Eval Perf: 0.6964
[90, 100] Train Error: 0.0076 | Train Perf: 0.9073 | Eval Error: 0.0239 | Eval Perf: 0.7057
[91, 100] Train Error: 0.0075 | Train Perf: 0.9082 | Eval Error: 0.025 | Eval Perf: 0.6951
[92, 100] Train Error: 0.0074 | Train Perf: 0.9098 | Eval Error: 0.0235 | Eval Perf: 0.7014
[93, 100] Train Error: 0.0076 | Train Perf: 0.9068 | Eval Error: 0.0247 | Eval Perf: 0.6986
[94, 100] Train Error: 0.0074 | Train Perf: 0.9089 | Eval Error: 0.0251 | Eval Perf: 0.6893
[95, 100] Train Error: 0.0073 | Train Perf: 0.9108 | Eval Error: 0.0249 | Eval Perf: 0.697
[96, 100] Train Error: 0.0074 | Train Perf: 0.9089 | Eval Error: 0.0243 | Eval Perf: 0.6988
[97, 100] Train Error: 0.0073 | Train Perf: 0.9103 | Eval Error: 0.0254 | Eval Perf: 0.6901
[98, 100] Train Error: 0.0072 | Train Perf: 0.9123 | Eval Error: 0.0245 | Eval Perf: 0.6935
[99, 100] Train Error: 0.0074 | Train Perf: 0.9096 | Eval Error: 0.0251 | Eval Perf: 0.6932
[100, 100] Train Error: 0.0072 | Train Perf: 0.9115 | Eval Error: 0.025 | Eval Perf: 0.6927
