NETWORK SUMMARY
---------------
Input Layer shape: (1, 180)
Hidden Layer shape: (181, 3)
Output layer shape: (4, 1)
Total parameters: 547

[1, 100] Train Error: 0.0449 | Train Perf: -0.0086 | Eval Error: 0.0443 | Eval Perf: 0.3032
[2, 100] Train Error: 0.0443 | Train Perf: 0.1154 | Eval Error: 0.0442 | Eval Perf: 0.4724
[3, 100] Train Error: 0.043 | Train Perf: 0.2395 | Eval Error: 0.0424 | Eval Perf: 0.5542
[4, 100] Train Error: 0.0406 | Train Perf: 0.4473 | Eval Error: 0.0396 | Eval Perf: 0.5981
[5, 100] Train Error: 0.0366 | Train Perf: 0.6122 | Eval Error: 0.0363 | Eval Perf: 0.6232
[6, 100] Train Error: 0.0315 | Train Perf: 0.6672 | Eval Error: 0.031 | Eval Perf: 0.6496
[7, 100] Train Error: 0.0269 | Train Perf: 0.7102 | Eval Error: 0.0277 | Eval Perf: 0.674
[8, 100] Train Error: 0.0233 | Train Perf: 0.739 | Eval Error: 0.0255 | Eval Perf: 0.6955
[9, 100] Train Error: 0.0208 | Train Perf: 0.7629 | Eval Error: 0.0234 | Eval Perf: 0.7133
[10, 100] Train Error: 0.0188 | Train Perf: 0.7829 | Eval Error: 0.0222 | Eval Perf: 0.7273
[11, 100] Train Error: 0.0175 | Train Perf: 0.7959 | Eval Error: 0.0213 | Eval Perf: 0.738
[12, 100] Train Error: 0.0164 | Train Perf: 0.8076 | Eval Error: 0.0202 | Eval Perf: 0.7452
[13, 100] Train Error: 0.0157 | Train Perf: 0.8138 | Eval Error: 0.0197 | Eval Perf: 0.751
[14, 100] Train Error: 0.0151 | Train Perf: 0.8199 | Eval Error: 0.0193 | Eval Perf: 0.7563
[15, 100] Train Error: 0.0146 | Train Perf: 0.8261 | Eval Error: 0.0188 | Eval Perf: 0.7614
[16, 100] Train Error: 0.0143 | Train Perf: 0.8284 | Eval Error: 0.0186 | Eval Perf: 0.765
[17, 100] Train Error: 0.014 | Train Perf: 0.8311 | Eval Error: 0.0183 | Eval Perf: 0.7679
[18, 100] Train Error: 0.0138 | Train Perf: 0.8341 | Eval Error: 0.0182 | Eval Perf: 0.7716
[19, 100] Train Error: 0.0135 | Train Perf: 0.8367 | Eval Error: 0.0179 | Eval Perf: 0.7739
[20, 100] Train Error: 0.0134 | Train Perf: 0.8379 | Eval Error: 0.0178 | Eval Perf: 0.7761
[21, 100] Train Error: 0.0132 | Train Perf: 0.8403 | Eval Error: 0.0177 | Eval Perf: 0.777
[22, 100] Train Error: 0.0131 | Train Perf: 0.8413 | Eval Error: 0.0181 | Eval Perf: 0.7781
[23, 100] Train Error: 0.013 | Train Perf: 0.8427 | Eval Error: 0.0176 | Eval Perf: 0.7798
[24, 100] Train Error: 0.013 | Train Perf: 0.8432 | Eval Error: 0.0174 | Eval Perf: 0.7813
[25, 100] Train Error: 0.0129 | Train Perf: 0.8441 | Eval Error: 0.0175 | Eval Perf: 0.7821
[26, 100] Train Error: 0.0128 | Train Perf: 0.845 | Eval Error: 0.0175 | Eval Perf: 0.7827
[27, 100] Train Error: 0.0128 | Train Perf: 0.8455 | Eval Error: 0.0174 | Eval Perf: 0.7835
[28, 100] Train Error: 0.0127 | Train Perf: 0.8467 | Eval Error: 0.0172 | Eval Perf: 0.7839
[29, 100] Train Error: 0.0126 | Train Perf: 0.8474 | Eval Error: 0.0173 | Eval Perf: 0.7844
[30, 100] Train Error: 0.0126 | Train Perf: 0.8483 | Eval Error: 0.0171 | Eval Perf: 0.785
[31, 100] Train Error: 0.0125 | Train Perf: 0.8488 | Eval Error: 0.0171 | Eval Perf: 0.7859
[32, 100] Train Error: 0.0125 | Train Perf: 0.8491 | Eval Error: 0.0174 | Eval Perf: 0.7857
[33, 100] Train Error: 0.0125 | Train Perf: 0.8494 | Eval Error: 0.0172 | Eval Perf: 0.786
[34, 100] Train Error: 0.0124 | Train Perf: 0.85 | Eval Error: 0.0171 | Eval Perf: 0.7866
[35, 100] Train Error: 0.0124 | Train Perf: 0.8502 | Eval Error: 0.0171 | Eval Perf: 0.7869
[36, 100] Train Error: 0.0124 | Train Perf: 0.8506 | Eval Error: 0.017 | Eval Perf: 0.7874
[37, 100] Train Error: 0.0123 | Train Perf: 0.8511 | Eval Error: 0.0171 | Eval Perf: 0.7875
[38, 100] Train Error: 0.0123 | Train Perf: 0.8514 | Eval Error: 0.0172 | Eval Perf: 0.7873
[39, 100] Train Error: 0.0122 | Train Perf: 0.8523 | Eval Error: 0.0172 | Eval Perf: 0.787
[40, 100] Train Error: 0.0122 | Train Perf: 0.8529 | Eval Error: 0.0172 | Eval Perf: 0.7875
[41, 100] Train Error: 0.0122 | Train Perf: 0.8522 | Eval Error: 0.0169 | Eval Perf: 0.7882
[42, 100] Train Error: 0.0121 | Train Perf: 0.854 | Eval Error: 0.0172 | Eval Perf: 0.788
[43, 100] Train Error: 0.0122 | Train Perf: 0.8536 | Eval Error: 0.0169 | Eval Perf: 0.7889
[44, 100] Train Error: 0.0121 | Train Perf: 0.8542 | Eval Error: 0.0169 | Eval Perf: 0.7892
[45, 100] Train Error: 0.0121 | Train Perf: 0.8545 | Eval Error: 0.017 | Eval Perf: 0.7884
[46, 100] Train Error: 0.012 | Train Perf: 0.8549 | Eval Error: 0.017 | Eval Perf: 0.7884
[47, 100] Train Error: 0.012 | Train Perf: 0.8552 | Eval Error: 0.0169 | Eval Perf: 0.789
[48, 100] Train Error: 0.012 | Train Perf: 0.8551 | Eval Error: 0.0173 | Eval Perf: 0.7882
[49, 100] Train Error: 0.012 | Train Perf: 0.8555 | Eval Error: 0.017 | Eval Perf: 0.7893
[50, 100] Train Error: 0.012 | Train Perf: 0.8561 | Eval Error: 0.0169 | Eval Perf: 0.7893
[51, 100] Train Error: 0.0119 | Train Perf: 0.8565 | Eval Error: 0.0168 | Eval Perf: 0.7897
[52, 100] Train Error: 0.0118 | Train Perf: 0.8574 | Eval Error: 0.017 | Eval Perf: 0.7886
[53, 100] Train Error: 0.0118 | Train Perf: 0.8579 | Eval Error: 0.0169 | Eval Perf: 0.7896
[54, 100] Train Error: 0.0118 | Train Perf: 0.8577 | Eval Error: 0.0172 | Eval Perf: 0.7883
[55, 100] Train Error: 0.0118 | Train Perf: 0.8587 | Eval Error: 0.0171 | Eval Perf: 0.7883
[56, 100] Train Error: 0.0118 | Train Perf: 0.8583 | Eval Error: 0.017 | Eval Perf: 0.7886
[57, 100] Train Error: 0.0118 | Train Perf: 0.8584 | Eval Error: 0.0171 | Eval Perf: 0.7886
[58, 100] Train Error: 0.0117 | Train Perf: 0.8596 | Eval Error: 0.0177 | Eval Perf: 0.7876
[59, 100] Train Error: 0.0117 | Train Perf: 0.8598 | Eval Error: 0.0169 | Eval Perf: 0.7897
[60, 100] Train Error: 0.0117 | Train Perf: 0.8599 | Eval Error: 0.0168 | Eval Perf: 0.7904
[61, 100] Train Error: 0.0117 | Train Perf: 0.8599 | Eval Error: 0.0169 | Eval Perf: 0.7898
[62, 100] Train Error: 0.0115 | Train Perf: 0.8624 | Eval Error: 0.0169 | Eval Perf: 0.7908
[63, 100] Train Error: 0.0116 | Train Perf: 0.8605 | Eval Error: 0.0168 | Eval Perf: 0.7904
[64, 100] Train Error: 0.0116 | Train Perf: 0.8608 | Eval Error: 0.0169 | Eval Perf: 0.79
[65, 100] Train Error: 0.0115 | Train Perf: 0.8615 | Eval Error: 0.0168 | Eval Perf: 0.7906
[66, 100] Train Error: 0.0115 | Train Perf: 0.8625 | Eval Error: 0.0169 | Eval Perf: 0.7901
[67, 100] Train Error: 0.0115 | Train Perf: 0.8622 | Eval Error: 0.0171 | Eval Perf: 0.7897
[68, 100] Train Error: 0.0114 | Train Perf: 0.8631 | Eval Error: 0.0168 | Eval Perf: 0.7912
[69, 100] Train Error: 0.0114 | Train Perf: 0.8629 | Eval Error: 0.0168 | Eval Perf: 0.7908
[70, 100] Train Error: 0.0114 | Train Perf: 0.8635 | Eval Error: 0.0172 | Eval Perf: 0.7896
[71, 100] Train Error: 0.0113 | Train Perf: 0.8642 | Eval Error: 0.0169 | Eval Perf: 0.7906
[72, 100] Train Error: 0.0113 | Train Perf: 0.8643 | Eval Error: 0.0169 | Eval Perf: 0.7905
[73, 100] Train Error: 0.0113 | Train Perf: 0.8646 | Eval Error: 0.0168 | Eval Perf: 0.7905
[74, 100] Train Error: 0.0112 | Train Perf: 0.866 | Eval Error: 0.0169 | Eval Perf: 0.7906
[75, 100] Train Error: 0.0112 | Train Perf: 0.8655 | Eval Error: 0.017 | Eval Perf: 0.7901
[76, 100] Train Error: 0.0112 | Train Perf: 0.8665 | Eval Error: 0.0168 | Eval Perf: 0.7914
[77, 100] Train Error: 0.0111 | Train Perf: 0.8666 | Eval Error: 0.0172 | Eval Perf: 0.7893
[78, 100] Train Error: 0.0111 | Train Perf: 0.8672 | Eval Error: 0.0168 | Eval Perf: 0.7915
[79, 100] Train Error: 0.0111 | Train Perf: 0.8671 | Eval Error: 0.0169 | Eval Perf: 0.7902
[80, 100] Train Error: 0.0111 | Train Perf: 0.8677 | Eval Error: 0.017 | Eval Perf: 0.7898
[81, 100] Train Error: 0.0111 | Train Perf: 0.8678 | Eval Error: 0.0168 | Eval Perf: 0.7909
[82, 100] Train Error: 0.011 | Train Perf: 0.8681 | Eval Error: 0.017 | Eval Perf: 0.7903
[83, 100] Train Error: 0.011 | Train Perf: 0.8683 | Eval Error: 0.017 | Eval Perf: 0.7903
[84, 100] Train Error: 0.011 | Train Perf: 0.869 | Eval Error: 0.017 | Eval Perf: 0.7905
[85, 100] Train Error: 0.0109 | Train Perf: 0.8694 | Eval Error: 0.0168 | Eval Perf: 0.7912
[86, 100] Train Error: 0.0109 | Train Perf: 0.8699 | Eval Error: 0.0168 | Eval Perf: 0.7908
[87, 100] Train Error: 0.0109 | Train Perf: 0.8699 | Eval Error: 0.0169 | Eval Perf: 0.7904
[88, 100] Train Error: 0.0109 | Train Perf: 0.8702 | Eval Error: 0.0169 | Eval Perf: 0.7902
[89, 100] Train Error: 0.0108 | Train Perf: 0.8705 | Eval Error: 0.017 | Eval Perf: 0.7896
[90, 100] Train Error: 0.0108 | Train Perf: 0.871 | Eval Error: 0.0169 | Eval Perf: 0.7904
[91, 100] Train Error: 0.0108 | Train Perf: 0.8713 | Eval Error: 0.0168 | Eval Perf: 0.7911
[92, 100] Train Error: 0.0107 | Train Perf: 0.8719 | Eval Error: 0.017 | Eval Perf: 0.7898
[93, 100] Train Error: 0.0107 | Train Perf: 0.872 | Eval Error: 0.017 | Eval Perf: 0.79
[94, 100] Train Error: 0.0106 | Train Perf: 0.8732 | Eval Error: 0.0177 | Eval Perf: 0.7878
[95, 100] Train Error: 0.0106 | Train Perf: 0.8732 | Eval Error: 0.0168 | Eval Perf: 0.7919
[96, 100] Train Error: 0.0106 | Train Perf: 0.8729 | Eval Error: 0.0173 | Eval Perf: 0.7894
[97, 100] Train Error: 0.0106 | Train Perf: 0.8732 | Eval Error: 0.0168 | Eval Perf: 0.791
[98, 100] Train Error: 0.0106 | Train Perf: 0.8735 | Eval Error: 0.017 | Eval Perf: 0.7899
[99, 100] Train Error: 0.0106 | Train Perf: 0.8738 | Eval Error: 0.0171 | Eval Perf: 0.7895
[100, 100] Train Error: 0.0106 | Train Perf: 0.8743 | Eval Error: 0.0169 | Eval Perf: 0.7904
