NETWORK SUMMARY
---------------
Input Layer shape: (1, 180)
Hidden Layer shape: (181, 3)
Output layer shape: (4, 1)
Total parameters: 547

[1, 100] Train Error: 0.0317 | Train Perf: 0.3656 | Eval Error: 0.0218 | Eval Perf: 0.6793
[2, 100] Train Error: 0.0185 | Train Perf: 0.7029 | Eval Error: 0.0155 | Eval Perf: 0.7655
[3, 100] Train Error: 0.0154 | Train Perf: 0.7588 | Eval Error: 0.0142 | Eval Perf: 0.7819
[4, 100] Train Error: 0.0142 | Train Perf: 0.7804 | Eval Error: 0.0142 | Eval Perf: 0.7824
[5, 100] Train Error: 0.0141 | Train Perf: 0.7828 | Eval Error: 0.0157 | Eval Perf: 0.7751
[6, 100] Train Error: 0.0134 | Train Perf: 0.7938 | Eval Error: 0.0146 | Eval Perf: 0.7789
[7, 100] Train Error: 0.0129 | Train Perf: 0.8031 | Eval Error: 0.0142 | Eval Perf: 0.7837
[8, 100] Train Error: 0.0125 | Train Perf: 0.8099 | Eval Error: 0.0139 | Eval Perf: 0.7881
[9, 100] Train Error: 0.012 | Train Perf: 0.8175 | Eval Error: 0.0146 | Eval Perf: 0.785
[10, 100] Train Error: 0.0116 | Train Perf: 0.8255 | Eval Error: 0.016 | Eval Perf: 0.781
[11, 100] Train Error: 0.0114 | Train Perf: 0.8291 | Eval Error: 0.0157 | Eval Perf: 0.7762
[12, 100] Train Error: 0.0111 | Train Perf: 0.833 | Eval Error: 0.0135 | Eval Perf: 0.7935
[13, 100] Train Error: 0.0107 | Train Perf: 0.8395 | Eval Error: 0.0138 | Eval Perf: 0.7931
[14, 100] Train Error: 0.0105 | Train Perf: 0.8429 | Eval Error: 0.0141 | Eval Perf: 0.7855
[15, 100] Train Error: 0.01 | Train Perf: 0.8512 | Eval Error: 0.0172 | Eval Perf: 0.7678
[16, 100] Train Error: 0.01 | Train Perf: 0.8522 | Eval Error: 0.015 | Eval Perf: 0.7759
[17, 100] Train Error: 0.0096 | Train Perf: 0.8583 | Eval Error: 0.0147 | Eval Perf: 0.7764
[18, 100] Train Error: 0.0092 | Train Perf: 0.8636 | Eval Error: 0.0146 | Eval Perf: 0.7783
[19, 100] Train Error: 0.0091 | Train Perf: 0.8654 | Eval Error: 0.0156 | Eval Perf: 0.7657
[20, 100] Train Error: 0.0086 | Train Perf: 0.8744 | Eval Error: 0.0185 | Eval Perf: 0.7703
[21, 100] Train Error: 0.0085 | Train Perf: 0.8757 | Eval Error: 0.0155 | Eval Perf: 0.7711
[22, 100] Train Error: 0.0082 | Train Perf: 0.8794 | Eval Error: 0.0156 | Eval Perf: 0.7693
[23, 100] Train Error: 0.0081 | Train Perf: 0.8821 | Eval Error: 0.0156 | Eval Perf: 0.7647
[24, 100] Train Error: 0.0078 | Train Perf: 0.8869 | Eval Error: 0.0157 | Eval Perf: 0.7614
[25, 100] Train Error: 0.0076 | Train Perf: 0.8899 | Eval Error: 0.0167 | Eval Perf: 0.7599
[26, 100] Train Error: 0.0074 | Train Perf: 0.8919 | Eval Error: 0.0165 | Eval Perf: 0.7545
[27, 100] Train Error: 0.0072 | Train Perf: 0.8954 | Eval Error: 0.0173 | Eval Perf: 0.7449
[28, 100] Train Error: 0.0072 | Train Perf: 0.8957 | Eval Error: 0.0178 | Eval Perf: 0.7389
[29, 100] Train Error: 0.0068 | Train Perf: 0.9011 | Eval Error: 0.018 | Eval Perf: 0.7468
[30, 100] Train Error: 0.007 | Train Perf: 0.8983 | Eval Error: 0.0193 | Eval Perf: 0.7417
[31, 100] Train Error: 0.0068 | Train Perf: 0.9023 | Eval Error: 0.0178 | Eval Perf: 0.7375
[32, 100] Train Error: 0.0068 | Train Perf: 0.9016 | Eval Error: 0.0175 | Eval Perf: 0.7423
[33, 100] Train Error: 0.0065 | Train Perf: 0.9069 | Eval Error: 0.0184 | Eval Perf: 0.7389
[34, 100] Train Error: 0.0065 | Train Perf: 0.9059 | Eval Error: 0.0183 | Eval Perf: 0.7322
[35, 100] Train Error: 0.0065 | Train Perf: 0.9064 | Eval Error: 0.0184 | Eval Perf: 0.7275
[36, 100] Train Error: 0.0064 | Train Perf: 0.9081 | Eval Error: 0.0185 | Eval Perf: 0.7327
[37, 100] Train Error: 0.0063 | Train Perf: 0.9095 | Eval Error: 0.0191 | Eval Perf: 0.721
[38, 100] Train Error: 0.0063 | Train Perf: 0.9101 | Eval Error: 0.0186 | Eval Perf: 0.7318
[39, 100] Train Error: 0.0063 | Train Perf: 0.91 | Eval Error: 0.0191 | Eval Perf: 0.7252
[40, 100] Train Error: 0.0062 | Train Perf: 0.9116 | Eval Error: 0.0187 | Eval Perf: 0.7265
[41, 100] Train Error: 0.0061 | Train Perf: 0.9129 | Eval Error: 0.0197 | Eval Perf: 0.7289
[42, 100] Train Error: 0.006 | Train Perf: 0.9139 | Eval Error: 0.0208 | Eval Perf: 0.7108
[43, 100] Train Error: 0.006 | Train Perf: 0.9137 | Eval Error: 0.019 | Eval Perf: 0.7265
[44, 100] Train Error: 0.006 | Train Perf: 0.9135 | Eval Error: 0.0189 | Eval Perf: 0.7242
[45, 100] Train Error: 0.0059 | Train Perf: 0.9153 | Eval Error: 0.0194 | Eval Perf: 0.7206
[46, 100] Train Error: 0.0058 | Train Perf: 0.9169 | Eval Error: 0.0194 | Eval Perf: 0.7189
[47, 100] Train Error: 0.0058 | Train Perf: 0.9172 | Eval Error: 0.0205 | Eval Perf: 0.7163
[48, 100] Train Error: 0.0056 | Train Perf: 0.9193 | Eval Error: 0.0202 | Eval Perf: 0.7071
[49, 100] Train Error: 0.0058 | Train Perf: 0.9173 | Eval Error: 0.0193 | Eval Perf: 0.7248
[50, 100] Train Error: 0.0058 | Train Perf: 0.9175 | Eval Error: 0.0197 | Eval Perf: 0.7152
[51, 100] Train Error: 0.0057 | Train Perf: 0.9183 | Eval Error: 0.0199 | Eval Perf: 0.7157
[52, 100] Train Error: 0.0056 | Train Perf: 0.9195 | Eval Error: 0.0199 | Eval Perf: 0.7142
[53, 100] Train Error: 0.0057 | Train Perf: 0.9189 | Eval Error: 0.0196 | Eval Perf: 0.7198
[54, 100] Train Error: 0.0056 | Train Perf: 0.9199 | Eval Error: 0.0206 | Eval Perf: 0.7099
[55, 100] Train Error: 0.0057 | Train Perf: 0.9189 | Eval Error: 0.0196 | Eval Perf: 0.7174
[56, 100] Train Error: 0.0055 | Train Perf: 0.9211 | Eval Error: 0.0208 | Eval Perf: 0.7068
[57, 100] Train Error: 0.0055 | Train Perf: 0.9211 | Eval Error: 0.02 | Eval Perf: 0.7109
[58, 100] Train Error: 0.0055 | Train Perf: 0.9215 | Eval Error: 0.02 | Eval Perf: 0.7065
[59, 100] Train Error: 0.0055 | Train Perf: 0.9208 | Eval Error: 0.0206 | Eval Perf: 0.7066
[60, 100] Train Error: 0.0055 | Train Perf: 0.9213 | Eval Error: 0.0204 | Eval Perf: 0.706
[61, 100] Train Error: 0.0054 | Train Perf: 0.9229 | Eval Error: 0.0212 | Eval Perf: 0.7046
[62, 100] Train Error: 0.0055 | Train Perf: 0.9213 | Eval Error: 0.0214 | Eval Perf: 0.7057
[63, 100] Train Error: 0.0053 | Train Perf: 0.9238 | Eval Error: 0.021 | Eval Perf: 0.7049
[64, 100] Train Error: 0.0054 | Train Perf: 0.9236 | Eval Error: 0.0209 | Eval Perf: 0.7046
[65, 100] Train Error: 0.0054 | Train Perf: 0.9222 | Eval Error: 0.0217 | Eval Perf: 0.7065
[66, 100] Train Error: 0.0054 | Train Perf: 0.9235 | Eval Error: 0.0205 | Eval Perf: 0.7042
[67, 100] Train Error: 0.0052 | Train Perf: 0.9259 | Eval Error: 0.0211 | Eval Perf: 0.694
[68, 100] Train Error: 0.0054 | Train Perf: 0.9233 | Eval Error: 0.0208 | Eval Perf: 0.7103
[69, 100] Train Error: 0.0053 | Train Perf: 0.9249 | Eval Error: 0.0215 | Eval Perf: 0.7049
[70, 100] Train Error: 0.0053 | Train Perf: 0.9244 | Eval Error: 0.0213 | Eval Perf: 0.6987
[71, 100] Train Error: 0.0052 | Train Perf: 0.9252 | Eval Error: 0.0212 | Eval Perf: 0.6997
[72, 100] Train Error: 0.0053 | Train Perf: 0.925 | Eval Error: 0.0205 | Eval Perf: 0.7058
[73, 100] Train Error: 0.0052 | Train Perf: 0.9264 | Eval Error: 0.0236 | Eval Perf: 0.6961
[74, 100] Train Error: 0.0053 | Train Perf: 0.9244 | Eval Error: 0.0211 | Eval Perf: 0.7034
[75, 100] Train Error: 0.0051 | Train Perf: 0.9275 | Eval Error: 0.0231 | Eval Perf: 0.7032
[76, 100] Train Error: 0.0052 | Train Perf: 0.9258 | Eval Error: 0.0219 | Eval Perf: 0.6984
[77, 100] Train Error: 0.0052 | Train Perf: 0.9264 | Eval Error: 0.021 | Eval Perf: 0.7028
[78, 100] Train Error: 0.0052 | Train Perf: 0.9264 | Eval Error: 0.021 | Eval Perf: 0.6991
[79, 100] Train Error: 0.0051 | Train Perf: 0.9273 | Eval Error: 0.023 | Eval Perf: 0.6981
[80, 100] Train Error: 0.0051 | Train Perf: 0.9269 | Eval Error: 0.0205 | Eval Perf: 0.7065
[81, 100] Train Error: 0.005 | Train Perf: 0.9284 | Eval Error: 0.0206 | Eval Perf: 0.7041
[82, 100] Train Error: 0.005 | Train Perf: 0.9284 | Eval Error: 0.0218 | Eval Perf: 0.6951
[83, 100] Train Error: 0.0051 | Train Perf: 0.9276 | Eval Error: 0.0226 | Eval Perf: 0.6984
[84, 100] Train Error: 0.0051 | Train Perf: 0.9275 | Eval Error: 0.0215 | Eval Perf: 0.6983
[85, 100] Train Error: 0.005 | Train Perf: 0.9282 | Eval Error: 0.0213 | Eval Perf: 0.703
[86, 100] Train Error: 0.0051 | Train Perf: 0.9277 | Eval Error: 0.0214 | Eval Perf: 0.6956
[87, 100] Train Error: 0.0051 | Train Perf: 0.9274 | Eval Error: 0.0216 | Eval Perf: 0.6964
[88, 100] Train Error: 0.005 | Train Perf: 0.9285 | Eval Error: 0.0213 | Eval Perf: 0.6958
[89, 100] Train Error: 0.0051 | Train Perf: 0.9281 | Eval Error: 0.0216 | Eval Perf: 0.6989
[90, 100] Train Error: 0.005 | Train Perf: 0.9288 | Eval Error: 0.0214 | Eval Perf: 0.6959
[91, 100] Train Error: 0.005 | Train Perf: 0.9285 | Eval Error: 0.0224 | Eval Perf: 0.6916
[92, 100] Train Error: 0.005 | Train Perf: 0.929 | Eval Error: 0.0219 | Eval Perf: 0.6973
[93, 100] Train Error: 0.0049 | Train Perf: 0.9302 | Eval Error: 0.021 | Eval Perf: 0.7004
[94, 100] Train Error: 0.005 | Train Perf: 0.9293 | Eval Error: 0.0224 | Eval Perf: 0.6937
[95, 100] Train Error: 0.005 | Train Perf: 0.9291 | Eval Error: 0.0223 | Eval Perf: 0.6905
[96, 100] Train Error: 0.0049 | Train Perf: 0.9305 | Eval Error: 0.0218 | Eval Perf: 0.6972
[97, 100] Train Error: 0.0049 | Train Perf: 0.9297 | Eval Error: 0.0211 | Eval Perf: 0.6958
[98, 100] Train Error: 0.0049 | Train Perf: 0.9307 | Eval Error: 0.0219 | Eval Perf: 0.6947
[99, 100] Train Error: 0.005 | Train Perf: 0.9291 | Eval Error: 0.022 | Eval Perf: 0.6898
[100, 100] Train Error: 0.0048 | Train Perf: 0.9317 | Eval Error: 0.0213 | Eval Perf: 0.6923
