NETWORK SUMMARY
---------------
Input Layer shape: (1, 180)
Hidden Layer shape: (181, 3)
Output layer shape: (4, 1)
Total parameters: 547

[1, 100] Train Error: 0.0318 | Train Perf: 0.3639 | Eval Error: 0.0236 | Eval Perf: 0.6494
[2, 100] Train Error: 0.0184 | Train Perf: 0.7085 | Eval Error: 0.018 | Eval Perf: 0.7135
[3, 100] Train Error: 0.0148 | Train Perf: 0.7711 | Eval Error: 0.018 | Eval Perf: 0.7433
[4, 100] Train Error: 0.0138 | Train Perf: 0.7885 | Eval Error: 0.0168 | Eval Perf: 0.7372
[5, 100] Train Error: 0.0133 | Train Perf: 0.797 | Eval Error: 0.0167 | Eval Perf: 0.7387
[6, 100] Train Error: 0.0129 | Train Perf: 0.8031 | Eval Error: 0.0163 | Eval Perf: 0.7444
[7, 100] Train Error: 0.0121 | Train Perf: 0.8168 | Eval Error: 0.0169 | Eval Perf: 0.7334
[8, 100] Train Error: 0.0117 | Train Perf: 0.8233 | Eval Error: 0.0179 | Eval Perf: 0.7187
[9, 100] Train Error: 0.0114 | Train Perf: 0.8289 | Eval Error: 0.0168 | Eval Perf: 0.7386
[10, 100] Train Error: 0.0113 | Train Perf: 0.8305 | Eval Error: 0.0181 | Eval Perf: 0.7361
[11, 100] Train Error: 0.011 | Train Perf: 0.8351 | Eval Error: 0.0179 | Eval Perf: 0.7269
[12, 100] Train Error: 0.0107 | Train Perf: 0.8401 | Eval Error: 0.0176 | Eval Perf: 0.7294
[13, 100] Train Error: 0.0106 | Train Perf: 0.8424 | Eval Error: 0.0177 | Eval Perf: 0.7315
[14, 100] Train Error: 0.0103 | Train Perf: 0.8468 | Eval Error: 0.018 | Eval Perf: 0.7283
[15, 100] Train Error: 0.0101 | Train Perf: 0.8498 | Eval Error: 0.0177 | Eval Perf: 0.7271
[16, 100] Train Error: 0.0098 | Train Perf: 0.8546 | Eval Error: 0.0193 | Eval Perf: 0.7178
[17, 100] Train Error: 0.0096 | Train Perf: 0.8578 | Eval Error: 0.018 | Eval Perf: 0.725
[18, 100] Train Error: 0.0094 | Train Perf: 0.8609 | Eval Error: 0.0188 | Eval Perf: 0.7199
[19, 100] Train Error: 0.0094 | Train Perf: 0.8614 | Eval Error: 0.018 | Eval Perf: 0.7252
[20, 100] Train Error: 0.0091 | Train Perf: 0.8658 | Eval Error: 0.0185 | Eval Perf: 0.7281
[21, 100] Train Error: 0.0089 | Train Perf: 0.8691 | Eval Error: 0.018 | Eval Perf: 0.7317
[22, 100] Train Error: 0.0088 | Train Perf: 0.8716 | Eval Error: 0.0183 | Eval Perf: 0.7339
[23, 100] Train Error: 0.0086 | Train Perf: 0.8746 | Eval Error: 0.0184 | Eval Perf: 0.7246
[24, 100] Train Error: 0.0084 | Train Perf: 0.878 | Eval Error: 0.019 | Eval Perf: 0.7288
[25, 100] Train Error: 0.0083 | Train Perf: 0.8788 | Eval Error: 0.0185 | Eval Perf: 0.7235
[26, 100] Train Error: 0.0081 | Train Perf: 0.8822 | Eval Error: 0.0183 | Eval Perf: 0.729
[27, 100] Train Error: 0.0081 | Train Perf: 0.8822 | Eval Error: 0.0187 | Eval Perf: 0.7245
[28, 100] Train Error: 0.008 | Train Perf: 0.884 | Eval Error: 0.0186 | Eval Perf: 0.7216
[29, 100] Train Error: 0.0077 | Train Perf: 0.8876 | Eval Error: 0.0189 | Eval Perf: 0.7185
[30, 100] Train Error: 0.0076 | Train Perf: 0.889 | Eval Error: 0.0192 | Eval Perf: 0.7121
[31, 100] Train Error: 0.0076 | Train Perf: 0.8905 | Eval Error: 0.0189 | Eval Perf: 0.725
[32, 100] Train Error: 0.0074 | Train Perf: 0.8927 | Eval Error: 0.0186 | Eval Perf: 0.722
[33, 100] Train Error: 0.0074 | Train Perf: 0.893 | Eval Error: 0.0189 | Eval Perf: 0.7259
[34, 100] Train Error: 0.0073 | Train Perf: 0.8945 | Eval Error: 0.0194 | Eval Perf: 0.7154
[35, 100] Train Error: 0.0072 | Train Perf: 0.8958 | Eval Error: 0.0198 | Eval Perf: 0.7193
[36, 100] Train Error: 0.0071 | Train Perf: 0.897 | Eval Error: 0.0195 | Eval Perf: 0.7105
[37, 100] Train Error: 0.0071 | Train Perf: 0.8969 | Eval Error: 0.0194 | Eval Perf: 0.7102
[38, 100] Train Error: 0.007 | Train Perf: 0.8993 | Eval Error: 0.0192 | Eval Perf: 0.7121
[39, 100] Train Error: 0.007 | Train Perf: 0.8995 | Eval Error: 0.0197 | Eval Perf: 0.7105
[40, 100] Train Error: 0.0069 | Train Perf: 0.901 | Eval Error: 0.0196 | Eval Perf: 0.7078
[41, 100] Train Error: 0.0067 | Train Perf: 0.9034 | Eval Error: 0.0198 | Eval Perf: 0.7093
[42, 100] Train Error: 0.0067 | Train Perf: 0.9041 | Eval Error: 0.0199 | Eval Perf: 0.7032
[43, 100] Train Error: 0.0067 | Train Perf: 0.903 | Eval Error: 0.0202 | Eval Perf: 0.7064
[44, 100] Train Error: 0.0065 | Train Perf: 0.9071 | Eval Error: 0.021 | Eval Perf: 0.708
[45, 100] Train Error: 0.0067 | Train Perf: 0.9041 | Eval Error: 0.0203 | Eval Perf: 0.7048
[46, 100] Train Error: 0.0065 | Train Perf: 0.907 | Eval Error: 0.0205 | Eval Perf: 0.6973
[47, 100] Train Error: 0.0064 | Train Perf: 0.9079 | Eval Error: 0.0203 | Eval Perf: 0.7013
[48, 100] Train Error: 0.0064 | Train Perf: 0.9078 | Eval Error: 0.0208 | Eval Perf: 0.6938
[49, 100] Train Error: 0.0064 | Train Perf: 0.9086 | Eval Error: 0.0209 | Eval Perf: 0.6991
[50, 100] Train Error: 0.0063 | Train Perf: 0.9101 | Eval Error: 0.022 | Eval Perf: 0.6963
[51, 100] Train Error: 0.0062 | Train Perf: 0.9107 | Eval Error: 0.0207 | Eval Perf: 0.6943
[52, 100] Train Error: 0.0062 | Train Perf: 0.9105 | Eval Error: 0.0213 | Eval Perf: 0.6951
[53, 100] Train Error: 0.0062 | Train Perf: 0.9109 | Eval Error: 0.0213 | Eval Perf: 0.6907
[54, 100] Train Error: 0.0061 | Train Perf: 0.9131 | Eval Error: 0.0213 | Eval Perf: 0.6874
[55, 100] Train Error: 0.0059 | Train Perf: 0.9154 | Eval Error: 0.0216 | Eval Perf: 0.6861
[56, 100] Train Error: 0.0061 | Train Perf: 0.9124 | Eval Error: 0.0211 | Eval Perf: 0.692
[57, 100] Train Error: 0.006 | Train Perf: 0.9145 | Eval Error: 0.0216 | Eval Perf: 0.6843
[58, 100] Train Error: 0.0059 | Train Perf: 0.9153 | Eval Error: 0.0216 | Eval Perf: 0.6839
[59, 100] Train Error: 0.0059 | Train Perf: 0.9158 | Eval Error: 0.0226 | Eval Perf: 0.6749
[60, 100] Train Error: 0.0059 | Train Perf: 0.916 | Eval Error: 0.0214 | Eval Perf: 0.6892
[61, 100] Train Error: 0.0059 | Train Perf: 0.9154 | Eval Error: 0.0216 | Eval Perf: 0.6893
[62, 100] Train Error: 0.0058 | Train Perf: 0.917 | Eval Error: 0.0216 | Eval Perf: 0.6884
[63, 100] Train Error: 0.0058 | Train Perf: 0.9168 | Eval Error: 0.0215 | Eval Perf: 0.6927
[64, 100] Train Error: 0.0057 | Train Perf: 0.9186 | Eval Error: 0.0221 | Eval Perf: 0.6788
[65, 100] Train Error: 0.0058 | Train Perf: 0.9175 | Eval Error: 0.0233 | Eval Perf: 0.6872
[66, 100] Train Error: 0.0057 | Train Perf: 0.9192 | Eval Error: 0.022 | Eval Perf: 0.6826
[67, 100] Train Error: 0.0057 | Train Perf: 0.9182 | Eval Error: 0.0222 | Eval Perf: 0.6829
[68, 100] Train Error: 0.0057 | Train Perf: 0.9195 | Eval Error: 0.0221 | Eval Perf: 0.6811
[69, 100] Train Error: 0.0057 | Train Perf: 0.9185 | Eval Error: 0.0225 | Eval Perf: 0.6784
[70, 100] Train Error: 0.0055 | Train Perf: 0.9214 | Eval Error: 0.0224 | Eval Perf: 0.6814
[71, 100] Train Error: 0.0056 | Train Perf: 0.9202 | Eval Error: 0.0222 | Eval Perf: 0.6768
[72, 100] Train Error: 0.0055 | Train Perf: 0.9212 | Eval Error: 0.0226 | Eval Perf: 0.6743
[73, 100] Train Error: 0.0055 | Train Perf: 0.9224 | Eval Error: 0.0229 | Eval Perf: 0.6698
[74, 100] Train Error: 0.0056 | Train Perf: 0.9207 | Eval Error: 0.0228 | Eval Perf: 0.6782
[75, 100] Train Error: 0.0055 | Train Perf: 0.9211 | Eval Error: 0.0231 | Eval Perf: 0.6661
[76, 100] Train Error: 0.0055 | Train Perf: 0.9217 | Eval Error: 0.0232 | Eval Perf: 0.6771
[77, 100] Train Error: 0.0054 | Train Perf: 0.9233 | Eval Error: 0.0227 | Eval Perf: 0.6743
[78, 100] Train Error: 0.0055 | Train Perf: 0.9223 | Eval Error: 0.0234 | Eval Perf: 0.6701
[79, 100] Train Error: 0.0054 | Train Perf: 0.9228 | Eval Error: 0.0229 | Eval Perf: 0.6737
[80, 100] Train Error: 0.0054 | Train Perf: 0.9237 | Eval Error: 0.0229 | Eval Perf: 0.6754
[81, 100] Train Error: 0.0055 | Train Perf: 0.9225 | Eval Error: 0.0229 | Eval Perf: 0.6736
[82, 100] Train Error: 0.0054 | Train Perf: 0.9238 | Eval Error: 0.023 | Eval Perf: 0.6751
[83, 100] Train Error: 0.0054 | Train Perf: 0.9229 | Eval Error: 0.0235 | Eval Perf: 0.6703
[84, 100] Train Error: 0.0053 | Train Perf: 0.9254 | Eval Error: 0.0234 | Eval Perf: 0.6731
[85, 100] Train Error: 0.0053 | Train Perf: 0.9249 | Eval Error: 0.0233 | Eval Perf: 0.6676
[86, 100] Train Error: 0.0053 | Train Perf: 0.9248 | Eval Error: 0.023 | Eval Perf: 0.671
[87, 100] Train Error: 0.0052 | Train Perf: 0.9256 | Eval Error: 0.0231 | Eval Perf: 0.6737
[88, 100] Train Error: 0.0052 | Train Perf: 0.9258 | Eval Error: 0.0235 | Eval Perf: 0.6732
[89, 100] Train Error: 0.0053 | Train Perf: 0.9249 | Eval Error: 0.023 | Eval Perf: 0.672
[90, 100] Train Error: 0.0053 | Train Perf: 0.9254 | Eval Error: 0.0231 | Eval Perf: 0.6722
[91, 100] Train Error: 0.0052 | Train Perf: 0.9258 | Eval Error: 0.0233 | Eval Perf: 0.6711
[92, 100] Train Error: 0.0052 | Train Perf: 0.9266 | Eval Error: 0.0232 | Eval Perf: 0.6709
[93, 100] Train Error: 0.0052 | Train Perf: 0.9264 | Eval Error: 0.0234 | Eval Perf: 0.6721
[94, 100] Train Error: 0.0052 | Train Perf: 0.9267 | Eval Error: 0.0238 | Eval Perf: 0.6682
[95, 100] Train Error: 0.0051 | Train Perf: 0.9272 | Eval Error: 0.0241 | Eval Perf: 0.6614
[96, 100] Train Error: 0.0051 | Train Perf: 0.928 | Eval Error: 0.0232 | Eval Perf: 0.6722
[97, 100] Train Error: 0.0051 | Train Perf: 0.9278 | Eval Error: 0.0238 | Eval Perf: 0.6623
[98, 100] Train Error: 0.0052 | Train Perf: 0.9267 | Eval Error: 0.0242 | Eval Perf: 0.6628
[99, 100] Train Error: 0.005 | Train Perf: 0.9285 | Eval Error: 0.0238 | Eval Perf: 0.6688
[100, 100] Train Error: 0.0051 | Train Perf: 0.9283 | Eval Error: 0.0245 | Eval Perf: 0.6707
