NETWORK SUMMARY
---------------
Input Layer shape: (1, 180)
Hidden Layer shape: (181, 3)
Output layer shape: (4, 1)
Total parameters: 547

[1, 100] Train Error: 0.0431 | Train Perf: 0.0419 | Eval Error: 0.0402 | Eval Perf: 0.5605
[2, 100] Train Error: 0.0352 | Train Perf: 0.4816 | Eval Error: 0.0281 | Eval Perf: 0.6556
[3, 100] Train Error: 0.0229 | Train Perf: 0.703 | Eval Error: 0.0211 | Eval Perf: 0.7268
[4, 100] Train Error: 0.0178 | Train Perf: 0.7688 | Eval Error: 0.0176 | Eval Perf: 0.7706
[5, 100] Train Error: 0.0159 | Train Perf: 0.7937 | Eval Error: 0.0165 | Eval Perf: 0.7894
[6, 100] Train Error: 0.0151 | Train Perf: 0.8038 | Eval Error: 0.0209 | Eval Perf: 0.7964
[7, 100] Train Error: 0.0147 | Train Perf: 0.8103 | Eval Error: 0.0156 | Eval Perf: 0.8037
[8, 100] Train Error: 0.0148 | Train Perf: 0.8089 | Eval Error: 0.0144 | Eval Perf: 0.8142
[9, 100] Train Error: 0.0144 | Train Perf: 0.8146 | Eval Error: 0.014 | Eval Perf: 0.8201
[10, 100] Train Error: 0.0144 | Train Perf: 0.8148 | Eval Error: 0.0151 | Eval Perf: 0.8199
[11, 100] Train Error: 0.0142 | Train Perf: 0.8174 | Eval Error: 0.0145 | Eval Perf: 0.8194
[12, 100] Train Error: 0.0141 | Train Perf: 0.8185 | Eval Error: 0.0148 | Eval Perf: 0.8199
[13, 100] Train Error: 0.0138 | Train Perf: 0.8222 | Eval Error: 0.0137 | Eval Perf: 0.8244
[14, 100] Train Error: 0.014 | Train Perf: 0.8206 | Eval Error: 0.0139 | Eval Perf: 0.8214
[15, 100] Train Error: 0.0135 | Train Perf: 0.827 | Eval Error: 0.0144 | Eval Perf: 0.8177
[16, 100] Train Error: 0.0135 | Train Perf: 0.8264 | Eval Error: 0.0137 | Eval Perf: 0.824
[17, 100] Train Error: 0.0132 | Train Perf: 0.8309 | Eval Error: 0.0183 | Eval Perf: 0.8239
[18, 100] Train Error: 0.0131 | Train Perf: 0.8331 | Eval Error: 0.0145 | Eval Perf: 0.8187
[19, 100] Train Error: 0.013 | Train Perf: 0.8343 | Eval Error: 0.014 | Eval Perf: 0.8219
[20, 100] Train Error: 0.0128 | Train Perf: 0.8362 | Eval Error: 0.0136 | Eval Perf: 0.8262
[21, 100] Train Error: 0.0126 | Train Perf: 0.8398 | Eval Error: 0.0139 | Eval Perf: 0.8204
[22, 100] Train Error: 0.0125 | Train Perf: 0.8406 | Eval Error: 0.0138 | Eval Perf: 0.8245
[23, 100] Train Error: 0.0123 | Train Perf: 0.8443 | Eval Error: 0.0143 | Eval Perf: 0.8206
[24, 100] Train Error: 0.0122 | Train Perf: 0.8453 | Eval Error: 0.0138 | Eval Perf: 0.8245
[25, 100] Train Error: 0.0119 | Train Perf: 0.8498 | Eval Error: 0.0137 | Eval Perf: 0.8233
[26, 100] Train Error: 0.0117 | Train Perf: 0.8513 | Eval Error: 0.0149 | Eval Perf: 0.8245
[27, 100] Train Error: 0.0117 | Train Perf: 0.8523 | Eval Error: 0.0146 | Eval Perf: 0.8187
[28, 100] Train Error: 0.0115 | Train Perf: 0.8552 | Eval Error: 0.0144 | Eval Perf: 0.8155
[29, 100] Train Error: 0.0114 | Train Perf: 0.8563 | Eval Error: 0.0142 | Eval Perf: 0.8202
[30, 100] Train Error: 0.0112 | Train Perf: 0.8593 | Eval Error: 0.0143 | Eval Perf: 0.8178
[31, 100] Train Error: 0.011 | Train Perf: 0.8617 | Eval Error: 0.0156 | Eval Perf: 0.8114
[32, 100] Train Error: 0.0111 | Train Perf: 0.8601 | Eval Error: 0.0155 | Eval Perf: 0.8101
[33, 100] Train Error: 0.0109 | Train Perf: 0.8632 | Eval Error: 0.0147 | Eval Perf: 0.8135
[34, 100] Train Error: 0.0109 | Train Perf: 0.8632 | Eval Error: 0.0147 | Eval Perf: 0.8197
[35, 100] Train Error: 0.0107 | Train Perf: 0.8658 | Eval Error: 0.0147 | Eval Perf: 0.817
[36, 100] Train Error: 0.0106 | Train Perf: 0.8675 | Eval Error: 0.0151 | Eval Perf: 0.8124
[37, 100] Train Error: 0.0106 | Train Perf: 0.8669 | Eval Error: 0.0156 | Eval Perf: 0.8152
[38, 100] Train Error: 0.0105 | Train Perf: 0.868 | Eval Error: 0.0156 | Eval Perf: 0.8158
[39, 100] Train Error: 0.0102 | Train Perf: 0.8731 | Eval Error: 0.0152 | Eval Perf: 0.8097
[40, 100] Train Error: 0.0102 | Train Perf: 0.8722 | Eval Error: 0.0152 | Eval Perf: 0.8088
[41, 100] Train Error: 0.0102 | Train Perf: 0.8721 | Eval Error: 0.0155 | Eval Perf: 0.8107
[42, 100] Train Error: 0.0102 | Train Perf: 0.8722 | Eval Error: 0.0151 | Eval Perf: 0.8077
[43, 100] Train Error: 0.0098 | Train Perf: 0.8776 | Eval Error: 0.0171 | Eval Perf: 0.7984
[44, 100] Train Error: 0.0099 | Train Perf: 0.876 | Eval Error: 0.0155 | Eval Perf: 0.8058
[45, 100] Train Error: 0.0099 | Train Perf: 0.8764 | Eval Error: 0.0152 | Eval Perf: 0.8076
[46, 100] Train Error: 0.0097 | Train Perf: 0.8791 | Eval Error: 0.0157 | Eval Perf: 0.8049
[47, 100] Train Error: 0.0096 | Train Perf: 0.8802 | Eval Error: 0.0157 | Eval Perf: 0.8033
[48, 100] Train Error: 0.0095 | Train Perf: 0.8824 | Eval Error: 0.0164 | Eval Perf: 0.7989
[49, 100] Train Error: 0.0094 | Train Perf: 0.8836 | Eval Error: 0.0161 | Eval Perf: 0.7996
[50, 100] Train Error: 0.0094 | Train Perf: 0.883 | Eval Error: 0.0158 | Eval Perf: 0.8031
[51, 100] Train Error: 0.0093 | Train Perf: 0.8849 | Eval Error: 0.0166 | Eval Perf: 0.7947
[52, 100] Train Error: 0.0092 | Train Perf: 0.8857 | Eval Error: 0.0156 | Eval Perf: 0.8041
[53, 100] Train Error: 0.009 | Train Perf: 0.8888 | Eval Error: 0.0165 | Eval Perf: 0.7958
[54, 100] Train Error: 0.0091 | Train Perf: 0.8867 | Eval Error: 0.0164 | Eval Perf: 0.7959
[55, 100] Train Error: 0.0089 | Train Perf: 0.8895 | Eval Error: 0.0161 | Eval Perf: 0.8002
[56, 100] Train Error: 0.0088 | Train Perf: 0.8915 | Eval Error: 0.0166 | Eval Perf: 0.7955
[57, 100] Train Error: 0.0086 | Train Perf: 0.8931 | Eval Error: 0.0164 | Eval Perf: 0.7969
[58, 100] Train Error: 0.0086 | Train Perf: 0.8944 | Eval Error: 0.0165 | Eval Perf: 0.7932
[59, 100] Train Error: 0.0085 | Train Perf: 0.8946 | Eval Error: 0.0168 | Eval Perf: 0.7904
[60, 100] Train Error: 0.0083 | Train Perf: 0.8977 | Eval Error: 0.018 | Eval Perf: 0.7855
[61, 100] Train Error: 0.0083 | Train Perf: 0.898 | Eval Error: 0.017 | Eval Perf: 0.7891
[62, 100] Train Error: 0.0083 | Train Perf: 0.8976 | Eval Error: 0.0174 | Eval Perf: 0.7876
[63, 100] Train Error: 0.0082 | Train Perf: 0.8995 | Eval Error: 0.0176 | Eval Perf: 0.7869
[64, 100] Train Error: 0.0082 | Train Perf: 0.8991 | Eval Error: 0.0177 | Eval Perf: 0.786
[65, 100] Train Error: 0.008 | Train Perf: 0.902 | Eval Error: 0.019 | Eval Perf: 0.7767
[66, 100] Train Error: 0.0079 | Train Perf: 0.9025 | Eval Error: 0.0176 | Eval Perf: 0.7845
[67, 100] Train Error: 0.0079 | Train Perf: 0.9031 | Eval Error: 0.0176 | Eval Perf: 0.784
[68, 100] Train Error: 0.0077 | Train Perf: 0.9055 | Eval Error: 0.0194 | Eval Perf: 0.7742
[69, 100] Train Error: 0.0078 | Train Perf: 0.9044 | Eval Error: 0.0185 | Eval Perf: 0.7751
[70, 100] Train Error: 0.0076 | Train Perf: 0.9073 | Eval Error: 0.0183 | Eval Perf: 0.7775
[71, 100] Train Error: 0.0075 | Train Perf: 0.9076 | Eval Error: 0.0183 | Eval Perf: 0.7784
[72, 100] Train Error: 0.0076 | Train Perf: 0.9068 | Eval Error: 0.0191 | Eval Perf: 0.7733
[73, 100] Train Error: 0.0075 | Train Perf: 0.9077 | Eval Error: 0.0189 | Eval Perf: 0.7699
[74, 100] Train Error: 0.0073 | Train Perf: 0.9111 | Eval Error: 0.019 | Eval Perf: 0.7693
[75, 100] Train Error: 0.0073 | Train Perf: 0.9103 | Eval Error: 0.0195 | Eval Perf: 0.7683
[76, 100] Train Error: 0.0072 | Train Perf: 0.9124 | Eval Error: 0.0192 | Eval Perf: 0.7708
[77, 100] Train Error: 0.0072 | Train Perf: 0.9119 | Eval Error: 0.0193 | Eval Perf: 0.7662
[78, 100] Train Error: 0.0071 | Train Perf: 0.9129 | Eval Error: 0.0196 | Eval Perf: 0.7646
[79, 100] Train Error: 0.0071 | Train Perf: 0.9134 | Eval Error: 0.0201 | Eval Perf: 0.7614
[80, 100] Train Error: 0.0071 | Train Perf: 0.9135 | Eval Error: 0.0202 | Eval Perf: 0.7576
[81, 100] Train Error: 0.007 | Train Perf: 0.9148 | Eval Error: 0.0204 | Eval Perf: 0.7576
[82, 100] Train Error: 0.0069 | Train Perf: 0.9161 | Eval Error: 0.0205 | Eval Perf: 0.7563
[83, 100] Train Error: 0.0069 | Train Perf: 0.9159 | Eval Error: 0.0212 | Eval Perf: 0.752
[84, 100] Train Error: 0.0067 | Train Perf: 0.9182 | Eval Error: 0.0206 | Eval Perf: 0.7581
[85, 100] Train Error: 0.0068 | Train Perf: 0.9176 | Eval Error: 0.0207 | Eval Perf: 0.7545
[86, 100] Train Error: 0.0067 | Train Perf: 0.9183 | Eval Error: 0.0214 | Eval Perf: 0.7495
[87, 100] Train Error: 0.0066 | Train Perf: 0.9193 | Eval Error: 0.0207 | Eval Perf: 0.756
[88, 100] Train Error: 0.0066 | Train Perf: 0.9194 | Eval Error: 0.0216 | Eval Perf: 0.7493
[89, 100] Train Error: 0.0066 | Train Perf: 0.9201 | Eval Error: 0.0243 | Eval Perf: 0.7406
[90, 100] Train Error: 0.0066 | Train Perf: 0.9195 | Eval Error: 0.0226 | Eval Perf: 0.7435
[91, 100] Train Error: 0.0064 | Train Perf: 0.9219 | Eval Error: 0.0217 | Eval Perf: 0.7419
[92, 100] Train Error: 0.0065 | Train Perf: 0.9211 | Eval Error: 0.0223 | Eval Perf: 0.7408
[93, 100] Train Error: 0.0063 | Train Perf: 0.9231 | Eval Error: 0.0215 | Eval Perf: 0.7472
[94, 100] Train Error: 0.0064 | Train Perf: 0.9218 | Eval Error: 0.0215 | Eval Perf: 0.7484
[95, 100] Train Error: 0.0063 | Train Perf: 0.9241 | Eval Error: 0.022 | Eval Perf: 0.7419
[96, 100] Train Error: 0.0063 | Train Perf: 0.9234 | Eval Error: 0.0224 | Eval Perf: 0.7394
[97, 100] Train Error: 0.0063 | Train Perf: 0.9238 | Eval Error: 0.0222 | Eval Perf: 0.7399
[98, 100] Train Error: 0.0062 | Train Perf: 0.9251 | Eval Error: 0.0223 | Eval Perf: 0.7394
[99, 100] Train Error: 0.0062 | Train Perf: 0.9253 | Eval Error: 0.0225 | Eval Perf: 0.7413
[100, 100] Train Error: 0.0061 | Train Perf: 0.9257 | Eval Error: 0.0224 | Eval Perf: 0.7413
