NETWORK SUMMARY
---------------
Input Layer shape: (1, 180)
Hidden Layer shape: (181, 5)
Output layer shape: (6, 1)
Total parameters: 911

[1, 100] Train Error: 0.0345 | Train Perf: 0.4775 | Eval Error: 0.0203 | Eval Perf: 0.7405
[2, 100] Train Error: 0.0182 | Train Perf: 0.7693 | Eval Error: 0.0193 | Eval Perf: 0.778
[3, 100] Train Error: 0.0166 | Train Perf: 0.794 | Eval Error: 0.0186 | Eval Perf: 0.7744
[4, 100] Train Error: 0.0149 | Train Perf: 0.8169 | Eval Error: 0.0184 | Eval Perf: 0.7736
[5, 100] Train Error: 0.0145 | Train Perf: 0.8221 | Eval Error: 0.0182 | Eval Perf: 0.7767
[6, 100] Train Error: 0.0139 | Train Perf: 0.8299 | Eval Error: 0.0191 | Eval Perf: 0.7734
[7, 100] Train Error: 0.0135 | Train Perf: 0.8359 | Eval Error: 0.0181 | Eval Perf: 0.7799
[8, 100] Train Error: 0.0132 | Train Perf: 0.8405 | Eval Error: 0.0173 | Eval Perf: 0.7849
[9, 100] Train Error: 0.0128 | Train Perf: 0.8452 | Eval Error: 0.0194 | Eval Perf: 0.7789
[10, 100] Train Error: 0.0125 | Train Perf: 0.8488 | Eval Error: 0.0176 | Eval Perf: 0.788
[11, 100] Train Error: 0.0122 | Train Perf: 0.8532 | Eval Error: 0.0181 | Eval Perf: 0.789
[12, 100] Train Error: 0.0121 | Train Perf: 0.8543 | Eval Error: 0.018 | Eval Perf: 0.7856
[13, 100] Train Error: 0.0117 | Train Perf: 0.8598 | Eval Error: 0.0177 | Eval Perf: 0.7869
[14, 100] Train Error: 0.0114 | Train Perf: 0.863 | Eval Error: 0.0177 | Eval Perf: 0.7855
[15, 100] Train Error: 0.0112 | Train Perf: 0.8654 | Eval Error: 0.0183 | Eval Perf: 0.784
[16, 100] Train Error: 0.0108 | Train Perf: 0.8704 | Eval Error: 0.0181 | Eval Perf: 0.7856
[17, 100] Train Error: 0.0106 | Train Perf: 0.8732 | Eval Error: 0.0181 | Eval Perf: 0.7841
[18, 100] Train Error: 0.0105 | Train Perf: 0.8753 | Eval Error: 0.0185 | Eval Perf: 0.7852
[19, 100] Train Error: 0.0102 | Train Perf: 0.8792 | Eval Error: 0.0185 | Eval Perf: 0.7821
[20, 100] Train Error: 0.0099 | Train Perf: 0.8824 | Eval Error: 0.0188 | Eval Perf: 0.7824
[21, 100] Train Error: 0.0097 | Train Perf: 0.8849 | Eval Error: 0.0179 | Eval Perf: 0.7859
[22, 100] Train Error: 0.0095 | Train Perf: 0.887 | Eval Error: 0.0196 | Eval Perf: 0.7795
[23, 100] Train Error: 0.0092 | Train Perf: 0.8921 | Eval Error: 0.0189 | Eval Perf: 0.7866
[24, 100] Train Error: 0.0091 | Train Perf: 0.8922 | Eval Error: 0.019 | Eval Perf: 0.7801
[25, 100] Train Error: 0.0089 | Train Perf: 0.8955 | Eval Error: 0.0203 | Eval Perf: 0.7749
[26, 100] Train Error: 0.0088 | Train Perf: 0.8969 | Eval Error: 0.0214 | Eval Perf: 0.7768
[27, 100] Train Error: 0.0086 | Train Perf: 0.8993 | Eval Error: 0.0186 | Eval Perf: 0.7838
[28, 100] Train Error: 0.0083 | Train Perf: 0.902 | Eval Error: 0.0192 | Eval Perf: 0.7835
[29, 100] Train Error: 0.0082 | Train Perf: 0.9034 | Eval Error: 0.0188 | Eval Perf: 0.782
[30, 100] Train Error: 0.008 | Train Perf: 0.9059 | Eval Error: 0.0181 | Eval Perf: 0.7874
[31, 100] Train Error: 0.0079 | Train Perf: 0.9072 | Eval Error: 0.0185 | Eval Perf: 0.7854
[32, 100] Train Error: 0.0077 | Train Perf: 0.9102 | Eval Error: 0.0191 | Eval Perf: 0.7832
[33, 100] Train Error: 0.0077 | Train Perf: 0.9101 | Eval Error: 0.0197 | Eval Perf: 0.7768
[34, 100] Train Error: 0.0076 | Train Perf: 0.9115 | Eval Error: 0.0189 | Eval Perf: 0.7796
[35, 100] Train Error: 0.0074 | Train Perf: 0.9134 | Eval Error: 0.0201 | Eval Perf: 0.7764
[36, 100] Train Error: 0.0074 | Train Perf: 0.9143 | Eval Error: 0.0198 | Eval Perf: 0.7768
[37, 100] Train Error: 0.0071 | Train Perf: 0.9169 | Eval Error: 0.0193 | Eval Perf: 0.7806
[38, 100] Train Error: 0.0072 | Train Perf: 0.9164 | Eval Error: 0.0198 | Eval Perf: 0.7741
[39, 100] Train Error: 0.007 | Train Perf: 0.9182 | Eval Error: 0.02 | Eval Perf: 0.7795
[40, 100] Train Error: 0.007 | Train Perf: 0.9187 | Eval Error: 0.0204 | Eval Perf: 0.773
[41, 100] Train Error: 0.0069 | Train Perf: 0.9196 | Eval Error: 0.0194 | Eval Perf: 0.7775
[42, 100] Train Error: 0.0068 | Train Perf: 0.921 | Eval Error: 0.0194 | Eval Perf: 0.776
[43, 100] Train Error: 0.0066 | Train Perf: 0.9231 | Eval Error: 0.0198 | Eval Perf: 0.775
[44, 100] Train Error: 0.0066 | Train Perf: 0.9235 | Eval Error: 0.0203 | Eval Perf: 0.7692
[45, 100] Train Error: 0.0066 | Train Perf: 0.9232 | Eval Error: 0.0203 | Eval Perf: 0.7703
[46, 100] Train Error: 0.0065 | Train Perf: 0.9252 | Eval Error: 0.0205 | Eval Perf: 0.7679
[47, 100] Train Error: 0.0065 | Train Perf: 0.925 | Eval Error: 0.0203 | Eval Perf: 0.7744
[48, 100] Train Error: 0.0064 | Train Perf: 0.9264 | Eval Error: 0.0205 | Eval Perf: 0.7746
[49, 100] Train Error: 0.0062 | Train Perf: 0.9281 | Eval Error: 0.0204 | Eval Perf: 0.7693
[50, 100] Train Error: 0.006 | Train Perf: 0.9302 | Eval Error: 0.0217 | Eval Perf: 0.7656
[51, 100] Train Error: 0.0061 | Train Perf: 0.9301 | Eval Error: 0.0209 | Eval Perf: 0.7661
[52, 100] Train Error: 0.006 | Train Perf: 0.93 | Eval Error: 0.0211 | Eval Perf: 0.7646
[53, 100] Train Error: 0.0058 | Train Perf: 0.9325 | Eval Error: 0.0222 | Eval Perf: 0.7527
[54, 100] Train Error: 0.0058 | Train Perf: 0.9325 | Eval Error: 0.0231 | Eval Perf: 0.7542
[55, 100] Train Error: 0.0057 | Train Perf: 0.9339 | Eval Error: 0.0219 | Eval Perf: 0.7554
[56, 100] Train Error: 0.0056 | Train Perf: 0.9353 | Eval Error: 0.0222 | Eval Perf: 0.7539
[57, 100] Train Error: 0.0055 | Train Perf: 0.9362 | Eval Error: 0.0223 | Eval Perf: 0.7528
[58, 100] Train Error: 0.0055 | Train Perf: 0.9368 | Eval Error: 0.0229 | Eval Perf: 0.7522
[59, 100] Train Error: 0.0054 | Train Perf: 0.938 | Eval Error: 0.0232 | Eval Perf: 0.752
[60, 100] Train Error: 0.0053 | Train Perf: 0.9386 | Eval Error: 0.0223 | Eval Perf: 0.7551
[61, 100] Train Error: 0.0052 | Train Perf: 0.9404 | Eval Error: 0.0248 | Eval Perf: 0.7434
[62, 100] Train Error: 0.0051 | Train Perf: 0.941 | Eval Error: 0.0232 | Eval Perf: 0.7466
[63, 100] Train Error: 0.0051 | Train Perf: 0.9416 | Eval Error: 0.0229 | Eval Perf: 0.7473
[64, 100] Train Error: 0.005 | Train Perf: 0.943 | Eval Error: 0.0237 | Eval Perf: 0.7424
[65, 100] Train Error: 0.005 | Train Perf: 0.943 | Eval Error: 0.0237 | Eval Perf: 0.7392
[66, 100] Train Error: 0.0049 | Train Perf: 0.9442 | Eval Error: 0.0239 | Eval Perf: 0.7407
[67, 100] Train Error: 0.0048 | Train Perf: 0.9445 | Eval Error: 0.0238 | Eval Perf: 0.7386
[68, 100] Train Error: 0.0047 | Train Perf: 0.946 | Eval Error: 0.024 | Eval Perf: 0.7404
[69, 100] Train Error: 0.0047 | Train Perf: 0.9465 | Eval Error: 0.0248 | Eval Perf: 0.7331
[70, 100] Train Error: 0.0046 | Train Perf: 0.9478 | Eval Error: 0.0243 | Eval Perf: 0.7323
[71, 100] Train Error: 0.0046 | Train Perf: 0.9475 | Eval Error: 0.0248 | Eval Perf: 0.7302
[72, 100] Train Error: 0.0045 | Train Perf: 0.9486 | Eval Error: 0.0252 | Eval Perf: 0.7262
[73, 100] Train Error: 0.0045 | Train Perf: 0.9485 | Eval Error: 0.0252 | Eval Perf: 0.7307
[74, 100] Train Error: 0.0043 | Train Perf: 0.9503 | Eval Error: 0.0256 | Eval Perf: 0.7238
[75, 100] Train Error: 0.0044 | Train Perf: 0.9503 | Eval Error: 0.0253 | Eval Perf: 0.7197
[76, 100] Train Error: 0.0043 | Train Perf: 0.9506 | Eval Error: 0.0258 | Eval Perf: 0.7186
[77, 100] Train Error: 0.0042 | Train Perf: 0.9518 | Eval Error: 0.0261 | Eval Perf: 0.7218
[78, 100] Train Error: 0.0043 | Train Perf: 0.9512 | Eval Error: 0.0259 | Eval Perf: 0.718
[79, 100] Train Error: 0.0042 | Train Perf: 0.952 | Eval Error: 0.0261 | Eval Perf: 0.7158
[80, 100] Train Error: 0.0041 | Train Perf: 0.9526 | Eval Error: 0.0266 | Eval Perf: 0.7145
[81, 100] Train Error: 0.0041 | Train Perf: 0.953 | Eval Error: 0.0262 | Eval Perf: 0.7172
[82, 100] Train Error: 0.0041 | Train Perf: 0.9533 | Eval Error: 0.0266 | Eval Perf: 0.7131
[83, 100] Train Error: 0.004 | Train Perf: 0.9547 | Eval Error: 0.0268 | Eval Perf: 0.7112
[84, 100] Train Error: 0.0039 | Train Perf: 0.9552 | Eval Error: 0.0264 | Eval Perf: 0.7084
[85, 100] Train Error: 0.004 | Train Perf: 0.9548 | Eval Error: 0.0283 | Eval Perf: 0.707
[86, 100] Train Error: 0.0039 | Train Perf: 0.9559 | Eval Error: 0.027 | Eval Perf: 0.7121
[87, 100] Train Error: 0.0039 | Train Perf: 0.9558 | Eval Error: 0.0273 | Eval Perf: 0.7059
[88, 100] Train Error: 0.0038 | Train Perf: 0.9564 | Eval Error: 0.0274 | Eval Perf: 0.7072
[89, 100] Train Error: 0.0038 | Train Perf: 0.9566 | Eval Error: 0.0271 | Eval Perf: 0.7101
[90, 100] Train Error: 0.0038 | Train Perf: 0.9569 | Eval Error: 0.0271 | Eval Perf: 0.7065
[91, 100] Train Error: 0.0038 | Train Perf: 0.9572 | Eval Error: 0.0281 | Eval Perf: 0.7039
[92, 100] Train Error: 0.0037 | Train Perf: 0.9579 | Eval Error: 0.0283 | Eval Perf: 0.7087
[93, 100] Train Error: 0.0037 | Train Perf: 0.9579 | Eval Error: 0.0274 | Eval Perf: 0.7014
[94, 100] Train Error: 0.0037 | Train Perf: 0.9581 | Eval Error: 0.0278 | Eval Perf: 0.7068
[95, 100] Train Error: 0.0036 | Train Perf: 0.9584 | Eval Error: 0.0274 | Eval Perf: 0.7061
[96, 100] Train Error: 0.0036 | Train Perf: 0.9591 | Eval Error: 0.0282 | Eval Perf: 0.6993
[97, 100] Train Error: 0.0036 | Train Perf: 0.9592 | Eval Error: 0.0282 | Eval Perf: 0.7041
[98, 100] Train Error: 0.0035 | Train Perf: 0.96 | Eval Error: 0.0284 | Eval Perf: 0.7027
[99, 100] Train Error: 0.0035 | Train Perf: 0.9605 | Eval Error: 0.0282 | Eval Perf: 0.701
[100, 100] Train Error: 0.0035 | Train Perf: 0.9601 | Eval Error: 0.0286 | Eval Perf: 0.6921
