NETWORK SUMMARY
---------------
Input Layer shape: (1, 180)
Hidden Layer shape: (181, 3)
Output layer shape: (4, 1)
Total parameters: 547

[1, 100] Train Error: 0.0226 | Train Perf: 0.4054 | Eval Error: 0.0179 | Eval Perf: 0.5789
[2, 100] Train Error: 0.0164 | Train Perf: 0.6266 | Eval Error: 0.0152 | Eval Perf: 0.6577
[3, 100] Train Error: 0.0143 | Train Perf: 0.6877 | Eval Error: 0.0136 | Eval Perf: 0.7054
[4, 100] Train Error: 0.0126 | Train Perf: 0.73 | Eval Error: 0.0144 | Eval Perf: 0.68
[5, 100] Train Error: 0.0118 | Train Perf: 0.7499 | Eval Error: 0.0148 | Eval Perf: 0.7068
[6, 100] Train Error: 0.0116 | Train Perf: 0.7564 | Eval Error: 0.0131 | Eval Perf: 0.7211
[7, 100] Train Error: 0.0112 | Train Perf: 0.767 | Eval Error: 0.0149 | Eval Perf: 0.6708
[8, 100] Train Error: 0.0104 | Train Perf: 0.7842 | Eval Error: 0.0155 | Eval Perf: 0.6919
[9, 100] Train Error: 0.0103 | Train Perf: 0.7878 | Eval Error: 0.0147 | Eval Perf: 0.7129
[10, 100] Train Error: 0.0097 | Train Perf: 0.8009 | Eval Error: 0.0138 | Eval Perf: 0.7029
[11, 100] Train Error: 0.0095 | Train Perf: 0.8066 | Eval Error: 0.0155 | Eval Perf: 0.7114
[12, 100] Train Error: 0.0096 | Train Perf: 0.8044 | Eval Error: 0.0138 | Eval Perf: 0.7023
[13, 100] Train Error: 0.0088 | Train Perf: 0.8222 | Eval Error: 0.0147 | Eval Perf: 0.6896
[14, 100] Train Error: 0.0088 | Train Perf: 0.8226 | Eval Error: 0.0133 | Eval Perf: 0.7197
[15, 100] Train Error: 0.0085 | Train Perf: 0.8287 | Eval Error: 0.0129 | Eval Perf: 0.7232
[16, 100] Train Error: 0.0084 | Train Perf: 0.8318 | Eval Error: 0.0126 | Eval Perf: 0.7367
[17, 100] Train Error: 0.0082 | Train Perf: 0.8358 | Eval Error: 0.0152 | Eval Perf: 0.6805
[18, 100] Train Error: 0.0077 | Train Perf: 0.846 | Eval Error: 0.0141 | Eval Perf: 0.7103
[19, 100] Train Error: 0.0076 | Train Perf: 0.8481 | Eval Error: 0.0146 | Eval Perf: 0.7021
[20, 100] Train Error: 0.0077 | Train Perf: 0.8462 | Eval Error: 0.0161 | Eval Perf: 0.6696
[21, 100] Train Error: 0.0076 | Train Perf: 0.8486 | Eval Error: 0.0147 | Eval Perf: 0.7004
[22, 100] Train Error: 0.0073 | Train Perf: 0.8542 | Eval Error: 0.0147 | Eval Perf: 0.705
[23, 100] Train Error: 0.0074 | Train Perf: 0.8524 | Eval Error: 0.0141 | Eval Perf: 0.705
[24, 100] Train Error: 0.0071 | Train Perf: 0.8602 | Eval Error: 0.0144 | Eval Perf: 0.703
[25, 100] Train Error: 0.007 | Train Perf: 0.8621 | Eval Error: 0.0157 | Eval Perf: 0.6923
[26, 100] Train Error: 0.007 | Train Perf: 0.8621 | Eval Error: 0.0146 | Eval Perf: 0.6995
[27, 100] Train Error: 0.0069 | Train Perf: 0.8646 | Eval Error: 0.0149 | Eval Perf: 0.6876
[28, 100] Train Error: 0.0068 | Train Perf: 0.8666 | Eval Error: 0.0146 | Eval Perf: 0.6946
[29, 100] Train Error: 0.0067 | Train Perf: 0.8678 | Eval Error: 0.0143 | Eval Perf: 0.6992
[30, 100] Train Error: 0.0066 | Train Perf: 0.8694 | Eval Error: 0.0151 | Eval Perf: 0.6936
[31, 100] Train Error: 0.0064 | Train Perf: 0.8737 | Eval Error: 0.0148 | Eval Perf: 0.6876
[32, 100] Train Error: 0.0066 | Train Perf: 0.8702 | Eval Error: 0.0152 | Eval Perf: 0.673
[33, 100] Train Error: 0.0064 | Train Perf: 0.8747 | Eval Error: 0.0152 | Eval Perf: 0.6848
[34, 100] Train Error: 0.0063 | Train Perf: 0.8768 | Eval Error: 0.0153 | Eval Perf: 0.6845
[35, 100] Train Error: 0.0063 | Train Perf: 0.8755 | Eval Error: 0.0146 | Eval Perf: 0.6938
[36, 100] Train Error: 0.0062 | Train Perf: 0.8791 | Eval Error: 0.0168 | Eval Perf: 0.6801
[37, 100] Train Error: 0.0063 | Train Perf: 0.8763 | Eval Error: 0.0147 | Eval Perf: 0.6908
[38, 100] Train Error: 0.006 | Train Perf: 0.8824 | Eval Error: 0.0165 | Eval Perf: 0.6822
[39, 100] Train Error: 0.006 | Train Perf: 0.8818 | Eval Error: 0.0154 | Eval Perf: 0.6796
[40, 100] Train Error: 0.0059 | Train Perf: 0.8847 | Eval Error: 0.0148 | Eval Perf: 0.6969
[41, 100] Train Error: 0.0062 | Train Perf: 0.8794 | Eval Error: 0.0157 | Eval Perf: 0.6812
[42, 100] Train Error: 0.006 | Train Perf: 0.8833 | Eval Error: 0.0153 | Eval Perf: 0.6752
[43, 100] Train Error: 0.0059 | Train Perf: 0.8852 | Eval Error: 0.0156 | Eval Perf: 0.6765
[44, 100] Train Error: 0.0059 | Train Perf: 0.8854 | Eval Error: 0.0154 | Eval Perf: 0.6759
[45, 100] Train Error: 0.0058 | Train Perf: 0.8868 | Eval Error: 0.0155 | Eval Perf: 0.6797
[46, 100] Train Error: 0.0058 | Train Perf: 0.8882 | Eval Error: 0.016 | Eval Perf: 0.6755
[47, 100] Train Error: 0.0056 | Train Perf: 0.8898 | Eval Error: 0.0165 | Eval Perf: 0.677
[48, 100] Train Error: 0.0056 | Train Perf: 0.8907 | Eval Error: 0.0152 | Eval Perf: 0.6821
[49, 100] Train Error: 0.0056 | Train Perf: 0.8903 | Eval Error: 0.0165 | Eval Perf: 0.6627
[50, 100] Train Error: 0.0055 | Train Perf: 0.894 | Eval Error: 0.0176 | Eval Perf: 0.6655
[51, 100] Train Error: 0.0054 | Train Perf: 0.8946 | Eval Error: 0.0161 | Eval Perf: 0.6707
[52, 100] Train Error: 0.0055 | Train Perf: 0.8934 | Eval Error: 0.0163 | Eval Perf: 0.6613
[53, 100] Train Error: 0.0055 | Train Perf: 0.8933 | Eval Error: 0.0161 | Eval Perf: 0.6616
[54, 100] Train Error: 0.0054 | Train Perf: 0.8946 | Eval Error: 0.0159 | Eval Perf: 0.6673
[55, 100] Train Error: 0.0054 | Train Perf: 0.8951 | Eval Error: 0.0171 | Eval Perf: 0.6458
[56, 100] Train Error: 0.0054 | Train Perf: 0.8951 | Eval Error: 0.0163 | Eval Perf: 0.6594
[57, 100] Train Error: 0.0054 | Train Perf: 0.8948 | Eval Error: 0.0166 | Eval Perf: 0.6574
[58, 100] Train Error: 0.0053 | Train Perf: 0.8978 | Eval Error: 0.0181 | Eval Perf: 0.6603
[59, 100] Train Error: 0.0052 | Train Perf: 0.8989 | Eval Error: 0.0179 | Eval Perf: 0.6595
[60, 100] Train Error: 0.0053 | Train Perf: 0.8963 | Eval Error: 0.0171 | Eval Perf: 0.6436
[61, 100] Train Error: 0.0052 | Train Perf: 0.8985 | Eval Error: 0.0171 | Eval Perf: 0.651
[62, 100] Train Error: 0.0052 | Train Perf: 0.8996 | Eval Error: 0.0166 | Eval Perf: 0.6547
[63, 100] Train Error: 0.0051 | Train Perf: 0.9005 | Eval Error: 0.0165 | Eval Perf: 0.6545
[64, 100] Train Error: 0.005 | Train Perf: 0.903 | Eval Error: 0.0165 | Eval Perf: 0.6569
[65, 100] Train Error: 0.005 | Train Perf: 0.9024 | Eval Error: 0.0167 | Eval Perf: 0.6553
[66, 100] Train Error: 0.0051 | Train Perf: 0.9015 | Eval Error: 0.0164 | Eval Perf: 0.6651
[67, 100] Train Error: 0.005 | Train Perf: 0.9036 | Eval Error: 0.0178 | Eval Perf: 0.6279
[68, 100] Train Error: 0.005 | Train Perf: 0.9043 | Eval Error: 0.0173 | Eval Perf: 0.6433
[69, 100] Train Error: 0.005 | Train Perf: 0.9028 | Eval Error: 0.0162 | Eval Perf: 0.6656
[70, 100] Train Error: 0.0048 | Train Perf: 0.9072 | Eval Error: 0.0169 | Eval Perf: 0.6559
[71, 100] Train Error: 0.0049 | Train Perf: 0.906 | Eval Error: 0.0173 | Eval Perf: 0.6346
[72, 100] Train Error: 0.0047 | Train Perf: 0.9098 | Eval Error: 0.0173 | Eval Perf: 0.6463
[73, 100] Train Error: 0.0048 | Train Perf: 0.9064 | Eval Error: 0.0171 | Eval Perf: 0.6424
[74, 100] Train Error: 0.0049 | Train Perf: 0.9059 | Eval Error: 0.0179 | Eval Perf: 0.633
[75, 100] Train Error: 0.0048 | Train Perf: 0.9066 | Eval Error: 0.0177 | Eval Perf: 0.6302
[76, 100] Train Error: 0.0048 | Train Perf: 0.9069 | Eval Error: 0.0168 | Eval Perf: 0.6437
[77, 100] Train Error: 0.0048 | Train Perf: 0.9081 | Eval Error: 0.0182 | Eval Perf: 0.6463
[78, 100] Train Error: 0.0047 | Train Perf: 0.9088 | Eval Error: 0.0177 | Eval Perf: 0.6321
[79, 100] Train Error: 0.0047 | Train Perf: 0.91 | Eval Error: 0.0177 | Eval Perf: 0.6361
[80, 100] Train Error: 0.0047 | Train Perf: 0.9096 | Eval Error: 0.018 | Eval Perf: 0.6327
[81, 100] Train Error: 0.0047 | Train Perf: 0.9099 | Eval Error: 0.0178 | Eval Perf: 0.6353
[82, 100] Train Error: 0.0046 | Train Perf: 0.9119 | Eval Error: 0.0175 | Eval Perf: 0.6413
[83, 100] Train Error: 0.0046 | Train Perf: 0.9112 | Eval Error: 0.0174 | Eval Perf: 0.6361
[84, 100] Train Error: 0.0045 | Train Perf: 0.913 | Eval Error: 0.0173 | Eval Perf: 0.6467
[85, 100] Train Error: 0.0045 | Train Perf: 0.9128 | Eval Error: 0.0181 | Eval Perf: 0.6376
[86, 100] Train Error: 0.0046 | Train Perf: 0.912 | Eval Error: 0.0178 | Eval Perf: 0.6369
[87, 100] Train Error: 0.0045 | Train Perf: 0.9143 | Eval Error: 0.0182 | Eval Perf: 0.6342
[88, 100] Train Error: 0.0045 | Train Perf: 0.9143 | Eval Error: 0.0187 | Eval Perf: 0.6337
[89, 100] Train Error: 0.0045 | Train Perf: 0.913 | Eval Error: 0.019 | Eval Perf: 0.6138
[90, 100] Train Error: 0.0044 | Train Perf: 0.915 | Eval Error: 0.0175 | Eval Perf: 0.638
[91, 100] Train Error: 0.0044 | Train Perf: 0.9152 | Eval Error: 0.0181 | Eval Perf: 0.6316
[92, 100] Train Error: 0.0044 | Train Perf: 0.9157 | Eval Error: 0.0178 | Eval Perf: 0.6293
[93, 100] Train Error: 0.0045 | Train Perf: 0.9138 | Eval Error: 0.0185 | Eval Perf: 0.6214
[94, 100] Train Error: 0.0044 | Train Perf: 0.916 | Eval Error: 0.0187 | Eval Perf: 0.6347
[95, 100] Train Error: 0.0043 | Train Perf: 0.9169 | Eval Error: 0.018 | Eval Perf: 0.6317
[96, 100] Train Error: 0.0044 | Train Perf: 0.9164 | Eval Error: 0.0176 | Eval Perf: 0.639
[97, 100] Train Error: 0.0043 | Train Perf: 0.9174 | Eval Error: 0.0175 | Eval Perf: 0.6337
[98, 100] Train Error: 0.0043 | Train Perf: 0.9167 | Eval Error: 0.0179 | Eval Perf: 0.6295
[99, 100] Train Error: 0.0043 | Train Perf: 0.9167 | Eval Error: 0.0189 | Eval Perf: 0.6239
[100, 100] Train Error: 0.0042 | Train Perf: 0.9193 | Eval Error: 0.0182 | Eval Perf: 0.6196
