NETWORK SUMMARY
---------------
Input Layer shape: (1, 180)
Hidden Layer shape: (181, 2)
Output layer shape: (3, 1)
Total parameters: 365

[1, 100] Train Error: 0.0339 | Train Perf: 0.5535 | Eval Error: 0.0168 | Eval Perf: 0.8134
[2, 100] Train Error: 0.0145 | Train Perf: 0.8329 | Eval Error: 0.0139 | Eval Perf: 0.8411
[3, 100] Train Error: 0.0124 | Train Perf: 0.8582 | Eval Error: 0.0133 | Eval Perf: 0.854
[4, 100] Train Error: 0.0117 | Train Perf: 0.8667 | Eval Error: 0.0126 | Eval Perf: 0.8567
[5, 100] Train Error: 0.0116 | Train Perf: 0.8677 | Eval Error: 0.0123 | Eval Perf: 0.8599
[6, 100] Train Error: 0.0111 | Train Perf: 0.8734 | Eval Error: 0.0122 | Eval Perf: 0.8671
[7, 100] Train Error: 0.0109 | Train Perf: 0.8763 | Eval Error: 0.0124 | Eval Perf: 0.8589
[8, 100] Train Error: 0.0107 | Train Perf: 0.8786 | Eval Error: 0.0124 | Eval Perf: 0.8644
[9, 100] Train Error: 0.0105 | Train Perf: 0.881 | Eval Error: 0.0117 | Eval Perf: 0.8674
[10, 100] Train Error: 0.0103 | Train Perf: 0.8835 | Eval Error: 0.0118 | Eval Perf: 0.8659
[11, 100] Train Error: 0.0101 | Train Perf: 0.8857 | Eval Error: 0.012 | Eval Perf: 0.8646
[12, 100] Train Error: 0.01 | Train Perf: 0.8867 | Eval Error: 0.0117 | Eval Perf: 0.8671
[13, 100] Train Error: 0.0099 | Train Perf: 0.8883 | Eval Error: 0.0119 | Eval Perf: 0.8658
[14, 100] Train Error: 0.0098 | Train Perf: 0.8896 | Eval Error: 0.012 | Eval Perf: 0.8668
[15, 100] Train Error: 0.0098 | Train Perf: 0.8903 | Eval Error: 0.0119 | Eval Perf: 0.8681
[16, 100] Train Error: 0.0096 | Train Perf: 0.8917 | Eval Error: 0.0122 | Eval Perf: 0.8686
[17, 100] Train Error: 0.0095 | Train Perf: 0.8931 | Eval Error: 0.012 | Eval Perf: 0.8695
[18, 100] Train Error: 0.0095 | Train Perf: 0.8938 | Eval Error: 0.0117 | Eval Perf: 0.8685
[19, 100] Train Error: 0.0093 | Train Perf: 0.8951 | Eval Error: 0.012 | Eval Perf: 0.8655
[20, 100] Train Error: 0.0094 | Train Perf: 0.8948 | Eval Error: 0.0116 | Eval Perf: 0.8679
[21, 100] Train Error: 0.0093 | Train Perf: 0.8959 | Eval Error: 0.0118 | Eval Perf: 0.8681
[22, 100] Train Error: 0.0092 | Train Perf: 0.8962 | Eval Error: 0.0118 | Eval Perf: 0.8699
[23, 100] Train Error: 0.0092 | Train Perf: 0.8967 | Eval Error: 0.0115 | Eval Perf: 0.8696
[24, 100] Train Error: 0.0091 | Train Perf: 0.8977 | Eval Error: 0.0117 | Eval Perf: 0.868
[25, 100] Train Error: 0.0092 | Train Perf: 0.8972 | Eval Error: 0.0115 | Eval Perf: 0.8705
[26, 100] Train Error: 0.009 | Train Perf: 0.8985 | Eval Error: 0.0117 | Eval Perf: 0.8684
[27, 100] Train Error: 0.009 | Train Perf: 0.899 | Eval Error: 0.0126 | Eval Perf: 0.8613
[28, 100] Train Error: 0.009 | Train Perf: 0.8994 | Eval Error: 0.012 | Eval Perf: 0.8654
[29, 100] Train Error: 0.009 | Train Perf: 0.8992 | Eval Error: 0.0119 | Eval Perf: 0.8652
[30, 100] Train Error: 0.0089 | Train Perf: 0.8997 | Eval Error: 0.0119 | Eval Perf: 0.8649
[31, 100] Train Error: 0.0088 | Train Perf: 0.9015 | Eval Error: 0.0119 | Eval Perf: 0.8664
[32, 100] Train Error: 0.0089 | Train Perf: 0.9005 | Eval Error: 0.0118 | Eval Perf: 0.8671
[33, 100] Train Error: 0.0089 | Train Perf: 0.9007 | Eval Error: 0.0118 | Eval Perf: 0.8666
[34, 100] Train Error: 0.0088 | Train Perf: 0.901 | Eval Error: 0.0128 | Eval Perf: 0.8632
[35, 100] Train Error: 0.0088 | Train Perf: 0.9016 | Eval Error: 0.0124 | Eval Perf: 0.864
[36, 100] Train Error: 0.0088 | Train Perf: 0.9017 | Eval Error: 0.012 | Eval Perf: 0.8653
[37, 100] Train Error: 0.0088 | Train Perf: 0.9016 | Eval Error: 0.012 | Eval Perf: 0.8648
[38, 100] Train Error: 0.0088 | Train Perf: 0.9018 | Eval Error: 0.0123 | Eval Perf: 0.8635
[39, 100] Train Error: 0.0087 | Train Perf: 0.9031 | Eval Error: 0.012 | Eval Perf: 0.8645
[40, 100] Train Error: 0.0087 | Train Perf: 0.9028 | Eval Error: 0.0122 | Eval Perf: 0.864
[41, 100] Train Error: 0.0086 | Train Perf: 0.9037 | Eval Error: 0.0121 | Eval Perf: 0.864
[42, 100] Train Error: 0.0086 | Train Perf: 0.9031 | Eval Error: 0.0121 | Eval Perf: 0.8643
[43, 100] Train Error: 0.0087 | Train Perf: 0.9031 | Eval Error: 0.0123 | Eval Perf: 0.8623
[44, 100] Train Error: 0.0086 | Train Perf: 0.9036 | Eval Error: 0.0135 | Eval Perf: 0.8606
[45, 100] Train Error: 0.0086 | Train Perf: 0.9037 | Eval Error: 0.0129 | Eval Perf: 0.8622
[46, 100] Train Error: 0.0085 | Train Perf: 0.9049 | Eval Error: 0.0122 | Eval Perf: 0.8611
[47, 100] Train Error: 0.0087 | Train Perf: 0.9027 | Eval Error: 0.0123 | Eval Perf: 0.8602
[48, 100] Train Error: 0.0085 | Train Perf: 0.9046 | Eval Error: 0.0126 | Eval Perf: 0.8595
[49, 100] Train Error: 0.0086 | Train Perf: 0.9034 | Eval Error: 0.0123 | Eval Perf: 0.8607
[50, 100] Train Error: 0.0085 | Train Perf: 0.9043 | Eval Error: 0.0125 | Eval Perf: 0.8607
[51, 100] Train Error: 0.0085 | Train Perf: 0.905 | Eval Error: 0.013 | Eval Perf: 0.8588
[52, 100] Train Error: 0.0085 | Train Perf: 0.9047 | Eval Error: 0.0123 | Eval Perf: 0.8603
[53, 100] Train Error: 0.0085 | Train Perf: 0.9049 | Eval Error: 0.0122 | Eval Perf: 0.8621
[54, 100] Train Error: 0.0085 | Train Perf: 0.9052 | Eval Error: 0.0124 | Eval Perf: 0.8599
[55, 100] Train Error: 0.0084 | Train Perf: 0.9056 | Eval Error: 0.0131 | Eval Perf: 0.8581
[56, 100] Train Error: 0.0085 | Train Perf: 0.9054 | Eval Error: 0.0127 | Eval Perf: 0.8586
[57, 100] Train Error: 0.0084 | Train Perf: 0.9057 | Eval Error: 0.0123 | Eval Perf: 0.8605
[58, 100] Train Error: 0.0084 | Train Perf: 0.9062 | Eval Error: 0.0124 | Eval Perf: 0.8604
[59, 100] Train Error: 0.0084 | Train Perf: 0.9065 | Eval Error: 0.0142 | Eval Perf: 0.855
[60, 100] Train Error: 0.0084 | Train Perf: 0.9056 | Eval Error: 0.0126 | Eval Perf: 0.8599
[61, 100] Train Error: 0.0084 | Train Perf: 0.9064 | Eval Error: 0.0128 | Eval Perf: 0.8583
[62, 100] Train Error: 0.0084 | Train Perf: 0.906 | Eval Error: 0.0125 | Eval Perf: 0.8591
[63, 100] Train Error: 0.0084 | Train Perf: 0.9056 | Eval Error: 0.0126 | Eval Perf: 0.8595
[64, 100] Train Error: 0.0084 | Train Perf: 0.9066 | Eval Error: 0.0124 | Eval Perf: 0.8602
[65, 100] Train Error: 0.0084 | Train Perf: 0.9062 | Eval Error: 0.0125 | Eval Perf: 0.8579
[66, 100] Train Error: 0.0084 | Train Perf: 0.9062 | Eval Error: 0.0126 | Eval Perf: 0.8563
[67, 100] Train Error: 0.0083 | Train Perf: 0.907 | Eval Error: 0.0126 | Eval Perf: 0.8576
[68, 100] Train Error: 0.0084 | Train Perf: 0.9065 | Eval Error: 0.0127 | Eval Perf: 0.8569
[69, 100] Train Error: 0.0084 | Train Perf: 0.9066 | Eval Error: 0.0125 | Eval Perf: 0.8601
[70, 100] Train Error: 0.0084 | Train Perf: 0.9066 | Eval Error: 0.0126 | Eval Perf: 0.857
[71, 100] Train Error: 0.0083 | Train Perf: 0.9069 | Eval Error: 0.0125 | Eval Perf: 0.8581
[72, 100] Train Error: 0.0083 | Train Perf: 0.907 | Eval Error: 0.0126 | Eval Perf: 0.8569
[73, 100] Train Error: 0.0082 | Train Perf: 0.908 | Eval Error: 0.0125 | Eval Perf: 0.8583
[74, 100] Train Error: 0.0082 | Train Perf: 0.9079 | Eval Error: 0.0126 | Eval Perf: 0.8567
[75, 100] Train Error: 0.0082 | Train Perf: 0.9081 | Eval Error: 0.0126 | Eval Perf: 0.8575
[76, 100] Train Error: 0.0083 | Train Perf: 0.9074 | Eval Error: 0.0126 | Eval Perf: 0.8562
[77, 100] Train Error: 0.0082 | Train Perf: 0.9079 | Eval Error: 0.0127 | Eval Perf: 0.8561
[78, 100] Train Error: 0.0083 | Train Perf: 0.9077 | Eval Error: 0.0128 | Eval Perf: 0.8561
[79, 100] Train Error: 0.0083 | Train Perf: 0.9077 | Eval Error: 0.0131 | Eval Perf: 0.8566
[80, 100] Train Error: 0.0083 | Train Perf: 0.9076 | Eval Error: 0.0127 | Eval Perf: 0.8564
[81, 100] Train Error: 0.0082 | Train Perf: 0.9082 | Eval Error: 0.0129 | Eval Perf: 0.8571
[82, 100] Train Error: 0.0082 | Train Perf: 0.9083 | Eval Error: 0.0128 | Eval Perf: 0.8551
[83, 100] Train Error: 0.0083 | Train Perf: 0.9079 | Eval Error: 0.013 | Eval Perf: 0.8549
[84, 100] Train Error: 0.0083 | Train Perf: 0.9075 | Eval Error: 0.0128 | Eval Perf: 0.8563
[85, 100] Train Error: 0.0083 | Train Perf: 0.9076 | Eval Error: 0.0128 | Eval Perf: 0.857
[86, 100] Train Error: 0.0081 | Train Perf: 0.9092 | Eval Error: 0.0128 | Eval Perf: 0.8546
[87, 100] Train Error: 0.0082 | Train Perf: 0.908 | Eval Error: 0.0127 | Eval Perf: 0.856
[88, 100] Train Error: 0.0081 | Train Perf: 0.909 | Eval Error: 0.0128 | Eval Perf: 0.8562
[89, 100] Train Error: 0.0082 | Train Perf: 0.9081 | Eval Error: 0.0128 | Eval Perf: 0.8563
[90, 100] Train Error: 0.0082 | Train Perf: 0.9089 | Eval Error: 0.0129 | Eval Perf: 0.8544
[91, 100] Train Error: 0.0081 | Train Perf: 0.909 | Eval Error: 0.0129 | Eval Perf: 0.8562
[92, 100] Train Error: 0.0082 | Train Perf: 0.909 | Eval Error: 0.0128 | Eval Perf: 0.8552
[93, 100] Train Error: 0.0082 | Train Perf: 0.9088 | Eval Error: 0.0131 | Eval Perf: 0.8551
[94, 100] Train Error: 0.0081 | Train Perf: 0.9093 | Eval Error: 0.013 | Eval Perf: 0.8548
[95, 100] Train Error: 0.0081 | Train Perf: 0.9091 | Eval Error: 0.0129 | Eval Perf: 0.8548
[96, 100] Train Error: 0.0081 | Train Perf: 0.9096 | Eval Error: 0.0128 | Eval Perf: 0.8553
[97, 100] Train Error: 0.0082 | Train Perf: 0.9088 | Eval Error: 0.0129 | Eval Perf: 0.8536
[98, 100] Train Error: 0.0081 | Train Perf: 0.9093 | Eval Error: 0.0129 | Eval Perf: 0.8528
[99, 100] Train Error: 0.0081 | Train Perf: 0.91 | Eval Error: 0.013 | Eval Perf: 0.8545
[100, 100] Train Error: 0.0081 | Train Perf: 0.9097 | Eval Error: 0.0131 | Eval Perf: 0.8516
