NETWORK SUMMARY
---------------
Input Layer shape: (1, 180)
Hidden Layer shape: (181, 5)
Output layer shape: (6, 1)
Total parameters: 911

[1, 100] Train Error: 0.0307 | Train Perf: 0.5162 | Eval Error: 0.0226 | Eval Perf: 0.6929
[2, 100] Train Error: 0.02 | Train Perf: 0.7215 | Eval Error: 0.0201 | Eval Perf: 0.7224
[3, 100] Train Error: 0.0179 | Train Perf: 0.7553 | Eval Error: 0.017 | Eval Perf: 0.7707
[4, 100] Train Error: 0.0156 | Train Perf: 0.7902 | Eval Error: 0.0184 | Eval Perf: 0.7505
[5, 100] Train Error: 0.0143 | Train Perf: 0.8101 | Eval Error: 0.0176 | Eval Perf: 0.7787
[6, 100] Train Error: 0.0131 | Train Perf: 0.8279 | Eval Error: 0.0166 | Eval Perf: 0.7808
[7, 100] Train Error: 0.0121 | Train Perf: 0.8421 | Eval Error: 0.0172 | Eval Perf: 0.7773
[8, 100] Train Error: 0.0119 | Train Perf: 0.8455 | Eval Error: 0.0158 | Eval Perf: 0.7891
[9, 100] Train Error: 0.0112 | Train Perf: 0.8549 | Eval Error: 0.0167 | Eval Perf: 0.7856
[10, 100] Train Error: 0.0105 | Train Perf: 0.8653 | Eval Error: 0.0167 | Eval Perf: 0.7805
[11, 100] Train Error: 0.0103 | Train Perf: 0.8671 | Eval Error: 0.0178 | Eval Perf: 0.7784
[12, 100] Train Error: 0.0099 | Train Perf: 0.8726 | Eval Error: 0.016 | Eval Perf: 0.7902
[13, 100] Train Error: 0.0094 | Train Perf: 0.8804 | Eval Error: 0.0158 | Eval Perf: 0.8025
[14, 100] Train Error: 0.0092 | Train Perf: 0.8824 | Eval Error: 0.0156 | Eval Perf: 0.7968
[15, 100] Train Error: 0.0089 | Train Perf: 0.8863 | Eval Error: 0.0169 | Eval Perf: 0.7761
[16, 100] Train Error: 0.0086 | Train Perf: 0.8901 | Eval Error: 0.0166 | Eval Perf: 0.7866
[17, 100] Train Error: 0.0084 | Train Perf: 0.8935 | Eval Error: 0.0157 | Eval Perf: 0.7967
[18, 100] Train Error: 0.0083 | Train Perf: 0.8947 | Eval Error: 0.0161 | Eval Perf: 0.7885
[19, 100] Train Error: 0.0081 | Train Perf: 0.8971 | Eval Error: 0.0159 | Eval Perf: 0.7943
[20, 100] Train Error: 0.0078 | Train Perf: 0.902 | Eval Error: 0.0165 | Eval Perf: 0.7875
[21, 100] Train Error: 0.0076 | Train Perf: 0.9038 | Eval Error: 0.017 | Eval Perf: 0.7778
[22, 100] Train Error: 0.0074 | Train Perf: 0.9064 | Eval Error: 0.0166 | Eval Perf: 0.7931
[23, 100] Train Error: 0.0074 | Train Perf: 0.9062 | Eval Error: 0.0155 | Eval Perf: 0.7997
[24, 100] Train Error: 0.0073 | Train Perf: 0.9079 | Eval Error: 0.0174 | Eval Perf: 0.7797
[25, 100] Train Error: 0.0072 | Train Perf: 0.9099 | Eval Error: 0.0171 | Eval Perf: 0.7854
[26, 100] Train Error: 0.007 | Train Perf: 0.912 | Eval Error: 0.0185 | Eval Perf: 0.7757
[27, 100] Train Error: 0.0069 | Train Perf: 0.9134 | Eval Error: 0.0159 | Eval Perf: 0.7955
[28, 100] Train Error: 0.0067 | Train Perf: 0.9159 | Eval Error: 0.0182 | Eval Perf: 0.7751
[29, 100] Train Error: 0.0068 | Train Perf: 0.9149 | Eval Error: 0.016 | Eval Perf: 0.799
[30, 100] Train Error: 0.0067 | Train Perf: 0.9166 | Eval Error: 0.0178 | Eval Perf: 0.7756
[31, 100] Train Error: 0.0064 | Train Perf: 0.9201 | Eval Error: 0.0169 | Eval Perf: 0.7844
[32, 100] Train Error: 0.0062 | Train Perf: 0.9225 | Eval Error: 0.0178 | Eval Perf: 0.7766
[33, 100] Train Error: 0.0064 | Train Perf: 0.9198 | Eval Error: 0.0171 | Eval Perf: 0.7866
[34, 100] Train Error: 0.0063 | Train Perf: 0.9215 | Eval Error: 0.0173 | Eval Perf: 0.7792
[35, 100] Train Error: 0.0062 | Train Perf: 0.9222 | Eval Error: 0.0168 | Eval Perf: 0.7853
[36, 100] Train Error: 0.006 | Train Perf: 0.9247 | Eval Error: 0.0178 | Eval Perf: 0.7687
[37, 100] Train Error: 0.0061 | Train Perf: 0.9242 | Eval Error: 0.0175 | Eval Perf: 0.7739
[38, 100] Train Error: 0.0059 | Train Perf: 0.9259 | Eval Error: 0.0185 | Eval Perf: 0.7658
[39, 100] Train Error: 0.0059 | Train Perf: 0.9259 | Eval Error: 0.0195 | Eval Perf: 0.7569
[40, 100] Train Error: 0.0059 | Train Perf: 0.9269 | Eval Error: 0.0175 | Eval Perf: 0.7772
[41, 100] Train Error: 0.0058 | Train Perf: 0.9277 | Eval Error: 0.0187 | Eval Perf: 0.7653
[42, 100] Train Error: 0.0057 | Train Perf: 0.9296 | Eval Error: 0.0176 | Eval Perf: 0.7756
[43, 100] Train Error: 0.0058 | Train Perf: 0.9284 | Eval Error: 0.0175 | Eval Perf: 0.7759
[44, 100] Train Error: 0.0056 | Train Perf: 0.9298 | Eval Error: 0.0189 | Eval Perf: 0.7635
[45, 100] Train Error: 0.0055 | Train Perf: 0.9321 | Eval Error: 0.0179 | Eval Perf: 0.777
[46, 100] Train Error: 0.0055 | Train Perf: 0.9316 | Eval Error: 0.0177 | Eval Perf: 0.7714
[47, 100] Train Error: 0.0053 | Train Perf: 0.9337 | Eval Error: 0.0173 | Eval Perf: 0.7794
[48, 100] Train Error: 0.0053 | Train Perf: 0.9338 | Eval Error: 0.0182 | Eval Perf: 0.7687
[49, 100] Train Error: 0.0053 | Train Perf: 0.934 | Eval Error: 0.0178 | Eval Perf: 0.7746
[50, 100] Train Error: 0.0052 | Train Perf: 0.9352 | Eval Error: 0.0203 | Eval Perf: 0.7703
[51, 100] Train Error: 0.0053 | Train Perf: 0.9348 | Eval Error: 0.0183 | Eval Perf: 0.7672
[52, 100] Train Error: 0.0052 | Train Perf: 0.9361 | Eval Error: 0.0189 | Eval Perf: 0.7626
[53, 100] Train Error: 0.0051 | Train Perf: 0.9368 | Eval Error: 0.0182 | Eval Perf: 0.7665
[54, 100] Train Error: 0.0051 | Train Perf: 0.9371 | Eval Error: 0.0201 | Eval Perf: 0.7581
[55, 100] Train Error: 0.0051 | Train Perf: 0.937 | Eval Error: 0.0188 | Eval Perf: 0.7587
[56, 100] Train Error: 0.005 | Train Perf: 0.9376 | Eval Error: 0.0186 | Eval Perf: 0.7646
[57, 100] Train Error: 0.005 | Train Perf: 0.9377 | Eval Error: 0.0194 | Eval Perf: 0.7529
[58, 100] Train Error: 0.0049 | Train Perf: 0.9396 | Eval Error: 0.0191 | Eval Perf: 0.7528
[59, 100] Train Error: 0.0049 | Train Perf: 0.939 | Eval Error: 0.0198 | Eval Perf: 0.7498
[60, 100] Train Error: 0.0048 | Train Perf: 0.9406 | Eval Error: 0.0192 | Eval Perf: 0.7589
[61, 100] Train Error: 0.0048 | Train Perf: 0.941 | Eval Error: 0.0197 | Eval Perf: 0.7518
[62, 100] Train Error: 0.0048 | Train Perf: 0.9412 | Eval Error: 0.0188 | Eval Perf: 0.7615
[63, 100] Train Error: 0.0047 | Train Perf: 0.9417 | Eval Error: 0.0199 | Eval Perf: 0.7511
[64, 100] Train Error: 0.0047 | Train Perf: 0.9418 | Eval Error: 0.0194 | Eval Perf: 0.7521
[65, 100] Train Error: 0.0047 | Train Perf: 0.9424 | Eval Error: 0.0186 | Eval Perf: 0.7658
[66, 100] Train Error: 0.0047 | Train Perf: 0.942 | Eval Error: 0.0193 | Eval Perf: 0.7546
[67, 100] Train Error: 0.0047 | Train Perf: 0.9422 | Eval Error: 0.019 | Eval Perf: 0.7621
[68, 100] Train Error: 0.0046 | Train Perf: 0.9432 | Eval Error: 0.0201 | Eval Perf: 0.7488
[69, 100] Train Error: 0.0046 | Train Perf: 0.9437 | Eval Error: 0.0198 | Eval Perf: 0.7528
[70, 100] Train Error: 0.0046 | Train Perf: 0.9431 | Eval Error: 0.0192 | Eval Perf: 0.7654
[71, 100] Train Error: 0.0045 | Train Perf: 0.9444 | Eval Error: 0.0193 | Eval Perf: 0.7558
[72, 100] Train Error: 0.0045 | Train Perf: 0.9449 | Eval Error: 0.0196 | Eval Perf: 0.7523
[73, 100] Train Error: 0.0045 | Train Perf: 0.9448 | Eval Error: 0.0197 | Eval Perf: 0.7495
[74, 100] Train Error: 0.0044 | Train Perf: 0.9454 | Eval Error: 0.0202 | Eval Perf: 0.7491
[75, 100] Train Error: 0.0044 | Train Perf: 0.9455 | Eval Error: 0.0199 | Eval Perf: 0.7508
[76, 100] Train Error: 0.0044 | Train Perf: 0.9455 | Eval Error: 0.02 | Eval Perf: 0.7476
[77, 100] Train Error: 0.0044 | Train Perf: 0.9459 | Eval Error: 0.02 | Eval Perf: 0.7514
[78, 100] Train Error: 0.0042 | Train Perf: 0.9478 | Eval Error: 0.0196 | Eval Perf: 0.7526
[79, 100] Train Error: 0.0043 | Train Perf: 0.9471 | Eval Error: 0.02 | Eval Perf: 0.7507
[80, 100] Train Error: 0.0043 | Train Perf: 0.9464 | Eval Error: 0.0199 | Eval Perf: 0.756
[81, 100] Train Error: 0.0043 | Train Perf: 0.947 | Eval Error: 0.0209 | Eval Perf: 0.7348
[82, 100] Train Error: 0.0042 | Train Perf: 0.9483 | Eval Error: 0.02 | Eval Perf: 0.7467
[83, 100] Train Error: 0.0042 | Train Perf: 0.948 | Eval Error: 0.02 | Eval Perf: 0.7483
[84, 100] Train Error: 0.0042 | Train Perf: 0.948 | Eval Error: 0.0201 | Eval Perf: 0.7494
[85, 100] Train Error: 0.0041 | Train Perf: 0.949 | Eval Error: 0.0204 | Eval Perf: 0.7489
[86, 100] Train Error: 0.0041 | Train Perf: 0.9491 | Eval Error: 0.0206 | Eval Perf: 0.7425
[87, 100] Train Error: 0.0041 | Train Perf: 0.9489 | Eval Error: 0.0213 | Eval Perf: 0.7357
[88, 100] Train Error: 0.0041 | Train Perf: 0.9492 | Eval Error: 0.0202 | Eval Perf: 0.7453
[89, 100] Train Error: 0.0041 | Train Perf: 0.949 | Eval Error: 0.0204 | Eval Perf: 0.745
[90, 100] Train Error: 0.004 | Train Perf: 0.9502 | Eval Error: 0.0207 | Eval Perf: 0.7441
[91, 100] Train Error: 0.0041 | Train Perf: 0.9494 | Eval Error: 0.0204 | Eval Perf: 0.7453
[92, 100] Train Error: 0.004 | Train Perf: 0.9504 | Eval Error: 0.0206 | Eval Perf: 0.7419
[93, 100] Train Error: 0.004 | Train Perf: 0.9506 | Eval Error: 0.021 | Eval Perf: 0.7339
[94, 100] Train Error: 0.004 | Train Perf: 0.9503 | Eval Error: 0.0204 | Eval Perf: 0.7463
[95, 100] Train Error: 0.0039 | Train Perf: 0.9515 | Eval Error: 0.0217 | Eval Perf: 0.7346
[96, 100] Train Error: 0.0038 | Train Perf: 0.953 | Eval Error: 0.0211 | Eval Perf: 0.7393
[97, 100] Train Error: 0.0039 | Train Perf: 0.9517 | Eval Error: 0.0208 | Eval Perf: 0.7425
[98, 100] Train Error: 0.0039 | Train Perf: 0.9518 | Eval Error: 0.0212 | Eval Perf: 0.7391
[99, 100] Train Error: 0.0039 | Train Perf: 0.9518 | Eval Error: 0.0209 | Eval Perf: 0.7374
[100, 100] Train Error: 0.0039 | Train Perf: 0.9524 | Eval Error: 0.0218 | Eval Perf: 0.7301
