NETWORK SUMMARY
---------------
Input Layer shape: (1, 180)
Hidden Layer shape: (181, 3)
Output layer shape: (4, 1)
Total parameters: 547

[1, 100] Train Error: 0.0465 | Train Perf: 0.0964 | Eval Error: 0.0449 | Eval Perf: 0.5903
[2, 100] Train Error: 0.0422 | Train Perf: 0.5175 | Eval Error: 0.0372 | Eval Perf: 0.6996
[3, 100] Train Error: 0.0313 | Train Perf: 0.7061 | Eval Error: 0.0257 | Eval Perf: 0.7448
[4, 100] Train Error: 0.0218 | Train Perf: 0.7751 | Eval Error: 0.0199 | Eval Perf: 0.7883
[5, 100] Train Error: 0.0169 | Train Perf: 0.8187 | Eval Error: 0.0171 | Eval Perf: 0.8116
[6, 100] Train Error: 0.0145 | Train Perf: 0.8397 | Eval Error: 0.0156 | Eval Perf: 0.8201
[7, 100] Train Error: 0.0133 | Train Perf: 0.851 | Eval Error: 0.0147 | Eval Perf: 0.8296
[8, 100] Train Error: 0.0125 | Train Perf: 0.8588 | Eval Error: 0.0142 | Eval Perf: 0.8349
[9, 100] Train Error: 0.012 | Train Perf: 0.864 | Eval Error: 0.0137 | Eval Perf: 0.8416
[10, 100] Train Error: 0.0116 | Train Perf: 0.8683 | Eval Error: 0.0135 | Eval Perf: 0.8433
[11, 100] Train Error: 0.0114 | Train Perf: 0.8704 | Eval Error: 0.0131 | Eval Perf: 0.8505
[12, 100] Train Error: 0.0112 | Train Perf: 0.8734 | Eval Error: 0.0129 | Eval Perf: 0.8519
[13, 100] Train Error: 0.011 | Train Perf: 0.8758 | Eval Error: 0.0127 | Eval Perf: 0.8542
[14, 100] Train Error: 0.0109 | Train Perf: 0.8766 | Eval Error: 0.0125 | Eval Perf: 0.8583
[15, 100] Train Error: 0.0108 | Train Perf: 0.878 | Eval Error: 0.0125 | Eval Perf: 0.8599
[16, 100] Train Error: 0.0106 | Train Perf: 0.88 | Eval Error: 0.0123 | Eval Perf: 0.8593
[17, 100] Train Error: 0.0106 | Train Perf: 0.8801 | Eval Error: 0.0122 | Eval Perf: 0.8611
[18, 100] Train Error: 0.0106 | Train Perf: 0.881 | Eval Error: 0.012 | Eval Perf: 0.8648
[19, 100] Train Error: 0.0105 | Train Perf: 0.8818 | Eval Error: 0.012 | Eval Perf: 0.8655
[20, 100] Train Error: 0.0104 | Train Perf: 0.8827 | Eval Error: 0.0121 | Eval Perf: 0.8623
[21, 100] Train Error: 0.0104 | Train Perf: 0.8827 | Eval Error: 0.0119 | Eval Perf: 0.8653
[22, 100] Train Error: 0.0104 | Train Perf: 0.8833 | Eval Error: 0.0118 | Eval Perf: 0.8664
[23, 100] Train Error: 0.0103 | Train Perf: 0.8841 | Eval Error: 0.0118 | Eval Perf: 0.8668
[24, 100] Train Error: 0.0103 | Train Perf: 0.8843 | Eval Error: 0.0118 | Eval Perf: 0.8666
[25, 100] Train Error: 0.0103 | Train Perf: 0.8847 | Eval Error: 0.0117 | Eval Perf: 0.8684
[26, 100] Train Error: 0.0102 | Train Perf: 0.885 | Eval Error: 0.0117 | Eval Perf: 0.8696
[27, 100] Train Error: 0.0102 | Train Perf: 0.8854 | Eval Error: 0.0116 | Eval Perf: 0.8702
[28, 100] Train Error: 0.0101 | Train Perf: 0.8862 | Eval Error: 0.0116 | Eval Perf: 0.8705
[29, 100] Train Error: 0.0101 | Train Perf: 0.8866 | Eval Error: 0.0116 | Eval Perf: 0.8713
[30, 100] Train Error: 0.0101 | Train Perf: 0.8864 | Eval Error: 0.0114 | Eval Perf: 0.8711
[31, 100] Train Error: 0.01 | Train Perf: 0.8871 | Eval Error: 0.0116 | Eval Perf: 0.8712
[32, 100] Train Error: 0.01 | Train Perf: 0.8878 | Eval Error: 0.0115 | Eval Perf: 0.8697
[33, 100] Train Error: 0.01 | Train Perf: 0.8881 | Eval Error: 0.0117 | Eval Perf: 0.8714
[34, 100] Train Error: 0.0099 | Train Perf: 0.8883 | Eval Error: 0.0121 | Eval Perf: 0.8722
[35, 100] Train Error: 0.01 | Train Perf: 0.8883 | Eval Error: 0.0114 | Eval Perf: 0.8711
[36, 100] Train Error: 0.0098 | Train Perf: 0.8896 | Eval Error: 0.0126 | Eval Perf: 0.8721
[37, 100] Train Error: 0.0098 | Train Perf: 0.8895 | Eval Error: 0.0115 | Eval Perf: 0.8707
[38, 100] Train Error: 0.0098 | Train Perf: 0.8898 | Eval Error: 0.0113 | Eval Perf: 0.872
[39, 100] Train Error: 0.0098 | Train Perf: 0.89 | Eval Error: 0.0116 | Eval Perf: 0.8726
[40, 100] Train Error: 0.0098 | Train Perf: 0.8899 | Eval Error: 0.0114 | Eval Perf: 0.8719
[41, 100] Train Error: 0.0098 | Train Perf: 0.8906 | Eval Error: 0.0114 | Eval Perf: 0.8725
[42, 100] Train Error: 0.0097 | Train Perf: 0.8908 | Eval Error: 0.0114 | Eval Perf: 0.8735
[43, 100] Train Error: 0.0097 | Train Perf: 0.8912 | Eval Error: 0.0113 | Eval Perf: 0.8738
[44, 100] Train Error: 0.0096 | Train Perf: 0.8921 | Eval Error: 0.0114 | Eval Perf: 0.8712
[45, 100] Train Error: 0.0097 | Train Perf: 0.8915 | Eval Error: 0.0113 | Eval Perf: 0.8725
[46, 100] Train Error: 0.0096 | Train Perf: 0.892 | Eval Error: 0.0114 | Eval Perf: 0.8737
[47, 100] Train Error: 0.0096 | Train Perf: 0.8925 | Eval Error: 0.0112 | Eval Perf: 0.8728
[48, 100] Train Error: 0.0095 | Train Perf: 0.893 | Eval Error: 0.0114 | Eval Perf: 0.8712
[49, 100] Train Error: 0.0095 | Train Perf: 0.8935 | Eval Error: 0.0112 | Eval Perf: 0.8731
[50, 100] Train Error: 0.0095 | Train Perf: 0.8934 | Eval Error: 0.0113 | Eval Perf: 0.8728
[51, 100] Train Error: 0.0095 | Train Perf: 0.8935 | Eval Error: 0.0114 | Eval Perf: 0.8739
[52, 100] Train Error: 0.0095 | Train Perf: 0.8941 | Eval Error: 0.0113 | Eval Perf: 0.8732
[53, 100] Train Error: 0.0094 | Train Perf: 0.8946 | Eval Error: 0.0113 | Eval Perf: 0.873
[54, 100] Train Error: 0.0094 | Train Perf: 0.8948 | Eval Error: 0.0112 | Eval Perf: 0.8736
[55, 100] Train Error: 0.0094 | Train Perf: 0.8951 | Eval Error: 0.0112 | Eval Perf: 0.8739
[56, 100] Train Error: 0.0094 | Train Perf: 0.8953 | Eval Error: 0.0112 | Eval Perf: 0.874
[57, 100] Train Error: 0.0094 | Train Perf: 0.8953 | Eval Error: 0.0112 | Eval Perf: 0.8741
[58, 100] Train Error: 0.0093 | Train Perf: 0.896 | Eval Error: 0.0114 | Eval Perf: 0.8753
[59, 100] Train Error: 0.0093 | Train Perf: 0.896 | Eval Error: 0.0112 | Eval Perf: 0.8738
[60, 100] Train Error: 0.0092 | Train Perf: 0.8967 | Eval Error: 0.0113 | Eval Perf: 0.8729
[61, 100] Train Error: 0.0092 | Train Perf: 0.8966 | Eval Error: 0.0113 | Eval Perf: 0.8746
[62, 100] Train Error: 0.0092 | Train Perf: 0.897 | Eval Error: 0.0112 | Eval Perf: 0.8735
[63, 100] Train Error: 0.0091 | Train Perf: 0.8979 | Eval Error: 0.0117 | Eval Perf: 0.875
[64, 100] Train Error: 0.0092 | Train Perf: 0.8977 | Eval Error: 0.0112 | Eval Perf: 0.8747
[65, 100] Train Error: 0.0092 | Train Perf: 0.8976 | Eval Error: 0.0112 | Eval Perf: 0.8752
[66, 100] Train Error: 0.0091 | Train Perf: 0.8979 | Eval Error: 0.0111 | Eval Perf: 0.8754
[67, 100] Train Error: 0.0091 | Train Perf: 0.8987 | Eval Error: 0.0113 | Eval Perf: 0.8755
[68, 100] Train Error: 0.0091 | Train Perf: 0.8989 | Eval Error: 0.0112 | Eval Perf: 0.8755
[69, 100] Train Error: 0.009 | Train Perf: 0.8989 | Eval Error: 0.0111 | Eval Perf: 0.8752
[70, 100] Train Error: 0.0091 | Train Perf: 0.8988 | Eval Error: 0.0113 | Eval Perf: 0.8752
[71, 100] Train Error: 0.009 | Train Perf: 0.8995 | Eval Error: 0.0111 | Eval Perf: 0.8756
[72, 100] Train Error: 0.009 | Train Perf: 0.8997 | Eval Error: 0.0112 | Eval Perf: 0.8752
[73, 100] Train Error: 0.0089 | Train Perf: 0.9003 | Eval Error: 0.0112 | Eval Perf: 0.8746
[74, 100] Train Error: 0.0089 | Train Perf: 0.9008 | Eval Error: 0.0111 | Eval Perf: 0.8746
[75, 100] Train Error: 0.0089 | Train Perf: 0.9007 | Eval Error: 0.0111 | Eval Perf: 0.8752
[76, 100] Train Error: 0.0089 | Train Perf: 0.901 | Eval Error: 0.0111 | Eval Perf: 0.8753
[77, 100] Train Error: 0.0089 | Train Perf: 0.9013 | Eval Error: 0.0112 | Eval Perf: 0.8743
[78, 100] Train Error: 0.0088 | Train Perf: 0.9019 | Eval Error: 0.0112 | Eval Perf: 0.8755
[79, 100] Train Error: 0.0088 | Train Perf: 0.9017 | Eval Error: 0.0112 | Eval Perf: 0.876
[80, 100] Train Error: 0.0088 | Train Perf: 0.9022 | Eval Error: 0.0113 | Eval Perf: 0.8738
[81, 100] Train Error: 0.0088 | Train Perf: 0.9021 | Eval Error: 0.0112 | Eval Perf: 0.8749
[82, 100] Train Error: 0.0088 | Train Perf: 0.9023 | Eval Error: 0.0111 | Eval Perf: 0.8748
[83, 100] Train Error: 0.0087 | Train Perf: 0.9027 | Eval Error: 0.0113 | Eval Perf: 0.8749
[84, 100] Train Error: 0.0087 | Train Perf: 0.9031 | Eval Error: 0.0112 | Eval Perf: 0.8757
[85, 100] Train Error: 0.0087 | Train Perf: 0.9031 | Eval Error: 0.0112 | Eval Perf: 0.8742
[86, 100] Train Error: 0.0087 | Train Perf: 0.9034 | Eval Error: 0.0112 | Eval Perf: 0.8758
[87, 100] Train Error: 0.0087 | Train Perf: 0.9038 | Eval Error: 0.0111 | Eval Perf: 0.875
[88, 100] Train Error: 0.0086 | Train Perf: 0.904 | Eval Error: 0.0112 | Eval Perf: 0.8751
[89, 100] Train Error: 0.0086 | Train Perf: 0.9044 | Eval Error: 0.0112 | Eval Perf: 0.874
[90, 100] Train Error: 0.0086 | Train Perf: 0.9043 | Eval Error: 0.0112 | Eval Perf: 0.8742
[91, 100] Train Error: 0.0086 | Train Perf: 0.9043 | Eval Error: 0.0112 | Eval Perf: 0.8749
[92, 100] Train Error: 0.0086 | Train Perf: 0.9047 | Eval Error: 0.0112 | Eval Perf: 0.8749
[93, 100] Train Error: 0.0085 | Train Perf: 0.9051 | Eval Error: 0.0112 | Eval Perf: 0.8757
[94, 100] Train Error: 0.0085 | Train Perf: 0.9056 | Eval Error: 0.0112 | Eval Perf: 0.8744
[95, 100] Train Error: 0.0085 | Train Perf: 0.9051 | Eval Error: 0.0112 | Eval Perf: 0.8747
[96, 100] Train Error: 0.0085 | Train Perf: 0.9058 | Eval Error: 0.0112 | Eval Perf: 0.8747
[97, 100] Train Error: 0.0085 | Train Perf: 0.9059 | Eval Error: 0.0112 | Eval Perf: 0.8752
[98, 100] Train Error: 0.0085 | Train Perf: 0.906 | Eval Error: 0.0113 | Eval Perf: 0.875
[99, 100] Train Error: 0.0084 | Train Perf: 0.9064 | Eval Error: 0.0114 | Eval Perf: 0.8743
[100, 100] Train Error: 0.0084 | Train Perf: 0.9067 | Eval Error: 0.0113 | Eval Perf: 0.8746
