NETWORK SUMMARY
---------------
Input Layer shape: (1, 180)
Hidden Layer shape: (181, 2)
Output layer shape: (3, 1)
Total parameters: 365

[1, 100] Train Error: 0.0518 | Train Perf: 0.1995 | Eval Error: 0.0454 | Eval Perf: 0.2052
[2, 100] Train Error: 0.0494 | Train Perf: 0.0253 | Eval Error: 0.0444 | Eval Perf: 0.1595
[3, 100] Train Error: 0.0491 | Train Perf: -0.2663 | Eval Error: 0.0442 | Eval Perf: 0.1651
[4, 100] Train Error: 0.049 | Train Perf: -0.1132 | Eval Error: 0.0442 | Eval Perf: 0.1793
[5, 100] Train Error: 0.049 | Train Perf: -0.1197 | Eval Error: 0.0442 | Eval Perf: 0.1887
[6, 100] Train Error: 0.0489 | Train Perf: -0.0617 | Eval Error: 0.0441 | Eval Perf: 0.1943
[7, 100] Train Error: 0.0489 | Train Perf: -0.0679 | Eval Error: 0.0441 | Eval Perf: 0.199
[8, 100] Train Error: 0.0488 | Train Perf: 0.0141 | Eval Error: 0.0441 | Eval Perf: 0.1997
[9, 100] Train Error: 0.0487 | Train Perf: 0.0177 | Eval Error: 0.044 | Eval Perf: 0.2033
[10, 100] Train Error: 0.0486 | Train Perf: 0.0707 | Eval Error: 0.044 | Eval Perf: 0.2088
[11, 100] Train Error: 0.0486 | Train Perf: 0.0922 | Eval Error: 0.044 | Eval Perf: 0.21
[12, 100] Train Error: 0.0485 | Train Perf: 0.1436 | Eval Error: 0.044 | Eval Perf: 0.212
[13, 100] Train Error: 0.0483 | Train Perf: 0.1923 | Eval Error: 0.0439 | Eval Perf: 0.209
[14, 100] Train Error: 0.0483 | Train Perf: 0.1969 | Eval Error: 0.0439 | Eval Perf: 0.21
[15, 100] Train Error: 0.0481 | Train Perf: 0.2417 | Eval Error: 0.0439 | Eval Perf: 0.2102
[16, 100] Train Error: 0.048 | Train Perf: 0.3209 | Eval Error: 0.0438 | Eval Perf: 0.209
[17, 100] Train Error: 0.0478 | Train Perf: 0.3415 | Eval Error: 0.0438 | Eval Perf: 0.2084
[18, 100] Train Error: 0.0476 | Train Perf: 0.3307 | Eval Error: 0.0437 | Eval Perf: 0.207
[19, 100] Train Error: 0.0474 | Train Perf: 0.4576 | Eval Error: 0.0436 | Eval Perf: 0.2063
[20, 100] Train Error: 0.0471 | Train Perf: 0.4227 | Eval Error: 0.0436 | Eval Perf: 0.2059
[21, 100] Train Error: 0.0469 | Train Perf: 0.3992 | Eval Error: 0.0435 | Eval Perf: 0.2066
[22, 100] Train Error: 0.0466 | Train Perf: 0.4588 | Eval Error: 0.0434 | Eval Perf: 0.2069
[23, 100] Train Error: 0.0463 | Train Perf: 0.5028 | Eval Error: 0.0433 | Eval Perf: 0.2083
[24, 100] Train Error: 0.0459 | Train Perf: 0.4939 | Eval Error: 0.0432 | Eval Perf: 0.2088
[25, 100] Train Error: 0.0455 | Train Perf: 0.5204 | Eval Error: 0.0431 | Eval Perf: 0.2107
[26, 100] Train Error: 0.0452 | Train Perf: 0.5431 | Eval Error: 0.043 | Eval Perf: 0.2123
[27, 100] Train Error: 0.0447 | Train Perf: 0.5576 | Eval Error: 0.0429 | Eval Perf: 0.2147
[28, 100] Train Error: 0.0442 | Train Perf: 0.5382 | Eval Error: 0.0428 | Eval Perf: 0.2175
[29, 100] Train Error: 0.0438 | Train Perf: 0.5669 | Eval Error: 0.0427 | Eval Perf: 0.2205
[30, 100] Train Error: 0.0432 | Train Perf: 0.5725 | Eval Error: 0.0425 | Eval Perf: 0.2238
[31, 100] Train Error: 0.0426 | Train Perf: 0.5884 | Eval Error: 0.0424 | Eval Perf: 0.2272
[32, 100] Train Error: 0.0421 | Train Perf: 0.5885 | Eval Error: 0.0423 | Eval Perf: 0.2316
[33, 100] Train Error: 0.0415 | Train Perf: 0.6024 | Eval Error: 0.0421 | Eval Perf: 0.2355
[34, 100] Train Error: 0.0409 | Train Perf: 0.6064 | Eval Error: 0.042 | Eval Perf: 0.2407
[35, 100] Train Error: 0.0403 | Train Perf: 0.5944 | Eval Error: 0.0418 | Eval Perf: 0.2457
[36, 100] Train Error: 0.0397 | Train Perf: 0.598 | Eval Error: 0.0417 | Eval Perf: 0.2507
[37, 100] Train Error: 0.039 | Train Perf: 0.6201 | Eval Error: 0.0416 | Eval Perf: 0.2563
[38, 100] Train Error: 0.0384 | Train Perf: 0.63 | Eval Error: 0.0414 | Eval Perf: 0.2606
[39, 100] Train Error: 0.0378 | Train Perf: 0.6266 | Eval Error: 0.0412 | Eval Perf: 0.2663
[40, 100] Train Error: 0.0372 | Train Perf: 0.6291 | Eval Error: 0.041 | Eval Perf: 0.2723
[41, 100] Train Error: 0.0366 | Train Perf: 0.6364 | Eval Error: 0.0409 | Eval Perf: 0.2786
[42, 100] Train Error: 0.036 | Train Perf: 0.643 | Eval Error: 0.0407 | Eval Perf: 0.2838
[43, 100] Train Error: 0.0354 | Train Perf: 0.645 | Eval Error: 0.0406 | Eval Perf: 0.2897
[44, 100] Train Error: 0.0348 | Train Perf: 0.6465 | Eval Error: 0.0404 | Eval Perf: 0.2963
[45, 100] Train Error: 0.0342 | Train Perf: 0.6522 | Eval Error: 0.0402 | Eval Perf: 0.3023
[46, 100] Train Error: 0.0337 | Train Perf: 0.6563 | Eval Error: 0.0401 | Eval Perf: 0.3092
[47, 100] Train Error: 0.0331 | Train Perf: 0.6667 | Eval Error: 0.0398 | Eval Perf: 0.3154
[48, 100] Train Error: 0.0326 | Train Perf: 0.6678 | Eval Error: 0.0397 | Eval Perf: 0.3229
[49, 100] Train Error: 0.0321 | Train Perf: 0.6745 | Eval Error: 0.0395 | Eval Perf: 0.33
[50, 100] Train Error: 0.0316 | Train Perf: 0.6777 | Eval Error: 0.0392 | Eval Perf: 0.3367
[51, 100] Train Error: 0.0311 | Train Perf: 0.6846 | Eval Error: 0.039 | Eval Perf: 0.3443
[52, 100] Train Error: 0.0306 | Train Perf: 0.6896 | Eval Error: 0.0388 | Eval Perf: 0.3522
[53, 100] Train Error: 0.0302 | Train Perf: 0.6926 | Eval Error: 0.0386 | Eval Perf: 0.3601
[54, 100] Train Error: 0.0297 | Train Perf: 0.6969 | Eval Error: 0.0383 | Eval Perf: 0.3686
[55, 100] Train Error: 0.0292 | Train Perf: 0.7042 | Eval Error: 0.0381 | Eval Perf: 0.3771
[56, 100] Train Error: 0.0288 | Train Perf: 0.7082 | Eval Error: 0.0377 | Eval Perf: 0.3862
[57, 100] Train Error: 0.0283 | Train Perf: 0.7155 | Eval Error: 0.0373 | Eval Perf: 0.396
[58, 100] Train Error: 0.0279 | Train Perf: 0.7241 | Eval Error: 0.0371 | Eval Perf: 0.4048
[59, 100] Train Error: 0.0274 | Train Perf: 0.7269 | Eval Error: 0.0367 | Eval Perf: 0.415
[60, 100] Train Error: 0.027 | Train Perf: 0.7327 | Eval Error: 0.0364 | Eval Perf: 0.4252
[61, 100] Train Error: 0.0265 | Train Perf: 0.7389 | Eval Error: 0.036 | Eval Perf: 0.4361
[62, 100] Train Error: 0.0261 | Train Perf: 0.7468 | Eval Error: 0.0356 | Eval Perf: 0.4472
[63, 100] Train Error: 0.0256 | Train Perf: 0.7513 | Eval Error: 0.0351 | Eval Perf: 0.4587
[64, 100] Train Error: 0.0252 | Train Perf: 0.7558 | Eval Error: 0.0346 | Eval Perf: 0.4734
[65, 100] Train Error: 0.0247 | Train Perf: 0.7655 | Eval Error: 0.0342 | Eval Perf: 0.4835
[66, 100] Train Error: 0.0243 | Train Perf: 0.771 | Eval Error: 0.0337 | Eval Perf: 0.4962
[67, 100] Train Error: 0.0238 | Train Perf: 0.7767 | Eval Error: 0.0332 | Eval Perf: 0.5098
[68, 100] Train Error: 0.0233 | Train Perf: 0.7847 | Eval Error: 0.033 | Eval Perf: 0.5171
[69, 100] Train Error: 0.023 | Train Perf: 0.7884 | Eval Error: 0.0326 | Eval Perf: 0.5266
[70, 100] Train Error: 0.0225 | Train Perf: 0.7951 | Eval Error: 0.0324 | Eval Perf: 0.5312
[71, 100] Train Error: 0.0221 | Train Perf: 0.7997 | Eval Error: 0.0321 | Eval Perf: 0.5372
[72, 100] Train Error: 0.0217 | Train Perf: 0.8009 | Eval Error: 0.0316 | Eval Perf: 0.55
[73, 100] Train Error: 0.0213 | Train Perf: 0.8026 | Eval Error: 0.031 | Eval Perf: 0.564
[74, 100] Train Error: 0.0209 | Train Perf: 0.8104 | Eval Error: 0.0308 | Eval Perf: 0.5682
[75, 100] Train Error: 0.0205 | Train Perf: 0.8132 | Eval Error: 0.0303 | Eval Perf: 0.582
[76, 100] Train Error: 0.0201 | Train Perf: 0.8186 | Eval Error: 0.0299 | Eval Perf: 0.5917
[77, 100] Train Error: 0.0198 | Train Perf: 0.8227 | Eval Error: 0.0297 | Eval Perf: 0.5932
[78, 100] Train Error: 0.0193 | Train Perf: 0.8286 | Eval Error: 0.0299 | Eval Perf: 0.5886
[79, 100] Train Error: 0.019 | Train Perf: 0.83 | Eval Error: 0.0296 | Eval Perf: 0.5943
[80, 100] Train Error: 0.0187 | Train Perf: 0.8305 | Eval Error: 0.0291 | Eval Perf: 0.6051
[81, 100] Train Error: 0.0183 | Train Perf: 0.8358 | Eval Error: 0.029 | Eval Perf: 0.6069
[82, 100] Train Error: 0.018 | Train Perf: 0.8371 | Eval Error: 0.0285 | Eval Perf: 0.6173
[83, 100] Train Error: 0.0177 | Train Perf: 0.8409 | Eval Error: 0.0283 | Eval Perf: 0.6214
[84, 100] Train Error: 0.0174 | Train Perf: 0.8421 | Eval Error: 0.028 | Eval Perf: 0.6267
[85, 100] Train Error: 0.0171 | Train Perf: 0.8457 | Eval Error: 0.0279 | Eval Perf: 0.6286
[86, 100] Train Error: 0.0167 | Train Perf: 0.8498 | Eval Error: 0.0281 | Eval Perf: 0.6234
[87, 100] Train Error: 0.0165 | Train Perf: 0.8522 | Eval Error: 0.0279 | Eval Perf: 0.6256
[88, 100] Train Error: 0.0161 | Train Perf: 0.853 | Eval Error: 0.0272 | Eval Perf: 0.641
[89, 100] Train Error: 0.016 | Train Perf: 0.8567 | Eval Error: 0.0273 | Eval Perf: 0.6392
[90, 100] Train Error: 0.0157 | Train Perf: 0.8583 | Eval Error: 0.0274 | Eval Perf: 0.6347
[91, 100] Train Error: 0.0153 | Train Perf: 0.8608 | Eval Error: 0.0268 | Eval Perf: 0.6469
[92, 100] Train Error: 0.0152 | Train Perf: 0.8634 | Eval Error: 0.0272 | Eval Perf: 0.6386
[93, 100] Train Error: 0.0149 | Train Perf: 0.8641 | Eval Error: 0.027 | Eval Perf: 0.6406
[94, 100] Train Error: 0.0146 | Train Perf: 0.8646 | Eval Error: 0.0264 | Eval Perf: 0.6545
[95, 100] Train Error: 0.0144 | Train Perf: 0.8692 | Eval Error: 0.0264 | Eval Perf: 0.6522
[96, 100] Train Error: 0.0142 | Train Perf: 0.8704 | Eval Error: 0.0262 | Eval Perf: 0.6573
[97, 100] Train Error: 0.014 | Train Perf: 0.8726 | Eval Error: 0.0263 | Eval Perf: 0.6545
[98, 100] Train Error: 0.0137 | Train Perf: 0.875 | Eval Error: 0.0265 | Eval Perf: 0.6486
[99, 100] Train Error: 0.0136 | Train Perf: 0.8749 | Eval Error: 0.0262 | Eval Perf: 0.6538
[100, 100] Train Error: 0.0134 | Train Perf: 0.8764 | Eval Error: 0.0262 | Eval Perf: 0.6541
