NETWORK SUMMARY
---------------
Input Layer shape: (1, 180)
Hidden Layer shape: (181, 5)
Output layer shape: (6, 1)
Total parameters: 911

[1, 100] Train Error: 0.0358 | Train Perf: -0.0545 | Eval Error: 0.0296 | Eval Perf: 0.1224
[2, 100] Train Error: 0.0263 | Train Perf: 0.1747 | Eval Error: 0.0287 | Eval Perf: 0.3332
[3, 100] Train Error: 0.0254 | Train Perf: 0.3829 | Eval Error: 0.028 | Eval Perf: 0.442
[4, 100] Train Error: 0.0247 | Train Perf: 0.4795 | Eval Error: 0.0273 | Eval Perf: 0.4979
[5, 100] Train Error: 0.0239 | Train Perf: 0.5209 | Eval Error: 0.0266 | Eval Perf: 0.5319
[6, 100] Train Error: 0.023 | Train Perf: 0.5969 | Eval Error: 0.0258 | Eval Perf: 0.5483
[7, 100] Train Error: 0.0223 | Train Perf: 0.5947 | Eval Error: 0.025 | Eval Perf: 0.5652
[8, 100] Train Error: 0.0215 | Train Perf: 0.6042 | Eval Error: 0.0242 | Eval Perf: 0.5824
[9, 100] Train Error: 0.0207 | Train Perf: 0.6215 | Eval Error: 0.0234 | Eval Perf: 0.5952
[10, 100] Train Error: 0.0199 | Train Perf: 0.6343 | Eval Error: 0.0226 | Eval Perf: 0.6071
[11, 100] Train Error: 0.0192 | Train Perf: 0.646 | Eval Error: 0.0219 | Eval Perf: 0.6208
[12, 100] Train Error: 0.0184 | Train Perf: 0.648 | Eval Error: 0.0211 | Eval Perf: 0.6386
[13, 100] Train Error: 0.0178 | Train Perf: 0.6733 | Eval Error: 0.0204 | Eval Perf: 0.6482
[14, 100] Train Error: 0.0171 | Train Perf: 0.679 | Eval Error: 0.0197 | Eval Perf: 0.6625
[15, 100] Train Error: 0.0165 | Train Perf: 0.6976 | Eval Error: 0.019 | Eval Perf: 0.6708
[16, 100] Train Error: 0.0159 | Train Perf: 0.7018 | Eval Error: 0.0184 | Eval Perf: 0.6852
[17, 100] Train Error: 0.0153 | Train Perf: 0.7197 | Eval Error: 0.0178 | Eval Perf: 0.6945
[18, 100] Train Error: 0.0147 | Train Perf: 0.7273 | Eval Error: 0.0172 | Eval Perf: 0.7029
[19, 100] Train Error: 0.0141 | Train Perf: 0.7392 | Eval Error: 0.0166 | Eval Perf: 0.7153
[20, 100] Train Error: 0.0136 | Train Perf: 0.7517 | Eval Error: 0.0161 | Eval Perf: 0.7221
[21, 100] Train Error: 0.013 | Train Perf: 0.7627 | Eval Error: 0.0156 | Eval Perf: 0.7296
[22, 100] Train Error: 0.0125 | Train Perf: 0.774 | Eval Error: 0.0152 | Eval Perf: 0.7361
[23, 100] Train Error: 0.0121 | Train Perf: 0.7801 | Eval Error: 0.0147 | Eval Perf: 0.7449
[24, 100] Train Error: 0.0116 | Train Perf: 0.7928 | Eval Error: 0.0143 | Eval Perf: 0.7526
[25, 100] Train Error: 0.0111 | Train Perf: 0.8051 | Eval Error: 0.0139 | Eval Perf: 0.754
[26, 100] Train Error: 0.0107 | Train Perf: 0.8055 | Eval Error: 0.0135 | Eval Perf: 0.7655
[27, 100] Train Error: 0.0103 | Train Perf: 0.8198 | Eval Error: 0.0132 | Eval Perf: 0.7684
[28, 100] Train Error: 0.0099 | Train Perf: 0.8252 | Eval Error: 0.0129 | Eval Perf: 0.7742
[29, 100] Train Error: 0.0095 | Train Perf: 0.836 | Eval Error: 0.0126 | Eval Perf: 0.7764
[30, 100] Train Error: 0.0091 | Train Perf: 0.8412 | Eval Error: 0.0124 | Eval Perf: 0.7793
[31, 100] Train Error: 0.0088 | Train Perf: 0.8492 | Eval Error: 0.0121 | Eval Perf: 0.7827
[32, 100] Train Error: 0.0084 | Train Perf: 0.8536 | Eval Error: 0.0118 | Eval Perf: 0.7881
[33, 100] Train Error: 0.0081 | Train Perf: 0.8604 | Eval Error: 0.0116 | Eval Perf: 0.7917
[34, 100] Train Error: 0.0077 | Train Perf: 0.8709 | Eval Error: 0.0116 | Eval Perf: 0.7889
[35, 100] Train Error: 0.0075 | Train Perf: 0.8696 | Eval Error: 0.0112 | Eval Perf: 0.7969
[36, 100] Train Error: 0.0072 | Train Perf: 0.8765 | Eval Error: 0.011 | Eval Perf: 0.8002
[37, 100] Train Error: 0.0069 | Train Perf: 0.8851 | Eval Error: 0.011 | Eval Perf: 0.7985
[38, 100] Train Error: 0.0067 | Train Perf: 0.8853 | Eval Error: 0.0108 | Eval Perf: 0.8019
[39, 100] Train Error: 0.0065 | Train Perf: 0.8909 | Eval Error: 0.0107 | Eval Perf: 0.8039
[40, 100] Train Error: 0.0063 | Train Perf: 0.8932 | Eval Error: 0.0105 | Eval Perf: 0.8085
[41, 100] Train Error: 0.0061 | Train Perf: 0.8977 | Eval Error: 0.0103 | Eval Perf: 0.8116
[42, 100] Train Error: 0.0059 | Train Perf: 0.901 | Eval Error: 0.0102 | Eval Perf: 0.8134
[43, 100] Train Error: 0.0057 | Train Perf: 0.9048 | Eval Error: 0.0102 | Eval Perf: 0.8134
[44, 100] Train Error: 0.0055 | Train Perf: 0.9059 | Eval Error: 0.01 | Eval Perf: 0.8187
[45, 100] Train Error: 0.0054 | Train Perf: 0.912 | Eval Error: 0.01 | Eval Perf: 0.8166
[46, 100] Train Error: 0.0052 | Train Perf: 0.9112 | Eval Error: 0.0098 | Eval Perf: 0.8208
[47, 100] Train Error: 0.0051 | Train Perf: 0.9151 | Eval Error: 0.0097 | Eval Perf: 0.8217
[48, 100] Train Error: 0.0049 | Train Perf: 0.9191 | Eval Error: 0.0098 | Eval Perf: 0.8199
[49, 100] Train Error: 0.0048 | Train Perf: 0.919 | Eval Error: 0.0096 | Eval Perf: 0.8224
[50, 100] Train Error: 0.0047 | Train Perf: 0.9214 | Eval Error: 0.0096 | Eval Perf: 0.8229
[51, 100] Train Error: 0.0045 | Train Perf: 0.9234 | Eval Error: 0.0095 | Eval Perf: 0.8243
[52, 100] Train Error: 0.0044 | Train Perf: 0.9259 | Eval Error: 0.0095 | Eval Perf: 0.8245
[53, 100] Train Error: 0.0043 | Train Perf: 0.9258 | Eval Error: 0.0094 | Eval Perf: 0.8264
[54, 100] Train Error: 0.0042 | Train Perf: 0.929 | Eval Error: 0.0095 | Eval Perf: 0.8254
[55, 100] Train Error: 0.0042 | Train Perf: 0.929 | Eval Error: 0.0093 | Eval Perf: 0.8277
[56, 100] Train Error: 0.0041 | Train Perf: 0.9302 | Eval Error: 0.0092 | Eval Perf: 0.8306
[57, 100] Train Error: 0.004 | Train Perf: 0.9338 | Eval Error: 0.0093 | Eval Perf: 0.828
[58, 100] Train Error: 0.0039 | Train Perf: 0.9329 | Eval Error: 0.0092 | Eval Perf: 0.8306
[59, 100] Train Error: 0.0038 | Train Perf: 0.9349 | Eval Error: 0.0092 | Eval Perf: 0.8306
[60, 100] Train Error: 0.0038 | Train Perf: 0.9355 | Eval Error: 0.0091 | Eval Perf: 0.832
[61, 100] Train Error: 0.0037 | Train Perf: 0.9364 | Eval Error: 0.009 | Eval Perf: 0.8348
[62, 100] Train Error: 0.0036 | Train Perf: 0.938 | Eval Error: 0.009 | Eval Perf: 0.8337
[63, 100] Train Error: 0.0036 | Train Perf: 0.9385 | Eval Error: 0.009 | Eval Perf: 0.8345
[64, 100] Train Error: 0.0035 | Train Perf: 0.9415 | Eval Error: 0.0092 | Eval Perf: 0.8313
[65, 100] Train Error: 0.0035 | Train Perf: 0.9398 | Eval Error: 0.009 | Eval Perf: 0.8343
[66, 100] Train Error: 0.0034 | Train Perf: 0.9418 | Eval Error: 0.0091 | Eval Perf: 0.8332
[67, 100] Train Error: 0.0034 | Train Perf: 0.9418 | Eval Error: 0.009 | Eval Perf: 0.8341
[68, 100] Train Error: 0.0033 | Train Perf: 0.9432 | Eval Error: 0.009 | Eval Perf: 0.8345
[69, 100] Train Error: 0.0033 | Train Perf: 0.9446 | Eval Error: 0.0091 | Eval Perf: 0.8335
[70, 100] Train Error: 0.0032 | Train Perf: 0.9447 | Eval Error: 0.0091 | Eval Perf: 0.8333
[71, 100] Train Error: 0.0032 | Train Perf: 0.9439 | Eval Error: 0.0089 | Eval Perf: 0.8369
[72, 100] Train Error: 0.0031 | Train Perf: 0.9452 | Eval Error: 0.0087 | Eval Perf: 0.8391
[73, 100] Train Error: 0.0031 | Train Perf: 0.9462 | Eval Error: 0.0087 | Eval Perf: 0.8402
[74, 100] Train Error: 0.0031 | Train Perf: 0.948 | Eval Error: 0.0089 | Eval Perf: 0.8374
[75, 100] Train Error: 0.003 | Train Perf: 0.9475 | Eval Error: 0.0088 | Eval Perf: 0.838
[76, 100] Train Error: 0.003 | Train Perf: 0.9486 | Eval Error: 0.0089 | Eval Perf: 0.8374
[77, 100] Train Error: 0.0029 | Train Perf: 0.9485 | Eval Error: 0.0088 | Eval Perf: 0.8378
[78, 100] Train Error: 0.0029 | Train Perf: 0.949 | Eval Error: 0.0088 | Eval Perf: 0.8393
[79, 100] Train Error: 0.0029 | Train Perf: 0.9492 | Eval Error: 0.0087 | Eval Perf: 0.8402
[80, 100] Train Error: 0.0028 | Train Perf: 0.951 | Eval Error: 0.0088 | Eval Perf: 0.8387
[81, 100] Train Error: 0.0028 | Train Perf: 0.9496 | Eval Error: 0.0086 | Eval Perf: 0.8421
[82, 100] Train Error: 0.0028 | Train Perf: 0.9508 | Eval Error: 0.0086 | Eval Perf: 0.8428
[83, 100] Train Error: 0.0028 | Train Perf: 0.9524 | Eval Error: 0.0087 | Eval Perf: 0.8404
[84, 100] Train Error: 0.0027 | Train Perf: 0.9521 | Eval Error: 0.0088 | Eval Perf: 0.8401
[85, 100] Train Error: 0.0027 | Train Perf: 0.9519 | Eval Error: 0.0087 | Eval Perf: 0.8415
[86, 100] Train Error: 0.0027 | Train Perf: 0.9527 | Eval Error: 0.0086 | Eval Perf: 0.8426
[87, 100] Train Error: 0.0027 | Train Perf: 0.9531 | Eval Error: 0.0086 | Eval Perf: 0.8424
[88, 100] Train Error: 0.0026 | Train Perf: 0.9535 | Eval Error: 0.0086 | Eval Perf: 0.8427
[89, 100] Train Error: 0.0026 | Train Perf: 0.9543 | Eval Error: 0.0087 | Eval Perf: 0.8419
[90, 100] Train Error: 0.0026 | Train Perf: 0.9542 | Eval Error: 0.0086 | Eval Perf: 0.8421
[91, 100] Train Error: 0.0026 | Train Perf: 0.9541 | Eval Error: 0.0085 | Eval Perf: 0.8436
[92, 100] Train Error: 0.0025 | Train Perf: 0.9554 | Eval Error: 0.0086 | Eval Perf: 0.8426
[93, 100] Train Error: 0.0025 | Train Perf: 0.9549 | Eval Error: 0.0086 | Eval Perf: 0.8436
[94, 100] Train Error: 0.0025 | Train Perf: 0.9554 | Eval Error: 0.0085 | Eval Perf: 0.844
[95, 100] Train Error: 0.0025 | Train Perf: 0.9561 | Eval Error: 0.0086 | Eval Perf: 0.8436
[96, 100] Train Error: 0.0025 | Train Perf: 0.956 | Eval Error: 0.0085 | Eval Perf: 0.8441
[97, 100] Train Error: 0.0024 | Train Perf: 0.9563 | Eval Error: 0.0085 | Eval Perf: 0.8449
[98, 100] Train Error: 0.0024 | Train Perf: 0.9568 | Eval Error: 0.0085 | Eval Perf: 0.8448
[99, 100] Train Error: 0.0024 | Train Perf: 0.9574 | Eval Error: 0.0086 | Eval Perf: 0.8441
[100, 100] Train Error: 0.0024 | Train Perf: 0.957 | Eval Error: 0.0084 | Eval Perf: 0.8467
