NETWORK SUMMARY
---------------
Input Layer shape: (1, 180)
Hidden Layer shape: (181, 5)
Output layer shape: (6, 1)
Total parameters: 911

[1, 100] Train Error: 0.0361 | Train Perf: -0.0584 | Eval Error: 0.0284 | Eval Perf: 0.1637
[2, 100] Train Error: 0.0267 | Train Perf: 0.1541 | Eval Error: 0.0272 | Eval Perf: 0.3984
[3, 100] Train Error: 0.0259 | Train Perf: 0.3645 | Eval Error: 0.0264 | Eval Perf: 0.5378
[4, 100] Train Error: 0.0251 | Train Perf: 0.4688 | Eval Error: 0.0257 | Eval Perf: 0.615
[5, 100] Train Error: 0.0243 | Train Perf: 0.5116 | Eval Error: 0.0248 | Eval Perf: 0.6605
[6, 100] Train Error: 0.0235 | Train Perf: 0.5778 | Eval Error: 0.0239 | Eval Perf: 0.6792
[7, 100] Train Error: 0.0228 | Train Perf: 0.5848 | Eval Error: 0.023 | Eval Perf: 0.6969
[8, 100] Train Error: 0.022 | Train Perf: 0.5891 | Eval Error: 0.0221 | Eval Perf: 0.7164
[9, 100] Train Error: 0.0212 | Train Perf: 0.6081 | Eval Error: 0.0212 | Eval Perf: 0.7274
[10, 100] Train Error: 0.0204 | Train Perf: 0.6216 | Eval Error: 0.0203 | Eval Perf: 0.7366
[11, 100] Train Error: 0.0197 | Train Perf: 0.6292 | Eval Error: 0.0195 | Eval Perf: 0.7504
[12, 100] Train Error: 0.019 | Train Perf: 0.6332 | Eval Error: 0.0188 | Eval Perf: 0.7686
[13, 100] Train Error: 0.0184 | Train Perf: 0.6576 | Eval Error: 0.0179 | Eval Perf: 0.7751
[14, 100] Train Error: 0.0177 | Train Perf: 0.6625 | Eval Error: 0.0172 | Eval Perf: 0.7869
[15, 100] Train Error: 0.0171 | Train Perf: 0.6789 | Eval Error: 0.0164 | Eval Perf: 0.7929
[16, 100] Train Error: 0.0165 | Train Perf: 0.6838 | Eval Error: 0.0157 | Eval Perf: 0.807
[17, 100] Train Error: 0.0159 | Train Perf: 0.6994 | Eval Error: 0.0151 | Eval Perf: 0.8154
[18, 100] Train Error: 0.0154 | Train Perf: 0.7059 | Eval Error: 0.0144 | Eval Perf: 0.8236
[19, 100] Train Error: 0.0148 | Train Perf: 0.7196 | Eval Error: 0.0139 | Eval Perf: 0.8347
[20, 100] Train Error: 0.0143 | Train Perf: 0.7312 | Eval Error: 0.0133 | Eval Perf: 0.84
[21, 100] Train Error: 0.0138 | Train Perf: 0.7442 | Eval Error: 0.0127 | Eval Perf: 0.8449
[22, 100] Train Error: 0.0133 | Train Perf: 0.7532 | Eval Error: 0.0122 | Eval Perf: 0.8516
[23, 100] Train Error: 0.0128 | Train Perf: 0.76 | Eval Error: 0.0119 | Eval Perf: 0.8599
[24, 100] Train Error: 0.0123 | Train Perf: 0.7734 | Eval Error: 0.0114 | Eval Perf: 0.8649
[25, 100] Train Error: 0.0119 | Train Perf: 0.7852 | Eval Error: 0.0109 | Eval Perf: 0.8661
[26, 100] Train Error: 0.0114 | Train Perf: 0.7887 | Eval Error: 0.0107 | Eval Perf: 0.8741
[27, 100] Train Error: 0.011 | Train Perf: 0.8044 | Eval Error: 0.0101 | Eval Perf: 0.8737
[28, 100] Train Error: 0.0106 | Train Perf: 0.8062 | Eval Error: 0.01 | Eval Perf: 0.8811
[29, 100] Train Error: 0.0102 | Train Perf: 0.8196 | Eval Error: 0.0095 | Eval Perf: 0.8816
[30, 100] Train Error: 0.0098 | Train Perf: 0.8251 | Eval Error: 0.0093 | Eval Perf: 0.8839
[31, 100] Train Error: 0.0095 | Train Perf: 0.8355 | Eval Error: 0.0089 | Eval Perf: 0.8845
[32, 100] Train Error: 0.0091 | Train Perf: 0.8398 | Eval Error: 0.0088 | Eval Perf: 0.8885
[33, 100] Train Error: 0.0088 | Train Perf: 0.8493 | Eval Error: 0.0084 | Eval Perf: 0.8884
[34, 100] Train Error: 0.0084 | Train Perf: 0.8606 | Eval Error: 0.008 | Eval Perf: 0.8843
[35, 100] Train Error: 0.0081 | Train Perf: 0.8558 | Eval Error: 0.0081 | Eval Perf: 0.8928
[36, 100] Train Error: 0.0078 | Train Perf: 0.8665 | Eval Error: 0.0079 | Eval Perf: 0.8927
[37, 100] Train Error: 0.0075 | Train Perf: 0.8741 | Eval Error: 0.0075 | Eval Perf: 0.8904
[38, 100] Train Error: 0.0073 | Train Perf: 0.8754 | Eval Error: 0.0074 | Eval Perf: 0.8922
[39, 100] Train Error: 0.0071 | Train Perf: 0.8812 | Eval Error: 0.0073 | Eval Perf: 0.8923
[40, 100] Train Error: 0.0068 | Train Perf: 0.8854 | Eval Error: 0.0072 | Eval Perf: 0.8932
[41, 100] Train Error: 0.0066 | Train Perf: 0.8878 | Eval Error: 0.0072 | Eval Perf: 0.8959
[42, 100] Train Error: 0.0064 | Train Perf: 0.8941 | Eval Error: 0.007 | Eval Perf: 0.896
[43, 100] Train Error: 0.0062 | Train Perf: 0.8966 | Eval Error: 0.007 | Eval Perf: 0.8964
[44, 100] Train Error: 0.006 | Train Perf: 0.8999 | Eval Error: 0.0069 | Eval Perf: 0.8974
[45, 100] Train Error: 0.0058 | Train Perf: 0.9048 | Eval Error: 0.0067 | Eval Perf: 0.8963
[46, 100] Train Error: 0.0056 | Train Perf: 0.9057 | Eval Error: 0.0067 | Eval Perf: 0.8977
[47, 100] Train Error: 0.0055 | Train Perf: 0.9088 | Eval Error: 0.0067 | Eval Perf: 0.8994
[48, 100] Train Error: 0.0053 | Train Perf: 0.9156 | Eval Error: 0.0065 | Eval Perf: 0.8959
[49, 100] Train Error: 0.0052 | Train Perf: 0.9155 | Eval Error: 0.0064 | Eval Perf: 0.8958
[50, 100] Train Error: 0.005 | Train Perf: 0.9159 | Eval Error: 0.0063 | Eval Perf: 0.8971
[51, 100] Train Error: 0.0049 | Train Perf: 0.9198 | Eval Error: 0.0062 | Eval Perf: 0.8967
[52, 100] Train Error: 0.0048 | Train Perf: 0.9212 | Eval Error: 0.0062 | Eval Perf: 0.8971
[53, 100] Train Error: 0.0047 | Train Perf: 0.9223 | Eval Error: 0.0062 | Eval Perf: 0.8977
[54, 100] Train Error: 0.0046 | Train Perf: 0.9256 | Eval Error: 0.0061 | Eval Perf: 0.8975
[55, 100] Train Error: 0.0045 | Train Perf: 0.9263 | Eval Error: 0.0061 | Eval Perf: 0.8979
[56, 100] Train Error: 0.0043 | Train Perf: 0.9271 | Eval Error: 0.0061 | Eval Perf: 0.9002
[57, 100] Train Error: 0.0043 | Train Perf: 0.9323 | Eval Error: 0.006 | Eval Perf: 0.8979
[58, 100] Train Error: 0.0042 | Train Perf: 0.93 | Eval Error: 0.006 | Eval Perf: 0.8993
[59, 100] Train Error: 0.0041 | Train Perf: 0.9338 | Eval Error: 0.0059 | Eval Perf: 0.8979
[60, 100] Train Error: 0.004 | Train Perf: 0.9329 | Eval Error: 0.0059 | Eval Perf: 0.8989
[61, 100] Train Error: 0.0039 | Train Perf: 0.9348 | Eval Error: 0.0059 | Eval Perf: 0.8996
[62, 100] Train Error: 0.0039 | Train Perf: 0.9354 | Eval Error: 0.0058 | Eval Perf: 0.8999
[63, 100] Train Error: 0.0038 | Train Perf: 0.9372 | Eval Error: 0.0058 | Eval Perf: 0.8998
[64, 100] Train Error: 0.0037 | Train Perf: 0.9391 | Eval Error: 0.0058 | Eval Perf: 0.8991
[65, 100] Train Error: 0.0037 | Train Perf: 0.9386 | Eval Error: 0.0058 | Eval Perf: 0.8998
[66, 100] Train Error: 0.0036 | Train Perf: 0.9407 | Eval Error: 0.0057 | Eval Perf: 0.8991
[67, 100] Train Error: 0.0035 | Train Perf: 0.9408 | Eval Error: 0.0057 | Eval Perf: 0.8991
[68, 100] Train Error: 0.0035 | Train Perf: 0.9419 | Eval Error: 0.0057 | Eval Perf: 0.8992
[69, 100] Train Error: 0.0034 | Train Perf: 0.9435 | Eval Error: 0.0056 | Eval Perf: 0.8987
[70, 100] Train Error: 0.0034 | Train Perf: 0.9438 | Eval Error: 0.0056 | Eval Perf: 0.8985
[71, 100] Train Error: 0.0033 | Train Perf: 0.9426 | Eval Error: 0.0056 | Eval Perf: 0.9002
[72, 100] Train Error: 0.0033 | Train Perf: 0.9448 | Eval Error: 0.0056 | Eval Perf: 0.9003
[73, 100] Train Error: 0.0032 | Train Perf: 0.9452 | Eval Error: 0.0056 | Eval Perf: 0.9009
[74, 100] Train Error: 0.0032 | Train Perf: 0.9473 | Eval Error: 0.0056 | Eval Perf: 0.8999
[75, 100] Train Error: 0.0032 | Train Perf: 0.9466 | Eval Error: 0.0055 | Eval Perf: 0.9002
[76, 100] Train Error: 0.0031 | Train Perf: 0.9477 | Eval Error: 0.0055 | Eval Perf: 0.9001
[77, 100] Train Error: 0.0031 | Train Perf: 0.9479 | Eval Error: 0.0055 | Eval Perf: 0.9001
[78, 100] Train Error: 0.0031 | Train Perf: 0.9482 | Eval Error: 0.0055 | Eval Perf: 0.9007
[79, 100] Train Error: 0.003 | Train Perf: 0.9485 | Eval Error: 0.0055 | Eval Perf: 0.9011
[80, 100] Train Error: 0.003 | Train Perf: 0.95 | Eval Error: 0.0055 | Eval Perf: 0.9007
[81, 100] Train Error: 0.0029 | Train Perf: 0.9495 | Eval Error: 0.0055 | Eval Perf: 0.9011
[82, 100] Train Error: 0.0029 | Train Perf: 0.9501 | Eval Error: 0.0055 | Eval Perf: 0.9015
[83, 100] Train Error: 0.0029 | Train Perf: 0.9518 | Eval Error: 0.0054 | Eval Perf: 0.9011
[84, 100] Train Error: 0.0029 | Train Perf: 0.9516 | Eval Error: 0.0054 | Eval Perf: 0.9009
[85, 100] Train Error: 0.0028 | Train Perf: 0.9517 | Eval Error: 0.0054 | Eval Perf: 0.9011
[86, 100] Train Error: 0.0028 | Train Perf: 0.9521 | Eval Error: 0.0054 | Eval Perf: 0.9013
[87, 100] Train Error: 0.0028 | Train Perf: 0.9527 | Eval Error: 0.0054 | Eval Perf: 0.9014
[88, 100] Train Error: 0.0028 | Train Perf: 0.9528 | Eval Error: 0.0054 | Eval Perf: 0.9016
[89, 100] Train Error: 0.0027 | Train Perf: 0.9537 | Eval Error: 0.0054 | Eval Perf: 0.9014
[90, 100] Train Error: 0.0027 | Train Perf: 0.9536 | Eval Error: 0.0054 | Eval Perf: 0.9015
[91, 100] Train Error: 0.0027 | Train Perf: 0.9538 | Eval Error: 0.0054 | Eval Perf: 0.9017
[92, 100] Train Error: 0.0027 | Train Perf: 0.9548 | Eval Error: 0.0054 | Eval Perf: 0.9014
[93, 100] Train Error: 0.0026 | Train Perf: 0.9544 | Eval Error: 0.0054 | Eval Perf: 0.9016
[94, 100] Train Error: 0.0026 | Train Perf: 0.955 | Eval Error: 0.0054 | Eval Perf: 0.9017
[95, 100] Train Error: 0.0026 | Train Perf: 0.9556 | Eval Error: 0.0054 | Eval Perf: 0.9016
[96, 100] Train Error: 0.0026 | Train Perf: 0.9559 | Eval Error: 0.0054 | Eval Perf: 0.9015
[97, 100] Train Error: 0.0025 | Train Perf: 0.9556 | Eval Error: 0.0053 | Eval Perf: 0.9019
[98, 100] Train Error: 0.0025 | Train Perf: 0.9567 | Eval Error: 0.0053 | Eval Perf: 0.9015
[99, 100] Train Error: 0.0025 | Train Perf: 0.9566 | Eval Error: 0.0053 | Eval Perf: 0.9015
[100, 100] Train Error: 0.0025 | Train Perf: 0.9563 | Eval Error: 0.0053 | Eval Perf: 0.902
