NETWORK SUMMARY
---------------
Input Layer shape: (1, 180)
Hidden Layer shape: (181, 5)
Output layer shape: (6, 1)
Total parameters: 911

[1, 100] Train Error: 0.0364 | Train Perf: -0.0545 | Eval Error: 0.0268 | Eval Perf: 0.1069
[2, 100] Train Error: 0.027 | Train Perf: 0.1957 | Eval Error: 0.0258 | Eval Perf: 0.2288
[3, 100] Train Error: 0.026 | Train Perf: 0.4452 | Eval Error: 0.0253 | Eval Perf: 0.2861
[4, 100] Train Error: 0.025 | Train Perf: 0.5674 | Eval Error: 0.0248 | Eval Perf: 0.3157
[5, 100] Train Error: 0.024 | Train Perf: 0.6109 | Eval Error: 0.0243 | Eval Perf: 0.3335
[6, 100] Train Error: 0.0229 | Train Perf: 0.6754 | Eval Error: 0.0242 | Eval Perf: 0.3431
[7, 100] Train Error: 0.0219 | Train Perf: 0.6773 | Eval Error: 0.0239 | Eval Perf: 0.3497
[8, 100] Train Error: 0.0208 | Train Perf: 0.6859 | Eval Error: 0.0234 | Eval Perf: 0.3551
[9, 100] Train Error: 0.0198 | Train Perf: 0.7065 | Eval Error: 0.0233 | Eval Perf: 0.358
[10, 100] Train Error: 0.0187 | Train Perf: 0.7204 | Eval Error: 0.0232 | Eval Perf: 0.3609
[11, 100] Train Error: 0.0177 | Train Perf: 0.7279 | Eval Error: 0.0231 | Eval Perf: 0.3637
[12, 100] Train Error: 0.0167 | Train Perf: 0.7348 | Eval Error: 0.023 | Eval Perf: 0.3648
[13, 100] Train Error: 0.0159 | Train Perf: 0.7582 | Eval Error: 0.0233 | Eval Perf: 0.3668
[14, 100] Train Error: 0.015 | Train Perf: 0.7627 | Eval Error: 0.0233 | Eval Perf: 0.3673
[15, 100] Train Error: 0.0141 | Train Perf: 0.7844 | Eval Error: 0.0238 | Eval Perf: 0.3688
[16, 100] Train Error: 0.0134 | Train Perf: 0.7883 | Eval Error: 0.024 | Eval Perf: 0.3689
[17, 100] Train Error: 0.0126 | Train Perf: 0.8025 | Eval Error: 0.0243 | Eval Perf: 0.3716
[18, 100] Train Error: 0.012 | Train Perf: 0.8053 | Eval Error: 0.0243 | Eval Perf: 0.3717
[19, 100] Train Error: 0.0113 | Train Perf: 0.8175 | Eval Error: 0.0244 | Eval Perf: 0.3716
[20, 100] Train Error: 0.0108 | Train Perf: 0.8286 | Eval Error: 0.025 | Eval Perf: 0.3736
[21, 100] Train Error: 0.0102 | Train Perf: 0.8383 | Eval Error: 0.0256 | Eval Perf: 0.3761
[22, 100] Train Error: 0.0097 | Train Perf: 0.8445 | Eval Error: 0.0259 | Eval Perf: 0.3775
[23, 100] Train Error: 0.0093 | Train Perf: 0.8465 | Eval Error: 0.0258 | Eval Perf: 0.3767
[24, 100] Train Error: 0.0088 | Train Perf: 0.8547 | Eval Error: 0.0257 | Eval Perf: 0.3766
[25, 100] Train Error: 0.0084 | Train Perf: 0.8655 | Eval Error: 0.0263 | Eval Perf: 0.3799
[26, 100] Train Error: 0.0081 | Train Perf: 0.8666 | Eval Error: 0.0263 | Eval Perf: 0.3794
[27, 100] Train Error: 0.0077 | Train Perf: 0.8759 | Eval Error: 0.0268 | Eval Perf: 0.3829
[28, 100] Train Error: 0.0074 | Train Perf: 0.8771 | Eval Error: 0.0268 | Eval Perf: 0.3826
[29, 100] Train Error: 0.0071 | Train Perf: 0.8826 | Eval Error: 0.0267 | Eval Perf: 0.3847
[30, 100] Train Error: 0.0068 | Train Perf: 0.8904 | Eval Error: 0.0272 | Eval Perf: 0.389
[31, 100] Train Error: 0.0066 | Train Perf: 0.891 | Eval Error: 0.0272 | Eval Perf: 0.3904
[32, 100] Train Error: 0.0064 | Train Perf: 0.894 | Eval Error: 0.0269 | Eval Perf: 0.3913
[33, 100] Train Error: 0.0062 | Train Perf: 0.8991 | Eval Error: 0.0271 | Eval Perf: 0.3934
[34, 100] Train Error: 0.0059 | Train Perf: 0.905 | Eval Error: 0.0277 | Eval Perf: 0.3957
[35, 100] Train Error: 0.0058 | Train Perf: 0.9034 | Eval Error: 0.0274 | Eval Perf: 0.3968
[36, 100] Train Error: 0.0056 | Train Perf: 0.9075 | Eval Error: 0.0275 | Eval Perf: 0.3971
[37, 100] Train Error: 0.0054 | Train Perf: 0.9127 | Eval Error: 0.0279 | Eval Perf: 0.3989
[38, 100] Train Error: 0.0052 | Train Perf: 0.9144 | Eval Error: 0.0281 | Eval Perf: 0.4022
[39, 100] Train Error: 0.0051 | Train Perf: 0.9143 | Eval Error: 0.0278 | Eval Perf: 0.4014
[40, 100] Train Error: 0.005 | Train Perf: 0.9183 | Eval Error: 0.0278 | Eval Perf: 0.4034
[41, 100] Train Error: 0.0048 | Train Perf: 0.9186 | Eval Error: 0.0272 | Eval Perf: 0.4022
[42, 100] Train Error: 0.0047 | Train Perf: 0.9247 | Eval Error: 0.0278 | Eval Perf: 0.4065
[43, 100] Train Error: 0.0046 | Train Perf: 0.923 | Eval Error: 0.0274 | Eval Perf: 0.4061
[44, 100] Train Error: 0.0045 | Train Perf: 0.9265 | Eval Error: 0.0275 | Eval Perf: 0.4073
[45, 100] Train Error: 0.0044 | Train Perf: 0.9276 | Eval Error: 0.0274 | Eval Perf: 0.409
[46, 100] Train Error: 0.0043 | Train Perf: 0.9296 | Eval Error: 0.0275 | Eval Perf: 0.4104
[47, 100] Train Error: 0.0041 | Train Perf: 0.9303 | Eval Error: 0.0269 | Eval Perf: 0.4097
[48, 100] Train Error: 0.0041 | Train Perf: 0.936 | Eval Error: 0.0278 | Eval Perf: 0.4137
[49, 100] Train Error: 0.004 | Train Perf: 0.9341 | Eval Error: 0.0275 | Eval Perf: 0.4156
[50, 100] Train Error: 0.0039 | Train Perf: 0.9353 | Eval Error: 0.0273 | Eval Perf: 0.4166
[51, 100] Train Error: 0.0038 | Train Perf: 0.9373 | Eval Error: 0.0275 | Eval Perf: 0.419
[52, 100] Train Error: 0.0038 | Train Perf: 0.937 | Eval Error: 0.0272 | Eval Perf: 0.4188
[53, 100] Train Error: 0.0037 | Train Perf: 0.9395 | Eval Error: 0.0273 | Eval Perf: 0.4212
[54, 100] Train Error: 0.0036 | Train Perf: 0.9405 | Eval Error: 0.0274 | Eval Perf: 0.4225
[55, 100] Train Error: 0.0035 | Train Perf: 0.9416 | Eval Error: 0.0274 | Eval Perf: 0.4249
[56, 100] Train Error: 0.0035 | Train Perf: 0.9413 | Eval Error: 0.0269 | Eval Perf: 0.4234
[57, 100] Train Error: 0.0034 | Train Perf: 0.9436 | Eval Error: 0.0268 | Eval Perf: 0.4262
[58, 100] Train Error: 0.0034 | Train Perf: 0.9444 | Eval Error: 0.0267 | Eval Perf: 0.4266
[59, 100] Train Error: 0.0033 | Train Perf: 0.9455 | Eval Error: 0.0268 | Eval Perf: 0.4277
[60, 100] Train Error: 0.0032 | Train Perf: 0.946 | Eval Error: 0.0267 | Eval Perf: 0.4281
[61, 100] Train Error: 0.0032 | Train Perf: 0.9466 | Eval Error: 0.0265 | Eval Perf: 0.4282
[62, 100] Train Error: 0.0031 | Train Perf: 0.948 | Eval Error: 0.0265 | Eval Perf: 0.4303
[63, 100] Train Error: 0.0031 | Train Perf: 0.9495 | Eval Error: 0.0268 | Eval Perf: 0.4313
[64, 100] Train Error: 0.003 | Train Perf: 0.9489 | Eval Error: 0.0265 | Eval Perf: 0.432
[65, 100] Train Error: 0.003 | Train Perf: 0.9502 | Eval Error: 0.0264 | Eval Perf: 0.4328
[66, 100] Train Error: 0.0029 | Train Perf: 0.9525 | Eval Error: 0.0268 | Eval Perf: 0.4368
[67, 100] Train Error: 0.0029 | Train Perf: 0.9513 | Eval Error: 0.0266 | Eval Perf: 0.4376
[68, 100] Train Error: 0.0029 | Train Perf: 0.9518 | Eval Error: 0.0262 | Eval Perf: 0.4381
[69, 100] Train Error: 0.0028 | Train Perf: 0.9531 | Eval Error: 0.0262 | Eval Perf: 0.4386
[70, 100] Train Error: 0.0028 | Train Perf: 0.9534 | Eval Error: 0.0261 | Eval Perf: 0.4398
[71, 100] Train Error: 0.0027 | Train Perf: 0.9538 | Eval Error: 0.0257 | Eval Perf: 0.4381
[72, 100] Train Error: 0.0027 | Train Perf: 0.9557 | Eval Error: 0.026 | Eval Perf: 0.4409
[73, 100] Train Error: 0.0027 | Train Perf: 0.9552 | Eval Error: 0.0258 | Eval Perf: 0.4417
[74, 100] Train Error: 0.0026 | Train Perf: 0.9563 | Eval Error: 0.0259 | Eval Perf: 0.4429
[75, 100] Train Error: 0.0026 | Train Perf: 0.9564 | Eval Error: 0.0258 | Eval Perf: 0.4423
[76, 100] Train Error: 0.0026 | Train Perf: 0.9574 | Eval Error: 0.0259 | Eval Perf: 0.4443
[77, 100] Train Error: 0.0025 | Train Perf: 0.9582 | Eval Error: 0.0261 | Eval Perf: 0.4468
[78, 100] Train Error: 0.0025 | Train Perf: 0.9578 | Eval Error: 0.0259 | Eval Perf: 0.4479
[79, 100] Train Error: 0.0025 | Train Perf: 0.9576 | Eval Error: 0.0254 | Eval Perf: 0.4465
[80, 100] Train Error: 0.0025 | Train Perf: 0.9598 | Eval Error: 0.0258 | Eval Perf: 0.4491
[81, 100] Train Error: 0.0024 | Train Perf: 0.9592 | Eval Error: 0.0256 | Eval Perf: 0.449
[82, 100] Train Error: 0.0024 | Train Perf: 0.9598 | Eval Error: 0.0256 | Eval Perf: 0.4501
[83, 100] Train Error: 0.0024 | Train Perf: 0.9601 | Eval Error: 0.0256 | Eval Perf: 0.451
[84, 100] Train Error: 0.0024 | Train Perf: 0.9608 | Eval Error: 0.0257 | Eval Perf: 0.4523
[85, 100] Train Error: 0.0023 | Train Perf: 0.9605 | Eval Error: 0.0255 | Eval Perf: 0.4516
[86, 100] Train Error: 0.0023 | Train Perf: 0.9612 | Eval Error: 0.0255 | Eval Perf: 0.4525
[87, 100] Train Error: 0.0023 | Train Perf: 0.9622 | Eval Error: 0.0257 | Eval Perf: 0.4544
[88, 100] Train Error: 0.0023 | Train Perf: 0.9615 | Eval Error: 0.0255 | Eval Perf: 0.4537
[89, 100] Train Error: 0.0023 | Train Perf: 0.9624 | Eval Error: 0.0256 | Eval Perf: 0.4546
[90, 100] Train Error: 0.0022 | Train Perf: 0.9626 | Eval Error: 0.0256 | Eval Perf: 0.4558
[91, 100] Train Error: 0.0022 | Train Perf: 0.9624 | Eval Error: 0.0254 | Eval Perf: 0.4547
[92, 100] Train Error: 0.0022 | Train Perf: 0.9634 | Eval Error: 0.0256 | Eval Perf: 0.4561
[93, 100] Train Error: 0.0022 | Train Perf: 0.9636 | Eval Error: 0.0257 | Eval Perf: 0.457
[94, 100] Train Error: 0.0022 | Train Perf: 0.9631 | Eval Error: 0.0254 | Eval Perf: 0.4565
[95, 100] Train Error: 0.0021 | Train Perf: 0.964 | Eval Error: 0.0254 | Eval Perf: 0.4562
[96, 100] Train Error: 0.0021 | Train Perf: 0.964 | Eval Error: 0.0254 | Eval Perf: 0.4559
[97, 100] Train Error: 0.0021 | Train Perf: 0.9645 | Eval Error: 0.0254 | Eval Perf: 0.4571
[98, 100] Train Error: 0.0021 | Train Perf: 0.9646 | Eval Error: 0.0254 | Eval Perf: 0.4576
[99, 100] Train Error: 0.0021 | Train Perf: 0.9648 | Eval Error: 0.0255 | Eval Perf: 0.4579
[100, 100] Train Error: 0.0021 | Train Perf: 0.9649 | Eval Error: 0.0253 | Eval Perf: 0.4577
