NETWORK SUMMARY
---------------
Input Layer shape: (1, 180)
Hidden Layer shape: (181, 5)
Output layer shape: (6, 1)
Total parameters: 911

[1, 100] Train Error: 0.0367 | Train Perf: -0.0549 | Eval Error: 0.0254 | Eval Perf: 0.1742
[2, 100] Train Error: 0.0273 | Train Perf: 0.1781 | Eval Error: 0.0245 | Eval Perf: 0.2947
[3, 100] Train Error: 0.0262 | Train Perf: 0.4 | Eval Error: 0.0238 | Eval Perf: 0.3598
[4, 100] Train Error: 0.0253 | Train Perf: 0.5377 | Eval Error: 0.0234 | Eval Perf: 0.3919
[5, 100] Train Error: 0.0243 | Train Perf: 0.5702 | Eval Error: 0.023 | Eval Perf: 0.415
[6, 100] Train Error: 0.0233 | Train Perf: 0.6149 | Eval Error: 0.0225 | Eval Perf: 0.4298
[7, 100] Train Error: 0.0222 | Train Perf: 0.6436 | Eval Error: 0.022 | Eval Perf: 0.4439
[8, 100] Train Error: 0.0212 | Train Perf: 0.6444 | Eval Error: 0.0216 | Eval Perf: 0.4635
[9, 100] Train Error: 0.0203 | Train Perf: 0.655 | Eval Error: 0.0212 | Eval Perf: 0.4799
[10, 100] Train Error: 0.0194 | Train Perf: 0.6714 | Eval Error: 0.0207 | Eval Perf: 0.4956
[11, 100] Train Error: 0.0185 | Train Perf: 0.6943 | Eval Error: 0.0201 | Eval Perf: 0.5068
[12, 100] Train Error: 0.0177 | Train Perf: 0.6982 | Eval Error: 0.0198 | Eval Perf: 0.525
[13, 100] Train Error: 0.0169 | Train Perf: 0.7119 | Eval Error: 0.0194 | Eval Perf: 0.5411
[14, 100] Train Error: 0.0161 | Train Perf: 0.7241 | Eval Error: 0.0192 | Eval Perf: 0.5575
[15, 100] Train Error: 0.0154 | Train Perf: 0.737 | Eval Error: 0.0189 | Eval Perf: 0.5725
[16, 100] Train Error: 0.0147 | Train Perf: 0.7508 | Eval Error: 0.0186 | Eval Perf: 0.5862
[17, 100] Train Error: 0.014 | Train Perf: 0.7631 | Eval Error: 0.0181 | Eval Perf: 0.5959
[18, 100] Train Error: 0.0134 | Train Perf: 0.7698 | Eval Error: 0.018 | Eval Perf: 0.6101
[19, 100] Train Error: 0.0128 | Train Perf: 0.7868 | Eval Error: 0.0174 | Eval Perf: 0.6178
[20, 100] Train Error: 0.0122 | Train Perf: 0.7879 | Eval Error: 0.0174 | Eval Perf: 0.632
[21, 100] Train Error: 0.0117 | Train Perf: 0.8056 | Eval Error: 0.0168 | Eval Perf: 0.6382
[22, 100] Train Error: 0.0112 | Train Perf: 0.8065 | Eval Error: 0.0167 | Eval Perf: 0.6518
[23, 100] Train Error: 0.0107 | Train Perf: 0.8142 | Eval Error: 0.0167 | Eval Perf: 0.6624
[24, 100] Train Error: 0.0103 | Train Perf: 0.8274 | Eval Error: 0.0162 | Eval Perf: 0.6678
[25, 100] Train Error: 0.0099 | Train Perf: 0.828 | Eval Error: 0.0164 | Eval Perf: 0.6807
[26, 100] Train Error: 0.0095 | Train Perf: 0.8431 | Eval Error: 0.0157 | Eval Perf: 0.6839
[27, 100] Train Error: 0.0091 | Train Perf: 0.8442 | Eval Error: 0.0156 | Eval Perf: 0.6941
[28, 100] Train Error: 0.0088 | Train Perf: 0.8471 | Eval Error: 0.0158 | Eval Perf: 0.707
[29, 100] Train Error: 0.0085 | Train Perf: 0.8542 | Eval Error: 0.0158 | Eval Perf: 0.7159
[30, 100] Train Error: 0.0082 | Train Perf: 0.8615 | Eval Error: 0.0154 | Eval Perf: 0.7222
[31, 100] Train Error: 0.0079 | Train Perf: 0.8642 | Eval Error: 0.0154 | Eval Perf: 0.7311
[32, 100] Train Error: 0.0076 | Train Perf: 0.8687 | Eval Error: 0.0155 | Eval Perf: 0.7394
[33, 100] Train Error: 0.0074 | Train Perf: 0.8768 | Eval Error: 0.0149 | Eval Perf: 0.7432
[34, 100] Train Error: 0.0072 | Train Perf: 0.8783 | Eval Error: 0.015 | Eval Perf: 0.7521
[35, 100] Train Error: 0.0069 | Train Perf: 0.8828 | Eval Error: 0.0153 | Eval Perf: 0.7611
[36, 100] Train Error: 0.0067 | Train Perf: 0.8879 | Eval Error: 0.015 | Eval Perf: 0.7649
[37, 100] Train Error: 0.0065 | Train Perf: 0.8942 | Eval Error: 0.0142 | Eval Perf: 0.767
[38, 100] Train Error: 0.0063 | Train Perf: 0.8928 | Eval Error: 0.0147 | Eval Perf: 0.7774
[39, 100] Train Error: 0.0061 | Train Perf: 0.9017 | Eval Error: 0.0138 | Eval Perf: 0.7779
[40, 100] Train Error: 0.0059 | Train Perf: 0.9017 | Eval Error: 0.0137 | Eval Perf: 0.7823
[41, 100] Train Error: 0.0058 | Train Perf: 0.9044 | Eval Error: 0.0135 | Eval Perf: 0.7872
[42, 100] Train Error: 0.0056 | Train Perf: 0.9049 | Eval Error: 0.0141 | Eval Perf: 0.795
[43, 100] Train Error: 0.0055 | Train Perf: 0.9103 | Eval Error: 0.0138 | Eval Perf: 0.7977
[44, 100] Train Error: 0.0053 | Train Perf: 0.9124 | Eval Error: 0.0136 | Eval Perf: 0.8012
[45, 100] Train Error: 0.0052 | Train Perf: 0.9139 | Eval Error: 0.0137 | Eval Perf: 0.8051
[46, 100] Train Error: 0.005 | Train Perf: 0.9166 | Eval Error: 0.0136 | Eval Perf: 0.8082
[47, 100] Train Error: 0.0049 | Train Perf: 0.9202 | Eval Error: 0.0132 | Eval Perf: 0.8101
[48, 100] Train Error: 0.0048 | Train Perf: 0.9206 | Eval Error: 0.0132 | Eval Perf: 0.8137
[49, 100] Train Error: 0.0047 | Train Perf: 0.9236 | Eval Error: 0.0129 | Eval Perf: 0.8155
[50, 100] Train Error: 0.0046 | Train Perf: 0.9251 | Eval Error: 0.0128 | Eval Perf: 0.8179
[51, 100] Train Error: 0.0045 | Train Perf: 0.9255 | Eval Error: 0.0129 | Eval Perf: 0.8218
[52, 100] Train Error: 0.0044 | Train Perf: 0.9278 | Eval Error: 0.013 | Eval Perf: 0.8242
[53, 100] Train Error: 0.0043 | Train Perf: 0.9295 | Eval Error: 0.0128 | Eval Perf: 0.8263
[54, 100] Train Error: 0.0042 | Train Perf: 0.9308 | Eval Error: 0.0126 | Eval Perf: 0.8285
[55, 100] Train Error: 0.0041 | Train Perf: 0.9325 | Eval Error: 0.0125 | Eval Perf: 0.8304
[56, 100] Train Error: 0.004 | Train Perf: 0.9337 | Eval Error: 0.0124 | Eval Perf: 0.8324
[57, 100] Train Error: 0.0039 | Train Perf: 0.9348 | Eval Error: 0.0123 | Eval Perf: 0.8338
[58, 100] Train Error: 0.0039 | Train Perf: 0.937 | Eval Error: 0.0119 | Eval Perf: 0.834
[59, 100] Train Error: 0.0038 | Train Perf: 0.9374 | Eval Error: 0.0117 | Eval Perf: 0.8351
[60, 100] Train Error: 0.0037 | Train Perf: 0.9374 | Eval Error: 0.012 | Eval Perf: 0.838
[61, 100] Train Error: 0.0037 | Train Perf: 0.9386 | Eval Error: 0.0121 | Eval Perf: 0.8397
[62, 100] Train Error: 0.0036 | Train Perf: 0.9405 | Eval Error: 0.0119 | Eval Perf: 0.84
[63, 100] Train Error: 0.0036 | Train Perf: 0.9403 | Eval Error: 0.0121 | Eval Perf: 0.8427
[64, 100] Train Error: 0.0035 | Train Perf: 0.9428 | Eval Error: 0.0117 | Eval Perf: 0.843
[65, 100] Train Error: 0.0034 | Train Perf: 0.942 | Eval Error: 0.0121 | Eval Perf: 0.8448
[66, 100] Train Error: 0.0034 | Train Perf: 0.9441 | Eval Error: 0.0117 | Eval Perf: 0.845
[67, 100] Train Error: 0.0033 | Train Perf: 0.9446 | Eval Error: 0.0118 | Eval Perf: 0.8458
[68, 100] Train Error: 0.0033 | Train Perf: 0.9456 | Eval Error: 0.0115 | Eval Perf: 0.8457
[69, 100] Train Error: 0.0033 | Train Perf: 0.9456 | Eval Error: 0.0115 | Eval Perf: 0.8473
[70, 100] Train Error: 0.0032 | Train Perf: 0.9463 | Eval Error: 0.0115 | Eval Perf: 0.8481
[71, 100] Train Error: 0.0032 | Train Perf: 0.9467 | Eval Error: 0.0116 | Eval Perf: 0.8495
[72, 100] Train Error: 0.0031 | Train Perf: 0.9479 | Eval Error: 0.0115 | Eval Perf: 0.8499
[73, 100] Train Error: 0.0031 | Train Perf: 0.9481 | Eval Error: 0.0114 | Eval Perf: 0.8506
[74, 100] Train Error: 0.003 | Train Perf: 0.9484 | Eval Error: 0.0116 | Eval Perf: 0.8519
[75, 100] Train Error: 0.003 | Train Perf: 0.9498 | Eval Error: 0.0114 | Eval Perf: 0.8517
[76, 100] Train Error: 0.003 | Train Perf: 0.951 | Eval Error: 0.0109 | Eval Perf: 0.8515
[77, 100] Train Error: 0.0029 | Train Perf: 0.9502 | Eval Error: 0.0112 | Eval Perf: 0.8529
[78, 100] Train Error: 0.0029 | Train Perf: 0.9516 | Eval Error: 0.0109 | Eval Perf: 0.8528
[79, 100] Train Error: 0.0029 | Train Perf: 0.9512 | Eval Error: 0.011 | Eval Perf: 0.8538
[80, 100] Train Error: 0.0028 | Train Perf: 0.9523 | Eval Error: 0.0108 | Eval Perf: 0.8538
[81, 100] Train Error: 0.0028 | Train Perf: 0.9523 | Eval Error: 0.0108 | Eval Perf: 0.8543
[82, 100] Train Error: 0.0028 | Train Perf: 0.9527 | Eval Error: 0.0108 | Eval Perf: 0.8551
[83, 100] Train Error: 0.0028 | Train Perf: 0.9533 | Eval Error: 0.0107 | Eval Perf: 0.8556
[84, 100] Train Error: 0.0027 | Train Perf: 0.9533 | Eval Error: 0.0109 | Eval Perf: 0.8563
[85, 100] Train Error: 0.0027 | Train Perf: 0.9544 | Eval Error: 0.0108 | Eval Perf: 0.8565
[86, 100] Train Error: 0.0027 | Train Perf: 0.9548 | Eval Error: 0.0107 | Eval Perf: 0.8566
[87, 100] Train Error: 0.0027 | Train Perf: 0.9548 | Eval Error: 0.0108 | Eval Perf: 0.857
[88, 100] Train Error: 0.0026 | Train Perf: 0.9552 | Eval Error: 0.0108 | Eval Perf: 0.8576
[89, 100] Train Error: 0.0026 | Train Perf: 0.9558 | Eval Error: 0.0106 | Eval Perf: 0.8575
[90, 100] Train Error: 0.0026 | Train Perf: 0.9563 | Eval Error: 0.0106 | Eval Perf: 0.8579
[91, 100] Train Error: 0.0026 | Train Perf: 0.9561 | Eval Error: 0.0109 | Eval Perf: 0.8585
[92, 100] Train Error: 0.0025 | Train Perf: 0.9573 | Eval Error: 0.0106 | Eval Perf: 0.8583
[93, 100] Train Error: 0.0025 | Train Perf: 0.9568 | Eval Error: 0.0108 | Eval Perf: 0.859
[94, 100] Train Error: 0.0025 | Train Perf: 0.9575 | Eval Error: 0.0107 | Eval Perf: 0.8589
[95, 100] Train Error: 0.0025 | Train Perf: 0.9579 | Eval Error: 0.0105 | Eval Perf: 0.8589
[96, 100] Train Error: 0.0025 | Train Perf: 0.9581 | Eval Error: 0.0104 | Eval Perf: 0.8589
[97, 100] Train Error: 0.0024 | Train Perf: 0.9585 | Eval Error: 0.0103 | Eval Perf: 0.8587
[98, 100] Train Error: 0.0024 | Train Perf: 0.9587 | Eval Error: 0.0102 | Eval Perf: 0.8589
[99, 100] Train Error: 0.0024 | Train Perf: 0.9585 | Eval Error: 0.0105 | Eval Perf: 0.8594
[100, 100] Train Error: 0.0024 | Train Perf: 0.9594 | Eval Error: 0.0103 | Eval Perf: 0.8593
