NETWORK SUMMARY
---------------
Input Layer shape: (1, 180)
Hidden Layer shape: (181, 2)
Output layer shape: (3, 1)
Total parameters: 365

[1, 100] Train Error: 0.0214 | Train Perf: 0.1516 | Eval Error: 0.0179 | Eval Perf: 0.3574
[2, 100] Train Error: 0.0212 | Train Perf: -0.0272 | Eval Error: 0.0186 | Eval Perf: 0.4485
[3, 100] Train Error: 0.021 | Train Perf: -0.0168 | Eval Error: 0.0177 | Eval Perf: 0.468
[4, 100] Train Error: 0.0198 | Train Perf: 0.1952 | Eval Error: 0.0175 | Eval Perf: 0.4938
[5, 100] Train Error: 0.0187 | Train Perf: 0.3399 | Eval Error: 0.0162 | Eval Perf: 0.49
[6, 100] Train Error: 0.0169 | Train Perf: 0.519 | Eval Error: 0.0153 | Eval Perf: 0.4819
[7, 100] Train Error: 0.0141 | Train Perf: 0.6412 | Eval Error: 0.0178 | Eval Perf: 0.463
[8, 100] Train Error: 0.0134 | Train Perf: 0.6763 | Eval Error: 0.0141 | Eval Perf: 0.49
[9, 100] Train Error: 0.011 | Train Perf: 0.7563 | Eval Error: 0.015 | Eval Perf: 0.4999
[10, 100] Train Error: 0.0098 | Train Perf: 0.7662 | Eval Error: 0.0139 | Eval Perf: 0.4819
[11, 100] Train Error: 0.0087 | Train Perf: 0.7863 | Eval Error: 0.0141 | Eval Perf: 0.4752
[12, 100] Train Error: 0.008 | Train Perf: 0.8006 | Eval Error: 0.0139 | Eval Perf: 0.482
[13, 100] Train Error: 0.0073 | Train Perf: 0.8173 | Eval Error: 0.0138 | Eval Perf: 0.4941
[14, 100] Train Error: 0.0068 | Train Perf: 0.8319 | Eval Error: 0.0137 | Eval Perf: 0.5004
[15, 100] Train Error: 0.0063 | Train Perf: 0.8419 | Eval Error: 0.0139 | Eval Perf: 0.5081
[16, 100] Train Error: 0.0056 | Train Perf: 0.8596 | Eval Error: 0.0139 | Eval Perf: 0.5002
[17, 100] Train Error: 0.0054 | Train Perf: 0.8674 | Eval Error: 0.0138 | Eval Perf: 0.5108
[18, 100] Train Error: 0.005 | Train Perf: 0.875 | Eval Error: 0.0143 | Eval Perf: 0.5132
[19, 100] Train Error: 0.0045 | Train Perf: 0.8896 | Eval Error: 0.0137 | Eval Perf: 0.5583
[20, 100] Train Error: 0.0042 | Train Perf: 0.898 | Eval Error: 0.0132 | Eval Perf: 0.544
[21, 100] Train Error: 0.004 | Train Perf: 0.9046 | Eval Error: 0.0135 | Eval Perf: 0.5641
[22, 100] Train Error: 0.0038 | Train Perf: 0.9117 | Eval Error: 0.0141 | Eval Perf: 0.5833
[23, 100] Train Error: 0.0036 | Train Perf: 0.9132 | Eval Error: 0.0131 | Eval Perf: 0.585
[24, 100] Train Error: 0.0031 | Train Perf: 0.9267 | Eval Error: 0.0137 | Eval Perf: 0.5912
[25, 100] Train Error: 0.0026 | Train Perf: 0.9387 | Eval Error: 0.0144 | Eval Perf: 0.5543
[26, 100] Train Error: 0.0028 | Train Perf: 0.9342 | Eval Error: 0.0125 | Eval Perf: 0.5879
[27, 100] Train Error: 0.0025 | Train Perf: 0.9427 | Eval Error: 0.0129 | Eval Perf: 0.6058
[28, 100] Train Error: 0.0023 | Train Perf: 0.9455 | Eval Error: 0.0134 | Eval Perf: 0.6059
[29, 100] Train Error: 0.0023 | Train Perf: 0.9456 | Eval Error: 0.0122 | Eval Perf: 0.6071
[30, 100] Train Error: 0.0021 | Train Perf: 0.9514 | Eval Error: 0.0127 | Eval Perf: 0.6207
[31, 100] Train Error: 0.0018 | Train Perf: 0.9578 | Eval Error: 0.0121 | Eval Perf: 0.6222
[32, 100] Train Error: 0.0016 | Train Perf: 0.9623 | Eval Error: 0.0123 | Eval Perf: 0.6286
[33, 100] Train Error: 0.0016 | Train Perf: 0.9636 | Eval Error: 0.0119 | Eval Perf: 0.6182
[34, 100] Train Error: 0.0015 | Train Perf: 0.9649 | Eval Error: 0.012 | Eval Perf: 0.6135
[35, 100] Train Error: 0.0014 | Train Perf: 0.9668 | Eval Error: 0.0128 | Eval Perf: 0.638
[36, 100] Train Error: 0.0013 | Train Perf: 0.9709 | Eval Error: 0.0127 | Eval Perf: 0.6382
[37, 100] Train Error: 0.0013 | Train Perf: 0.9711 | Eval Error: 0.0124 | Eval Perf: 0.6106
[38, 100] Train Error: 0.0011 | Train Perf: 0.9743 | Eval Error: 0.0122 | Eval Perf: 0.6424
[39, 100] Train Error: 0.0011 | Train Perf: 0.9757 | Eval Error: 0.0116 | Eval Perf: 0.6344
[40, 100] Train Error: 0.001 | Train Perf: 0.9765 | Eval Error: 0.0113 | Eval Perf: 0.6433
[41, 100] Train Error: 0.001 | Train Perf: 0.978 | Eval Error: 0.0114 | Eval Perf: 0.6409
[42, 100] Train Error: 0.0009 | Train Perf: 0.9787 | Eval Error: 0.0115 | Eval Perf: 0.6442
[43, 100] Train Error: 0.0009 | Train Perf: 0.9792 | Eval Error: 0.0112 | Eval Perf: 0.6463
[44, 100] Train Error: 0.0009 | Train Perf: 0.9812 | Eval Error: 0.0114 | Eval Perf: 0.6593
[45, 100] Train Error: 0.0008 | Train Perf: 0.9826 | Eval Error: 0.0113 | Eval Perf: 0.6569
[46, 100] Train Error: 0.0007 | Train Perf: 0.9833 | Eval Error: 0.0111 | Eval Perf: 0.6594
[47, 100] Train Error: 0.0007 | Train Perf: 0.9851 | Eval Error: 0.0126 | Eval Perf: 0.6802
[48, 100] Train Error: 0.0007 | Train Perf: 0.9843 | Eval Error: 0.0111 | Eval Perf: 0.6709
[49, 100] Train Error: 0.0007 | Train Perf: 0.9858 | Eval Error: 0.011 | Eval Perf: 0.6608
[50, 100] Train Error: 0.0006 | Train Perf: 0.9873 | Eval Error: 0.0112 | Eval Perf: 0.6713
[51, 100] Train Error: 0.0006 | Train Perf: 0.9873 | Eval Error: 0.0111 | Eval Perf: 0.676
[52, 100] Train Error: 0.0006 | Train Perf: 0.9879 | Eval Error: 0.0108 | Eval Perf: 0.6698
[53, 100] Train Error: 0.0005 | Train Perf: 0.9884 | Eval Error: 0.0108 | Eval Perf: 0.677
[54, 100] Train Error: 0.0005 | Train Perf: 0.9891 | Eval Error: 0.0109 | Eval Perf: 0.6785
[55, 100] Train Error: 0.0005 | Train Perf: 0.9897 | Eval Error: 0.0107 | Eval Perf: 0.672
[56, 100] Train Error: 0.0004 | Train Perf: 0.9908 | Eval Error: 0.0108 | Eval Perf: 0.682
[57, 100] Train Error: 0.0004 | Train Perf: 0.9911 | Eval Error: 0.0107 | Eval Perf: 0.6758
[58, 100] Train Error: 0.0004 | Train Perf: 0.9906 | Eval Error: 0.0106 | Eval Perf: 0.6798
[59, 100] Train Error: 0.0004 | Train Perf: 0.9915 | Eval Error: 0.0109 | Eval Perf: 0.6805
[60, 100] Train Error: 0.0004 | Train Perf: 0.9911 | Eval Error: 0.0107 | Eval Perf: 0.6777
[61, 100] Train Error: 0.0004 | Train Perf: 0.9913 | Eval Error: 0.0107 | Eval Perf: 0.6857
[62, 100] Train Error: 0.0004 | Train Perf: 0.9918 | Eval Error: 0.0106 | Eval Perf: 0.6899
[63, 100] Train Error: 0.0004 | Train Perf: 0.9921 | Eval Error: 0.0107 | Eval Perf: 0.6899
[64, 100] Train Error: 0.0003 | Train Perf: 0.9932 | Eval Error: 0.0105 | Eval Perf: 0.6795
[65, 100] Train Error: 0.0003 | Train Perf: 0.9928 | Eval Error: 0.0106 | Eval Perf: 0.6871
[66, 100] Train Error: 0.0003 | Train Perf: 0.9928 | Eval Error: 0.0106 | Eval Perf: 0.689
[67, 100] Train Error: 0.0003 | Train Perf: 0.9933 | Eval Error: 0.0105 | Eval Perf: 0.6876
[68, 100] Train Error: 0.0003 | Train Perf: 0.9939 | Eval Error: 0.0106 | Eval Perf: 0.6848
[69, 100] Train Error: 0.0003 | Train Perf: 0.9936 | Eval Error: 0.0109 | Eval Perf: 0.6929
[70, 100] Train Error: 0.0003 | Train Perf: 0.9942 | Eval Error: 0.0105 | Eval Perf: 0.6918
[71, 100] Train Error: 0.0003 | Train Perf: 0.9937 | Eval Error: 0.0105 | Eval Perf: 0.6895
[72, 100] Train Error: 0.0003 | Train Perf: 0.9937 | Eval Error: 0.0106 | Eval Perf: 0.6952
[73, 100] Train Error: 0.0003 | Train Perf: 0.9942 | Eval Error: 0.0105 | Eval Perf: 0.6912
[74, 100] Train Error: 0.0002 | Train Perf: 0.9946 | Eval Error: 0.0106 | Eval Perf: 0.6912
[75, 100] Train Error: 0.0002 | Train Perf: 0.9949 | Eval Error: 0.0107 | Eval Perf: 0.6911
[76, 100] Train Error: 0.0002 | Train Perf: 0.9948 | Eval Error: 0.0108 | Eval Perf: 0.6924
[77, 100] Train Error: 0.0002 | Train Perf: 0.9947 | Eval Error: 0.0109 | Eval Perf: 0.6898
[78, 100] Train Error: 0.0002 | Train Perf: 0.9951 | Eval Error: 0.0108 | Eval Perf: 0.6933
[79, 100] Train Error: 0.0002 | Train Perf: 0.9949 | Eval Error: 0.0105 | Eval Perf: 0.6865
[80, 100] Train Error: 0.0002 | Train Perf: 0.9949 | Eval Error: 0.0105 | Eval Perf: 0.69
[81, 100] Train Error: 0.0002 | Train Perf: 0.9952 | Eval Error: 0.0107 | Eval Perf: 0.6918
[82, 100] Train Error: 0.0002 | Train Perf: 0.9954 | Eval Error: 0.0107 | Eval Perf: 0.6947
[83, 100] Train Error: 0.0002 | Train Perf: 0.9952 | Eval Error: 0.0107 | Eval Perf: 0.6924
[84, 100] Train Error: 0.0002 | Train Perf: 0.9955 | Eval Error: 0.0108 | Eval Perf: 0.6922
[85, 100] Train Error: 0.0002 | Train Perf: 0.9954 | Eval Error: 0.0105 | Eval Perf: 0.6904
[86, 100] Train Error: 0.0002 | Train Perf: 0.9957 | Eval Error: 0.0108 | Eval Perf: 0.6976
[87, 100] Train Error: 0.0002 | Train Perf: 0.9958 | Eval Error: 0.0106 | Eval Perf: 0.6922
[88, 100] Train Error: 0.0002 | Train Perf: 0.9958 | Eval Error: 0.0105 | Eval Perf: 0.6879
[89, 100] Train Error: 0.0002 | Train Perf: 0.9958 | Eval Error: 0.0105 | Eval Perf: 0.6933
[90, 100] Train Error: 0.0002 | Train Perf: 0.9962 | Eval Error: 0.0107 | Eval Perf: 0.6963
[91, 100] Train Error: 0.0002 | Train Perf: 0.9962 | Eval Error: 0.0106 | Eval Perf: 0.6946
[92, 100] Train Error: 0.0002 | Train Perf: 0.9963 | Eval Error: 0.0107 | Eval Perf: 0.702
[93, 100] Train Error: 0.0002 | Train Perf: 0.9962 | Eval Error: 0.0106 | Eval Perf: 0.6936
[94, 100] Train Error: 0.0002 | Train Perf: 0.9962 | Eval Error: 0.0106 | Eval Perf: 0.6964
[95, 100] Train Error: 0.0002 | Train Perf: 0.9965 | Eval Error: 0.0106 | Eval Perf: 0.6958
[96, 100] Train Error: 0.0002 | Train Perf: 0.9965 | Eval Error: 0.0107 | Eval Perf: 0.6917
[97, 100] Train Error: 0.0002 | Train Perf: 0.9966 | Eval Error: 0.0106 | Eval Perf: 0.693
[98, 100] Train Error: 0.0001 | Train Perf: 0.9967 | Eval Error: 0.0106 | Eval Perf: 0.6979
[99, 100] Train Error: 0.0002 | Train Perf: 0.9966 | Eval Error: 0.0106 | Eval Perf: 0.6944
[100, 100] Train Error: 0.0002 | Train Perf: 0.9965 | Eval Error: 0.0106 | Eval Perf: 0.6962
