NETWORK SUMMARY
---------------
Input Layer shape: (1, 180)
Hidden Layer shape: (181, 5)
Output layer shape: (6, 1)
Total parameters: 911

[1, 100] Train Error: 0.0495 | Train Perf: 0.0491 | Eval Error: 0.0602 | Eval Perf: 0.3568
[2, 100] Train Error: 0.0494 | Train Perf: 0.0699 | Eval Error: 0.0485 | Eval Perf: 0.5299
[3, 100] Train Error: 0.0473 | Train Perf: 0.1115 | Eval Error: 0.0529 | Eval Perf: 0.592
[4, 100] Train Error: 0.043 | Train Perf: 0.3098 | Eval Error: 0.0493 | Eval Perf: 0.6212
[5, 100] Train Error: 0.0409 | Train Perf: 0.3848 | Eval Error: 0.0379 | Eval Perf: 0.6606
[6, 100] Train Error: 0.0332 | Train Perf: 0.5791 | Eval Error: 0.0333 | Eval Perf: 0.6904
[7, 100] Train Error: 0.0274 | Train Perf: 0.677 | Eval Error: 0.0397 | Eval Perf: 0.7145
[8, 100] Train Error: 0.0245 | Train Perf: 0.7128 | Eval Error: 0.0274 | Eval Perf: 0.7416
[9, 100] Train Error: 0.0221 | Train Perf: 0.7415 | Eval Error: 0.0276 | Eval Perf: 0.7441
[10, 100] Train Error: 0.0209 | Train Perf: 0.7562 | Eval Error: 0.0243 | Eval Perf: 0.7439
[11, 100] Train Error: 0.0184 | Train Perf: 0.7875 | Eval Error: 0.0228 | Eval Perf: 0.7561
[12, 100] Train Error: 0.0163 | Train Perf: 0.8146 | Eval Error: 0.0241 | Eval Perf: 0.7486
[13, 100] Train Error: 0.0143 | Train Perf: 0.8382 | Eval Error: 0.0217 | Eval Perf: 0.7709
[14, 100] Train Error: 0.0148 | Train Perf: 0.8324 | Eval Error: 0.021 | Eval Perf: 0.7683
[15, 100] Train Error: 0.0108 | Train Perf: 0.8804 | Eval Error: 0.0207 | Eval Perf: 0.7693
[16, 100] Train Error: 0.0124 | Train Perf: 0.8613 | Eval Error: 0.0205 | Eval Perf: 0.7778
[17, 100] Train Error: 0.0103 | Train Perf: 0.8899 | Eval Error: 0.0214 | Eval Perf: 0.7764
[18, 100] Train Error: 0.0085 | Train Perf: 0.9074 | Eval Error: 0.0197 | Eval Perf: 0.7807
[19, 100] Train Error: 0.0093 | Train Perf: 0.8998 | Eval Error: 0.02 | Eval Perf: 0.7886
[20, 100] Train Error: 0.0085 | Train Perf: 0.9093 | Eval Error: 0.0238 | Eval Perf: 0.7673
[21, 100] Train Error: 0.0073 | Train Perf: 0.9235 | Eval Error: 0.0203 | Eval Perf: 0.7775
[22, 100] Train Error: 0.0075 | Train Perf: 0.9207 | Eval Error: 0.0235 | Eval Perf: 0.7655
[23, 100] Train Error: 0.0067 | Train Perf: 0.9293 | Eval Error: 0.0184 | Eval Perf: 0.7955
[24, 100] Train Error: 0.0056 | Train Perf: 0.9428 | Eval Error: 0.0202 | Eval Perf: 0.7771
[25, 100] Train Error: 0.0053 | Train Perf: 0.9442 | Eval Error: 0.0191 | Eval Perf: 0.7869
[26, 100] Train Error: 0.0053 | Train Perf: 0.945 | Eval Error: 0.0198 | Eval Perf: 0.7823
[27, 100] Train Error: 0.0042 | Train Perf: 0.9582 | Eval Error: 0.0192 | Eval Perf: 0.7882
[28, 100] Train Error: 0.0042 | Train Perf: 0.9579 | Eval Error: 0.019 | Eval Perf: 0.789
[29, 100] Train Error: 0.0037 | Train Perf: 0.9619 | Eval Error: 0.0222 | Eval Perf: 0.7685
[30, 100] Train Error: 0.0036 | Train Perf: 0.9643 | Eval Error: 0.0268 | Eval Perf: 0.7531
[31, 100] Train Error: 0.0032 | Train Perf: 0.9682 | Eval Error: 0.0209 | Eval Perf: 0.7815
[32, 100] Train Error: 0.0028 | Train Perf: 0.9724 | Eval Error: 0.0234 | Eval Perf: 0.7691
[33, 100] Train Error: 0.0027 | Train Perf: 0.9733 | Eval Error: 0.0217 | Eval Perf: 0.7731
[34, 100] Train Error: 0.0026 | Train Perf: 0.9736 | Eval Error: 0.022 | Eval Perf: 0.7728
[35, 100] Train Error: 0.0024 | Train Perf: 0.976 | Eval Error: 0.021 | Eval Perf: 0.7808
[36, 100] Train Error: 0.0023 | Train Perf: 0.9772 | Eval Error: 0.0208 | Eval Perf: 0.7793
[37, 100] Train Error: 0.002 | Train Perf: 0.9804 | Eval Error: 0.0209 | Eval Perf: 0.7774
[38, 100] Train Error: 0.0019 | Train Perf: 0.9817 | Eval Error: 0.0241 | Eval Perf: 0.7702
[39, 100] Train Error: 0.0018 | Train Perf: 0.9821 | Eval Error: 0.0218 | Eval Perf: 0.7752
[40, 100] Train Error: 0.0016 | Train Perf: 0.9841 | Eval Error: 0.0218 | Eval Perf: 0.775
[41, 100] Train Error: 0.0018 | Train Perf: 0.9826 | Eval Error: 0.0232 | Eval Perf: 0.7715
[42, 100] Train Error: 0.0015 | Train Perf: 0.9849 | Eval Error: 0.0226 | Eval Perf: 0.7745
[43, 100] Train Error: 0.0014 | Train Perf: 0.9863 | Eval Error: 0.0235 | Eval Perf: 0.7698
[44, 100] Train Error: 0.0015 | Train Perf: 0.9853 | Eval Error: 0.0228 | Eval Perf: 0.7724
[45, 100] Train Error: 0.0014 | Train Perf: 0.9864 | Eval Error: 0.0232 | Eval Perf: 0.7736
[46, 100] Train Error: 0.0012 | Train Perf: 0.9884 | Eval Error: 0.0248 | Eval Perf: 0.7644
[47, 100] Train Error: 0.001 | Train Perf: 0.9902 | Eval Error: 0.0237 | Eval Perf: 0.768
[48, 100] Train Error: 0.0011 | Train Perf: 0.9892 | Eval Error: 0.0237 | Eval Perf: 0.7703
[49, 100] Train Error: 0.001 | Train Perf: 0.9899 | Eval Error: 0.0254 | Eval Perf: 0.7644
[50, 100] Train Error: 0.0009 | Train Perf: 0.991 | Eval Error: 0.0243 | Eval Perf: 0.7676
[51, 100] Train Error: 0.0009 | Train Perf: 0.9909 | Eval Error: 0.0284 | Eval Perf: 0.7523
[52, 100] Train Error: 0.0009 | Train Perf: 0.9915 | Eval Error: 0.0303 | Eval Perf: 0.7497
[53, 100] Train Error: 0.0009 | Train Perf: 0.9914 | Eval Error: 0.025 | Eval Perf: 0.7657
[54, 100] Train Error: 0.0009 | Train Perf: 0.9911 | Eval Error: 0.0261 | Eval Perf: 0.7631
[55, 100] Train Error: 0.0009 | Train Perf: 0.9914 | Eval Error: 0.026 | Eval Perf: 0.7621
[56, 100] Train Error: 0.0008 | Train Perf: 0.9922 | Eval Error: 0.0264 | Eval Perf: 0.7622
[57, 100] Train Error: 0.0007 | Train Perf: 0.9926 | Eval Error: 0.0263 | Eval Perf: 0.7629
[58, 100] Train Error: 0.0008 | Train Perf: 0.992 | Eval Error: 0.0257 | Eval Perf: 0.7655
[59, 100] Train Error: 0.0007 | Train Perf: 0.9928 | Eval Error: 0.0263 | Eval Perf: 0.7626
[60, 100] Train Error: 0.0007 | Train Perf: 0.9926 | Eval Error: 0.0267 | Eval Perf: 0.7598
[61, 100] Train Error: 0.0007 | Train Perf: 0.993 | Eval Error: 0.0267 | Eval Perf: 0.7617
[62, 100] Train Error: 0.0007 | Train Perf: 0.9934 | Eval Error: 0.0265 | Eval Perf: 0.7627
[63, 100] Train Error: 0.0007 | Train Perf: 0.9931 | Eval Error: 0.0264 | Eval Perf: 0.7622
[64, 100] Train Error: 0.0006 | Train Perf: 0.994 | Eval Error: 0.0269 | Eval Perf: 0.76
[65, 100] Train Error: 0.0006 | Train Perf: 0.9937 | Eval Error: 0.0273 | Eval Perf: 0.7619
[66, 100] Train Error: 0.0006 | Train Perf: 0.9938 | Eval Error: 0.0293 | Eval Perf: 0.756
[67, 100] Train Error: 0.0006 | Train Perf: 0.9942 | Eval Error: 0.0262 | Eval Perf: 0.7653
[68, 100] Train Error: 0.0006 | Train Perf: 0.9941 | Eval Error: 0.0272 | Eval Perf: 0.7605
[69, 100] Train Error: 0.0006 | Train Perf: 0.9943 | Eval Error: 0.0273 | Eval Perf: 0.7595
[70, 100] Train Error: 0.0006 | Train Perf: 0.9943 | Eval Error: 0.0271 | Eval Perf: 0.7625
[71, 100] Train Error: 0.0006 | Train Perf: 0.9942 | Eval Error: 0.0277 | Eval Perf: 0.761
[72, 100] Train Error: 0.0005 | Train Perf: 0.9951 | Eval Error: 0.0276 | Eval Perf: 0.7598
[73, 100] Train Error: 0.0005 | Train Perf: 0.9951 | Eval Error: 0.0293 | Eval Perf: 0.7575
[74, 100] Train Error: 0.0006 | Train Perf: 0.9944 | Eval Error: 0.0284 | Eval Perf: 0.76
[75, 100] Train Error: 0.0005 | Train Perf: 0.9948 | Eval Error: 0.0274 | Eval Perf: 0.7613
[76, 100] Train Error: 0.0005 | Train Perf: 0.9953 | Eval Error: 0.0271 | Eval Perf: 0.7624
[77, 100] Train Error: 0.0005 | Train Perf: 0.9947 | Eval Error: 0.0286 | Eval Perf: 0.7598
[78, 100] Train Error: 0.0005 | Train Perf: 0.995 | Eval Error: 0.0282 | Eval Perf: 0.7578
[79, 100] Train Error: 0.0004 | Train Perf: 0.9956 | Eval Error: 0.0312 | Eval Perf: 0.7541
[80, 100] Train Error: 0.0005 | Train Perf: 0.9947 | Eval Error: 0.0286 | Eval Perf: 0.7592
[81, 100] Train Error: 0.0005 | Train Perf: 0.9952 | Eval Error: 0.0281 | Eval Perf: 0.7621
[82, 100] Train Error: 0.0004 | Train Perf: 0.9956 | Eval Error: 0.0299 | Eval Perf: 0.7568
[83, 100] Train Error: 0.0004 | Train Perf: 0.9954 | Eval Error: 0.0277 | Eval Perf: 0.761
[84, 100] Train Error: 0.0004 | Train Perf: 0.9957 | Eval Error: 0.0298 | Eval Perf: 0.7569
[85, 100] Train Error: 0.0004 | Train Perf: 0.9955 | Eval Error: 0.0289 | Eval Perf: 0.759
[86, 100] Train Error: 0.0004 | Train Perf: 0.9955 | Eval Error: 0.0285 | Eval Perf: 0.7629
[87, 100] Train Error: 0.0004 | Train Perf: 0.9959 | Eval Error: 0.0278 | Eval Perf: 0.7645
[88, 100] Train Error: 0.0004 | Train Perf: 0.9958 | Eval Error: 0.028 | Eval Perf: 0.7634
[89, 100] Train Error: 0.0004 | Train Perf: 0.9959 | Eval Error: 0.0293 | Eval Perf: 0.7608
[90, 100] Train Error: 0.0004 | Train Perf: 0.9958 | Eval Error: 0.0279 | Eval Perf: 0.7651
[91, 100] Train Error: 0.0004 | Train Perf: 0.996 | Eval Error: 0.0289 | Eval Perf: 0.7624
[92, 100] Train Error: 0.0004 | Train Perf: 0.9959 | Eval Error: 0.0284 | Eval Perf: 0.7631
[93, 100] Train Error: 0.0004 | Train Perf: 0.9962 | Eval Error: 0.0284 | Eval Perf: 0.7632
[94, 100] Train Error: 0.0004 | Train Perf: 0.9962 | Eval Error: 0.0303 | Eval Perf: 0.76
[95, 100] Train Error: 0.0004 | Train Perf: 0.996 | Eval Error: 0.028 | Eval Perf: 0.764
[96, 100] Train Error: 0.0004 | Train Perf: 0.9962 | Eval Error: 0.0283 | Eval Perf: 0.7646
[97, 100] Train Error: 0.0004 | Train Perf: 0.9964 | Eval Error: 0.0296 | Eval Perf: 0.7608
[98, 100] Train Error: 0.0003 | Train Perf: 0.9964 | Eval Error: 0.0288 | Eval Perf: 0.7638
[99, 100] Train Error: 0.0004 | Train Perf: 0.9964 | Eval Error: 0.0286 | Eval Perf: 0.7634
[100, 100] Train Error: 0.0004 | Train Perf: 0.9964 | Eval Error: 0.0282 | Eval Perf: 0.7644
