NETWORK SUMMARY
---------------
Input Layer shape: (1, 180)
Hidden Layer shape: (181, 5)
Output layer shape: (6, 1)
Total parameters: 911

[1, 100] Train Error: 0.0494 | Train Perf: 0.0555 | Eval Error: 0.0591 | Eval Perf: 0.0403
[2, 100] Train Error: 0.0491 | Train Perf: 0.0818 | Eval Error: 0.0492 | Eval Perf: 0.2505
[3, 100] Train Error: 0.0464 | Train Perf: 0.1595 | Eval Error: 0.0539 | Eval Perf: 0.4348
[4, 100] Train Error: 0.0411 | Train Perf: 0.3732 | Eval Error: 0.0508 | Eval Perf: 0.4831
[5, 100] Train Error: 0.0376 | Train Perf: 0.4921 | Eval Error: 0.0427 | Eval Perf: 0.5175
[6, 100] Train Error: 0.0292 | Train Perf: 0.6615 | Eval Error: 0.0393 | Eval Perf: 0.501
[7, 100] Train Error: 0.0217 | Train Perf: 0.7683 | Eval Error: 0.044 | Eval Perf: 0.5252
[8, 100] Train Error: 0.0197 | Train Perf: 0.7834 | Eval Error: 0.0382 | Eval Perf: 0.4851
[9, 100] Train Error: 0.0169 | Train Perf: 0.8171 | Eval Error: 0.0496 | Eval Perf: 0.3566
[10, 100] Train Error: 0.0152 | Train Perf: 0.8367 | Eval Error: 0.0454 | Eval Perf: 0.3538
[11, 100] Train Error: 0.0129 | Train Perf: 0.8578 | Eval Error: 0.0465 | Eval Perf: 0.3324
[12, 100] Train Error: 0.011 | Train Perf: 0.8808 | Eval Error: 0.0462 | Eval Perf: 0.3779
[13, 100] Train Error: 0.0103 | Train Perf: 0.888 | Eval Error: 0.05 | Eval Perf: 0.2808
[14, 100] Train Error: 0.0097 | Train Perf: 0.8937 | Eval Error: 0.0488 | Eval Perf: 0.3225
[15, 100] Train Error: 0.0069 | Train Perf: 0.9261 | Eval Error: 0.0516 | Eval Perf: 0.2779
[16, 100] Train Error: 0.0089 | Train Perf: 0.9029 | Eval Error: 0.0538 | Eval Perf: 0.2381
[17, 100] Train Error: 0.0073 | Train Perf: 0.9232 | Eval Error: 0.052 | Eval Perf: 0.272
[18, 100] Train Error: 0.0065 | Train Perf: 0.9295 | Eval Error: 0.0528 | Eval Perf: 0.2693
[19, 100] Train Error: 0.0063 | Train Perf: 0.9329 | Eval Error: 0.0526 | Eval Perf: 0.284
[20, 100] Train Error: 0.0061 | Train Perf: 0.9354 | Eval Error: 0.0535 | Eval Perf: 0.2956
[21, 100] Train Error: 0.0046 | Train Perf: 0.9518 | Eval Error: 0.0586 | Eval Perf: 0.172
[22, 100] Train Error: 0.0052 | Train Perf: 0.9457 | Eval Error: 0.0548 | Eval Perf: 0.3153
[23, 100] Train Error: 0.0052 | Train Perf: 0.9447 | Eval Error: 0.0586 | Eval Perf: 0.1864
[24, 100] Train Error: 0.0049 | Train Perf: 0.9484 | Eval Error: 0.0577 | Eval Perf: 0.2061
[25, 100] Train Error: 0.0044 | Train Perf: 0.9529 | Eval Error: 0.0603 | Eval Perf: 0.1657
[26, 100] Train Error: 0.0039 | Train Perf: 0.9597 | Eval Error: 0.0594 | Eval Perf: 0.1825
[27, 100] Train Error: 0.0035 | Train Perf: 0.9637 | Eval Error: 0.062 | Eval Perf: 0.1404
[28, 100] Train Error: 0.003 | Train Perf: 0.9692 | Eval Error: 0.066 | Eval Perf: 0.0853
[29, 100] Train Error: 0.0034 | Train Perf: 0.9644 | Eval Error: 0.0611 | Eval Perf: 0.171
[30, 100] Train Error: 0.0031 | Train Perf: 0.968 | Eval Error: 0.0636 | Eval Perf: 0.1338
[31, 100] Train Error: 0.0025 | Train Perf: 0.9743 | Eval Error: 0.0617 | Eval Perf: 0.1627
[32, 100] Train Error: 0.0023 | Train Perf: 0.9769 | Eval Error: 0.0611 | Eval Perf: 0.195
[33, 100] Train Error: 0.0023 | Train Perf: 0.9756 | Eval Error: 0.0633 | Eval Perf: 0.1476
[34, 100] Train Error: 0.0024 | Train Perf: 0.9743 | Eval Error: 0.0617 | Eval Perf: 0.1657
[35, 100] Train Error: 0.0021 | Train Perf: 0.9783 | Eval Error: 0.0632 | Eval Perf: 0.1399
[36, 100] Train Error: 0.0021 | Train Perf: 0.9786 | Eval Error: 0.0656 | Eval Perf: 0.1111
[37, 100] Train Error: 0.002 | Train Perf: 0.9807 | Eval Error: 0.064 | Eval Perf: 0.1509
[38, 100] Train Error: 0.0017 | Train Perf: 0.9825 | Eval Error: 0.0623 | Eval Perf: 0.1779
[39, 100] Train Error: 0.0019 | Train Perf: 0.9807 | Eval Error: 0.0636 | Eval Perf: 0.153
[40, 100] Train Error: 0.0015 | Train Perf: 0.984 | Eval Error: 0.0651 | Eval Perf: 0.1279
[41, 100] Train Error: 0.0017 | Train Perf: 0.983 | Eval Error: 0.0627 | Eval Perf: 0.1844
[42, 100] Train Error: 0.0016 | Train Perf: 0.9833 | Eval Error: 0.0648 | Eval Perf: 0.1431
[43, 100] Train Error: 0.0016 | Train Perf: 0.9841 | Eval Error: 0.064 | Eval Perf: 0.1607
[44, 100] Train Error: 0.0015 | Train Perf: 0.9843 | Eval Error: 0.0648 | Eval Perf: 0.1512
[45, 100] Train Error: 0.0015 | Train Perf: 0.9842 | Eval Error: 0.0633 | Eval Perf: 0.1692
[46, 100] Train Error: 0.0014 | Train Perf: 0.9851 | Eval Error: 0.0636 | Eval Perf: 0.1705
[47, 100] Train Error: 0.0012 | Train Perf: 0.9877 | Eval Error: 0.0648 | Eval Perf: 0.156
[48, 100] Train Error: 0.0012 | Train Perf: 0.9876 | Eval Error: 0.067 | Eval Perf: 0.1233
[49, 100] Train Error: 0.0013 | Train Perf: 0.9864 | Eval Error: 0.0635 | Eval Perf: 0.1741
[50, 100] Train Error: 0.0012 | Train Perf: 0.9877 | Eval Error: 0.0653 | Eval Perf: 0.1556
[51, 100] Train Error: 0.0012 | Train Perf: 0.9877 | Eval Error: 0.0649 | Eval Perf: 0.1559
[52, 100] Train Error: 0.001 | Train Perf: 0.9894 | Eval Error: 0.0622 | Eval Perf: 0.2292
[53, 100] Train Error: 0.0012 | Train Perf: 0.9875 | Eval Error: 0.065 | Eval Perf: 0.1618
[54, 100] Train Error: 0.0011 | Train Perf: 0.989 | Eval Error: 0.0652 | Eval Perf: 0.1632
[55, 100] Train Error: 0.0011 | Train Perf: 0.989 | Eval Error: 0.0641 | Eval Perf: 0.1783
[56, 100] Train Error: 0.001 | Train Perf: 0.9895 | Eval Error: 0.0646 | Eval Perf: 0.1728
[57, 100] Train Error: 0.001 | Train Perf: 0.9902 | Eval Error: 0.0651 | Eval Perf: 0.1686
[58, 100] Train Error: 0.001 | Train Perf: 0.9898 | Eval Error: 0.0651 | Eval Perf: 0.1672
[59, 100] Train Error: 0.0009 | Train Perf: 0.9907 | Eval Error: 0.0655 | Eval Perf: 0.1655
[60, 100] Train Error: 0.0009 | Train Perf: 0.9906 | Eval Error: 0.0649 | Eval Perf: 0.1738
[61, 100] Train Error: 0.0009 | Train Perf: 0.9911 | Eval Error: 0.0656 | Eval Perf: 0.178
[62, 100] Train Error: 0.0009 | Train Perf: 0.9904 | Eval Error: 0.0658 | Eval Perf: 0.1623
[63, 100] Train Error: 0.0009 | Train Perf: 0.9909 | Eval Error: 0.0666 | Eval Perf: 0.1551
[64, 100] Train Error: 0.0008 | Train Perf: 0.9918 | Eval Error: 0.0658 | Eval Perf: 0.1718
[65, 100] Train Error: 0.0008 | Train Perf: 0.9918 | Eval Error: 0.0657 | Eval Perf: 0.165
[66, 100] Train Error: 0.0008 | Train Perf: 0.9916 | Eval Error: 0.0647 | Eval Perf: 0.1816
[67, 100] Train Error: 0.0007 | Train Perf: 0.9926 | Eval Error: 0.0671 | Eval Perf: 0.1513
[68, 100] Train Error: 0.0008 | Train Perf: 0.9921 | Eval Error: 0.0647 | Eval Perf: 0.1881
[69, 100] Train Error: 0.0008 | Train Perf: 0.9917 | Eval Error: 0.0641 | Eval Perf: 0.1971
[70, 100] Train Error: 0.0007 | Train Perf: 0.9926 | Eval Error: 0.065 | Eval Perf: 0.1858
[71, 100] Train Error: 0.0007 | Train Perf: 0.9926 | Eval Error: 0.0651 | Eval Perf: 0.1805
[72, 100] Train Error: 0.0007 | Train Perf: 0.9933 | Eval Error: 0.0669 | Eval Perf: 0.1632
[73, 100] Train Error: 0.0007 | Train Perf: 0.9926 | Eval Error: 0.0662 | Eval Perf: 0.1719
[74, 100] Train Error: 0.0007 | Train Perf: 0.9931 | Eval Error: 0.0659 | Eval Perf: 0.1789
[75, 100] Train Error: 0.0007 | Train Perf: 0.9932 | Eval Error: 0.0652 | Eval Perf: 0.1878
[76, 100] Train Error: 0.0006 | Train Perf: 0.9936 | Eval Error: 0.0665 | Eval Perf: 0.1683
[77, 100] Train Error: 0.0006 | Train Perf: 0.9934 | Eval Error: 0.0653 | Eval Perf: 0.1893
[78, 100] Train Error: 0.0006 | Train Perf: 0.9936 | Eval Error: 0.0655 | Eval Perf: 0.1911
[79, 100] Train Error: 0.0006 | Train Perf: 0.9936 | Eval Error: 0.0649 | Eval Perf: 0.1984
[80, 100] Train Error: 0.0006 | Train Perf: 0.9939 | Eval Error: 0.066 | Eval Perf: 0.1834
[81, 100] Train Error: 0.0006 | Train Perf: 0.9937 | Eval Error: 0.0652 | Eval Perf: 0.1932
[82, 100] Train Error: 0.0006 | Train Perf: 0.9942 | Eval Error: 0.066 | Eval Perf: 0.1878
[83, 100] Train Error: 0.0006 | Train Perf: 0.994 | Eval Error: 0.0647 | Eval Perf: 0.2039
[84, 100] Train Error: 0.0006 | Train Perf: 0.9943 | Eval Error: 0.0657 | Eval Perf: 0.1929
[85, 100] Train Error: 0.0005 | Train Perf: 0.9948 | Eval Error: 0.0669 | Eval Perf: 0.1752
[86, 100] Train Error: 0.0006 | Train Perf: 0.9941 | Eval Error: 0.0653 | Eval Perf: 0.1995
[87, 100] Train Error: 0.0005 | Train Perf: 0.9948 | Eval Error: 0.0658 | Eval Perf: 0.1917
[88, 100] Train Error: 0.0005 | Train Perf: 0.9945 | Eval Error: 0.0665 | Eval Perf: 0.1877
[89, 100] Train Error: 0.0005 | Train Perf: 0.9952 | Eval Error: 0.0634 | Eval Perf: 0.2348
[90, 100] Train Error: 0.0005 | Train Perf: 0.9945 | Eval Error: 0.0656 | Eval Perf: 0.2004
[91, 100] Train Error: 0.0005 | Train Perf: 0.9952 | Eval Error: 0.0659 | Eval Perf: 0.2028
[92, 100] Train Error: 0.0005 | Train Perf: 0.9951 | Eval Error: 0.0657 | Eval Perf: 0.1998
[93, 100] Train Error: 0.0005 | Train Perf: 0.9952 | Eval Error: 0.0663 | Eval Perf: 0.1934
[94, 100] Train Error: 0.0004 | Train Perf: 0.9956 | Eval Error: 0.064 | Eval Perf: 0.232
[95, 100] Train Error: 0.0005 | Train Perf: 0.9952 | Eval Error: 0.0657 | Eval Perf: 0.1992
[96, 100] Train Error: 0.0004 | Train Perf: 0.9956 | Eval Error: 0.0657 | Eval Perf: 0.2026
[97, 100] Train Error: 0.0004 | Train Perf: 0.9957 | Eval Error: 0.0657 | Eval Perf: 0.2038
[98, 100] Train Error: 0.0004 | Train Perf: 0.9957 | Eval Error: 0.0656 | Eval Perf: 0.2039
[99, 100] Train Error: 0.0004 | Train Perf: 0.9957 | Eval Error: 0.0663 | Eval Perf: 0.2015
[100, 100] Train Error: 0.0004 | Train Perf: 0.9957 | Eval Error: 0.0651 | Eval Perf: 0.2126
