NETWORK SUMMARY
---------------
Input Layer shape: (1, 180)
Hidden Layer shape: (181, 3)
Output layer shape: (4, 1)
Total parameters: 547

[1, 100] Train Error: 0.0365 | Train Perf: 0.3581 | Eval Error: 0.0231 | Eval Perf: 0.7102
[2, 100] Train Error: 0.0208 | Train Perf: 0.7111 | Eval Error: 0.0215 | Eval Perf: 0.7825
[3, 100] Train Error: 0.0169 | Train Perf: 0.7717 | Eval Error: 0.0199 | Eval Perf: 0.8141
[4, 100] Train Error: 0.0157 | Train Perf: 0.7908 | Eval Error: 0.0147 | Eval Perf: 0.8167
[5, 100] Train Error: 0.0152 | Train Perf: 0.7978 | Eval Error: 0.0132 | Eval Perf: 0.8286
[6, 100] Train Error: 0.0143 | Train Perf: 0.811 | Eval Error: 0.0133 | Eval Perf: 0.843
[7, 100] Train Error: 0.0141 | Train Perf: 0.8147 | Eval Error: 0.0132 | Eval Perf: 0.8396
[8, 100] Train Error: 0.0136 | Train Perf: 0.8207 | Eval Error: 0.0128 | Eval Perf: 0.8375
[9, 100] Train Error: 0.0129 | Train Perf: 0.8306 | Eval Error: 0.014 | Eval Perf: 0.8381
[10, 100] Train Error: 0.0127 | Train Perf: 0.8341 | Eval Error: 0.0134 | Eval Perf: 0.8473
[11, 100] Train Error: 0.0123 | Train Perf: 0.8394 | Eval Error: 0.0122 | Eval Perf: 0.8523
[12, 100] Train Error: 0.0119 | Train Perf: 0.8454 | Eval Error: 0.0124 | Eval Perf: 0.8524
[13, 100] Train Error: 0.0111 | Train Perf: 0.8562 | Eval Error: 0.0129 | Eval Perf: 0.839
[14, 100] Train Error: 0.0106 | Train Perf: 0.8634 | Eval Error: 0.0119 | Eval Perf: 0.8459
[15, 100] Train Error: 0.0104 | Train Perf: 0.867 | Eval Error: 0.0133 | Eval Perf: 0.8459
[16, 100] Train Error: 0.0101 | Train Perf: 0.8706 | Eval Error: 0.012 | Eval Perf: 0.8461
[17, 100] Train Error: 0.0096 | Train Perf: 0.8772 | Eval Error: 0.0142 | Eval Perf: 0.8382
[18, 100] Train Error: 0.0095 | Train Perf: 0.8797 | Eval Error: 0.0125 | Eval Perf: 0.8396
[19, 100] Train Error: 0.0091 | Train Perf: 0.8842 | Eval Error: 0.013 | Eval Perf: 0.8334
[20, 100] Train Error: 0.0089 | Train Perf: 0.8875 | Eval Error: 0.0133 | Eval Perf: 0.8338
[21, 100] Train Error: 0.0087 | Train Perf: 0.8894 | Eval Error: 0.013 | Eval Perf: 0.8317
[22, 100] Train Error: 0.0084 | Train Perf: 0.8939 | Eval Error: 0.0139 | Eval Perf: 0.8204
[23, 100] Train Error: 0.0084 | Train Perf: 0.8944 | Eval Error: 0.0139 | Eval Perf: 0.827
[24, 100] Train Error: 0.0083 | Train Perf: 0.8951 | Eval Error: 0.0137 | Eval Perf: 0.8232
[25, 100] Train Error: 0.0079 | Train Perf: 0.9007 | Eval Error: 0.0138 | Eval Perf: 0.8219
[26, 100] Train Error: 0.0079 | Train Perf: 0.9003 | Eval Error: 0.0138 | Eval Perf: 0.8215
[27, 100] Train Error: 0.0078 | Train Perf: 0.9022 | Eval Error: 0.0144 | Eval Perf: 0.8217
[28, 100] Train Error: 0.0076 | Train Perf: 0.9038 | Eval Error: 0.0145 | Eval Perf: 0.82
[29, 100] Train Error: 0.0075 | Train Perf: 0.9055 | Eval Error: 0.0134 | Eval Perf: 0.827
[30, 100] Train Error: 0.0074 | Train Perf: 0.9075 | Eval Error: 0.0139 | Eval Perf: 0.8219
[31, 100] Train Error: 0.0075 | Train Perf: 0.9063 | Eval Error: 0.014 | Eval Perf: 0.8221
[32, 100] Train Error: 0.0073 | Train Perf: 0.9085 | Eval Error: 0.0144 | Eval Perf: 0.8147
[33, 100] Train Error: 0.0072 | Train Perf: 0.9099 | Eval Error: 0.0143 | Eval Perf: 0.8178
[34, 100] Train Error: 0.0071 | Train Perf: 0.9109 | Eval Error: 0.015 | Eval Perf: 0.8096
[35, 100] Train Error: 0.0069 | Train Perf: 0.9136 | Eval Error: 0.0149 | Eval Perf: 0.8118
[36, 100] Train Error: 0.0068 | Train Perf: 0.9146 | Eval Error: 0.0148 | Eval Perf: 0.8114
[37, 100] Train Error: 0.0069 | Train Perf: 0.9132 | Eval Error: 0.0144 | Eval Perf: 0.8165
[38, 100] Train Error: 0.0068 | Train Perf: 0.9156 | Eval Error: 0.0155 | Eval Perf: 0.8101
[39, 100] Train Error: 0.0067 | Train Perf: 0.9157 | Eval Error: 0.0149 | Eval Perf: 0.8116
[40, 100] Train Error: 0.0067 | Train Perf: 0.9167 | Eval Error: 0.0156 | Eval Perf: 0.8048
[41, 100] Train Error: 0.0066 | Train Perf: 0.9173 | Eval Error: 0.015 | Eval Perf: 0.8102
[42, 100] Train Error: 0.0065 | Train Perf: 0.9188 | Eval Error: 0.0148 | Eval Perf: 0.8103
[43, 100] Train Error: 0.0063 | Train Perf: 0.921 | Eval Error: 0.0153 | Eval Perf: 0.8075
[44, 100] Train Error: 0.0065 | Train Perf: 0.9196 | Eval Error: 0.0155 | Eval Perf: 0.8057
[45, 100] Train Error: 0.0063 | Train Perf: 0.9212 | Eval Error: 0.0159 | Eval Perf: 0.8006
[46, 100] Train Error: 0.0063 | Train Perf: 0.9211 | Eval Error: 0.0159 | Eval Perf: 0.8001
[47, 100] Train Error: 0.0062 | Train Perf: 0.9231 | Eval Error: 0.0153 | Eval Perf: 0.808
[48, 100] Train Error: 0.0061 | Train Perf: 0.9238 | Eval Error: 0.0162 | Eval Perf: 0.7969
[49, 100] Train Error: 0.0061 | Train Perf: 0.9244 | Eval Error: 0.0159 | Eval Perf: 0.8013
[50, 100] Train Error: 0.006 | Train Perf: 0.9249 | Eval Error: 0.0159 | Eval Perf: 0.8009
[51, 100] Train Error: 0.006 | Train Perf: 0.9259 | Eval Error: 0.0159 | Eval Perf: 0.7993
[52, 100] Train Error: 0.006 | Train Perf: 0.9256 | Eval Error: 0.0169 | Eval Perf: 0.7942
[53, 100] Train Error: 0.006 | Train Perf: 0.9252 | Eval Error: 0.0156 | Eval Perf: 0.8029
[54, 100] Train Error: 0.0059 | Train Perf: 0.9265 | Eval Error: 0.0166 | Eval Perf: 0.793
[55, 100] Train Error: 0.0059 | Train Perf: 0.9262 | Eval Error: 0.0173 | Eval Perf: 0.7956
[56, 100] Train Error: 0.0058 | Train Perf: 0.9285 | Eval Error: 0.0165 | Eval Perf: 0.7932
[57, 100] Train Error: 0.0058 | Train Perf: 0.9276 | Eval Error: 0.0163 | Eval Perf: 0.7967
[58, 100] Train Error: 0.0058 | Train Perf: 0.9288 | Eval Error: 0.0164 | Eval Perf: 0.7954
[59, 100] Train Error: 0.0058 | Train Perf: 0.9286 | Eval Error: 0.0166 | Eval Perf: 0.7976
[60, 100] Train Error: 0.0056 | Train Perf: 0.9303 | Eval Error: 0.0164 | Eval Perf: 0.7961
[61, 100] Train Error: 0.0056 | Train Perf: 0.9305 | Eval Error: 0.0165 | Eval Perf: 0.7953
[62, 100] Train Error: 0.0057 | Train Perf: 0.9294 | Eval Error: 0.0166 | Eval Perf: 0.7962
[63, 100] Train Error: 0.0055 | Train Perf: 0.9322 | Eval Error: 0.0169 | Eval Perf: 0.7918
[64, 100] Train Error: 0.0056 | Train Perf: 0.9306 | Eval Error: 0.0171 | Eval Perf: 0.7939
[65, 100] Train Error: 0.0055 | Train Perf: 0.9314 | Eval Error: 0.0171 | Eval Perf: 0.7913
[66, 100] Train Error: 0.0057 | Train Perf: 0.9302 | Eval Error: 0.0172 | Eval Perf: 0.7895
[67, 100] Train Error: 0.0056 | Train Perf: 0.9311 | Eval Error: 0.0177 | Eval Perf: 0.7836
[68, 100] Train Error: 0.0054 | Train Perf: 0.9335 | Eval Error: 0.0169 | Eval Perf: 0.7912
[69, 100] Train Error: 0.0054 | Train Perf: 0.9334 | Eval Error: 0.0176 | Eval Perf: 0.7839
[70, 100] Train Error: 0.0055 | Train Perf: 0.9323 | Eval Error: 0.0169 | Eval Perf: 0.7914
[71, 100] Train Error: 0.0054 | Train Perf: 0.9336 | Eval Error: 0.0169 | Eval Perf: 0.7894
[72, 100] Train Error: 0.0054 | Train Perf: 0.9334 | Eval Error: 0.0171 | Eval Perf: 0.7888
[73, 100] Train Error: 0.0053 | Train Perf: 0.9342 | Eval Error: 0.0176 | Eval Perf: 0.7891
[74, 100] Train Error: 0.0054 | Train Perf: 0.9336 | Eval Error: 0.0174 | Eval Perf: 0.7861
[75, 100] Train Error: 0.0053 | Train Perf: 0.9345 | Eval Error: 0.0177 | Eval Perf: 0.7811
[76, 100] Train Error: 0.0053 | Train Perf: 0.934 | Eval Error: 0.0175 | Eval Perf: 0.7848
[77, 100] Train Error: 0.0053 | Train Perf: 0.9344 | Eval Error: 0.0182 | Eval Perf: 0.7886
[78, 100] Train Error: 0.0053 | Train Perf: 0.9345 | Eval Error: 0.0177 | Eval Perf: 0.7845
[79, 100] Train Error: 0.0052 | Train Perf: 0.9358 | Eval Error: 0.0179 | Eval Perf: 0.7851
[80, 100] Train Error: 0.0051 | Train Perf: 0.9371 | Eval Error: 0.0172 | Eval Perf: 0.7891
[81, 100] Train Error: 0.0052 | Train Perf: 0.9361 | Eval Error: 0.0174 | Eval Perf: 0.7862
[82, 100] Train Error: 0.0052 | Train Perf: 0.9361 | Eval Error: 0.0177 | Eval Perf: 0.7827
[83, 100] Train Error: 0.0051 | Train Perf: 0.9373 | Eval Error: 0.0174 | Eval Perf: 0.7848
[84, 100] Train Error: 0.0052 | Train Perf: 0.9361 | Eval Error: 0.018 | Eval Perf: 0.7831
[85, 100] Train Error: 0.0052 | Train Perf: 0.936 | Eval Error: 0.0175 | Eval Perf: 0.7846
[86, 100] Train Error: 0.0051 | Train Perf: 0.9373 | Eval Error: 0.0172 | Eval Perf: 0.7882
[87, 100] Train Error: 0.0051 | Train Perf: 0.9374 | Eval Error: 0.0174 | Eval Perf: 0.7851
[88, 100] Train Error: 0.005 | Train Perf: 0.9378 | Eval Error: 0.0182 | Eval Perf: 0.7836
[89, 100] Train Error: 0.0051 | Train Perf: 0.937 | Eval Error: 0.0179 | Eval Perf: 0.7815
[90, 100] Train Error: 0.0051 | Train Perf: 0.9376 | Eval Error: 0.0181 | Eval Perf: 0.784
[91, 100] Train Error: 0.0051 | Train Perf: 0.9375 | Eval Error: 0.0174 | Eval Perf: 0.7837
[92, 100] Train Error: 0.005 | Train Perf: 0.9386 | Eval Error: 0.0179 | Eval Perf: 0.7805
[93, 100] Train Error: 0.005 | Train Perf: 0.938 | Eval Error: 0.0178 | Eval Perf: 0.781
[94, 100] Train Error: 0.005 | Train Perf: 0.9379 | Eval Error: 0.0176 | Eval Perf: 0.7837
[95, 100] Train Error: 0.0049 | Train Perf: 0.9391 | Eval Error: 0.0178 | Eval Perf: 0.7804
[96, 100] Train Error: 0.0049 | Train Perf: 0.9393 | Eval Error: 0.0184 | Eval Perf: 0.7798
[97, 100] Train Error: 0.0049 | Train Perf: 0.939 | Eval Error: 0.0178 | Eval Perf: 0.7818
[98, 100] Train Error: 0.0049 | Train Perf: 0.9393 | Eval Error: 0.0179 | Eval Perf: 0.7813
[99, 100] Train Error: 0.0049 | Train Perf: 0.9397 | Eval Error: 0.0187 | Eval Perf: 0.7756
[100, 100] Train Error: 0.0049 | Train Perf: 0.9391 | Eval Error: 0.0183 | Eval Perf: 0.7774
