NETWORK SUMMARY
---------------
Input Layer shape: (1, 180)
Hidden Layer shape: (181, 2)
Output layer shape: (3, 1)
Total parameters: 365

[1, 100] Train Error: 0.0462 | Train Perf: 0.2637 | Eval Error: 0.046 | Eval Perf: 0.093
[2, 100] Train Error: 0.0506 | Train Perf: 0.0032 | Eval Error: 0.044 | Eval Perf: 0.1351
[3, 100] Train Error: 0.0494 | Train Perf: 0.0129 | Eval Error: 0.0431 | Eval Perf: 0.1852
[4, 100] Train Error: 0.0447 | Train Perf: 0.3162 | Eval Error: 0.0424 | Eval Perf: 0.2504
[5, 100] Train Error: 0.0388 | Train Perf: 0.5223 | Eval Error: 0.0415 | Eval Perf: 0.3124
[6, 100] Train Error: 0.0335 | Train Perf: 0.5942 | Eval Error: 0.0394 | Eval Perf: 0.3515
[7, 100] Train Error: 0.0303 | Train Perf: 0.6459 | Eval Error: 0.0377 | Eval Perf: 0.3899
[8, 100] Train Error: 0.0271 | Train Perf: 0.686 | Eval Error: 0.0341 | Eval Perf: 0.49
[9, 100] Train Error: 0.0241 | Train Perf: 0.743 | Eval Error: 0.0315 | Eval Perf: 0.5577
[10, 100] Train Error: 0.0206 | Train Perf: 0.7764 | Eval Error: 0.0259 | Eval Perf: 0.6987
[11, 100] Train Error: 0.0194 | Train Perf: 0.7968 | Eval Error: 0.0251 | Eval Perf: 0.7434
[12, 100] Train Error: 0.0173 | Train Perf: 0.8127 | Eval Error: 0.0254 | Eval Perf: 0.6626
[13, 100] Train Error: 0.015 | Train Perf: 0.8424 | Eval Error: 0.0229 | Eval Perf: 0.74
[14, 100] Train Error: 0.0132 | Train Perf: 0.8619 | Eval Error: 0.022 | Eval Perf: 0.7366
[15, 100] Train Error: 0.0118 | Train Perf: 0.8749 | Eval Error: 0.0238 | Eval Perf: 0.6902
[16, 100] Train Error: 0.0113 | Train Perf: 0.8841 | Eval Error: 0.0313 | Eval Perf: 0.6038
[17, 100] Train Error: 0.0099 | Train Perf: 0.8974 | Eval Error: 0.0249 | Eval Perf: 0.6711
[18, 100] Train Error: 0.0101 | Train Perf: 0.8936 | Eval Error: 0.024 | Eval Perf: 0.6786
[19, 100] Train Error: 0.0086 | Train Perf: 0.9114 | Eval Error: 0.0256 | Eval Perf: 0.6807
[20, 100] Train Error: 0.0079 | Train Perf: 0.9164 | Eval Error: 0.0255 | Eval Perf: 0.6559
[21, 100] Train Error: 0.0077 | Train Perf: 0.9214 | Eval Error: 0.0254 | Eval Perf: 0.6569
[22, 100] Train Error: 0.0068 | Train Perf: 0.9295 | Eval Error: 0.0273 | Eval Perf: 0.6206
[23, 100] Train Error: 0.006 | Train Perf: 0.9406 | Eval Error: 0.0267 | Eval Perf: 0.6302
[24, 100] Train Error: 0.0055 | Train Perf: 0.9453 | Eval Error: 0.0339 | Eval Perf: 0.5533
[25, 100] Train Error: 0.0053 | Train Perf: 0.9473 | Eval Error: 0.0298 | Eval Perf: 0.581
[26, 100] Train Error: 0.0043 | Train Perf: 0.9574 | Eval Error: 0.0403 | Eval Perf: 0.4904
[27, 100] Train Error: 0.0045 | Train Perf: 0.955 | Eval Error: 0.0324 | Eval Perf: 0.5393
[28, 100] Train Error: 0.0041 | Train Perf: 0.9594 | Eval Error: 0.0341 | Eval Perf: 0.5018
[29, 100] Train Error: 0.0039 | Train Perf: 0.9631 | Eval Error: 0.0397 | Eval Perf: 0.4725
[30, 100] Train Error: 0.0042 | Train Perf: 0.9582 | Eval Error: 0.036 | Eval Perf: 0.4904
[31, 100] Train Error: 0.0033 | Train Perf: 0.9686 | Eval Error: 0.0347 | Eval Perf: 0.4896
[32, 100] Train Error: 0.0032 | Train Perf: 0.9696 | Eval Error: 0.0441 | Eval Perf: 0.4233
[33, 100] Train Error: 0.0025 | Train Perf: 0.9762 | Eval Error: 0.0424 | Eval Perf: 0.4157
[34, 100] Train Error: 0.0028 | Train Perf: 0.9734 | Eval Error: 0.0394 | Eval Perf: 0.4425
[35, 100] Train Error: 0.0023 | Train Perf: 0.9783 | Eval Error: 0.0374 | Eval Perf: 0.4581
[36, 100] Train Error: 0.0024 | Train Perf: 0.9773 | Eval Error: 0.0405 | Eval Perf: 0.4013
[37, 100] Train Error: 0.0023 | Train Perf: 0.9783 | Eval Error: 0.0388 | Eval Perf: 0.4199
[38, 100] Train Error: 0.002 | Train Perf: 0.9805 | Eval Error: 0.0396 | Eval Perf: 0.4167
[39, 100] Train Error: 0.002 | Train Perf: 0.9815 | Eval Error: 0.0435 | Eval Perf: 0.3788
[40, 100] Train Error: 0.0019 | Train Perf: 0.9822 | Eval Error: 0.0495 | Eval Perf: 0.3527
[41, 100] Train Error: 0.0017 | Train Perf: 0.9838 | Eval Error: 0.0477 | Eval Perf: 0.3637
[42, 100] Train Error: 0.0019 | Train Perf: 0.9826 | Eval Error: 0.0425 | Eval Perf: 0.3663
[43, 100] Train Error: 0.0017 | Train Perf: 0.9841 | Eval Error: 0.0418 | Eval Perf: 0.3733
[44, 100] Train Error: 0.0015 | Train Perf: 0.9869 | Eval Error: 0.0421 | Eval Perf: 0.3674
[45, 100] Train Error: 0.0013 | Train Perf: 0.9881 | Eval Error: 0.0451 | Eval Perf: 0.3351
[46, 100] Train Error: 0.0014 | Train Perf: 0.9866 | Eval Error: 0.0502 | Eval Perf: 0.3155
[47, 100] Train Error: 0.0014 | Train Perf: 0.9872 | Eval Error: 0.0481 | Eval Perf: 0.3221
[48, 100] Train Error: 0.0012 | Train Perf: 0.9893 | Eval Error: 0.0461 | Eval Perf: 0.3154
[49, 100] Train Error: 0.0011 | Train Perf: 0.9904 | Eval Error: 0.0449 | Eval Perf: 0.3285
[50, 100] Train Error: 0.0009 | Train Perf: 0.9916 | Eval Error: 0.0441 | Eval Perf: 0.3332
[51, 100] Train Error: 0.0012 | Train Perf: 0.9892 | Eval Error: 0.0489 | Eval Perf: 0.2962
[52, 100] Train Error: 0.0009 | Train Perf: 0.9917 | Eval Error: 0.0501 | Eval Perf: 0.298
[53, 100] Train Error: 0.001 | Train Perf: 0.991 | Eval Error: 0.0474 | Eval Perf: 0.3048
[54, 100] Train Error: 0.001 | Train Perf: 0.9916 | Eval Error: 0.0477 | Eval Perf: 0.2899
[55, 100] Train Error: 0.0009 | Train Perf: 0.992 | Eval Error: 0.0508 | Eval Perf: 0.2647
[56, 100] Train Error: 0.0008 | Train Perf: 0.9931 | Eval Error: 0.049 | Eval Perf: 0.2802
[57, 100] Train Error: 0.0008 | Train Perf: 0.9926 | Eval Error: 0.0501 | Eval Perf: 0.2792
[58, 100] Train Error: 0.0008 | Train Perf: 0.9926 | Eval Error: 0.0485 | Eval Perf: 0.2753
[59, 100] Train Error: 0.0008 | Train Perf: 0.9931 | Eval Error: 0.0516 | Eval Perf: 0.2689
[60, 100] Train Error: 0.0008 | Train Perf: 0.9932 | Eval Error: 0.0504 | Eval Perf: 0.2623
[61, 100] Train Error: 0.0007 | Train Perf: 0.9935 | Eval Error: 0.0522 | Eval Perf: 0.2426
[62, 100] Train Error: 0.0006 | Train Perf: 0.9944 | Eval Error: 0.0549 | Eval Perf: 0.2385
[63, 100] Train Error: 0.0007 | Train Perf: 0.9935 | Eval Error: 0.053 | Eval Perf: 0.243
[64, 100] Train Error: 0.0007 | Train Perf: 0.9937 | Eval Error: 0.0515 | Eval Perf: 0.2456
[65, 100] Train Error: 0.0006 | Train Perf: 0.9947 | Eval Error: 0.0515 | Eval Perf: 0.2288
[66, 100] Train Error: 0.0006 | Train Perf: 0.9946 | Eval Error: 0.0538 | Eval Perf: 0.2329
[67, 100] Train Error: 0.0006 | Train Perf: 0.9949 | Eval Error: 0.0537 | Eval Perf: 0.2317
[68, 100] Train Error: 0.0005 | Train Perf: 0.9953 | Eval Error: 0.0524 | Eval Perf: 0.2274
[69, 100] Train Error: 0.0005 | Train Perf: 0.9954 | Eval Error: 0.0554 | Eval Perf: 0.2159
[70, 100] Train Error: 0.0006 | Train Perf: 0.9951 | Eval Error: 0.0523 | Eval Perf: 0.2296
[71, 100] Train Error: 0.0005 | Train Perf: 0.9958 | Eval Error: 0.0541 | Eval Perf: 0.2168
[72, 100] Train Error: 0.0005 | Train Perf: 0.9954 | Eval Error: 0.0527 | Eval Perf: 0.2237
[73, 100] Train Error: 0.0005 | Train Perf: 0.9956 | Eval Error: 0.0542 | Eval Perf: 0.2066
[74, 100] Train Error: 0.0005 | Train Perf: 0.996 | Eval Error: 0.054 | Eval Perf: 0.2206
[75, 100] Train Error: 0.0004 | Train Perf: 0.9962 | Eval Error: 0.0542 | Eval Perf: 0.2184
[76, 100] Train Error: 0.0005 | Train Perf: 0.9959 | Eval Error: 0.0541 | Eval Perf: 0.2134
[77, 100] Train Error: 0.0005 | Train Perf: 0.996 | Eval Error: 0.0555 | Eval Perf: 0.2045
[78, 100] Train Error: 0.0004 | Train Perf: 0.9963 | Eval Error: 0.0548 | Eval Perf: 0.2123
[79, 100] Train Error: 0.0004 | Train Perf: 0.9965 | Eval Error: 0.0559 | Eval Perf: 0.2044
[80, 100] Train Error: 0.0004 | Train Perf: 0.9965 | Eval Error: 0.054 | Eval Perf: 0.2062
[81, 100] Train Error: 0.0004 | Train Perf: 0.9966 | Eval Error: 0.0578 | Eval Perf: 0.1944
[82, 100] Train Error: 0.0004 | Train Perf: 0.9964 | Eval Error: 0.0553 | Eval Perf: 0.2012
[83, 100] Train Error: 0.0004 | Train Perf: 0.9967 | Eval Error: 0.0559 | Eval Perf: 0.1961
[84, 100] Train Error: 0.0004 | Train Perf: 0.9969 | Eval Error: 0.0551 | Eval Perf: 0.1983
[85, 100] Train Error: 0.0003 | Train Perf: 0.9971 | Eval Error: 0.0568 | Eval Perf: 0.1956
[86, 100] Train Error: 0.0003 | Train Perf: 0.997 | Eval Error: 0.0561 | Eval Perf: 0.1915
[87, 100] Train Error: 0.0003 | Train Perf: 0.9971 | Eval Error: 0.0564 | Eval Perf: 0.1852
[88, 100] Train Error: 0.0003 | Train Perf: 0.9971 | Eval Error: 0.0569 | Eval Perf: 0.1923
[89, 100] Train Error: 0.0003 | Train Perf: 0.997 | Eval Error: 0.0557 | Eval Perf: 0.1994
[90, 100] Train Error: 0.0003 | Train Perf: 0.997 | Eval Error: 0.0566 | Eval Perf: 0.1845
[91, 100] Train Error: 0.0003 | Train Perf: 0.9972 | Eval Error: 0.0561 | Eval Perf: 0.192
[92, 100] Train Error: 0.0003 | Train Perf: 0.9974 | Eval Error: 0.0598 | Eval Perf: 0.1772
[93, 100] Train Error: 0.0003 | Train Perf: 0.9971 | Eval Error: 0.0565 | Eval Perf: 0.182
[94, 100] Train Error: 0.0003 | Train Perf: 0.9975 | Eval Error: 0.0576 | Eval Perf: 0.183
[95, 100] Train Error: 0.0003 | Train Perf: 0.9973 | Eval Error: 0.0576 | Eval Perf: 0.1808
[96, 100] Train Error: 0.0003 | Train Perf: 0.9974 | Eval Error: 0.0574 | Eval Perf: 0.1787
[97, 100] Train Error: 0.0003 | Train Perf: 0.9974 | Eval Error: 0.0567 | Eval Perf: 0.1838
[98, 100] Train Error: 0.0003 | Train Perf: 0.9976 | Eval Error: 0.0581 | Eval Perf: 0.1761
[99, 100] Train Error: 0.0003 | Train Perf: 0.9975 | Eval Error: 0.0588 | Eval Perf: 0.1733
[100, 100] Train Error: 0.0003 | Train Perf: 0.9976 | Eval Error: 0.0584 | Eval Perf: 0.173
