NETWORK SUMMARY
---------------
Input Layer shape: (1, 180)
Hidden Layer shape: (181, 2)
Output layer shape: (3, 1)
Total parameters: 365

[1, 100] Train Error: 0.0427 | Train Perf: -0.0191 | Eval Error: 0.042 | Eval Perf: 0.1483
[2, 100] Train Error: 0.0415 | Train Perf: 0.0505 | Eval Error: 0.0415 | Eval Perf: 0.3158
[3, 100] Train Error: 0.0409 | Train Perf: 0.1779 | Eval Error: 0.0409 | Eval Perf: 0.44
[4, 100] Train Error: 0.04 | Train Perf: 0.3689 | Eval Error: 0.0398 | Eval Perf: 0.5152
[5, 100] Train Error: 0.038 | Train Perf: 0.4858 | Eval Error: 0.0377 | Eval Perf: 0.5609
[6, 100] Train Error: 0.0351 | Train Perf: 0.6117 | Eval Error: 0.0348 | Eval Perf: 0.5935
[7, 100] Train Error: 0.0314 | Train Perf: 0.6529 | Eval Error: 0.0317 | Eval Perf: 0.6216
[8, 100] Train Error: 0.0277 | Train Perf: 0.6883 | Eval Error: 0.0286 | Eval Perf: 0.6483
[9, 100] Train Error: 0.0245 | Train Perf: 0.7165 | Eval Error: 0.0259 | Eval Perf: 0.6728
[10, 100] Train Error: 0.0218 | Train Perf: 0.7428 | Eval Error: 0.0239 | Eval Perf: 0.6924
[11, 100] Train Error: 0.0199 | Train Perf: 0.7625 | Eval Error: 0.0224 | Eval Perf: 0.7083
[12, 100] Train Error: 0.0183 | Train Perf: 0.7778 | Eval Error: 0.0212 | Eval Perf: 0.7214
[13, 100] Train Error: 0.017 | Train Perf: 0.7925 | Eval Error: 0.0205 | Eval Perf: 0.7295
[14, 100] Train Error: 0.0161 | Train Perf: 0.8015 | Eval Error: 0.0197 | Eval Perf: 0.7378
[15, 100] Train Error: 0.0152 | Train Perf: 0.81 | Eval Error: 0.0192 | Eval Perf: 0.744
[16, 100] Train Error: 0.0145 | Train Perf: 0.8174 | Eval Error: 0.0187 | Eval Perf: 0.7508
[17, 100] Train Error: 0.014 | Train Perf: 0.8236 | Eval Error: 0.0184 | Eval Perf: 0.7545
[18, 100] Train Error: 0.0136 | Train Perf: 0.8287 | Eval Error: 0.0181 | Eval Perf: 0.7567
[19, 100] Train Error: 0.0132 | Train Perf: 0.8326 | Eval Error: 0.0178 | Eval Perf: 0.7602
[20, 100] Train Error: 0.0129 | Train Perf: 0.8361 | Eval Error: 0.0178 | Eval Perf: 0.7621
[21, 100] Train Error: 0.0126 | Train Perf: 0.8395 | Eval Error: 0.0175 | Eval Perf: 0.7648
[22, 100] Train Error: 0.0124 | Train Perf: 0.8417 | Eval Error: 0.0174 | Eval Perf: 0.7663
[23, 100] Train Error: 0.0122 | Train Perf: 0.8439 | Eval Error: 0.0172 | Eval Perf: 0.7686
[24, 100] Train Error: 0.012 | Train Perf: 0.8468 | Eval Error: 0.0172 | Eval Perf: 0.7706
[25, 100] Train Error: 0.0118 | Train Perf: 0.8484 | Eval Error: 0.0171 | Eval Perf: 0.7728
[26, 100] Train Error: 0.0117 | Train Perf: 0.8498 | Eval Error: 0.0168 | Eval Perf: 0.7742
[27, 100] Train Error: 0.0116 | Train Perf: 0.8509 | Eval Error: 0.0168 | Eval Perf: 0.7748
[28, 100] Train Error: 0.0114 | Train Perf: 0.8534 | Eval Error: 0.017 | Eval Perf: 0.7746
[29, 100] Train Error: 0.0114 | Train Perf: 0.8528 | Eval Error: 0.0169 | Eval Perf: 0.776
[30, 100] Train Error: 0.0113 | Train Perf: 0.8545 | Eval Error: 0.0167 | Eval Perf: 0.7768
[31, 100] Train Error: 0.0112 | Train Perf: 0.8553 | Eval Error: 0.017 | Eval Perf: 0.7777
[32, 100] Train Error: 0.0111 | Train Perf: 0.8567 | Eval Error: 0.0168 | Eval Perf: 0.7784
[33, 100] Train Error: 0.0112 | Train Perf: 0.8565 | Eval Error: 0.0166 | Eval Perf: 0.7794
[34, 100] Train Error: 0.011 | Train Perf: 0.8583 | Eval Error: 0.0166 | Eval Perf: 0.7789
[35, 100] Train Error: 0.011 | Train Perf: 0.8583 | Eval Error: 0.0166 | Eval Perf: 0.7791
[36, 100] Train Error: 0.011 | Train Perf: 0.8589 | Eval Error: 0.0167 | Eval Perf: 0.7801
[37, 100] Train Error: 0.0109 | Train Perf: 0.8599 | Eval Error: 0.0164 | Eval Perf: 0.7805
[38, 100] Train Error: 0.0109 | Train Perf: 0.8602 | Eval Error: 0.0164 | Eval Perf: 0.7805
[39, 100] Train Error: 0.0108 | Train Perf: 0.8602 | Eval Error: 0.0164 | Eval Perf: 0.7817
[40, 100] Train Error: 0.0108 | Train Perf: 0.8613 | Eval Error: 0.0164 | Eval Perf: 0.7812
[41, 100] Train Error: 0.0108 | Train Perf: 0.8611 | Eval Error: 0.0163 | Eval Perf: 0.7829
[42, 100] Train Error: 0.0107 | Train Perf: 0.8625 | Eval Error: 0.0162 | Eval Perf: 0.7838
[43, 100] Train Error: 0.0106 | Train Perf: 0.863 | Eval Error: 0.0164 | Eval Perf: 0.7832
[44, 100] Train Error: 0.0106 | Train Perf: 0.8637 | Eval Error: 0.0162 | Eval Perf: 0.784
[45, 100] Train Error: 0.0106 | Train Perf: 0.8637 | Eval Error: 0.0166 | Eval Perf: 0.7838
[46, 100] Train Error: 0.0105 | Train Perf: 0.8644 | Eval Error: 0.0167 | Eval Perf: 0.7833
[47, 100] Train Error: 0.0106 | Train Perf: 0.8642 | Eval Error: 0.0163 | Eval Perf: 0.7842
[48, 100] Train Error: 0.0105 | Train Perf: 0.8646 | Eval Error: 0.0163 | Eval Perf: 0.7853
[49, 100] Train Error: 0.0105 | Train Perf: 0.8655 | Eval Error: 0.0166 | Eval Perf: 0.7828
[50, 100] Train Error: 0.0105 | Train Perf: 0.8653 | Eval Error: 0.0163 | Eval Perf: 0.7838
[51, 100] Train Error: 0.0104 | Train Perf: 0.867 | Eval Error: 0.0163 | Eval Perf: 0.7838
[52, 100] Train Error: 0.0104 | Train Perf: 0.8665 | Eval Error: 0.0162 | Eval Perf: 0.785
[53, 100] Train Error: 0.0104 | Train Perf: 0.8664 | Eval Error: 0.0166 | Eval Perf: 0.7845
[54, 100] Train Error: 0.0104 | Train Perf: 0.8666 | Eval Error: 0.0167 | Eval Perf: 0.7831
[55, 100] Train Error: 0.0104 | Train Perf: 0.8666 | Eval Error: 0.0162 | Eval Perf: 0.7845
[56, 100] Train Error: 0.0103 | Train Perf: 0.8671 | Eval Error: 0.0162 | Eval Perf: 0.7856
[57, 100] Train Error: 0.0103 | Train Perf: 0.8682 | Eval Error: 0.0162 | Eval Perf: 0.7849
[58, 100] Train Error: 0.0102 | Train Perf: 0.8683 | Eval Error: 0.0163 | Eval Perf: 0.7851
[59, 100] Train Error: 0.0103 | Train Perf: 0.868 | Eval Error: 0.0163 | Eval Perf: 0.7856
[60, 100] Train Error: 0.0102 | Train Perf: 0.869 | Eval Error: 0.0161 | Eval Perf: 0.7869
[61, 100] Train Error: 0.0102 | Train Perf: 0.8692 | Eval Error: 0.016 | Eval Perf: 0.7879
[62, 100] Train Error: 0.0102 | Train Perf: 0.8693 | Eval Error: 0.016 | Eval Perf: 0.7886
[63, 100] Train Error: 0.0101 | Train Perf: 0.87 | Eval Error: 0.0162 | Eval Perf: 0.7876
[64, 100] Train Error: 0.0101 | Train Perf: 0.8703 | Eval Error: 0.0162 | Eval Perf: 0.7868
[65, 100] Train Error: 0.01 | Train Perf: 0.8713 | Eval Error: 0.0163 | Eval Perf: 0.7876
[66, 100] Train Error: 0.0101 | Train Perf: 0.8709 | Eval Error: 0.0162 | Eval Perf: 0.7874
[67, 100] Train Error: 0.01 | Train Perf: 0.8713 | Eval Error: 0.0164 | Eval Perf: 0.7865
[68, 100] Train Error: 0.01 | Train Perf: 0.8722 | Eval Error: 0.0166 | Eval Perf: 0.7865
[69, 100] Train Error: 0.01 | Train Perf: 0.8724 | Eval Error: 0.0162 | Eval Perf: 0.7886
[70, 100] Train Error: 0.0099 | Train Perf: 0.8731 | Eval Error: 0.0166 | Eval Perf: 0.787
[71, 100] Train Error: 0.0099 | Train Perf: 0.8731 | Eval Error: 0.0162 | Eval Perf: 0.7879
[72, 100] Train Error: 0.0099 | Train Perf: 0.8734 | Eval Error: 0.0162 | Eval Perf: 0.7885
[73, 100] Train Error: 0.0098 | Train Perf: 0.8747 | Eval Error: 0.016 | Eval Perf: 0.7885
[74, 100] Train Error: 0.0098 | Train Perf: 0.8746 | Eval Error: 0.0159 | Eval Perf: 0.7898
[75, 100] Train Error: 0.0098 | Train Perf: 0.8747 | Eval Error: 0.0158 | Eval Perf: 0.7915
[76, 100] Train Error: 0.0097 | Train Perf: 0.8751 | Eval Error: 0.0162 | Eval Perf: 0.7899
[77, 100] Train Error: 0.0097 | Train Perf: 0.8756 | Eval Error: 0.016 | Eval Perf: 0.7903
[78, 100] Train Error: 0.0097 | Train Perf: 0.8761 | Eval Error: 0.0158 | Eval Perf: 0.7913
[79, 100] Train Error: 0.0097 | Train Perf: 0.8765 | Eval Error: 0.0159 | Eval Perf: 0.7912
[80, 100] Train Error: 0.0096 | Train Perf: 0.8775 | Eval Error: 0.0164 | Eval Perf: 0.7896
[81, 100] Train Error: 0.0095 | Train Perf: 0.8783 | Eval Error: 0.0158 | Eval Perf: 0.7909
[82, 100] Train Error: 0.0095 | Train Perf: 0.8787 | Eval Error: 0.0159 | Eval Perf: 0.7912
[83, 100] Train Error: 0.0095 | Train Perf: 0.8784 | Eval Error: 0.0158 | Eval Perf: 0.7912
[84, 100] Train Error: 0.0095 | Train Perf: 0.8791 | Eval Error: 0.016 | Eval Perf: 0.7909
[85, 100] Train Error: 0.0094 | Train Perf: 0.8797 | Eval Error: 0.0158 | Eval Perf: 0.7911
[86, 100] Train Error: 0.0093 | Train Perf: 0.8807 | Eval Error: 0.016 | Eval Perf: 0.7908
[87, 100] Train Error: 0.0093 | Train Perf: 0.8809 | Eval Error: 0.0159 | Eval Perf: 0.7911
[88, 100] Train Error: 0.0093 | Train Perf: 0.882 | Eval Error: 0.0159 | Eval Perf: 0.7901
[89, 100] Train Error: 0.0093 | Train Perf: 0.882 | Eval Error: 0.0159 | Eval Perf: 0.7904
[90, 100] Train Error: 0.0092 | Train Perf: 0.8822 | Eval Error: 0.0164 | Eval Perf: 0.7895
[91, 100] Train Error: 0.0092 | Train Perf: 0.8827 | Eval Error: 0.0163 | Eval Perf: 0.7889
[92, 100] Train Error: 0.0092 | Train Perf: 0.8833 | Eval Error: 0.0159 | Eval Perf: 0.7907
[93, 100] Train Error: 0.0091 | Train Perf: 0.8843 | Eval Error: 0.0162 | Eval Perf: 0.7887
[94, 100] Train Error: 0.0091 | Train Perf: 0.8845 | Eval Error: 0.016 | Eval Perf: 0.7895
[95, 100] Train Error: 0.0091 | Train Perf: 0.8846 | Eval Error: 0.016 | Eval Perf: 0.7889
[96, 100] Train Error: 0.009 | Train Perf: 0.8853 | Eval Error: 0.016 | Eval Perf: 0.7895
[97, 100] Train Error: 0.009 | Train Perf: 0.8856 | Eval Error: 0.0161 | Eval Perf: 0.7892
[98, 100] Train Error: 0.0089 | Train Perf: 0.8863 | Eval Error: 0.016 | Eval Perf: 0.7897
[99, 100] Train Error: 0.0089 | Train Perf: 0.8874 | Eval Error: 0.0162 | Eval Perf: 0.789
[100, 100] Train Error: 0.0088 | Train Perf: 0.8881 | Eval Error: 0.016 | Eval Perf: 0.7888
