NETWORK SUMMARY
---------------
Input Layer shape: (1, 180)
Hidden Layer shape: (181, 5)
Output layer shape: (6, 1)
Total parameters: 911

[1, 100] Train Error: 0.0225 | Train Perf: -0.2021 | Eval Error: 0.0215 | Eval Perf: 0.1991
[2, 100] Train Error: 0.021 | Train Perf: -0.0726 | Eval Error: 0.0251 | Eval Perf: 0.5401
[3, 100] Train Error: 0.021 | Train Perf: -0.0707 | Eval Error: 0.0219 | Eval Perf: 0.6278
[4, 100] Train Error: 0.0202 | Train Perf: 0.0379 | Eval Error: 0.0193 | Eval Perf: 0.6657
[5, 100] Train Error: 0.0183 | Train Perf: 0.2924 | Eval Error: 0.0186 | Eval Perf: 0.6677
[6, 100] Train Error: 0.0164 | Train Perf: 0.4594 | Eval Error: 0.0176 | Eval Perf: 0.6669
[7, 100] Train Error: 0.014 | Train Perf: 0.6186 | Eval Error: 0.0158 | Eval Perf: 0.6701
[8, 100] Train Error: 0.0117 | Train Perf: 0.6935 | Eval Error: 0.0144 | Eval Perf: 0.6704
[9, 100] Train Error: 0.0105 | Train Perf: 0.7208 | Eval Error: 0.0137 | Eval Perf: 0.6767
[10, 100] Train Error: 0.0097 | Train Perf: 0.747 | Eval Error: 0.013 | Eval Perf: 0.6796
[11, 100] Train Error: 0.0083 | Train Perf: 0.7817 | Eval Error: 0.0129 | Eval Perf: 0.683
[12, 100] Train Error: 0.0077 | Train Perf: 0.7905 | Eval Error: 0.0124 | Eval Perf: 0.6831
[13, 100] Train Error: 0.0072 | Train Perf: 0.8114 | Eval Error: 0.0126 | Eval Perf: 0.6829
[14, 100] Train Error: 0.0061 | Train Perf: 0.8446 | Eval Error: 0.0122 | Eval Perf: 0.6922
[15, 100] Train Error: 0.0059 | Train Perf: 0.8497 | Eval Error: 0.0121 | Eval Perf: 0.691
[16, 100] Train Error: 0.0054 | Train Perf: 0.8584 | Eval Error: 0.0125 | Eval Perf: 0.6868
[17, 100] Train Error: 0.005 | Train Perf: 0.8695 | Eval Error: 0.0138 | Eval Perf: 0.679
[18, 100] Train Error: 0.0045 | Train Perf: 0.8851 | Eval Error: 0.0121 | Eval Perf: 0.6851
[19, 100] Train Error: 0.0044 | Train Perf: 0.8863 | Eval Error: 0.0121 | Eval Perf: 0.6806
[20, 100] Train Error: 0.004 | Train Perf: 0.8998 | Eval Error: 0.0115 | Eval Perf: 0.6782
[21, 100] Train Error: 0.0033 | Train Perf: 0.9173 | Eval Error: 0.0115 | Eval Perf: 0.6804
[22, 100] Train Error: 0.0035 | Train Perf: 0.9115 | Eval Error: 0.0123 | Eval Perf: 0.6692
[23, 100] Train Error: 0.0031 | Train Perf: 0.9229 | Eval Error: 0.0119 | Eval Perf: 0.6623
[24, 100] Train Error: 0.0026 | Train Perf: 0.9349 | Eval Error: 0.0118 | Eval Perf: 0.66
[25, 100] Train Error: 0.0026 | Train Perf: 0.9356 | Eval Error: 0.0129 | Eval Perf: 0.6605
[26, 100] Train Error: 0.0025 | Train Perf: 0.9368 | Eval Error: 0.0122 | Eval Perf: 0.6489
[27, 100] Train Error: 0.0024 | Train Perf: 0.9417 | Eval Error: 0.0121 | Eval Perf: 0.6439
[28, 100] Train Error: 0.0023 | Train Perf: 0.9439 | Eval Error: 0.0128 | Eval Perf: 0.6487
[29, 100] Train Error: 0.0021 | Train Perf: 0.9489 | Eval Error: 0.013 | Eval Perf: 0.6479
[30, 100] Train Error: 0.0019 | Train Perf: 0.9513 | Eval Error: 0.0124 | Eval Perf: 0.6359
[31, 100] Train Error: 0.0018 | Train Perf: 0.9545 | Eval Error: 0.0123 | Eval Perf: 0.6356
[32, 100] Train Error: 0.0017 | Train Perf: 0.9584 | Eval Error: 0.0127 | Eval Perf: 0.6413
[33, 100] Train Error: 0.0016 | Train Perf: 0.9615 | Eval Error: 0.0133 | Eval Perf: 0.6378
[34, 100] Train Error: 0.0015 | Train Perf: 0.9627 | Eval Error: 0.0125 | Eval Perf: 0.6319
[35, 100] Train Error: 0.0014 | Train Perf: 0.9664 | Eval Error: 0.0127 | Eval Perf: 0.6234
[36, 100] Train Error: 0.0014 | Train Perf: 0.966 | Eval Error: 0.0128 | Eval Perf: 0.6336
[37, 100] Train Error: 0.0012 | Train Perf: 0.9698 | Eval Error: 0.0124 | Eval Perf: 0.637
[38, 100] Train Error: 0.0011 | Train Perf: 0.9727 | Eval Error: 0.0125 | Eval Perf: 0.6328
[39, 100] Train Error: 0.0011 | Train Perf: 0.9746 | Eval Error: 0.0133 | Eval Perf: 0.6412
[40, 100] Train Error: 0.0011 | Train Perf: 0.9731 | Eval Error: 0.0127 | Eval Perf: 0.6259
[41, 100] Train Error: 0.001 | Train Perf: 0.9756 | Eval Error: 0.013 | Eval Perf: 0.6392
[42, 100] Train Error: 0.001 | Train Perf: 0.9742 | Eval Error: 0.0124 | Eval Perf: 0.6331
[43, 100] Train Error: 0.001 | Train Perf: 0.9763 | Eval Error: 0.0124 | Eval Perf: 0.6368
[44, 100] Train Error: 0.0009 | Train Perf: 0.977 | Eval Error: 0.0128 | Eval Perf: 0.6328
[45, 100] Train Error: 0.0008 | Train Perf: 0.9812 | Eval Error: 0.0134 | Eval Perf: 0.6403
[46, 100] Train Error: 0.0008 | Train Perf: 0.9792 | Eval Error: 0.0124 | Eval Perf: 0.6374
[47, 100] Train Error: 0.0008 | Train Perf: 0.9798 | Eval Error: 0.0124 | Eval Perf: 0.6345
[48, 100] Train Error: 0.0008 | Train Perf: 0.9808 | Eval Error: 0.0125 | Eval Perf: 0.6337
[49, 100] Train Error: 0.0008 | Train Perf: 0.9819 | Eval Error: 0.0125 | Eval Perf: 0.6353
[50, 100] Train Error: 0.0007 | Train Perf: 0.9834 | Eval Error: 0.0126 | Eval Perf: 0.6323
[51, 100] Train Error: 0.0007 | Train Perf: 0.983 | Eval Error: 0.0131 | Eval Perf: 0.6322
[52, 100] Train Error: 0.0007 | Train Perf: 0.984 | Eval Error: 0.0127 | Eval Perf: 0.6261
[53, 100] Train Error: 0.0006 | Train Perf: 0.9855 | Eval Error: 0.0127 | Eval Perf: 0.6234
[54, 100] Train Error: 0.0006 | Train Perf: 0.9848 | Eval Error: 0.0125 | Eval Perf: 0.6288
[55, 100] Train Error: 0.0006 | Train Perf: 0.9851 | Eval Error: 0.0126 | Eval Perf: 0.6271
[56, 100] Train Error: 0.0006 | Train Perf: 0.9845 | Eval Error: 0.0125 | Eval Perf: 0.6324
[57, 100] Train Error: 0.0005 | Train Perf: 0.9872 | Eval Error: 0.0124 | Eval Perf: 0.6364
[58, 100] Train Error: 0.0006 | Train Perf: 0.9865 | Eval Error: 0.0124 | Eval Perf: 0.6351
[59, 100] Train Error: 0.0006 | Train Perf: 0.9857 | Eval Error: 0.0126 | Eval Perf: 0.6266
[60, 100] Train Error: 0.0006 | Train Perf: 0.9859 | Eval Error: 0.0127 | Eval Perf: 0.6255
[61, 100] Train Error: 0.0005 | Train Perf: 0.9882 | Eval Error: 0.0127 | Eval Perf: 0.6289
[62, 100] Train Error: 0.0006 | Train Perf: 0.9864 | Eval Error: 0.0131 | Eval Perf: 0.6249
[63, 100] Train Error: 0.0005 | Train Perf: 0.9883 | Eval Error: 0.0129 | Eval Perf: 0.6161
[64, 100] Train Error: 0.0005 | Train Perf: 0.9883 | Eval Error: 0.0129 | Eval Perf: 0.6188
[65, 100] Train Error: 0.0004 | Train Perf: 0.9893 | Eval Error: 0.0127 | Eval Perf: 0.6233
[66, 100] Train Error: 0.0005 | Train Perf: 0.9881 | Eval Error: 0.0129 | Eval Perf: 0.6175
[67, 100] Train Error: 0.0004 | Train Perf: 0.9898 | Eval Error: 0.0138 | Eval Perf: 0.62
[68, 100] Train Error: 0.0005 | Train Perf: 0.9884 | Eval Error: 0.0129 | Eval Perf: 0.6178
[69, 100] Train Error: 0.0004 | Train Perf: 0.9891 | Eval Error: 0.013 | Eval Perf: 0.6148
[70, 100] Train Error: 0.0004 | Train Perf: 0.989 | Eval Error: 0.0131 | Eval Perf: 0.616
[71, 100] Train Error: 0.0004 | Train Perf: 0.9894 | Eval Error: 0.013 | Eval Perf: 0.6153
[72, 100] Train Error: 0.0004 | Train Perf: 0.9901 | Eval Error: 0.0131 | Eval Perf: 0.6165
[73, 100] Train Error: 0.0004 | Train Perf: 0.9904 | Eval Error: 0.0129 | Eval Perf: 0.6136
[74, 100] Train Error: 0.0004 | Train Perf: 0.9896 | Eval Error: 0.0131 | Eval Perf: 0.607
[75, 100] Train Error: 0.0004 | Train Perf: 0.9892 | Eval Error: 0.0131 | Eval Perf: 0.6121
[76, 100] Train Error: 0.0004 | Train Perf: 0.9898 | Eval Error: 0.013 | Eval Perf: 0.6143
[77, 100] Train Error: 0.0004 | Train Perf: 0.9903 | Eval Error: 0.0131 | Eval Perf: 0.6076
[78, 100] Train Error: 0.0004 | Train Perf: 0.9912 | Eval Error: 0.0132 | Eval Perf: 0.6109
[79, 100] Train Error: 0.0004 | Train Perf: 0.9909 | Eval Error: 0.0131 | Eval Perf: 0.6114
[80, 100] Train Error: 0.0004 | Train Perf: 0.9909 | Eval Error: 0.0131 | Eval Perf: 0.6118
[81, 100] Train Error: 0.0004 | Train Perf: 0.99 | Eval Error: 0.0132 | Eval Perf: 0.6113
[82, 100] Train Error: 0.0004 | Train Perf: 0.9906 | Eval Error: 0.0132 | Eval Perf: 0.6068
[83, 100] Train Error: 0.0004 | Train Perf: 0.991 | Eval Error: 0.0132 | Eval Perf: 0.6036
[84, 100] Train Error: 0.0004 | Train Perf: 0.9913 | Eval Error: 0.0132 | Eval Perf: 0.6059
[85, 100] Train Error: 0.0004 | Train Perf: 0.9897 | Eval Error: 0.0131 | Eval Perf: 0.6061
[86, 100] Train Error: 0.0004 | Train Perf: 0.9909 | Eval Error: 0.0133 | Eval Perf: 0.6009
[87, 100] Train Error: 0.0003 | Train Perf: 0.9918 | Eval Error: 0.0133 | Eval Perf: 0.603
[88, 100] Train Error: 0.0003 | Train Perf: 0.9918 | Eval Error: 0.0132 | Eval Perf: 0.6083
[89, 100] Train Error: 0.0004 | Train Perf: 0.9911 | Eval Error: 0.0133 | Eval Perf: 0.604
[90, 100] Train Error: 0.0003 | Train Perf: 0.9916 | Eval Error: 0.0135 | Eval Perf: 0.5967
[91, 100] Train Error: 0.0003 | Train Perf: 0.9923 | Eval Error: 0.0135 | Eval Perf: 0.5938
[92, 100] Train Error: 0.0003 | Train Perf: 0.9917 | Eval Error: 0.0136 | Eval Perf: 0.5954
[93, 100] Train Error: 0.0003 | Train Perf: 0.9923 | Eval Error: 0.0135 | Eval Perf: 0.5936
[94, 100] Train Error: 0.0003 | Train Perf: 0.9914 | Eval Error: 0.0135 | Eval Perf: 0.5948
[95, 100] Train Error: 0.0003 | Train Perf: 0.9924 | Eval Error: 0.0135 | Eval Perf: 0.5987
[96, 100] Train Error: 0.0003 | Train Perf: 0.9918 | Eval Error: 0.0135 | Eval Perf: 0.6005
[97, 100] Train Error: 0.0003 | Train Perf: 0.9917 | Eval Error: 0.0135 | Eval Perf: 0.5997
[98, 100] Train Error: 0.0003 | Train Perf: 0.9922 | Eval Error: 0.0137 | Eval Perf: 0.5963
[99, 100] Train Error: 0.0003 | Train Perf: 0.9924 | Eval Error: 0.0136 | Eval Perf: 0.5954
[100, 100] Train Error: 0.0003 | Train Perf: 0.9927 | Eval Error: 0.0136 | Eval Perf: 0.5919
