NETWORK SUMMARY
---------------
Input Layer shape: (1, 180)
Hidden Layer shape: (181, 3)
Output layer shape: (4, 1)
Total parameters: 547

[1, 100] Train Error: 0.0489 | Train Perf: 0.1065 | Eval Error: 0.05 | Eval Perf: -0.0595
[2, 100] Train Error: 0.0481 | Train Perf: -0.235 | Eval Error: 0.0498 | Eval Perf: 0.0062
[3, 100] Train Error: 0.0479 | Train Perf: -0.1797 | Eval Error: 0.0497 | Eval Perf: 0.0752
[4, 100] Train Error: 0.0476 | Train Perf: -0.0876 | Eval Error: 0.0496 | Eval Perf: 0.1535
[5, 100] Train Error: 0.0474 | Train Perf: 0.0023 | Eval Error: 0.0494 | Eval Perf: 0.2307
[6, 100] Train Error: 0.0472 | Train Perf: 0.0787 | Eval Error: 0.0493 | Eval Perf: 0.2948
[7, 100] Train Error: 0.0469 | Train Perf: 0.1848 | Eval Error: 0.0491 | Eval Perf: 0.366
[8, 100] Train Error: 0.0466 | Train Perf: 0.2495 | Eval Error: 0.0488 | Eval Perf: 0.429
[9, 100] Train Error: 0.0462 | Train Perf: 0.4088 | Eval Error: 0.0486 | Eval Perf: 0.4789
[10, 100] Train Error: 0.0457 | Train Perf: 0.3912 | Eval Error: 0.0483 | Eval Perf: 0.526
[11, 100] Train Error: 0.0452 | Train Perf: 0.5187 | Eval Error: 0.0479 | Eval Perf: 0.5678
[12, 100] Train Error: 0.0445 | Train Perf: 0.5712 | Eval Error: 0.0474 | Eval Perf: 0.6028
[13, 100] Train Error: 0.0437 | Train Perf: 0.5995 | Eval Error: 0.0469 | Eval Perf: 0.6264
[14, 100] Train Error: 0.0428 | Train Perf: 0.6542 | Eval Error: 0.0463 | Eval Perf: 0.6486
[15, 100] Train Error: 0.0417 | Train Perf: 0.6381 | Eval Error: 0.0456 | Eval Perf: 0.6623
[16, 100] Train Error: 0.0407 | Train Perf: 0.7023 | Eval Error: 0.0448 | Eval Perf: 0.6809
[17, 100] Train Error: 0.0395 | Train Perf: 0.7197 | Eval Error: 0.044 | Eval Perf: 0.692
[18, 100] Train Error: 0.0382 | Train Perf: 0.7263 | Eval Error: 0.0431 | Eval Perf: 0.7046
[19, 100] Train Error: 0.0368 | Train Perf: 0.7299 | Eval Error: 0.0421 | Eval Perf: 0.7119
[20, 100] Train Error: 0.0353 | Train Perf: 0.7501 | Eval Error: 0.0412 | Eval Perf: 0.7214
[21, 100] Train Error: 0.0339 | Train Perf: 0.7564 | Eval Error: 0.0402 | Eval Perf: 0.727
[22, 100] Train Error: 0.0324 | Train Perf: 0.7741 | Eval Error: 0.0391 | Eval Perf: 0.7315
[23, 100] Train Error: 0.0308 | Train Perf: 0.7803 | Eval Error: 0.0383 | Eval Perf: 0.7435
[24, 100] Train Error: 0.0293 | Train Perf: 0.7953 | Eval Error: 0.0372 | Eval Perf: 0.7382
[25, 100] Train Error: 0.0279 | Train Perf: 0.8016 | Eval Error: 0.0363 | Eval Perf: 0.7438
[26, 100] Train Error: 0.0266 | Train Perf: 0.8088 | Eval Error: 0.0355 | Eval Perf: 0.7514
[27, 100] Train Error: 0.0252 | Train Perf: 0.8202 | Eval Error: 0.0346 | Eval Perf: 0.753
[28, 100] Train Error: 0.0239 | Train Perf: 0.8276 | Eval Error: 0.0337 | Eval Perf: 0.7505
[29, 100] Train Error: 0.0227 | Train Perf: 0.8378 | Eval Error: 0.0332 | Eval Perf: 0.758
[30, 100] Train Error: 0.0215 | Train Perf: 0.8405 | Eval Error: 0.0323 | Eval Perf: 0.7542
[31, 100] Train Error: 0.0204 | Train Perf: 0.8485 | Eval Error: 0.0319 | Eval Perf: 0.7596
[32, 100] Train Error: 0.0195 | Train Perf: 0.8492 | Eval Error: 0.0316 | Eval Perf: 0.7617
[33, 100] Train Error: 0.0186 | Train Perf: 0.8576 | Eval Error: 0.031 | Eval Perf: 0.7594
[34, 100] Train Error: 0.0178 | Train Perf: 0.86 | Eval Error: 0.0305 | Eval Perf: 0.758
[35, 100] Train Error: 0.017 | Train Perf: 0.8628 | Eval Error: 0.0302 | Eval Perf: 0.7574
[36, 100] Train Error: 0.0161 | Train Perf: 0.8705 | Eval Error: 0.0303 | Eval Perf: 0.7574
[37, 100] Train Error: 0.0154 | Train Perf: 0.8718 | Eval Error: 0.0292 | Eval Perf: 0.7467
[38, 100] Train Error: 0.015 | Train Perf: 0.8741 | Eval Error: 0.0291 | Eval Perf: 0.7461
[39, 100] Train Error: 0.0144 | Train Perf: 0.8787 | Eval Error: 0.0291 | Eval Perf: 0.7446
[40, 100] Train Error: 0.0138 | Train Perf: 0.8811 | Eval Error: 0.0294 | Eval Perf: 0.745
[41, 100] Train Error: 0.0133 | Train Perf: 0.884 | Eval Error: 0.0288 | Eval Perf: 0.738
[42, 100] Train Error: 0.0129 | Train Perf: 0.8872 | Eval Error: 0.0287 | Eval Perf: 0.7346
[43, 100] Train Error: 0.0125 | Train Perf: 0.8896 | Eval Error: 0.0288 | Eval Perf: 0.7309
[44, 100] Train Error: 0.0121 | Train Perf: 0.8912 | Eval Error: 0.0293 | Eval Perf: 0.728
[45, 100] Train Error: 0.0117 | Train Perf: 0.8949 | Eval Error: 0.0289 | Eval Perf: 0.722
[46, 100] Train Error: 0.0114 | Train Perf: 0.8963 | Eval Error: 0.0289 | Eval Perf: 0.7166
[47, 100] Train Error: 0.0111 | Train Perf: 0.8977 | Eval Error: 0.0291 | Eval Perf: 0.7119
[48, 100] Train Error: 0.0108 | Train Perf: 0.8995 | Eval Error: 0.0292 | Eval Perf: 0.7065
[49, 100] Train Error: 0.0105 | Train Perf: 0.9027 | Eval Error: 0.0294 | Eval Perf: 0.7035
[50, 100] Train Error: 0.0102 | Train Perf: 0.9058 | Eval Error: 0.0299 | Eval Perf: 0.7024
[51, 100] Train Error: 0.01 | Train Perf: 0.9056 | Eval Error: 0.0298 | Eval Perf: 0.6973
[52, 100] Train Error: 0.0097 | Train Perf: 0.908 | Eval Error: 0.0296 | Eval Perf: 0.6903
[53, 100] Train Error: 0.0095 | Train Perf: 0.909 | Eval Error: 0.0295 | Eval Perf: 0.6868
[54, 100] Train Error: 0.0093 | Train Perf: 0.911 | Eval Error: 0.03 | Eval Perf: 0.6869
[55, 100] Train Error: 0.0092 | Train Perf: 0.9112 | Eval Error: 0.03 | Eval Perf: 0.6798
[56, 100] Train Error: 0.0089 | Train Perf: 0.9136 | Eval Error: 0.0298 | Eval Perf: 0.6728
[57, 100] Train Error: 0.0088 | Train Perf: 0.9144 | Eval Error: 0.0299 | Eval Perf: 0.6702
[58, 100] Train Error: 0.0086 | Train Perf: 0.918 | Eval Error: 0.0308 | Eval Perf: 0.6735
[59, 100] Train Error: 0.0085 | Train Perf: 0.9164 | Eval Error: 0.0305 | Eval Perf: 0.6667
[60, 100] Train Error: 0.0083 | Train Perf: 0.9189 | Eval Error: 0.0309 | Eval Perf: 0.6649
[61, 100] Train Error: 0.0082 | Train Perf: 0.9198 | Eval Error: 0.0308 | Eval Perf: 0.6611
[62, 100] Train Error: 0.008 | Train Perf: 0.9209 | Eval Error: 0.0311 | Eval Perf: 0.6608
[63, 100] Train Error: 0.0078 | Train Perf: 0.9229 | Eval Error: 0.0318 | Eval Perf: 0.6607
[64, 100] Train Error: 0.0078 | Train Perf: 0.9222 | Eval Error: 0.0312 | Eval Perf: 0.6507
[65, 100] Train Error: 0.0076 | Train Perf: 0.9249 | Eval Error: 0.0317 | Eval Perf: 0.6535
[66, 100] Train Error: 0.0075 | Train Perf: 0.9243 | Eval Error: 0.0317 | Eval Perf: 0.6493
[67, 100] Train Error: 0.0074 | Train Perf: 0.9257 | Eval Error: 0.0316 | Eval Perf: 0.6448
[68, 100] Train Error: 0.0073 | Train Perf: 0.9265 | Eval Error: 0.0317 | Eval Perf: 0.6406
[69, 100] Train Error: 0.0072 | Train Perf: 0.9272 | Eval Error: 0.0321 | Eval Perf: 0.6407
[70, 100] Train Error: 0.0071 | Train Perf: 0.9287 | Eval Error: 0.0325 | Eval Perf: 0.6402
[71, 100] Train Error: 0.007 | Train Perf: 0.9294 | Eval Error: 0.0322 | Eval Perf: 0.6308
[72, 100] Train Error: 0.0069 | Train Perf: 0.9297 | Eval Error: 0.0323 | Eval Perf: 0.6299
[73, 100] Train Error: 0.0069 | Train Perf: 0.9309 | Eval Error: 0.0325 | Eval Perf: 0.6321
[74, 100] Train Error: 0.0068 | Train Perf: 0.9313 | Eval Error: 0.0326 | Eval Perf: 0.6306
[75, 100] Train Error: 0.0066 | Train Perf: 0.9329 | Eval Error: 0.0332 | Eval Perf: 0.6335
[76, 100] Train Error: 0.0066 | Train Perf: 0.9332 | Eval Error: 0.0326 | Eval Perf: 0.6265
[77, 100] Train Error: 0.0065 | Train Perf: 0.9343 | Eval Error: 0.0334 | Eval Perf: 0.6292
[78, 100] Train Error: 0.0064 | Train Perf: 0.9347 | Eval Error: 0.0335 | Eval Perf: 0.627
[79, 100] Train Error: 0.0063 | Train Perf: 0.9358 | Eval Error: 0.0339 | Eval Perf: 0.6255
[80, 100] Train Error: 0.0062 | Train Perf: 0.936 | Eval Error: 0.0333 | Eval Perf: 0.6223
[81, 100] Train Error: 0.0062 | Train Perf: 0.9365 | Eval Error: 0.0335 | Eval Perf: 0.6214
[82, 100] Train Error: 0.0062 | Train Perf: 0.9374 | Eval Error: 0.0341 | Eval Perf: 0.6209
[83, 100] Train Error: 0.0061 | Train Perf: 0.9381 | Eval Error: 0.0345 | Eval Perf: 0.6205
[84, 100] Train Error: 0.006 | Train Perf: 0.9381 | Eval Error: 0.0342 | Eval Perf: 0.6179
[85, 100] Train Error: 0.006 | Train Perf: 0.939 | Eval Error: 0.0344 | Eval Perf: 0.6161
[86, 100] Train Error: 0.0059 | Train Perf: 0.9399 | Eval Error: 0.0344 | Eval Perf: 0.6162
[87, 100] Train Error: 0.0058 | Train Perf: 0.9409 | Eval Error: 0.0349 | Eval Perf: 0.6171
[88, 100] Train Error: 0.0058 | Train Perf: 0.9409 | Eval Error: 0.0349 | Eval Perf: 0.6159
[89, 100] Train Error: 0.0057 | Train Perf: 0.9417 | Eval Error: 0.0346 | Eval Perf: 0.6119
[90, 100] Train Error: 0.0056 | Train Perf: 0.9419 | Eval Error: 0.0342 | Eval Perf: 0.6071
[91, 100] Train Error: 0.0056 | Train Perf: 0.943 | Eval Error: 0.0343 | Eval Perf: 0.6048
[92, 100] Train Error: 0.0055 | Train Perf: 0.9443 | Eval Error: 0.0351 | Eval Perf: 0.6113
[93, 100] Train Error: 0.0055 | Train Perf: 0.944 | Eval Error: 0.035 | Eval Perf: 0.6108
[94, 100] Train Error: 0.0054 | Train Perf: 0.9448 | Eval Error: 0.0351 | Eval Perf: 0.6065
[95, 100] Train Error: 0.0053 | Train Perf: 0.9454 | Eval Error: 0.0353 | Eval Perf: 0.6079
[96, 100] Train Error: 0.0052 | Train Perf: 0.946 | Eval Error: 0.0347 | Eval Perf: 0.6005
[97, 100] Train Error: 0.0052 | Train Perf: 0.9472 | Eval Error: 0.0355 | Eval Perf: 0.6058
[98, 100] Train Error: 0.0052 | Train Perf: 0.9474 | Eval Error: 0.0354 | Eval Perf: 0.6066
[99, 100] Train Error: 0.0051 | Train Perf: 0.949 | Eval Error: 0.0357 | Eval Perf: 0.6103
[100, 100] Train Error: 0.0051 | Train Perf: 0.9483 | Eval Error: 0.0357 | Eval Perf: 0.609
