NETWORK SUMMARY
---------------
Input Layer shape: (1, 180)
Hidden Layer shape: (181, 3)
Output layer shape: (4, 1)
Total parameters: 547

[1, 100] Train Error: 0.0492 | Train Perf: 0.1077 | Eval Error: 0.0485 | Eval Perf: -0.158
[2, 100] Train Error: 0.0485 | Train Perf: -0.2081 | Eval Error: 0.0482 | Eval Perf: -0.0765
[3, 100] Train Error: 0.0483 | Train Perf: -0.161 | Eval Error: 0.048 | Eval Perf: 0.0102
[4, 100] Train Error: 0.0481 | Train Perf: -0.081 | Eval Error: 0.0479 | Eval Perf: 0.1069
[5, 100] Train Error: 0.0479 | Train Perf: -0.0012 | Eval Error: 0.0478 | Eval Perf: 0.1933
[6, 100] Train Error: 0.0477 | Train Perf: 0.069 | Eval Error: 0.0475 | Eval Perf: 0.2578
[7, 100] Train Error: 0.0474 | Train Perf: 0.1597 | Eval Error: 0.0473 | Eval Perf: 0.3268
[8, 100] Train Error: 0.0471 | Train Perf: 0.2242 | Eval Error: 0.047 | Eval Perf: 0.3831
[9, 100] Train Error: 0.0467 | Train Perf: 0.3823 | Eval Error: 0.0466 | Eval Perf: 0.4252
[10, 100] Train Error: 0.0463 | Train Perf: 0.3507 | Eval Error: 0.0462 | Eval Perf: 0.4656
[11, 100] Train Error: 0.0458 | Train Perf: 0.4802 | Eval Error: 0.0457 | Eval Perf: 0.5009
[12, 100] Train Error: 0.0452 | Train Perf: 0.5201 | Eval Error: 0.0452 | Eval Perf: 0.5297
[13, 100] Train Error: 0.0445 | Train Perf: 0.5438 | Eval Error: 0.0446 | Eval Perf: 0.55
[14, 100] Train Error: 0.0437 | Train Perf: 0.5883 | Eval Error: 0.0439 | Eval Perf: 0.569
[15, 100] Train Error: 0.0427 | Train Perf: 0.5898 | Eval Error: 0.0431 | Eval Perf: 0.5803
[16, 100] Train Error: 0.0418 | Train Perf: 0.6494 | Eval Error: 0.0422 | Eval Perf: 0.5934
[17, 100] Train Error: 0.0408 | Train Perf: 0.6687 | Eval Error: 0.0412 | Eval Perf: 0.6028
[18, 100] Train Error: 0.0396 | Train Perf: 0.6822 | Eval Error: 0.0402 | Eval Perf: 0.611
[19, 100] Train Error: 0.0384 | Train Perf: 0.6824 | Eval Error: 0.0392 | Eval Perf: 0.6195
[20, 100] Train Error: 0.0371 | Train Perf: 0.6976 | Eval Error: 0.0382 | Eval Perf: 0.6274
[21, 100] Train Error: 0.0358 | Train Perf: 0.7021 | Eval Error: 0.0371 | Eval Perf: 0.6349
[22, 100] Train Error: 0.0345 | Train Perf: 0.7242 | Eval Error: 0.036 | Eval Perf: 0.6435
[23, 100] Train Error: 0.033 | Train Perf: 0.7314 | Eval Error: 0.035 | Eval Perf: 0.6495
[24, 100] Train Error: 0.0318 | Train Perf: 0.739 | Eval Error: 0.0338 | Eval Perf: 0.6639
[25, 100] Train Error: 0.0306 | Train Perf: 0.7467 | Eval Error: 0.0327 | Eval Perf: 0.6745
[26, 100] Train Error: 0.0294 | Train Perf: 0.7471 | Eval Error: 0.0316 | Eval Perf: 0.685
[27, 100] Train Error: 0.0283 | Train Perf: 0.7619 | Eval Error: 0.0306 | Eval Perf: 0.6959
[28, 100] Train Error: 0.0271 | Train Perf: 0.7697 | Eval Error: 0.0294 | Eval Perf: 0.7118
[29, 100] Train Error: 0.0261 | Train Perf: 0.7832 | Eval Error: 0.0284 | Eval Perf: 0.7196
[30, 100] Train Error: 0.0249 | Train Perf: 0.7919 | Eval Error: 0.0273 | Eval Perf: 0.7358
[31, 100] Train Error: 0.024 | Train Perf: 0.7973 | Eval Error: 0.0263 | Eval Perf: 0.7431
[32, 100] Train Error: 0.0231 | Train Perf: 0.8015 | Eval Error: 0.0255 | Eval Perf: 0.7498
[33, 100] Train Error: 0.0223 | Train Perf: 0.8097 | Eval Error: 0.0245 | Eval Perf: 0.7601
[34, 100] Train Error: 0.0215 | Train Perf: 0.8152 | Eval Error: 0.0236 | Eval Perf: 0.7696
[35, 100] Train Error: 0.0207 | Train Perf: 0.8178 | Eval Error: 0.0227 | Eval Perf: 0.778
[36, 100] Train Error: 0.0199 | Train Perf: 0.8267 | Eval Error: 0.0221 | Eval Perf: 0.7802
[37, 100] Train Error: 0.0191 | Train Perf: 0.8288 | Eval Error: 0.021 | Eval Perf: 0.798
[38, 100] Train Error: 0.0186 | Train Perf: 0.833 | Eval Error: 0.0204 | Eval Perf: 0.8021
[39, 100] Train Error: 0.018 | Train Perf: 0.8361 | Eval Error: 0.0199 | Eval Perf: 0.8012
[40, 100] Train Error: 0.0175 | Train Perf: 0.8401 | Eval Error: 0.0193 | Eval Perf: 0.8072
[41, 100] Train Error: 0.017 | Train Perf: 0.8435 | Eval Error: 0.0186 | Eval Perf: 0.8153
[42, 100] Train Error: 0.0165 | Train Perf: 0.8483 | Eval Error: 0.0181 | Eval Perf: 0.8193
[43, 100] Train Error: 0.016 | Train Perf: 0.8508 | Eval Error: 0.0176 | Eval Perf: 0.8234
[44, 100] Train Error: 0.0156 | Train Perf: 0.8526 | Eval Error: 0.0174 | Eval Perf: 0.8206
[45, 100] Train Error: 0.0152 | Train Perf: 0.8571 | Eval Error: 0.0169 | Eval Perf: 0.8262
[46, 100] Train Error: 0.0149 | Train Perf: 0.8587 | Eval Error: 0.0167 | Eval Perf: 0.8287
[47, 100] Train Error: 0.0145 | Train Perf: 0.8609 | Eval Error: 0.0164 | Eval Perf: 0.8304
[48, 100] Train Error: 0.0142 | Train Perf: 0.864 | Eval Error: 0.0162 | Eval Perf: 0.8293
[49, 100] Train Error: 0.0139 | Train Perf: 0.8677 | Eval Error: 0.0159 | Eval Perf: 0.8312
[50, 100] Train Error: 0.0135 | Train Perf: 0.8712 | Eval Error: 0.0157 | Eval Perf: 0.8321
[51, 100] Train Error: 0.0132 | Train Perf: 0.8722 | Eval Error: 0.0154 | Eval Perf: 0.8365
[52, 100] Train Error: 0.0129 | Train Perf: 0.8783 | Eval Error: 0.0152 | Eval Perf: 0.8384
[53, 100] Train Error: 0.0126 | Train Perf: 0.8804 | Eval Error: 0.015 | Eval Perf: 0.8391
[54, 100] Train Error: 0.0123 | Train Perf: 0.8828 | Eval Error: 0.0148 | Eval Perf: 0.8404
[55, 100] Train Error: 0.012 | Train Perf: 0.8858 | Eval Error: 0.0147 | Eval Perf: 0.8432
[56, 100] Train Error: 0.0116 | Train Perf: 0.8899 | Eval Error: 0.0146 | Eval Perf: 0.8473
[57, 100] Train Error: 0.0114 | Train Perf: 0.8921 | Eval Error: 0.0144 | Eval Perf: 0.8488
[58, 100] Train Error: 0.011 | Train Perf: 0.8993 | Eval Error: 0.0144 | Eval Perf: 0.8422
[59, 100] Train Error: 0.0108 | Train Perf: 0.8968 | Eval Error: 0.0141 | Eval Perf: 0.8475
[60, 100] Train Error: 0.0106 | Train Perf: 0.9005 | Eval Error: 0.014 | Eval Perf: 0.8466
[61, 100] Train Error: 0.0103 | Train Perf: 0.9027 | Eval Error: 0.0139 | Eval Perf: 0.8488
[62, 100] Train Error: 0.0101 | Train Perf: 0.9044 | Eval Error: 0.0139 | Eval Perf: 0.8471
[63, 100] Train Error: 0.0098 | Train Perf: 0.9079 | Eval Error: 0.0138 | Eval Perf: 0.8469
[64, 100] Train Error: 0.0097 | Train Perf: 0.9071 | Eval Error: 0.0136 | Eval Perf: 0.8538
[65, 100] Train Error: 0.0095 | Train Perf: 0.9115 | Eval Error: 0.0135 | Eval Perf: 0.8524
[66, 100] Train Error: 0.0093 | Train Perf: 0.9116 | Eval Error: 0.0134 | Eval Perf: 0.8533
[67, 100] Train Error: 0.0091 | Train Perf: 0.9133 | Eval Error: 0.0133 | Eval Perf: 0.8572
[68, 100] Train Error: 0.0089 | Train Perf: 0.9154 | Eval Error: 0.0132 | Eval Perf: 0.8587
[69, 100] Train Error: 0.0088 | Train Perf: 0.9159 | Eval Error: 0.0132 | Eval Perf: 0.8592
[70, 100] Train Error: 0.0086 | Train Perf: 0.9189 | Eval Error: 0.0131 | Eval Perf: 0.8566
[71, 100] Train Error: 0.0084 | Train Perf: 0.9188 | Eval Error: 0.0131 | Eval Perf: 0.8598
[72, 100] Train Error: 0.0083 | Train Perf: 0.9201 | Eval Error: 0.013 | Eval Perf: 0.8612
[73, 100] Train Error: 0.0081 | Train Perf: 0.9229 | Eval Error: 0.0129 | Eval Perf: 0.86
[74, 100] Train Error: 0.008 | Train Perf: 0.923 | Eval Error: 0.0128 | Eval Perf: 0.861
[75, 100] Train Error: 0.0078 | Train Perf: 0.9246 | Eval Error: 0.0128 | Eval Perf: 0.8599
[76, 100] Train Error: 0.0077 | Train Perf: 0.926 | Eval Error: 0.0128 | Eval Perf: 0.861
[77, 100] Train Error: 0.0076 | Train Perf: 0.928 | Eval Error: 0.0127 | Eval Perf: 0.8599
[78, 100] Train Error: 0.0075 | Train Perf: 0.9286 | Eval Error: 0.0127 | Eval Perf: 0.8607
[79, 100] Train Error: 0.0073 | Train Perf: 0.9293 | Eval Error: 0.0126 | Eval Perf: 0.8625
[80, 100] Train Error: 0.0071 | Train Perf: 0.9317 | Eval Error: 0.0126 | Eval Perf: 0.8675
[81, 100] Train Error: 0.0071 | Train Perf: 0.9322 | Eval Error: 0.0125 | Eval Perf: 0.865
[82, 100] Train Error: 0.007 | Train Perf: 0.9338 | Eval Error: 0.0125 | Eval Perf: 0.8628
[83, 100] Train Error: 0.0068 | Train Perf: 0.9345 | Eval Error: 0.0125 | Eval Perf: 0.8616
[84, 100] Train Error: 0.0068 | Train Perf: 0.9346 | Eval Error: 0.0125 | Eval Perf: 0.865
[85, 100] Train Error: 0.0066 | Train Perf: 0.9363 | Eval Error: 0.0124 | Eval Perf: 0.8649
[86, 100] Train Error: 0.0065 | Train Perf: 0.9381 | Eval Error: 0.0124 | Eval Perf: 0.8647
[87, 100] Train Error: 0.0063 | Train Perf: 0.9399 | Eval Error: 0.0125 | Eval Perf: 0.8614
[88, 100] Train Error: 0.0063 | Train Perf: 0.9388 | Eval Error: 0.0125 | Eval Perf: 0.8626
[89, 100] Train Error: 0.0062 | Train Perf: 0.9408 | Eval Error: 0.0124 | Eval Perf: 0.8663
[90, 100] Train Error: 0.0061 | Train Perf: 0.9409 | Eval Error: 0.0124 | Eval Perf: 0.8695
[91, 100] Train Error: 0.006 | Train Perf: 0.9425 | Eval Error: 0.0124 | Eval Perf: 0.8694
[92, 100] Train Error: 0.0059 | Train Perf: 0.9441 | Eval Error: 0.0124 | Eval Perf: 0.8653
[93, 100] Train Error: 0.0059 | Train Perf: 0.9431 | Eval Error: 0.0123 | Eval Perf: 0.8667
[94, 100] Train Error: 0.0058 | Train Perf: 0.9442 | Eval Error: 0.0123 | Eval Perf: 0.8673
[95, 100] Train Error: 0.0057 | Train Perf: 0.9453 | Eval Error: 0.0123 | Eval Perf: 0.8653
[96, 100] Train Error: 0.0056 | Train Perf: 0.9454 | Eval Error: 0.0123 | Eval Perf: 0.8687
[97, 100] Train Error: 0.0055 | Train Perf: 0.9472 | Eval Error: 0.0123 | Eval Perf: 0.8654
[98, 100] Train Error: 0.0055 | Train Perf: 0.9473 | Eval Error: 0.0124 | Eval Perf: 0.8652
[99, 100] Train Error: 0.0054 | Train Perf: 0.9481 | Eval Error: 0.0123 | Eval Perf: 0.8657
[100, 100] Train Error: 0.0053 | Train Perf: 0.9485 | Eval Error: 0.0124 | Eval Perf: 0.8642
