NETWORK SUMMARY
---------------
Input Layer shape: (1, 180)
Hidden Layer shape: (181, 3)
Output layer shape: (4, 1)
Total parameters: 547

[1, 100] Train Error: 0.0177 | Train Perf: 0.0186 | Eval Error: 0.0178 | Eval Perf: -0.1352
[2, 100] Train Error: 0.0165 | Train Perf: -0.1598 | Eval Error: 0.0175 | Eval Perf: 0.088
[3, 100] Train Error: 0.0161 | Train Perf: 0.0268 | Eval Error: 0.0177 | Eval Perf: 0.2249
[4, 100] Train Error: 0.0158 | Train Perf: 0.1591 | Eval Error: 0.0179 | Eval Perf: 0.3825
[5, 100] Train Error: 0.0158 | Train Perf: 0.1039 | Eval Error: 0.017 | Eval Perf: 0.4358
[6, 100] Train Error: 0.0156 | Train Perf: 0.1845 | Eval Error: 0.0168 | Eval Perf: 0.4889
[7, 100] Train Error: 0.0153 | Train Perf: 0.3069 | Eval Error: 0.0165 | Eval Perf: 0.5299
[8, 100] Train Error: 0.0147 | Train Perf: 0.4111 | Eval Error: 0.0163 | Eval Perf: 0.5833
[9, 100] Train Error: 0.0142 | Train Perf: 0.4306 | Eval Error: 0.0157 | Eval Perf: 0.6005
[10, 100] Train Error: 0.0136 | Train Perf: 0.5519 | Eval Error: 0.0152 | Eval Perf: 0.644
[11, 100] Train Error: 0.013 | Train Perf: 0.6554 | Eval Error: 0.0145 | Eval Perf: 0.6573
[12, 100] Train Error: 0.0122 | Train Perf: 0.7065 | Eval Error: 0.0139 | Eval Perf: 0.6816
[13, 100] Train Error: 0.0111 | Train Perf: 0.687 | Eval Error: 0.0131 | Eval Perf: 0.7077
[14, 100] Train Error: 0.0104 | Train Perf: 0.7717 | Eval Error: 0.0124 | Eval Perf: 0.7263
[15, 100] Train Error: 0.0096 | Train Perf: 0.7984 | Eval Error: 0.0116 | Eval Perf: 0.7442
[16, 100] Train Error: 0.0087 | Train Perf: 0.8376 | Eval Error: 0.0114 | Eval Perf: 0.7619
[17, 100] Train Error: 0.0081 | Train Perf: 0.8165 | Eval Error: 0.0102 | Eval Perf: 0.7597
[18, 100] Train Error: 0.0073 | Train Perf: 0.8391 | Eval Error: 0.0098 | Eval Perf: 0.7564
[19, 100] Train Error: 0.0067 | Train Perf: 0.8451 | Eval Error: 0.0092 | Eval Perf: 0.7735
[20, 100] Train Error: 0.0061 | Train Perf: 0.8553 | Eval Error: 0.0088 | Eval Perf: 0.77
[21, 100] Train Error: 0.0056 | Train Perf: 0.8606 | Eval Error: 0.0083 | Eval Perf: 0.7781
[22, 100] Train Error: 0.0053 | Train Perf: 0.8635 | Eval Error: 0.008 | Eval Perf: 0.7918
[23, 100] Train Error: 0.0049 | Train Perf: 0.872 | Eval Error: 0.0076 | Eval Perf: 0.7947
[24, 100] Train Error: 0.0047 | Train Perf: 0.8756 | Eval Error: 0.0074 | Eval Perf: 0.7971
[25, 100] Train Error: 0.0044 | Train Perf: 0.8826 | Eval Error: 0.0071 | Eval Perf: 0.8012
[26, 100] Train Error: 0.0041 | Train Perf: 0.8891 | Eval Error: 0.007 | Eval Perf: 0.8
[27, 100] Train Error: 0.0039 | Train Perf: 0.8933 | Eval Error: 0.0067 | Eval Perf: 0.8076
[28, 100] Train Error: 0.0036 | Train Perf: 0.9026 | Eval Error: 0.0068 | Eval Perf: 0.8162
[29, 100] Train Error: 0.0036 | Train Perf: 0.9005 | Eval Error: 0.0064 | Eval Perf: 0.8153
[30, 100] Train Error: 0.0033 | Train Perf: 0.9069 | Eval Error: 0.0063 | Eval Perf: 0.8159
[31, 100] Train Error: 0.0032 | Train Perf: 0.9112 | Eval Error: 0.0062 | Eval Perf: 0.8172
[32, 100] Train Error: 0.003 | Train Perf: 0.9146 | Eval Error: 0.0061 | Eval Perf: 0.8208
[33, 100] Train Error: 0.0029 | Train Perf: 0.9164 | Eval Error: 0.006 | Eval Perf: 0.8241
[34, 100] Train Error: 0.0027 | Train Perf: 0.9214 | Eval Error: 0.0059 | Eval Perf: 0.8249
[35, 100] Train Error: 0.0026 | Train Perf: 0.9273 | Eval Error: 0.0058 | Eval Perf: 0.8265
[36, 100] Train Error: 0.0025 | Train Perf: 0.9289 | Eval Error: 0.0058 | Eval Perf: 0.8293
[37, 100] Train Error: 0.0024 | Train Perf: 0.9318 | Eval Error: 0.0056 | Eval Perf: 0.8307
[38, 100] Train Error: 0.0022 | Train Perf: 0.9344 | Eval Error: 0.0056 | Eval Perf: 0.8337
[39, 100] Train Error: 0.0021 | Train Perf: 0.9386 | Eval Error: 0.0056 | Eval Perf: 0.8368
[40, 100] Train Error: 0.0021 | Train Perf: 0.9398 | Eval Error: 0.0055 | Eval Perf: 0.8352
[41, 100] Train Error: 0.002 | Train Perf: 0.9416 | Eval Error: 0.0054 | Eval Perf: 0.8367
[42, 100] Train Error: 0.0019 | Train Perf: 0.9453 | Eval Error: 0.0054 | Eval Perf: 0.8398
[43, 100] Train Error: 0.0018 | Train Perf: 0.9456 | Eval Error: 0.0054 | Eval Perf: 0.839
[44, 100] Train Error: 0.0018 | Train Perf: 0.9472 | Eval Error: 0.0053 | Eval Perf: 0.8386
[45, 100] Train Error: 0.0017 | Train Perf: 0.9499 | Eval Error: 0.0053 | Eval Perf: 0.8385
[46, 100] Train Error: 0.0016 | Train Perf: 0.9534 | Eval Error: 0.0053 | Eval Perf: 0.8394
[47, 100] Train Error: 0.0015 | Train Perf: 0.9541 | Eval Error: 0.0054 | Eval Perf: 0.8428
[48, 100] Train Error: 0.0015 | Train Perf: 0.956 | Eval Error: 0.0055 | Eval Perf: 0.8453
[49, 100] Train Error: 0.0015 | Train Perf: 0.9555 | Eval Error: 0.0053 | Eval Perf: 0.8431
[50, 100] Train Error: 0.0014 | Train Perf: 0.9589 | Eval Error: 0.0053 | Eval Perf: 0.8426
[51, 100] Train Error: 0.0013 | Train Perf: 0.9602 | Eval Error: 0.0053 | Eval Perf: 0.8423
[52, 100] Train Error: 0.0013 | Train Perf: 0.9603 | Eval Error: 0.0053 | Eval Perf: 0.8424
[53, 100] Train Error: 0.0012 | Train Perf: 0.9632 | Eval Error: 0.0055 | Eval Perf: 0.8458
[54, 100] Train Error: 0.0012 | Train Perf: 0.9654 | Eval Error: 0.0052 | Eval Perf: 0.8378
[55, 100] Train Error: 0.0012 | Train Perf: 0.9644 | Eval Error: 0.0052 | Eval Perf: 0.8423
[56, 100] Train Error: 0.0011 | Train Perf: 0.9659 | Eval Error: 0.0053 | Eval Perf: 0.8453
[57, 100] Train Error: 0.0011 | Train Perf: 0.9663 | Eval Error: 0.0052 | Eval Perf: 0.8452
[58, 100] Train Error: 0.001 | Train Perf: 0.9705 | Eval Error: 0.0052 | Eval Perf: 0.8463
[59, 100] Train Error: 0.001 | Train Perf: 0.9689 | Eval Error: 0.0053 | Eval Perf: 0.8465
[60, 100] Train Error: 0.001 | Train Perf: 0.9703 | Eval Error: 0.0052 | Eval Perf: 0.8409
[61, 100] Train Error: 0.001 | Train Perf: 0.971 | Eval Error: 0.0052 | Eval Perf: 0.8438
[62, 100] Train Error: 0.0009 | Train Perf: 0.9717 | Eval Error: 0.0052 | Eval Perf: 0.8453
[63, 100] Train Error: 0.0009 | Train Perf: 0.9745 | Eval Error: 0.0052 | Eval Perf: 0.8397
[64, 100] Train Error: 0.0008 | Train Perf: 0.9742 | Eval Error: 0.0052 | Eval Perf: 0.8461
[65, 100] Train Error: 0.0009 | Train Perf: 0.9738 | Eval Error: 0.0051 | Eval Perf: 0.8435
[66, 100] Train Error: 0.0008 | Train Perf: 0.9765 | Eval Error: 0.0055 | Eval Perf: 0.849
[67, 100] Train Error: 0.0008 | Train Perf: 0.9748 | Eval Error: 0.0052 | Eval Perf: 0.8418
[68, 100] Train Error: 0.0008 | Train Perf: 0.9761 | Eval Error: 0.0052 | Eval Perf: 0.8417
[69, 100] Train Error: 0.0007 | Train Perf: 0.9775 | Eval Error: 0.0054 | Eval Perf: 0.8486
[70, 100] Train Error: 0.0007 | Train Perf: 0.9784 | Eval Error: 0.0052 | Eval Perf: 0.8408
[71, 100] Train Error: 0.0007 | Train Perf: 0.9779 | Eval Error: 0.0052 | Eval Perf: 0.8463
[72, 100] Train Error: 0.0007 | Train Perf: 0.9791 | Eval Error: 0.0051 | Eval Perf: 0.8464
[73, 100] Train Error: 0.0007 | Train Perf: 0.9799 | Eval Error: 0.0052 | Eval Perf: 0.8418
[74, 100] Train Error: 0.0007 | Train Perf: 0.98 | Eval Error: 0.0051 | Eval Perf: 0.847
[75, 100] Train Error: 0.0006 | Train Perf: 0.9805 | Eval Error: 0.0052 | Eval Perf: 0.8486
[76, 100] Train Error: 0.0006 | Train Perf: 0.9813 | Eval Error: 0.0051 | Eval Perf: 0.8437
[77, 100] Train Error: 0.0006 | Train Perf: 0.9819 | Eval Error: 0.0052 | Eval Perf: 0.8429
[78, 100] Train Error: 0.0006 | Train Perf: 0.9823 | Eval Error: 0.0052 | Eval Perf: 0.8464
[79, 100] Train Error: 0.0006 | Train Perf: 0.9826 | Eval Error: 0.0052 | Eval Perf: 0.8475
[80, 100] Train Error: 0.0006 | Train Perf: 0.9829 | Eval Error: 0.0052 | Eval Perf: 0.8474
[81, 100] Train Error: 0.0005 | Train Perf: 0.9834 | Eval Error: 0.0051 | Eval Perf: 0.8448
[82, 100] Train Error: 0.0005 | Train Perf: 0.9838 | Eval Error: 0.0052 | Eval Perf: 0.8482
[83, 100] Train Error: 0.0005 | Train Perf: 0.9845 | Eval Error: 0.0052 | Eval Perf: 0.8468
[84, 100] Train Error: 0.0005 | Train Perf: 0.9847 | Eval Error: 0.0052 | Eval Perf: 0.8479
[85, 100] Train Error: 0.0005 | Train Perf: 0.9853 | Eval Error: 0.0051 | Eval Perf: 0.8438
[86, 100] Train Error: 0.0005 | Train Perf: 0.9859 | Eval Error: 0.0053 | Eval Perf: 0.8483
[87, 100] Train Error: 0.0005 | Train Perf: 0.9859 | Eval Error: 0.0052 | Eval Perf: 0.8478
[88, 100] Train Error: 0.0004 | Train Perf: 0.9863 | Eval Error: 0.0052 | Eval Perf: 0.8475
[89, 100] Train Error: 0.0004 | Train Perf: 0.9871 | Eval Error: 0.0052 | Eval Perf: 0.8482
[90, 100] Train Error: 0.0004 | Train Perf: 0.9871 | Eval Error: 0.0052 | Eval Perf: 0.8447
[91, 100] Train Error: 0.0004 | Train Perf: 0.9876 | Eval Error: 0.0052 | Eval Perf: 0.8443
[92, 100] Train Error: 0.0004 | Train Perf: 0.9875 | Eval Error: 0.0052 | Eval Perf: 0.8472
[93, 100] Train Error: 0.0004 | Train Perf: 0.9881 | Eval Error: 0.0052 | Eval Perf: 0.8466
[94, 100] Train Error: 0.0004 | Train Perf: 0.9884 | Eval Error: 0.0051 | Eval Perf: 0.8466
[95, 100] Train Error: 0.0004 | Train Perf: 0.9892 | Eval Error: 0.0051 | Eval Perf: 0.8445
[96, 100] Train Error: 0.0004 | Train Perf: 0.9892 | Eval Error: 0.0051 | Eval Perf: 0.8442
[97, 100] Train Error: 0.0004 | Train Perf: 0.9891 | Eval Error: 0.0052 | Eval Perf: 0.8435
[98, 100] Train Error: 0.0003 | Train Perf: 0.9895 | Eval Error: 0.0051 | Eval Perf: 0.8434
[99, 100] Train Error: 0.0003 | Train Perf: 0.9898 | Eval Error: 0.0051 | Eval Perf: 0.8449
[100, 100] Train Error: 0.0003 | Train Perf: 0.9901 | Eval Error: 0.0051 | Eval Perf: 0.8442
