NETWORK SUMMARY
---------------
Input Layer shape: (1, 180)
Hidden Layer shape: (181, 3)
Output layer shape: (4, 1)
Total parameters: 547

[1, 100] Train Error: 0.037 | Train Perf: -0.0201 | Eval Error: 0.0325 | Eval Perf: 0.4151
[2, 100] Train Error: 0.0284 | Train Perf: 0.4762 | Eval Error: 0.0293 | Eval Perf: 0.4828
[3, 100] Train Error: 0.0219 | Train Perf: 0.6357 | Eval Error: 0.0284 | Eval Perf: 0.4618
[4, 100] Train Error: 0.0193 | Train Perf: 0.6796 | Eval Error: 0.0295 | Eval Perf: 0.4847
[5, 100] Train Error: 0.0168 | Train Perf: 0.7298 | Eval Error: 0.0273 | Eval Perf: 0.5127
[6, 100] Train Error: 0.0147 | Train Perf: 0.7705 | Eval Error: 0.0318 | Eval Perf: 0.4652
[7, 100] Train Error: 0.0137 | Train Perf: 0.7866 | Eval Error: 0.0313 | Eval Perf: 0.4792
[8, 100] Train Error: 0.0125 | Train Perf: 0.8076 | Eval Error: 0.0297 | Eval Perf: 0.5064
[9, 100] Train Error: 0.0114 | Train Perf: 0.8264 | Eval Error: 0.0292 | Eval Perf: 0.5234
[10, 100] Train Error: 0.0102 | Train Perf: 0.8468 | Eval Error: 0.0312 | Eval Perf: 0.481
[11, 100] Train Error: 0.009 | Train Perf: 0.8663 | Eval Error: 0.0314 | Eval Perf: 0.5196
[12, 100] Train Error: 0.0085 | Train Perf: 0.8738 | Eval Error: 0.0329 | Eval Perf: 0.4828
[13, 100] Train Error: 0.0073 | Train Perf: 0.8923 | Eval Error: 0.0307 | Eval Perf: 0.5199
[14, 100] Train Error: 0.007 | Train Perf: 0.8971 | Eval Error: 0.0307 | Eval Perf: 0.5148
[15, 100] Train Error: 0.0059 | Train Perf: 0.9158 | Eval Error: 0.0316 | Eval Perf: 0.5122
[16, 100] Train Error: 0.0054 | Train Perf: 0.9227 | Eval Error: 0.0308 | Eval Perf: 0.5258
[17, 100] Train Error: 0.0045 | Train Perf: 0.936 | Eval Error: 0.0317 | Eval Perf: 0.5083
[18, 100] Train Error: 0.0045 | Train Perf: 0.9366 | Eval Error: 0.0318 | Eval Perf: 0.5091
[19, 100] Train Error: 0.0042 | Train Perf: 0.9405 | Eval Error: 0.0322 | Eval Perf: 0.5059
[20, 100] Train Error: 0.0033 | Train Perf: 0.9549 | Eval Error: 0.0316 | Eval Perf: 0.5349
[21, 100] Train Error: 0.0032 | Train Perf: 0.9551 | Eval Error: 0.0322 | Eval Perf: 0.5163
[22, 100] Train Error: 0.003 | Train Perf: 0.9579 | Eval Error: 0.0317 | Eval Perf: 0.5281
[23, 100] Train Error: 0.0028 | Train Perf: 0.9609 | Eval Error: 0.0324 | Eval Perf: 0.5155
[24, 100] Train Error: 0.0025 | Train Perf: 0.9651 | Eval Error: 0.0318 | Eval Perf: 0.5305
[25, 100] Train Error: 0.0024 | Train Perf: 0.9671 | Eval Error: 0.0337 | Eval Perf: 0.5101
[26, 100] Train Error: 0.002 | Train Perf: 0.973 | Eval Error: 0.0332 | Eval Perf: 0.5125
[27, 100] Train Error: 0.0019 | Train Perf: 0.9749 | Eval Error: 0.0328 | Eval Perf: 0.5346
[28, 100] Train Error: 0.0018 | Train Perf: 0.9748 | Eval Error: 0.0338 | Eval Perf: 0.5149
[29, 100] Train Error: 0.0017 | Train Perf: 0.9764 | Eval Error: 0.0344 | Eval Perf: 0.5159
[30, 100] Train Error: 0.0017 | Train Perf: 0.9771 | Eval Error: 0.0337 | Eval Perf: 0.5253
[31, 100] Train Error: 0.0016 | Train Perf: 0.9786 | Eval Error: 0.0337 | Eval Perf: 0.5305
[32, 100] Train Error: 0.0014 | Train Perf: 0.9804 | Eval Error: 0.0331 | Eval Perf: 0.5338
[33, 100] Train Error: 0.0013 | Train Perf: 0.9817 | Eval Error: 0.0342 | Eval Perf: 0.5255
[34, 100] Train Error: 0.0012 | Train Perf: 0.9834 | Eval Error: 0.0342 | Eval Perf: 0.5312
[35, 100] Train Error: 0.0013 | Train Perf: 0.9825 | Eval Error: 0.0347 | Eval Perf: 0.526
[36, 100] Train Error: 0.0012 | Train Perf: 0.984 | Eval Error: 0.034 | Eval Perf: 0.531
[37, 100] Train Error: 0.0011 | Train Perf: 0.9853 | Eval Error: 0.0342 | Eval Perf: 0.5329
[38, 100] Train Error: 0.001 | Train Perf: 0.9857 | Eval Error: 0.0346 | Eval Perf: 0.533
[39, 100] Train Error: 0.0012 | Train Perf: 0.9841 | Eval Error: 0.0344 | Eval Perf: 0.5276
[40, 100] Train Error: 0.001 | Train Perf: 0.9865 | Eval Error: 0.0356 | Eval Perf: 0.5245
[41, 100] Train Error: 0.0011 | Train Perf: 0.9841 | Eval Error: 0.0361 | Eval Perf: 0.5091
[42, 100] Train Error: 0.001 | Train Perf: 0.9859 | Eval Error: 0.0354 | Eval Perf: 0.5244
[43, 100] Train Error: 0.0009 | Train Perf: 0.9878 | Eval Error: 0.0353 | Eval Perf: 0.5421
[44, 100] Train Error: 0.001 | Train Perf: 0.9867 | Eval Error: 0.0349 | Eval Perf: 0.5438
[45, 100] Train Error: 0.0009 | Train Perf: 0.9878 | Eval Error: 0.0346 | Eval Perf: 0.5441
[46, 100] Train Error: 0.001 | Train Perf: 0.9858 | Eval Error: 0.0358 | Eval Perf: 0.5395
[47, 100] Train Error: 0.0009 | Train Perf: 0.9872 | Eval Error: 0.0353 | Eval Perf: 0.5315
[48, 100] Train Error: 0.001 | Train Perf: 0.9855 | Eval Error: 0.0345 | Eval Perf: 0.5469
[49, 100] Train Error: 0.0011 | Train Perf: 0.9849 | Eval Error: 0.0367 | Eval Perf: 0.5202
[50, 100] Train Error: 0.0009 | Train Perf: 0.9871 | Eval Error: 0.0354 | Eval Perf: 0.536
[51, 100] Train Error: 0.0008 | Train Perf: 0.9896 | Eval Error: 0.036 | Eval Perf: 0.5245
[52, 100] Train Error: 0.0008 | Train Perf: 0.9892 | Eval Error: 0.035 | Eval Perf: 0.5362
[53, 100] Train Error: 0.0008 | Train Perf: 0.9893 | Eval Error: 0.0348 | Eval Perf: 0.5483
[54, 100] Train Error: 0.0008 | Train Perf: 0.9891 | Eval Error: 0.0365 | Eval Perf: 0.528
[55, 100] Train Error: 0.0007 | Train Perf: 0.9904 | Eval Error: 0.0365 | Eval Perf: 0.5205
[56, 100] Train Error: 0.0007 | Train Perf: 0.9904 | Eval Error: 0.0367 | Eval Perf: 0.5277
[57, 100] Train Error: 0.0008 | Train Perf: 0.9893 | Eval Error: 0.0364 | Eval Perf: 0.5289
[58, 100] Train Error: 0.0007 | Train Perf: 0.9896 | Eval Error: 0.0371 | Eval Perf: 0.5125
[59, 100] Train Error: 0.0008 | Train Perf: 0.9883 | Eval Error: 0.0363 | Eval Perf: 0.5281
[60, 100] Train Error: 0.0008 | Train Perf: 0.9884 | Eval Error: 0.0351 | Eval Perf: 0.54
[61, 100] Train Error: 0.0008 | Train Perf: 0.9888 | Eval Error: 0.0361 | Eval Perf: 0.528
[62, 100] Train Error: 0.0007 | Train Perf: 0.9908 | Eval Error: 0.0363 | Eval Perf: 0.5318
[63, 100] Train Error: 0.0006 | Train Perf: 0.9912 | Eval Error: 0.0364 | Eval Perf: 0.5318
[64, 100] Train Error: 0.0006 | Train Perf: 0.9921 | Eval Error: 0.0364 | Eval Perf: 0.5266
[65, 100] Train Error: 0.0006 | Train Perf: 0.9923 | Eval Error: 0.0364 | Eval Perf: 0.5299
[66, 100] Train Error: 0.0006 | Train Perf: 0.9918 | Eval Error: 0.0371 | Eval Perf: 0.5238
[67, 100] Train Error: 0.0007 | Train Perf: 0.9906 | Eval Error: 0.0364 | Eval Perf: 0.5315
[68, 100] Train Error: 0.0007 | Train Perf: 0.9907 | Eval Error: 0.0361 | Eval Perf: 0.5364
[69, 100] Train Error: 0.0007 | Train Perf: 0.9903 | Eval Error: 0.0368 | Eval Perf: 0.5244
[70, 100] Train Error: 0.0007 | Train Perf: 0.9909 | Eval Error: 0.0369 | Eval Perf: 0.5244
[71, 100] Train Error: 0.0006 | Train Perf: 0.9911 | Eval Error: 0.0367 | Eval Perf: 0.5287
[72, 100] Train Error: 0.0006 | Train Perf: 0.9915 | Eval Error: 0.0371 | Eval Perf: 0.5258
[73, 100] Train Error: 0.0006 | Train Perf: 0.9921 | Eval Error: 0.0368 | Eval Perf: 0.5299
[74, 100] Train Error: 0.0006 | Train Perf: 0.9913 | Eval Error: 0.0368 | Eval Perf: 0.5356
[75, 100] Train Error: 0.0007 | Train Perf: 0.9908 | Eval Error: 0.0376 | Eval Perf: 0.52
[76, 100] Train Error: 0.0006 | Train Perf: 0.9921 | Eval Error: 0.038 | Eval Perf: 0.5125
[77, 100] Train Error: 0.0007 | Train Perf: 0.9908 | Eval Error: 0.0378 | Eval Perf: 0.5194
[78, 100] Train Error: 0.0007 | Train Perf: 0.9897 | Eval Error: 0.0377 | Eval Perf: 0.5176
[79, 100] Train Error: 0.0006 | Train Perf: 0.9918 | Eval Error: 0.0395 | Eval Perf: 0.5016
[80, 100] Train Error: 0.0006 | Train Perf: 0.9916 | Eval Error: 0.0372 | Eval Perf: 0.528
[81, 100] Train Error: 0.0006 | Train Perf: 0.9914 | Eval Error: 0.0386 | Eval Perf: 0.5087
[82, 100] Train Error: 0.0005 | Train Perf: 0.9934 | Eval Error: 0.0377 | Eval Perf: 0.5202
[83, 100] Train Error: 0.0007 | Train Perf: 0.9904 | Eval Error: 0.0375 | Eval Perf: 0.5216
[84, 100] Train Error: 0.0006 | Train Perf: 0.9911 | Eval Error: 0.0385 | Eval Perf: 0.5139
[85, 100] Train Error: 0.0008 | Train Perf: 0.9888 | Eval Error: 0.0379 | Eval Perf: 0.5132
[86, 100] Train Error: 0.0008 | Train Perf: 0.9894 | Eval Error: 0.0389 | Eval Perf: 0.5076
[87, 100] Train Error: 0.0006 | Train Perf: 0.9921 | Eval Error: 0.0383 | Eval Perf: 0.5128
[88, 100] Train Error: 0.0005 | Train Perf: 0.9938 | Eval Error: 0.0392 | Eval Perf: 0.5044
[89, 100] Train Error: 0.0006 | Train Perf: 0.9918 | Eval Error: 0.0384 | Eval Perf: 0.5124
[90, 100] Train Error: 0.0005 | Train Perf: 0.9939 | Eval Error: 0.0392 | Eval Perf: 0.5065
[91, 100] Train Error: 0.0005 | Train Perf: 0.9931 | Eval Error: 0.0393 | Eval Perf: 0.4998
[92, 100] Train Error: 0.0004 | Train Perf: 0.994 | Eval Error: 0.0385 | Eval Perf: 0.5098
[93, 100] Train Error: 0.0004 | Train Perf: 0.9949 | Eval Error: 0.0388 | Eval Perf: 0.5054
[94, 100] Train Error: 0.0004 | Train Perf: 0.9949 | Eval Error: 0.0393 | Eval Perf: 0.5053
[95, 100] Train Error: 0.0004 | Train Perf: 0.9947 | Eval Error: 0.0389 | Eval Perf: 0.5087
[96, 100] Train Error: 0.0004 | Train Perf: 0.9949 | Eval Error: 0.0389 | Eval Perf: 0.5091
[97, 100] Train Error: 0.0004 | Train Perf: 0.995 | Eval Error: 0.04 | Eval Perf: 0.5001
[98, 100] Train Error: 0.0004 | Train Perf: 0.9947 | Eval Error: 0.0401 | Eval Perf: 0.4971
[99, 100] Train Error: 0.0005 | Train Perf: 0.9938 | Eval Error: 0.0408 | Eval Perf: 0.4862
[100, 100] Train Error: 0.0004 | Train Perf: 0.9946 | Eval Error: 0.0398 | Eval Perf: 0.503
