NETWORK SUMMARY
---------------
Input Layer shape: (1, 180)
Hidden Layer shape: (181, 5)
Output layer shape: (6, 1)
Total parameters: 911

[1, 100] Train Error: 0.0289 | Train Perf: 0.5536 | Eval Error: 0.0211 | Eval Perf: 0.7278
[2, 100] Train Error: 0.0207 | Train Perf: 0.709 | Eval Error: 0.018 | Eval Perf: 0.7795
[3, 100] Train Error: 0.0176 | Train Perf: 0.7606 | Eval Error: 0.0164 | Eval Perf: 0.7872
[4, 100] Train Error: 0.0149 | Train Perf: 0.8017 | Eval Error: 0.0156 | Eval Perf: 0.7965
[5, 100] Train Error: 0.0143 | Train Perf: 0.8113 | Eval Error: 0.0154 | Eval Perf: 0.8149
[6, 100] Train Error: 0.0127 | Train Perf: 0.834 | Eval Error: 0.0157 | Eval Perf: 0.8072
[7, 100] Train Error: 0.0123 | Train Perf: 0.8404 | Eval Error: 0.0139 | Eval Perf: 0.8283
[8, 100] Train Error: 0.0114 | Train Perf: 0.852 | Eval Error: 0.0138 | Eval Perf: 0.8222
[9, 100] Train Error: 0.0107 | Train Perf: 0.8627 | Eval Error: 0.0148 | Eval Perf: 0.8047
[10, 100] Train Error: 0.0103 | Train Perf: 0.8674 | Eval Error: 0.0145 | Eval Perf: 0.8224
[11, 100] Train Error: 0.0095 | Train Perf: 0.8787 | Eval Error: 0.0157 | Eval Perf: 0.8042
[12, 100] Train Error: 0.0095 | Train Perf: 0.8793 | Eval Error: 0.0144 | Eval Perf: 0.819
[13, 100] Train Error: 0.009 | Train Perf: 0.8856 | Eval Error: 0.0156 | Eval Perf: 0.8113
[14, 100] Train Error: 0.009 | Train Perf: 0.8861 | Eval Error: 0.0147 | Eval Perf: 0.8162
[15, 100] Train Error: 0.0084 | Train Perf: 0.8936 | Eval Error: 0.0143 | Eval Perf: 0.8179
[16, 100] Train Error: 0.0083 | Train Perf: 0.8957 | Eval Error: 0.0152 | Eval Perf: 0.8034
[17, 100] Train Error: 0.0081 | Train Perf: 0.8979 | Eval Error: 0.0133 | Eval Perf: 0.8305
[18, 100] Train Error: 0.008 | Train Perf: 0.8989 | Eval Error: 0.0146 | Eval Perf: 0.8191
[19, 100] Train Error: 0.0073 | Train Perf: 0.908 | Eval Error: 0.0141 | Eval Perf: 0.8204
[20, 100] Train Error: 0.0077 | Train Perf: 0.9025 | Eval Error: 0.0139 | Eval Perf: 0.8218
[21, 100] Train Error: 0.0074 | Train Perf: 0.907 | Eval Error: 0.0142 | Eval Perf: 0.8189
[22, 100] Train Error: 0.0073 | Train Perf: 0.9085 | Eval Error: 0.0145 | Eval Perf: 0.8199
[23, 100] Train Error: 0.007 | Train Perf: 0.9119 | Eval Error: 0.0144 | Eval Perf: 0.8168
[24, 100] Train Error: 0.0067 | Train Perf: 0.9159 | Eval Error: 0.016 | Eval Perf: 0.7983
[25, 100] Train Error: 0.0067 | Train Perf: 0.9159 | Eval Error: 0.015 | Eval Perf: 0.811
[26, 100] Train Error: 0.0066 | Train Perf: 0.9177 | Eval Error: 0.0191 | Eval Perf: 0.7883
[27, 100] Train Error: 0.0066 | Train Perf: 0.9175 | Eval Error: 0.0151 | Eval Perf: 0.8079
[28, 100] Train Error: 0.0065 | Train Perf: 0.9192 | Eval Error: 0.0159 | Eval Perf: 0.8011
[29, 100] Train Error: 0.0065 | Train Perf: 0.9182 | Eval Error: 0.0159 | Eval Perf: 0.804
[30, 100] Train Error: 0.0065 | Train Perf: 0.9189 | Eval Error: 0.0149 | Eval Perf: 0.8221
[31, 100] Train Error: 0.0063 | Train Perf: 0.9217 | Eval Error: 0.0142 | Eval Perf: 0.8177
[32, 100] Train Error: 0.0062 | Train Perf: 0.9221 | Eval Error: 0.0151 | Eval Perf: 0.8089
[33, 100] Train Error: 0.0061 | Train Perf: 0.9236 | Eval Error: 0.0151 | Eval Perf: 0.8113
[34, 100] Train Error: 0.0061 | Train Perf: 0.9236 | Eval Error: 0.0154 | Eval Perf: 0.8026
[35, 100] Train Error: 0.0059 | Train Perf: 0.9261 | Eval Error: 0.0152 | Eval Perf: 0.8103
[36, 100] Train Error: 0.0058 | Train Perf: 0.9279 | Eval Error: 0.016 | Eval Perf: 0.7987
[37, 100] Train Error: 0.0058 | Train Perf: 0.928 | Eval Error: 0.0169 | Eval Perf: 0.7913
[38, 100] Train Error: 0.0056 | Train Perf: 0.9306 | Eval Error: 0.0153 | Eval Perf: 0.8038
[39, 100] Train Error: 0.0057 | Train Perf: 0.9297 | Eval Error: 0.016 | Eval Perf: 0.7991
[40, 100] Train Error: 0.0055 | Train Perf: 0.9315 | Eval Error: 0.0157 | Eval Perf: 0.8035
[41, 100] Train Error: 0.0055 | Train Perf: 0.9318 | Eval Error: 0.0151 | Eval Perf: 0.8102
[42, 100] Train Error: 0.0053 | Train Perf: 0.9349 | Eval Error: 0.0172 | Eval Perf: 0.7823
[43, 100] Train Error: 0.0052 | Train Perf: 0.9351 | Eval Error: 0.0154 | Eval Perf: 0.8075
[44, 100] Train Error: 0.0053 | Train Perf: 0.9347 | Eval Error: 0.0157 | Eval Perf: 0.806
[45, 100] Train Error: 0.0051 | Train Perf: 0.9364 | Eval Error: 0.0167 | Eval Perf: 0.7891
[46, 100] Train Error: 0.0051 | Train Perf: 0.9372 | Eval Error: 0.0161 | Eval Perf: 0.7964
[47, 100] Train Error: 0.0052 | Train Perf: 0.936 | Eval Error: 0.016 | Eval Perf: 0.8023
[48, 100] Train Error: 0.005 | Train Perf: 0.9376 | Eval Error: 0.0165 | Eval Perf: 0.7885
[49, 100] Train Error: 0.0051 | Train Perf: 0.9373 | Eval Error: 0.0162 | Eval Perf: 0.7985
[50, 100] Train Error: 0.005 | Train Perf: 0.9381 | Eval Error: 0.0165 | Eval Perf: 0.7955
[51, 100] Train Error: 0.005 | Train Perf: 0.9379 | Eval Error: 0.016 | Eval Perf: 0.7989
[52, 100] Train Error: 0.0049 | Train Perf: 0.939 | Eval Error: 0.0157 | Eval Perf: 0.8026
[53, 100] Train Error: 0.0048 | Train Perf: 0.9404 | Eval Error: 0.0176 | Eval Perf: 0.7848
[54, 100] Train Error: 0.0048 | Train Perf: 0.9409 | Eval Error: 0.0165 | Eval Perf: 0.7964
[55, 100] Train Error: 0.0047 | Train Perf: 0.942 | Eval Error: 0.0166 | Eval Perf: 0.7918
[56, 100] Train Error: 0.0048 | Train Perf: 0.9412 | Eval Error: 0.0174 | Eval Perf: 0.7852
[57, 100] Train Error: 0.0047 | Train Perf: 0.942 | Eval Error: 0.0178 | Eval Perf: 0.7772
[58, 100] Train Error: 0.0046 | Train Perf: 0.943 | Eval Error: 0.0173 | Eval Perf: 0.7863
[59, 100] Train Error: 0.0046 | Train Perf: 0.9439 | Eval Error: 0.0175 | Eval Perf: 0.7817
[60, 100] Train Error: 0.0047 | Train Perf: 0.9426 | Eval Error: 0.0185 | Eval Perf: 0.7708
[61, 100] Train Error: 0.0046 | Train Perf: 0.9438 | Eval Error: 0.0175 | Eval Perf: 0.7845
[62, 100] Train Error: 0.0045 | Train Perf: 0.9445 | Eval Error: 0.0171 | Eval Perf: 0.7875
[63, 100] Train Error: 0.0045 | Train Perf: 0.9442 | Eval Error: 0.018 | Eval Perf: 0.7816
[64, 100] Train Error: 0.0045 | Train Perf: 0.9439 | Eval Error: 0.0176 | Eval Perf: 0.7887
[65, 100] Train Error: 0.0045 | Train Perf: 0.9451 | Eval Error: 0.0177 | Eval Perf: 0.7844
[66, 100] Train Error: 0.0044 | Train Perf: 0.9452 | Eval Error: 0.017 | Eval Perf: 0.7945
[67, 100] Train Error: 0.0044 | Train Perf: 0.946 | Eval Error: 0.0184 | Eval Perf: 0.772
[68, 100] Train Error: 0.0045 | Train Perf: 0.9451 | Eval Error: 0.0177 | Eval Perf: 0.7857
[69, 100] Train Error: 0.0043 | Train Perf: 0.9465 | Eval Error: 0.0171 | Eval Perf: 0.7856
[70, 100] Train Error: 0.0044 | Train Perf: 0.9461 | Eval Error: 0.0177 | Eval Perf: 0.7843
[71, 100] Train Error: 0.0042 | Train Perf: 0.9479 | Eval Error: 0.0203 | Eval Perf: 0.7568
[72, 100] Train Error: 0.0042 | Train Perf: 0.9479 | Eval Error: 0.0181 | Eval Perf: 0.7759
[73, 100] Train Error: 0.0042 | Train Perf: 0.9486 | Eval Error: 0.0193 | Eval Perf: 0.7669
[74, 100] Train Error: 0.0043 | Train Perf: 0.9466 | Eval Error: 0.0187 | Eval Perf: 0.7725
[75, 100] Train Error: 0.0043 | Train Perf: 0.9473 | Eval Error: 0.0175 | Eval Perf: 0.7829
[76, 100] Train Error: 0.0041 | Train Perf: 0.9496 | Eval Error: 0.0186 | Eval Perf: 0.7752
[77, 100] Train Error: 0.0042 | Train Perf: 0.9488 | Eval Error: 0.0185 | Eval Perf: 0.7696
[78, 100] Train Error: 0.0042 | Train Perf: 0.9485 | Eval Error: 0.0187 | Eval Perf: 0.7738
[79, 100] Train Error: 0.0041 | Train Perf: 0.9498 | Eval Error: 0.0201 | Eval Perf: 0.7659
[80, 100] Train Error: 0.004 | Train Perf: 0.9507 | Eval Error: 0.0187 | Eval Perf: 0.7745
[81, 100] Train Error: 0.0041 | Train Perf: 0.9491 | Eval Error: 0.0185 | Eval Perf: 0.7692
[82, 100] Train Error: 0.0041 | Train Perf: 0.9495 | Eval Error: 0.0187 | Eval Perf: 0.7728
[83, 100] Train Error: 0.0041 | Train Perf: 0.9502 | Eval Error: 0.0182 | Eval Perf: 0.7693
[84, 100] Train Error: 0.0041 | Train Perf: 0.9502 | Eval Error: 0.0192 | Eval Perf: 0.7681
[85, 100] Train Error: 0.0041 | Train Perf: 0.9501 | Eval Error: 0.0177 | Eval Perf: 0.7782
[86, 100] Train Error: 0.004 | Train Perf: 0.9502 | Eval Error: 0.0196 | Eval Perf: 0.7654
[87, 100] Train Error: 0.004 | Train Perf: 0.9503 | Eval Error: 0.0197 | Eval Perf: 0.7598
[88, 100] Train Error: 0.004 | Train Perf: 0.9511 | Eval Error: 0.0189 | Eval Perf: 0.766
[89, 100] Train Error: 0.004 | Train Perf: 0.9508 | Eval Error: 0.0185 | Eval Perf: 0.7794
[90, 100] Train Error: 0.004 | Train Perf: 0.9514 | Eval Error: 0.0195 | Eval Perf: 0.7658
[91, 100] Train Error: 0.004 | Train Perf: 0.9511 | Eval Error: 0.0192 | Eval Perf: 0.7658
[92, 100] Train Error: 0.0038 | Train Perf: 0.9532 | Eval Error: 0.0193 | Eval Perf: 0.7684
[93, 100] Train Error: 0.0039 | Train Perf: 0.9523 | Eval Error: 0.0183 | Eval Perf: 0.7756
[94, 100] Train Error: 0.0039 | Train Perf: 0.9527 | Eval Error: 0.0187 | Eval Perf: 0.7713
[95, 100] Train Error: 0.0039 | Train Perf: 0.9517 | Eval Error: 0.0201 | Eval Perf: 0.7621
[96, 100] Train Error: 0.0039 | Train Perf: 0.9519 | Eval Error: 0.0191 | Eval Perf: 0.765
[97, 100] Train Error: 0.0037 | Train Perf: 0.954 | Eval Error: 0.0192 | Eval Perf: 0.7626
[98, 100] Train Error: 0.0038 | Train Perf: 0.9532 | Eval Error: 0.0189 | Eval Perf: 0.7649
[99, 100] Train Error: 0.0038 | Train Perf: 0.9533 | Eval Error: 0.02 | Eval Perf: 0.7605
[100, 100] Train Error: 0.0038 | Train Perf: 0.9535 | Eval Error: 0.0197 | Eval Perf: 0.7672
