NETWORK SUMMARY
---------------
Input Layer shape: (1, 180)
Hidden Layer shape: (181, 5)
Output layer shape: (6, 1)
Total parameters: 911

[1, 100] Train Error: 0.0284 | Train Perf: 0.5654 | Eval Error: 0.0227 | Eval Perf: 0.6757
[2, 100] Train Error: 0.0199 | Train Perf: 0.7235 | Eval Error: 0.0193 | Eval Perf: 0.7378
[3, 100] Train Error: 0.0171 | Train Perf: 0.7677 | Eval Error: 0.0177 | Eval Perf: 0.7652
[4, 100] Train Error: 0.015 | Train Perf: 0.8007 | Eval Error: 0.017 | Eval Perf: 0.772
[5, 100] Train Error: 0.014 | Train Perf: 0.8148 | Eval Error: 0.0186 | Eval Perf: 0.7866
[6, 100] Train Error: 0.0127 | Train Perf: 0.8345 | Eval Error: 0.0158 | Eval Perf: 0.7872
[7, 100] Train Error: 0.0121 | Train Perf: 0.8435 | Eval Error: 0.0172 | Eval Perf: 0.7935
[8, 100] Train Error: 0.0112 | Train Perf: 0.856 | Eval Error: 0.0164 | Eval Perf: 0.7892
[9, 100] Train Error: 0.0108 | Train Perf: 0.861 | Eval Error: 0.0157 | Eval Perf: 0.7974
[10, 100] Train Error: 0.0099 | Train Perf: 0.8736 | Eval Error: 0.0151 | Eval Perf: 0.7999
[11, 100] Train Error: 0.01 | Train Perf: 0.8718 | Eval Error: 0.0148 | Eval Perf: 0.8026
[12, 100] Train Error: 0.0093 | Train Perf: 0.8813 | Eval Error: 0.0155 | Eval Perf: 0.803
[13, 100] Train Error: 0.0089 | Train Perf: 0.8866 | Eval Error: 0.0151 | Eval Perf: 0.808
[14, 100] Train Error: 0.0086 | Train Perf: 0.8912 | Eval Error: 0.0168 | Eval Perf: 0.8044
[15, 100] Train Error: 0.0085 | Train Perf: 0.892 | Eval Error: 0.0148 | Eval Perf: 0.8044
[16, 100] Train Error: 0.0079 | Train Perf: 0.9002 | Eval Error: 0.0168 | Eval Perf: 0.7858
[17, 100] Train Error: 0.008 | Train Perf: 0.8995 | Eval Error: 0.0161 | Eval Perf: 0.8016
[18, 100] Train Error: 0.0075 | Train Perf: 0.9055 | Eval Error: 0.0157 | Eval Perf: 0.7973
[19, 100] Train Error: 0.0074 | Train Perf: 0.9074 | Eval Error: 0.0153 | Eval Perf: 0.8019
[20, 100] Train Error: 0.0073 | Train Perf: 0.9086 | Eval Error: 0.0165 | Eval Perf: 0.7954
[21, 100] Train Error: 0.0072 | Train Perf: 0.9099 | Eval Error: 0.0152 | Eval Perf: 0.8064
[22, 100] Train Error: 0.007 | Train Perf: 0.9128 | Eval Error: 0.0163 | Eval Perf: 0.7916
[23, 100] Train Error: 0.0068 | Train Perf: 0.9155 | Eval Error: 0.0165 | Eval Perf: 0.7929
[24, 100] Train Error: 0.0068 | Train Perf: 0.9159 | Eval Error: 0.0165 | Eval Perf: 0.7959
[25, 100] Train Error: 0.0068 | Train Perf: 0.9152 | Eval Error: 0.0168 | Eval Perf: 0.7924
[26, 100] Train Error: 0.0066 | Train Perf: 0.9177 | Eval Error: 0.0168 | Eval Perf: 0.7931
[27, 100] Train Error: 0.0063 | Train Perf: 0.9217 | Eval Error: 0.0171 | Eval Perf: 0.7869
[28, 100] Train Error: 0.0061 | Train Perf: 0.9241 | Eval Error: 0.0167 | Eval Perf: 0.787
[29, 100] Train Error: 0.0063 | Train Perf: 0.9218 | Eval Error: 0.0161 | Eval Perf: 0.7917
[30, 100] Train Error: 0.006 | Train Perf: 0.9255 | Eval Error: 0.0175 | Eval Perf: 0.7789
[31, 100] Train Error: 0.0061 | Train Perf: 0.9246 | Eval Error: 0.0167 | Eval Perf: 0.7858
[32, 100] Train Error: 0.0059 | Train Perf: 0.9268 | Eval Error: 0.0173 | Eval Perf: 0.7823
[33, 100] Train Error: 0.0058 | Train Perf: 0.9276 | Eval Error: 0.0171 | Eval Perf: 0.7822
[34, 100] Train Error: 0.0059 | Train Perf: 0.9274 | Eval Error: 0.0172 | Eval Perf: 0.7802
[35, 100] Train Error: 0.0058 | Train Perf: 0.9276 | Eval Error: 0.018 | Eval Perf: 0.7799
[36, 100] Train Error: 0.0056 | Train Perf: 0.9306 | Eval Error: 0.0174 | Eval Perf: 0.7784
[37, 100] Train Error: 0.0057 | Train Perf: 0.9299 | Eval Error: 0.0174 | Eval Perf: 0.7813
[38, 100] Train Error: 0.0054 | Train Perf: 0.933 | Eval Error: 0.0185 | Eval Perf: 0.7714
[39, 100] Train Error: 0.0056 | Train Perf: 0.9306 | Eval Error: 0.0175 | Eval Perf: 0.7796
[40, 100] Train Error: 0.0055 | Train Perf: 0.9314 | Eval Error: 0.0187 | Eval Perf: 0.7667
[41, 100] Train Error: 0.0052 | Train Perf: 0.9359 | Eval Error: 0.0183 | Eval Perf: 0.7693
[42, 100] Train Error: 0.0052 | Train Perf: 0.9363 | Eval Error: 0.0187 | Eval Perf: 0.7592
[43, 100] Train Error: 0.0052 | Train Perf: 0.936 | Eval Error: 0.0182 | Eval Perf: 0.7693
[44, 100] Train Error: 0.0051 | Train Perf: 0.9367 | Eval Error: 0.0176 | Eval Perf: 0.7762
[45, 100] Train Error: 0.0051 | Train Perf: 0.9368 | Eval Error: 0.0191 | Eval Perf: 0.7609
[46, 100] Train Error: 0.0052 | Train Perf: 0.9363 | Eval Error: 0.0187 | Eval Perf: 0.7633
[47, 100] Train Error: 0.0051 | Train Perf: 0.9375 | Eval Error: 0.0188 | Eval Perf: 0.7637
[48, 100] Train Error: 0.0051 | Train Perf: 0.9375 | Eval Error: 0.019 | Eval Perf: 0.7599
[49, 100] Train Error: 0.005 | Train Perf: 0.9388 | Eval Error: 0.018 | Eval Perf: 0.7752
[50, 100] Train Error: 0.005 | Train Perf: 0.9378 | Eval Error: 0.0194 | Eval Perf: 0.7569
[51, 100] Train Error: 0.0048 | Train Perf: 0.9409 | Eval Error: 0.0187 | Eval Perf: 0.7639
[52, 100] Train Error: 0.0048 | Train Perf: 0.9406 | Eval Error: 0.019 | Eval Perf: 0.761
[53, 100] Train Error: 0.0046 | Train Perf: 0.9436 | Eval Error: 0.0186 | Eval Perf: 0.7676
[54, 100] Train Error: 0.0047 | Train Perf: 0.9427 | Eval Error: 0.0195 | Eval Perf: 0.7589
[55, 100] Train Error: 0.0049 | Train Perf: 0.9398 | Eval Error: 0.0191 | Eval Perf: 0.7626
[56, 100] Train Error: 0.0046 | Train Perf: 0.9433 | Eval Error: 0.0191 | Eval Perf: 0.7652
[57, 100] Train Error: 0.0047 | Train Perf: 0.9424 | Eval Error: 0.0191 | Eval Perf: 0.758
[58, 100] Train Error: 0.0045 | Train Perf: 0.9446 | Eval Error: 0.0186 | Eval Perf: 0.7679
[59, 100] Train Error: 0.0045 | Train Perf: 0.9442 | Eval Error: 0.0196 | Eval Perf: 0.7548
[60, 100] Train Error: 0.0045 | Train Perf: 0.9445 | Eval Error: 0.02 | Eval Perf: 0.7589
[61, 100] Train Error: 0.0045 | Train Perf: 0.9446 | Eval Error: 0.0197 | Eval Perf: 0.7573
[62, 100] Train Error: 0.0043 | Train Perf: 0.9466 | Eval Error: 0.0193 | Eval Perf: 0.7568
[63, 100] Train Error: 0.0044 | Train Perf: 0.9458 | Eval Error: 0.0204 | Eval Perf: 0.7463
[64, 100] Train Error: 0.0044 | Train Perf: 0.9461 | Eval Error: 0.0195 | Eval Perf: 0.7523
[65, 100] Train Error: 0.0043 | Train Perf: 0.9468 | Eval Error: 0.0195 | Eval Perf: 0.757
[66, 100] Train Error: 0.0042 | Train Perf: 0.9481 | Eval Error: 0.0203 | Eval Perf: 0.7493
[67, 100] Train Error: 0.0044 | Train Perf: 0.9464 | Eval Error: 0.02 | Eval Perf: 0.7497
[68, 100] Train Error: 0.0041 | Train Perf: 0.9492 | Eval Error: 0.0195 | Eval Perf: 0.7607
[69, 100] Train Error: 0.0042 | Train Perf: 0.9479 | Eval Error: 0.0204 | Eval Perf: 0.7468
[70, 100] Train Error: 0.0043 | Train Perf: 0.9474 | Eval Error: 0.0209 | Eval Perf: 0.7385
[71, 100] Train Error: 0.0041 | Train Perf: 0.9493 | Eval Error: 0.0198 | Eval Perf: 0.7524
[72, 100] Train Error: 0.0042 | Train Perf: 0.9482 | Eval Error: 0.0209 | Eval Perf: 0.7391
[73, 100] Train Error: 0.0041 | Train Perf: 0.9504 | Eval Error: 0.0212 | Eval Perf: 0.7384
[74, 100] Train Error: 0.0041 | Train Perf: 0.9501 | Eval Error: 0.0202 | Eval Perf: 0.7468
[75, 100] Train Error: 0.0041 | Train Perf: 0.9503 | Eval Error: 0.0208 | Eval Perf: 0.7471
[76, 100] Train Error: 0.0041 | Train Perf: 0.9497 | Eval Error: 0.0213 | Eval Perf: 0.7382
[77, 100] Train Error: 0.0041 | Train Perf: 0.9498 | Eval Error: 0.0208 | Eval Perf: 0.7443
[78, 100] Train Error: 0.004 | Train Perf: 0.9505 | Eval Error: 0.021 | Eval Perf: 0.7493
[79, 100] Train Error: 0.0041 | Train Perf: 0.9502 | Eval Error: 0.0209 | Eval Perf: 0.7472
[80, 100] Train Error: 0.004 | Train Perf: 0.9506 | Eval Error: 0.0208 | Eval Perf: 0.7416
[81, 100] Train Error: 0.004 | Train Perf: 0.9507 | Eval Error: 0.0205 | Eval Perf: 0.7439
[82, 100] Train Error: 0.0039 | Train Perf: 0.9518 | Eval Error: 0.0211 | Eval Perf: 0.7332
[83, 100] Train Error: 0.0039 | Train Perf: 0.9521 | Eval Error: 0.0216 | Eval Perf: 0.7333
[84, 100] Train Error: 0.004 | Train Perf: 0.9509 | Eval Error: 0.0215 | Eval Perf: 0.7364
[85, 100] Train Error: 0.0038 | Train Perf: 0.953 | Eval Error: 0.0217 | Eval Perf: 0.7257
[86, 100] Train Error: 0.004 | Train Perf: 0.9507 | Eval Error: 0.0216 | Eval Perf: 0.7303
[87, 100] Train Error: 0.0038 | Train Perf: 0.9536 | Eval Error: 0.0209 | Eval Perf: 0.7393
[88, 100] Train Error: 0.004 | Train Perf: 0.9511 | Eval Error: 0.0216 | Eval Perf: 0.7363
[89, 100] Train Error: 0.0038 | Train Perf: 0.9529 | Eval Error: 0.0214 | Eval Perf: 0.7359
[90, 100] Train Error: 0.0038 | Train Perf: 0.9532 | Eval Error: 0.021 | Eval Perf: 0.7396
[91, 100] Train Error: 0.0038 | Train Perf: 0.9529 | Eval Error: 0.0216 | Eval Perf: 0.7324
[92, 100] Train Error: 0.0038 | Train Perf: 0.9535 | Eval Error: 0.0219 | Eval Perf: 0.7335
[93, 100] Train Error: 0.0039 | Train Perf: 0.9528 | Eval Error: 0.0224 | Eval Perf: 0.7275
[94, 100] Train Error: 0.0039 | Train Perf: 0.9528 | Eval Error: 0.0223 | Eval Perf: 0.7277
[95, 100] Train Error: 0.0038 | Train Perf: 0.9542 | Eval Error: 0.021 | Eval Perf: 0.7418
[96, 100] Train Error: 0.0038 | Train Perf: 0.954 | Eval Error: 0.0215 | Eval Perf: 0.7373
[97, 100] Train Error: 0.0037 | Train Perf: 0.9552 | Eval Error: 0.0223 | Eval Perf: 0.7256
[98, 100] Train Error: 0.0037 | Train Perf: 0.9546 | Eval Error: 0.0225 | Eval Perf: 0.7236
[99, 100] Train Error: 0.0036 | Train Perf: 0.9556 | Eval Error: 0.0231 | Eval Perf: 0.7186
[100, 100] Train Error: 0.0037 | Train Perf: 0.9544 | Eval Error: 0.0225 | Eval Perf: 0.7228
