NETWORK SUMMARY
---------------
Input Layer shape: (1, 180)
Hidden Layer shape: (181, 5)
Output layer shape: (6, 1)
Total parameters: 911

[1, 100] Train Error: 0.032 | Train Perf: 0.5352 | Eval Error: 0.0236 | Eval Perf: 0.6859
[2, 100] Train Error: 0.0215 | Train Perf: 0.7205 | Eval Error: 0.0205 | Eval Perf: 0.7398
[3, 100] Train Error: 0.0189 | Train Perf: 0.7595 | Eval Error: 0.0202 | Eval Perf: 0.7729
[4, 100] Train Error: 0.0172 | Train Perf: 0.7848 | Eval Error: 0.0214 | Eval Perf: 0.7654
[5, 100] Train Error: 0.0166 | Train Perf: 0.7922 | Eval Error: 0.0177 | Eval Perf: 0.7765
[6, 100] Train Error: 0.0159 | Train Perf: 0.8031 | Eval Error: 0.0175 | Eval Perf: 0.7814
[7, 100] Train Error: 0.0152 | Train Perf: 0.812 | Eval Error: 0.0174 | Eval Perf: 0.7811
[8, 100] Train Error: 0.0146 | Train Perf: 0.8214 | Eval Error: 0.0181 | Eval Perf: 0.775
[9, 100] Train Error: 0.0141 | Train Perf: 0.8275 | Eval Error: 0.017 | Eval Perf: 0.7868
[10, 100] Train Error: 0.0135 | Train Perf: 0.8353 | Eval Error: 0.0172 | Eval Perf: 0.7867
[11, 100] Train Error: 0.0133 | Train Perf: 0.8383 | Eval Error: 0.0184 | Eval Perf: 0.7883
[12, 100] Train Error: 0.0132 | Train Perf: 0.8392 | Eval Error: 0.0181 | Eval Perf: 0.7873
[13, 100] Train Error: 0.0126 | Train Perf: 0.8477 | Eval Error: 0.0167 | Eval Perf: 0.7934
[14, 100] Train Error: 0.0121 | Train Perf: 0.8544 | Eval Error: 0.0181 | Eval Perf: 0.7819
[15, 100] Train Error: 0.0119 | Train Perf: 0.8566 | Eval Error: 0.0177 | Eval Perf: 0.7783
[16, 100] Train Error: 0.0117 | Train Perf: 0.8597 | Eval Error: 0.0176 | Eval Perf: 0.7788
[17, 100] Train Error: 0.0113 | Train Perf: 0.8645 | Eval Error: 0.0208 | Eval Perf: 0.7678
[18, 100] Train Error: 0.0112 | Train Perf: 0.8655 | Eval Error: 0.0175 | Eval Perf: 0.7819
[19, 100] Train Error: 0.0107 | Train Perf: 0.872 | Eval Error: 0.0182 | Eval Perf: 0.7764
[20, 100] Train Error: 0.0105 | Train Perf: 0.875 | Eval Error: 0.0187 | Eval Perf: 0.7706
[21, 100] Train Error: 0.0104 | Train Perf: 0.8755 | Eval Error: 0.0185 | Eval Perf: 0.7662
[22, 100] Train Error: 0.0104 | Train Perf: 0.8764 | Eval Error: 0.018 | Eval Perf: 0.783
[23, 100] Train Error: 0.0101 | Train Perf: 0.8797 | Eval Error: 0.0192 | Eval Perf: 0.771
[24, 100] Train Error: 0.0099 | Train Perf: 0.883 | Eval Error: 0.0186 | Eval Perf: 0.7733
[25, 100] Train Error: 0.0098 | Train Perf: 0.8833 | Eval Error: 0.0184 | Eval Perf: 0.7736
[26, 100] Train Error: 0.0096 | Train Perf: 0.8864 | Eval Error: 0.0184 | Eval Perf: 0.7728
[27, 100] Train Error: 0.0093 | Train Perf: 0.8904 | Eval Error: 0.0192 | Eval Perf: 0.7631
[28, 100] Train Error: 0.0093 | Train Perf: 0.8905 | Eval Error: 0.0181 | Eval Perf: 0.7768
[29, 100] Train Error: 0.0091 | Train Perf: 0.8928 | Eval Error: 0.0199 | Eval Perf: 0.75
[30, 100] Train Error: 0.0091 | Train Perf: 0.8929 | Eval Error: 0.0181 | Eval Perf: 0.7752
[31, 100] Train Error: 0.0088 | Train Perf: 0.896 | Eval Error: 0.0191 | Eval Perf: 0.7633
[32, 100] Train Error: 0.0088 | Train Perf: 0.8959 | Eval Error: 0.0196 | Eval Perf: 0.7631
[33, 100] Train Error: 0.0087 | Train Perf: 0.8978 | Eval Error: 0.0207 | Eval Perf: 0.7645
[34, 100] Train Error: 0.0085 | Train Perf: 0.8994 | Eval Error: 0.0198 | Eval Perf: 0.7593
[35, 100] Train Error: 0.0085 | Train Perf: 0.9 | Eval Error: 0.02 | Eval Perf: 0.7603
[36, 100] Train Error: 0.0084 | Train Perf: 0.9017 | Eval Error: 0.0197 | Eval Perf: 0.7524
[37, 100] Train Error: 0.0081 | Train Perf: 0.905 | Eval Error: 0.02 | Eval Perf: 0.7564
[38, 100] Train Error: 0.0082 | Train Perf: 0.9038 | Eval Error: 0.0199 | Eval Perf: 0.7523
[39, 100] Train Error: 0.008 | Train Perf: 0.9063 | Eval Error: 0.0202 | Eval Perf: 0.7497
[40, 100] Train Error: 0.008 | Train Perf: 0.9067 | Eval Error: 0.0202 | Eval Perf: 0.7541
[41, 100] Train Error: 0.0078 | Train Perf: 0.9085 | Eval Error: 0.0202 | Eval Perf: 0.7506
[42, 100] Train Error: 0.0079 | Train Perf: 0.9075 | Eval Error: 0.0196 | Eval Perf: 0.7568
[43, 100] Train Error: 0.0078 | Train Perf: 0.9089 | Eval Error: 0.0201 | Eval Perf: 0.7517
[44, 100] Train Error: 0.0076 | Train Perf: 0.9105 | Eval Error: 0.0209 | Eval Perf: 0.747
[45, 100] Train Error: 0.0076 | Train Perf: 0.9114 | Eval Error: 0.0203 | Eval Perf: 0.7485
[46, 100] Train Error: 0.0074 | Train Perf: 0.9135 | Eval Error: 0.021 | Eval Perf: 0.7421
[47, 100] Train Error: 0.0073 | Train Perf: 0.9142 | Eval Error: 0.022 | Eval Perf: 0.7466
[48, 100] Train Error: 0.0075 | Train Perf: 0.9128 | Eval Error: 0.0201 | Eval Perf: 0.7519
[49, 100] Train Error: 0.0073 | Train Perf: 0.9144 | Eval Error: 0.0205 | Eval Perf: 0.7491
[50, 100] Train Error: 0.0072 | Train Perf: 0.9158 | Eval Error: 0.0217 | Eval Perf: 0.737
[51, 100] Train Error: 0.0071 | Train Perf: 0.9169 | Eval Error: 0.0221 | Eval Perf: 0.7348
[52, 100] Train Error: 0.0072 | Train Perf: 0.9161 | Eval Error: 0.0211 | Eval Perf: 0.741
[53, 100] Train Error: 0.0069 | Train Perf: 0.9199 | Eval Error: 0.0213 | Eval Perf: 0.7366
[54, 100] Train Error: 0.0069 | Train Perf: 0.9192 | Eval Error: 0.0214 | Eval Perf: 0.7418
[55, 100] Train Error: 0.007 | Train Perf: 0.9181 | Eval Error: 0.0218 | Eval Perf: 0.7347
[56, 100] Train Error: 0.0069 | Train Perf: 0.9194 | Eval Error: 0.0209 | Eval Perf: 0.7438
[57, 100] Train Error: 0.007 | Train Perf: 0.9184 | Eval Error: 0.0222 | Eval Perf: 0.7288
[58, 100] Train Error: 0.0066 | Train Perf: 0.9228 | Eval Error: 0.0223 | Eval Perf: 0.7256
[59, 100] Train Error: 0.0068 | Train Perf: 0.9213 | Eval Error: 0.0215 | Eval Perf: 0.7383
[60, 100] Train Error: 0.0066 | Train Perf: 0.9231 | Eval Error: 0.0217 | Eval Perf: 0.7353
[61, 100] Train Error: 0.0065 | Train Perf: 0.9243 | Eval Error: 0.0221 | Eval Perf: 0.7304
[62, 100] Train Error: 0.0065 | Train Perf: 0.9249 | Eval Error: 0.0221 | Eval Perf: 0.7328
[63, 100] Train Error: 0.0065 | Train Perf: 0.9241 | Eval Error: 0.0226 | Eval Perf: 0.7281
[64, 100] Train Error: 0.0062 | Train Perf: 0.9287 | Eval Error: 0.0221 | Eval Perf: 0.7306
[65, 100] Train Error: 0.0063 | Train Perf: 0.927 | Eval Error: 0.0232 | Eval Perf: 0.7207
[66, 100] Train Error: 0.0062 | Train Perf: 0.9286 | Eval Error: 0.0226 | Eval Perf: 0.7298
[67, 100] Train Error: 0.0062 | Train Perf: 0.9283 | Eval Error: 0.0228 | Eval Perf: 0.7244
[68, 100] Train Error: 0.006 | Train Perf: 0.9304 | Eval Error: 0.023 | Eval Perf: 0.7213
[69, 100] Train Error: 0.0061 | Train Perf: 0.9299 | Eval Error: 0.0233 | Eval Perf: 0.7215
[70, 100] Train Error: 0.006 | Train Perf: 0.93 | Eval Error: 0.0236 | Eval Perf: 0.7184
[71, 100] Train Error: 0.0059 | Train Perf: 0.9317 | Eval Error: 0.0245 | Eval Perf: 0.7134
[72, 100] Train Error: 0.0058 | Train Perf: 0.9324 | Eval Error: 0.0231 | Eval Perf: 0.7201
[73, 100] Train Error: 0.0059 | Train Perf: 0.9322 | Eval Error: 0.0233 | Eval Perf: 0.7183
[74, 100] Train Error: 0.0058 | Train Perf: 0.9332 | Eval Error: 0.0247 | Eval Perf: 0.71
[75, 100] Train Error: 0.0058 | Train Perf: 0.9327 | Eval Error: 0.0238 | Eval Perf: 0.716
[76, 100] Train Error: 0.0058 | Train Perf: 0.933 | Eval Error: 0.0238 | Eval Perf: 0.7197
[77, 100] Train Error: 0.0058 | Train Perf: 0.9329 | Eval Error: 0.024 | Eval Perf: 0.7106
[78, 100] Train Error: 0.0056 | Train Perf: 0.9353 | Eval Error: 0.0241 | Eval Perf: 0.7111
[79, 100] Train Error: 0.0056 | Train Perf: 0.9352 | Eval Error: 0.0246 | Eval Perf: 0.7112
[80, 100] Train Error: 0.0057 | Train Perf: 0.934 | Eval Error: 0.0251 | Eval Perf: 0.6995
[81, 100] Train Error: 0.0055 | Train Perf: 0.9364 | Eval Error: 0.0237 | Eval Perf: 0.7124
[82, 100] Train Error: 0.0055 | Train Perf: 0.9364 | Eval Error: 0.025 | Eval Perf: 0.6967
[83, 100] Train Error: 0.0055 | Train Perf: 0.9359 | Eval Error: 0.0247 | Eval Perf: 0.7089
[84, 100] Train Error: 0.0054 | Train Perf: 0.9379 | Eval Error: 0.0246 | Eval Perf: 0.705
[85, 100] Train Error: 0.0054 | Train Perf: 0.9376 | Eval Error: 0.0248 | Eval Perf: 0.6992
[86, 100] Train Error: 0.0053 | Train Perf: 0.9385 | Eval Error: 0.0248 | Eval Perf: 0.7111
[87, 100] Train Error: 0.0053 | Train Perf: 0.9391 | Eval Error: 0.0253 | Eval Perf: 0.6993
[88, 100] Train Error: 0.0052 | Train Perf: 0.9397 | Eval Error: 0.0249 | Eval Perf: 0.7022
[89, 100] Train Error: 0.0052 | Train Perf: 0.9396 | Eval Error: 0.0253 | Eval Perf: 0.7033
[90, 100] Train Error: 0.0052 | Train Perf: 0.9399 | Eval Error: 0.0258 | Eval Perf: 0.6942
[91, 100] Train Error: 0.0052 | Train Perf: 0.9401 | Eval Error: 0.0256 | Eval Perf: 0.7007
[92, 100] Train Error: 0.0052 | Train Perf: 0.9403 | Eval Error: 0.026 | Eval Perf: 0.6973
[93, 100] Train Error: 0.0051 | Train Perf: 0.9408 | Eval Error: 0.0257 | Eval Perf: 0.6957
[94, 100] Train Error: 0.0051 | Train Perf: 0.9409 | Eval Error: 0.0263 | Eval Perf: 0.6908
[95, 100] Train Error: 0.005 | Train Perf: 0.942 | Eval Error: 0.0256 | Eval Perf: 0.696
[96, 100] Train Error: 0.005 | Train Perf: 0.9421 | Eval Error: 0.0258 | Eval Perf: 0.6927
[97, 100] Train Error: 0.0051 | Train Perf: 0.9416 | Eval Error: 0.0267 | Eval Perf: 0.6902
[98, 100] Train Error: 0.005 | Train Perf: 0.9419 | Eval Error: 0.0264 | Eval Perf: 0.6976
[99, 100] Train Error: 0.0049 | Train Perf: 0.9435 | Eval Error: 0.0262 | Eval Perf: 0.6911
[100, 100] Train Error: 0.005 | Train Perf: 0.9426 | Eval Error: 0.0261 | Eval Perf: 0.6894
