NETWORK SUMMARY
---------------
Input Layer shape: (1, 180)
Hidden Layer shape: (181, 2)
Output layer shape: (3, 1)
Total parameters: 365

[1, 100] Train Error: 0.0274 | Train Perf: 0.0574 | Eval Error: 0.0247 | Eval Perf: 0.5302
[2, 100] Train Error: 0.0237 | Train Perf: 0.44 | Eval Error: 0.0204 | Eval Perf: 0.6067
[3, 100] Train Error: 0.0191 | Train Perf: 0.5967 | Eval Error: 0.0165 | Eval Perf: 0.6572
[4, 100] Train Error: 0.0155 | Train Perf: 0.677 | Eval Error: 0.0137 | Eval Perf: 0.707
[5, 100] Train Error: 0.0133 | Train Perf: 0.7228 | Eval Error: 0.0124 | Eval Perf: 0.7346
[6, 100] Train Error: 0.012 | Train Perf: 0.7494 | Eval Error: 0.0117 | Eval Perf: 0.7647
[7, 100] Train Error: 0.0113 | Train Perf: 0.7666 | Eval Error: 0.0114 | Eval Perf: 0.7593
[8, 100] Train Error: 0.0107 | Train Perf: 0.7776 | Eval Error: 0.012 | Eval Perf: 0.7571
[9, 100] Train Error: 0.0105 | Train Perf: 0.7818 | Eval Error: 0.0109 | Eval Perf: 0.7668
[10, 100] Train Error: 0.0103 | Train Perf: 0.787 | Eval Error: 0.0111 | Eval Perf: 0.7711
[11, 100] Train Error: 0.01 | Train Perf: 0.7939 | Eval Error: 0.0117 | Eval Perf: 0.763
[12, 100] Train Error: 0.0099 | Train Perf: 0.7979 | Eval Error: 0.011 | Eval Perf: 0.7705
[13, 100] Train Error: 0.0098 | Train Perf: 0.7996 | Eval Error: 0.011 | Eval Perf: 0.7684
[14, 100] Train Error: 0.0095 | Train Perf: 0.8055 | Eval Error: 0.0113 | Eval Perf: 0.7635
[15, 100] Train Error: 0.0093 | Train Perf: 0.811 | Eval Error: 0.011 | Eval Perf: 0.7693
[16, 100] Train Error: 0.0093 | Train Perf: 0.8108 | Eval Error: 0.0107 | Eval Perf: 0.7748
[17, 100] Train Error: 0.0092 | Train Perf: 0.8138 | Eval Error: 0.0111 | Eval Perf: 0.7696
[18, 100] Train Error: 0.009 | Train Perf: 0.8185 | Eval Error: 0.0111 | Eval Perf: 0.7698
[19, 100] Train Error: 0.009 | Train Perf: 0.8185 | Eval Error: 0.0114 | Eval Perf: 0.7668
[20, 100] Train Error: 0.0087 | Train Perf: 0.8236 | Eval Error: 0.0117 | Eval Perf: 0.7661
[21, 100] Train Error: 0.0085 | Train Perf: 0.8289 | Eval Error: 0.0111 | Eval Perf: 0.7683
[22, 100] Train Error: 0.0084 | Train Perf: 0.8308 | Eval Error: 0.0116 | Eval Perf: 0.7627
[23, 100] Train Error: 0.0084 | Train Perf: 0.8315 | Eval Error: 0.0113 | Eval Perf: 0.7676
[24, 100] Train Error: 0.0081 | Train Perf: 0.8376 | Eval Error: 0.0113 | Eval Perf: 0.7678
[25, 100] Train Error: 0.0082 | Train Perf: 0.8355 | Eval Error: 0.0114 | Eval Perf: 0.765
[26, 100] Train Error: 0.008 | Train Perf: 0.839 | Eval Error: 0.0114 | Eval Perf: 0.7681
[27, 100] Train Error: 0.008 | Train Perf: 0.8399 | Eval Error: 0.0118 | Eval Perf: 0.7636
[28, 100] Train Error: 0.0078 | Train Perf: 0.8439 | Eval Error: 0.0112 | Eval Perf: 0.7687
[29, 100] Train Error: 0.0078 | Train Perf: 0.8444 | Eval Error: 0.0112 | Eval Perf: 0.7688
[30, 100] Train Error: 0.0077 | Train Perf: 0.8461 | Eval Error: 0.0114 | Eval Perf: 0.7671
[31, 100] Train Error: 0.0076 | Train Perf: 0.8474 | Eval Error: 0.0113 | Eval Perf: 0.7682
[32, 100] Train Error: 0.0076 | Train Perf: 0.849 | Eval Error: 0.0117 | Eval Perf: 0.7668
[33, 100] Train Error: 0.0073 | Train Perf: 0.8547 | Eval Error: 0.0129 | Eval Perf: 0.7631
[34, 100] Train Error: 0.0074 | Train Perf: 0.8527 | Eval Error: 0.0114 | Eval Perf: 0.7629
[35, 100] Train Error: 0.0074 | Train Perf: 0.8524 | Eval Error: 0.012 | Eval Perf: 0.7582
[36, 100] Train Error: 0.0073 | Train Perf: 0.856 | Eval Error: 0.0133 | Eval Perf: 0.7584
[37, 100] Train Error: 0.0073 | Train Perf: 0.8556 | Eval Error: 0.0128 | Eval Perf: 0.7595
[38, 100] Train Error: 0.0072 | Train Perf: 0.8565 | Eval Error: 0.0125 | Eval Perf: 0.7568
[39, 100] Train Error: 0.0071 | Train Perf: 0.8595 | Eval Error: 0.0135 | Eval Perf: 0.7538
[40, 100] Train Error: 0.0071 | Train Perf: 0.8592 | Eval Error: 0.0123 | Eval Perf: 0.7542
[41, 100] Train Error: 0.007 | Train Perf: 0.8614 | Eval Error: 0.0123 | Eval Perf: 0.754
[42, 100] Train Error: 0.0071 | Train Perf: 0.8586 | Eval Error: 0.0131 | Eval Perf: 0.7548
[43, 100] Train Error: 0.007 | Train Perf: 0.8613 | Eval Error: 0.013 | Eval Perf: 0.7531
[44, 100] Train Error: 0.007 | Train Perf: 0.8618 | Eval Error: 0.0129 | Eval Perf: 0.7539
[45, 100] Train Error: 0.0069 | Train Perf: 0.8628 | Eval Error: 0.0126 | Eval Perf: 0.7501
[46, 100] Train Error: 0.0069 | Train Perf: 0.8634 | Eval Error: 0.0131 | Eval Perf: 0.7508
[47, 100] Train Error: 0.0068 | Train Perf: 0.865 | Eval Error: 0.0139 | Eval Perf: 0.7472
[48, 100] Train Error: 0.0068 | Train Perf: 0.8648 | Eval Error: 0.013 | Eval Perf: 0.7491
[49, 100] Train Error: 0.0068 | Train Perf: 0.8665 | Eval Error: 0.0127 | Eval Perf: 0.7527
[50, 100] Train Error: 0.0067 | Train Perf: 0.8675 | Eval Error: 0.0131 | Eval Perf: 0.7466
[51, 100] Train Error: 0.0067 | Train Perf: 0.8684 | Eval Error: 0.0132 | Eval Perf: 0.7447
[52, 100] Train Error: 0.0067 | Train Perf: 0.8679 | Eval Error: 0.0135 | Eval Perf: 0.7463
[53, 100] Train Error: 0.0066 | Train Perf: 0.8688 | Eval Error: 0.0127 | Eval Perf: 0.7461
[54, 100] Train Error: 0.0066 | Train Perf: 0.8698 | Eval Error: 0.014 | Eval Perf: 0.7481
[55, 100] Train Error: 0.0066 | Train Perf: 0.8699 | Eval Error: 0.013 | Eval Perf: 0.7435
[56, 100] Train Error: 0.0066 | Train Perf: 0.8698 | Eval Error: 0.0131 | Eval Perf: 0.7437
[57, 100] Train Error: 0.0065 | Train Perf: 0.8711 | Eval Error: 0.0136 | Eval Perf: 0.7457
[58, 100] Train Error: 0.0065 | Train Perf: 0.8713 | Eval Error: 0.0134 | Eval Perf: 0.7427
[59, 100] Train Error: 0.0065 | Train Perf: 0.8712 | Eval Error: 0.0134 | Eval Perf: 0.7418
[60, 100] Train Error: 0.0065 | Train Perf: 0.8721 | Eval Error: 0.0135 | Eval Perf: 0.7386
[61, 100] Train Error: 0.0065 | Train Perf: 0.8726 | Eval Error: 0.0133 | Eval Perf: 0.7379
[62, 100] Train Error: 0.0065 | Train Perf: 0.8718 | Eval Error: 0.0138 | Eval Perf: 0.7386
[63, 100] Train Error: 0.0064 | Train Perf: 0.875 | Eval Error: 0.0135 | Eval Perf: 0.736
[64, 100] Train Error: 0.0064 | Train Perf: 0.8734 | Eval Error: 0.0139 | Eval Perf: 0.7379
[65, 100] Train Error: 0.0064 | Train Perf: 0.8743 | Eval Error: 0.0138 | Eval Perf: 0.738
[66, 100] Train Error: 0.0063 | Train Perf: 0.8761 | Eval Error: 0.0143 | Eval Perf: 0.74
[67, 100] Train Error: 0.0063 | Train Perf: 0.876 | Eval Error: 0.0138 | Eval Perf: 0.7362
[68, 100] Train Error: 0.0064 | Train Perf: 0.8747 | Eval Error: 0.0137 | Eval Perf: 0.7345
[69, 100] Train Error: 0.0062 | Train Perf: 0.878 | Eval Error: 0.014 | Eval Perf: 0.7338
[70, 100] Train Error: 0.0063 | Train Perf: 0.8766 | Eval Error: 0.014 | Eval Perf: 0.7318
[71, 100] Train Error: 0.0062 | Train Perf: 0.8774 | Eval Error: 0.0141 | Eval Perf: 0.7345
[72, 100] Train Error: 0.0063 | Train Perf: 0.8768 | Eval Error: 0.0141 | Eval Perf: 0.7347
[73, 100] Train Error: 0.0062 | Train Perf: 0.8776 | Eval Error: 0.0143 | Eval Perf: 0.7326
[74, 100] Train Error: 0.0062 | Train Perf: 0.8775 | Eval Error: 0.014 | Eval Perf: 0.7333
[75, 100] Train Error: 0.0063 | Train Perf: 0.877 | Eval Error: 0.0142 | Eval Perf: 0.7315
[76, 100] Train Error: 0.0062 | Train Perf: 0.878 | Eval Error: 0.0145 | Eval Perf: 0.73
[77, 100] Train Error: 0.0062 | Train Perf: 0.8781 | Eval Error: 0.0141 | Eval Perf: 0.7299
[78, 100] Train Error: 0.0061 | Train Perf: 0.8797 | Eval Error: 0.0145 | Eval Perf: 0.7317
[79, 100] Train Error: 0.0062 | Train Perf: 0.8782 | Eval Error: 0.0146 | Eval Perf: 0.7306
[80, 100] Train Error: 0.0062 | Train Perf: 0.879 | Eval Error: 0.015 | Eval Perf: 0.7293
[81, 100] Train Error: 0.0062 | Train Perf: 0.8791 | Eval Error: 0.0148 | Eval Perf: 0.7297
[82, 100] Train Error: 0.0062 | Train Perf: 0.8787 | Eval Error: 0.0145 | Eval Perf: 0.73
[83, 100] Train Error: 0.0061 | Train Perf: 0.8803 | Eval Error: 0.0143 | Eval Perf: 0.7258
[84, 100] Train Error: 0.006 | Train Perf: 0.882 | Eval Error: 0.0149 | Eval Perf: 0.7278
[85, 100] Train Error: 0.0061 | Train Perf: 0.8807 | Eval Error: 0.0147 | Eval Perf: 0.7306
[86, 100] Train Error: 0.0061 | Train Perf: 0.8808 | Eval Error: 0.015 | Eval Perf: 0.7276
[87, 100] Train Error: 0.0061 | Train Perf: 0.8811 | Eval Error: 0.0152 | Eval Perf: 0.7255
[88, 100] Train Error: 0.0061 | Train Perf: 0.8813 | Eval Error: 0.0152 | Eval Perf: 0.7257
[89, 100] Train Error: 0.006 | Train Perf: 0.8823 | Eval Error: 0.0146 | Eval Perf: 0.7269
[90, 100] Train Error: 0.006 | Train Perf: 0.8823 | Eval Error: 0.0143 | Eval Perf: 0.7237
[91, 100] Train Error: 0.0061 | Train Perf: 0.8808 | Eval Error: 0.0143 | Eval Perf: 0.7263
[92, 100] Train Error: 0.006 | Train Perf: 0.8822 | Eval Error: 0.0153 | Eval Perf: 0.7232
[93, 100] Train Error: 0.006 | Train Perf: 0.8831 | Eval Error: 0.0144 | Eval Perf: 0.7205
[94, 100] Train Error: 0.0059 | Train Perf: 0.8836 | Eval Error: 0.0149 | Eval Perf: 0.7224
[95, 100] Train Error: 0.0059 | Train Perf: 0.8838 | Eval Error: 0.0148 | Eval Perf: 0.7193
[96, 100] Train Error: 0.006 | Train Perf: 0.8834 | Eval Error: 0.0155 | Eval Perf: 0.7219
[97, 100] Train Error: 0.006 | Train Perf: 0.8829 | Eval Error: 0.0151 | Eval Perf: 0.7208
[98, 100] Train Error: 0.006 | Train Perf: 0.8833 | Eval Error: 0.0145 | Eval Perf: 0.7218
[99, 100] Train Error: 0.0059 | Train Perf: 0.8837 | Eval Error: 0.0153 | Eval Perf: 0.7212
[100, 100] Train Error: 0.0059 | Train Perf: 0.8845 | Eval Error: 0.0159 | Eval Perf: 0.7196
