NETWORK SUMMARY
---------------
Input Layer shape: (1, 180)
Hidden Layer shape: (181, 2)
Output layer shape: (3, 1)
Total parameters: 365

[1, 100] Train Error: 0.0343 | Train Perf: 0.2379 | Eval Error: 0.0248 | Eval Perf: 0.6636
[2, 100] Train Error: 0.0201 | Train Perf: 0.6756 | Eval Error: 0.0155 | Eval Perf: 0.7701
[3, 100] Train Error: 0.0159 | Train Perf: 0.7507 | Eval Error: 0.015 | Eval Perf: 0.7718
[4, 100] Train Error: 0.0149 | Train Perf: 0.768 | Eval Error: 0.0146 | Eval Perf: 0.7771
[5, 100] Train Error: 0.0139 | Train Perf: 0.7864 | Eval Error: 0.0161 | Eval Perf: 0.7713
[6, 100] Train Error: 0.0133 | Train Perf: 0.796 | Eval Error: 0.0155 | Eval Perf: 0.7708
[7, 100] Train Error: 0.0132 | Train Perf: 0.7987 | Eval Error: 0.0153 | Eval Perf: 0.7705
[8, 100] Train Error: 0.0128 | Train Perf: 0.8054 | Eval Error: 0.0145 | Eval Perf: 0.777
[9, 100] Train Error: 0.0123 | Train Perf: 0.8136 | Eval Error: 0.0148 | Eval Perf: 0.7778
[10, 100] Train Error: 0.0122 | Train Perf: 0.8144 | Eval Error: 0.0144 | Eval Perf: 0.778
[11, 100] Train Error: 0.0117 | Train Perf: 0.8232 | Eval Error: 0.0148 | Eval Perf: 0.7763
[12, 100] Train Error: 0.0115 | Train Perf: 0.8272 | Eval Error: 0.0156 | Eval Perf: 0.761
[13, 100] Train Error: 0.0114 | Train Perf: 0.8289 | Eval Error: 0.0144 | Eval Perf: 0.7801
[14, 100] Train Error: 0.011 | Train Perf: 0.8353 | Eval Error: 0.0146 | Eval Perf: 0.7775
[15, 100] Train Error: 0.0109 | Train Perf: 0.8363 | Eval Error: 0.0147 | Eval Perf: 0.7741
[16, 100] Train Error: 0.0106 | Train Perf: 0.8408 | Eval Error: 0.0148 | Eval Perf: 0.7743
[17, 100] Train Error: 0.0104 | Train Perf: 0.8448 | Eval Error: 0.016 | Eval Perf: 0.7673
[18, 100] Train Error: 0.0103 | Train Perf: 0.8467 | Eval Error: 0.0149 | Eval Perf: 0.7729
[19, 100] Train Error: 0.0102 | Train Perf: 0.8487 | Eval Error: 0.0152 | Eval Perf: 0.767
[20, 100] Train Error: 0.01 | Train Perf: 0.8514 | Eval Error: 0.016 | Eval Perf: 0.7622
[21, 100] Train Error: 0.0098 | Train Perf: 0.8543 | Eval Error: 0.0153 | Eval Perf: 0.7672
[22, 100] Train Error: 0.0097 | Train Perf: 0.8564 | Eval Error: 0.0159 | Eval Perf: 0.7606
[23, 100] Train Error: 0.0097 | Train Perf: 0.8566 | Eval Error: 0.0155 | Eval Perf: 0.7696
[24, 100] Train Error: 0.0096 | Train Perf: 0.8576 | Eval Error: 0.0166 | Eval Perf: 0.755
[25, 100] Train Error: 0.0094 | Train Perf: 0.8611 | Eval Error: 0.0159 | Eval Perf: 0.7552
[26, 100] Train Error: 0.0094 | Train Perf: 0.8609 | Eval Error: 0.0157 | Eval Perf: 0.7678
[27, 100] Train Error: 0.0092 | Train Perf: 0.8639 | Eval Error: 0.0162 | Eval Perf: 0.7569
[28, 100] Train Error: 0.0091 | Train Perf: 0.8665 | Eval Error: 0.0157 | Eval Perf: 0.7634
[29, 100] Train Error: 0.0091 | Train Perf: 0.8661 | Eval Error: 0.0165 | Eval Perf: 0.75
[30, 100] Train Error: 0.0089 | Train Perf: 0.8687 | Eval Error: 0.0165 | Eval Perf: 0.7504
[31, 100] Train Error: 0.009 | Train Perf: 0.867 | Eval Error: 0.0168 | Eval Perf: 0.7485
[32, 100] Train Error: 0.0088 | Train Perf: 0.8701 | Eval Error: 0.0168 | Eval Perf: 0.7466
[33, 100] Train Error: 0.0088 | Train Perf: 0.8704 | Eval Error: 0.0168 | Eval Perf: 0.747
[34, 100] Train Error: 0.0087 | Train Perf: 0.8724 | Eval Error: 0.0185 | Eval Perf: 0.7573
[35, 100] Train Error: 0.0087 | Train Perf: 0.8728 | Eval Error: 0.0175 | Eval Perf: 0.7427
[36, 100] Train Error: 0.0087 | Train Perf: 0.8718 | Eval Error: 0.0171 | Eval Perf: 0.742
[37, 100] Train Error: 0.0086 | Train Perf: 0.8745 | Eval Error: 0.0169 | Eval Perf: 0.7455
[38, 100] Train Error: 0.0086 | Train Perf: 0.8738 | Eval Error: 0.0174 | Eval Perf: 0.7376
[39, 100] Train Error: 0.0085 | Train Perf: 0.8753 | Eval Error: 0.017 | Eval Perf: 0.7474
[40, 100] Train Error: 0.0084 | Train Perf: 0.8771 | Eval Error: 0.0177 | Eval Perf: 0.7484
[41, 100] Train Error: 0.0086 | Train Perf: 0.8734 | Eval Error: 0.0176 | Eval Perf: 0.7348
[42, 100] Train Error: 0.0083 | Train Perf: 0.8792 | Eval Error: 0.018 | Eval Perf: 0.7337
[43, 100] Train Error: 0.0084 | Train Perf: 0.8769 | Eval Error: 0.0178 | Eval Perf: 0.7368
[44, 100] Train Error: 0.0084 | Train Perf: 0.8763 | Eval Error: 0.0177 | Eval Perf: 0.7399
[45, 100] Train Error: 0.0084 | Train Perf: 0.8769 | Eval Error: 0.0176 | Eval Perf: 0.7373
[46, 100] Train Error: 0.0084 | Train Perf: 0.8771 | Eval Error: 0.0188 | Eval Perf: 0.7252
[47, 100] Train Error: 0.0084 | Train Perf: 0.8773 | Eval Error: 0.018 | Eval Perf: 0.7304
[48, 100] Train Error: 0.0082 | Train Perf: 0.8797 | Eval Error: 0.0178 | Eval Perf: 0.738
[49, 100] Train Error: 0.0083 | Train Perf: 0.8786 | Eval Error: 0.0179 | Eval Perf: 0.7339
[50, 100] Train Error: 0.0082 | Train Perf: 0.8797 | Eval Error: 0.0178 | Eval Perf: 0.7379
[51, 100] Train Error: 0.0082 | Train Perf: 0.8804 | Eval Error: 0.0183 | Eval Perf: 0.7301
[52, 100] Train Error: 0.0082 | Train Perf: 0.88 | Eval Error: 0.0179 | Eval Perf: 0.7324
[53, 100] Train Error: 0.0082 | Train Perf: 0.8798 | Eval Error: 0.0181 | Eval Perf: 0.7337
[54, 100] Train Error: 0.0082 | Train Perf: 0.8806 | Eval Error: 0.019 | Eval Perf: 0.7332
[55, 100] Train Error: 0.008 | Train Perf: 0.8828 | Eval Error: 0.0184 | Eval Perf: 0.7343
[56, 100] Train Error: 0.0082 | Train Perf: 0.8808 | Eval Error: 0.0185 | Eval Perf: 0.7275
[57, 100] Train Error: 0.0081 | Train Perf: 0.8825 | Eval Error: 0.0185 | Eval Perf: 0.7251
[58, 100] Train Error: 0.008 | Train Perf: 0.8824 | Eval Error: 0.0186 | Eval Perf: 0.7223
[59, 100] Train Error: 0.0081 | Train Perf: 0.8822 | Eval Error: 0.0188 | Eval Perf: 0.7226
[60, 100] Train Error: 0.0081 | Train Perf: 0.8824 | Eval Error: 0.019 | Eval Perf: 0.7138
[61, 100] Train Error: 0.0081 | Train Perf: 0.8814 | Eval Error: 0.0186 | Eval Perf: 0.7236
[62, 100] Train Error: 0.0081 | Train Perf: 0.8818 | Eval Error: 0.0186 | Eval Perf: 0.7213
[63, 100] Train Error: 0.008 | Train Perf: 0.883 | Eval Error: 0.0188 | Eval Perf: 0.7241
[64, 100] Train Error: 0.0079 | Train Perf: 0.8846 | Eval Error: 0.0189 | Eval Perf: 0.7221
[65, 100] Train Error: 0.008 | Train Perf: 0.8834 | Eval Error: 0.0197 | Eval Perf: 0.7212
[66, 100] Train Error: 0.008 | Train Perf: 0.8839 | Eval Error: 0.0187 | Eval Perf: 0.7248
[67, 100] Train Error: 0.0079 | Train Perf: 0.8845 | Eval Error: 0.019 | Eval Perf: 0.7282
[68, 100] Train Error: 0.0079 | Train Perf: 0.8846 | Eval Error: 0.0191 | Eval Perf: 0.7189
[69, 100] Train Error: 0.0079 | Train Perf: 0.8844 | Eval Error: 0.0191 | Eval Perf: 0.7129
[70, 100] Train Error: 0.0079 | Train Perf: 0.8856 | Eval Error: 0.0191 | Eval Perf: 0.7192
[71, 100] Train Error: 0.008 | Train Perf: 0.884 | Eval Error: 0.0191 | Eval Perf: 0.7166
[72, 100] Train Error: 0.0079 | Train Perf: 0.8847 | Eval Error: 0.019 | Eval Perf: 0.7201
[73, 100] Train Error: 0.0078 | Train Perf: 0.8858 | Eval Error: 0.019 | Eval Perf: 0.721
[74, 100] Train Error: 0.0078 | Train Perf: 0.8859 | Eval Error: 0.0192 | Eval Perf: 0.7139
[75, 100] Train Error: 0.0078 | Train Perf: 0.8864 | Eval Error: 0.0192 | Eval Perf: 0.7137
[76, 100] Train Error: 0.0078 | Train Perf: 0.8864 | Eval Error: 0.0192 | Eval Perf: 0.7178
[77, 100] Train Error: 0.0078 | Train Perf: 0.886 | Eval Error: 0.0191 | Eval Perf: 0.7189
[78, 100] Train Error: 0.0079 | Train Perf: 0.8855 | Eval Error: 0.0191 | Eval Perf: 0.7187
[79, 100] Train Error: 0.0076 | Train Perf: 0.8892 | Eval Error: 0.0197 | Eval Perf: 0.7176
[80, 100] Train Error: 0.0077 | Train Perf: 0.8886 | Eval Error: 0.0201 | Eval Perf: 0.7268
[81, 100] Train Error: 0.0077 | Train Perf: 0.8881 | Eval Error: 0.0193 | Eval Perf: 0.7183
[82, 100] Train Error: 0.0078 | Train Perf: 0.8872 | Eval Error: 0.0195 | Eval Perf: 0.706
[83, 100] Train Error: 0.0077 | Train Perf: 0.8879 | Eval Error: 0.0194 | Eval Perf: 0.7121
[84, 100] Train Error: 0.0077 | Train Perf: 0.8876 | Eval Error: 0.0198 | Eval Perf: 0.7074
[85, 100] Train Error: 0.0077 | Train Perf: 0.8886 | Eval Error: 0.0197 | Eval Perf: 0.716
[86, 100] Train Error: 0.0077 | Train Perf: 0.8881 | Eval Error: 0.0196 | Eval Perf: 0.7147
[87, 100] Train Error: 0.0076 | Train Perf: 0.889 | Eval Error: 0.0201 | Eval Perf: 0.7114
[88, 100] Train Error: 0.0076 | Train Perf: 0.8889 | Eval Error: 0.0203 | Eval Perf: 0.7057
[89, 100] Train Error: 0.0076 | Train Perf: 0.8892 | Eval Error: 0.0195 | Eval Perf: 0.722
[90, 100] Train Error: 0.0077 | Train Perf: 0.8878 | Eval Error: 0.0196 | Eval Perf: 0.7133
[91, 100] Train Error: 0.0076 | Train Perf: 0.8901 | Eval Error: 0.0198 | Eval Perf: 0.7138
[92, 100] Train Error: 0.0075 | Train Perf: 0.8911 | Eval Error: 0.0202 | Eval Perf: 0.7076
[93, 100] Train Error: 0.0076 | Train Perf: 0.8902 | Eval Error: 0.02 | Eval Perf: 0.7118
[94, 100] Train Error: 0.0077 | Train Perf: 0.8888 | Eval Error: 0.0199 | Eval Perf: 0.7114
[95, 100] Train Error: 0.0076 | Train Perf: 0.8893 | Eval Error: 0.02 | Eval Perf: 0.7062
[96, 100] Train Error: 0.0075 | Train Perf: 0.8904 | Eval Error: 0.0196 | Eval Perf: 0.7107
[97, 100] Train Error: 0.0076 | Train Perf: 0.8903 | Eval Error: 0.0195 | Eval Perf: 0.7115
[98, 100] Train Error: 0.0076 | Train Perf: 0.8892 | Eval Error: 0.0196 | Eval Perf: 0.7144
[99, 100] Train Error: 0.0076 | Train Perf: 0.8901 | Eval Error: 0.0199 | Eval Perf: 0.7102
[100, 100] Train Error: 0.0075 | Train Perf: 0.8917 | Eval Error: 0.0198 | Eval Perf: 0.7093
