NETWORK SUMMARY
---------------
Input Layer shape: (1, 180)
Hidden Layer shape: (181, 3)
Output layer shape: (4, 1)
Total parameters: 547

[1, 100] Train Error: 0.0409 | Train Perf: 0.1417 | Eval Error: 0.0357 | Eval Perf: 0.6414
[2, 100] Train Error: 0.0296 | Train Perf: 0.5864 | Eval Error: 0.0239 | Eval Perf: 0.7328
[3, 100] Train Error: 0.0201 | Train Perf: 0.7377 | Eval Error: 0.0184 | Eval Perf: 0.7884
[4, 100] Train Error: 0.0166 | Train Perf: 0.7792 | Eval Error: 0.0153 | Eval Perf: 0.8026
[5, 100] Train Error: 0.0153 | Train Perf: 0.7968 | Eval Error: 0.014 | Eval Perf: 0.8151
[6, 100] Train Error: 0.0143 | Train Perf: 0.811 | Eval Error: 0.0138 | Eval Perf: 0.829
[7, 100] Train Error: 0.014 | Train Perf: 0.8156 | Eval Error: 0.0133 | Eval Perf: 0.8333
[8, 100] Train Error: 0.0137 | Train Perf: 0.8195 | Eval Error: 0.013 | Eval Perf: 0.8319
[9, 100] Train Error: 0.0133 | Train Perf: 0.8246 | Eval Error: 0.0134 | Eval Perf: 0.8324
[10, 100] Train Error: 0.0133 | Train Perf: 0.8254 | Eval Error: 0.0133 | Eval Perf: 0.8396
[11, 100] Train Error: 0.0132 | Train Perf: 0.8267 | Eval Error: 0.0124 | Eval Perf: 0.8465
[12, 100] Train Error: 0.013 | Train Perf: 0.8296 | Eval Error: 0.0122 | Eval Perf: 0.8474
[13, 100] Train Error: 0.0126 | Train Perf: 0.8355 | Eval Error: 0.0126 | Eval Perf: 0.8384
[14, 100] Train Error: 0.0124 | Train Perf: 0.838 | Eval Error: 0.012 | Eval Perf: 0.8438
[15, 100] Train Error: 0.0122 | Train Perf: 0.8406 | Eval Error: 0.0125 | Eval Perf: 0.8471
[16, 100] Train Error: 0.012 | Train Perf: 0.8439 | Eval Error: 0.0117 | Eval Perf: 0.8489
[17, 100] Train Error: 0.0116 | Train Perf: 0.849 | Eval Error: 0.0135 | Eval Perf: 0.8487
[18, 100] Train Error: 0.0115 | Train Perf: 0.8518 | Eval Error: 0.0126 | Eval Perf: 0.844
[19, 100] Train Error: 0.0113 | Train Perf: 0.854 | Eval Error: 0.0123 | Eval Perf: 0.8408
[20, 100] Train Error: 0.011 | Train Perf: 0.8577 | Eval Error: 0.0128 | Eval Perf: 0.8438
[21, 100] Train Error: 0.0109 | Train Perf: 0.8604 | Eval Error: 0.0124 | Eval Perf: 0.8394
[22, 100] Train Error: 0.0105 | Train Perf: 0.8651 | Eval Error: 0.0132 | Eval Perf: 0.8322
[23, 100] Train Error: 0.0105 | Train Perf: 0.8651 | Eval Error: 0.0132 | Eval Perf: 0.8324
[24, 100] Train Error: 0.0104 | Train Perf: 0.8671 | Eval Error: 0.0132 | Eval Perf: 0.8335
[25, 100] Train Error: 0.01 | Train Perf: 0.8727 | Eval Error: 0.013 | Eval Perf: 0.8315
[26, 100] Train Error: 0.01 | Train Perf: 0.8718 | Eval Error: 0.013 | Eval Perf: 0.8322
[27, 100] Train Error: 0.0098 | Train Perf: 0.8749 | Eval Error: 0.0132 | Eval Perf: 0.8302
[28, 100] Train Error: 0.0097 | Train Perf: 0.876 | Eval Error: 0.0135 | Eval Perf: 0.8296
[29, 100] Train Error: 0.0095 | Train Perf: 0.8796 | Eval Error: 0.0127 | Eval Perf: 0.8367
[30, 100] Train Error: 0.0093 | Train Perf: 0.8812 | Eval Error: 0.0132 | Eval Perf: 0.8302
[31, 100] Train Error: 0.0093 | Train Perf: 0.8811 | Eval Error: 0.0135 | Eval Perf: 0.8269
[32, 100] Train Error: 0.009 | Train Perf: 0.8856 | Eval Error: 0.0141 | Eval Perf: 0.8217
[33, 100] Train Error: 0.0089 | Train Perf: 0.8867 | Eval Error: 0.0143 | Eval Perf: 0.82
[34, 100] Train Error: 0.0088 | Train Perf: 0.8882 | Eval Error: 0.0142 | Eval Perf: 0.8199
[35, 100] Train Error: 0.0087 | Train Perf: 0.8897 | Eval Error: 0.0144 | Eval Perf: 0.8215
[36, 100] Train Error: 0.0085 | Train Perf: 0.8923 | Eval Error: 0.0143 | Eval Perf: 0.8208
[37, 100] Train Error: 0.0085 | Train Perf: 0.8926 | Eval Error: 0.0142 | Eval Perf: 0.8181
[38, 100] Train Error: 0.0083 | Train Perf: 0.895 | Eval Error: 0.0143 | Eval Perf: 0.818
[39, 100] Train Error: 0.0082 | Train Perf: 0.8971 | Eval Error: 0.0143 | Eval Perf: 0.8187
[40, 100] Train Error: 0.0081 | Train Perf: 0.8975 | Eval Error: 0.0147 | Eval Perf: 0.8155
[41, 100] Train Error: 0.008 | Train Perf: 0.8996 | Eval Error: 0.0145 | Eval Perf: 0.8163
[42, 100] Train Error: 0.0079 | Train Perf: 0.9007 | Eval Error: 0.0144 | Eval Perf: 0.8175
[43, 100] Train Error: 0.0076 | Train Perf: 0.9043 | Eval Error: 0.0145 | Eval Perf: 0.8142
[44, 100] Train Error: 0.0075 | Train Perf: 0.9055 | Eval Error: 0.0155 | Eval Perf: 0.8116
[45, 100] Train Error: 0.0075 | Train Perf: 0.9057 | Eval Error: 0.015 | Eval Perf: 0.8095
[46, 100] Train Error: 0.0074 | Train Perf: 0.9073 | Eval Error: 0.015 | Eval Perf: 0.8092
[47, 100] Train Error: 0.0073 | Train Perf: 0.9084 | Eval Error: 0.0146 | Eval Perf: 0.8162
[48, 100] Train Error: 0.0071 | Train Perf: 0.9108 | Eval Error: 0.0152 | Eval Perf: 0.8085
[49, 100] Train Error: 0.0071 | Train Perf: 0.9118 | Eval Error: 0.0148 | Eval Perf: 0.8127
[50, 100] Train Error: 0.007 | Train Perf: 0.9129 | Eval Error: 0.0151 | Eval Perf: 0.8094
[51, 100] Train Error: 0.0069 | Train Perf: 0.9138 | Eval Error: 0.0155 | Eval Perf: 0.8034
[52, 100] Train Error: 0.0068 | Train Perf: 0.915 | Eval Error: 0.0161 | Eval Perf: 0.7991
[53, 100] Train Error: 0.0069 | Train Perf: 0.9143 | Eval Error: 0.0156 | Eval Perf: 0.8031
[54, 100] Train Error: 0.0067 | Train Perf: 0.9161 | Eval Error: 0.0161 | Eval Perf: 0.7972
[55, 100] Train Error: 0.0067 | Train Perf: 0.9164 | Eval Error: 0.0162 | Eval Perf: 0.8006
[56, 100] Train Error: 0.0066 | Train Perf: 0.9179 | Eval Error: 0.0162 | Eval Perf: 0.7973
[57, 100] Train Error: 0.0066 | Train Perf: 0.9183 | Eval Error: 0.0159 | Eval Perf: 0.8005
[58, 100] Train Error: 0.0064 | Train Perf: 0.9201 | Eval Error: 0.0162 | Eval Perf: 0.7973
[59, 100] Train Error: 0.0064 | Train Perf: 0.9208 | Eval Error: 0.0162 | Eval Perf: 0.7997
[60, 100] Train Error: 0.0064 | Train Perf: 0.9202 | Eval Error: 0.0161 | Eval Perf: 0.7983
[61, 100] Train Error: 0.0063 | Train Perf: 0.9223 | Eval Error: 0.0172 | Eval Perf: 0.7899
[62, 100] Train Error: 0.0063 | Train Perf: 0.9212 | Eval Error: 0.0163 | Eval Perf: 0.7975
[63, 100] Train Error: 0.0061 | Train Perf: 0.9237 | Eval Error: 0.0164 | Eval Perf: 0.7965
[64, 100] Train Error: 0.0062 | Train Perf: 0.923 | Eval Error: 0.0172 | Eval Perf: 0.7923
[65, 100] Train Error: 0.0061 | Train Perf: 0.9242 | Eval Error: 0.0172 | Eval Perf: 0.7875
[66, 100] Train Error: 0.0061 | Train Perf: 0.9243 | Eval Error: 0.0168 | Eval Perf: 0.7903
[67, 100] Train Error: 0.0061 | Train Perf: 0.9248 | Eval Error: 0.0173 | Eval Perf: 0.7872
[68, 100] Train Error: 0.006 | Train Perf: 0.926 | Eval Error: 0.0176 | Eval Perf: 0.7879
[69, 100] Train Error: 0.0059 | Train Perf: 0.9262 | Eval Error: 0.0175 | Eval Perf: 0.7841
[70, 100] Train Error: 0.0059 | Train Perf: 0.9268 | Eval Error: 0.0176 | Eval Perf: 0.7854
[71, 100] Train Error: 0.0058 | Train Perf: 0.928 | Eval Error: 0.0175 | Eval Perf: 0.7834
[72, 100] Train Error: 0.0059 | Train Perf: 0.9273 | Eval Error: 0.0172 | Eval Perf: 0.7873
[73, 100] Train Error: 0.0058 | Train Perf: 0.9281 | Eval Error: 0.0177 | Eval Perf: 0.7851
[74, 100] Train Error: 0.0057 | Train Perf: 0.9294 | Eval Error: 0.0178 | Eval Perf: 0.7814
[75, 100] Train Error: 0.0058 | Train Perf: 0.9284 | Eval Error: 0.0181 | Eval Perf: 0.7774
[76, 100] Train Error: 0.0056 | Train Perf: 0.9303 | Eval Error: 0.0176 | Eval Perf: 0.7834
[77, 100] Train Error: 0.0056 | Train Perf: 0.9302 | Eval Error: 0.0182 | Eval Perf: 0.7783
[78, 100] Train Error: 0.0057 | Train Perf: 0.9302 | Eval Error: 0.0184 | Eval Perf: 0.7769
[79, 100] Train Error: 0.0056 | Train Perf: 0.9305 | Eval Error: 0.0183 | Eval Perf: 0.7794
[80, 100] Train Error: 0.0056 | Train Perf: 0.9312 | Eval Error: 0.018 | Eval Perf: 0.7799
[81, 100] Train Error: 0.0056 | Train Perf: 0.9312 | Eval Error: 0.0178 | Eval Perf: 0.7823
[82, 100] Train Error: 0.0055 | Train Perf: 0.9316 | Eval Error: 0.018 | Eval Perf: 0.7795
[83, 100] Train Error: 0.0055 | Train Perf: 0.9326 | Eval Error: 0.018 | Eval Perf: 0.7809
[84, 100] Train Error: 0.0055 | Train Perf: 0.9324 | Eval Error: 0.0188 | Eval Perf: 0.7751
[85, 100] Train Error: 0.0054 | Train Perf: 0.9329 | Eval Error: 0.018 | Eval Perf: 0.7796
[86, 100] Train Error: 0.0054 | Train Perf: 0.9333 | Eval Error: 0.0188 | Eval Perf: 0.7796
[87, 100] Train Error: 0.0054 | Train Perf: 0.9335 | Eval Error: 0.0182 | Eval Perf: 0.777
[88, 100] Train Error: 0.0053 | Train Perf: 0.9342 | Eval Error: 0.0187 | Eval Perf: 0.7743
[89, 100] Train Error: 0.0054 | Train Perf: 0.9337 | Eval Error: 0.0183 | Eval Perf: 0.7772
[90, 100] Train Error: 0.0054 | Train Perf: 0.9338 | Eval Error: 0.0191 | Eval Perf: 0.774
[91, 100] Train Error: 0.0053 | Train Perf: 0.9341 | Eval Error: 0.0186 | Eval Perf: 0.7738
[92, 100] Train Error: 0.0052 | Train Perf: 0.9354 | Eval Error: 0.019 | Eval Perf: 0.773
[93, 100] Train Error: 0.0053 | Train Perf: 0.935 | Eval Error: 0.019 | Eval Perf: 0.7736
[94, 100] Train Error: 0.0052 | Train Perf: 0.9356 | Eval Error: 0.0185 | Eval Perf: 0.7743
[95, 100] Train Error: 0.0052 | Train Perf: 0.9355 | Eval Error: 0.0185 | Eval Perf: 0.777
[96, 100] Train Error: 0.0052 | Train Perf: 0.9361 | Eval Error: 0.0187 | Eval Perf: 0.776
[97, 100] Train Error: 0.0052 | Train Perf: 0.936 | Eval Error: 0.019 | Eval Perf: 0.7704
[98, 100] Train Error: 0.0052 | Train Perf: 0.9364 | Eval Error: 0.0187 | Eval Perf: 0.7737
[99, 100] Train Error: 0.0052 | Train Perf: 0.9366 | Eval Error: 0.0194 | Eval Perf: 0.7684
[100, 100] Train Error: 0.0051 | Train Perf: 0.9368 | Eval Error: 0.0191 | Eval Perf: 0.7707
