NETWORK SUMMARY
---------------
Input Layer shape: (1, 180)
Hidden Layer shape: (181, 2)
Output layer shape: (3, 1)
Total parameters: 365

[1, 100] Train Error: 0.0471 | Train Perf: 0.24 | Eval Error: 0.0457 | Eval Perf: -0.3452
[2, 100] Train Error: 0.0496 | Train Perf: -0.0169 | Eval Error: 0.0444 | Eval Perf: 0.0543
[3, 100] Train Error: 0.0482 | Train Perf: 0.1149 | Eval Error: 0.0427 | Eval Perf: 0.3179
[4, 100] Train Error: 0.0446 | Train Perf: 0.412 | Eval Error: 0.0405 | Eval Perf: 0.4424
[5, 100] Train Error: 0.0394 | Train Perf: 0.5899 | Eval Error: 0.0376 | Eval Perf: 0.5259
[6, 100] Train Error: 0.0339 | Train Perf: 0.6367 | Eval Error: 0.0326 | Eval Perf: 0.6072
[7, 100] Train Error: 0.0288 | Train Perf: 0.7168 | Eval Error: 0.0274 | Eval Perf: 0.6956
[8, 100] Train Error: 0.0228 | Train Perf: 0.792 | Eval Error: 0.0216 | Eval Perf: 0.7918
[9, 100] Train Error: 0.0185 | Train Perf: 0.8318 | Eval Error: 0.0221 | Eval Perf: 0.7624
[10, 100] Train Error: 0.0161 | Train Perf: 0.8391 | Eval Error: 0.0202 | Eval Perf: 0.7691
[11, 100] Train Error: 0.0144 | Train Perf: 0.8586 | Eval Error: 0.0193 | Eval Perf: 0.7818
[12, 100] Train Error: 0.013 | Train Perf: 0.8662 | Eval Error: 0.0193 | Eval Perf: 0.764
[13, 100] Train Error: 0.0117 | Train Perf: 0.8786 | Eval Error: 0.0195 | Eval Perf: 0.7806
[14, 100] Train Error: 0.0105 | Train Perf: 0.8922 | Eval Error: 0.0205 | Eval Perf: 0.7413
[15, 100] Train Error: 0.0093 | Train Perf: 0.9048 | Eval Error: 0.0224 | Eval Perf: 0.7109
[16, 100] Train Error: 0.0088 | Train Perf: 0.9098 | Eval Error: 0.0209 | Eval Perf: 0.7295
[17, 100] Train Error: 0.0079 | Train Perf: 0.9188 | Eval Error: 0.0204 | Eval Perf: 0.7348
[18, 100] Train Error: 0.0088 | Train Perf: 0.9071 | Eval Error: 0.0235 | Eval Perf: 0.6938
[19, 100] Train Error: 0.008 | Train Perf: 0.919 | Eval Error: 0.0255 | Eval Perf: 0.6956
[20, 100] Train Error: 0.0074 | Train Perf: 0.9234 | Eval Error: 0.0205 | Eval Perf: 0.7408
[21, 100] Train Error: 0.0063 | Train Perf: 0.9365 | Eval Error: 0.021 | Eval Perf: 0.7438
[22, 100] Train Error: 0.007 | Train Perf: 0.9277 | Eval Error: 0.0214 | Eval Perf: 0.7316
[23, 100] Train Error: 0.0061 | Train Perf: 0.938 | Eval Error: 0.0181 | Eval Perf: 0.7703
[24, 100] Train Error: 0.0053 | Train Perf: 0.9464 | Eval Error: 0.0237 | Eval Perf: 0.6919
[25, 100] Train Error: 0.0056 | Train Perf: 0.9439 | Eval Error: 0.0184 | Eval Perf: 0.7672
[26, 100] Train Error: 0.005 | Train Perf: 0.9504 | Eval Error: 0.0217 | Eval Perf: 0.718
[27, 100] Train Error: 0.0049 | Train Perf: 0.9519 | Eval Error: 0.022 | Eval Perf: 0.725
[28, 100] Train Error: 0.0044 | Train Perf: 0.9558 | Eval Error: 0.0209 | Eval Perf: 0.7384
[29, 100] Train Error: 0.0044 | Train Perf: 0.9558 | Eval Error: 0.02 | Eval Perf: 0.7564
[30, 100] Train Error: 0.0042 | Train Perf: 0.9576 | Eval Error: 0.0194 | Eval Perf: 0.7518
[31, 100] Train Error: 0.0041 | Train Perf: 0.9587 | Eval Error: 0.0206 | Eval Perf: 0.7751
[32, 100] Train Error: 0.0044 | Train Perf: 0.9554 | Eval Error: 0.0193 | Eval Perf: 0.7548
[33, 100] Train Error: 0.0037 | Train Perf: 0.9625 | Eval Error: 0.0199 | Eval Perf: 0.7463
[34, 100] Train Error: 0.0042 | Train Perf: 0.9572 | Eval Error: 0.021 | Eval Perf: 0.7343
[35, 100] Train Error: 0.0038 | Train Perf: 0.9621 | Eval Error: 0.0219 | Eval Perf: 0.738
[36, 100] Train Error: 0.0033 | Train Perf: 0.9671 | Eval Error: 0.0224 | Eval Perf: 0.7149
[37, 100] Train Error: 0.0035 | Train Perf: 0.9645 | Eval Error: 0.0212 | Eval Perf: 0.7378
[38, 100] Train Error: 0.0035 | Train Perf: 0.9648 | Eval Error: 0.0218 | Eval Perf: 0.7368
[39, 100] Train Error: 0.0028 | Train Perf: 0.972 | Eval Error: 0.0209 | Eval Perf: 0.7563
[40, 100] Train Error: 0.0032 | Train Perf: 0.9679 | Eval Error: 0.0228 | Eval Perf: 0.7108
[41, 100] Train Error: 0.0033 | Train Perf: 0.9664 | Eval Error: 0.0213 | Eval Perf: 0.7299
[42, 100] Train Error: 0.0033 | Train Perf: 0.9669 | Eval Error: 0.0229 | Eval Perf: 0.7409
[43, 100] Train Error: 0.0031 | Train Perf: 0.9685 | Eval Error: 0.0212 | Eval Perf: 0.7424
[44, 100] Train Error: 0.0029 | Train Perf: 0.9711 | Eval Error: 0.0243 | Eval Perf: 0.731
[45, 100] Train Error: 0.0027 | Train Perf: 0.9729 | Eval Error: 0.0221 | Eval Perf: 0.7247
[46, 100] Train Error: 0.0028 | Train Perf: 0.9721 | Eval Error: 0.0227 | Eval Perf: 0.715
[47, 100] Train Error: 0.0032 | Train Perf: 0.9674 | Eval Error: 0.0232 | Eval Perf: 0.7116
[48, 100] Train Error: 0.0029 | Train Perf: 0.9704 | Eval Error: 0.0218 | Eval Perf: 0.7402
[49, 100] Train Error: 0.0027 | Train Perf: 0.9731 | Eval Error: 0.022 | Eval Perf: 0.7378
[50, 100] Train Error: 0.0027 | Train Perf: 0.9722 | Eval Error: 0.0244 | Eval Perf: 0.7279
[51, 100] Train Error: 0.0028 | Train Perf: 0.9718 | Eval Error: 0.0226 | Eval Perf: 0.7248
[52, 100] Train Error: 0.0025 | Train Perf: 0.9756 | Eval Error: 0.0231 | Eval Perf: 0.7093
[53, 100] Train Error: 0.0025 | Train Perf: 0.9754 | Eval Error: 0.0229 | Eval Perf: 0.7252
[54, 100] Train Error: 0.0024 | Train Perf: 0.9765 | Eval Error: 0.0231 | Eval Perf: 0.7253
[55, 100] Train Error: 0.0024 | Train Perf: 0.9759 | Eval Error: 0.0232 | Eval Perf: 0.7155
[56, 100] Train Error: 0.0023 | Train Perf: 0.9768 | Eval Error: 0.026 | Eval Perf: 0.7076
[57, 100] Train Error: 0.0023 | Train Perf: 0.9782 | Eval Error: 0.0255 | Eval Perf: 0.7201
[58, 100] Train Error: 0.0021 | Train Perf: 0.9787 | Eval Error: 0.0235 | Eval Perf: 0.7239
[59, 100] Train Error: 0.0022 | Train Perf: 0.9787 | Eval Error: 0.0228 | Eval Perf: 0.7185
[60, 100] Train Error: 0.002 | Train Perf: 0.98 | Eval Error: 0.0234 | Eval Perf: 0.7238
[61, 100] Train Error: 0.0023 | Train Perf: 0.9764 | Eval Error: 0.0245 | Eval Perf: 0.7108
[62, 100] Train Error: 0.002 | Train Perf: 0.981 | Eval Error: 0.0237 | Eval Perf: 0.7139
[63, 100] Train Error: 0.0022 | Train Perf: 0.978 | Eval Error: 0.0246 | Eval Perf: 0.7068
[64, 100] Train Error: 0.002 | Train Perf: 0.9799 | Eval Error: 0.0252 | Eval Perf: 0.7156
[65, 100] Train Error: 0.0017 | Train Perf: 0.9829 | Eval Error: 0.0274 | Eval Perf: 0.6943
[66, 100] Train Error: 0.002 | Train Perf: 0.9798 | Eval Error: 0.0267 | Eval Perf: 0.6948
[67, 100] Train Error: 0.0017 | Train Perf: 0.9833 | Eval Error: 0.0249 | Eval Perf: 0.7076
[68, 100] Train Error: 0.0021 | Train Perf: 0.9791 | Eval Error: 0.0252 | Eval Perf: 0.7036
[69, 100] Train Error: 0.0017 | Train Perf: 0.983 | Eval Error: 0.0237 | Eval Perf: 0.7083
[70, 100] Train Error: 0.0019 | Train Perf: 0.9813 | Eval Error: 0.0258 | Eval Perf: 0.6968
[71, 100] Train Error: 0.0018 | Train Perf: 0.982 | Eval Error: 0.0256 | Eval Perf: 0.6959
[72, 100] Train Error: 0.0017 | Train Perf: 0.9829 | Eval Error: 0.0274 | Eval Perf: 0.6808
[73, 100] Train Error: 0.0015 | Train Perf: 0.9852 | Eval Error: 0.026 | Eval Perf: 0.7022
[74, 100] Train Error: 0.0016 | Train Perf: 0.9839 | Eval Error: 0.0257 | Eval Perf: 0.7034
[75, 100] Train Error: 0.0015 | Train Perf: 0.9848 | Eval Error: 0.0252 | Eval Perf: 0.7042
[76, 100] Train Error: 0.0017 | Train Perf: 0.9832 | Eval Error: 0.0254 | Eval Perf: 0.7022
[77, 100] Train Error: 0.0015 | Train Perf: 0.9849 | Eval Error: 0.0256 | Eval Perf: 0.7026
[78, 100] Train Error: 0.0016 | Train Perf: 0.9842 | Eval Error: 0.0277 | Eval Perf: 0.6869
[79, 100] Train Error: 0.0016 | Train Perf: 0.9834 | Eval Error: 0.0251 | Eval Perf: 0.7003
[80, 100] Train Error: 0.0015 | Train Perf: 0.9847 | Eval Error: 0.0268 | Eval Perf: 0.6992
[81, 100] Train Error: 0.0016 | Train Perf: 0.9847 | Eval Error: 0.029 | Eval Perf: 0.6783
[82, 100] Train Error: 0.0014 | Train Perf: 0.9861 | Eval Error: 0.0286 | Eval Perf: 0.677
[83, 100] Train Error: 0.0014 | Train Perf: 0.9857 | Eval Error: 0.0264 | Eval Perf: 0.6977
[84, 100] Train Error: 0.0016 | Train Perf: 0.9843 | Eval Error: 0.0258 | Eval Perf: 0.6941
[85, 100] Train Error: 0.0012 | Train Perf: 0.988 | Eval Error: 0.0264 | Eval Perf: 0.6996
[86, 100] Train Error: 0.0014 | Train Perf: 0.9862 | Eval Error: 0.0266 | Eval Perf: 0.6962
[87, 100] Train Error: 0.0015 | Train Perf: 0.9846 | Eval Error: 0.0283 | Eval Perf: 0.6672
[88, 100] Train Error: 0.0013 | Train Perf: 0.9872 | Eval Error: 0.0261 | Eval Perf: 0.6989
[89, 100] Train Error: 0.0012 | Train Perf: 0.9881 | Eval Error: 0.0264 | Eval Perf: 0.6906
[90, 100] Train Error: 0.0013 | Train Perf: 0.9868 | Eval Error: 0.0263 | Eval Perf: 0.6897
[91, 100] Train Error: 0.0015 | Train Perf: 0.9848 | Eval Error: 0.0282 | Eval Perf: 0.6802
[92, 100] Train Error: 0.0013 | Train Perf: 0.9875 | Eval Error: 0.026 | Eval Perf: 0.6883
[93, 100] Train Error: 0.0012 | Train Perf: 0.9876 | Eval Error: 0.0273 | Eval Perf: 0.6864
[94, 100] Train Error: 0.0013 | Train Perf: 0.9868 | Eval Error: 0.0268 | Eval Perf: 0.6865
[95, 100] Train Error: 0.0011 | Train Perf: 0.989 | Eval Error: 0.0276 | Eval Perf: 0.6788
[96, 100] Train Error: 0.0011 | Train Perf: 0.9888 | Eval Error: 0.0286 | Eval Perf: 0.6907
[97, 100] Train Error: 0.0011 | Train Perf: 0.989 | Eval Error: 0.0281 | Eval Perf: 0.6777
[98, 100] Train Error: 0.0011 | Train Perf: 0.9898 | Eval Error: 0.0263 | Eval Perf: 0.6878
[99, 100] Train Error: 0.0013 | Train Perf: 0.9871 | Eval Error: 0.0273 | Eval Perf: 0.6831
[100, 100] Train Error: 0.0013 | Train Perf: 0.9872 | Eval Error: 0.0283 | Eval Perf: 0.679
