NETWORK SUMMARY
---------------
Input Layer shape: (1, 180)
Hidden Layer shape: (181, 2)
Output layer shape: (3, 1)
Total parameters: 365

[1, 100] Train Error: 0.035 | Train Perf: -0.0193 | Eval Error: 0.0333 | Eval Perf: 0.5133
[2, 100] Train Error: 0.0318 | Train Perf: 0.2815 | Eval Error: 0.0297 | Eval Perf: 0.6172
[3, 100] Train Error: 0.0268 | Train Perf: 0.5439 | Eval Error: 0.0244 | Eval Perf: 0.6469
[4, 100] Train Error: 0.0213 | Train Perf: 0.6575 | Eval Error: 0.0204 | Eval Perf: 0.6718
[5, 100] Train Error: 0.017 | Train Perf: 0.7253 | Eval Error: 0.0184 | Eval Perf: 0.696
[6, 100] Train Error: 0.0145 | Train Perf: 0.7678 | Eval Error: 0.0179 | Eval Perf: 0.6995
[7, 100] Train Error: 0.0133 | Train Perf: 0.7837 | Eval Error: 0.0172 | Eval Perf: 0.7073
[8, 100] Train Error: 0.0121 | Train Perf: 0.8051 | Eval Error: 0.0172 | Eval Perf: 0.7076
[9, 100] Train Error: 0.0118 | Train Perf: 0.8073 | Eval Error: 0.0174 | Eval Perf: 0.7023
[10, 100] Train Error: 0.0113 | Train Perf: 0.8168 | Eval Error: 0.0184 | Eval Perf: 0.6972
[11, 100] Train Error: 0.0109 | Train Perf: 0.8229 | Eval Error: 0.0179 | Eval Perf: 0.7036
[12, 100] Train Error: 0.0107 | Train Perf: 0.8271 | Eval Error: 0.0177 | Eval Perf: 0.7008
[13, 100] Train Error: 0.0104 | Train Perf: 0.8323 | Eval Error: 0.0184 | Eval Perf: 0.6926
[14, 100] Train Error: 0.0104 | Train Perf: 0.8326 | Eval Error: 0.0182 | Eval Perf: 0.6986
[15, 100] Train Error: 0.0102 | Train Perf: 0.8365 | Eval Error: 0.019 | Eval Perf: 0.692
[16, 100] Train Error: 0.0101 | Train Perf: 0.8374 | Eval Error: 0.0183 | Eval Perf: 0.6959
[17, 100] Train Error: 0.0099 | Train Perf: 0.8412 | Eval Error: 0.0184 | Eval Perf: 0.6941
[18, 100] Train Error: 0.0099 | Train Perf: 0.8413 | Eval Error: 0.0184 | Eval Perf: 0.692
[19, 100] Train Error: 0.0097 | Train Perf: 0.8446 | Eval Error: 0.0188 | Eval Perf: 0.6908
[20, 100] Train Error: 0.0095 | Train Perf: 0.8475 | Eval Error: 0.0193 | Eval Perf: 0.6935
[21, 100] Train Error: 0.0095 | Train Perf: 0.8485 | Eval Error: 0.0191 | Eval Perf: 0.6836
[22, 100] Train Error: 0.0095 | Train Perf: 0.8484 | Eval Error: 0.0193 | Eval Perf: 0.6793
[23, 100] Train Error: 0.0093 | Train Perf: 0.851 | Eval Error: 0.019 | Eval Perf: 0.6875
[24, 100] Train Error: 0.0092 | Train Perf: 0.8545 | Eval Error: 0.0198 | Eval Perf: 0.6727
[25, 100] Train Error: 0.0092 | Train Perf: 0.8531 | Eval Error: 0.02 | Eval Perf: 0.6665
[26, 100] Train Error: 0.0091 | Train Perf: 0.8557 | Eval Error: 0.02 | Eval Perf: 0.673
[27, 100] Train Error: 0.0089 | Train Perf: 0.8584 | Eval Error: 0.0199 | Eval Perf: 0.6726
[28, 100] Train Error: 0.0089 | Train Perf: 0.8584 | Eval Error: 0.0205 | Eval Perf: 0.6612
[29, 100] Train Error: 0.009 | Train Perf: 0.8571 | Eval Error: 0.0204 | Eval Perf: 0.6707
[30, 100] Train Error: 0.0088 | Train Perf: 0.8602 | Eval Error: 0.0204 | Eval Perf: 0.6656
[31, 100] Train Error: 0.0089 | Train Perf: 0.8591 | Eval Error: 0.0207 | Eval Perf: 0.6609
[32, 100] Train Error: 0.0086 | Train Perf: 0.8643 | Eval Error: 0.0208 | Eval Perf: 0.6567
[33, 100] Train Error: 0.0087 | Train Perf: 0.8626 | Eval Error: 0.0207 | Eval Perf: 0.6627
[34, 100] Train Error: 0.0085 | Train Perf: 0.8647 | Eval Error: 0.0207 | Eval Perf: 0.658
[35, 100] Train Error: 0.0085 | Train Perf: 0.8656 | Eval Error: 0.0207 | Eval Perf: 0.6617
[36, 100] Train Error: 0.0086 | Train Perf: 0.8644 | Eval Error: 0.0209 | Eval Perf: 0.6621
[37, 100] Train Error: 0.0083 | Train Perf: 0.8694 | Eval Error: 0.0213 | Eval Perf: 0.6541
[38, 100] Train Error: 0.0082 | Train Perf: 0.8697 | Eval Error: 0.0218 | Eval Perf: 0.6612
[39, 100] Train Error: 0.0083 | Train Perf: 0.8697 | Eval Error: 0.0212 | Eval Perf: 0.6569
[40, 100] Train Error: 0.0082 | Train Perf: 0.8708 | Eval Error: 0.0215 | Eval Perf: 0.6574
[41, 100] Train Error: 0.0081 | Train Perf: 0.8725 | Eval Error: 0.0218 | Eval Perf: 0.6588
[42, 100] Train Error: 0.0081 | Train Perf: 0.872 | Eval Error: 0.0212 | Eval Perf: 0.6576
[43, 100] Train Error: 0.0079 | Train Perf: 0.8749 | Eval Error: 0.0212 | Eval Perf: 0.6625
[44, 100] Train Error: 0.0079 | Train Perf: 0.8753 | Eval Error: 0.0217 | Eval Perf: 0.6595
[45, 100] Train Error: 0.0079 | Train Perf: 0.8762 | Eval Error: 0.0219 | Eval Perf: 0.6598
[46, 100] Train Error: 0.0077 | Train Perf: 0.8784 | Eval Error: 0.0216 | Eval Perf: 0.654
[47, 100] Train Error: 0.0077 | Train Perf: 0.8798 | Eval Error: 0.0222 | Eval Perf: 0.6546
[48, 100] Train Error: 0.0076 | Train Perf: 0.8812 | Eval Error: 0.0218 | Eval Perf: 0.6592
[49, 100] Train Error: 0.0076 | Train Perf: 0.881 | Eval Error: 0.0219 | Eval Perf: 0.6589
[50, 100] Train Error: 0.0074 | Train Perf: 0.8843 | Eval Error: 0.022 | Eval Perf: 0.6614
[51, 100] Train Error: 0.0073 | Train Perf: 0.8862 | Eval Error: 0.0215 | Eval Perf: 0.6595
[52, 100] Train Error: 0.0073 | Train Perf: 0.8848 | Eval Error: 0.0218 | Eval Perf: 0.663
[53, 100] Train Error: 0.0072 | Train Perf: 0.8878 | Eval Error: 0.0215 | Eval Perf: 0.66
[54, 100] Train Error: 0.007 | Train Perf: 0.89 | Eval Error: 0.0218 | Eval Perf: 0.6562
[55, 100] Train Error: 0.0069 | Train Perf: 0.892 | Eval Error: 0.0223 | Eval Perf: 0.6483
[56, 100] Train Error: 0.0069 | Train Perf: 0.8917 | Eval Error: 0.0222 | Eval Perf: 0.6524
[57, 100] Train Error: 0.0069 | Train Perf: 0.8918 | Eval Error: 0.0225 | Eval Perf: 0.6556
[58, 100] Train Error: 0.0069 | Train Perf: 0.8918 | Eval Error: 0.0226 | Eval Perf: 0.6543
[59, 100] Train Error: 0.0068 | Train Perf: 0.8946 | Eval Error: 0.0228 | Eval Perf: 0.6522
[60, 100] Train Error: 0.0066 | Train Perf: 0.8967 | Eval Error: 0.0239 | Eval Perf: 0.6568
[61, 100] Train Error: 0.0066 | Train Perf: 0.8966 | Eval Error: 0.0226 | Eval Perf: 0.6539
[62, 100] Train Error: 0.0065 | Train Perf: 0.8988 | Eval Error: 0.0231 | Eval Perf: 0.6584
[63, 100] Train Error: 0.0064 | Train Perf: 0.9009 | Eval Error: 0.0223 | Eval Perf: 0.6544
[64, 100] Train Error: 0.0065 | Train Perf: 0.8992 | Eval Error: 0.0229 | Eval Perf: 0.6576
[65, 100] Train Error: 0.0064 | Train Perf: 0.9013 | Eval Error: 0.0242 | Eval Perf: 0.6559
[66, 100] Train Error: 0.0061 | Train Perf: 0.9051 | Eval Error: 0.0231 | Eval Perf: 0.6565
[67, 100] Train Error: 0.0062 | Train Perf: 0.9032 | Eval Error: 0.0227 | Eval Perf: 0.6556
[68, 100] Train Error: 0.0062 | Train Perf: 0.9043 | Eval Error: 0.0234 | Eval Perf: 0.6621
[69, 100] Train Error: 0.006 | Train Perf: 0.9064 | Eval Error: 0.0242 | Eval Perf: 0.6613
[70, 100] Train Error: 0.0061 | Train Perf: 0.9061 | Eval Error: 0.0235 | Eval Perf: 0.6597
[71, 100] Train Error: 0.0059 | Train Perf: 0.9085 | Eval Error: 0.0224 | Eval Perf: 0.6615
[72, 100] Train Error: 0.006 | Train Perf: 0.9078 | Eval Error: 0.0235 | Eval Perf: 0.6611
[73, 100] Train Error: 0.0059 | Train Perf: 0.909 | Eval Error: 0.0232 | Eval Perf: 0.6626
[74, 100] Train Error: 0.0058 | Train Perf: 0.9099 | Eval Error: 0.0233 | Eval Perf: 0.661
[75, 100] Train Error: 0.0057 | Train Perf: 0.912 | Eval Error: 0.0233 | Eval Perf: 0.6623
[76, 100] Train Error: 0.0056 | Train Perf: 0.9133 | Eval Error: 0.024 | Eval Perf: 0.661
[77, 100] Train Error: 0.0056 | Train Perf: 0.9135 | Eval Error: 0.0233 | Eval Perf: 0.6633
[78, 100] Train Error: 0.0056 | Train Perf: 0.9141 | Eval Error: 0.0248 | Eval Perf: 0.6612
[79, 100] Train Error: 0.0054 | Train Perf: 0.916 | Eval Error: 0.0242 | Eval Perf: 0.6584
[80, 100] Train Error: 0.0054 | Train Perf: 0.9164 | Eval Error: 0.0233 | Eval Perf: 0.6556
[81, 100] Train Error: 0.0054 | Train Perf: 0.9161 | Eval Error: 0.024 | Eval Perf: 0.6625
[82, 100] Train Error: 0.0053 | Train Perf: 0.9192 | Eval Error: 0.0239 | Eval Perf: 0.6607
[83, 100] Train Error: 0.0054 | Train Perf: 0.9176 | Eval Error: 0.024 | Eval Perf: 0.6597
[84, 100] Train Error: 0.0053 | Train Perf: 0.9188 | Eval Error: 0.0243 | Eval Perf: 0.6596
[85, 100] Train Error: 0.0052 | Train Perf: 0.9202 | Eval Error: 0.0244 | Eval Perf: 0.6584
[86, 100] Train Error: 0.0052 | Train Perf: 0.9205 | Eval Error: 0.024 | Eval Perf: 0.656
[87, 100] Train Error: 0.0051 | Train Perf: 0.9214 | Eval Error: 0.0242 | Eval Perf: 0.6567
[88, 100] Train Error: 0.005 | Train Perf: 0.9227 | Eval Error: 0.0235 | Eval Perf: 0.6587
[89, 100] Train Error: 0.0051 | Train Perf: 0.9223 | Eval Error: 0.0245 | Eval Perf: 0.6625
[90, 100] Train Error: 0.005 | Train Perf: 0.923 | Eval Error: 0.0244 | Eval Perf: 0.6588
[91, 100] Train Error: 0.0049 | Train Perf: 0.9242 | Eval Error: 0.0255 | Eval Perf: 0.6603
[92, 100] Train Error: 0.0049 | Train Perf: 0.9246 | Eval Error: 0.0252 | Eval Perf: 0.6566
[93, 100] Train Error: 0.0049 | Train Perf: 0.9247 | Eval Error: 0.025 | Eval Perf: 0.658
[94, 100] Train Error: 0.0048 | Train Perf: 0.9266 | Eval Error: 0.0246 | Eval Perf: 0.6574
[95, 100] Train Error: 0.0048 | Train Perf: 0.9265 | Eval Error: 0.0249 | Eval Perf: 0.6534
[96, 100] Train Error: 0.0048 | Train Perf: 0.9272 | Eval Error: 0.0267 | Eval Perf: 0.6563
[97, 100] Train Error: 0.0048 | Train Perf: 0.9268 | Eval Error: 0.0253 | Eval Perf: 0.6558
[98, 100] Train Error: 0.0047 | Train Perf: 0.9286 | Eval Error: 0.0248 | Eval Perf: 0.6582
[99, 100] Train Error: 0.0046 | Train Perf: 0.9291 | Eval Error: 0.0265 | Eval Perf: 0.6538
[100, 100] Train Error: 0.0046 | Train Perf: 0.9297 | Eval Error: 0.0267 | Eval Perf: 0.6566
