NETWORK SUMMARY
---------------
Input Layer shape: (1, 180)
Hidden Layer shape: (181, 5)
Output layer shape: (6, 1)
Total parameters: 911

[1, 100] Train Error: 0.033 | Train Perf: 0.3047 | Eval Error: 0.0257 | Eval Perf: 0.6463
[2, 100] Train Error: 0.0189 | Train Perf: 0.6977 | Eval Error: 0.0183 | Eval Perf: 0.7109
[3, 100] Train Error: 0.0159 | Train Perf: 0.7501 | Eval Error: 0.0164 | Eval Perf: 0.7415
[4, 100] Train Error: 0.0146 | Train Perf: 0.7744 | Eval Error: 0.0153 | Eval Perf: 0.7611
[5, 100] Train Error: 0.014 | Train Perf: 0.7836 | Eval Error: 0.0175 | Eval Perf: 0.7607
[6, 100] Train Error: 0.0133 | Train Perf: 0.7967 | Eval Error: 0.0152 | Eval Perf: 0.7654
[7, 100] Train Error: 0.013 | Train Perf: 0.8016 | Eval Error: 0.015 | Eval Perf: 0.7764
[8, 100] Train Error: 0.0124 | Train Perf: 0.8122 | Eval Error: 0.0153 | Eval Perf: 0.7625
[9, 100] Train Error: 0.0125 | Train Perf: 0.8107 | Eval Error: 0.0152 | Eval Perf: 0.773
[10, 100] Train Error: 0.0124 | Train Perf: 0.8112 | Eval Error: 0.0147 | Eval Perf: 0.7736
[11, 100] Train Error: 0.0119 | Train Perf: 0.8205 | Eval Error: 0.015 | Eval Perf: 0.7764
[12, 100] Train Error: 0.0117 | Train Perf: 0.8238 | Eval Error: 0.0148 | Eval Perf: 0.7768
[13, 100] Train Error: 0.0116 | Train Perf: 0.8258 | Eval Error: 0.0145 | Eval Perf: 0.7787
[14, 100] Train Error: 0.0111 | Train Perf: 0.8338 | Eval Error: 0.0144 | Eval Perf: 0.7943
[15, 100] Train Error: 0.0109 | Train Perf: 0.8363 | Eval Error: 0.015 | Eval Perf: 0.7873
[16, 100] Train Error: 0.0107 | Train Perf: 0.8397 | Eval Error: 0.016 | Eval Perf: 0.7811
[17, 100] Train Error: 0.0105 | Train Perf: 0.843 | Eval Error: 0.0141 | Eval Perf: 0.7859
[18, 100] Train Error: 0.0102 | Train Perf: 0.8477 | Eval Error: 0.0147 | Eval Perf: 0.7843
[19, 100] Train Error: 0.0103 | Train Perf: 0.8471 | Eval Error: 0.015 | Eval Perf: 0.7813
[20, 100] Train Error: 0.0101 | Train Perf: 0.8493 | Eval Error: 0.0141 | Eval Perf: 0.791
[21, 100] Train Error: 0.0098 | Train Perf: 0.8549 | Eval Error: 0.0139 | Eval Perf: 0.7917
[22, 100] Train Error: 0.0095 | Train Perf: 0.8591 | Eval Error: 0.0142 | Eval Perf: 0.7895
[23, 100] Train Error: 0.0091 | Train Perf: 0.8657 | Eval Error: 0.0157 | Eval Perf: 0.7862
[24, 100] Train Error: 0.0092 | Train Perf: 0.8643 | Eval Error: 0.014 | Eval Perf: 0.7902
[25, 100] Train Error: 0.009 | Train Perf: 0.8669 | Eval Error: 0.0139 | Eval Perf: 0.7903
[26, 100] Train Error: 0.0087 | Train Perf: 0.8724 | Eval Error: 0.014 | Eval Perf: 0.791
[27, 100] Train Error: 0.0083 | Train Perf: 0.878 | Eval Error: 0.0142 | Eval Perf: 0.7914
[28, 100] Train Error: 0.0081 | Train Perf: 0.8818 | Eval Error: 0.0137 | Eval Perf: 0.7923
[29, 100] Train Error: 0.0079 | Train Perf: 0.8841 | Eval Error: 0.0179 | Eval Perf: 0.7793
[30, 100] Train Error: 0.0079 | Train Perf: 0.8846 | Eval Error: 0.014 | Eval Perf: 0.7901
[31, 100] Train Error: 0.0075 | Train Perf: 0.891 | Eval Error: 0.0145 | Eval Perf: 0.7864
[32, 100] Train Error: 0.0075 | Train Perf: 0.8911 | Eval Error: 0.0145 | Eval Perf: 0.7868
[33, 100] Train Error: 0.0072 | Train Perf: 0.8953 | Eval Error: 0.0144 | Eval Perf: 0.789
[34, 100] Train Error: 0.007 | Train Perf: 0.8985 | Eval Error: 0.0148 | Eval Perf: 0.781
[35, 100] Train Error: 0.0069 | Train Perf: 0.9002 | Eval Error: 0.0143 | Eval Perf: 0.7868
[36, 100] Train Error: 0.0067 | Train Perf: 0.9025 | Eval Error: 0.0151 | Eval Perf: 0.781
[37, 100] Train Error: 0.0065 | Train Perf: 0.9058 | Eval Error: 0.0158 | Eval Perf: 0.7754
[38, 100] Train Error: 0.0064 | Train Perf: 0.9079 | Eval Error: 0.0149 | Eval Perf: 0.7832
[39, 100] Train Error: 0.0063 | Train Perf: 0.9092 | Eval Error: 0.0153 | Eval Perf: 0.7802
[40, 100] Train Error: 0.0061 | Train Perf: 0.9116 | Eval Error: 0.0156 | Eval Perf: 0.781
[41, 100] Train Error: 0.0061 | Train Perf: 0.9124 | Eval Error: 0.016 | Eval Perf: 0.7778
[42, 100] Train Error: 0.0059 | Train Perf: 0.9147 | Eval Error: 0.0157 | Eval Perf: 0.7726
[43, 100] Train Error: 0.0058 | Train Perf: 0.9172 | Eval Error: 0.0162 | Eval Perf: 0.7673
[44, 100] Train Error: 0.0056 | Train Perf: 0.9203 | Eval Error: 0.0157 | Eval Perf: 0.7717
[45, 100] Train Error: 0.0055 | Train Perf: 0.9218 | Eval Error: 0.0158 | Eval Perf: 0.7694
[46, 100] Train Error: 0.0054 | Train Perf: 0.9231 | Eval Error: 0.0158 | Eval Perf: 0.7744
[47, 100] Train Error: 0.0052 | Train Perf: 0.9252 | Eval Error: 0.0161 | Eval Perf: 0.7671
[48, 100] Train Error: 0.0051 | Train Perf: 0.9266 | Eval Error: 0.0177 | Eval Perf: 0.7654
[49, 100] Train Error: 0.005 | Train Perf: 0.9288 | Eval Error: 0.0184 | Eval Perf: 0.7625
[50, 100] Train Error: 0.005 | Train Perf: 0.9285 | Eval Error: 0.0168 | Eval Perf: 0.7598
[51, 100] Train Error: 0.0048 | Train Perf: 0.9313 | Eval Error: 0.0173 | Eval Perf: 0.7575
[52, 100] Train Error: 0.0047 | Train Perf: 0.9326 | Eval Error: 0.0175 | Eval Perf: 0.7547
[53, 100] Train Error: 0.0047 | Train Perf: 0.9333 | Eval Error: 0.0167 | Eval Perf: 0.7605
[54, 100] Train Error: 0.0046 | Train Perf: 0.9349 | Eval Error: 0.0176 | Eval Perf: 0.7547
[55, 100] Train Error: 0.0045 | Train Perf: 0.9357 | Eval Error: 0.0192 | Eval Perf: 0.7475
[56, 100] Train Error: 0.0045 | Train Perf: 0.9366 | Eval Error: 0.017 | Eval Perf: 0.7564
[57, 100] Train Error: 0.0043 | Train Perf: 0.939 | Eval Error: 0.0176 | Eval Perf: 0.7482
[58, 100] Train Error: 0.0042 | Train Perf: 0.9402 | Eval Error: 0.0171 | Eval Perf: 0.7588
[59, 100] Train Error: 0.0042 | Train Perf: 0.9403 | Eval Error: 0.0177 | Eval Perf: 0.7492
[60, 100] Train Error: 0.0041 | Train Perf: 0.9418 | Eval Error: 0.0177 | Eval Perf: 0.7482
[61, 100] Train Error: 0.0041 | Train Perf: 0.9426 | Eval Error: 0.019 | Eval Perf: 0.7457
[62, 100] Train Error: 0.004 | Train Perf: 0.9441 | Eval Error: 0.0188 | Eval Perf: 0.7445
[63, 100] Train Error: 0.0039 | Train Perf: 0.9452 | Eval Error: 0.0183 | Eval Perf: 0.7474
[64, 100] Train Error: 0.0038 | Train Perf: 0.9459 | Eval Error: 0.0191 | Eval Perf: 0.7428
[65, 100] Train Error: 0.0038 | Train Perf: 0.9463 | Eval Error: 0.0184 | Eval Perf: 0.7418
[66, 100] Train Error: 0.0037 | Train Perf: 0.9484 | Eval Error: 0.0181 | Eval Perf: 0.7471
[67, 100] Train Error: 0.0037 | Train Perf: 0.9484 | Eval Error: 0.0193 | Eval Perf: 0.7396
[68, 100] Train Error: 0.0036 | Train Perf: 0.9488 | Eval Error: 0.0196 | Eval Perf: 0.7319
[69, 100] Train Error: 0.0035 | Train Perf: 0.9509 | Eval Error: 0.0193 | Eval Perf: 0.738
[70, 100] Train Error: 0.0035 | Train Perf: 0.9506 | Eval Error: 0.0197 | Eval Perf: 0.7367
[71, 100] Train Error: 0.0034 | Train Perf: 0.9518 | Eval Error: 0.019 | Eval Perf: 0.7388
[72, 100] Train Error: 0.0034 | Train Perf: 0.9524 | Eval Error: 0.02 | Eval Perf: 0.7305
[73, 100] Train Error: 0.0033 | Train Perf: 0.9531 | Eval Error: 0.0206 | Eval Perf: 0.7288
[74, 100] Train Error: 0.0033 | Train Perf: 0.9529 | Eval Error: 0.0201 | Eval Perf: 0.7295
[75, 100] Train Error: 0.0033 | Train Perf: 0.9537 | Eval Error: 0.02 | Eval Perf: 0.7277
[76, 100] Train Error: 0.0032 | Train Perf: 0.9554 | Eval Error: 0.0204 | Eval Perf: 0.7211
[77, 100] Train Error: 0.0032 | Train Perf: 0.955 | Eval Error: 0.0214 | Eval Perf: 0.7217
[78, 100] Train Error: 0.0032 | Train Perf: 0.9557 | Eval Error: 0.0201 | Eval Perf: 0.7238
[79, 100] Train Error: 0.0031 | Train Perf: 0.957 | Eval Error: 0.0201 | Eval Perf: 0.7227
[80, 100] Train Error: 0.0031 | Train Perf: 0.9566 | Eval Error: 0.0213 | Eval Perf: 0.7193
[81, 100] Train Error: 0.0029 | Train Perf: 0.9591 | Eval Error: 0.0218 | Eval Perf: 0.7215
[82, 100] Train Error: 0.003 | Train Perf: 0.9577 | Eval Error: 0.0204 | Eval Perf: 0.7221
[83, 100] Train Error: 0.003 | Train Perf: 0.9584 | Eval Error: 0.0211 | Eval Perf: 0.7192
[84, 100] Train Error: 0.003 | Train Perf: 0.9583 | Eval Error: 0.0213 | Eval Perf: 0.7151
[85, 100] Train Error: 0.0029 | Train Perf: 0.9589 | Eval Error: 0.023 | Eval Perf: 0.7068
[86, 100] Train Error: 0.0028 | Train Perf: 0.9606 | Eval Error: 0.0208 | Eval Perf: 0.7183
[87, 100] Train Error: 0.0029 | Train Perf: 0.9596 | Eval Error: 0.0218 | Eval Perf: 0.7098
[88, 100] Train Error: 0.0028 | Train Perf: 0.9608 | Eval Error: 0.0221 | Eval Perf: 0.7105
[89, 100] Train Error: 0.0028 | Train Perf: 0.9613 | Eval Error: 0.0221 | Eval Perf: 0.708
[90, 100] Train Error: 0.0027 | Train Perf: 0.9622 | Eval Error: 0.0231 | Eval Perf: 0.7076
[91, 100] Train Error: 0.0027 | Train Perf: 0.9617 | Eval Error: 0.0223 | Eval Perf: 0.7071
[92, 100] Train Error: 0.0027 | Train Perf: 0.9622 | Eval Error: 0.023 | Eval Perf: 0.6976
[93, 100] Train Error: 0.0027 | Train Perf: 0.9623 | Eval Error: 0.0225 | Eval Perf: 0.7048
[94, 100] Train Error: 0.0026 | Train Perf: 0.963 | Eval Error: 0.0226 | Eval Perf: 0.7037
[95, 100] Train Error: 0.0026 | Train Perf: 0.9634 | Eval Error: 0.0233 | Eval Perf: 0.6969
[96, 100] Train Error: 0.0026 | Train Perf: 0.9633 | Eval Error: 0.023 | Eval Perf: 0.6946
[97, 100] Train Error: 0.0026 | Train Perf: 0.9643 | Eval Error: 0.023 | Eval Perf: 0.6983
[98, 100] Train Error: 0.0025 | Train Perf: 0.9645 | Eval Error: 0.0248 | Eval Perf: 0.692
[99, 100] Train Error: 0.0025 | Train Perf: 0.9648 | Eval Error: 0.0235 | Eval Perf: 0.6921
[100, 100] Train Error: 0.0025 | Train Perf: 0.9653 | Eval Error: 0.0254 | Eval Perf: 0.6903
