NETWORK SUMMARY
---------------
Input Layer shape: (1, 180)
Hidden Layer shape: (181, 5)
Output layer shape: (6, 1)
Total parameters: 911

[1, 100] Train Error: 0.0336 | Train Perf: 0.2784 | Eval Error: 0.0236 | Eval Perf: 0.6535
[2, 100] Train Error: 0.0197 | Train Perf: 0.682 | Eval Error: 0.0153 | Eval Perf: 0.7614
[3, 100] Train Error: 0.0158 | Train Perf: 0.7516 | Eval Error: 0.0161 | Eval Perf: 0.7627
[4, 100] Train Error: 0.0147 | Train Perf: 0.7731 | Eval Error: 0.0144 | Eval Perf: 0.7789
[5, 100] Train Error: 0.0142 | Train Perf: 0.7816 | Eval Error: 0.017 | Eval Perf: 0.7693
[6, 100] Train Error: 0.0133 | Train Perf: 0.7964 | Eval Error: 0.0139 | Eval Perf: 0.7879
[7, 100] Train Error: 0.0131 | Train Perf: 0.7997 | Eval Error: 0.0142 | Eval Perf: 0.7898
[8, 100] Train Error: 0.0124 | Train Perf: 0.8127 | Eval Error: 0.0139 | Eval Perf: 0.7875
[9, 100] Train Error: 0.0123 | Train Perf: 0.8142 | Eval Error: 0.0153 | Eval Perf: 0.7859
[10, 100] Train Error: 0.0122 | Train Perf: 0.8152 | Eval Error: 0.0146 | Eval Perf: 0.7848
[11, 100] Train Error: 0.0116 | Train Perf: 0.8262 | Eval Error: 0.0146 | Eval Perf: 0.7784
[12, 100] Train Error: 0.0113 | Train Perf: 0.8296 | Eval Error: 0.0144 | Eval Perf: 0.786
[13, 100] Train Error: 0.0111 | Train Perf: 0.8344 | Eval Error: 0.0142 | Eval Perf: 0.7891
[14, 100] Train Error: 0.0106 | Train Perf: 0.8415 | Eval Error: 0.015 | Eval Perf: 0.7867
[15, 100] Train Error: 0.0105 | Train Perf: 0.8434 | Eval Error: 0.0154 | Eval Perf: 0.7847
[16, 100] Train Error: 0.0101 | Train Perf: 0.8493 | Eval Error: 0.0168 | Eval Perf: 0.7779
[17, 100] Train Error: 0.0099 | Train Perf: 0.8535 | Eval Error: 0.0149 | Eval Perf: 0.7823
[18, 100] Train Error: 0.0096 | Train Perf: 0.8579 | Eval Error: 0.0146 | Eval Perf: 0.7827
[19, 100] Train Error: 0.0096 | Train Perf: 0.8587 | Eval Error: 0.0153 | Eval Perf: 0.7746
[20, 100] Train Error: 0.0092 | Train Perf: 0.8641 | Eval Error: 0.0165 | Eval Perf: 0.7765
[21, 100] Train Error: 0.0091 | Train Perf: 0.8661 | Eval Error: 0.0156 | Eval Perf: 0.7745
[22, 100] Train Error: 0.0088 | Train Perf: 0.8705 | Eval Error: 0.0153 | Eval Perf: 0.7734
[23, 100] Train Error: 0.0084 | Train Perf: 0.8765 | Eval Error: 0.0161 | Eval Perf: 0.7679
[24, 100] Train Error: 0.0084 | Train Perf: 0.8777 | Eval Error: 0.0159 | Eval Perf: 0.7689
[25, 100] Train Error: 0.0083 | Train Perf: 0.879 | Eval Error: 0.0159 | Eval Perf: 0.769
[26, 100] Train Error: 0.008 | Train Perf: 0.8836 | Eval Error: 0.018 | Eval Perf: 0.7626
[27, 100] Train Error: 0.0078 | Train Perf: 0.8869 | Eval Error: 0.0166 | Eval Perf: 0.7627
[28, 100] Train Error: 0.0076 | Train Perf: 0.8901 | Eval Error: 0.0168 | Eval Perf: 0.7578
[29, 100] Train Error: 0.0073 | Train Perf: 0.8947 | Eval Error: 0.0181 | Eval Perf: 0.765
[30, 100] Train Error: 0.0074 | Train Perf: 0.893 | Eval Error: 0.0174 | Eval Perf: 0.7584
[31, 100] Train Error: 0.007 | Train Perf: 0.8989 | Eval Error: 0.0171 | Eval Perf: 0.7559
[32, 100] Train Error: 0.0069 | Train Perf: 0.8997 | Eval Error: 0.0176 | Eval Perf: 0.7567
[33, 100] Train Error: 0.0068 | Train Perf: 0.9018 | Eval Error: 0.0182 | Eval Perf: 0.7526
[34, 100] Train Error: 0.0067 | Train Perf: 0.9037 | Eval Error: 0.0177 | Eval Perf: 0.7486
[35, 100] Train Error: 0.0065 | Train Perf: 0.9059 | Eval Error: 0.0172 | Eval Perf: 0.7573
[36, 100] Train Error: 0.0065 | Train Perf: 0.9069 | Eval Error: 0.018 | Eval Perf: 0.7522
[37, 100] Train Error: 0.0063 | Train Perf: 0.9088 | Eval Error: 0.0176 | Eval Perf: 0.7548
[38, 100] Train Error: 0.0061 | Train Perf: 0.9117 | Eval Error: 0.019 | Eval Perf: 0.7503
[39, 100] Train Error: 0.0062 | Train Perf: 0.9112 | Eval Error: 0.0183 | Eval Perf: 0.7472
[40, 100] Train Error: 0.0059 | Train Perf: 0.9151 | Eval Error: 0.0181 | Eval Perf: 0.7493
[41, 100] Train Error: 0.0059 | Train Perf: 0.9157 | Eval Error: 0.019 | Eval Perf: 0.7507
[42, 100] Train Error: 0.0056 | Train Perf: 0.9193 | Eval Error: 0.0197 | Eval Perf: 0.7501
[43, 100] Train Error: 0.0056 | Train Perf: 0.9206 | Eval Error: 0.0184 | Eval Perf: 0.7451
[44, 100] Train Error: 0.0054 | Train Perf: 0.9236 | Eval Error: 0.0189 | Eval Perf: 0.7441
[45, 100] Train Error: 0.0053 | Train Perf: 0.9244 | Eval Error: 0.0194 | Eval Perf: 0.743
[46, 100] Train Error: 0.0052 | Train Perf: 0.9259 | Eval Error: 0.0196 | Eval Perf: 0.7355
[47, 100] Train Error: 0.005 | Train Perf: 0.9285 | Eval Error: 0.0195 | Eval Perf: 0.7341
[48, 100] Train Error: 0.005 | Train Perf: 0.9287 | Eval Error: 0.0205 | Eval Perf: 0.7324
[49, 100] Train Error: 0.0048 | Train Perf: 0.9316 | Eval Error: 0.0213 | Eval Perf: 0.733
[50, 100] Train Error: 0.0048 | Train Perf: 0.9319 | Eval Error: 0.0215 | Eval Perf: 0.7294
[51, 100] Train Error: 0.0046 | Train Perf: 0.9341 | Eval Error: 0.02 | Eval Perf: 0.7331
[52, 100] Train Error: 0.0045 | Train Perf: 0.936 | Eval Error: 0.0199 | Eval Perf: 0.7336
[53, 100] Train Error: 0.0045 | Train Perf: 0.9363 | Eval Error: 0.0205 | Eval Perf: 0.7313
[54, 100] Train Error: 0.0045 | Train Perf: 0.9368 | Eval Error: 0.0208 | Eval Perf: 0.7296
[55, 100] Train Error: 0.0043 | Train Perf: 0.9395 | Eval Error: 0.0203 | Eval Perf: 0.7265
[56, 100] Train Error: 0.0043 | Train Perf: 0.9394 | Eval Error: 0.0206 | Eval Perf: 0.7239
[57, 100] Train Error: 0.0041 | Train Perf: 0.9414 | Eval Error: 0.0203 | Eval Perf: 0.7276
[58, 100] Train Error: 0.0041 | Train Perf: 0.9426 | Eval Error: 0.0209 | Eval Perf: 0.7301
[59, 100] Train Error: 0.0041 | Train Perf: 0.9425 | Eval Error: 0.0205 | Eval Perf: 0.7282
[60, 100] Train Error: 0.004 | Train Perf: 0.9438 | Eval Error: 0.0204 | Eval Perf: 0.7297
[61, 100] Train Error: 0.004 | Train Perf: 0.9443 | Eval Error: 0.021 | Eval Perf: 0.7251
[62, 100] Train Error: 0.0039 | Train Perf: 0.9452 | Eval Error: 0.0207 | Eval Perf: 0.7242
[63, 100] Train Error: 0.0038 | Train Perf: 0.9465 | Eval Error: 0.0213 | Eval Perf: 0.7166
[64, 100] Train Error: 0.0037 | Train Perf: 0.9477 | Eval Error: 0.0201 | Eval Perf: 0.7289
[65, 100] Train Error: 0.0037 | Train Perf: 0.9483 | Eval Error: 0.0211 | Eval Perf: 0.7227
[66, 100] Train Error: 0.0036 | Train Perf: 0.9493 | Eval Error: 0.0207 | Eval Perf: 0.7239
[67, 100] Train Error: 0.0037 | Train Perf: 0.9486 | Eval Error: 0.0211 | Eval Perf: 0.7244
[68, 100] Train Error: 0.0035 | Train Perf: 0.9501 | Eval Error: 0.021 | Eval Perf: 0.7222
[69, 100] Train Error: 0.0035 | Train Perf: 0.9513 | Eval Error: 0.0209 | Eval Perf: 0.7195
[70, 100] Train Error: 0.0035 | Train Perf: 0.9513 | Eval Error: 0.0216 | Eval Perf: 0.7178
[71, 100] Train Error: 0.0034 | Train Perf: 0.9516 | Eval Error: 0.0216 | Eval Perf: 0.7111
[72, 100] Train Error: 0.0034 | Train Perf: 0.9529 | Eval Error: 0.0218 | Eval Perf: 0.7179
[73, 100] Train Error: 0.0034 | Train Perf: 0.9527 | Eval Error: 0.0219 | Eval Perf: 0.7098
[74, 100] Train Error: 0.0033 | Train Perf: 0.9537 | Eval Error: 0.0221 | Eval Perf: 0.7087
[75, 100] Train Error: 0.0033 | Train Perf: 0.9543 | Eval Error: 0.0218 | Eval Perf: 0.714
[76, 100] Train Error: 0.0032 | Train Perf: 0.9544 | Eval Error: 0.022 | Eval Perf: 0.7157
[77, 100] Train Error: 0.0032 | Train Perf: 0.9557 | Eval Error: 0.022 | Eval Perf: 0.7053
[78, 100] Train Error: 0.0032 | Train Perf: 0.9552 | Eval Error: 0.0219 | Eval Perf: 0.7165
[79, 100] Train Error: 0.0032 | Train Perf: 0.9556 | Eval Error: 0.022 | Eval Perf: 0.7052
[80, 100] Train Error: 0.0031 | Train Perf: 0.9571 | Eval Error: 0.0236 | Eval Perf: 0.7031
[81, 100] Train Error: 0.0031 | Train Perf: 0.9569 | Eval Error: 0.0223 | Eval Perf: 0.7059
[82, 100] Train Error: 0.0031 | Train Perf: 0.9571 | Eval Error: 0.0224 | Eval Perf: 0.7059
[83, 100] Train Error: 0.003 | Train Perf: 0.9579 | Eval Error: 0.0221 | Eval Perf: 0.7045
[84, 100] Train Error: 0.003 | Train Perf: 0.9578 | Eval Error: 0.0223 | Eval Perf: 0.707
[85, 100] Train Error: 0.0029 | Train Perf: 0.959 | Eval Error: 0.0233 | Eval Perf: 0.699
[86, 100] Train Error: 0.0029 | Train Perf: 0.959 | Eval Error: 0.0231 | Eval Perf: 0.7004
[87, 100] Train Error: 0.0028 | Train Perf: 0.9602 | Eval Error: 0.0238 | Eval Perf: 0.6974
[88, 100] Train Error: 0.0029 | Train Perf: 0.9597 | Eval Error: 0.0236 | Eval Perf: 0.7037
[89, 100] Train Error: 0.0028 | Train Perf: 0.9604 | Eval Error: 0.0226 | Eval Perf: 0.7042
[90, 100] Train Error: 0.0028 | Train Perf: 0.9614 | Eval Error: 0.024 | Eval Perf: 0.7004
[91, 100] Train Error: 0.0028 | Train Perf: 0.9611 | Eval Error: 0.0229 | Eval Perf: 0.6974
[92, 100] Train Error: 0.0028 | Train Perf: 0.9613 | Eval Error: 0.0228 | Eval Perf: 0.6993
[93, 100] Train Error: 0.0028 | Train Perf: 0.9613 | Eval Error: 0.023 | Eval Perf: 0.6957
[94, 100] Train Error: 0.0027 | Train Perf: 0.9623 | Eval Error: 0.0237 | Eval Perf: 0.6961
[95, 100] Train Error: 0.0027 | Train Perf: 0.9625 | Eval Error: 0.0237 | Eval Perf: 0.6936
[96, 100] Train Error: 0.0027 | Train Perf: 0.962 | Eval Error: 0.0238 | Eval Perf: 0.6963
[97, 100] Train Error: 0.0026 | Train Perf: 0.9632 | Eval Error: 0.0244 | Eval Perf: 0.6865
[98, 100] Train Error: 0.0026 | Train Perf: 0.9634 | Eval Error: 0.0239 | Eval Perf: 0.6897
[99, 100] Train Error: 0.0026 | Train Perf: 0.9637 | Eval Error: 0.0243 | Eval Perf: 0.6895
[100, 100] Train Error: 0.0026 | Train Perf: 0.9639 | Eval Error: 0.0256 | Eval Perf: 0.6852
