NETWORK SUMMARY
---------------
Input Layer shape: (1, 180)
Hidden Layer shape: (181, 5)
Output layer shape: (6, 1)
Total parameters: 911

[1, 100] Train Error: 0.0136 | Train Perf: 0.1973 | Eval Error: 0.0103 | Eval Perf: 0.688
[2, 100] Train Error: 0.0091 | Train Perf: 0.6365 | Eval Error: 0.0066 | Eval Perf: 0.7435
[3, 100] Train Error: 0.0066 | Train Perf: 0.7343 | Eval Error: 0.0064 | Eval Perf: 0.7914
[4, 100] Train Error: 0.0054 | Train Perf: 0.7875 | Eval Error: 0.0052 | Eval Perf: 0.7989
[5, 100] Train Error: 0.0047 | Train Perf: 0.8199 | Eval Error: 0.0048 | Eval Perf: 0.8161
[6, 100] Train Error: 0.0043 | Train Perf: 0.8413 | Eval Error: 0.005 | Eval Perf: 0.8278
[7, 100] Train Error: 0.0039 | Train Perf: 0.8574 | Eval Error: 0.0042 | Eval Perf: 0.8334
[8, 100] Train Error: 0.0036 | Train Perf: 0.8695 | Eval Error: 0.0041 | Eval Perf: 0.8406
[9, 100] Train Error: 0.0034 | Train Perf: 0.8763 | Eval Error: 0.004 | Eval Perf: 0.8448
[10, 100] Train Error: 0.0033 | Train Perf: 0.8812 | Eval Error: 0.0041 | Eval Perf: 0.8541
[11, 100] Train Error: 0.0031 | Train Perf: 0.8895 | Eval Error: 0.0039 | Eval Perf: 0.8551
[12, 100] Train Error: 0.0028 | Train Perf: 0.9006 | Eval Error: 0.0046 | Eval Perf: 0.8688
[13, 100] Train Error: 0.0028 | Train Perf: 0.8999 | Eval Error: 0.0036 | Eval Perf: 0.8599
[14, 100] Train Error: 0.0026 | Train Perf: 0.9065 | Eval Error: 0.0042 | Eval Perf: 0.8552
[15, 100] Train Error: 0.0025 | Train Perf: 0.9091 | Eval Error: 0.0036 | Eval Perf: 0.8588
[16, 100] Train Error: 0.0024 | Train Perf: 0.9109 | Eval Error: 0.0035 | Eval Perf: 0.8635
[17, 100] Train Error: 0.0024 | Train Perf: 0.9139 | Eval Error: 0.0035 | Eval Perf: 0.8667
[18, 100] Train Error: 0.0023 | Train Perf: 0.9172 | Eval Error: 0.0034 | Eval Perf: 0.8691
[19, 100] Train Error: 0.0022 | Train Perf: 0.9188 | Eval Error: 0.0033 | Eval Perf: 0.8732
[20, 100] Train Error: 0.0021 | Train Perf: 0.9228 | Eval Error: 0.0034 | Eval Perf: 0.8747
[21, 100] Train Error: 0.0021 | Train Perf: 0.9245 | Eval Error: 0.004 | Eval Perf: 0.8695
[22, 100] Train Error: 0.002 | Train Perf: 0.9275 | Eval Error: 0.0034 | Eval Perf: 0.8766
[23, 100] Train Error: 0.002 | Train Perf: 0.9277 | Eval Error: 0.0032 | Eval Perf: 0.8798
[24, 100] Train Error: 0.0019 | Train Perf: 0.9307 | Eval Error: 0.0032 | Eval Perf: 0.8766
[25, 100] Train Error: 0.0019 | Train Perf: 0.9316 | Eval Error: 0.0031 | Eval Perf: 0.8785
[26, 100] Train Error: 0.0018 | Train Perf: 0.9335 | Eval Error: 0.0032 | Eval Perf: 0.8781
[27, 100] Train Error: 0.0018 | Train Perf: 0.9343 | Eval Error: 0.0031 | Eval Perf: 0.88
[28, 100] Train Error: 0.0018 | Train Perf: 0.9359 | Eval Error: 0.0033 | Eval Perf: 0.8793
[29, 100] Train Error: 0.0017 | Train Perf: 0.938 | Eval Error: 0.0031 | Eval Perf: 0.8794
[30, 100] Train Error: 0.0017 | Train Perf: 0.9371 | Eval Error: 0.0032 | Eval Perf: 0.882
[31, 100] Train Error: 0.0017 | Train Perf: 0.9384 | Eval Error: 0.0031 | Eval Perf: 0.8808
[32, 100] Train Error: 0.0017 | Train Perf: 0.9388 | Eval Error: 0.0033 | Eval Perf: 0.88
[33, 100] Train Error: 0.0016 | Train Perf: 0.9403 | Eval Error: 0.0032 | Eval Perf: 0.88
[34, 100] Train Error: 0.0016 | Train Perf: 0.9412 | Eval Error: 0.0034 | Eval Perf: 0.8798
[35, 100] Train Error: 0.0016 | Train Perf: 0.9422 | Eval Error: 0.0033 | Eval Perf: 0.8792
[36, 100] Train Error: 0.0016 | Train Perf: 0.9416 | Eval Error: 0.0032 | Eval Perf: 0.8769
[37, 100] Train Error: 0.0016 | Train Perf: 0.9433 | Eval Error: 0.0032 | Eval Perf: 0.8798
[38, 100] Train Error: 0.0015 | Train Perf: 0.9445 | Eval Error: 0.0031 | Eval Perf: 0.8794
[39, 100] Train Error: 0.0015 | Train Perf: 0.9464 | Eval Error: 0.0032 | Eval Perf: 0.8784
[40, 100] Train Error: 0.0015 | Train Perf: 0.9461 | Eval Error: 0.0035 | Eval Perf: 0.878
[41, 100] Train Error: 0.0015 | Train Perf: 0.9462 | Eval Error: 0.0034 | Eval Perf: 0.8799
[42, 100] Train Error: 0.0015 | Train Perf: 0.9469 | Eval Error: 0.0031 | Eval Perf: 0.8808
[43, 100] Train Error: 0.0014 | Train Perf: 0.9482 | Eval Error: 0.0033 | Eval Perf: 0.8802
[44, 100] Train Error: 0.0014 | Train Perf: 0.9486 | Eval Error: 0.0033 | Eval Perf: 0.8813
[45, 100] Train Error: 0.0014 | Train Perf: 0.9502 | Eval Error: 0.0033 | Eval Perf: 0.8819
[46, 100] Train Error: 0.0014 | Train Perf: 0.9501 | Eval Error: 0.0034 | Eval Perf: 0.8799
[47, 100] Train Error: 0.0014 | Train Perf: 0.9491 | Eval Error: 0.0032 | Eval Perf: 0.879
[48, 100] Train Error: 0.0014 | Train Perf: 0.9505 | Eval Error: 0.0033 | Eval Perf: 0.8771
[49, 100] Train Error: 0.0013 | Train Perf: 0.9527 | Eval Error: 0.0032 | Eval Perf: 0.8779
[50, 100] Train Error: 0.0013 | Train Perf: 0.9519 | Eval Error: 0.0032 | Eval Perf: 0.8789
[51, 100] Train Error: 0.0013 | Train Perf: 0.9537 | Eval Error: 0.0031 | Eval Perf: 0.8799
[52, 100] Train Error: 0.0013 | Train Perf: 0.9537 | Eval Error: 0.0033 | Eval Perf: 0.8759
[53, 100] Train Error: 0.0013 | Train Perf: 0.9532 | Eval Error: 0.0032 | Eval Perf: 0.8794
[54, 100] Train Error: 0.0012 | Train Perf: 0.9551 | Eval Error: 0.0033 | Eval Perf: 0.8771
[55, 100] Train Error: 0.0012 | Train Perf: 0.9562 | Eval Error: 0.0032 | Eval Perf: 0.8784
[56, 100] Train Error: 0.0012 | Train Perf: 0.9568 | Eval Error: 0.0032 | Eval Perf: 0.8786
[57, 100] Train Error: 0.0012 | Train Perf: 0.9562 | Eval Error: 0.0032 | Eval Perf: 0.8781
[58, 100] Train Error: 0.0012 | Train Perf: 0.9569 | Eval Error: 0.0033 | Eval Perf: 0.8798
[59, 100] Train Error: 0.0012 | Train Perf: 0.9576 | Eval Error: 0.0035 | Eval Perf: 0.8779
[60, 100] Train Error: 0.0012 | Train Perf: 0.9584 | Eval Error: 0.0033 | Eval Perf: 0.8766
[61, 100] Train Error: 0.0011 | Train Perf: 0.9588 | Eval Error: 0.0034 | Eval Perf: 0.8789
[62, 100] Train Error: 0.0011 | Train Perf: 0.959 | Eval Error: 0.0033 | Eval Perf: 0.8798
[63, 100] Train Error: 0.0011 | Train Perf: 0.9594 | Eval Error: 0.0032 | Eval Perf: 0.8822
[64, 100] Train Error: 0.0011 | Train Perf: 0.9604 | Eval Error: 0.0032 | Eval Perf: 0.8769
[65, 100] Train Error: 0.0011 | Train Perf: 0.961 | Eval Error: 0.0032 | Eval Perf: 0.8776
[66, 100] Train Error: 0.0011 | Train Perf: 0.9609 | Eval Error: 0.0032 | Eval Perf: 0.8783
[67, 100] Train Error: 0.0011 | Train Perf: 0.9609 | Eval Error: 0.0034 | Eval Perf: 0.8796
[68, 100] Train Error: 0.001 | Train Perf: 0.9624 | Eval Error: 0.0032 | Eval Perf: 0.879
[69, 100] Train Error: 0.001 | Train Perf: 0.9624 | Eval Error: 0.0033 | Eval Perf: 0.8799
[70, 100] Train Error: 0.001 | Train Perf: 0.9628 | Eval Error: 0.0033 | Eval Perf: 0.8805
[71, 100] Train Error: 0.001 | Train Perf: 0.9626 | Eval Error: 0.0032 | Eval Perf: 0.8796
[72, 100] Train Error: 0.001 | Train Perf: 0.9637 | Eval Error: 0.0032 | Eval Perf: 0.8814
[73, 100] Train Error: 0.001 | Train Perf: 0.9639 | Eval Error: 0.0031 | Eval Perf: 0.88
[74, 100] Train Error: 0.001 | Train Perf: 0.9641 | Eval Error: 0.0032 | Eval Perf: 0.8805
[75, 100] Train Error: 0.001 | Train Perf: 0.9646 | Eval Error: 0.0032 | Eval Perf: 0.8811
[76, 100] Train Error: 0.001 | Train Perf: 0.9647 | Eval Error: 0.0033 | Eval Perf: 0.8806
[77, 100] Train Error: 0.0009 | Train Perf: 0.966 | Eval Error: 0.0032 | Eval Perf: 0.8783
[78, 100] Train Error: 0.0009 | Train Perf: 0.9663 | Eval Error: 0.0032 | Eval Perf: 0.8811
[79, 100] Train Error: 0.0009 | Train Perf: 0.9673 | Eval Error: 0.0034 | Eval Perf: 0.8817
[80, 100] Train Error: 0.0009 | Train Perf: 0.9671 | Eval Error: 0.0032 | Eval Perf: 0.88
[81, 100] Train Error: 0.0009 | Train Perf: 0.9668 | Eval Error: 0.0032 | Eval Perf: 0.8796
[82, 100] Train Error: 0.0009 | Train Perf: 0.9673 | Eval Error: 0.0033 | Eval Perf: 0.8814
[83, 100] Train Error: 0.0009 | Train Perf: 0.9675 | Eval Error: 0.0032 | Eval Perf: 0.8802
[84, 100] Train Error: 0.0009 | Train Perf: 0.9677 | Eval Error: 0.0032 | Eval Perf: 0.8809
[85, 100] Train Error: 0.0009 | Train Perf: 0.9686 | Eval Error: 0.0033 | Eval Perf: 0.8818
[86, 100] Train Error: 0.0009 | Train Perf: 0.969 | Eval Error: 0.0032 | Eval Perf: 0.879
[87, 100] Train Error: 0.0009 | Train Perf: 0.9695 | Eval Error: 0.0033 | Eval Perf: 0.8775
[88, 100] Train Error: 0.0008 | Train Perf: 0.9695 | Eval Error: 0.0034 | Eval Perf: 0.8791
[89, 100] Train Error: 0.0008 | Train Perf: 0.9699 | Eval Error: 0.0032 | Eval Perf: 0.8796
[90, 100] Train Error: 0.0008 | Train Perf: 0.9702 | Eval Error: 0.0033 | Eval Perf: 0.8791
[91, 100] Train Error: 0.0008 | Train Perf: 0.9708 | Eval Error: 0.0032 | Eval Perf: 0.8785
[92, 100] Train Error: 0.0008 | Train Perf: 0.9707 | Eval Error: 0.0032 | Eval Perf: 0.8768
[93, 100] Train Error: 0.0008 | Train Perf: 0.9707 | Eval Error: 0.0033 | Eval Perf: 0.8798
[94, 100] Train Error: 0.0008 | Train Perf: 0.9712 | Eval Error: 0.0032 | Eval Perf: 0.8778
[95, 100] Train Error: 0.0008 | Train Perf: 0.9719 | Eval Error: 0.0033 | Eval Perf: 0.878
[96, 100] Train Error: 0.0008 | Train Perf: 0.9718 | Eval Error: 0.0032 | Eval Perf: 0.8777
[97, 100] Train Error: 0.0008 | Train Perf: 0.9724 | Eval Error: 0.0032 | Eval Perf: 0.8767
[98, 100] Train Error: 0.0008 | Train Perf: 0.9727 | Eval Error: 0.0033 | Eval Perf: 0.8776
[99, 100] Train Error: 0.0008 | Train Perf: 0.9729 | Eval Error: 0.0033 | Eval Perf: 0.878
[100, 100] Train Error: 0.0008 | Train Perf: 0.973 | Eval Error: 0.0034 | Eval Perf: 0.8793
