NETWORK SUMMARY
---------------
Input Layer shape: (1, 180)
Hidden Layer shape: (181, 5)
Output layer shape: (6, 1)
Total parameters: 911

[1, 100] Train Error: 0.0254 | Train Perf: 0.1437 | Eval Error: 0.0206 | Eval Perf: 0.6806
[2, 100] Train Error: 0.0179 | Train Perf: 0.6812 | Eval Error: 0.0149 | Eval Perf: 0.7256
[3, 100] Train Error: 0.0132 | Train Perf: 0.7353 | Eval Error: 0.0119 | Eval Perf: 0.7417
[4, 100] Train Error: 0.0111 | Train Perf: 0.7591 | Eval Error: 0.0109 | Eval Perf: 0.7571
[5, 100] Train Error: 0.01 | Train Perf: 0.7806 | Eval Error: 0.0103 | Eval Perf: 0.7682
[6, 100] Train Error: 0.0095 | Train Perf: 0.7918 | Eval Error: 0.0104 | Eval Perf: 0.7832
[7, 100] Train Error: 0.009 | Train Perf: 0.8049 | Eval Error: 0.0094 | Eval Perf: 0.7917
[8, 100] Train Error: 0.0085 | Train Perf: 0.8158 | Eval Error: 0.0091 | Eval Perf: 0.7961
[9, 100] Train Error: 0.0081 | Train Perf: 0.8245 | Eval Error: 0.0087 | Eval Perf: 0.8087
[10, 100] Train Error: 0.0077 | Train Perf: 0.8339 | Eval Error: 0.0085 | Eval Perf: 0.8194
[11, 100] Train Error: 0.0073 | Train Perf: 0.8431 | Eval Error: 0.0082 | Eval Perf: 0.8187
[12, 100] Train Error: 0.0071 | Train Perf: 0.8481 | Eval Error: 0.0081 | Eval Perf: 0.8217
[13, 100] Train Error: 0.007 | Train Perf: 0.8513 | Eval Error: 0.0078 | Eval Perf: 0.8307
[14, 100] Train Error: 0.0067 | Train Perf: 0.8567 | Eval Error: 0.0079 | Eval Perf: 0.8274
[15, 100] Train Error: 0.0066 | Train Perf: 0.8609 | Eval Error: 0.0077 | Eval Perf: 0.832
[16, 100] Train Error: 0.0064 | Train Perf: 0.8648 | Eval Error: 0.0076 | Eval Perf: 0.8352
[17, 100] Train Error: 0.0062 | Train Perf: 0.868 | Eval Error: 0.0077 | Eval Perf: 0.8409
[18, 100] Train Error: 0.0062 | Train Perf: 0.8696 | Eval Error: 0.0075 | Eval Perf: 0.8413
[19, 100] Train Error: 0.006 | Train Perf: 0.8727 | Eval Error: 0.0074 | Eval Perf: 0.8405
[20, 100] Train Error: 0.0059 | Train Perf: 0.8748 | Eval Error: 0.0076 | Eval Perf: 0.8418
[21, 100] Train Error: 0.0059 | Train Perf: 0.8769 | Eval Error: 0.0076 | Eval Perf: 0.837
[22, 100] Train Error: 0.0058 | Train Perf: 0.8787 | Eval Error: 0.0077 | Eval Perf: 0.8356
[23, 100] Train Error: 0.0056 | Train Perf: 0.882 | Eval Error: 0.0074 | Eval Perf: 0.8397
[24, 100] Train Error: 0.0056 | Train Perf: 0.8826 | Eval Error: 0.0074 | Eval Perf: 0.8405
[25, 100] Train Error: 0.0055 | Train Perf: 0.885 | Eval Error: 0.0075 | Eval Perf: 0.8389
[26, 100] Train Error: 0.0055 | Train Perf: 0.8847 | Eval Error: 0.0075 | Eval Perf: 0.8419
[27, 100] Train Error: 0.0054 | Train Perf: 0.8862 | Eval Error: 0.0074 | Eval Perf: 0.8406
[28, 100] Train Error: 0.0054 | Train Perf: 0.8876 | Eval Error: 0.0074 | Eval Perf: 0.842
[29, 100] Train Error: 0.0053 | Train Perf: 0.8892 | Eval Error: 0.0074 | Eval Perf: 0.8411
[30, 100] Train Error: 0.0053 | Train Perf: 0.8903 | Eval Error: 0.0075 | Eval Perf: 0.8397
[31, 100] Train Error: 0.0052 | Train Perf: 0.8912 | Eval Error: 0.0074 | Eval Perf: 0.8407
[32, 100] Train Error: 0.0051 | Train Perf: 0.8934 | Eval Error: 0.0078 | Eval Perf: 0.8457
[33, 100] Train Error: 0.0051 | Train Perf: 0.8946 | Eval Error: 0.0074 | Eval Perf: 0.841
[34, 100] Train Error: 0.0051 | Train Perf: 0.8947 | Eval Error: 0.0074 | Eval Perf: 0.8419
[35, 100] Train Error: 0.005 | Train Perf: 0.8957 | Eval Error: 0.0074 | Eval Perf: 0.8413
[36, 100] Train Error: 0.0049 | Train Perf: 0.8974 | Eval Error: 0.0074 | Eval Perf: 0.8427
[37, 100] Train Error: 0.0048 | Train Perf: 0.8998 | Eval Error: 0.0074 | Eval Perf: 0.843
[38, 100] Train Error: 0.0049 | Train Perf: 0.8994 | Eval Error: 0.0074 | Eval Perf: 0.8415
[39, 100] Train Error: 0.0048 | Train Perf: 0.9004 | Eval Error: 0.0074 | Eval Perf: 0.8433
[40, 100] Train Error: 0.0048 | Train Perf: 0.9008 | Eval Error: 0.0074 | Eval Perf: 0.8423
[41, 100] Train Error: 0.0047 | Train Perf: 0.9026 | Eval Error: 0.0075 | Eval Perf: 0.8395
[42, 100] Train Error: 0.0047 | Train Perf: 0.9031 | Eval Error: 0.0074 | Eval Perf: 0.8417
[43, 100] Train Error: 0.0047 | Train Perf: 0.9033 | Eval Error: 0.0074 | Eval Perf: 0.8428
[44, 100] Train Error: 0.0046 | Train Perf: 0.9055 | Eval Error: 0.0077 | Eval Perf: 0.8389
[45, 100] Train Error: 0.0045 | Train Perf: 0.9072 | Eval Error: 0.0075 | Eval Perf: 0.8402
[46, 100] Train Error: 0.0045 | Train Perf: 0.9064 | Eval Error: 0.0075 | Eval Perf: 0.8418
[47, 100] Train Error: 0.0045 | Train Perf: 0.9071 | Eval Error: 0.0075 | Eval Perf: 0.8395
[48, 100] Train Error: 0.0044 | Train Perf: 0.9089 | Eval Error: 0.0076 | Eval Perf: 0.8408
[49, 100] Train Error: 0.0044 | Train Perf: 0.9088 | Eval Error: 0.0074 | Eval Perf: 0.8427
[50, 100] Train Error: 0.0044 | Train Perf: 0.9092 | Eval Error: 0.0075 | Eval Perf: 0.8408
[51, 100] Train Error: 0.0043 | Train Perf: 0.9103 | Eval Error: 0.0075 | Eval Perf: 0.8394
[52, 100] Train Error: 0.0043 | Train Perf: 0.9118 | Eval Error: 0.0075 | Eval Perf: 0.8392
[53, 100] Train Error: 0.0043 | Train Perf: 0.9113 | Eval Error: 0.0076 | Eval Perf: 0.8387
[54, 100] Train Error: 0.0042 | Train Perf: 0.9135 | Eval Error: 0.008 | Eval Perf: 0.8367
[55, 100] Train Error: 0.0042 | Train Perf: 0.9133 | Eval Error: 0.0076 | Eval Perf: 0.8394
[56, 100] Train Error: 0.0041 | Train Perf: 0.9156 | Eval Error: 0.0076 | Eval Perf: 0.8399
[57, 100] Train Error: 0.0041 | Train Perf: 0.915 | Eval Error: 0.0076 | Eval Perf: 0.837
[58, 100] Train Error: 0.0041 | Train Perf: 0.9158 | Eval Error: 0.0079 | Eval Perf: 0.8351
[59, 100] Train Error: 0.004 | Train Perf: 0.9168 | Eval Error: 0.0078 | Eval Perf: 0.8344
[60, 100] Train Error: 0.004 | Train Perf: 0.9177 | Eval Error: 0.0078 | Eval Perf: 0.836
[61, 100] Train Error: 0.004 | Train Perf: 0.9176 | Eval Error: 0.0077 | Eval Perf: 0.8352
[62, 100] Train Error: 0.0039 | Train Perf: 0.92 | Eval Error: 0.0078 | Eval Perf: 0.8354
[63, 100] Train Error: 0.004 | Train Perf: 0.9187 | Eval Error: 0.0078 | Eval Perf: 0.8357
[64, 100] Train Error: 0.0039 | Train Perf: 0.9199 | Eval Error: 0.0077 | Eval Perf: 0.8371
[65, 100] Train Error: 0.0039 | Train Perf: 0.9204 | Eval Error: 0.0077 | Eval Perf: 0.8368
[66, 100] Train Error: 0.0039 | Train Perf: 0.9205 | Eval Error: 0.0077 | Eval Perf: 0.837
[67, 100] Train Error: 0.0038 | Train Perf: 0.9218 | Eval Error: 0.0079 | Eval Perf: 0.8336
[68, 100] Train Error: 0.0037 | Train Perf: 0.9239 | Eval Error: 0.0078 | Eval Perf: 0.8355
[69, 100] Train Error: 0.0038 | Train Perf: 0.9225 | Eval Error: 0.0077 | Eval Perf: 0.8366
[70, 100] Train Error: 0.0037 | Train Perf: 0.9248 | Eval Error: 0.0084 | Eval Perf: 0.8328
[71, 100] Train Error: 0.0037 | Train Perf: 0.9239 | Eval Error: 0.0077 | Eval Perf: 0.8364
[72, 100] Train Error: 0.0037 | Train Perf: 0.9245 | Eval Error: 0.0079 | Eval Perf: 0.8345
[73, 100] Train Error: 0.0036 | Train Perf: 0.9255 | Eval Error: 0.0079 | Eval Perf: 0.8353
[74, 100] Train Error: 0.0036 | Train Perf: 0.9254 | Eval Error: 0.0078 | Eval Perf: 0.836
[75, 100] Train Error: 0.0036 | Train Perf: 0.9263 | Eval Error: 0.0079 | Eval Perf: 0.834
[76, 100] Train Error: 0.0035 | Train Perf: 0.9278 | Eval Error: 0.0082 | Eval Perf: 0.8325
[77, 100] Train Error: 0.0035 | Train Perf: 0.9272 | Eval Error: 0.0079 | Eval Perf: 0.8325
[78, 100] Train Error: 0.0035 | Train Perf: 0.9277 | Eval Error: 0.0079 | Eval Perf: 0.8333
[79, 100] Train Error: 0.0035 | Train Perf: 0.9286 | Eval Error: 0.0079 | Eval Perf: 0.833
[80, 100] Train Error: 0.0034 | Train Perf: 0.9294 | Eval Error: 0.008 | Eval Perf: 0.8327
[81, 100] Train Error: 0.0034 | Train Perf: 0.9302 | Eval Error: 0.0085 | Eval Perf: 0.831
[82, 100] Train Error: 0.0034 | Train Perf: 0.9303 | Eval Error: 0.0079 | Eval Perf: 0.8325
[83, 100] Train Error: 0.0034 | Train Perf: 0.9311 | Eval Error: 0.0081 | Eval Perf: 0.8318
[84, 100] Train Error: 0.0034 | Train Perf: 0.9314 | Eval Error: 0.008 | Eval Perf: 0.8316
[85, 100] Train Error: 0.0033 | Train Perf: 0.9318 | Eval Error: 0.0082 | Eval Perf: 0.8287
[86, 100] Train Error: 0.0033 | Train Perf: 0.9322 | Eval Error: 0.0081 | Eval Perf: 0.8285
[87, 100] Train Error: 0.0032 | Train Perf: 0.9339 | Eval Error: 0.0082 | Eval Perf: 0.831
[88, 100] Train Error: 0.0033 | Train Perf: 0.9332 | Eval Error: 0.008 | Eval Perf: 0.832
[89, 100] Train Error: 0.0032 | Train Perf: 0.9347 | Eval Error: 0.0081 | Eval Perf: 0.8317
[90, 100] Train Error: 0.0032 | Train Perf: 0.9346 | Eval Error: 0.0082 | Eval Perf: 0.8315
[91, 100] Train Error: 0.0032 | Train Perf: 0.9356 | Eval Error: 0.0081 | Eval Perf: 0.83
[92, 100] Train Error: 0.0031 | Train Perf: 0.9359 | Eval Error: 0.0083 | Eval Perf: 0.8307
[93, 100] Train Error: 0.0031 | Train Perf: 0.9361 | Eval Error: 0.0081 | Eval Perf: 0.8312
[94, 100] Train Error: 0.0031 | Train Perf: 0.9367 | Eval Error: 0.0081 | Eval Perf: 0.8314
[95, 100] Train Error: 0.0031 | Train Perf: 0.9366 | Eval Error: 0.0081 | Eval Perf: 0.8307
[96, 100] Train Error: 0.003 | Train Perf: 0.9384 | Eval Error: 0.0081 | Eval Perf: 0.829
[97, 100] Train Error: 0.003 | Train Perf: 0.9385 | Eval Error: 0.0082 | Eval Perf: 0.8287
[98, 100] Train Error: 0.003 | Train Perf: 0.9391 | Eval Error: 0.0083 | Eval Perf: 0.8278
[99, 100] Train Error: 0.003 | Train Perf: 0.9396 | Eval Error: 0.0083 | Eval Perf: 0.8296
[100, 100] Train Error: 0.003 | Train Perf: 0.9395 | Eval Error: 0.0083 | Eval Perf: 0.8274
