NETWORK SUMMARY
---------------
Input Layer shape: (1, 180)
Hidden Layer shape: (181, 3)
Output layer shape: (4, 1)
Total parameters: 547

[1, 100] Train Error: 0.0408 | Train Perf: 0.1656 | Eval Error: 0.0369 | Eval Perf: 0.5663
[2, 100] Train Error: 0.0325 | Train Perf: 0.5976 | Eval Error: 0.0296 | Eval Perf: 0.5976
[3, 100] Train Error: 0.0258 | Train Perf: 0.6665 | Eval Error: 0.0261 | Eval Perf: 0.62
[4, 100] Train Error: 0.0223 | Train Perf: 0.7037 | Eval Error: 0.0248 | Eval Perf: 0.6511
[5, 100] Train Error: 0.0205 | Train Perf: 0.724 | Eval Error: 0.0232 | Eval Perf: 0.6749
[6, 100] Train Error: 0.019 | Train Perf: 0.7453 | Eval Error: 0.0221 | Eval Perf: 0.6874
[7, 100] Train Error: 0.018 | Train Perf: 0.7602 | Eval Error: 0.0208 | Eval Perf: 0.7066
[8, 100] Train Error: 0.0171 | Train Perf: 0.7742 | Eval Error: 0.02 | Eval Perf: 0.7194
[9, 100] Train Error: 0.0163 | Train Perf: 0.7849 | Eval Error: 0.0193 | Eval Perf: 0.7309
[10, 100] Train Error: 0.0157 | Train Perf: 0.7928 | Eval Error: 0.019 | Eval Perf: 0.7403
[11, 100] Train Error: 0.0152 | Train Perf: 0.8004 | Eval Error: 0.0181 | Eval Perf: 0.7513
[12, 100] Train Error: 0.0147 | Train Perf: 0.8084 | Eval Error: 0.0177 | Eval Perf: 0.7578
[13, 100] Train Error: 0.014 | Train Perf: 0.8177 | Eval Error: 0.0174 | Eval Perf: 0.7627
[14, 100] Train Error: 0.0139 | Train Perf: 0.8188 | Eval Error: 0.0168 | Eval Perf: 0.7719
[15, 100] Train Error: 0.0134 | Train Perf: 0.8256 | Eval Error: 0.0165 | Eval Perf: 0.7766
[16, 100] Train Error: 0.0131 | Train Perf: 0.8299 | Eval Error: 0.0165 | Eval Perf: 0.7782
[17, 100] Train Error: 0.0128 | Train Perf: 0.8346 | Eval Error: 0.0161 | Eval Perf: 0.7848
[18, 100] Train Error: 0.0126 | Train Perf: 0.8364 | Eval Error: 0.0157 | Eval Perf: 0.7888
[19, 100] Train Error: 0.0123 | Train Perf: 0.8418 | Eval Error: 0.0156 | Eval Perf: 0.7923
[20, 100] Train Error: 0.0119 | Train Perf: 0.8466 | Eval Error: 0.0157 | Eval Perf: 0.7916
[21, 100] Train Error: 0.0118 | Train Perf: 0.8481 | Eval Error: 0.0153 | Eval Perf: 0.7963
[22, 100] Train Error: 0.0115 | Train Perf: 0.8522 | Eval Error: 0.0154 | Eval Perf: 0.7941
[23, 100] Train Error: 0.0113 | Train Perf: 0.8552 | Eval Error: 0.0151 | Eval Perf: 0.8025
[24, 100] Train Error: 0.011 | Train Perf: 0.8584 | Eval Error: 0.0151 | Eval Perf: 0.7989
[25, 100] Train Error: 0.0109 | Train Perf: 0.8607 | Eval Error: 0.0149 | Eval Perf: 0.8016
[26, 100] Train Error: 0.0108 | Train Perf: 0.8614 | Eval Error: 0.0148 | Eval Perf: 0.8059
[27, 100] Train Error: 0.0105 | Train Perf: 0.8662 | Eval Error: 0.0148 | Eval Perf: 0.8053
[28, 100] Train Error: 0.0104 | Train Perf: 0.8668 | Eval Error: 0.0145 | Eval Perf: 0.8097
[29, 100] Train Error: 0.0103 | Train Perf: 0.8689 | Eval Error: 0.0146 | Eval Perf: 0.808
[30, 100] Train Error: 0.01 | Train Perf: 0.8721 | Eval Error: 0.0147 | Eval Perf: 0.8051
[31, 100] Train Error: 0.01 | Train Perf: 0.8729 | Eval Error: 0.0149 | Eval Perf: 0.8045
[32, 100] Train Error: 0.0098 | Train Perf: 0.8748 | Eval Error: 0.0146 | Eval Perf: 0.8086
[33, 100] Train Error: 0.0096 | Train Perf: 0.8773 | Eval Error: 0.0149 | Eval Perf: 0.8082
[34, 100] Train Error: 0.0095 | Train Perf: 0.8796 | Eval Error: 0.014 | Eval Perf: 0.8154
[35, 100] Train Error: 0.0096 | Train Perf: 0.8784 | Eval Error: 0.0149 | Eval Perf: 0.8135
[36, 100] Train Error: 0.0094 | Train Perf: 0.8804 | Eval Error: 0.0146 | Eval Perf: 0.8123
[37, 100] Train Error: 0.0093 | Train Perf: 0.8818 | Eval Error: 0.0146 | Eval Perf: 0.8103
[38, 100] Train Error: 0.0093 | Train Perf: 0.8823 | Eval Error: 0.0147 | Eval Perf: 0.8115
[39, 100] Train Error: 0.0091 | Train Perf: 0.8845 | Eval Error: 0.0145 | Eval Perf: 0.81
[40, 100] Train Error: 0.0092 | Train Perf: 0.8838 | Eval Error: 0.0143 | Eval Perf: 0.8136
[41, 100] Train Error: 0.009 | Train Perf: 0.8858 | Eval Error: 0.0146 | Eval Perf: 0.811
[42, 100] Train Error: 0.0089 | Train Perf: 0.8868 | Eval Error: 0.0146 | Eval Perf: 0.8101
[43, 100] Train Error: 0.0088 | Train Perf: 0.8887 | Eval Error: 0.0145 | Eval Perf: 0.8119
[44, 100] Train Error: 0.0088 | Train Perf: 0.8894 | Eval Error: 0.0149 | Eval Perf: 0.8136
[45, 100] Train Error: 0.0087 | Train Perf: 0.8898 | Eval Error: 0.0144 | Eval Perf: 0.8125
[46, 100] Train Error: 0.0088 | Train Perf: 0.8892 | Eval Error: 0.0143 | Eval Perf: 0.8143
[47, 100] Train Error: 0.0086 | Train Perf: 0.8909 | Eval Error: 0.0146 | Eval Perf: 0.8145
[48, 100] Train Error: 0.0086 | Train Perf: 0.891 | Eval Error: 0.0143 | Eval Perf: 0.8183
[49, 100] Train Error: 0.0086 | Train Perf: 0.8916 | Eval Error: 0.0143 | Eval Perf: 0.8159
[50, 100] Train Error: 0.0085 | Train Perf: 0.8923 | Eval Error: 0.0146 | Eval Perf: 0.8122
[51, 100] Train Error: 0.0085 | Train Perf: 0.8925 | Eval Error: 0.0148 | Eval Perf: 0.8126
[52, 100] Train Error: 0.0084 | Train Perf: 0.8936 | Eval Error: 0.0152 | Eval Perf: 0.8093
[53, 100] Train Error: 0.0083 | Train Perf: 0.8954 | Eval Error: 0.0145 | Eval Perf: 0.8158
[54, 100] Train Error: 0.0083 | Train Perf: 0.8952 | Eval Error: 0.0148 | Eval Perf: 0.8104
[55, 100] Train Error: 0.0083 | Train Perf: 0.8959 | Eval Error: 0.0144 | Eval Perf: 0.8156
[56, 100] Train Error: 0.0082 | Train Perf: 0.896 | Eval Error: 0.0146 | Eval Perf: 0.8127
[57, 100] Train Error: 0.0081 | Train Perf: 0.8975 | Eval Error: 0.0151 | Eval Perf: 0.807
[58, 100] Train Error: 0.0081 | Train Perf: 0.8978 | Eval Error: 0.0146 | Eval Perf: 0.8131
[59, 100] Train Error: 0.008 | Train Perf: 0.8987 | Eval Error: 0.0147 | Eval Perf: 0.8155
[60, 100] Train Error: 0.0082 | Train Perf: 0.8969 | Eval Error: 0.0147 | Eval Perf: 0.8149
[61, 100] Train Error: 0.008 | Train Perf: 0.8994 | Eval Error: 0.0147 | Eval Perf: 0.8171
[62, 100] Train Error: 0.0079 | Train Perf: 0.9001 | Eval Error: 0.0153 | Eval Perf: 0.8093
[63, 100] Train Error: 0.008 | Train Perf: 0.8993 | Eval Error: 0.0147 | Eval Perf: 0.8115
[64, 100] Train Error: 0.0079 | Train Perf: 0.9008 | Eval Error: 0.0148 | Eval Perf: 0.8136
[65, 100] Train Error: 0.0079 | Train Perf: 0.9 | Eval Error: 0.0148 | Eval Perf: 0.8114
[66, 100] Train Error: 0.0078 | Train Perf: 0.9015 | Eval Error: 0.0145 | Eval Perf: 0.8129
[67, 100] Train Error: 0.008 | Train Perf: 0.8996 | Eval Error: 0.0149 | Eval Perf: 0.8095
[68, 100] Train Error: 0.0077 | Train Perf: 0.9031 | Eval Error: 0.016 | Eval Perf: 0.8088
[69, 100] Train Error: 0.0077 | Train Perf: 0.9027 | Eval Error: 0.015 | Eval Perf: 0.8101
[70, 100] Train Error: 0.0078 | Train Perf: 0.9016 | Eval Error: 0.0146 | Eval Perf: 0.8123
[71, 100] Train Error: 0.0077 | Train Perf: 0.9028 | Eval Error: 0.0148 | Eval Perf: 0.8107
[72, 100] Train Error: 0.0077 | Train Perf: 0.9031 | Eval Error: 0.0148 | Eval Perf: 0.8112
[73, 100] Train Error: 0.0077 | Train Perf: 0.9033 | Eval Error: 0.0149 | Eval Perf: 0.8111
[74, 100] Train Error: 0.0076 | Train Perf: 0.9039 | Eval Error: 0.0147 | Eval Perf: 0.8116
[75, 100] Train Error: 0.0077 | Train Perf: 0.9035 | Eval Error: 0.0149 | Eval Perf: 0.8102
[76, 100] Train Error: 0.0076 | Train Perf: 0.904 | Eval Error: 0.0149 | Eval Perf: 0.8098
[77, 100] Train Error: 0.0075 | Train Perf: 0.9058 | Eval Error: 0.0145 | Eval Perf: 0.8142
[78, 100] Train Error: 0.0075 | Train Perf: 0.9059 | Eval Error: 0.0152 | Eval Perf: 0.8097
[79, 100] Train Error: 0.0075 | Train Perf: 0.9055 | Eval Error: 0.0155 | Eval Perf: 0.8096
[80, 100] Train Error: 0.0075 | Train Perf: 0.9053 | Eval Error: 0.015 | Eval Perf: 0.8106
[81, 100] Train Error: 0.0075 | Train Perf: 0.9063 | Eval Error: 0.0147 | Eval Perf: 0.8129
[82, 100] Train Error: 0.0075 | Train Perf: 0.9065 | Eval Error: 0.0149 | Eval Perf: 0.81
[83, 100] Train Error: 0.0075 | Train Perf: 0.906 | Eval Error: 0.015 | Eval Perf: 0.8133
[84, 100] Train Error: 0.0074 | Train Perf: 0.9074 | Eval Error: 0.0155 | Eval Perf: 0.8115
[85, 100] Train Error: 0.0074 | Train Perf: 0.9077 | Eval Error: 0.0149 | Eval Perf: 0.8113
[86, 100] Train Error: 0.0073 | Train Perf: 0.908 | Eval Error: 0.015 | Eval Perf: 0.8111
[87, 100] Train Error: 0.0074 | Train Perf: 0.9076 | Eval Error: 0.0149 | Eval Perf: 0.81
[88, 100] Train Error: 0.0073 | Train Perf: 0.9084 | Eval Error: 0.0158 | Eval Perf: 0.8101
[89, 100] Train Error: 0.0073 | Train Perf: 0.9086 | Eval Error: 0.0149 | Eval Perf: 0.8099
[90, 100] Train Error: 0.0073 | Train Perf: 0.9091 | Eval Error: 0.0154 | Eval Perf: 0.8139
[91, 100] Train Error: 0.0073 | Train Perf: 0.9085 | Eval Error: 0.0153 | Eval Perf: 0.8099
[92, 100] Train Error: 0.0073 | Train Perf: 0.9088 | Eval Error: 0.015 | Eval Perf: 0.8107
[93, 100] Train Error: 0.0071 | Train Perf: 0.9105 | Eval Error: 0.0155 | Eval Perf: 0.8073
[94, 100] Train Error: 0.0072 | Train Perf: 0.9103 | Eval Error: 0.015 | Eval Perf: 0.8097
[95, 100] Train Error: 0.0071 | Train Perf: 0.9112 | Eval Error: 0.0155 | Eval Perf: 0.8124
[96, 100] Train Error: 0.0072 | Train Perf: 0.9104 | Eval Error: 0.0153 | Eval Perf: 0.8113
[97, 100] Train Error: 0.0071 | Train Perf: 0.9106 | Eval Error: 0.0154 | Eval Perf: 0.8101
[98, 100] Train Error: 0.007 | Train Perf: 0.9122 | Eval Error: 0.0153 | Eval Perf: 0.809
[99, 100] Train Error: 0.0071 | Train Perf: 0.9112 | Eval Error: 0.0151 | Eval Perf: 0.8086
[100, 100] Train Error: 0.0072 | Train Perf: 0.9103 | Eval Error: 0.0153 | Eval Perf: 0.8079
