NETWORK SUMMARY
---------------
Input Layer shape: (1, 180)
Hidden Layer shape: (181, 3)
Output layer shape: (4, 1)
Total parameters: 547

[1, 100] Train Error: 0.038 | Train Perf: -0.0375 | Eval Error: 0.029 | Eval Perf: 0.1875
[2, 100] Train Error: 0.027 | Train Perf: 0.1666 | Eval Error: 0.0271 | Eval Perf: 0.3967
[3, 100] Train Error: 0.0261 | Train Perf: 0.3151 | Eval Error: 0.0263 | Eval Perf: 0.5228
[4, 100] Train Error: 0.0253 | Train Perf: 0.4454 | Eval Error: 0.0255 | Eval Perf: 0.5964
[5, 100] Train Error: 0.0245 | Train Perf: 0.5173 | Eval Error: 0.0246 | Eval Perf: 0.6416
[6, 100] Train Error: 0.0237 | Train Perf: 0.5615 | Eval Error: 0.0237 | Eval Perf: 0.6661
[7, 100] Train Error: 0.0228 | Train Perf: 0.5845 | Eval Error: 0.0228 | Eval Perf: 0.6844
[8, 100] Train Error: 0.022 | Train Perf: 0.6171 | Eval Error: 0.0219 | Eval Perf: 0.6941
[9, 100] Train Error: 0.0212 | Train Perf: 0.6141 | Eval Error: 0.021 | Eval Perf: 0.7143
[10, 100] Train Error: 0.0204 | Train Perf: 0.6334 | Eval Error: 0.0201 | Eval Perf: 0.7254
[11, 100] Train Error: 0.0197 | Train Perf: 0.6409 | Eval Error: 0.0193 | Eval Perf: 0.742
[12, 100] Train Error: 0.0189 | Train Perf: 0.6508 | Eval Error: 0.0186 | Eval Perf: 0.7563
[13, 100] Train Error: 0.0182 | Train Perf: 0.6635 | Eval Error: 0.0179 | Eval Perf: 0.7726
[14, 100] Train Error: 0.0176 | Train Perf: 0.6812 | Eval Error: 0.017 | Eval Perf: 0.7811
[15, 100] Train Error: 0.0169 | Train Perf: 0.6946 | Eval Error: 0.0163 | Eval Perf: 0.7913
[16, 100] Train Error: 0.0162 | Train Perf: 0.7016 | Eval Error: 0.0157 | Eval Perf: 0.8065
[17, 100] Train Error: 0.0156 | Train Perf: 0.7238 | Eval Error: 0.0149 | Eval Perf: 0.814
[18, 100] Train Error: 0.015 | Train Perf: 0.7301 | Eval Error: 0.0143 | Eval Perf: 0.8295
[19, 100] Train Error: 0.0144 | Train Perf: 0.7396 | Eval Error: 0.0138 | Eval Perf: 0.8395
[20, 100] Train Error: 0.0138 | Train Perf: 0.7557 | Eval Error: 0.0131 | Eval Perf: 0.8446
[21, 100] Train Error: 0.0132 | Train Perf: 0.7652 | Eval Error: 0.0126 | Eval Perf: 0.8556
[22, 100] Train Error: 0.0127 | Train Perf: 0.7803 | Eval Error: 0.012 | Eval Perf: 0.8612
[23, 100] Train Error: 0.0122 | Train Perf: 0.7899 | Eval Error: 0.0114 | Eval Perf: 0.8661
[24, 100] Train Error: 0.0116 | Train Perf: 0.797 | Eval Error: 0.011 | Eval Perf: 0.8731
[25, 100] Train Error: 0.0111 | Train Perf: 0.8119 | Eval Error: 0.0105 | Eval Perf: 0.8742
[26, 100] Train Error: 0.0107 | Train Perf: 0.823 | Eval Error: 0.0099 | Eval Perf: 0.875
[27, 100] Train Error: 0.0102 | Train Perf: 0.8273 | Eval Error: 0.0096 | Eval Perf: 0.8807
[28, 100] Train Error: 0.0098 | Train Perf: 0.8344 | Eval Error: 0.0093 | Eval Perf: 0.8866
[29, 100] Train Error: 0.0094 | Train Perf: 0.8445 | Eval Error: 0.0089 | Eval Perf: 0.8888
[30, 100] Train Error: 0.009 | Train Perf: 0.8521 | Eval Error: 0.0086 | Eval Perf: 0.8908
[31, 100] Train Error: 0.0086 | Train Perf: 0.8578 | Eval Error: 0.0084 | Eval Perf: 0.8944
[32, 100] Train Error: 0.0082 | Train Perf: 0.8628 | Eval Error: 0.0084 | Eval Perf: 0.9005
[33, 100] Train Error: 0.0078 | Train Perf: 0.8814 | Eval Error: 0.0078 | Eval Perf: 0.8953
[34, 100] Train Error: 0.0076 | Train Perf: 0.8765 | Eval Error: 0.0076 | Eval Perf: 0.8984
[35, 100] Train Error: 0.0073 | Train Perf: 0.8813 | Eval Error: 0.0075 | Eval Perf: 0.9036
[36, 100] Train Error: 0.007 | Train Perf: 0.8865 | Eval Error: 0.0075 | Eval Perf: 0.9058
[37, 100] Train Error: 0.0067 | Train Perf: 0.8982 | Eval Error: 0.0071 | Eval Perf: 0.904
[38, 100] Train Error: 0.0065 | Train Perf: 0.8984 | Eval Error: 0.0069 | Eval Perf: 0.9053
[39, 100] Train Error: 0.0062 | Train Perf: 0.9016 | Eval Error: 0.0068 | Eval Perf: 0.9064
[40, 100] Train Error: 0.006 | Train Perf: 0.9042 | Eval Error: 0.0068 | Eval Perf: 0.909
[41, 100] Train Error: 0.0057 | Train Perf: 0.9155 | Eval Error: 0.0064 | Eval Perf: 0.9051
[42, 100] Train Error: 0.0056 | Train Perf: 0.9085 | Eval Error: 0.0065 | Eval Perf: 0.9098
[43, 100] Train Error: 0.0054 | Train Perf: 0.9176 | Eval Error: 0.0063 | Eval Perf: 0.909
[44, 100] Train Error: 0.0052 | Train Perf: 0.917 | Eval Error: 0.0063 | Eval Perf: 0.9101
[45, 100] Train Error: 0.0051 | Train Perf: 0.9224 | Eval Error: 0.0061 | Eval Perf: 0.9091
[46, 100] Train Error: 0.0049 | Train Perf: 0.922 | Eval Error: 0.0062 | Eval Perf: 0.9108
[47, 100] Train Error: 0.0047 | Train Perf: 0.929 | Eval Error: 0.0059 | Eval Perf: 0.9087
[48, 100] Train Error: 0.0046 | Train Perf: 0.9276 | Eval Error: 0.0059 | Eval Perf: 0.9091
[49, 100] Train Error: 0.0045 | Train Perf: 0.9298 | Eval Error: 0.0058 | Eval Perf: 0.9096
[50, 100] Train Error: 0.0043 | Train Perf: 0.9302 | Eval Error: 0.0059 | Eval Perf: 0.911
[51, 100] Train Error: 0.0042 | Train Perf: 0.9352 | Eval Error: 0.0057 | Eval Perf: 0.91
[52, 100] Train Error: 0.0041 | Train Perf: 0.9351 | Eval Error: 0.0057 | Eval Perf: 0.9102
[53, 100] Train Error: 0.004 | Train Perf: 0.9359 | Eval Error: 0.0057 | Eval Perf: 0.9109
[54, 100] Train Error: 0.0039 | Train Perf: 0.9392 | Eval Error: 0.0056 | Eval Perf: 0.9103
[55, 100] Train Error: 0.0038 | Train Perf: 0.9394 | Eval Error: 0.0055 | Eval Perf: 0.9105
[56, 100] Train Error: 0.0037 | Train Perf: 0.9416 | Eval Error: 0.0055 | Eval Perf: 0.9099
[57, 100] Train Error: 0.0037 | Train Perf: 0.94 | Eval Error: 0.0055 | Eval Perf: 0.9114
[58, 100] Train Error: 0.0036 | Train Perf: 0.9446 | Eval Error: 0.0054 | Eval Perf: 0.911
[59, 100] Train Error: 0.0035 | Train Perf: 0.943 | Eval Error: 0.0054 | Eval Perf: 0.9118
[60, 100] Train Error: 0.0034 | Train Perf: 0.9447 | Eval Error: 0.0054 | Eval Perf: 0.9121
[61, 100] Train Error: 0.0034 | Train Perf: 0.9466 | Eval Error: 0.0053 | Eval Perf: 0.9117
[62, 100] Train Error: 0.0033 | Train Perf: 0.947 | Eval Error: 0.0053 | Eval Perf: 0.912
[63, 100] Train Error: 0.0033 | Train Perf: 0.9475 | Eval Error: 0.0053 | Eval Perf: 0.9122
[64, 100] Train Error: 0.0032 | Train Perf: 0.9493 | Eval Error: 0.0052 | Eval Perf: 0.9121
[65, 100] Train Error: 0.0031 | Train Perf: 0.9487 | Eval Error: 0.0053 | Eval Perf: 0.9124
[66, 100] Train Error: 0.0031 | Train Perf: 0.9507 | Eval Error: 0.0052 | Eval Perf: 0.9121
[67, 100] Train Error: 0.003 | Train Perf: 0.9505 | Eval Error: 0.0052 | Eval Perf: 0.9121
[68, 100] Train Error: 0.003 | Train Perf: 0.9518 | Eval Error: 0.0052 | Eval Perf: 0.9123
[69, 100] Train Error: 0.0029 | Train Perf: 0.9529 | Eval Error: 0.0051 | Eval Perf: 0.9121
[70, 100] Train Error: 0.0029 | Train Perf: 0.9522 | Eval Error: 0.0051 | Eval Perf: 0.9125
[71, 100] Train Error: 0.0029 | Train Perf: 0.9541 | Eval Error: 0.0051 | Eval Perf: 0.9124
[72, 100] Train Error: 0.0028 | Train Perf: 0.9538 | Eval Error: 0.0051 | Eval Perf: 0.9124
[73, 100] Train Error: 0.0028 | Train Perf: 0.9552 | Eval Error: 0.005 | Eval Perf: 0.9124
[74, 100] Train Error: 0.0027 | Train Perf: 0.9543 | Eval Error: 0.0051 | Eval Perf: 0.9125
[75, 100] Train Error: 0.0027 | Train Perf: 0.9559 | Eval Error: 0.005 | Eval Perf: 0.9124
[76, 100] Train Error: 0.0027 | Train Perf: 0.9564 | Eval Error: 0.005 | Eval Perf: 0.9123
[77, 100] Train Error: 0.0026 | Train Perf: 0.9563 | Eval Error: 0.005 | Eval Perf: 0.9123
[78, 100] Train Error: 0.0026 | Train Perf: 0.957 | Eval Error: 0.005 | Eval Perf: 0.9123
[79, 100] Train Error: 0.0026 | Train Perf: 0.9576 | Eval Error: 0.005 | Eval Perf: 0.9123
[80, 100] Train Error: 0.0025 | Train Perf: 0.9584 | Eval Error: 0.005 | Eval Perf: 0.9124
[81, 100] Train Error: 0.0025 | Train Perf: 0.9588 | Eval Error: 0.005 | Eval Perf: 0.9124
[82, 100] Train Error: 0.0025 | Train Perf: 0.9587 | Eval Error: 0.005 | Eval Perf: 0.9124
[83, 100] Train Error: 0.0025 | Train Perf: 0.9593 | Eval Error: 0.0049 | Eval Perf: 0.9124
[84, 100] Train Error: 0.0024 | Train Perf: 0.9592 | Eval Error: 0.005 | Eval Perf: 0.9122
[85, 100] Train Error: 0.0024 | Train Perf: 0.9602 | Eval Error: 0.005 | Eval Perf: 0.9123
[86, 100] Train Error: 0.0024 | Train Perf: 0.9602 | Eval Error: 0.005 | Eval Perf: 0.9122
[87, 100] Train Error: 0.0024 | Train Perf: 0.9611 | Eval Error: 0.0049 | Eval Perf: 0.9122
[88, 100] Train Error: 0.0023 | Train Perf: 0.961 | Eval Error: 0.0049 | Eval Perf: 0.9122
[89, 100] Train Error: 0.0023 | Train Perf: 0.9616 | Eval Error: 0.0049 | Eval Perf: 0.9122
[90, 100] Train Error: 0.0023 | Train Perf: 0.9617 | Eval Error: 0.0049 | Eval Perf: 0.9123
[91, 100] Train Error: 0.0023 | Train Perf: 0.962 | Eval Error: 0.0049 | Eval Perf: 0.9123
[92, 100] Train Error: 0.0022 | Train Perf: 0.9622 | Eval Error: 0.0049 | Eval Perf: 0.9122
[93, 100] Train Error: 0.0022 | Train Perf: 0.9629 | Eval Error: 0.0049 | Eval Perf: 0.9124
[94, 100] Train Error: 0.0022 | Train Perf: 0.9633 | Eval Error: 0.0049 | Eval Perf: 0.9124
[95, 100] Train Error: 0.0022 | Train Perf: 0.9631 | Eval Error: 0.0049 | Eval Perf: 0.9122
[96, 100] Train Error: 0.0022 | Train Perf: 0.9634 | Eval Error: 0.0049 | Eval Perf: 0.912
[97, 100] Train Error: 0.0021 | Train Perf: 0.9645 | Eval Error: 0.0049 | Eval Perf: 0.9125
[98, 100] Train Error: 0.0021 | Train Perf: 0.9635 | Eval Error: 0.0049 | Eval Perf: 0.9121
[99, 100] Train Error: 0.0021 | Train Perf: 0.9642 | Eval Error: 0.0049 | Eval Perf: 0.9119
[100, 100] Train Error: 0.0021 | Train Perf: 0.9648 | Eval Error: 0.0049 | Eval Perf: 0.9121
