NETWORK SUMMARY
---------------
Input Layer shape: (1, 180)
Hidden Layer shape: (181, 3)
Output layer shape: (4, 1)
Total parameters: 547

[1, 100] Train Error: 0.0386 | Train Perf: -0.0328 | Eval Error: 0.0262 | Eval Perf: 0.0982
[2, 100] Train Error: 0.0276 | Train Perf: 0.1864 | Eval Error: 0.0245 | Eval Perf: 0.2394
[3, 100] Train Error: 0.0264 | Train Perf: 0.4003 | Eval Error: 0.0241 | Eval Perf: 0.3201
[4, 100] Train Error: 0.0254 | Train Perf: 0.5326 | Eval Error: 0.0236 | Eval Perf: 0.3659
[5, 100] Train Error: 0.0243 | Train Perf: 0.5789 | Eval Error: 0.0232 | Eval Perf: 0.3929
[6, 100] Train Error: 0.0232 | Train Perf: 0.6302 | Eval Error: 0.0227 | Eval Perf: 0.4117
[7, 100] Train Error: 0.0221 | Train Perf: 0.6433 | Eval Error: 0.0222 | Eval Perf: 0.4291
[8, 100] Train Error: 0.0211 | Train Perf: 0.6565 | Eval Error: 0.0217 | Eval Perf: 0.446
[9, 100] Train Error: 0.0202 | Train Perf: 0.6693 | Eval Error: 0.0213 | Eval Perf: 0.4641
[10, 100] Train Error: 0.0193 | Train Perf: 0.6897 | Eval Error: 0.0209 | Eval Perf: 0.4815
[11, 100] Train Error: 0.0183 | Train Perf: 0.702 | Eval Error: 0.0206 | Eval Perf: 0.5
[12, 100] Train Error: 0.0175 | Train Perf: 0.7241 | Eval Error: 0.0199 | Eval Perf: 0.514
[13, 100] Train Error: 0.0167 | Train Perf: 0.7262 | Eval Error: 0.0195 | Eval Perf: 0.5312
[14, 100] Train Error: 0.0158 | Train Perf: 0.7446 | Eval Error: 0.0192 | Eval Perf: 0.5448
[15, 100] Train Error: 0.015 | Train Perf: 0.7643 | Eval Error: 0.0187 | Eval Perf: 0.557
[16, 100] Train Error: 0.0144 | Train Perf: 0.7657 | Eval Error: 0.0184 | Eval Perf: 0.5733
[17, 100] Train Error: 0.0135 | Train Perf: 0.7741 | Eval Error: 0.0188 | Eval Perf: 0.5951
[18, 100] Train Error: 0.013 | Train Perf: 0.7914 | Eval Error: 0.0182 | Eval Perf: 0.6051
[19, 100] Train Error: 0.0124 | Train Perf: 0.801 | Eval Error: 0.0179 | Eval Perf: 0.6174
[20, 100] Train Error: 0.0117 | Train Perf: 0.8161 | Eval Error: 0.0174 | Eval Perf: 0.6266
[21, 100] Train Error: 0.0112 | Train Perf: 0.8188 | Eval Error: 0.0173 | Eval Perf: 0.6394
[22, 100] Train Error: 0.0107 | Train Perf: 0.828 | Eval Error: 0.017 | Eval Perf: 0.6499
[23, 100] Train Error: 0.0102 | Train Perf: 0.8388 | Eval Error: 0.0165 | Eval Perf: 0.6572
[24, 100] Train Error: 0.0096 | Train Perf: 0.8408 | Eval Error: 0.0169 | Eval Perf: 0.6756
[25, 100] Train Error: 0.0093 | Train Perf: 0.8508 | Eval Error: 0.0168 | Eval Perf: 0.6869
[26, 100] Train Error: 0.0089 | Train Perf: 0.8604 | Eval Error: 0.016 | Eval Perf: 0.6928
[27, 100] Train Error: 0.0085 | Train Perf: 0.8613 | Eval Error: 0.0161 | Eval Perf: 0.7048
[28, 100] Train Error: 0.0082 | Train Perf: 0.8696 | Eval Error: 0.0157 | Eval Perf: 0.7121
[29, 100] Train Error: 0.0078 | Train Perf: 0.8765 | Eval Error: 0.0152 | Eval Perf: 0.7179
[30, 100] Train Error: 0.0075 | Train Perf: 0.8803 | Eval Error: 0.0149 | Eval Perf: 0.7276
[31, 100] Train Error: 0.0072 | Train Perf: 0.8839 | Eval Error: 0.0147 | Eval Perf: 0.7361
[32, 100] Train Error: 0.007 | Train Perf: 0.8855 | Eval Error: 0.0152 | Eval Perf: 0.7469
[33, 100] Train Error: 0.0067 | Train Perf: 0.8945 | Eval Error: 0.0147 | Eval Perf: 0.7545
[34, 100] Train Error: 0.0065 | Train Perf: 0.8986 | Eval Error: 0.0143 | Eval Perf: 0.7595
[35, 100] Train Error: 0.0062 | Train Perf: 0.8994 | Eval Error: 0.0144 | Eval Perf: 0.7674
[36, 100] Train Error: 0.006 | Train Perf: 0.9031 | Eval Error: 0.0145 | Eval Perf: 0.775
[37, 100] Train Error: 0.0058 | Train Perf: 0.9066 | Eval Error: 0.0146 | Eval Perf: 0.7822
[38, 100] Train Error: 0.0056 | Train Perf: 0.9103 | Eval Error: 0.0147 | Eval Perf: 0.7875
[39, 100] Train Error: 0.0054 | Train Perf: 0.915 | Eval Error: 0.0141 | Eval Perf: 0.7919
[40, 100] Train Error: 0.0053 | Train Perf: 0.9166 | Eval Error: 0.0141 | Eval Perf: 0.7974
[41, 100] Train Error: 0.0051 | Train Perf: 0.9185 | Eval Error: 0.0142 | Eval Perf: 0.8039
[42, 100] Train Error: 0.0049 | Train Perf: 0.9213 | Eval Error: 0.0142 | Eval Perf: 0.8097
[43, 100] Train Error: 0.0048 | Train Perf: 0.9247 | Eval Error: 0.0136 | Eval Perf: 0.8119
[44, 100] Train Error: 0.0047 | Train Perf: 0.9268 | Eval Error: 0.0134 | Eval Perf: 0.8139
[45, 100] Train Error: 0.0045 | Train Perf: 0.9278 | Eval Error: 0.0133 | Eval Perf: 0.8171
[46, 100] Train Error: 0.0044 | Train Perf: 0.9294 | Eval Error: 0.0133 | Eval Perf: 0.8205
[47, 100] Train Error: 0.0043 | Train Perf: 0.9313 | Eval Error: 0.0135 | Eval Perf: 0.8241
[48, 100] Train Error: 0.0042 | Train Perf: 0.9348 | Eval Error: 0.0129 | Eval Perf: 0.8251
[49, 100] Train Error: 0.0041 | Train Perf: 0.935 | Eval Error: 0.0128 | Eval Perf: 0.8277
[50, 100] Train Error: 0.004 | Train Perf: 0.9375 | Eval Error: 0.0124 | Eval Perf: 0.8297
[51, 100] Train Error: 0.0039 | Train Perf: 0.9363 | Eval Error: 0.0128 | Eval Perf: 0.8329
[52, 100] Train Error: 0.0038 | Train Perf: 0.9383 | Eval Error: 0.0131 | Eval Perf: 0.8356
[53, 100] Train Error: 0.0037 | Train Perf: 0.9408 | Eval Error: 0.0127 | Eval Perf: 0.8373
[54, 100] Train Error: 0.0036 | Train Perf: 0.9436 | Eval Error: 0.012 | Eval Perf: 0.8383
[55, 100] Train Error: 0.0036 | Train Perf: 0.9409 | Eval Error: 0.0128 | Eval Perf: 0.8416
[56, 100] Train Error: 0.0035 | Train Perf: 0.9444 | Eval Error: 0.0124 | Eval Perf: 0.8427
[57, 100] Train Error: 0.0035 | Train Perf: 0.9455 | Eval Error: 0.0121 | Eval Perf: 0.8431
[58, 100] Train Error: 0.0034 | Train Perf: 0.9442 | Eval Error: 0.0126 | Eval Perf: 0.8455
[59, 100] Train Error: 0.0033 | Train Perf: 0.9468 | Eval Error: 0.0124 | Eval Perf: 0.8464
[60, 100] Train Error: 0.0033 | Train Perf: 0.9472 | Eval Error: 0.0124 | Eval Perf: 0.8475
[61, 100] Train Error: 0.0032 | Train Perf: 0.9485 | Eval Error: 0.0121 | Eval Perf: 0.8481
[62, 100] Train Error: 0.0032 | Train Perf: 0.9495 | Eval Error: 0.0118 | Eval Perf: 0.8494
[63, 100] Train Error: 0.0031 | Train Perf: 0.9503 | Eval Error: 0.0116 | Eval Perf: 0.8502
[64, 100] Train Error: 0.003 | Train Perf: 0.9498 | Eval Error: 0.0121 | Eval Perf: 0.852
[65, 100] Train Error: 0.003 | Train Perf: 0.9521 | Eval Error: 0.0117 | Eval Perf: 0.8525
[66, 100] Train Error: 0.003 | Train Perf: 0.952 | Eval Error: 0.0116 | Eval Perf: 0.8534
[67, 100] Train Error: 0.0029 | Train Perf: 0.9527 | Eval Error: 0.0116 | Eval Perf: 0.8544
[68, 100] Train Error: 0.0029 | Train Perf: 0.953 | Eval Error: 0.0117 | Eval Perf: 0.8553
[69, 100] Train Error: 0.0028 | Train Perf: 0.9545 | Eval Error: 0.0114 | Eval Perf: 0.8556
[70, 100] Train Error: 0.0028 | Train Perf: 0.9545 | Eval Error: 0.0113 | Eval Perf: 0.8563
[71, 100] Train Error: 0.0028 | Train Perf: 0.9553 | Eval Error: 0.0112 | Eval Perf: 0.8567
[72, 100] Train Error: 0.0027 | Train Perf: 0.9556 | Eval Error: 0.0113 | Eval Perf: 0.8579
[73, 100] Train Error: 0.0027 | Train Perf: 0.9563 | Eval Error: 0.0112 | Eval Perf: 0.8586
[74, 100] Train Error: 0.0026 | Train Perf: 0.9566 | Eval Error: 0.0113 | Eval Perf: 0.8594
[75, 100] Train Error: 0.0026 | Train Perf: 0.9571 | Eval Error: 0.0113 | Eval Perf: 0.8599
[76, 100] Train Error: 0.0026 | Train Perf: 0.958 | Eval Error: 0.0112 | Eval Perf: 0.8601
[77, 100] Train Error: 0.0025 | Train Perf: 0.9582 | Eval Error: 0.0114 | Eval Perf: 0.86
[78, 100] Train Error: 0.0025 | Train Perf: 0.959 | Eval Error: 0.0111 | Eval Perf: 0.8606
[79, 100] Train Error: 0.0025 | Train Perf: 0.9593 | Eval Error: 0.011 | Eval Perf: 0.8612
[80, 100] Train Error: 0.0025 | Train Perf: 0.9597 | Eval Error: 0.0109 | Eval Perf: 0.8616
[81, 100] Train Error: 0.0024 | Train Perf: 0.9603 | Eval Error: 0.0107 | Eval Perf: 0.862
[82, 100] Train Error: 0.0024 | Train Perf: 0.9604 | Eval Error: 0.0107 | Eval Perf: 0.8624
[83, 100] Train Error: 0.0024 | Train Perf: 0.9606 | Eval Error: 0.0108 | Eval Perf: 0.8629
[84, 100] Train Error: 0.0023 | Train Perf: 0.9618 | Eval Error: 0.0105 | Eval Perf: 0.8631
[85, 100] Train Error: 0.0023 | Train Perf: 0.9613 | Eval Error: 0.0107 | Eval Perf: 0.8633
[86, 100] Train Error: 0.0023 | Train Perf: 0.9622 | Eval Error: 0.0106 | Eval Perf: 0.8635
[87, 100] Train Error: 0.0023 | Train Perf: 0.9624 | Eval Error: 0.0106 | Eval Perf: 0.8641
[88, 100] Train Error: 0.0023 | Train Perf: 0.9628 | Eval Error: 0.0105 | Eval Perf: 0.864
[89, 100] Train Error: 0.0022 | Train Perf: 0.963 | Eval Error: 0.0107 | Eval Perf: 0.864
[90, 100] Train Error: 0.0022 | Train Perf: 0.9638 | Eval Error: 0.0104 | Eval Perf: 0.8643
[91, 100] Train Error: 0.0022 | Train Perf: 0.9634 | Eval Error: 0.0107 | Eval Perf: 0.8643
[92, 100] Train Error: 0.0022 | Train Perf: 0.964 | Eval Error: 0.0106 | Eval Perf: 0.8646
[93, 100] Train Error: 0.0022 | Train Perf: 0.9645 | Eval Error: 0.0104 | Eval Perf: 0.8648
[94, 100] Train Error: 0.0021 | Train Perf: 0.9645 | Eval Error: 0.0106 | Eval Perf: 0.8651
[95, 100] Train Error: 0.0021 | Train Perf: 0.965 | Eval Error: 0.0105 | Eval Perf: 0.865
[96, 100] Train Error: 0.0021 | Train Perf: 0.9652 | Eval Error: 0.0104 | Eval Perf: 0.8653
[97, 100] Train Error: 0.0021 | Train Perf: 0.9656 | Eval Error: 0.0103 | Eval Perf: 0.8655
[98, 100] Train Error: 0.0021 | Train Perf: 0.9656 | Eval Error: 0.0105 | Eval Perf: 0.8655
[99, 100] Train Error: 0.002 | Train Perf: 0.9662 | Eval Error: 0.0103 | Eval Perf: 0.8657
[100, 100] Train Error: 0.002 | Train Perf: 0.9661 | Eval Error: 0.0104 | Eval Perf: 0.8659
