NETWORK SUMMARY
---------------
Input Layer shape: (1, 180)
Hidden Layer shape: (181, 5)
Output layer shape: (6, 1)
Total parameters: 911

[1, 100] Train Error: 0.041 | Train Perf: 0.2097 | Eval Error: 0.0294 | Eval Perf: 0.628
[2, 100] Train Error: 0.0229 | Train Perf: 0.685 | Eval Error: 0.0192 | Eval Perf: 0.7615
[3, 100] Train Error: 0.0172 | Train Perf: 0.773 | Eval Error: 0.0189 | Eval Perf: 0.7734
[4, 100] Train Error: 0.0157 | Train Perf: 0.7951 | Eval Error: 0.0181 | Eval Perf: 0.7805
[5, 100] Train Error: 0.0153 | Train Perf: 0.8014 | Eval Error: 0.0179 | Eval Perf: 0.7781
[6, 100] Train Error: 0.0142 | Train Perf: 0.8168 | Eval Error: 0.0173 | Eval Perf: 0.7775
[7, 100] Train Error: 0.014 | Train Perf: 0.8197 | Eval Error: 0.0194 | Eval Perf: 0.7684
[8, 100] Train Error: 0.0136 | Train Perf: 0.8253 | Eval Error: 0.0174 | Eval Perf: 0.7762
[9, 100] Train Error: 0.0132 | Train Perf: 0.8314 | Eval Error: 0.0183 | Eval Perf: 0.7677
[10, 100] Train Error: 0.0128 | Train Perf: 0.8365 | Eval Error: 0.0174 | Eval Perf: 0.7748
[11, 100] Train Error: 0.0126 | Train Perf: 0.8399 | Eval Error: 0.0184 | Eval Perf: 0.7716
[12, 100] Train Error: 0.012 | Train Perf: 0.8475 | Eval Error: 0.0175 | Eval Perf: 0.7716
[13, 100] Train Error: 0.0118 | Train Perf: 0.8501 | Eval Error: 0.0171 | Eval Perf: 0.7764
[14, 100] Train Error: 0.0118 | Train Perf: 0.8509 | Eval Error: 0.0176 | Eval Perf: 0.7813
[15, 100] Train Error: 0.011 | Train Perf: 0.862 | Eval Error: 0.0176 | Eval Perf: 0.7746
[16, 100] Train Error: 0.0109 | Train Perf: 0.8635 | Eval Error: 0.0179 | Eval Perf: 0.7729
[17, 100] Train Error: 0.0105 | Train Perf: 0.8683 | Eval Error: 0.0181 | Eval Perf: 0.773
[18, 100] Train Error: 0.0101 | Train Perf: 0.8731 | Eval Error: 0.0179 | Eval Perf: 0.7718
[19, 100] Train Error: 0.0099 | Train Perf: 0.8768 | Eval Error: 0.0176 | Eval Perf: 0.7725
[20, 100] Train Error: 0.0095 | Train Perf: 0.8815 | Eval Error: 0.0181 | Eval Perf: 0.7717
[21, 100] Train Error: 0.0094 | Train Perf: 0.8835 | Eval Error: 0.0195 | Eval Perf: 0.771
[22, 100] Train Error: 0.009 | Train Perf: 0.8882 | Eval Error: 0.0191 | Eval Perf: 0.7746
[23, 100] Train Error: 0.0087 | Train Perf: 0.8917 | Eval Error: 0.02 | Eval Perf: 0.7662
[24, 100] Train Error: 0.0085 | Train Perf: 0.8952 | Eval Error: 0.0178 | Eval Perf: 0.7762
[25, 100] Train Error: 0.0081 | Train Perf: 0.9003 | Eval Error: 0.0187 | Eval Perf: 0.7719
[26, 100] Train Error: 0.008 | Train Perf: 0.9018 | Eval Error: 0.0181 | Eval Perf: 0.7762
[27, 100] Train Error: 0.0077 | Train Perf: 0.9057 | Eval Error: 0.0201 | Eval Perf: 0.7763
[28, 100] Train Error: 0.0074 | Train Perf: 0.9089 | Eval Error: 0.0197 | Eval Perf: 0.7726
[29, 100] Train Error: 0.0073 | Train Perf: 0.9108 | Eval Error: 0.0187 | Eval Perf: 0.7708
[30, 100] Train Error: 0.007 | Train Perf: 0.9138 | Eval Error: 0.0189 | Eval Perf: 0.7697
[31, 100] Train Error: 0.0069 | Train Perf: 0.9162 | Eval Error: 0.0186 | Eval Perf: 0.7707
[32, 100] Train Error: 0.0068 | Train Perf: 0.9174 | Eval Error: 0.019 | Eval Perf: 0.7685
[33, 100] Train Error: 0.0066 | Train Perf: 0.9198 | Eval Error: 0.0193 | Eval Perf: 0.7665
[34, 100] Train Error: 0.0064 | Train Perf: 0.9215 | Eval Error: 0.0189 | Eval Perf: 0.7688
[35, 100] Train Error: 0.0062 | Train Perf: 0.9243 | Eval Error: 0.0208 | Eval Perf: 0.7666
[36, 100] Train Error: 0.0061 | Train Perf: 0.9255 | Eval Error: 0.02 | Eval Perf: 0.7645
[37, 100] Train Error: 0.006 | Train Perf: 0.9268 | Eval Error: 0.0196 | Eval Perf: 0.7659
[38, 100] Train Error: 0.006 | Train Perf: 0.9273 | Eval Error: 0.0199 | Eval Perf: 0.76
[39, 100] Train Error: 0.0057 | Train Perf: 0.9304 | Eval Error: 0.0194 | Eval Perf: 0.7654
[40, 100] Train Error: 0.0057 | Train Perf: 0.9303 | Eval Error: 0.0203 | Eval Perf: 0.7674
[41, 100] Train Error: 0.0056 | Train Perf: 0.9319 | Eval Error: 0.0202 | Eval Perf: 0.7571
[42, 100] Train Error: 0.0055 | Train Perf: 0.9331 | Eval Error: 0.0202 | Eval Perf: 0.7606
[43, 100] Train Error: 0.0054 | Train Perf: 0.9343 | Eval Error: 0.0206 | Eval Perf: 0.7525
[44, 100] Train Error: 0.0053 | Train Perf: 0.9359 | Eval Error: 0.0201 | Eval Perf: 0.7558
[45, 100] Train Error: 0.0052 | Train Perf: 0.9366 | Eval Error: 0.0206 | Eval Perf: 0.7594
[46, 100] Train Error: 0.0051 | Train Perf: 0.9379 | Eval Error: 0.02 | Eval Perf: 0.7572
[47, 100] Train Error: 0.005 | Train Perf: 0.9393 | Eval Error: 0.0203 | Eval Perf: 0.7548
[48, 100] Train Error: 0.0049 | Train Perf: 0.941 | Eval Error: 0.021 | Eval Perf: 0.7498
[49, 100] Train Error: 0.0047 | Train Perf: 0.9434 | Eval Error: 0.0214 | Eval Perf: 0.7455
[50, 100] Train Error: 0.0047 | Train Perf: 0.9437 | Eval Error: 0.0218 | Eval Perf: 0.7402
[51, 100] Train Error: 0.0047 | Train Perf: 0.9438 | Eval Error: 0.0219 | Eval Perf: 0.74
[52, 100] Train Error: 0.0044 | Train Perf: 0.9469 | Eval Error: 0.0221 | Eval Perf: 0.7516
[53, 100] Train Error: 0.0044 | Train Perf: 0.9468 | Eval Error: 0.0222 | Eval Perf: 0.7364
[54, 100] Train Error: 0.0042 | Train Perf: 0.9497 | Eval Error: 0.022 | Eval Perf: 0.739
[55, 100] Train Error: 0.0042 | Train Perf: 0.95 | Eval Error: 0.0222 | Eval Perf: 0.7356
[56, 100] Train Error: 0.0041 | Train Perf: 0.9503 | Eval Error: 0.022 | Eval Perf: 0.7432
[57, 100] Train Error: 0.0039 | Train Perf: 0.9526 | Eval Error: 0.0228 | Eval Perf: 0.7281
[58, 100] Train Error: 0.004 | Train Perf: 0.9524 | Eval Error: 0.0231 | Eval Perf: 0.728
[59, 100] Train Error: 0.0038 | Train Perf: 0.9541 | Eval Error: 0.0226 | Eval Perf: 0.7357
[60, 100] Train Error: 0.0037 | Train Perf: 0.9551 | Eval Error: 0.023 | Eval Perf: 0.7294
[61, 100] Train Error: 0.0036 | Train Perf: 0.9563 | Eval Error: 0.0235 | Eval Perf: 0.7274
[62, 100] Train Error: 0.0036 | Train Perf: 0.9567 | Eval Error: 0.0238 | Eval Perf: 0.7207
[63, 100] Train Error: 0.0036 | Train Perf: 0.957 | Eval Error: 0.0241 | Eval Perf: 0.7178
[64, 100] Train Error: 0.0035 | Train Perf: 0.9586 | Eval Error: 0.0241 | Eval Perf: 0.7213
[65, 100] Train Error: 0.0034 | Train Perf: 0.9598 | Eval Error: 0.0231 | Eval Perf: 0.7324
[66, 100] Train Error: 0.0034 | Train Perf: 0.9596 | Eval Error: 0.0239 | Eval Perf: 0.7214
[67, 100] Train Error: 0.0033 | Train Perf: 0.9607 | Eval Error: 0.0243 | Eval Perf: 0.7165
[68, 100] Train Error: 0.0033 | Train Perf: 0.9609 | Eval Error: 0.0245 | Eval Perf: 0.7169
[69, 100] Train Error: 0.0032 | Train Perf: 0.9613 | Eval Error: 0.024 | Eval Perf: 0.7178
[70, 100] Train Error: 0.0032 | Train Perf: 0.9622 | Eval Error: 0.0248 | Eval Perf: 0.7153
[71, 100] Train Error: 0.0031 | Train Perf: 0.9625 | Eval Error: 0.0247 | Eval Perf: 0.7142
[72, 100] Train Error: 0.0031 | Train Perf: 0.963 | Eval Error: 0.0249 | Eval Perf: 0.7157
[73, 100] Train Error: 0.003 | Train Perf: 0.9641 | Eval Error: 0.0252 | Eval Perf: 0.709
[74, 100] Train Error: 0.003 | Train Perf: 0.9647 | Eval Error: 0.0251 | Eval Perf: 0.7096
[75, 100] Train Error: 0.0029 | Train Perf: 0.965 | Eval Error: 0.0254 | Eval Perf: 0.7086
[76, 100] Train Error: 0.0029 | Train Perf: 0.9659 | Eval Error: 0.0254 | Eval Perf: 0.7077
[77, 100] Train Error: 0.0029 | Train Perf: 0.966 | Eval Error: 0.0256 | Eval Perf: 0.7073
[78, 100] Train Error: 0.0028 | Train Perf: 0.9667 | Eval Error: 0.026 | Eval Perf: 0.7019
[79, 100] Train Error: 0.0027 | Train Perf: 0.9673 | Eval Error: 0.0253 | Eval Perf: 0.7089
[80, 100] Train Error: 0.0027 | Train Perf: 0.9675 | Eval Error: 0.026 | Eval Perf: 0.6987
[81, 100] Train Error: 0.0027 | Train Perf: 0.968 | Eval Error: 0.026 | Eval Perf: 0.7034
[82, 100] Train Error: 0.0026 | Train Perf: 0.9688 | Eval Error: 0.0267 | Eval Perf: 0.6925
[83, 100] Train Error: 0.0026 | Train Perf: 0.9686 | Eval Error: 0.0264 | Eval Perf: 0.6956
[84, 100] Train Error: 0.0026 | Train Perf: 0.9692 | Eval Error: 0.0265 | Eval Perf: 0.6957
[85, 100] Train Error: 0.0025 | Train Perf: 0.9701 | Eval Error: 0.0265 | Eval Perf: 0.6935
[86, 100] Train Error: 0.0025 | Train Perf: 0.9703 | Eval Error: 0.0267 | Eval Perf: 0.6933
[87, 100] Train Error: 0.0025 | Train Perf: 0.9705 | Eval Error: 0.0266 | Eval Perf: 0.694
[88, 100] Train Error: 0.0025 | Train Perf: 0.9704 | Eval Error: 0.027 | Eval Perf: 0.69
[89, 100] Train Error: 0.0024 | Train Perf: 0.9713 | Eval Error: 0.027 | Eval Perf: 0.6915
[90, 100] Train Error: 0.0024 | Train Perf: 0.9719 | Eval Error: 0.0271 | Eval Perf: 0.6886
[91, 100] Train Error: 0.0023 | Train Perf: 0.9725 | Eval Error: 0.028 | Eval Perf: 0.682
[92, 100] Train Error: 0.0023 | Train Perf: 0.9727 | Eval Error: 0.0277 | Eval Perf: 0.6854
[93, 100] Train Error: 0.0023 | Train Perf: 0.973 | Eval Error: 0.0275 | Eval Perf: 0.6875
[94, 100] Train Error: 0.0022 | Train Perf: 0.9736 | Eval Error: 0.0283 | Eval Perf: 0.6782
[95, 100] Train Error: 0.0022 | Train Perf: 0.9736 | Eval Error: 0.0281 | Eval Perf: 0.6812
[96, 100] Train Error: 0.0022 | Train Perf: 0.9741 | Eval Error: 0.0283 | Eval Perf: 0.6768
[97, 100] Train Error: 0.0022 | Train Perf: 0.9743 | Eval Error: 0.0283 | Eval Perf: 0.6803
[98, 100] Train Error: 0.0021 | Train Perf: 0.975 | Eval Error: 0.0283 | Eval Perf: 0.6782
[99, 100] Train Error: 0.0021 | Train Perf: 0.9748 | Eval Error: 0.0278 | Eval Perf: 0.6828
[100, 100] Train Error: 0.0021 | Train Perf: 0.9756 | Eval Error: 0.0285 | Eval Perf: 0.6793
