NETWORK SUMMARY
---------------
Input Layer shape: (1, 180)
Hidden Layer shape: (181, 5)
Output layer shape: (6, 1)
Total parameters: 911

[1, 100] Train Error: 0.0406 | Train Perf: 0.226 | Eval Error: 0.031 | Eval Perf: 0.5418
[2, 100] Train Error: 0.0213 | Train Perf: 0.71 | Eval Error: 0.0268 | Eval Perf: 0.6756
[3, 100] Train Error: 0.016 | Train Perf: 0.7907 | Eval Error: 0.0237 | Eval Perf: 0.6756
[4, 100] Train Error: 0.0148 | Train Perf: 0.8095 | Eval Error: 0.0228 | Eval Perf: 0.6861
[5, 100] Train Error: 0.0136 | Train Perf: 0.8253 | Eval Error: 0.0248 | Eval Perf: 0.6952
[6, 100] Train Error: 0.0133 | Train Perf: 0.8301 | Eval Error: 0.0209 | Eval Perf: 0.7187
[7, 100] Train Error: 0.013 | Train Perf: 0.8348 | Eval Error: 0.022 | Eval Perf: 0.7111
[8, 100] Train Error: 0.0126 | Train Perf: 0.8398 | Eval Error: 0.0215 | Eval Perf: 0.716
[9, 100] Train Error: 0.012 | Train Perf: 0.8476 | Eval Error: 0.0218 | Eval Perf: 0.7026
[10, 100] Train Error: 0.0117 | Train Perf: 0.8525 | Eval Error: 0.0226 | Eval Perf: 0.7031
[11, 100] Train Error: 0.0115 | Train Perf: 0.8545 | Eval Error: 0.0217 | Eval Perf: 0.7054
[12, 100] Train Error: 0.011 | Train Perf: 0.8621 | Eval Error: 0.0213 | Eval Perf: 0.7124
[13, 100] Train Error: 0.0106 | Train Perf: 0.8667 | Eval Error: 0.022 | Eval Perf: 0.7059
[14, 100] Train Error: 0.0105 | Train Perf: 0.8679 | Eval Error: 0.0214 | Eval Perf: 0.7114
[15, 100] Train Error: 0.0101 | Train Perf: 0.8734 | Eval Error: 0.0216 | Eval Perf: 0.7108
[16, 100] Train Error: 0.0097 | Train Perf: 0.8792 | Eval Error: 0.0219 | Eval Perf: 0.7074
[17, 100] Train Error: 0.0096 | Train Perf: 0.8808 | Eval Error: 0.0214 | Eval Perf: 0.7102
[18, 100] Train Error: 0.0092 | Train Perf: 0.8862 | Eval Error: 0.0225 | Eval Perf: 0.7006
[19, 100] Train Error: 0.0092 | Train Perf: 0.886 | Eval Error: 0.0214 | Eval Perf: 0.7084
[20, 100] Train Error: 0.0088 | Train Perf: 0.8915 | Eval Error: 0.0227 | Eval Perf: 0.6983
[21, 100] Train Error: 0.0086 | Train Perf: 0.8937 | Eval Error: 0.0225 | Eval Perf: 0.7011
[22, 100] Train Error: 0.0084 | Train Perf: 0.8959 | Eval Error: 0.0227 | Eval Perf: 0.7006
[23, 100] Train Error: 0.0082 | Train Perf: 0.8988 | Eval Error: 0.0233 | Eval Perf: 0.6904
[24, 100] Train Error: 0.0081 | Train Perf: 0.9007 | Eval Error: 0.0233 | Eval Perf: 0.6904
[25, 100] Train Error: 0.0078 | Train Perf: 0.9046 | Eval Error: 0.0239 | Eval Perf: 0.6872
[26, 100] Train Error: 0.0076 | Train Perf: 0.9072 | Eval Error: 0.0232 | Eval Perf: 0.6973
[27, 100] Train Error: 0.0074 | Train Perf: 0.9093 | Eval Error: 0.0238 | Eval Perf: 0.686
[28, 100] Train Error: 0.0073 | Train Perf: 0.91 | Eval Error: 0.0237 | Eval Perf: 0.6893
[29, 100] Train Error: 0.0071 | Train Perf: 0.9135 | Eval Error: 0.024 | Eval Perf: 0.685
[30, 100] Train Error: 0.0069 | Train Perf: 0.9154 | Eval Error: 0.025 | Eval Perf: 0.6726
[31, 100] Train Error: 0.0069 | Train Perf: 0.9162 | Eval Error: 0.0243 | Eval Perf: 0.6819
[32, 100] Train Error: 0.0067 | Train Perf: 0.9187 | Eval Error: 0.0243 | Eval Perf: 0.6795
[33, 100] Train Error: 0.0065 | Train Perf: 0.9212 | Eval Error: 0.0255 | Eval Perf: 0.6705
[34, 100] Train Error: 0.0064 | Train Perf: 0.9223 | Eval Error: 0.025 | Eval Perf: 0.67
[35, 100] Train Error: 0.0063 | Train Perf: 0.9236 | Eval Error: 0.0273 | Eval Perf: 0.6665
[36, 100] Train Error: 0.0062 | Train Perf: 0.9249 | Eval Error: 0.0268 | Eval Perf: 0.6691
[37, 100] Train Error: 0.0061 | Train Perf: 0.9264 | Eval Error: 0.0255 | Eval Perf: 0.6681
[38, 100] Train Error: 0.0058 | Train Perf: 0.9292 | Eval Error: 0.0257 | Eval Perf: 0.6686
[39, 100] Train Error: 0.0058 | Train Perf: 0.9299 | Eval Error: 0.0262 | Eval Perf: 0.6608
[40, 100] Train Error: 0.0057 | Train Perf: 0.9312 | Eval Error: 0.0254 | Eval Perf: 0.6623
[41, 100] Train Error: 0.0055 | Train Perf: 0.9332 | Eval Error: 0.0263 | Eval Perf: 0.657
[42, 100] Train Error: 0.0053 | Train Perf: 0.9356 | Eval Error: 0.0267 | Eval Perf: 0.6632
[43, 100] Train Error: 0.0053 | Train Perf: 0.9363 | Eval Error: 0.0271 | Eval Perf: 0.6531
[44, 100] Train Error: 0.0051 | Train Perf: 0.9382 | Eval Error: 0.0256 | Eval Perf: 0.663
[45, 100] Train Error: 0.005 | Train Perf: 0.9397 | Eval Error: 0.0266 | Eval Perf: 0.6563
[46, 100] Train Error: 0.0049 | Train Perf: 0.9414 | Eval Error: 0.0268 | Eval Perf: 0.6512
[47, 100] Train Error: 0.0048 | Train Perf: 0.9424 | Eval Error: 0.0269 | Eval Perf: 0.6531
[48, 100] Train Error: 0.0046 | Train Perf: 0.9443 | Eval Error: 0.0273 | Eval Perf: 0.6477
[49, 100] Train Error: 0.0045 | Train Perf: 0.9457 | Eval Error: 0.0271 | Eval Perf: 0.6491
[50, 100] Train Error: 0.0045 | Train Perf: 0.9461 | Eval Error: 0.027 | Eval Perf: 0.6515
[51, 100] Train Error: 0.0044 | Train Perf: 0.9475 | Eval Error: 0.0273 | Eval Perf: 0.6475
[52, 100] Train Error: 0.0043 | Train Perf: 0.9484 | Eval Error: 0.0271 | Eval Perf: 0.6496
[53, 100] Train Error: 0.0042 | Train Perf: 0.9495 | Eval Error: 0.0282 | Eval Perf: 0.6375
[54, 100] Train Error: 0.004 | Train Perf: 0.9517 | Eval Error: 0.0281 | Eval Perf: 0.6419
[55, 100] Train Error: 0.004 | Train Perf: 0.9519 | Eval Error: 0.0288 | Eval Perf: 0.6292
[56, 100] Train Error: 0.0039 | Train Perf: 0.9532 | Eval Error: 0.0286 | Eval Perf: 0.6365
[57, 100] Train Error: 0.0038 | Train Perf: 0.9546 | Eval Error: 0.0285 | Eval Perf: 0.6401
[58, 100] Train Error: 0.0037 | Train Perf: 0.9563 | Eval Error: 0.0293 | Eval Perf: 0.6309
[59, 100] Train Error: 0.0036 | Train Perf: 0.9565 | Eval Error: 0.03 | Eval Perf: 0.6271
[60, 100] Train Error: 0.0035 | Train Perf: 0.9586 | Eval Error: 0.0295 | Eval Perf: 0.6248
[61, 100] Train Error: 0.0035 | Train Perf: 0.9585 | Eval Error: 0.0303 | Eval Perf: 0.6325
[62, 100] Train Error: 0.0034 | Train Perf: 0.9591 | Eval Error: 0.0305 | Eval Perf: 0.6165
[63, 100] Train Error: 0.0033 | Train Perf: 0.9601 | Eval Error: 0.0299 | Eval Perf: 0.6204
[64, 100] Train Error: 0.0032 | Train Perf: 0.9613 | Eval Error: 0.0302 | Eval Perf: 0.6242
[65, 100] Train Error: 0.0032 | Train Perf: 0.9618 | Eval Error: 0.0317 | Eval Perf: 0.6243
[66, 100] Train Error: 0.0032 | Train Perf: 0.9623 | Eval Error: 0.0314 | Eval Perf: 0.6099
[67, 100] Train Error: 0.003 | Train Perf: 0.9637 | Eval Error: 0.0318 | Eval Perf: 0.6077
[68, 100] Train Error: 0.003 | Train Perf: 0.9645 | Eval Error: 0.0309 | Eval Perf: 0.6132
[69, 100] Train Error: 0.003 | Train Perf: 0.9647 | Eval Error: 0.0316 | Eval Perf: 0.6054
[70, 100] Train Error: 0.0029 | Train Perf: 0.9656 | Eval Error: 0.0318 | Eval Perf: 0.6065
[71, 100] Train Error: 0.0029 | Train Perf: 0.9658 | Eval Error: 0.0314 | Eval Perf: 0.6068
[72, 100] Train Error: 0.0028 | Train Perf: 0.9662 | Eval Error: 0.0319 | Eval Perf: 0.6118
[73, 100] Train Error: 0.0028 | Train Perf: 0.9672 | Eval Error: 0.0326 | Eval Perf: 0.6024
[74, 100] Train Error: 0.0027 | Train Perf: 0.9681 | Eval Error: 0.0327 | Eval Perf: 0.6026
[75, 100] Train Error: 0.0027 | Train Perf: 0.9679 | Eval Error: 0.0332 | Eval Perf: 0.604
[76, 100] Train Error: 0.0026 | Train Perf: 0.9688 | Eval Error: 0.0321 | Eval Perf: 0.601
[77, 100] Train Error: 0.0026 | Train Perf: 0.9696 | Eval Error: 0.0329 | Eval Perf: 0.5972
[78, 100] Train Error: 0.0025 | Train Perf: 0.9697 | Eval Error: 0.0336 | Eval Perf: 0.6014
[79, 100] Train Error: 0.0025 | Train Perf: 0.9702 | Eval Error: 0.0338 | Eval Perf: 0.5976
[80, 100] Train Error: 0.0025 | Train Perf: 0.9707 | Eval Error: 0.0334 | Eval Perf: 0.5945
[81, 100] Train Error: 0.0025 | Train Perf: 0.9708 | Eval Error: 0.033 | Eval Perf: 0.5998
[82, 100] Train Error: 0.0024 | Train Perf: 0.9718 | Eval Error: 0.0327 | Eval Perf: 0.5996
[83, 100] Train Error: 0.0024 | Train Perf: 0.9715 | Eval Error: 0.0334 | Eval Perf: 0.5936
[84, 100] Train Error: 0.0023 | Train Perf: 0.9723 | Eval Error: 0.0333 | Eval Perf: 0.5891
[85, 100] Train Error: 0.0023 | Train Perf: 0.973 | Eval Error: 0.0336 | Eval Perf: 0.5961
[86, 100] Train Error: 0.0023 | Train Perf: 0.9731 | Eval Error: 0.0334 | Eval Perf: 0.5912
[87, 100] Train Error: 0.0023 | Train Perf: 0.9732 | Eval Error: 0.0337 | Eval Perf: 0.5925
[88, 100] Train Error: 0.0023 | Train Perf: 0.9732 | Eval Error: 0.0338 | Eval Perf: 0.5924
[89, 100] Train Error: 0.0022 | Train Perf: 0.9741 | Eval Error: 0.0353 | Eval Perf: 0.5884
[90, 100] Train Error: 0.0022 | Train Perf: 0.9741 | Eval Error: 0.034 | Eval Perf: 0.59
[91, 100] Train Error: 0.0021 | Train Perf: 0.9752 | Eval Error: 0.0343 | Eval Perf: 0.5881
[92, 100] Train Error: 0.0021 | Train Perf: 0.9748 | Eval Error: 0.0346 | Eval Perf: 0.5875
[93, 100] Train Error: 0.0021 | Train Perf: 0.9754 | Eval Error: 0.0345 | Eval Perf: 0.5885
[94, 100] Train Error: 0.0021 | Train Perf: 0.9755 | Eval Error: 0.0349 | Eval Perf: 0.5826
[95, 100] Train Error: 0.002 | Train Perf: 0.9763 | Eval Error: 0.0351 | Eval Perf: 0.5809
[96, 100] Train Error: 0.002 | Train Perf: 0.9762 | Eval Error: 0.0343 | Eval Perf: 0.5854
[97, 100] Train Error: 0.002 | Train Perf: 0.9761 | Eval Error: 0.0356 | Eval Perf: 0.5837
[98, 100] Train Error: 0.002 | Train Perf: 0.9764 | Eval Error: 0.0362 | Eval Perf: 0.576
[99, 100] Train Error: 0.002 | Train Perf: 0.9768 | Eval Error: 0.0355 | Eval Perf: 0.5745
[100, 100] Train Error: 0.002 | Train Perf: 0.9765 | Eval Error: 0.036 | Eval Perf: 0.5799
