NETWORK SUMMARY
---------------
Input Layer shape: (1, 180)
Hidden Layer shape: (181, 5)
Output layer shape: (6, 1)
Total parameters: 911

[1, 100] Train Error: 0.037 | Train Perf: 0.0003 | Eval Error: 0.0368 | Eval Perf: 0.1943
[2, 100] Train Error: 0.0359 | Train Perf: 0.1125 | Eval Error: 0.036 | Eval Perf: 0.377
[3, 100] Train Error: 0.0352 | Train Perf: 0.263 | Eval Error: 0.0354 | Eval Perf: 0.4639
[4, 100] Train Error: 0.0341 | Train Perf: 0.4045 | Eval Error: 0.0342 | Eval Perf: 0.5065
[5, 100] Train Error: 0.0323 | Train Perf: 0.512 | Eval Error: 0.0327 | Eval Perf: 0.5316
[6, 100] Train Error: 0.03 | Train Perf: 0.5936 | Eval Error: 0.0306 | Eval Perf: 0.5534
[7, 100] Train Error: 0.0272 | Train Perf: 0.6378 | Eval Error: 0.0289 | Eval Perf: 0.5759
[8, 100] Train Error: 0.0244 | Train Perf: 0.6676 | Eval Error: 0.0264 | Eval Perf: 0.5998
[9, 100] Train Error: 0.0219 | Train Perf: 0.7028 | Eval Error: 0.0249 | Eval Perf: 0.6211
[10, 100] Train Error: 0.0198 | Train Perf: 0.7234 | Eval Error: 0.0229 | Eval Perf: 0.6435
[11, 100] Train Error: 0.0181 | Train Perf: 0.7435 | Eval Error: 0.0217 | Eval Perf: 0.6613
[12, 100] Train Error: 0.0167 | Train Perf: 0.7618 | Eval Error: 0.021 | Eval Perf: 0.6748
[13, 100] Train Error: 0.0156 | Train Perf: 0.7762 | Eval Error: 0.0201 | Eval Perf: 0.6862
[14, 100] Train Error: 0.0147 | Train Perf: 0.7858 | Eval Error: 0.0192 | Eval Perf: 0.6991
[15, 100] Train Error: 0.014 | Train Perf: 0.7953 | Eval Error: 0.019 | Eval Perf: 0.7041
[16, 100] Train Error: 0.0136 | Train Perf: 0.8 | Eval Error: 0.0185 | Eval Perf: 0.7114
[17, 100] Train Error: 0.0131 | Train Perf: 0.8056 | Eval Error: 0.0178 | Eval Perf: 0.7194
[18, 100] Train Error: 0.0128 | Train Perf: 0.8098 | Eval Error: 0.0177 | Eval Perf: 0.7223
[19, 100] Train Error: 0.0125 | Train Perf: 0.8132 | Eval Error: 0.0173 | Eval Perf: 0.729
[20, 100] Train Error: 0.0123 | Train Perf: 0.8168 | Eval Error: 0.0171 | Eval Perf: 0.7302
[21, 100] Train Error: 0.0121 | Train Perf: 0.8191 | Eval Error: 0.0169 | Eval Perf: 0.7347
[22, 100] Train Error: 0.0119 | Train Perf: 0.822 | Eval Error: 0.0168 | Eval Perf: 0.7371
[23, 100] Train Error: 0.0117 | Train Perf: 0.8244 | Eval Error: 0.0167 | Eval Perf: 0.7407
[24, 100] Train Error: 0.0117 | Train Perf: 0.8252 | Eval Error: 0.0165 | Eval Perf: 0.7415
[25, 100] Train Error: 0.0115 | Train Perf: 0.8268 | Eval Error: 0.0163 | Eval Perf: 0.7443
[26, 100] Train Error: 0.0115 | Train Perf: 0.8282 | Eval Error: 0.0163 | Eval Perf: 0.7458
[27, 100] Train Error: 0.0114 | Train Perf: 0.8297 | Eval Error: 0.0163 | Eval Perf: 0.746
[28, 100] Train Error: 0.0112 | Train Perf: 0.8328 | Eval Error: 0.0164 | Eval Perf: 0.7461
[29, 100] Train Error: 0.0112 | Train Perf: 0.8311 | Eval Error: 0.0161 | Eval Perf: 0.7513
[30, 100] Train Error: 0.0112 | Train Perf: 0.8316 | Eval Error: 0.0159 | Eval Perf: 0.7527
[31, 100] Train Error: 0.0111 | Train Perf: 0.8332 | Eval Error: 0.0158 | Eval Perf: 0.7535
[32, 100] Train Error: 0.0111 | Train Perf: 0.8331 | Eval Error: 0.0158 | Eval Perf: 0.7542
[33, 100] Train Error: 0.0111 | Train Perf: 0.8339 | Eval Error: 0.0158 | Eval Perf: 0.7547
[34, 100] Train Error: 0.011 | Train Perf: 0.8343 | Eval Error: 0.0158 | Eval Perf: 0.755
[35, 100] Train Error: 0.011 | Train Perf: 0.8351 | Eval Error: 0.0158 | Eval Perf: 0.7545
[36, 100] Train Error: 0.011 | Train Perf: 0.8355 | Eval Error: 0.0157 | Eval Perf: 0.7561
[37, 100] Train Error: 0.0109 | Train Perf: 0.8363 | Eval Error: 0.0158 | Eval Perf: 0.7559
[38, 100] Train Error: 0.0109 | Train Perf: 0.8367 | Eval Error: 0.0159 | Eval Perf: 0.7543
[39, 100] Train Error: 0.0109 | Train Perf: 0.8371 | Eval Error: 0.0157 | Eval Perf: 0.7571
[40, 100] Train Error: 0.0108 | Train Perf: 0.838 | Eval Error: 0.0157 | Eval Perf: 0.7579
[41, 100] Train Error: 0.0108 | Train Perf: 0.8378 | Eval Error: 0.0157 | Eval Perf: 0.7573
[42, 100] Train Error: 0.0108 | Train Perf: 0.838 | Eval Error: 0.0157 | Eval Perf: 0.7574
[43, 100] Train Error: 0.0108 | Train Perf: 0.839 | Eval Error: 0.0157 | Eval Perf: 0.7592
[44, 100] Train Error: 0.0107 | Train Perf: 0.8393 | Eval Error: 0.0156 | Eval Perf: 0.7587
[45, 100] Train Error: 0.0107 | Train Perf: 0.8399 | Eval Error: 0.0156 | Eval Perf: 0.7589
[46, 100] Train Error: 0.0107 | Train Perf: 0.84 | Eval Error: 0.0157 | Eval Perf: 0.7593
[47, 100] Train Error: 0.0107 | Train Perf: 0.84 | Eval Error: 0.0157 | Eval Perf: 0.7611
[48, 100] Train Error: 0.0107 | Train Perf: 0.8394 | Eval Error: 0.0155 | Eval Perf: 0.7601
[49, 100] Train Error: 0.0107 | Train Perf: 0.8405 | Eval Error: 0.0155 | Eval Perf: 0.7606
[50, 100] Train Error: 0.0107 | Train Perf: 0.8404 | Eval Error: 0.0155 | Eval Perf: 0.7616
[51, 100] Train Error: 0.0106 | Train Perf: 0.8414 | Eval Error: 0.0154 | Eval Perf: 0.7618
[52, 100] Train Error: 0.0106 | Train Perf: 0.8414 | Eval Error: 0.0154 | Eval Perf: 0.7623
[53, 100] Train Error: 0.0105 | Train Perf: 0.8424 | Eval Error: 0.0156 | Eval Perf: 0.7622
[54, 100] Train Error: 0.0105 | Train Perf: 0.8427 | Eval Error: 0.0155 | Eval Perf: 0.7618
[55, 100] Train Error: 0.0104 | Train Perf: 0.8449 | Eval Error: 0.0165 | Eval Perf: 0.7576
[56, 100] Train Error: 0.0105 | Train Perf: 0.8438 | Eval Error: 0.0155 | Eval Perf: 0.7623
[57, 100] Train Error: 0.0105 | Train Perf: 0.8439 | Eval Error: 0.0154 | Eval Perf: 0.7626
[58, 100] Train Error: 0.0104 | Train Perf: 0.8443 | Eval Error: 0.0154 | Eval Perf: 0.763
[59, 100] Train Error: 0.0104 | Train Perf: 0.8449 | Eval Error: 0.0156 | Eval Perf: 0.7625
[60, 100] Train Error: 0.0104 | Train Perf: 0.8447 | Eval Error: 0.0153 | Eval Perf: 0.7635
[61, 100] Train Error: 0.0104 | Train Perf: 0.8452 | Eval Error: 0.0155 | Eval Perf: 0.7632
[62, 100] Train Error: 0.0104 | Train Perf: 0.8452 | Eval Error: 0.0155 | Eval Perf: 0.7629
[63, 100] Train Error: 0.0103 | Train Perf: 0.8462 | Eval Error: 0.0155 | Eval Perf: 0.7627
[64, 100] Train Error: 0.0103 | Train Perf: 0.8465 | Eval Error: 0.0155 | Eval Perf: 0.7633
[65, 100] Train Error: 0.0103 | Train Perf: 0.8465 | Eval Error: 0.0153 | Eval Perf: 0.7638
[66, 100] Train Error: 0.0103 | Train Perf: 0.8467 | Eval Error: 0.0153 | Eval Perf: 0.7641
[67, 100] Train Error: 0.0103 | Train Perf: 0.8467 | Eval Error: 0.0153 | Eval Perf: 0.7645
[68, 100] Train Error: 0.0102 | Train Perf: 0.8477 | Eval Error: 0.0154 | Eval Perf: 0.7645
[69, 100] Train Error: 0.0102 | Train Perf: 0.8481 | Eval Error: 0.0156 | Eval Perf: 0.7634
[70, 100] Train Error: 0.0102 | Train Perf: 0.8487 | Eval Error: 0.0153 | Eval Perf: 0.7653
[71, 100] Train Error: 0.0101 | Train Perf: 0.8491 | Eval Error: 0.0155 | Eval Perf: 0.7632
[72, 100] Train Error: 0.0101 | Train Perf: 0.8493 | Eval Error: 0.0155 | Eval Perf: 0.7637
[73, 100] Train Error: 0.0101 | Train Perf: 0.8504 | Eval Error: 0.0153 | Eval Perf: 0.7648
[74, 100] Train Error: 0.0101 | Train Perf: 0.8496 | Eval Error: 0.0153 | Eval Perf: 0.7641
[75, 100] Train Error: 0.0101 | Train Perf: 0.8502 | Eval Error: 0.0153 | Eval Perf: 0.7652
[76, 100] Train Error: 0.01 | Train Perf: 0.8509 | Eval Error: 0.0153 | Eval Perf: 0.765
[77, 100] Train Error: 0.01 | Train Perf: 0.852 | Eval Error: 0.0153 | Eval Perf: 0.7653
[78, 100] Train Error: 0.01 | Train Perf: 0.8512 | Eval Error: 0.0153 | Eval Perf: 0.7645
[79, 100] Train Error: 0.0099 | Train Perf: 0.8531 | Eval Error: 0.0153 | Eval Perf: 0.7664
[80, 100] Train Error: 0.0099 | Train Perf: 0.8531 | Eval Error: 0.0152 | Eval Perf: 0.766
[81, 100] Train Error: 0.0099 | Train Perf: 0.8531 | Eval Error: 0.0152 | Eval Perf: 0.7665
[82, 100] Train Error: 0.0098 | Train Perf: 0.854 | Eval Error: 0.0152 | Eval Perf: 0.7663
[83, 100] Train Error: 0.0099 | Train Perf: 0.8535 | Eval Error: 0.0153 | Eval Perf: 0.7658
[84, 100] Train Error: 0.0098 | Train Perf: 0.8541 | Eval Error: 0.0153 | Eval Perf: 0.7662
[85, 100] Train Error: 0.0098 | Train Perf: 0.8548 | Eval Error: 0.0152 | Eval Perf: 0.7663
[86, 100] Train Error: 0.0097 | Train Perf: 0.8561 | Eval Error: 0.0154 | Eval Perf: 0.7664
[87, 100] Train Error: 0.0097 | Train Perf: 0.8561 | Eval Error: 0.0152 | Eval Perf: 0.7669
[88, 100] Train Error: 0.0097 | Train Perf: 0.8561 | Eval Error: 0.0153 | Eval Perf: 0.7662
[89, 100] Train Error: 0.0097 | Train Perf: 0.8559 | Eval Error: 0.0153 | Eval Perf: 0.7661
[90, 100] Train Error: 0.0097 | Train Perf: 0.8562 | Eval Error: 0.0152 | Eval Perf: 0.7672
[91, 100] Train Error: 0.0097 | Train Perf: 0.8569 | Eval Error: 0.0157 | Eval Perf: 0.7667
[92, 100] Train Error: 0.0096 | Train Perf: 0.8584 | Eval Error: 0.0153 | Eval Perf: 0.7678
[93, 100] Train Error: 0.0096 | Train Perf: 0.858 | Eval Error: 0.0154 | Eval Perf: 0.7673
[94, 100] Train Error: 0.0096 | Train Perf: 0.8582 | Eval Error: 0.0153 | Eval Perf: 0.7669
[95, 100] Train Error: 0.0095 | Train Perf: 0.8587 | Eval Error: 0.0154 | Eval Perf: 0.7671
[96, 100] Train Error: 0.0095 | Train Perf: 0.859 | Eval Error: 0.0152 | Eval Perf: 0.7679
[97, 100] Train Error: 0.0095 | Train Perf: 0.8593 | Eval Error: 0.0152 | Eval Perf: 0.7675
[98, 100] Train Error: 0.0095 | Train Perf: 0.859 | Eval Error: 0.0154 | Eval Perf: 0.767
[99, 100] Train Error: 0.0095 | Train Perf: 0.8601 | Eval Error: 0.0154 | Eval Perf: 0.7666
[100, 100] Train Error: 0.0094 | Train Perf: 0.8603 | Eval Error: 0.0152 | Eval Perf: 0.7677
