NETWORK SUMMARY
---------------
Input Layer shape: (1, 180)
Hidden Layer shape: (181, 5)
Output layer shape: (6, 1)
Total parameters: 911

[1, 100] Train Error: 0.0278 | Train Perf: 0.6212 | Eval Error: 0.0256 | Eval Perf: 0.6987
[2, 100] Train Error: 0.0181 | Train Perf: 0.7745 | Eval Error: 0.0206 | Eval Perf: 0.7421
[3, 100] Train Error: 0.0156 | Train Perf: 0.8104 | Eval Error: 0.0219 | Eval Perf: 0.7314
[4, 100] Train Error: 0.0143 | Train Perf: 0.8266 | Eval Error: 0.0204 | Eval Perf: 0.767
[5, 100] Train Error: 0.0128 | Train Perf: 0.8464 | Eval Error: 0.021 | Eval Perf: 0.7544
[6, 100] Train Error: 0.0123 | Train Perf: 0.8537 | Eval Error: 0.0216 | Eval Perf: 0.7616
[7, 100] Train Error: 0.0114 | Train Perf: 0.8645 | Eval Error: 0.0201 | Eval Perf: 0.7541
[8, 100] Train Error: 0.0109 | Train Perf: 0.8712 | Eval Error: 0.0177 | Eval Perf: 0.7816
[9, 100] Train Error: 0.0104 | Train Perf: 0.8771 | Eval Error: 0.0193 | Eval Perf: 0.7671
[10, 100] Train Error: 0.01 | Train Perf: 0.8832 | Eval Error: 0.0197 | Eval Perf: 0.7753
[11, 100] Train Error: 0.0095 | Train Perf: 0.889 | Eval Error: 0.0198 | Eval Perf: 0.7735
[12, 100] Train Error: 0.0098 | Train Perf: 0.8848 | Eval Error: 0.0187 | Eval Perf: 0.779
[13, 100] Train Error: 0.0092 | Train Perf: 0.8928 | Eval Error: 0.0194 | Eval Perf: 0.7716
[14, 100] Train Error: 0.0087 | Train Perf: 0.8984 | Eval Error: 0.0191 | Eval Perf: 0.7762
[15, 100] Train Error: 0.0087 | Train Perf: 0.8984 | Eval Error: 0.0194 | Eval Perf: 0.7712
[16, 100] Train Error: 0.0083 | Train Perf: 0.9043 | Eval Error: 0.02 | Eval Perf: 0.7682
[17, 100] Train Error: 0.0081 | Train Perf: 0.9059 | Eval Error: 0.0187 | Eval Perf: 0.7795
[18, 100] Train Error: 0.0081 | Train Perf: 0.906 | Eval Error: 0.0189 | Eval Perf: 0.7745
[19, 100] Train Error: 0.0078 | Train Perf: 0.9093 | Eval Error: 0.0193 | Eval Perf: 0.767
[20, 100] Train Error: 0.0079 | Train Perf: 0.9088 | Eval Error: 0.0208 | Eval Perf: 0.7585
[21, 100] Train Error: 0.0078 | Train Perf: 0.9095 | Eval Error: 0.0192 | Eval Perf: 0.7746
[22, 100] Train Error: 0.0075 | Train Perf: 0.9135 | Eval Error: 0.0203 | Eval Perf: 0.7643
[23, 100] Train Error: 0.0074 | Train Perf: 0.9148 | Eval Error: 0.0198 | Eval Perf: 0.7598
[24, 100] Train Error: 0.0071 | Train Perf: 0.9181 | Eval Error: 0.02 | Eval Perf: 0.7576
[25, 100] Train Error: 0.0071 | Train Perf: 0.918 | Eval Error: 0.022 | Eval Perf: 0.758
[26, 100] Train Error: 0.0071 | Train Perf: 0.9183 | Eval Error: 0.02 | Eval Perf: 0.764
[27, 100] Train Error: 0.0069 | Train Perf: 0.9202 | Eval Error: 0.0202 | Eval Perf: 0.7642
[28, 100] Train Error: 0.0068 | Train Perf: 0.9223 | Eval Error: 0.0198 | Eval Perf: 0.7649
[29, 100] Train Error: 0.0065 | Train Perf: 0.9252 | Eval Error: 0.0199 | Eval Perf: 0.7671
[30, 100] Train Error: 0.0066 | Train Perf: 0.9242 | Eval Error: 0.0196 | Eval Perf: 0.7693
[31, 100] Train Error: 0.0064 | Train Perf: 0.9265 | Eval Error: 0.0221 | Eval Perf: 0.7501
[32, 100] Train Error: 0.0064 | Train Perf: 0.9267 | Eval Error: 0.0204 | Eval Perf: 0.7625
[33, 100] Train Error: 0.0065 | Train Perf: 0.9256 | Eval Error: 0.0211 | Eval Perf: 0.7501
[34, 100] Train Error: 0.0061 | Train Perf: 0.93 | Eval Error: 0.0211 | Eval Perf: 0.7546
[35, 100] Train Error: 0.0061 | Train Perf: 0.9301 | Eval Error: 0.0199 | Eval Perf: 0.7684
[36, 100] Train Error: 0.0062 | Train Perf: 0.9288 | Eval Error: 0.0226 | Eval Perf: 0.7516
[37, 100] Train Error: 0.0061 | Train Perf: 0.9301 | Eval Error: 0.0211 | Eval Perf: 0.7545
[38, 100] Train Error: 0.0058 | Train Perf: 0.9332 | Eval Error: 0.0206 | Eval Perf: 0.761
[39, 100] Train Error: 0.006 | Train Perf: 0.9315 | Eval Error: 0.0211 | Eval Perf: 0.7542
[40, 100] Train Error: 0.0059 | Train Perf: 0.9324 | Eval Error: 0.0212 | Eval Perf: 0.7572
[41, 100] Train Error: 0.006 | Train Perf: 0.9309 | Eval Error: 0.0217 | Eval Perf: 0.7479
[42, 100] Train Error: 0.0059 | Train Perf: 0.9321 | Eval Error: 0.0212 | Eval Perf: 0.7516
[43, 100] Train Error: 0.0057 | Train Perf: 0.9346 | Eval Error: 0.0211 | Eval Perf: 0.7574
[44, 100] Train Error: 0.0056 | Train Perf: 0.9356 | Eval Error: 0.022 | Eval Perf: 0.7522
[45, 100] Train Error: 0.0059 | Train Perf: 0.933 | Eval Error: 0.0208 | Eval Perf: 0.7616
[46, 100] Train Error: 0.0055 | Train Perf: 0.9375 | Eval Error: 0.0221 | Eval Perf: 0.7435
[47, 100] Train Error: 0.0057 | Train Perf: 0.9354 | Eval Error: 0.0214 | Eval Perf: 0.752
[48, 100] Train Error: 0.0056 | Train Perf: 0.9359 | Eval Error: 0.021 | Eval Perf: 0.7561
[49, 100] Train Error: 0.0054 | Train Perf: 0.9385 | Eval Error: 0.0215 | Eval Perf: 0.7476
[50, 100] Train Error: 0.0055 | Train Perf: 0.937 | Eval Error: 0.0212 | Eval Perf: 0.7565
[51, 100] Train Error: 0.0055 | Train Perf: 0.9377 | Eval Error: 0.0217 | Eval Perf: 0.7505
[52, 100] Train Error: 0.0054 | Train Perf: 0.9383 | Eval Error: 0.0219 | Eval Perf: 0.7456
[53, 100] Train Error: 0.0055 | Train Perf: 0.9379 | Eval Error: 0.0214 | Eval Perf: 0.7476
[54, 100] Train Error: 0.0053 | Train Perf: 0.9398 | Eval Error: 0.021 | Eval Perf: 0.7552
[55, 100] Train Error: 0.0053 | Train Perf: 0.9392 | Eval Error: 0.0218 | Eval Perf: 0.7534
[56, 100] Train Error: 0.0052 | Train Perf: 0.9406 | Eval Error: 0.022 | Eval Perf: 0.7459
[57, 100] Train Error: 0.0052 | Train Perf: 0.9411 | Eval Error: 0.021 | Eval Perf: 0.7556
[58, 100] Train Error: 0.0052 | Train Perf: 0.9413 | Eval Error: 0.0215 | Eval Perf: 0.753
[59, 100] Train Error: 0.005 | Train Perf: 0.943 | Eval Error: 0.0216 | Eval Perf: 0.7511
[60, 100] Train Error: 0.0053 | Train Perf: 0.9401 | Eval Error: 0.0216 | Eval Perf: 0.7529
[61, 100] Train Error: 0.0051 | Train Perf: 0.9421 | Eval Error: 0.0222 | Eval Perf: 0.7476
[62, 100] Train Error: 0.0051 | Train Perf: 0.9422 | Eval Error: 0.0214 | Eval Perf: 0.7521
[63, 100] Train Error: 0.0051 | Train Perf: 0.9423 | Eval Error: 0.0215 | Eval Perf: 0.7571
[64, 100] Train Error: 0.005 | Train Perf: 0.9432 | Eval Error: 0.0222 | Eval Perf: 0.7495
[65, 100] Train Error: 0.0051 | Train Perf: 0.9423 | Eval Error: 0.0216 | Eval Perf: 0.7558
[66, 100] Train Error: 0.005 | Train Perf: 0.9437 | Eval Error: 0.0211 | Eval Perf: 0.756
[67, 100] Train Error: 0.0049 | Train Perf: 0.944 | Eval Error: 0.0224 | Eval Perf: 0.7408
[68, 100] Train Error: 0.005 | Train Perf: 0.9435 | Eval Error: 0.0218 | Eval Perf: 0.7479
[69, 100] Train Error: 0.0048 | Train Perf: 0.945 | Eval Error: 0.022 | Eval Perf: 0.7495
[70, 100] Train Error: 0.0049 | Train Perf: 0.9447 | Eval Error: 0.0219 | Eval Perf: 0.7496
[71, 100] Train Error: 0.0048 | Train Perf: 0.9449 | Eval Error: 0.0221 | Eval Perf: 0.7524
[72, 100] Train Error: 0.0048 | Train Perf: 0.9459 | Eval Error: 0.0219 | Eval Perf: 0.7539
[73, 100] Train Error: 0.0047 | Train Perf: 0.947 | Eval Error: 0.0213 | Eval Perf: 0.7566
[74, 100] Train Error: 0.0049 | Train Perf: 0.944 | Eval Error: 0.0214 | Eval Perf: 0.7552
[75, 100] Train Error: 0.0049 | Train Perf: 0.9446 | Eval Error: 0.0224 | Eval Perf: 0.7437
[76, 100] Train Error: 0.0048 | Train Perf: 0.9456 | Eval Error: 0.0221 | Eval Perf: 0.7475
[77, 100] Train Error: 0.0048 | Train Perf: 0.946 | Eval Error: 0.0212 | Eval Perf: 0.7565
[78, 100] Train Error: 0.0048 | Train Perf: 0.9461 | Eval Error: 0.0221 | Eval Perf: 0.7484
[79, 100] Train Error: 0.0046 | Train Perf: 0.9479 | Eval Error: 0.0213 | Eval Perf: 0.7597
[80, 100] Train Error: 0.0047 | Train Perf: 0.9467 | Eval Error: 0.0217 | Eval Perf: 0.7517
[81, 100] Train Error: 0.0046 | Train Perf: 0.9477 | Eval Error: 0.0223 | Eval Perf: 0.7464
[82, 100] Train Error: 0.0046 | Train Perf: 0.9483 | Eval Error: 0.0224 | Eval Perf: 0.7508
[83, 100] Train Error: 0.0045 | Train Perf: 0.9493 | Eval Error: 0.0219 | Eval Perf: 0.7501
[84, 100] Train Error: 0.0046 | Train Perf: 0.9483 | Eval Error: 0.0219 | Eval Perf: 0.7512
[85, 100] Train Error: 0.0045 | Train Perf: 0.9486 | Eval Error: 0.0222 | Eval Perf: 0.7466
[86, 100] Train Error: 0.0045 | Train Perf: 0.9487 | Eval Error: 0.022 | Eval Perf: 0.7484
[87, 100] Train Error: 0.0045 | Train Perf: 0.949 | Eval Error: 0.0219 | Eval Perf: 0.7507
[88, 100] Train Error: 0.0046 | Train Perf: 0.9484 | Eval Error: 0.0224 | Eval Perf: 0.7453
[89, 100] Train Error: 0.0045 | Train Perf: 0.9494 | Eval Error: 0.0221 | Eval Perf: 0.7505
[90, 100] Train Error: 0.0045 | Train Perf: 0.9492 | Eval Error: 0.0227 | Eval Perf: 0.7429
[91, 100] Train Error: 0.0044 | Train Perf: 0.9503 | Eval Error: 0.0228 | Eval Perf: 0.744
[92, 100] Train Error: 0.0044 | Train Perf: 0.9504 | Eval Error: 0.022 | Eval Perf: 0.7495
[93, 100] Train Error: 0.0043 | Train Perf: 0.9509 | Eval Error: 0.0223 | Eval Perf: 0.7438
[94, 100] Train Error: 0.0044 | Train Perf: 0.9507 | Eval Error: 0.023 | Eval Perf: 0.7376
[95, 100] Train Error: 0.0044 | Train Perf: 0.9499 | Eval Error: 0.0225 | Eval Perf: 0.7444
[96, 100] Train Error: 0.0044 | Train Perf: 0.9505 | Eval Error: 0.022 | Eval Perf: 0.7486
[97, 100] Train Error: 0.0044 | Train Perf: 0.9502 | Eval Error: 0.022 | Eval Perf: 0.7456
[98, 100] Train Error: 0.0043 | Train Perf: 0.9512 | Eval Error: 0.0221 | Eval Perf: 0.7487
[99, 100] Train Error: 0.0043 | Train Perf: 0.9509 | Eval Error: 0.0228 | Eval Perf: 0.7452
[100, 100] Train Error: 0.0042 | Train Perf: 0.9522 | Eval Error: 0.0226 | Eval Perf: 0.7438
