NETWORK SUMMARY
---------------
Input Layer shape: (1, 180)
Hidden Layer shape: (181, 5)
Output layer shape: (6, 1)
Total parameters: 911

[1, 100] Train Error: 0.0145 | Train Perf: 0.6502 | Eval Error: 0.01 | Eval Perf: 0.7868
[2, 100] Train Error: 0.0097 | Train Perf: 0.7837 | Eval Error: 0.0111 | Eval Perf: 0.7785
[3, 100] Train Error: 0.0078 | Train Perf: 0.831 | Eval Error: 0.009 | Eval Perf: 0.8056
[4, 100] Train Error: 0.007 | Train Perf: 0.851 | Eval Error: 0.0085 | Eval Perf: 0.8168
[5, 100] Train Error: 0.0062 | Train Perf: 0.8674 | Eval Error: 0.0091 | Eval Perf: 0.8129
[6, 100] Train Error: 0.0061 | Train Perf: 0.8718 | Eval Error: 0.009 | Eval Perf: 0.8041
[7, 100] Train Error: 0.0055 | Train Perf: 0.8846 | Eval Error: 0.0088 | Eval Perf: 0.8146
[8, 100] Train Error: 0.0053 | Train Perf: 0.8885 | Eval Error: 0.0086 | Eval Perf: 0.8167
[9, 100] Train Error: 0.005 | Train Perf: 0.8946 | Eval Error: 0.0096 | Eval Perf: 0.7961
[10, 100] Train Error: 0.0048 | Train Perf: 0.9007 | Eval Error: 0.0092 | Eval Perf: 0.803
[11, 100] Train Error: 0.0044 | Train Perf: 0.9086 | Eval Error: 0.0089 | Eval Perf: 0.8093
[12, 100] Train Error: 0.0043 | Train Perf: 0.91 | Eval Error: 0.0096 | Eval Perf: 0.8035
[13, 100] Train Error: 0.0042 | Train Perf: 0.9129 | Eval Error: 0.0092 | Eval Perf: 0.8118
[14, 100] Train Error: 0.0039 | Train Perf: 0.9203 | Eval Error: 0.0089 | Eval Perf: 0.8137
[15, 100] Train Error: 0.0038 | Train Perf: 0.9227 | Eval Error: 0.0094 | Eval Perf: 0.8115
[16, 100] Train Error: 0.0035 | Train Perf: 0.9274 | Eval Error: 0.0103 | Eval Perf: 0.8077
[17, 100] Train Error: 0.0036 | Train Perf: 0.9265 | Eval Error: 0.0091 | Eval Perf: 0.8083
[18, 100] Train Error: 0.0033 | Train Perf: 0.9316 | Eval Error: 0.0094 | Eval Perf: 0.8023
[19, 100] Train Error: 0.0033 | Train Perf: 0.9323 | Eval Error: 0.0091 | Eval Perf: 0.8054
[20, 100] Train Error: 0.0031 | Train Perf: 0.9359 | Eval Error: 0.0091 | Eval Perf: 0.8054
[21, 100] Train Error: 0.0031 | Train Perf: 0.9372 | Eval Error: 0.0093 | Eval Perf: 0.8161
[22, 100] Train Error: 0.0031 | Train Perf: 0.9375 | Eval Error: 0.009 | Eval Perf: 0.8094
[23, 100] Train Error: 0.0029 | Train Perf: 0.9399 | Eval Error: 0.0089 | Eval Perf: 0.8104
[24, 100] Train Error: 0.0028 | Train Perf: 0.9431 | Eval Error: 0.0089 | Eval Perf: 0.8136
[25, 100] Train Error: 0.0027 | Train Perf: 0.9458 | Eval Error: 0.0096 | Eval Perf: 0.8154
[26, 100] Train Error: 0.0027 | Train Perf: 0.9453 | Eval Error: 0.009 | Eval Perf: 0.8076
[27, 100] Train Error: 0.0026 | Train Perf: 0.9469 | Eval Error: 0.0096 | Eval Perf: 0.8041
[28, 100] Train Error: 0.0025 | Train Perf: 0.9484 | Eval Error: 0.0096 | Eval Perf: 0.8052
[29, 100] Train Error: 0.0025 | Train Perf: 0.9496 | Eval Error: 0.0092 | Eval Perf: 0.8069
[30, 100] Train Error: 0.0024 | Train Perf: 0.9517 | Eval Error: 0.0098 | Eval Perf: 0.8107
[31, 100] Train Error: 0.0024 | Train Perf: 0.9508 | Eval Error: 0.0094 | Eval Perf: 0.8022
[32, 100] Train Error: 0.0023 | Train Perf: 0.9534 | Eval Error: 0.01 | Eval Perf: 0.7926
[33, 100] Train Error: 0.0023 | Train Perf: 0.9536 | Eval Error: 0.0096 | Eval Perf: 0.796
[34, 100] Train Error: 0.0023 | Train Perf: 0.9542 | Eval Error: 0.0097 | Eval Perf: 0.7948
[35, 100] Train Error: 0.0022 | Train Perf: 0.955 | Eval Error: 0.0097 | Eval Perf: 0.8006
[36, 100] Train Error: 0.0021 | Train Perf: 0.9572 | Eval Error: 0.0097 | Eval Perf: 0.8027
[37, 100] Train Error: 0.0021 | Train Perf: 0.9567 | Eval Error: 0.0095 | Eval Perf: 0.8005
[38, 100] Train Error: 0.0021 | Train Perf: 0.9577 | Eval Error: 0.0097 | Eval Perf: 0.7928
[39, 100] Train Error: 0.0021 | Train Perf: 0.9582 | Eval Error: 0.0097 | Eval Perf: 0.7991
[40, 100] Train Error: 0.002 | Train Perf: 0.959 | Eval Error: 0.0097 | Eval Perf: 0.7991
[41, 100] Train Error: 0.002 | Train Perf: 0.9604 | Eval Error: 0.0103 | Eval Perf: 0.7904
[42, 100] Train Error: 0.002 | Train Perf: 0.9599 | Eval Error: 0.0097 | Eval Perf: 0.7974
[43, 100] Train Error: 0.0019 | Train Perf: 0.961 | Eval Error: 0.0097 | Eval Perf: 0.7909
[44, 100] Train Error: 0.0019 | Train Perf: 0.961 | Eval Error: 0.01 | Eval Perf: 0.7888
[45, 100] Train Error: 0.0018 | Train Perf: 0.9628 | Eval Error: 0.01 | Eval Perf: 0.7869
[46, 100] Train Error: 0.0019 | Train Perf: 0.9614 | Eval Error: 0.0099 | Eval Perf: 0.7868
[47, 100] Train Error: 0.0018 | Train Perf: 0.9631 | Eval Error: 0.0097 | Eval Perf: 0.7997
[48, 100] Train Error: 0.0018 | Train Perf: 0.9644 | Eval Error: 0.0099 | Eval Perf: 0.7932
[49, 100] Train Error: 0.0018 | Train Perf: 0.9637 | Eval Error: 0.0099 | Eval Perf: 0.7962
[50, 100] Train Error: 0.0018 | Train Perf: 0.9642 | Eval Error: 0.0102 | Eval Perf: 0.7885
[51, 100] Train Error: 0.0018 | Train Perf: 0.9639 | Eval Error: 0.0099 | Eval Perf: 0.7893
[52, 100] Train Error: 0.0017 | Train Perf: 0.965 | Eval Error: 0.0103 | Eval Perf: 0.7913
[53, 100] Train Error: 0.0017 | Train Perf: 0.9656 | Eval Error: 0.0101 | Eval Perf: 0.7829
[54, 100] Train Error: 0.0017 | Train Perf: 0.9663 | Eval Error: 0.0102 | Eval Perf: 0.7845
[55, 100] Train Error: 0.0017 | Train Perf: 0.9663 | Eval Error: 0.0102 | Eval Perf: 0.7879
[56, 100] Train Error: 0.0017 | Train Perf: 0.965 | Eval Error: 0.0102 | Eval Perf: 0.7838
[57, 100] Train Error: 0.0017 | Train Perf: 0.9665 | Eval Error: 0.0104 | Eval Perf: 0.7829
[58, 100] Train Error: 0.0016 | Train Perf: 0.967 | Eval Error: 0.0105 | Eval Perf: 0.7816
[59, 100] Train Error: 0.0016 | Train Perf: 0.9671 | Eval Error: 0.0102 | Eval Perf: 0.7814
[60, 100] Train Error: 0.0017 | Train Perf: 0.9666 | Eval Error: 0.0103 | Eval Perf: 0.7805
[61, 100] Train Error: 0.0016 | Train Perf: 0.9675 | Eval Error: 0.0103 | Eval Perf: 0.7809
[62, 100] Train Error: 0.0016 | Train Perf: 0.9683 | Eval Error: 0.0101 | Eval Perf: 0.7858
[63, 100] Train Error: 0.0016 | Train Perf: 0.9667 | Eval Error: 0.0102 | Eval Perf: 0.7804
[64, 100] Train Error: 0.0016 | Train Perf: 0.9683 | Eval Error: 0.0104 | Eval Perf: 0.7834
[65, 100] Train Error: 0.0016 | Train Perf: 0.9681 | Eval Error: 0.0104 | Eval Perf: 0.7832
[66, 100] Train Error: 0.0015 | Train Perf: 0.9692 | Eval Error: 0.0102 | Eval Perf: 0.7824
[67, 100] Train Error: 0.0015 | Train Perf: 0.9691 | Eval Error: 0.0104 | Eval Perf: 0.7813
[68, 100] Train Error: 0.0015 | Train Perf: 0.9695 | Eval Error: 0.0106 | Eval Perf: 0.7773
[69, 100] Train Error: 0.0015 | Train Perf: 0.9693 | Eval Error: 0.0103 | Eval Perf: 0.7786
[70, 100] Train Error: 0.0015 | Train Perf: 0.9695 | Eval Error: 0.0104 | Eval Perf: 0.787
[71, 100] Train Error: 0.0015 | Train Perf: 0.9694 | Eval Error: 0.0105 | Eval Perf: 0.7758
[72, 100] Train Error: 0.0015 | Train Perf: 0.9695 | Eval Error: 0.0105 | Eval Perf: 0.7751
[73, 100] Train Error: 0.0015 | Train Perf: 0.9698 | Eval Error: 0.0102 | Eval Perf: 0.7858
[74, 100] Train Error: 0.0015 | Train Perf: 0.9704 | Eval Error: 0.0104 | Eval Perf: 0.7801
[75, 100] Train Error: 0.0015 | Train Perf: 0.9706 | Eval Error: 0.0102 | Eval Perf: 0.7876
[76, 100] Train Error: 0.0015 | Train Perf: 0.9702 | Eval Error: 0.0104 | Eval Perf: 0.7816
[77, 100] Train Error: 0.0014 | Train Perf: 0.971 | Eval Error: 0.0106 | Eval Perf: 0.7727
[78, 100] Train Error: 0.0014 | Train Perf: 0.9714 | Eval Error: 0.0105 | Eval Perf: 0.7814
[79, 100] Train Error: 0.0014 | Train Perf: 0.9718 | Eval Error: 0.0103 | Eval Perf: 0.7823
[80, 100] Train Error: 0.0014 | Train Perf: 0.9717 | Eval Error: 0.0104 | Eval Perf: 0.7831
[81, 100] Train Error: 0.0014 | Train Perf: 0.9712 | Eval Error: 0.0105 | Eval Perf: 0.779
[82, 100] Train Error: 0.0014 | Train Perf: 0.9717 | Eval Error: 0.0104 | Eval Perf: 0.7821
[83, 100] Train Error: 0.0013 | Train Perf: 0.9729 | Eval Error: 0.0105 | Eval Perf: 0.7834
[84, 100] Train Error: 0.0014 | Train Perf: 0.9727 | Eval Error: 0.0106 | Eval Perf: 0.7738
[85, 100] Train Error: 0.0014 | Train Perf: 0.9721 | Eval Error: 0.0105 | Eval Perf: 0.7863
[86, 100] Train Error: 0.0013 | Train Perf: 0.9729 | Eval Error: 0.0104 | Eval Perf: 0.7839
[87, 100] Train Error: 0.0013 | Train Perf: 0.9729 | Eval Error: 0.0103 | Eval Perf: 0.7828
[88, 100] Train Error: 0.0013 | Train Perf: 0.9731 | Eval Error: 0.0105 | Eval Perf: 0.7765
[89, 100] Train Error: 0.0013 | Train Perf: 0.9733 | Eval Error: 0.0105 | Eval Perf: 0.7838
[90, 100] Train Error: 0.0014 | Train Perf: 0.9724 | Eval Error: 0.0107 | Eval Perf: 0.7744
[91, 100] Train Error: 0.0013 | Train Perf: 0.974 | Eval Error: 0.0106 | Eval Perf: 0.777
[92, 100] Train Error: 0.0013 | Train Perf: 0.974 | Eval Error: 0.0105 | Eval Perf: 0.7804
[93, 100] Train Error: 0.0013 | Train Perf: 0.9741 | Eval Error: 0.0108 | Eval Perf: 0.7721
[94, 100] Train Error: 0.0013 | Train Perf: 0.9744 | Eval Error: 0.0106 | Eval Perf: 0.7766
[95, 100] Train Error: 0.0013 | Train Perf: 0.9745 | Eval Error: 0.0105 | Eval Perf: 0.7829
[96, 100] Train Error: 0.0013 | Train Perf: 0.9736 | Eval Error: 0.0108 | Eval Perf: 0.7701
[97, 100] Train Error: 0.0013 | Train Perf: 0.9736 | Eval Error: 0.0105 | Eval Perf: 0.7772
[98, 100] Train Error: 0.0013 | Train Perf: 0.9747 | Eval Error: 0.0107 | Eval Perf: 0.7723
[99, 100] Train Error: 0.0012 | Train Perf: 0.9759 | Eval Error: 0.0107 | Eval Perf: 0.7825
[100, 100] Train Error: 0.0013 | Train Perf: 0.9739 | Eval Error: 0.0108 | Eval Perf: 0.7735
