NETWORK SUMMARY
---------------
Input Layer shape: (1, 180)
Hidden Layer shape: (181, 3)
Output layer shape: (4, 1)
Total parameters: 547

[1, 100] Train Error: 0.0255 | Train Perf: 0.2291 | Eval Error: 0.0216 | Eval Perf: 0.5659
[2, 100] Train Error: 0.0175 | Train Perf: 0.6063 | Eval Error: 0.0156 | Eval Perf: 0.6736
[3, 100] Train Error: 0.0134 | Train Perf: 0.7113 | Eval Error: 0.0145 | Eval Perf: 0.7099
[4, 100] Train Error: 0.0118 | Train Perf: 0.7487 | Eval Error: 0.013 | Eval Perf: 0.7268
[5, 100] Train Error: 0.011 | Train Perf: 0.7683 | Eval Error: 0.0136 | Eval Perf: 0.7135
[6, 100] Train Error: 0.0106 | Train Perf: 0.779 | Eval Error: 0.0137 | Eval Perf: 0.7168
[7, 100] Train Error: 0.0103 | Train Perf: 0.7874 | Eval Error: 0.0135 | Eval Perf: 0.7166
[8, 100] Train Error: 0.0101 | Train Perf: 0.7904 | Eval Error: 0.0142 | Eval Perf: 0.7111
[9, 100] Train Error: 0.0099 | Train Perf: 0.7948 | Eval Error: 0.0136 | Eval Perf: 0.7178
[10, 100] Train Error: 0.0097 | Train Perf: 0.8011 | Eval Error: 0.0139 | Eval Perf: 0.7093
[11, 100] Train Error: 0.0095 | Train Perf: 0.8044 | Eval Error: 0.0148 | Eval Perf: 0.7108
[12, 100] Train Error: 0.0093 | Train Perf: 0.8083 | Eval Error: 0.0143 | Eval Perf: 0.7013
[13, 100] Train Error: 0.0089 | Train Perf: 0.8179 | Eval Error: 0.0139 | Eval Perf: 0.709
[14, 100] Train Error: 0.0088 | Train Perf: 0.8196 | Eval Error: 0.0142 | Eval Perf: 0.7005
[15, 100] Train Error: 0.0086 | Train Perf: 0.8255 | Eval Error: 0.0143 | Eval Perf: 0.7061
[16, 100] Train Error: 0.0085 | Train Perf: 0.8281 | Eval Error: 0.0138 | Eval Perf: 0.7142
[17, 100] Train Error: 0.0082 | Train Perf: 0.8326 | Eval Error: 0.0139 | Eval Perf: 0.7144
[18, 100] Train Error: 0.0081 | Train Perf: 0.8349 | Eval Error: 0.014 | Eval Perf: 0.7137
[19, 100] Train Error: 0.0079 | Train Perf: 0.8408 | Eval Error: 0.0135 | Eval Perf: 0.7153
[20, 100] Train Error: 0.0078 | Train Perf: 0.8432 | Eval Error: 0.0139 | Eval Perf: 0.71
[21, 100] Train Error: 0.0076 | Train Perf: 0.8477 | Eval Error: 0.0149 | Eval Perf: 0.7036
[22, 100] Train Error: 0.0075 | Train Perf: 0.8485 | Eval Error: 0.014 | Eval Perf: 0.7115
[23, 100] Train Error: 0.0073 | Train Perf: 0.8525 | Eval Error: 0.0145 | Eval Perf: 0.7027
[24, 100] Train Error: 0.0072 | Train Perf: 0.8552 | Eval Error: 0.0144 | Eval Perf: 0.71
[25, 100] Train Error: 0.007 | Train Perf: 0.8609 | Eval Error: 0.0147 | Eval Perf: 0.7006
[26, 100] Train Error: 0.0069 | Train Perf: 0.8618 | Eval Error: 0.0144 | Eval Perf: 0.7001
[27, 100] Train Error: 0.0068 | Train Perf: 0.8642 | Eval Error: 0.0144 | Eval Perf: 0.7017
[28, 100] Train Error: 0.0067 | Train Perf: 0.8672 | Eval Error: 0.0146 | Eval Perf: 0.7002
[29, 100] Train Error: 0.0066 | Train Perf: 0.869 | Eval Error: 0.0149 | Eval Perf: 0.6994
[30, 100] Train Error: 0.0064 | Train Perf: 0.8735 | Eval Error: 0.0142 | Eval Perf: 0.7073
[31, 100] Train Error: 0.0063 | Train Perf: 0.874 | Eval Error: 0.0145 | Eval Perf: 0.7005
[32, 100] Train Error: 0.0061 | Train Perf: 0.8782 | Eval Error: 0.0147 | Eval Perf: 0.6936
[33, 100] Train Error: 0.0061 | Train Perf: 0.8791 | Eval Error: 0.0149 | Eval Perf: 0.6925
[34, 100] Train Error: 0.006 | Train Perf: 0.8815 | Eval Error: 0.0148 | Eval Perf: 0.6966
[35, 100] Train Error: 0.0059 | Train Perf: 0.8836 | Eval Error: 0.0148 | Eval Perf: 0.6947
[36, 100] Train Error: 0.0058 | Train Perf: 0.8849 | Eval Error: 0.0149 | Eval Perf: 0.6933
[37, 100] Train Error: 0.0057 | Train Perf: 0.8882 | Eval Error: 0.0153 | Eval Perf: 0.6919
[38, 100] Train Error: 0.0055 | Train Perf: 0.8914 | Eval Error: 0.0154 | Eval Perf: 0.6829
[39, 100] Train Error: 0.0053 | Train Perf: 0.8959 | Eval Error: 0.0164 | Eval Perf: 0.6742
[40, 100] Train Error: 0.0052 | Train Perf: 0.8971 | Eval Error: 0.0162 | Eval Perf: 0.6801
[41, 100] Train Error: 0.0053 | Train Perf: 0.8953 | Eval Error: 0.0157 | Eval Perf: 0.6795
[42, 100] Train Error: 0.0052 | Train Perf: 0.8981 | Eval Error: 0.0159 | Eval Perf: 0.679
[43, 100] Train Error: 0.0051 | Train Perf: 0.9004 | Eval Error: 0.0157 | Eval Perf: 0.6784
[44, 100] Train Error: 0.005 | Train Perf: 0.9018 | Eval Error: 0.0158 | Eval Perf: 0.6791
[45, 100] Train Error: 0.005 | Train Perf: 0.9025 | Eval Error: 0.0158 | Eval Perf: 0.6831
[46, 100] Train Error: 0.0048 | Train Perf: 0.9059 | Eval Error: 0.0161 | Eval Perf: 0.6777
[47, 100] Train Error: 0.0048 | Train Perf: 0.9055 | Eval Error: 0.0174 | Eval Perf: 0.6709
[48, 100] Train Error: 0.0047 | Train Perf: 0.9074 | Eval Error: 0.0165 | Eval Perf: 0.6717
[49, 100] Train Error: 0.0047 | Train Perf: 0.9093 | Eval Error: 0.0164 | Eval Perf: 0.6713
[50, 100] Train Error: 0.0046 | Train Perf: 0.91 | Eval Error: 0.0164 | Eval Perf: 0.6689
[51, 100] Train Error: 0.0045 | Train Perf: 0.9134 | Eval Error: 0.017 | Eval Perf: 0.6666
[52, 100] Train Error: 0.0045 | Train Perf: 0.9125 | Eval Error: 0.0165 | Eval Perf: 0.6682
[53, 100] Train Error: 0.0044 | Train Perf: 0.9142 | Eval Error: 0.0167 | Eval Perf: 0.6666
[54, 100] Train Error: 0.0044 | Train Perf: 0.915 | Eval Error: 0.0168 | Eval Perf: 0.6651
[55, 100] Train Error: 0.0043 | Train Perf: 0.9161 | Eval Error: 0.0172 | Eval Perf: 0.6656
[56, 100] Train Error: 0.0042 | Train Perf: 0.9187 | Eval Error: 0.0169 | Eval Perf: 0.6644
[57, 100] Train Error: 0.0042 | Train Perf: 0.9188 | Eval Error: 0.0182 | Eval Perf: 0.6671
[58, 100] Train Error: 0.0042 | Train Perf: 0.9196 | Eval Error: 0.0181 | Eval Perf: 0.6648
[59, 100] Train Error: 0.0041 | Train Perf: 0.9198 | Eval Error: 0.0174 | Eval Perf: 0.6656
[60, 100] Train Error: 0.0041 | Train Perf: 0.9209 | Eval Error: 0.0178 | Eval Perf: 0.6648
[61, 100] Train Error: 0.004 | Train Perf: 0.9228 | Eval Error: 0.0179 | Eval Perf: 0.653
[62, 100] Train Error: 0.004 | Train Perf: 0.923 | Eval Error: 0.0188 | Eval Perf: 0.6576
[63, 100] Train Error: 0.004 | Train Perf: 0.9224 | Eval Error: 0.0179 | Eval Perf: 0.6593
[64, 100] Train Error: 0.004 | Train Perf: 0.9238 | Eval Error: 0.018 | Eval Perf: 0.6567
[65, 100] Train Error: 0.0039 | Train Perf: 0.9246 | Eval Error: 0.0173 | Eval Perf: 0.6619
[66, 100] Train Error: 0.0038 | Train Perf: 0.9263 | Eval Error: 0.0209 | Eval Perf: 0.6518
[67, 100] Train Error: 0.0038 | Train Perf: 0.9274 | Eval Error: 0.0177 | Eval Perf: 0.6638
[68, 100] Train Error: 0.0038 | Train Perf: 0.9266 | Eval Error: 0.0179 | Eval Perf: 0.658
[69, 100] Train Error: 0.0038 | Train Perf: 0.9277 | Eval Error: 0.0178 | Eval Perf: 0.6605
[70, 100] Train Error: 0.0037 | Train Perf: 0.9286 | Eval Error: 0.0184 | Eval Perf: 0.6612
[71, 100] Train Error: 0.0037 | Train Perf: 0.9297 | Eval Error: 0.018 | Eval Perf: 0.658
[72, 100] Train Error: 0.0037 | Train Perf: 0.9286 | Eval Error: 0.018 | Eval Perf: 0.6563
[73, 100] Train Error: 0.0036 | Train Perf: 0.93 | Eval Error: 0.0187 | Eval Perf: 0.659
[74, 100] Train Error: 0.0036 | Train Perf: 0.9308 | Eval Error: 0.018 | Eval Perf: 0.6608
[75, 100] Train Error: 0.0036 | Train Perf: 0.9316 | Eval Error: 0.0173 | Eval Perf: 0.6642
[76, 100] Train Error: 0.0035 | Train Perf: 0.9326 | Eval Error: 0.0186 | Eval Perf: 0.6565
[77, 100] Train Error: 0.0035 | Train Perf: 0.9331 | Eval Error: 0.0177 | Eval Perf: 0.6587
[78, 100] Train Error: 0.0034 | Train Perf: 0.934 | Eval Error: 0.0185 | Eval Perf: 0.6581
[79, 100] Train Error: 0.0035 | Train Perf: 0.9337 | Eval Error: 0.0181 | Eval Perf: 0.6609
[80, 100] Train Error: 0.0035 | Train Perf: 0.9331 | Eval Error: 0.0183 | Eval Perf: 0.6556
[81, 100] Train Error: 0.0034 | Train Perf: 0.9349 | Eval Error: 0.0196 | Eval Perf: 0.6597
[82, 100] Train Error: 0.0034 | Train Perf: 0.9354 | Eval Error: 0.0188 | Eval Perf: 0.6533
[83, 100] Train Error: 0.0033 | Train Perf: 0.9359 | Eval Error: 0.0178 | Eval Perf: 0.6584
[84, 100] Train Error: 0.0033 | Train Perf: 0.9363 | Eval Error: 0.0186 | Eval Perf: 0.6586
[85, 100] Train Error: 0.0033 | Train Perf: 0.9371 | Eval Error: 0.0181 | Eval Perf: 0.6601
[86, 100] Train Error: 0.0032 | Train Perf: 0.9392 | Eval Error: 0.02 | Eval Perf: 0.655
[87, 100] Train Error: 0.0033 | Train Perf: 0.9372 | Eval Error: 0.0189 | Eval Perf: 0.6572
[88, 100] Train Error: 0.0032 | Train Perf: 0.9381 | Eval Error: 0.0193 | Eval Perf: 0.6496
[89, 100] Train Error: 0.0032 | Train Perf: 0.9387 | Eval Error: 0.0189 | Eval Perf: 0.6541
[90, 100] Train Error: 0.0032 | Train Perf: 0.9387 | Eval Error: 0.0191 | Eval Perf: 0.6615
[91, 100] Train Error: 0.0031 | Train Perf: 0.9406 | Eval Error: 0.0181 | Eval Perf: 0.6565
[92, 100] Train Error: 0.0031 | Train Perf: 0.9399 | Eval Error: 0.0182 | Eval Perf: 0.6561
[93, 100] Train Error: 0.0031 | Train Perf: 0.9398 | Eval Error: 0.0189 | Eval Perf: 0.6561
[94, 100] Train Error: 0.0031 | Train Perf: 0.941 | Eval Error: 0.0198 | Eval Perf: 0.6528
[95, 100] Train Error: 0.003 | Train Perf: 0.9422 | Eval Error: 0.0188 | Eval Perf: 0.6534
[96, 100] Train Error: 0.0031 | Train Perf: 0.9408 | Eval Error: 0.0195 | Eval Perf: 0.6488
[97, 100] Train Error: 0.003 | Train Perf: 0.9428 | Eval Error: 0.0193 | Eval Perf: 0.6506
[98, 100] Train Error: 0.003 | Train Perf: 0.9419 | Eval Error: 0.0194 | Eval Perf: 0.6498
[99, 100] Train Error: 0.003 | Train Perf: 0.9431 | Eval Error: 0.0196 | Eval Perf: 0.6514
[100, 100] Train Error: 0.003 | Train Perf: 0.9427 | Eval Error: 0.0192 | Eval Perf: 0.6501
