NETWORK SUMMARY
---------------
Input Layer shape: (1, 180)
Hidden Layer shape: (181, 3)
Output layer shape: (4, 1)
Total parameters: 547

[1, 100] Train Error: 0.0256 | Train Perf: 0.2181 | Eval Error: 0.0211 | Eval Perf: 0.6145
[2, 100] Train Error: 0.0177 | Train Perf: 0.6022 | Eval Error: 0.015 | Eval Perf: 0.6903
[3, 100] Train Error: 0.0132 | Train Perf: 0.7176 | Eval Error: 0.0135 | Eval Perf: 0.7138
[4, 100] Train Error: 0.0116 | Train Perf: 0.7548 | Eval Error: 0.0138 | Eval Perf: 0.706
[5, 100] Train Error: 0.0108 | Train Perf: 0.7728 | Eval Error: 0.0142 | Eval Perf: 0.7175
[6, 100] Train Error: 0.0105 | Train Perf: 0.7815 | Eval Error: 0.0139 | Eval Perf: 0.7104
[7, 100] Train Error: 0.0103 | Train Perf: 0.7861 | Eval Error: 0.0143 | Eval Perf: 0.6996
[8, 100] Train Error: 0.01 | Train Perf: 0.7925 | Eval Error: 0.0157 | Eval Perf: 0.704
[9, 100] Train Error: 0.0098 | Train Perf: 0.799 | Eval Error: 0.0138 | Eval Perf: 0.718
[10, 100] Train Error: 0.0097 | Train Perf: 0.8014 | Eval Error: 0.014 | Eval Perf: 0.717
[11, 100] Train Error: 0.0094 | Train Perf: 0.8081 | Eval Error: 0.0156 | Eval Perf: 0.6936
[12, 100] Train Error: 0.0092 | Train Perf: 0.8107 | Eval Error: 0.0136 | Eval Perf: 0.7181
[13, 100] Train Error: 0.0089 | Train Perf: 0.8185 | Eval Error: 0.0132 | Eval Perf: 0.7277
[14, 100] Train Error: 0.0086 | Train Perf: 0.8251 | Eval Error: 0.0142 | Eval Perf: 0.7091
[15, 100] Train Error: 0.0083 | Train Perf: 0.8307 | Eval Error: 0.0134 | Eval Perf: 0.7293
[16, 100] Train Error: 0.0082 | Train Perf: 0.8343 | Eval Error: 0.0143 | Eval Perf: 0.7147
[17, 100] Train Error: 0.008 | Train Perf: 0.8378 | Eval Error: 0.0135 | Eval Perf: 0.7284
[18, 100] Train Error: 0.0077 | Train Perf: 0.8441 | Eval Error: 0.0135 | Eval Perf: 0.7212
[19, 100] Train Error: 0.0074 | Train Perf: 0.851 | Eval Error: 0.0136 | Eval Perf: 0.7202
[20, 100] Train Error: 0.0072 | Train Perf: 0.8554 | Eval Error: 0.0154 | Eval Perf: 0.703
[21, 100] Train Error: 0.007 | Train Perf: 0.8591 | Eval Error: 0.0138 | Eval Perf: 0.7241
[22, 100] Train Error: 0.007 | Train Perf: 0.8601 | Eval Error: 0.014 | Eval Perf: 0.7163
[23, 100] Train Error: 0.0068 | Train Perf: 0.865 | Eval Error: 0.0143 | Eval Perf: 0.7102
[24, 100] Train Error: 0.0066 | Train Perf: 0.8689 | Eval Error: 0.0144 | Eval Perf: 0.7131
[25, 100] Train Error: 0.0063 | Train Perf: 0.8753 | Eval Error: 0.0142 | Eval Perf: 0.7157
[26, 100] Train Error: 0.0062 | Train Perf: 0.8774 | Eval Error: 0.0158 | Eval Perf: 0.695
[27, 100] Train Error: 0.0062 | Train Perf: 0.8775 | Eval Error: 0.0148 | Eval Perf: 0.705
[28, 100] Train Error: 0.0059 | Train Perf: 0.8838 | Eval Error: 0.0161 | Eval Perf: 0.6948
[29, 100] Train Error: 0.0059 | Train Perf: 0.8827 | Eval Error: 0.0153 | Eval Perf: 0.6992
[30, 100] Train Error: 0.0056 | Train Perf: 0.8893 | Eval Error: 0.0156 | Eval Perf: 0.7039
[31, 100] Train Error: 0.0056 | Train Perf: 0.8896 | Eval Error: 0.0153 | Eval Perf: 0.6965
[32, 100] Train Error: 0.0055 | Train Perf: 0.8929 | Eval Error: 0.0171 | Eval Perf: 0.6763
[33, 100] Train Error: 0.0053 | Train Perf: 0.8952 | Eval Error: 0.0167 | Eval Perf: 0.6737
[34, 100] Train Error: 0.0053 | Train Perf: 0.8971 | Eval Error: 0.0163 | Eval Perf: 0.6823
[35, 100] Train Error: 0.0052 | Train Perf: 0.8983 | Eval Error: 0.0165 | Eval Perf: 0.683
[36, 100] Train Error: 0.0051 | Train Perf: 0.8996 | Eval Error: 0.0168 | Eval Perf: 0.6834
[37, 100] Train Error: 0.005 | Train Perf: 0.9018 | Eval Error: 0.0169 | Eval Perf: 0.6764
[38, 100] Train Error: 0.005 | Train Perf: 0.9028 | Eval Error: 0.0171 | Eval Perf: 0.6708
[39, 100] Train Error: 0.0048 | Train Perf: 0.9073 | Eval Error: 0.0184 | Eval Perf: 0.6649
[40, 100] Train Error: 0.0047 | Train Perf: 0.9083 | Eval Error: 0.0189 | Eval Perf: 0.6595
[41, 100] Train Error: 0.0048 | Train Perf: 0.9072 | Eval Error: 0.0186 | Eval Perf: 0.6658
[42, 100] Train Error: 0.0046 | Train Perf: 0.9099 | Eval Error: 0.019 | Eval Perf: 0.655
[43, 100] Train Error: 0.0046 | Train Perf: 0.9108 | Eval Error: 0.0183 | Eval Perf: 0.661
[44, 100] Train Error: 0.0045 | Train Perf: 0.9129 | Eval Error: 0.0174 | Eval Perf: 0.6681
[45, 100] Train Error: 0.0044 | Train Perf: 0.9142 | Eval Error: 0.0196 | Eval Perf: 0.6523
[46, 100] Train Error: 0.0044 | Train Perf: 0.9152 | Eval Error: 0.0205 | Eval Perf: 0.6505
[47, 100] Train Error: 0.0044 | Train Perf: 0.9152 | Eval Error: 0.0214 | Eval Perf: 0.6411
[48, 100] Train Error: 0.0043 | Train Perf: 0.9166 | Eval Error: 0.0184 | Eval Perf: 0.6552
[49, 100] Train Error: 0.0043 | Train Perf: 0.9177 | Eval Error: 0.0187 | Eval Perf: 0.6527
[50, 100] Train Error: 0.0043 | Train Perf: 0.9174 | Eval Error: 0.0193 | Eval Perf: 0.6529
[51, 100] Train Error: 0.0042 | Train Perf: 0.9197 | Eval Error: 0.0196 | Eval Perf: 0.6483
[52, 100] Train Error: 0.0041 | Train Perf: 0.9198 | Eval Error: 0.0191 | Eval Perf: 0.6474
[53, 100] Train Error: 0.0041 | Train Perf: 0.9198 | Eval Error: 0.0195 | Eval Perf: 0.6461
[54, 100] Train Error: 0.004 | Train Perf: 0.922 | Eval Error: 0.0201 | Eval Perf: 0.6457
[55, 100] Train Error: 0.004 | Train Perf: 0.9227 | Eval Error: 0.0201 | Eval Perf: 0.6382
[56, 100] Train Error: 0.0039 | Train Perf: 0.9246 | Eval Error: 0.0203 | Eval Perf: 0.6461
[57, 100] Train Error: 0.0039 | Train Perf: 0.924 | Eval Error: 0.0215 | Eval Perf: 0.6359
[58, 100] Train Error: 0.0039 | Train Perf: 0.9258 | Eval Error: 0.0209 | Eval Perf: 0.639
[59, 100] Train Error: 0.0039 | Train Perf: 0.9254 | Eval Error: 0.0201 | Eval Perf: 0.6355
[60, 100] Train Error: 0.0038 | Train Perf: 0.9264 | Eval Error: 0.0208 | Eval Perf: 0.6314
[61, 100] Train Error: 0.0038 | Train Perf: 0.9264 | Eval Error: 0.0205 | Eval Perf: 0.6348
[62, 100] Train Error: 0.0037 | Train Perf: 0.9285 | Eval Error: 0.0222 | Eval Perf: 0.6288
[63, 100] Train Error: 0.0037 | Train Perf: 0.9281 | Eval Error: 0.0216 | Eval Perf: 0.6326
[64, 100] Train Error: 0.0037 | Train Perf: 0.929 | Eval Error: 0.0203 | Eval Perf: 0.6298
[65, 100] Train Error: 0.0036 | Train Perf: 0.93 | Eval Error: 0.0204 | Eval Perf: 0.6295
[66, 100] Train Error: 0.0037 | Train Perf: 0.9298 | Eval Error: 0.0223 | Eval Perf: 0.6282
[67, 100] Train Error: 0.0035 | Train Perf: 0.9317 | Eval Error: 0.0211 | Eval Perf: 0.6265
[68, 100] Train Error: 0.0035 | Train Perf: 0.932 | Eval Error: 0.0212 | Eval Perf: 0.6318
[69, 100] Train Error: 0.0035 | Train Perf: 0.9321 | Eval Error: 0.0221 | Eval Perf: 0.6235
[70, 100] Train Error: 0.0035 | Train Perf: 0.9327 | Eval Error: 0.0217 | Eval Perf: 0.6224
[71, 100] Train Error: 0.0035 | Train Perf: 0.9338 | Eval Error: 0.0213 | Eval Perf: 0.6251
[72, 100] Train Error: 0.0035 | Train Perf: 0.9331 | Eval Error: 0.021 | Eval Perf: 0.626
[73, 100] Train Error: 0.0035 | Train Perf: 0.9336 | Eval Error: 0.0223 | Eval Perf: 0.6253
[74, 100] Train Error: 0.0034 | Train Perf: 0.9344 | Eval Error: 0.022 | Eval Perf: 0.6216
[75, 100] Train Error: 0.0034 | Train Perf: 0.9346 | Eval Error: 0.0207 | Eval Perf: 0.6279
[76, 100] Train Error: 0.0034 | Train Perf: 0.9346 | Eval Error: 0.0217 | Eval Perf: 0.6163
[77, 100] Train Error: 0.0034 | Train Perf: 0.9356 | Eval Error: 0.022 | Eval Perf: 0.6212
[78, 100] Train Error: 0.0033 | Train Perf: 0.9367 | Eval Error: 0.0227 | Eval Perf: 0.615
[79, 100] Train Error: 0.0034 | Train Perf: 0.9353 | Eval Error: 0.0224 | Eval Perf: 0.6226
[80, 100] Train Error: 0.0033 | Train Perf: 0.9368 | Eval Error: 0.0219 | Eval Perf: 0.6123
[81, 100] Train Error: 0.0033 | Train Perf: 0.9369 | Eval Error: 0.0229 | Eval Perf: 0.6177
[82, 100] Train Error: 0.0033 | Train Perf: 0.9371 | Eval Error: 0.0213 | Eval Perf: 0.6086
[83, 100] Train Error: 0.0033 | Train Perf: 0.9374 | Eval Error: 0.022 | Eval Perf: 0.6117
[84, 100] Train Error: 0.0033 | Train Perf: 0.9378 | Eval Error: 0.0226 | Eval Perf: 0.6025
[85, 100] Train Error: 0.0033 | Train Perf: 0.937 | Eval Error: 0.0229 | Eval Perf: 0.6099
[86, 100] Train Error: 0.0032 | Train Perf: 0.9382 | Eval Error: 0.0223 | Eval Perf: 0.6204
[87, 100] Train Error: 0.0032 | Train Perf: 0.9389 | Eval Error: 0.0236 | Eval Perf: 0.6027
[88, 100] Train Error: 0.0032 | Train Perf: 0.9391 | Eval Error: 0.0217 | Eval Perf: 0.6098
[89, 100] Train Error: 0.0032 | Train Perf: 0.9393 | Eval Error: 0.0226 | Eval Perf: 0.6046
[90, 100] Train Error: 0.0032 | Train Perf: 0.9388 | Eval Error: 0.0237 | Eval Perf: 0.6016
[91, 100] Train Error: 0.0031 | Train Perf: 0.9402 | Eval Error: 0.0224 | Eval Perf: 0.6057
[92, 100] Train Error: 0.0031 | Train Perf: 0.9406 | Eval Error: 0.0224 | Eval Perf: 0.6044
[93, 100] Train Error: 0.0031 | Train Perf: 0.9406 | Eval Error: 0.0227 | Eval Perf: 0.6004
[94, 100] Train Error: 0.0031 | Train Perf: 0.941 | Eval Error: 0.0239 | Eval Perf: 0.5958
[95, 100] Train Error: 0.0032 | Train Perf: 0.9397 | Eval Error: 0.0235 | Eval Perf: 0.5994
[96, 100] Train Error: 0.0031 | Train Perf: 0.9407 | Eval Error: 0.0234 | Eval Perf: 0.5963
[97, 100] Train Error: 0.0031 | Train Perf: 0.9411 | Eval Error: 0.0226 | Eval Perf: 0.6042
[98, 100] Train Error: 0.0031 | Train Perf: 0.9411 | Eval Error: 0.0226 | Eval Perf: 0.5962
[99, 100] Train Error: 0.0031 | Train Perf: 0.9417 | Eval Error: 0.0247 | Eval Perf: 0.5926
[100, 100] Train Error: 0.0031 | Train Perf: 0.9413 | Eval Error: 0.0239 | Eval Perf: 0.602
