NETWORK SUMMARY
---------------
Input Layer shape: (1, 180)
Hidden Layer shape: (181, 5)
Output layer shape: (6, 1)
Total parameters: 911

[1, 100] Train Error: 0.0368 | Train Perf: -0.0808 | Eval Error: 0.0351 | Eval Perf: 0.0498
[2, 100] Train Error: 0.036 | Train Perf: -0.0111 | Eval Error: 0.0351 | Eval Perf: 0.1167
[3, 100] Train Error: 0.0359 | Train Perf: -0.0144 | Eval Error: 0.0349 | Eval Perf: 0.174
[4, 100] Train Error: 0.0356 | Train Perf: 0.1132 | Eval Error: 0.0347 | Eval Perf: 0.2206
[5, 100] Train Error: 0.0352 | Train Perf: 0.2197 | Eval Error: 0.0345 | Eval Perf: 0.2694
[6, 100] Train Error: 0.0348 | Train Perf: 0.3113 | Eval Error: 0.0341 | Eval Perf: 0.3069
[7, 100] Train Error: 0.0341 | Train Perf: 0.3694 | Eval Error: 0.0337 | Eval Perf: 0.3411
[8, 100] Train Error: 0.0334 | Train Perf: 0.4561 | Eval Error: 0.0332 | Eval Perf: 0.3684
[9, 100] Train Error: 0.0324 | Train Perf: 0.5216 | Eval Error: 0.0328 | Eval Perf: 0.3885
[10, 100] Train Error: 0.0314 | Train Perf: 0.5347 | Eval Error: 0.032 | Eval Perf: 0.4051
[11, 100] Train Error: 0.0298 | Train Perf: 0.5428 | Eval Error: 0.0314 | Eval Perf: 0.4168
[12, 100] Train Error: 0.0289 | Train Perf: 0.5778 | Eval Error: 0.0307 | Eval Perf: 0.4255
[13, 100] Train Error: 0.0275 | Train Perf: 0.6071 | Eval Error: 0.0302 | Eval Perf: 0.4338
[14, 100] Train Error: 0.0262 | Train Perf: 0.6204 | Eval Error: 0.0295 | Eval Perf: 0.437
[15, 100] Train Error: 0.025 | Train Perf: 0.6368 | Eval Error: 0.0291 | Eval Perf: 0.4407
[16, 100] Train Error: 0.0238 | Train Perf: 0.6487 | Eval Error: 0.0286 | Eval Perf: 0.4437
[17, 100] Train Error: 0.0226 | Train Perf: 0.6774 | Eval Error: 0.0289 | Eval Perf: 0.4518
[18, 100] Train Error: 0.0219 | Train Perf: 0.6741 | Eval Error: 0.0282 | Eval Perf: 0.4504
[19, 100] Train Error: 0.0209 | Train Perf: 0.6892 | Eval Error: 0.0282 | Eval Perf: 0.4539
[20, 100] Train Error: 0.0201 | Train Perf: 0.6973 | Eval Error: 0.0281 | Eval Perf: 0.4544
[21, 100] Train Error: 0.0193 | Train Perf: 0.713 | Eval Error: 0.0281 | Eval Perf: 0.455
[22, 100] Train Error: 0.0188 | Train Perf: 0.7178 | Eval Error: 0.028 | Eval Perf: 0.4572
[23, 100] Train Error: 0.0181 | Train Perf: 0.7291 | Eval Error: 0.0281 | Eval Perf: 0.4634
[24, 100] Train Error: 0.0175 | Train Perf: 0.736 | Eval Error: 0.028 | Eval Perf: 0.4654
[25, 100] Train Error: 0.017 | Train Perf: 0.7455 | Eval Error: 0.0281 | Eval Perf: 0.4669
[26, 100] Train Error: 0.0164 | Train Perf: 0.752 | Eval Error: 0.0282 | Eval Perf: 0.4683
[27, 100] Train Error: 0.016 | Train Perf: 0.7625 | Eval Error: 0.0283 | Eval Perf: 0.4722
[28, 100] Train Error: 0.0153 | Train Perf: 0.7725 | Eval Error: 0.0283 | Eval Perf: 0.4742
[29, 100] Train Error: 0.0151 | Train Perf: 0.775 | Eval Error: 0.0286 | Eval Perf: 0.4754
[30, 100] Train Error: 0.0146 | Train Perf: 0.7831 | Eval Error: 0.0287 | Eval Perf: 0.4751
[31, 100] Train Error: 0.0142 | Train Perf: 0.7895 | Eval Error: 0.0288 | Eval Perf: 0.4766
[32, 100] Train Error: 0.0139 | Train Perf: 0.7948 | Eval Error: 0.0288 | Eval Perf: 0.4832
[33, 100] Train Error: 0.0134 | Train Perf: 0.8013 | Eval Error: 0.0287 | Eval Perf: 0.4873
[34, 100] Train Error: 0.0131 | Train Perf: 0.8048 | Eval Error: 0.0288 | Eval Perf: 0.4891
[35, 100] Train Error: 0.0129 | Train Perf: 0.8078 | Eval Error: 0.0289 | Eval Perf: 0.4928
[36, 100] Train Error: 0.0125 | Train Perf: 0.8159 | Eval Error: 0.0292 | Eval Perf: 0.4894
[37, 100] Train Error: 0.0123 | Train Perf: 0.8173 | Eval Error: 0.0291 | Eval Perf: 0.4965
[38, 100] Train Error: 0.012 | Train Perf: 0.8231 | Eval Error: 0.0292 | Eval Perf: 0.4968
[39, 100] Train Error: 0.0117 | Train Perf: 0.8276 | Eval Error: 0.0293 | Eval Perf: 0.501
[40, 100] Train Error: 0.0116 | Train Perf: 0.829 | Eval Error: 0.0295 | Eval Perf: 0.5016
[41, 100] Train Error: 0.0113 | Train Perf: 0.8344 | Eval Error: 0.0296 | Eval Perf: 0.4979
[42, 100] Train Error: 0.0108 | Train Perf: 0.8428 | Eval Error: 0.0303 | Eval Perf: 0.5008
[43, 100] Train Error: 0.0108 | Train Perf: 0.8404 | Eval Error: 0.0302 | Eval Perf: 0.4941
[44, 100] Train Error: 0.0106 | Train Perf: 0.8437 | Eval Error: 0.0303 | Eval Perf: 0.4982
[45, 100] Train Error: 0.0105 | Train Perf: 0.8455 | Eval Error: 0.0305 | Eval Perf: 0.4985
[46, 100] Train Error: 0.0101 | Train Perf: 0.8513 | Eval Error: 0.0306 | Eval Perf: 0.4963
[47, 100] Train Error: 0.01 | Train Perf: 0.852 | Eval Error: 0.0309 | Eval Perf: 0.493
[48, 100] Train Error: 0.0098 | Train Perf: 0.8572 | Eval Error: 0.0313 | Eval Perf: 0.4969
[49, 100] Train Error: 0.0097 | Train Perf: 0.8572 | Eval Error: 0.031 | Eval Perf: 0.4983
[50, 100] Train Error: 0.0094 | Train Perf: 0.8619 | Eval Error: 0.0313 | Eval Perf: 0.4966
[51, 100] Train Error: 0.0095 | Train Perf: 0.8604 | Eval Error: 0.0314 | Eval Perf: 0.4968
[52, 100] Train Error: 0.0092 | Train Perf: 0.8653 | Eval Error: 0.0317 | Eval Perf: 0.498
[53, 100] Train Error: 0.009 | Train Perf: 0.8686 | Eval Error: 0.032 | Eval Perf: 0.4895
[54, 100] Train Error: 0.009 | Train Perf: 0.8685 | Eval Error: 0.0323 | Eval Perf: 0.4953
[55, 100] Train Error: 0.0089 | Train Perf: 0.8707 | Eval Error: 0.0326 | Eval Perf: 0.4952
[56, 100] Train Error: 0.0087 | Train Perf: 0.8726 | Eval Error: 0.0324 | Eval Perf: 0.4958
[57, 100] Train Error: 0.0087 | Train Perf: 0.873 | Eval Error: 0.0323 | Eval Perf: 0.4941
[58, 100] Train Error: 0.0085 | Train Perf: 0.8766 | Eval Error: 0.0324 | Eval Perf: 0.4963
[59, 100] Train Error: 0.0082 | Train Perf: 0.8805 | Eval Error: 0.0325 | Eval Perf: 0.4947
[60, 100] Train Error: 0.0083 | Train Perf: 0.8791 | Eval Error: 0.0329 | Eval Perf: 0.4893
[61, 100] Train Error: 0.008 | Train Perf: 0.8831 | Eval Error: 0.033 | Eval Perf: 0.4921
[62, 100] Train Error: 0.0079 | Train Perf: 0.8845 | Eval Error: 0.0332 | Eval Perf: 0.4889
[63, 100] Train Error: 0.0079 | Train Perf: 0.8857 | Eval Error: 0.0334 | Eval Perf: 0.4892
[64, 100] Train Error: 0.0077 | Train Perf: 0.889 | Eval Error: 0.0337 | Eval Perf: 0.4951
[65, 100] Train Error: 0.0077 | Train Perf: 0.8885 | Eval Error: 0.0336 | Eval Perf: 0.4908
[66, 100] Train Error: 0.0075 | Train Perf: 0.8905 | Eval Error: 0.0336 | Eval Perf: 0.4911
[67, 100] Train Error: 0.0074 | Train Perf: 0.8923 | Eval Error: 0.0339 | Eval Perf: 0.4875
[68, 100] Train Error: 0.0073 | Train Perf: 0.8953 | Eval Error: 0.034 | Eval Perf: 0.4937
[69, 100] Train Error: 0.0072 | Train Perf: 0.8955 | Eval Error: 0.0342 | Eval Perf: 0.4868
[70, 100] Train Error: 0.0071 | Train Perf: 0.897 | Eval Error: 0.0343 | Eval Perf: 0.4854
[71, 100] Train Error: 0.007 | Train Perf: 0.8997 | Eval Error: 0.0344 | Eval Perf: 0.4852
[72, 100] Train Error: 0.0069 | Train Perf: 0.9011 | Eval Error: 0.0344 | Eval Perf: 0.4918
[73, 100] Train Error: 0.0067 | Train Perf: 0.9026 | Eval Error: 0.0348 | Eval Perf: 0.4832
[74, 100] Train Error: 0.0068 | Train Perf: 0.9029 | Eval Error: 0.0348 | Eval Perf: 0.4827
[75, 100] Train Error: 0.0067 | Train Perf: 0.9038 | Eval Error: 0.0348 | Eval Perf: 0.4878
[76, 100] Train Error: 0.0064 | Train Perf: 0.9086 | Eval Error: 0.0348 | Eval Perf: 0.491
[77, 100] Train Error: 0.0065 | Train Perf: 0.9066 | Eval Error: 0.035 | Eval Perf: 0.49
[78, 100] Train Error: 0.0063 | Train Perf: 0.9087 | Eval Error: 0.0351 | Eval Perf: 0.4889
[79, 100] Train Error: 0.0063 | Train Perf: 0.9098 | Eval Error: 0.0352 | Eval Perf: 0.4866
[80, 100] Train Error: 0.0062 | Train Perf: 0.9111 | Eval Error: 0.0352 | Eval Perf: 0.4871
[81, 100] Train Error: 0.0061 | Train Perf: 0.9131 | Eval Error: 0.0357 | Eval Perf: 0.4844
[82, 100] Train Error: 0.0059 | Train Perf: 0.9146 | Eval Error: 0.0359 | Eval Perf: 0.4829
[83, 100] Train Error: 0.0059 | Train Perf: 0.9156 | Eval Error: 0.0358 | Eval Perf: 0.4883
[84, 100] Train Error: 0.0058 | Train Perf: 0.9168 | Eval Error: 0.0357 | Eval Perf: 0.4868
[85, 100] Train Error: 0.0058 | Train Perf: 0.9169 | Eval Error: 0.0359 | Eval Perf: 0.4854
[86, 100] Train Error: 0.0053 | Train Perf: 0.9237 | Eval Error: 0.0363 | Eval Perf: 0.479
[87, 100] Train Error: 0.0057 | Train Perf: 0.9195 | Eval Error: 0.036 | Eval Perf: 0.4867
[88, 100] Train Error: 0.0055 | Train Perf: 0.9214 | Eval Error: 0.0361 | Eval Perf: 0.4871
[89, 100] Train Error: 0.0055 | Train Perf: 0.9221 | Eval Error: 0.0362 | Eval Perf: 0.4898
[90, 100] Train Error: 0.0054 | Train Perf: 0.9236 | Eval Error: 0.0365 | Eval Perf: 0.4862
[91, 100] Train Error: 0.0053 | Train Perf: 0.9238 | Eval Error: 0.0367 | Eval Perf: 0.4802
[92, 100] Train Error: 0.0051 | Train Perf: 0.9272 | Eval Error: 0.0366 | Eval Perf: 0.4875
[93, 100] Train Error: 0.0052 | Train Perf: 0.9253 | Eval Error: 0.0367 | Eval Perf: 0.4854
[94, 100] Train Error: 0.0051 | Train Perf: 0.9273 | Eval Error: 0.0367 | Eval Perf: 0.4869
[95, 100] Train Error: 0.0051 | Train Perf: 0.9274 | Eval Error: 0.0365 | Eval Perf: 0.4871
[96, 100] Train Error: 0.0049 | Train Perf: 0.9303 | Eval Error: 0.0368 | Eval Perf: 0.4836
[97, 100] Train Error: 0.005 | Train Perf: 0.929 | Eval Error: 0.0369 | Eval Perf: 0.4843
[98, 100] Train Error: 0.0049 | Train Perf: 0.9304 | Eval Error: 0.037 | Eval Perf: 0.4833
[99, 100] Train Error: 0.0048 | Train Perf: 0.9325 | Eval Error: 0.037 | Eval Perf: 0.4878
[100, 100] Train Error: 0.0047 | Train Perf: 0.9327 | Eval Error: 0.0371 | Eval Perf: 0.4898
