NETWORK SUMMARY
---------------
Input Layer shape: (1, 180)
Hidden Layer shape: (181, 2)
Output layer shape: (3, 1)
Total parameters: 365

[1, 100] Train Error: 0.0357 | Train Perf: 0.0834 | Eval Error: 0.0384 | Eval Perf: 0.2847
[2, 100] Train Error: 0.0351 | Train Perf: 0.0875 | Eval Error: 0.0352 | Eval Perf: 0.4504
[3, 100] Train Error: 0.0313 | Train Perf: 0.3951 | Eval Error: 0.0317 | Eval Perf: 0.526
[4, 100] Train Error: 0.0266 | Train Perf: 0.5865 | Eval Error: 0.0277 | Eval Perf: 0.5473
[5, 100] Train Error: 0.0225 | Train Perf: 0.6323 | Eval Error: 0.0263 | Eval Perf: 0.5506
[6, 100] Train Error: 0.0197 | Train Perf: 0.685 | Eval Error: 0.0269 | Eval Perf: 0.5359
[7, 100] Train Error: 0.0178 | Train Perf: 0.7165 | Eval Error: 0.0265 | Eval Perf: 0.5343
[8, 100] Train Error: 0.0164 | Train Perf: 0.7404 | Eval Error: 0.0275 | Eval Perf: 0.5343
[9, 100] Train Error: 0.0145 | Train Perf: 0.7723 | Eval Error: 0.0283 | Eval Perf: 0.5165
[10, 100] Train Error: 0.0139 | Train Perf: 0.7829 | Eval Error: 0.0317 | Eval Perf: 0.4753
[11, 100] Train Error: 0.0126 | Train Perf: 0.8054 | Eval Error: 0.0317 | Eval Perf: 0.4939
[12, 100] Train Error: 0.0124 | Train Perf: 0.8077 | Eval Error: 0.0317 | Eval Perf: 0.4721
[13, 100] Train Error: 0.0112 | Train Perf: 0.8277 | Eval Error: 0.0319 | Eval Perf: 0.5057
[14, 100] Train Error: 0.0109 | Train Perf: 0.8323 | Eval Error: 0.0311 | Eval Perf: 0.515
[15, 100] Train Error: 0.01 | Train Perf: 0.8487 | Eval Error: 0.0315 | Eval Perf: 0.4905
[16, 100] Train Error: 0.0095 | Train Perf: 0.8577 | Eval Error: 0.0319 | Eval Perf: 0.5237
[17, 100] Train Error: 0.0094 | Train Perf: 0.8569 | Eval Error: 0.0334 | Eval Perf: 0.4946
[18, 100] Train Error: 0.0083 | Train Perf: 0.8753 | Eval Error: 0.0334 | Eval Perf: 0.4862
[19, 100] Train Error: 0.0075 | Train Perf: 0.8888 | Eval Error: 0.0345 | Eval Perf: 0.4695
[20, 100] Train Error: 0.0076 | Train Perf: 0.8865 | Eval Error: 0.0356 | Eval Perf: 0.4713
[21, 100] Train Error: 0.0077 | Train Perf: 0.8846 | Eval Error: 0.0361 | Eval Perf: 0.4749
[22, 100] Train Error: 0.0073 | Train Perf: 0.8914 | Eval Error: 0.0356 | Eval Perf: 0.4798
[23, 100] Train Error: 0.007 | Train Perf: 0.8957 | Eval Error: 0.0363 | Eval Perf: 0.4756
[24, 100] Train Error: 0.006 | Train Perf: 0.9124 | Eval Error: 0.0373 | Eval Perf: 0.4683
[25, 100] Train Error: 0.0062 | Train Perf: 0.9095 | Eval Error: 0.0375 | Eval Perf: 0.4756
[26, 100] Train Error: 0.006 | Train Perf: 0.9121 | Eval Error: 0.0372 | Eval Perf: 0.4812
[27, 100] Train Error: 0.0053 | Train Perf: 0.9216 | Eval Error: 0.0371 | Eval Perf: 0.4774
[28, 100] Train Error: 0.0053 | Train Perf: 0.923 | Eval Error: 0.0371 | Eval Perf: 0.4855
[29, 100] Train Error: 0.0047 | Train Perf: 0.9316 | Eval Error: 0.0366 | Eval Perf: 0.4991
[30, 100] Train Error: 0.005 | Train Perf: 0.9278 | Eval Error: 0.0379 | Eval Perf: 0.4884
[31, 100] Train Error: 0.0044 | Train Perf: 0.9366 | Eval Error: 0.0384 | Eval Perf: 0.4799
[32, 100] Train Error: 0.0044 | Train Perf: 0.9367 | Eval Error: 0.0383 | Eval Perf: 0.4797
[33, 100] Train Error: 0.0039 | Train Perf: 0.9434 | Eval Error: 0.0378 | Eval Perf: 0.4916
[34, 100] Train Error: 0.0037 | Train Perf: 0.9459 | Eval Error: 0.0376 | Eval Perf: 0.4876
[35, 100] Train Error: 0.0038 | Train Perf: 0.9458 | Eval Error: 0.0395 | Eval Perf: 0.4894
[36, 100] Train Error: 0.0038 | Train Perf: 0.9449 | Eval Error: 0.0396 | Eval Perf: 0.4725
[37, 100] Train Error: 0.0037 | Train Perf: 0.9465 | Eval Error: 0.0394 | Eval Perf: 0.4824
[38, 100] Train Error: 0.0033 | Train Perf: 0.9527 | Eval Error: 0.0383 | Eval Perf: 0.487
[39, 100] Train Error: 0.0035 | Train Perf: 0.9498 | Eval Error: 0.039 | Eval Perf: 0.4877
[40, 100] Train Error: 0.0032 | Train Perf: 0.9544 | Eval Error: 0.0384 | Eval Perf: 0.4956
[41, 100] Train Error: 0.0035 | Train Perf: 0.9497 | Eval Error: 0.0376 | Eval Perf: 0.5016
[42, 100] Train Error: 0.0032 | Train Perf: 0.9536 | Eval Error: 0.0391 | Eval Perf: 0.49
[43, 100] Train Error: 0.0029 | Train Perf: 0.9577 | Eval Error: 0.0392 | Eval Perf: 0.4878
[44, 100] Train Error: 0.0031 | Train Perf: 0.9549 | Eval Error: 0.0394 | Eval Perf: 0.4846
[45, 100] Train Error: 0.0029 | Train Perf: 0.9591 | Eval Error: 0.0398 | Eval Perf: 0.4846
[46, 100] Train Error: 0.0028 | Train Perf: 0.9604 | Eval Error: 0.0388 | Eval Perf: 0.4986
[47, 100] Train Error: 0.0028 | Train Perf: 0.96 | Eval Error: 0.0387 | Eval Perf: 0.5012
[48, 100] Train Error: 0.0027 | Train Perf: 0.9615 | Eval Error: 0.0395 | Eval Perf: 0.4956
[49, 100] Train Error: 0.0026 | Train Perf: 0.9627 | Eval Error: 0.0382 | Eval Perf: 0.5067
[50, 100] Train Error: 0.0026 | Train Perf: 0.9634 | Eval Error: 0.0385 | Eval Perf: 0.5014
[51, 100] Train Error: 0.0026 | Train Perf: 0.9634 | Eval Error: 0.0391 | Eval Perf: 0.4966
[52, 100] Train Error: 0.0025 | Train Perf: 0.9639 | Eval Error: 0.0388 | Eval Perf: 0.5006
[53, 100] Train Error: 0.0024 | Train Perf: 0.9656 | Eval Error: 0.0395 | Eval Perf: 0.5011
[54, 100] Train Error: 0.0024 | Train Perf: 0.9657 | Eval Error: 0.0398 | Eval Perf: 0.4953
[55, 100] Train Error: 0.0024 | Train Perf: 0.9656 | Eval Error: 0.0398 | Eval Perf: 0.504
[56, 100] Train Error: 0.0024 | Train Perf: 0.9657 | Eval Error: 0.0386 | Eval Perf: 0.5064
[57, 100] Train Error: 0.0024 | Train Perf: 0.9651 | Eval Error: 0.04 | Eval Perf: 0.4941
[58, 100] Train Error: 0.0022 | Train Perf: 0.9681 | Eval Error: 0.0392 | Eval Perf: 0.502
[59, 100] Train Error: 0.0022 | Train Perf: 0.9688 | Eval Error: 0.0394 | Eval Perf: 0.5016
[60, 100] Train Error: 0.0021 | Train Perf: 0.9697 | Eval Error: 0.0399 | Eval Perf: 0.4969
[61, 100] Train Error: 0.0021 | Train Perf: 0.9696 | Eval Error: 0.0396 | Eval Perf: 0.5044
[62, 100] Train Error: 0.002 | Train Perf: 0.9709 | Eval Error: 0.0393 | Eval Perf: 0.5032
[63, 100] Train Error: 0.0021 | Train Perf: 0.9698 | Eval Error: 0.04 | Eval Perf: 0.4981
[64, 100] Train Error: 0.002 | Train Perf: 0.972 | Eval Error: 0.0394 | Eval Perf: 0.5017
[65, 100] Train Error: 0.002 | Train Perf: 0.9715 | Eval Error: 0.0396 | Eval Perf: 0.5007
[66, 100] Train Error: 0.0019 | Train Perf: 0.9729 | Eval Error: 0.0399 | Eval Perf: 0.4998
[67, 100] Train Error: 0.002 | Train Perf: 0.9721 | Eval Error: 0.0401 | Eval Perf: 0.4997
[68, 100] Train Error: 0.0019 | Train Perf: 0.9727 | Eval Error: 0.0394 | Eval Perf: 0.5071
[69, 100] Train Error: 0.0019 | Train Perf: 0.9727 | Eval Error: 0.0395 | Eval Perf: 0.5036
[70, 100] Train Error: 0.0019 | Train Perf: 0.9734 | Eval Error: 0.0396 | Eval Perf: 0.5046
[71, 100] Train Error: 0.0018 | Train Perf: 0.9745 | Eval Error: 0.0407 | Eval Perf: 0.4993
[72, 100] Train Error: 0.0019 | Train Perf: 0.9731 | Eval Error: 0.0399 | Eval Perf: 0.5038
[73, 100] Train Error: 0.0018 | Train Perf: 0.9747 | Eval Error: 0.0407 | Eval Perf: 0.5037
[74, 100] Train Error: 0.0018 | Train Perf: 0.9749 | Eval Error: 0.0397 | Eval Perf: 0.5052
[75, 100] Train Error: 0.0018 | Train Perf: 0.9744 | Eval Error: 0.04 | Eval Perf: 0.507
[76, 100] Train Error: 0.0017 | Train Perf: 0.9754 | Eval Error: 0.0401 | Eval Perf: 0.5034
[77, 100] Train Error: 0.0018 | Train Perf: 0.975 | Eval Error: 0.0405 | Eval Perf: 0.5039
[78, 100] Train Error: 0.0016 | Train Perf: 0.9767 | Eval Error: 0.0407 | Eval Perf: 0.5008
[79, 100] Train Error: 0.0017 | Train Perf: 0.9765 | Eval Error: 0.0404 | Eval Perf: 0.5021
[80, 100] Train Error: 0.0017 | Train Perf: 0.9764 | Eval Error: 0.0407 | Eval Perf: 0.5048
[81, 100] Train Error: 0.0016 | Train Perf: 0.9768 | Eval Error: 0.04 | Eval Perf: 0.5064
[82, 100] Train Error: 0.0016 | Train Perf: 0.978 | Eval Error: 0.0403 | Eval Perf: 0.5078
[83, 100] Train Error: 0.0017 | Train Perf: 0.9764 | Eval Error: 0.0409 | Eval Perf: 0.5041
[84, 100] Train Error: 0.0016 | Train Perf: 0.9772 | Eval Error: 0.0406 | Eval Perf: 0.5066
[85, 100] Train Error: 0.0016 | Train Perf: 0.9777 | Eval Error: 0.0407 | Eval Perf: 0.5014
[86, 100] Train Error: 0.0016 | Train Perf: 0.9779 | Eval Error: 0.0401 | Eval Perf: 0.5054
[87, 100] Train Error: 0.0015 | Train Perf: 0.9784 | Eval Error: 0.0404 | Eval Perf: 0.5063
[88, 100] Train Error: 0.0015 | Train Perf: 0.9785 | Eval Error: 0.0406 | Eval Perf: 0.5063
[89, 100] Train Error: 0.0015 | Train Perf: 0.9784 | Eval Error: 0.0408 | Eval Perf: 0.5041
[90, 100] Train Error: 0.0014 | Train Perf: 0.98 | Eval Error: 0.0413 | Eval Perf: 0.5048
[91, 100] Train Error: 0.0015 | Train Perf: 0.9789 | Eval Error: 0.0408 | Eval Perf: 0.5065
[92, 100] Train Error: 0.0014 | Train Perf: 0.9795 | Eval Error: 0.0401 | Eval Perf: 0.5084
[93, 100] Train Error: 0.0015 | Train Perf: 0.9791 | Eval Error: 0.0412 | Eval Perf: 0.4996
[94, 100] Train Error: 0.0014 | Train Perf: 0.9801 | Eval Error: 0.0415 | Eval Perf: 0.5033
[95, 100] Train Error: 0.0015 | Train Perf: 0.9789 | Eval Error: 0.0411 | Eval Perf: 0.4983
[96, 100] Train Error: 0.0015 | Train Perf: 0.9793 | Eval Error: 0.0415 | Eval Perf: 0.5004
[97, 100] Train Error: 0.0013 | Train Perf: 0.981 | Eval Error: 0.0412 | Eval Perf: 0.5002
[98, 100] Train Error: 0.0014 | Train Perf: 0.9801 | Eval Error: 0.0417 | Eval Perf: 0.497
[99, 100] Train Error: 0.0014 | Train Perf: 0.9801 | Eval Error: 0.0409 | Eval Perf: 0.5021
[100, 100] Train Error: 0.0013 | Train Perf: 0.9815 | Eval Error: 0.0414 | Eval Perf: 0.5011
