NETWORK SUMMARY
---------------
Input Layer shape: (1, 180)
Hidden Layer shape: (181, 3)
Output layer shape: (4, 1)
Total parameters: 547

[1, 100] Train Error: 0.038 | Train Perf: 0.4067 | Eval Error: 0.022 | Eval Perf: 0.7412
[2, 100] Train Error: 0.0197 | Train Perf: 0.7516 | Eval Error: 0.0174 | Eval Perf: 0.7901
[3, 100] Train Error: 0.0166 | Train Perf: 0.7967 | Eval Error: 0.0171 | Eval Perf: 0.8005
[4, 100] Train Error: 0.0153 | Train Perf: 0.8151 | Eval Error: 0.0171 | Eval Perf: 0.7976
[5, 100] Train Error: 0.0149 | Train Perf: 0.8191 | Eval Error: 0.0171 | Eval Perf: 0.8061
[6, 100] Train Error: 0.0141 | Train Perf: 0.8296 | Eval Error: 0.0167 | Eval Perf: 0.7995
[7, 100] Train Error: 0.014 | Train Perf: 0.8318 | Eval Error: 0.0155 | Eval Perf: 0.8139
[8, 100] Train Error: 0.0133 | Train Perf: 0.8406 | Eval Error: 0.0162 | Eval Perf: 0.818
[9, 100] Train Error: 0.0128 | Train Perf: 0.8469 | Eval Error: 0.0157 | Eval Perf: 0.8134
[10, 100] Train Error: 0.0126 | Train Perf: 0.8493 | Eval Error: 0.0151 | Eval Perf: 0.8195
[11, 100] Train Error: 0.0124 | Train Perf: 0.8527 | Eval Error: 0.0156 | Eval Perf: 0.8196
[12, 100] Train Error: 0.0121 | Train Perf: 0.8554 | Eval Error: 0.0151 | Eval Perf: 0.8187
[13, 100] Train Error: 0.0117 | Train Perf: 0.8613 | Eval Error: 0.0156 | Eval Perf: 0.8166
[14, 100] Train Error: 0.0114 | Train Perf: 0.8645 | Eval Error: 0.0193 | Eval Perf: 0.8051
[15, 100] Train Error: 0.0114 | Train Perf: 0.8657 | Eval Error: 0.0172 | Eval Perf: 0.8143
[16, 100] Train Error: 0.0114 | Train Perf: 0.8653 | Eval Error: 0.0156 | Eval Perf: 0.8159
[17, 100] Train Error: 0.0109 | Train Perf: 0.8715 | Eval Error: 0.0158 | Eval Perf: 0.8109
[18, 100] Train Error: 0.0107 | Train Perf: 0.8739 | Eval Error: 0.0161 | Eval Perf: 0.8076
[19, 100] Train Error: 0.0104 | Train Perf: 0.8775 | Eval Error: 0.016 | Eval Perf: 0.811
[20, 100] Train Error: 0.0104 | Train Perf: 0.8771 | Eval Error: 0.016 | Eval Perf: 0.8155
[21, 100] Train Error: 0.0101 | Train Perf: 0.8817 | Eval Error: 0.0163 | Eval Perf: 0.8051
[22, 100] Train Error: 0.0101 | Train Perf: 0.8816 | Eval Error: 0.0161 | Eval Perf: 0.8088
[23, 100] Train Error: 0.01 | Train Perf: 0.8828 | Eval Error: 0.0167 | Eval Perf: 0.8014
[24, 100] Train Error: 0.01 | Train Perf: 0.8833 | Eval Error: 0.0167 | Eval Perf: 0.798
[25, 100] Train Error: 0.0097 | Train Perf: 0.8869 | Eval Error: 0.017 | Eval Perf: 0.7967
[26, 100] Train Error: 0.0097 | Train Perf: 0.8868 | Eval Error: 0.0181 | Eval Perf: 0.7969
[27, 100] Train Error: 0.0095 | Train Perf: 0.8895 | Eval Error: 0.0174 | Eval Perf: 0.7921
[28, 100] Train Error: 0.0093 | Train Perf: 0.8911 | Eval Error: 0.0179 | Eval Perf: 0.7964
[29, 100] Train Error: 0.0093 | Train Perf: 0.8922 | Eval Error: 0.0174 | Eval Perf: 0.7966
[30, 100] Train Error: 0.009 | Train Perf: 0.8947 | Eval Error: 0.0181 | Eval Perf: 0.7856
[31, 100] Train Error: 0.009 | Train Perf: 0.8947 | Eval Error: 0.0181 | Eval Perf: 0.788
[32, 100] Train Error: 0.0089 | Train Perf: 0.8964 | Eval Error: 0.0183 | Eval Perf: 0.7829
[33, 100] Train Error: 0.009 | Train Perf: 0.8954 | Eval Error: 0.0211 | Eval Perf: 0.7796
[34, 100] Train Error: 0.0089 | Train Perf: 0.8968 | Eval Error: 0.0185 | Eval Perf: 0.7839
[35, 100] Train Error: 0.0086 | Train Perf: 0.8996 | Eval Error: 0.0189 | Eval Perf: 0.7763
[36, 100] Train Error: 0.0085 | Train Perf: 0.9012 | Eval Error: 0.0193 | Eval Perf: 0.7759
[37, 100] Train Error: 0.0085 | Train Perf: 0.9013 | Eval Error: 0.0192 | Eval Perf: 0.7741
[38, 100] Train Error: 0.0086 | Train Perf: 0.9004 | Eval Error: 0.0191 | Eval Perf: 0.7769
[39, 100] Train Error: 0.0084 | Train Perf: 0.9028 | Eval Error: 0.0198 | Eval Perf: 0.7755
[40, 100] Train Error: 0.0083 | Train Perf: 0.9034 | Eval Error: 0.0194 | Eval Perf: 0.7718
[41, 100] Train Error: 0.0083 | Train Perf: 0.9038 | Eval Error: 0.0192 | Eval Perf: 0.7765
[42, 100] Train Error: 0.0082 | Train Perf: 0.9049 | Eval Error: 0.0203 | Eval Perf: 0.7692
[43, 100] Train Error: 0.0082 | Train Perf: 0.9056 | Eval Error: 0.0196 | Eval Perf: 0.7723
[44, 100] Train Error: 0.0079 | Train Perf: 0.9085 | Eval Error: 0.0219 | Eval Perf: 0.7662
[45, 100] Train Error: 0.0081 | Train Perf: 0.9059 | Eval Error: 0.0202 | Eval Perf: 0.7685
[46, 100] Train Error: 0.0079 | Train Perf: 0.9084 | Eval Error: 0.0202 | Eval Perf: 0.7708
[47, 100] Train Error: 0.0079 | Train Perf: 0.9092 | Eval Error: 0.0198 | Eval Perf: 0.7694
[48, 100] Train Error: 0.0078 | Train Perf: 0.9102 | Eval Error: 0.0201 | Eval Perf: 0.7689
[49, 100] Train Error: 0.0078 | Train Perf: 0.9096 | Eval Error: 0.0205 | Eval Perf: 0.7659
[50, 100] Train Error: 0.0078 | Train Perf: 0.9098 | Eval Error: 0.0205 | Eval Perf: 0.7625
[51, 100] Train Error: 0.0077 | Train Perf: 0.9106 | Eval Error: 0.0222 | Eval Perf: 0.7593
[52, 100] Train Error: 0.0077 | Train Perf: 0.9112 | Eval Error: 0.0206 | Eval Perf: 0.762
[53, 100] Train Error: 0.0076 | Train Perf: 0.9122 | Eval Error: 0.021 | Eval Perf: 0.763
[54, 100] Train Error: 0.0076 | Train Perf: 0.9129 | Eval Error: 0.0209 | Eval Perf: 0.7624
[55, 100] Train Error: 0.0077 | Train Perf: 0.9117 | Eval Error: 0.0218 | Eval Perf: 0.7637
[56, 100] Train Error: 0.0075 | Train Perf: 0.9141 | Eval Error: 0.0204 | Eval Perf: 0.7664
[57, 100] Train Error: 0.0075 | Train Perf: 0.9137 | Eval Error: 0.0211 | Eval Perf: 0.7564
[58, 100] Train Error: 0.0074 | Train Perf: 0.9152 | Eval Error: 0.0212 | Eval Perf: 0.7643
[59, 100] Train Error: 0.0074 | Train Perf: 0.9142 | Eval Error: 0.0205 | Eval Perf: 0.7647
[60, 100] Train Error: 0.0071 | Train Perf: 0.9179 | Eval Error: 0.021 | Eval Perf: 0.7634
[61, 100] Train Error: 0.0072 | Train Perf: 0.9171 | Eval Error: 0.0213 | Eval Perf: 0.7545
[62, 100] Train Error: 0.0071 | Train Perf: 0.9189 | Eval Error: 0.0213 | Eval Perf: 0.7533
[63, 100] Train Error: 0.0073 | Train Perf: 0.9155 | Eval Error: 0.021 | Eval Perf: 0.7597
[64, 100] Train Error: 0.0072 | Train Perf: 0.9175 | Eval Error: 0.0212 | Eval Perf: 0.7544
[65, 100] Train Error: 0.0072 | Train Perf: 0.9168 | Eval Error: 0.0212 | Eval Perf: 0.7523
[66, 100] Train Error: 0.0071 | Train Perf: 0.9188 | Eval Error: 0.0217 | Eval Perf: 0.7562
[67, 100] Train Error: 0.0072 | Train Perf: 0.9168 | Eval Error: 0.0213 | Eval Perf: 0.7533
[68, 100] Train Error: 0.0071 | Train Perf: 0.9184 | Eval Error: 0.0211 | Eval Perf: 0.7589
[69, 100] Train Error: 0.007 | Train Perf: 0.9191 | Eval Error: 0.0225 | Eval Perf: 0.752
[70, 100] Train Error: 0.007 | Train Perf: 0.9201 | Eval Error: 0.0227 | Eval Perf: 0.751
[71, 100] Train Error: 0.0071 | Train Perf: 0.9188 | Eval Error: 0.0222 | Eval Perf: 0.7545
[72, 100] Train Error: 0.007 | Train Perf: 0.9199 | Eval Error: 0.0218 | Eval Perf: 0.7482
[73, 100] Train Error: 0.0069 | Train Perf: 0.9204 | Eval Error: 0.0223 | Eval Perf: 0.7531
[74, 100] Train Error: 0.007 | Train Perf: 0.9197 | Eval Error: 0.0216 | Eval Perf: 0.7545
[75, 100] Train Error: 0.0069 | Train Perf: 0.9209 | Eval Error: 0.0217 | Eval Perf: 0.757
[76, 100] Train Error: 0.0068 | Train Perf: 0.9225 | Eval Error: 0.0212 | Eval Perf: 0.7575
[77, 100] Train Error: 0.0067 | Train Perf: 0.9227 | Eval Error: 0.0238 | Eval Perf: 0.7479
[78, 100] Train Error: 0.0068 | Train Perf: 0.922 | Eval Error: 0.0222 | Eval Perf: 0.7524
[79, 100] Train Error: 0.0068 | Train Perf: 0.9224 | Eval Error: 0.0219 | Eval Perf: 0.7493
[80, 100] Train Error: 0.0066 | Train Perf: 0.9245 | Eval Error: 0.0219 | Eval Perf: 0.7568
[81, 100] Train Error: 0.0068 | Train Perf: 0.9223 | Eval Error: 0.0223 | Eval Perf: 0.7511
[82, 100] Train Error: 0.0066 | Train Perf: 0.924 | Eval Error: 0.0222 | Eval Perf: 0.7448
[83, 100] Train Error: 0.0067 | Train Perf: 0.9233 | Eval Error: 0.0219 | Eval Perf: 0.7527
[84, 100] Train Error: 0.0066 | Train Perf: 0.925 | Eval Error: 0.0219 | Eval Perf: 0.7515
[85, 100] Train Error: 0.0067 | Train Perf: 0.9237 | Eval Error: 0.0221 | Eval Perf: 0.7455
[86, 100] Train Error: 0.0066 | Train Perf: 0.9248 | Eval Error: 0.0221 | Eval Perf: 0.7471
[87, 100] Train Error: 0.0066 | Train Perf: 0.9246 | Eval Error: 0.0218 | Eval Perf: 0.7527
[88, 100] Train Error: 0.0065 | Train Perf: 0.9256 | Eval Error: 0.0224 | Eval Perf: 0.7425
[89, 100] Train Error: 0.0064 | Train Perf: 0.9266 | Eval Error: 0.0223 | Eval Perf: 0.7499
[90, 100] Train Error: 0.0065 | Train Perf: 0.9258 | Eval Error: 0.0226 | Eval Perf: 0.7464
[91, 100] Train Error: 0.0065 | Train Perf: 0.9262 | Eval Error: 0.0224 | Eval Perf: 0.7498
[92, 100] Train Error: 0.0064 | Train Perf: 0.9263 | Eval Error: 0.0221 | Eval Perf: 0.7511
[93, 100] Train Error: 0.0064 | Train Perf: 0.9273 | Eval Error: 0.022 | Eval Perf: 0.7509
[94, 100] Train Error: 0.0065 | Train Perf: 0.926 | Eval Error: 0.0221 | Eval Perf: 0.7496
[95, 100] Train Error: 0.0064 | Train Perf: 0.9274 | Eval Error: 0.0221 | Eval Perf: 0.7468
[96, 100] Train Error: 0.0063 | Train Perf: 0.9281 | Eval Error: 0.0222 | Eval Perf: 0.7448
[97, 100] Train Error: 0.0063 | Train Perf: 0.9277 | Eval Error: 0.0226 | Eval Perf: 0.7427
[98, 100] Train Error: 0.0063 | Train Perf: 0.9283 | Eval Error: 0.0225 | Eval Perf: 0.7422
[99, 100] Train Error: 0.0063 | Train Perf: 0.9277 | Eval Error: 0.0229 | Eval Perf: 0.7452
[100, 100] Train Error: 0.0062 | Train Perf: 0.9288 | Eval Error: 0.0223 | Eval Perf: 0.75
