NETWORK SUMMARY
---------------
Input Layer shape: (1, 180)
Hidden Layer shape: (181, 3)
Output layer shape: (4, 1)
Total parameters: 547

[1, 100] Train Error: 0.0377 | Train Perf: 0.4135 | Eval Error: 0.0256 | Eval Perf: 0.7137
[2, 100] Train Error: 0.0197 | Train Perf: 0.7521 | Eval Error: 0.0188 | Eval Perf: 0.779
[3, 100] Train Error: 0.0169 | Train Perf: 0.7918 | Eval Error: 0.017 | Eval Perf: 0.7955
[4, 100] Train Error: 0.0153 | Train Perf: 0.8149 | Eval Error: 0.0154 | Eval Perf: 0.8128
[5, 100] Train Error: 0.0151 | Train Perf: 0.8165 | Eval Error: 0.0163 | Eval Perf: 0.8082
[6, 100] Train Error: 0.0144 | Train Perf: 0.8268 | Eval Error: 0.0148 | Eval Perf: 0.8223
[7, 100] Train Error: 0.0142 | Train Perf: 0.8292 | Eval Error: 0.0147 | Eval Perf: 0.8239
[8, 100] Train Error: 0.0134 | Train Perf: 0.8394 | Eval Error: 0.0157 | Eval Perf: 0.8133
[9, 100] Train Error: 0.0132 | Train Perf: 0.8419 | Eval Error: 0.0149 | Eval Perf: 0.8209
[10, 100] Train Error: 0.0128 | Train Perf: 0.8476 | Eval Error: 0.0146 | Eval Perf: 0.8245
[11, 100] Train Error: 0.0124 | Train Perf: 0.8521 | Eval Error: 0.0143 | Eval Perf: 0.8282
[12, 100] Train Error: 0.0121 | Train Perf: 0.8568 | Eval Error: 0.0145 | Eval Perf: 0.8257
[13, 100] Train Error: 0.0118 | Train Perf: 0.8597 | Eval Error: 0.0142 | Eval Perf: 0.8294
[14, 100] Train Error: 0.0116 | Train Perf: 0.8626 | Eval Error: 0.0146 | Eval Perf: 0.827
[15, 100] Train Error: 0.0113 | Train Perf: 0.8665 | Eval Error: 0.0161 | Eval Perf: 0.8253
[16, 100] Train Error: 0.0111 | Train Perf: 0.8696 | Eval Error: 0.0147 | Eval Perf: 0.8243
[17, 100] Train Error: 0.0109 | Train Perf: 0.8711 | Eval Error: 0.015 | Eval Perf: 0.8223
[18, 100] Train Error: 0.0106 | Train Perf: 0.8758 | Eval Error: 0.0147 | Eval Perf: 0.824
[19, 100] Train Error: 0.0106 | Train Perf: 0.876 | Eval Error: 0.0144 | Eval Perf: 0.8283
[20, 100] Train Error: 0.0103 | Train Perf: 0.8789 | Eval Error: 0.0162 | Eval Perf: 0.8229
[21, 100] Train Error: 0.0101 | Train Perf: 0.8819 | Eval Error: 0.0151 | Eval Perf: 0.8245
[22, 100] Train Error: 0.0099 | Train Perf: 0.8838 | Eval Error: 0.0156 | Eval Perf: 0.8232
[23, 100] Train Error: 0.0097 | Train Perf: 0.887 | Eval Error: 0.0158 | Eval Perf: 0.8234
[24, 100] Train Error: 0.0096 | Train Perf: 0.8878 | Eval Error: 0.0151 | Eval Perf: 0.8197
[25, 100] Train Error: 0.0094 | Train Perf: 0.8907 | Eval Error: 0.015 | Eval Perf: 0.8211
[26, 100] Train Error: 0.0093 | Train Perf: 0.8914 | Eval Error: 0.0154 | Eval Perf: 0.8195
[27, 100] Train Error: 0.0092 | Train Perf: 0.8932 | Eval Error: 0.0151 | Eval Perf: 0.82
[28, 100] Train Error: 0.009 | Train Perf: 0.8956 | Eval Error: 0.0151 | Eval Perf: 0.8201
[29, 100] Train Error: 0.0091 | Train Perf: 0.8938 | Eval Error: 0.015 | Eval Perf: 0.8213
[30, 100] Train Error: 0.009 | Train Perf: 0.8954 | Eval Error: 0.0156 | Eval Perf: 0.8139
[31, 100] Train Error: 0.0085 | Train Perf: 0.9008 | Eval Error: 0.015 | Eval Perf: 0.8204
[32, 100] Train Error: 0.0085 | Train Perf: 0.9011 | Eval Error: 0.0156 | Eval Perf: 0.8145
[33, 100] Train Error: 0.0085 | Train Perf: 0.9014 | Eval Error: 0.0172 | Eval Perf: 0.8127
[34, 100] Train Error: 0.0085 | Train Perf: 0.9015 | Eval Error: 0.0168 | Eval Perf: 0.8156
[35, 100] Train Error: 0.0083 | Train Perf: 0.9043 | Eval Error: 0.0189 | Eval Perf: 0.8155
[36, 100] Train Error: 0.0083 | Train Perf: 0.9037 | Eval Error: 0.0176 | Eval Perf: 0.8089
[37, 100] Train Error: 0.0082 | Train Perf: 0.9052 | Eval Error: 0.0159 | Eval Perf: 0.808
[38, 100] Train Error: 0.0082 | Train Perf: 0.9047 | Eval Error: 0.0159 | Eval Perf: 0.8141
[39, 100] Train Error: 0.008 | Train Perf: 0.9077 | Eval Error: 0.0163 | Eval Perf: 0.8122
[40, 100] Train Error: 0.008 | Train Perf: 0.9077 | Eval Error: 0.0161 | Eval Perf: 0.8096
[41, 100] Train Error: 0.008 | Train Perf: 0.9082 | Eval Error: 0.0159 | Eval Perf: 0.8104
[42, 100] Train Error: 0.0078 | Train Perf: 0.9096 | Eval Error: 0.0161 | Eval Perf: 0.8095
[43, 100] Train Error: 0.0079 | Train Perf: 0.9089 | Eval Error: 0.0159 | Eval Perf: 0.8115
[44, 100] Train Error: 0.0077 | Train Perf: 0.9112 | Eval Error: 0.0167 | Eval Perf: 0.8083
[45, 100] Train Error: 0.0076 | Train Perf: 0.9119 | Eval Error: 0.0166 | Eval Perf: 0.8061
[46, 100] Train Error: 0.0077 | Train Perf: 0.9107 | Eval Error: 0.0168 | Eval Perf: 0.8033
[47, 100] Train Error: 0.0076 | Train Perf: 0.9124 | Eval Error: 0.0168 | Eval Perf: 0.8031
[48, 100] Train Error: 0.0076 | Train Perf: 0.9126 | Eval Error: 0.0174 | Eval Perf: 0.7981
[49, 100] Train Error: 0.0075 | Train Perf: 0.9139 | Eval Error: 0.0165 | Eval Perf: 0.8084
[50, 100] Train Error: 0.0074 | Train Perf: 0.915 | Eval Error: 0.0168 | Eval Perf: 0.8019
[51, 100] Train Error: 0.0074 | Train Perf: 0.9153 | Eval Error: 0.0171 | Eval Perf: 0.8008
[52, 100] Train Error: 0.0073 | Train Perf: 0.9161 | Eval Error: 0.0167 | Eval Perf: 0.806
[53, 100] Train Error: 0.0071 | Train Perf: 0.918 | Eval Error: 0.0184 | Eval Perf: 0.7905
[54, 100] Train Error: 0.0072 | Train Perf: 0.9175 | Eval Error: 0.0171 | Eval Perf: 0.801
[55, 100] Train Error: 0.0072 | Train Perf: 0.9166 | Eval Error: 0.0173 | Eval Perf: 0.798
[56, 100] Train Error: 0.0071 | Train Perf: 0.9181 | Eval Error: 0.0189 | Eval Perf: 0.7898
[57, 100] Train Error: 0.0071 | Train Perf: 0.9189 | Eval Error: 0.0172 | Eval Perf: 0.7948
[58, 100] Train Error: 0.0071 | Train Perf: 0.9178 | Eval Error: 0.0184 | Eval Perf: 0.795
[59, 100] Train Error: 0.007 | Train Perf: 0.9193 | Eval Error: 0.0173 | Eval Perf: 0.7974
[60, 100] Train Error: 0.0071 | Train Perf: 0.9186 | Eval Error: 0.0174 | Eval Perf: 0.7968
[61, 100] Train Error: 0.0071 | Train Perf: 0.9188 | Eval Error: 0.0182 | Eval Perf: 0.7949
[62, 100] Train Error: 0.0069 | Train Perf: 0.9204 | Eval Error: 0.018 | Eval Perf: 0.7896
[63, 100] Train Error: 0.0068 | Train Perf: 0.9216 | Eval Error: 0.0176 | Eval Perf: 0.7911
[64, 100] Train Error: 0.0069 | Train Perf: 0.9205 | Eval Error: 0.0184 | Eval Perf: 0.7929
[65, 100] Train Error: 0.0069 | Train Perf: 0.9206 | Eval Error: 0.0174 | Eval Perf: 0.7913
[66, 100] Train Error: 0.0069 | Train Perf: 0.9212 | Eval Error: 0.018 | Eval Perf: 0.7898
[67, 100] Train Error: 0.007 | Train Perf: 0.9191 | Eval Error: 0.0177 | Eval Perf: 0.791
[68, 100] Train Error: 0.0069 | Train Perf: 0.9214 | Eval Error: 0.0178 | Eval Perf: 0.7915
[69, 100] Train Error: 0.0068 | Train Perf: 0.9217 | Eval Error: 0.0185 | Eval Perf: 0.786
[70, 100] Train Error: 0.0067 | Train Perf: 0.9228 | Eval Error: 0.0183 | Eval Perf: 0.7894
[71, 100] Train Error: 0.0068 | Train Perf: 0.9224 | Eval Error: 0.0187 | Eval Perf: 0.7871
[72, 100] Train Error: 0.0068 | Train Perf: 0.9227 | Eval Error: 0.0185 | Eval Perf: 0.7865
[73, 100] Train Error: 0.0067 | Train Perf: 0.9227 | Eval Error: 0.0185 | Eval Perf: 0.7848
[74, 100] Train Error: 0.0068 | Train Perf: 0.9219 | Eval Error: 0.0193 | Eval Perf: 0.7803
[75, 100] Train Error: 0.0066 | Train Perf: 0.9241 | Eval Error: 0.0204 | Eval Perf: 0.7796
[76, 100] Train Error: 0.0067 | Train Perf: 0.9227 | Eval Error: 0.02 | Eval Perf: 0.7768
[77, 100] Train Error: 0.0067 | Train Perf: 0.9236 | Eval Error: 0.0192 | Eval Perf: 0.7821
[78, 100] Train Error: 0.0067 | Train Perf: 0.9228 | Eval Error: 0.0184 | Eval Perf: 0.7885
[79, 100] Train Error: 0.0066 | Train Perf: 0.9248 | Eval Error: 0.0193 | Eval Perf: 0.784
[80, 100] Train Error: 0.0067 | Train Perf: 0.9239 | Eval Error: 0.0193 | Eval Perf: 0.7827
[81, 100] Train Error: 0.0067 | Train Perf: 0.9236 | Eval Error: 0.0192 | Eval Perf: 0.7779
[82, 100] Train Error: 0.0065 | Train Perf: 0.9254 | Eval Error: 0.0193 | Eval Perf: 0.7801
[83, 100] Train Error: 0.0065 | Train Perf: 0.9262 | Eval Error: 0.0188 | Eval Perf: 0.7829
[84, 100] Train Error: 0.0066 | Train Perf: 0.9248 | Eval Error: 0.019 | Eval Perf: 0.7797
[85, 100] Train Error: 0.0065 | Train Perf: 0.9254 | Eval Error: 0.0192 | Eval Perf: 0.78
[86, 100] Train Error: 0.0064 | Train Perf: 0.9264 | Eval Error: 0.0193 | Eval Perf: 0.7735
[87, 100] Train Error: 0.0065 | Train Perf: 0.9257 | Eval Error: 0.0198 | Eval Perf: 0.7756
[88, 100] Train Error: 0.0064 | Train Perf: 0.9264 | Eval Error: 0.0211 | Eval Perf: 0.7712
[89, 100] Train Error: 0.0065 | Train Perf: 0.926 | Eval Error: 0.0188 | Eval Perf: 0.7846
[90, 100] Train Error: 0.0065 | Train Perf: 0.9257 | Eval Error: 0.0186 | Eval Perf: 0.784
[91, 100] Train Error: 0.0065 | Train Perf: 0.9257 | Eval Error: 0.0192 | Eval Perf: 0.7778
[92, 100] Train Error: 0.0064 | Train Perf: 0.9269 | Eval Error: 0.0195 | Eval Perf: 0.7783
[93, 100] Train Error: 0.0065 | Train Perf: 0.9253 | Eval Error: 0.0195 | Eval Perf: 0.7773
[94, 100] Train Error: 0.0063 | Train Perf: 0.9277 | Eval Error: 0.0202 | Eval Perf: 0.7748
[95, 100] Train Error: 0.0063 | Train Perf: 0.9274 | Eval Error: 0.0188 | Eval Perf: 0.7821
[96, 100] Train Error: 0.0064 | Train Perf: 0.927 | Eval Error: 0.0193 | Eval Perf: 0.7765
[97, 100] Train Error: 0.0064 | Train Perf: 0.9274 | Eval Error: 0.0191 | Eval Perf: 0.7776
[98, 100] Train Error: 0.0064 | Train Perf: 0.9269 | Eval Error: 0.0198 | Eval Perf: 0.7686
[99, 100] Train Error: 0.0063 | Train Perf: 0.9282 | Eval Error: 0.0193 | Eval Perf: 0.7725
[100, 100] Train Error: 0.0063 | Train Perf: 0.9283 | Eval Error: 0.0196 | Eval Perf: 0.774
