NETWORK SUMMARY
---------------
Input Layer shape: (1, 180)
Hidden Layer shape: (181, 3)
Output layer shape: (4, 1)
Total parameters: 547

[1, 100] Train Error: 0.0368 | Train Perf: -0.1442 | Eval Error: 0.0354 | Eval Perf: -0.141
[2, 100] Train Error: 0.0357 | Train Perf: 0.0475 | Eval Error: 0.0353 | Eval Perf: -0.039
[3, 100] Train Error: 0.0355 | Train Perf: 0.1195 | Eval Error: 0.0351 | Eval Perf: 0.0511
[4, 100] Train Error: 0.0351 | Train Perf: 0.2505 | Eval Error: 0.035 | Eval Perf: 0.1242
[5, 100] Train Error: 0.0346 | Train Perf: 0.2903 | Eval Error: 0.0348 | Eval Perf: 0.2023
[6, 100] Train Error: 0.0341 | Train Perf: 0.4349 | Eval Error: 0.0343 | Eval Perf: 0.2737
[7, 100] Train Error: 0.0332 | Train Perf: 0.4637 | Eval Error: 0.0339 | Eval Perf: 0.3144
[8, 100] Train Error: 0.0324 | Train Perf: 0.5037 | Eval Error: 0.0332 | Eval Perf: 0.3596
[9, 100] Train Error: 0.0314 | Train Perf: 0.5546 | Eval Error: 0.0326 | Eval Perf: 0.382
[10, 100] Train Error: 0.0304 | Train Perf: 0.5688 | Eval Error: 0.032 | Eval Perf: 0.4042
[11, 100] Train Error: 0.0292 | Train Perf: 0.5941 | Eval Error: 0.0313 | Eval Perf: 0.4186
[12, 100] Train Error: 0.028 | Train Perf: 0.6021 | Eval Error: 0.0307 | Eval Perf: 0.4307
[13, 100] Train Error: 0.0268 | Train Perf: 0.6222 | Eval Error: 0.0301 | Eval Perf: 0.4395
[14, 100] Train Error: 0.0257 | Train Perf: 0.6409 | Eval Error: 0.0295 | Eval Perf: 0.4458
[15, 100] Train Error: 0.0246 | Train Perf: 0.6514 | Eval Error: 0.0291 | Eval Perf: 0.4535
[16, 100] Train Error: 0.0236 | Train Perf: 0.6654 | Eval Error: 0.0286 | Eval Perf: 0.4567
[17, 100] Train Error: 0.0227 | Train Perf: 0.6773 | Eval Error: 0.0283 | Eval Perf: 0.4627
[18, 100] Train Error: 0.0218 | Train Perf: 0.6882 | Eval Error: 0.0279 | Eval Perf: 0.4654
[19, 100] Train Error: 0.021 | Train Perf: 0.6964 | Eval Error: 0.0277 | Eval Perf: 0.4682
[20, 100] Train Error: 0.0203 | Train Perf: 0.7101 | Eval Error: 0.0277 | Eval Perf: 0.4731
[21, 100] Train Error: 0.0195 | Train Perf: 0.7204 | Eval Error: 0.0277 | Eval Perf: 0.4778
[22, 100] Train Error: 0.0189 | Train Perf: 0.7286 | Eval Error: 0.0273 | Eval Perf: 0.4754
[23, 100] Train Error: 0.0183 | Train Perf: 0.7344 | Eval Error: 0.0272 | Eval Perf: 0.4773
[24, 100] Train Error: 0.0178 | Train Perf: 0.7431 | Eval Error: 0.0272 | Eval Perf: 0.4797
[25, 100] Train Error: 0.0172 | Train Perf: 0.7535 | Eval Error: 0.0272 | Eval Perf: 0.4797
[26, 100] Train Error: 0.0166 | Train Perf: 0.7579 | Eval Error: 0.0272 | Eval Perf: 0.4814
[27, 100] Train Error: 0.0163 | Train Perf: 0.7684 | Eval Error: 0.0272 | Eval Perf: 0.4875
[28, 100] Train Error: 0.0158 | Train Perf: 0.7703 | Eval Error: 0.0272 | Eval Perf: 0.4867
[29, 100] Train Error: 0.0154 | Train Perf: 0.7761 | Eval Error: 0.0273 | Eval Perf: 0.4889
[30, 100] Train Error: 0.015 | Train Perf: 0.781 | Eval Error: 0.0273 | Eval Perf: 0.4906
[31, 100] Train Error: 0.0146 | Train Perf: 0.7873 | Eval Error: 0.0275 | Eval Perf: 0.4931
[32, 100] Train Error: 0.0143 | Train Perf: 0.791 | Eval Error: 0.0274 | Eval Perf: 0.4937
[33, 100] Train Error: 0.014 | Train Perf: 0.7971 | Eval Error: 0.0276 | Eval Perf: 0.4941
[34, 100] Train Error: 0.0137 | Train Perf: 0.8015 | Eval Error: 0.0276 | Eval Perf: 0.4976
[35, 100] Train Error: 0.0133 | Train Perf: 0.8062 | Eval Error: 0.0279 | Eval Perf: 0.4946
[36, 100] Train Error: 0.0132 | Train Perf: 0.809 | Eval Error: 0.0278 | Eval Perf: 0.4968
[37, 100] Train Error: 0.0126 | Train Perf: 0.817 | Eval Error: 0.0279 | Eval Perf: 0.5012
[38, 100] Train Error: 0.0127 | Train Perf: 0.8151 | Eval Error: 0.028 | Eval Perf: 0.5014
[39, 100] Train Error: 0.0124 | Train Perf: 0.8184 | Eval Error: 0.0281 | Eval Perf: 0.5017
[40, 100] Train Error: 0.0122 | Train Perf: 0.8237 | Eval Error: 0.0282 | Eval Perf: 0.5027
[41, 100] Train Error: 0.012 | Train Perf: 0.826 | Eval Error: 0.0283 | Eval Perf: 0.5033
[42, 100] Train Error: 0.0115 | Train Perf: 0.8311 | Eval Error: 0.0288 | Eval Perf: 0.4963
[43, 100] Train Error: 0.0115 | Train Perf: 0.8314 | Eval Error: 0.0289 | Eval Perf: 0.4974
[44, 100] Train Error: 0.0114 | Train Perf: 0.8366 | Eval Error: 0.0286 | Eval Perf: 0.5037
[45, 100] Train Error: 0.0111 | Train Perf: 0.8391 | Eval Error: 0.0288 | Eval Perf: 0.5059
[46, 100] Train Error: 0.011 | Train Perf: 0.8397 | Eval Error: 0.029 | Eval Perf: 0.5014
[47, 100] Train Error: 0.0107 | Train Perf: 0.845 | Eval Error: 0.0292 | Eval Perf: 0.4963
[48, 100] Train Error: 0.0106 | Train Perf: 0.8464 | Eval Error: 0.0293 | Eval Perf: 0.498
[49, 100] Train Error: 0.0103 | Train Perf: 0.8517 | Eval Error: 0.0294 | Eval Perf: 0.4989
[50, 100] Train Error: 0.0102 | Train Perf: 0.8516 | Eval Error: 0.0297 | Eval Perf: 0.4959
[51, 100] Train Error: 0.0102 | Train Perf: 0.8536 | Eval Error: 0.0296 | Eval Perf: 0.4996
[52, 100] Train Error: 0.0099 | Train Perf: 0.8575 | Eval Error: 0.0297 | Eval Perf: 0.5012
[53, 100] Train Error: 0.0098 | Train Perf: 0.8585 | Eval Error: 0.0298 | Eval Perf: 0.4996
[54, 100] Train Error: 0.0095 | Train Perf: 0.8646 | Eval Error: 0.03 | Eval Perf: 0.5002
[55, 100] Train Error: 0.0095 | Train Perf: 0.8631 | Eval Error: 0.0301 | Eval Perf: 0.4983
[56, 100] Train Error: 0.0093 | Train Perf: 0.8663 | Eval Error: 0.0302 | Eval Perf: 0.4973
[57, 100] Train Error: 0.0092 | Train Perf: 0.8694 | Eval Error: 0.0302 | Eval Perf: 0.5014
[58, 100] Train Error: 0.009 | Train Perf: 0.8706 | Eval Error: 0.0303 | Eval Perf: 0.5002
[59, 100] Train Error: 0.0088 | Train Perf: 0.874 | Eval Error: 0.0304 | Eval Perf: 0.4995
[60, 100] Train Error: 0.0087 | Train Perf: 0.8762 | Eval Error: 0.0305 | Eval Perf: 0.5011
[61, 100] Train Error: 0.0085 | Train Perf: 0.8781 | Eval Error: 0.0307 | Eval Perf: 0.5007
[62, 100] Train Error: 0.0084 | Train Perf: 0.8811 | Eval Error: 0.0309 | Eval Perf: 0.5008
[63, 100] Train Error: 0.0083 | Train Perf: 0.8819 | Eval Error: 0.0309 | Eval Perf: 0.4996
[64, 100] Train Error: 0.0082 | Train Perf: 0.8835 | Eval Error: 0.0311 | Eval Perf: 0.4974
[65, 100] Train Error: 0.0081 | Train Perf: 0.8853 | Eval Error: 0.0314 | Eval Perf: 0.4943
[66, 100] Train Error: 0.0079 | Train Perf: 0.8881 | Eval Error: 0.0313 | Eval Perf: 0.4982
[67, 100] Train Error: 0.0078 | Train Perf: 0.8893 | Eval Error: 0.0314 | Eval Perf: 0.4968
[68, 100] Train Error: 0.0077 | Train Perf: 0.8913 | Eval Error: 0.0317 | Eval Perf: 0.4934
[69, 100] Train Error: 0.0075 | Train Perf: 0.8945 | Eval Error: 0.0317 | Eval Perf: 0.4967
[70, 100] Train Error: 0.0074 | Train Perf: 0.8947 | Eval Error: 0.0319 | Eval Perf: 0.4917
[71, 100] Train Error: 0.0074 | Train Perf: 0.896 | Eval Error: 0.0319 | Eval Perf: 0.4936
[72, 100] Train Error: 0.0072 | Train Perf: 0.8981 | Eval Error: 0.032 | Eval Perf: 0.4956
[73, 100] Train Error: 0.0071 | Train Perf: 0.9001 | Eval Error: 0.0322 | Eval Perf: 0.493
[74, 100] Train Error: 0.007 | Train Perf: 0.9015 | Eval Error: 0.0322 | Eval Perf: 0.4941
[75, 100] Train Error: 0.0069 | Train Perf: 0.9041 | Eval Error: 0.0324 | Eval Perf: 0.4956
[76, 100] Train Error: 0.0068 | Train Perf: 0.9036 | Eval Error: 0.0327 | Eval Perf: 0.4876
[77, 100] Train Error: 0.0067 | Train Perf: 0.907 | Eval Error: 0.0325 | Eval Perf: 0.4924
[78, 100] Train Error: 0.0066 | Train Perf: 0.9066 | Eval Error: 0.0326 | Eval Perf: 0.4926
[79, 100] Train Error: 0.0065 | Train Perf: 0.9083 | Eval Error: 0.0327 | Eval Perf: 0.4916
[80, 100] Train Error: 0.0064 | Train Perf: 0.91 | Eval Error: 0.0328 | Eval Perf: 0.4913
[81, 100] Train Error: 0.0063 | Train Perf: 0.9125 | Eval Error: 0.0329 | Eval Perf: 0.4927
[82, 100] Train Error: 0.0062 | Train Perf: 0.9129 | Eval Error: 0.033 | Eval Perf: 0.4916
[83, 100] Train Error: 0.0061 | Train Perf: 0.9146 | Eval Error: 0.0331 | Eval Perf: 0.4904
[84, 100] Train Error: 0.006 | Train Perf: 0.9164 | Eval Error: 0.0331 | Eval Perf: 0.4919
[85, 100] Train Error: 0.0059 | Train Perf: 0.9188 | Eval Error: 0.0332 | Eval Perf: 0.4924
[86, 100] Train Error: 0.0059 | Train Perf: 0.9179 | Eval Error: 0.0333 | Eval Perf: 0.4902
[87, 100] Train Error: 0.0057 | Train Perf: 0.921 | Eval Error: 0.0334 | Eval Perf: 0.4923
[88, 100] Train Error: 0.0057 | Train Perf: 0.9199 | Eval Error: 0.0334 | Eval Perf: 0.4919
[89, 100] Train Error: 0.0055 | Train Perf: 0.9236 | Eval Error: 0.0335 | Eval Perf: 0.4917
[90, 100] Train Error: 0.0055 | Train Perf: 0.9228 | Eval Error: 0.0335 | Eval Perf: 0.4905
[91, 100] Train Error: 0.0053 | Train Perf: 0.9249 | Eval Error: 0.0337 | Eval Perf: 0.4875
[92, 100] Train Error: 0.0054 | Train Perf: 0.926 | Eval Error: 0.0338 | Eval Perf: 0.4884
[93, 100] Train Error: 0.0052 | Train Perf: 0.9283 | Eval Error: 0.0338 | Eval Perf: 0.4887
[94, 100] Train Error: 0.0052 | Train Perf: 0.9285 | Eval Error: 0.0339 | Eval Perf: 0.4889
[95, 100] Train Error: 0.005 | Train Perf: 0.931 | Eval Error: 0.0341 | Eval Perf: 0.4862
[96, 100] Train Error: 0.005 | Train Perf: 0.9314 | Eval Error: 0.0339 | Eval Perf: 0.4898
[97, 100] Train Error: 0.0049 | Train Perf: 0.9322 | Eval Error: 0.034 | Eval Perf: 0.4905
[98, 100] Train Error: 0.0049 | Train Perf: 0.9327 | Eval Error: 0.0341 | Eval Perf: 0.4886
[99, 100] Train Error: 0.0048 | Train Perf: 0.9335 | Eval Error: 0.0343 | Eval Perf: 0.4852
[100, 100] Train Error: 0.0047 | Train Perf: 0.9355 | Eval Error: 0.0343 | Eval Perf: 0.4851
