NETWORK SUMMARY
---------------
Input Layer shape: (1, 180)
Hidden Layer shape: (181, 5)
Output layer shape: (6, 1)
Total parameters: 911

[1, 100] Train Error: 0.0349 | Train Perf: 0.4058 | Eval Error: 0.0238 | Eval Perf: 0.6576
[2, 100] Train Error: 0.0192 | Train Perf: 0.7343 | Eval Error: 0.0177 | Eval Perf: 0.7632
[3, 100] Train Error: 0.0165 | Train Perf: 0.7786 | Eval Error: 0.0161 | Eval Perf: 0.7848
[4, 100] Train Error: 0.0147 | Train Perf: 0.8053 | Eval Error: 0.0153 | Eval Perf: 0.7955
[5, 100] Train Error: 0.0142 | Train Perf: 0.8124 | Eval Error: 0.0194 | Eval Perf: 0.7955
[6, 100] Train Error: 0.0137 | Train Perf: 0.8197 | Eval Error: 0.015 | Eval Perf: 0.7997
[7, 100] Train Error: 0.0133 | Train Perf: 0.8261 | Eval Error: 0.0147 | Eval Perf: 0.8135
[8, 100] Train Error: 0.0125 | Train Perf: 0.8367 | Eval Error: 0.0138 | Eval Perf: 0.8219
[9, 100] Train Error: 0.0119 | Train Perf: 0.8459 | Eval Error: 0.0138 | Eval Perf: 0.8217
[10, 100] Train Error: 0.0111 | Train Perf: 0.8576 | Eval Error: 0.0148 | Eval Perf: 0.8123
[11, 100] Train Error: 0.0109 | Train Perf: 0.8599 | Eval Error: 0.0143 | Eval Perf: 0.8118
[12, 100] Train Error: 0.0104 | Train Perf: 0.8666 | Eval Error: 0.0143 | Eval Perf: 0.8188
[13, 100] Train Error: 0.0101 | Train Perf: 0.8716 | Eval Error: 0.015 | Eval Perf: 0.8162
[14, 100] Train Error: 0.0096 | Train Perf: 0.8783 | Eval Error: 0.0159 | Eval Perf: 0.8141
[15, 100] Train Error: 0.0094 | Train Perf: 0.8807 | Eval Error: 0.0141 | Eval Perf: 0.8197
[16, 100] Train Error: 0.0089 | Train Perf: 0.8879 | Eval Error: 0.014 | Eval Perf: 0.8184
[17, 100] Train Error: 0.0086 | Train Perf: 0.8908 | Eval Error: 0.015 | Eval Perf: 0.8085
[18, 100] Train Error: 0.0083 | Train Perf: 0.8957 | Eval Error: 0.0144 | Eval Perf: 0.8157
[19, 100] Train Error: 0.0081 | Train Perf: 0.8976 | Eval Error: 0.0146 | Eval Perf: 0.8201
[20, 100] Train Error: 0.0078 | Train Perf: 0.9017 | Eval Error: 0.0156 | Eval Perf: 0.8072
[21, 100] Train Error: 0.0077 | Train Perf: 0.9034 | Eval Error: 0.0149 | Eval Perf: 0.8098
[22, 100] Train Error: 0.0075 | Train Perf: 0.9062 | Eval Error: 0.0152 | Eval Perf: 0.8054
[23, 100] Train Error: 0.0073 | Train Perf: 0.9089 | Eval Error: 0.0152 | Eval Perf: 0.806
[24, 100] Train Error: 0.007 | Train Perf: 0.9123 | Eval Error: 0.0154 | Eval Perf: 0.8026
[25, 100] Train Error: 0.0069 | Train Perf: 0.9137 | Eval Error: 0.0155 | Eval Perf: 0.8041
[26, 100] Train Error: 0.0068 | Train Perf: 0.9151 | Eval Error: 0.0151 | Eval Perf: 0.8062
[27, 100] Train Error: 0.0066 | Train Perf: 0.9174 | Eval Error: 0.0155 | Eval Perf: 0.8019
[28, 100] Train Error: 0.0064 | Train Perf: 0.9198 | Eval Error: 0.0169 | Eval Perf: 0.796
[29, 100] Train Error: 0.0063 | Train Perf: 0.9213 | Eval Error: 0.0163 | Eval Perf: 0.7961
[30, 100] Train Error: 0.0061 | Train Perf: 0.9237 | Eval Error: 0.017 | Eval Perf: 0.7897
[31, 100] Train Error: 0.0061 | Train Perf: 0.9244 | Eval Error: 0.0175 | Eval Perf: 0.7893
[32, 100] Train Error: 0.0061 | Train Perf: 0.9245 | Eval Error: 0.0172 | Eval Perf: 0.7915
[33, 100] Train Error: 0.0058 | Train Perf: 0.9275 | Eval Error: 0.0168 | Eval Perf: 0.7876
[34, 100] Train Error: 0.0057 | Train Perf: 0.9292 | Eval Error: 0.0176 | Eval Perf: 0.7828
[35, 100] Train Error: 0.0057 | Train Perf: 0.9291 | Eval Error: 0.0206 | Eval Perf: 0.7836
[36, 100] Train Error: 0.0054 | Train Perf: 0.9328 | Eval Error: 0.018 | Eval Perf: 0.7721
[37, 100] Train Error: 0.0055 | Train Perf: 0.932 | Eval Error: 0.0182 | Eval Perf: 0.7742
[38, 100] Train Error: 0.0053 | Train Perf: 0.9345 | Eval Error: 0.0188 | Eval Perf: 0.7729
[39, 100] Train Error: 0.0053 | Train Perf: 0.935 | Eval Error: 0.0193 | Eval Perf: 0.7736
[40, 100] Train Error: 0.0052 | Train Perf: 0.9363 | Eval Error: 0.0196 | Eval Perf: 0.7737
[41, 100] Train Error: 0.0051 | Train Perf: 0.9368 | Eval Error: 0.0195 | Eval Perf: 0.7703
[42, 100] Train Error: 0.005 | Train Perf: 0.9388 | Eval Error: 0.0186 | Eval Perf: 0.7646
[43, 100] Train Error: 0.005 | Train Perf: 0.9386 | Eval Error: 0.019 | Eval Perf: 0.7676
[44, 100] Train Error: 0.0049 | Train Perf: 0.9399 | Eval Error: 0.0202 | Eval Perf: 0.7626
[45, 100] Train Error: 0.0048 | Train Perf: 0.9404 | Eval Error: 0.0193 | Eval Perf: 0.769
[46, 100] Train Error: 0.0048 | Train Perf: 0.9413 | Eval Error: 0.0192 | Eval Perf: 0.7581
[47, 100] Train Error: 0.0046 | Train Perf: 0.943 | Eval Error: 0.02 | Eval Perf: 0.7578
[48, 100] Train Error: 0.0046 | Train Perf: 0.9437 | Eval Error: 0.0204 | Eval Perf: 0.759
[49, 100] Train Error: 0.0045 | Train Perf: 0.9447 | Eval Error: 0.0198 | Eval Perf: 0.7605
[50, 100] Train Error: 0.0044 | Train Perf: 0.9458 | Eval Error: 0.0205 | Eval Perf: 0.7557
[51, 100] Train Error: 0.0044 | Train Perf: 0.9459 | Eval Error: 0.0205 | Eval Perf: 0.7574
[52, 100] Train Error: 0.0043 | Train Perf: 0.9468 | Eval Error: 0.0212 | Eval Perf: 0.7538
[53, 100] Train Error: 0.0043 | Train Perf: 0.9476 | Eval Error: 0.0208 | Eval Perf: 0.756
[54, 100] Train Error: 0.0042 | Train Perf: 0.9483 | Eval Error: 0.0208 | Eval Perf: 0.7507
[55, 100] Train Error: 0.0042 | Train Perf: 0.9484 | Eval Error: 0.0207 | Eval Perf: 0.754
[56, 100] Train Error: 0.0041 | Train Perf: 0.9501 | Eval Error: 0.0208 | Eval Perf: 0.7514
[57, 100] Train Error: 0.004 | Train Perf: 0.9507 | Eval Error: 0.0213 | Eval Perf: 0.7513
[58, 100] Train Error: 0.004 | Train Perf: 0.9512 | Eval Error: 0.0222 | Eval Perf: 0.7481
[59, 100] Train Error: 0.0039 | Train Perf: 0.9527 | Eval Error: 0.0221 | Eval Perf: 0.7446
[60, 100] Train Error: 0.0038 | Train Perf: 0.9533 | Eval Error: 0.0225 | Eval Perf: 0.7416
[61, 100] Train Error: 0.0038 | Train Perf: 0.9533 | Eval Error: 0.0222 | Eval Perf: 0.7407
[62, 100] Train Error: 0.0038 | Train Perf: 0.9538 | Eval Error: 0.0221 | Eval Perf: 0.7445
[63, 100] Train Error: 0.0037 | Train Perf: 0.9546 | Eval Error: 0.0226 | Eval Perf: 0.7411
[64, 100] Train Error: 0.0036 | Train Perf: 0.9556 | Eval Error: 0.0225 | Eval Perf: 0.7383
[65, 100] Train Error: 0.0036 | Train Perf: 0.9563 | Eval Error: 0.0231 | Eval Perf: 0.7374
[66, 100] Train Error: 0.0035 | Train Perf: 0.9575 | Eval Error: 0.0231 | Eval Perf: 0.7356
[67, 100] Train Error: 0.0035 | Train Perf: 0.9579 | Eval Error: 0.0245 | Eval Perf: 0.7329
[68, 100] Train Error: 0.0035 | Train Perf: 0.9579 | Eval Error: 0.0247 | Eval Perf: 0.7349
[69, 100] Train Error: 0.0034 | Train Perf: 0.959 | Eval Error: 0.023 | Eval Perf: 0.7333
[70, 100] Train Error: 0.0033 | Train Perf: 0.9597 | Eval Error: 0.0234 | Eval Perf: 0.7289
[71, 100] Train Error: 0.0033 | Train Perf: 0.9598 | Eval Error: 0.0249 | Eval Perf: 0.7263
[72, 100] Train Error: 0.0033 | Train Perf: 0.9599 | Eval Error: 0.0246 | Eval Perf: 0.7278
[73, 100] Train Error: 0.0032 | Train Perf: 0.9604 | Eval Error: 0.0241 | Eval Perf: 0.7316
[74, 100] Train Error: 0.0032 | Train Perf: 0.9609 | Eval Error: 0.0241 | Eval Perf: 0.7282
[75, 100] Train Error: 0.0031 | Train Perf: 0.962 | Eval Error: 0.0247 | Eval Perf: 0.7299
[76, 100] Train Error: 0.0031 | Train Perf: 0.9619 | Eval Error: 0.0243 | Eval Perf: 0.7265
[77, 100] Train Error: 0.0031 | Train Perf: 0.9624 | Eval Error: 0.0247 | Eval Perf: 0.7253
[78, 100] Train Error: 0.0031 | Train Perf: 0.9628 | Eval Error: 0.0255 | Eval Perf: 0.7219
[79, 100] Train Error: 0.003 | Train Perf: 0.9636 | Eval Error: 0.0253 | Eval Perf: 0.7208
[80, 100] Train Error: 0.0029 | Train Perf: 0.9644 | Eval Error: 0.0255 | Eval Perf: 0.7204
[81, 100] Train Error: 0.0029 | Train Perf: 0.9646 | Eval Error: 0.0258 | Eval Perf: 0.7193
[82, 100] Train Error: 0.0029 | Train Perf: 0.9649 | Eval Error: 0.0247 | Eval Perf: 0.7211
[83, 100] Train Error: 0.0029 | Train Perf: 0.9647 | Eval Error: 0.0253 | Eval Perf: 0.7166
[84, 100] Train Error: 0.0029 | Train Perf: 0.9652 | Eval Error: 0.026 | Eval Perf: 0.7157
[85, 100] Train Error: 0.0028 | Train Perf: 0.9666 | Eval Error: 0.0259 | Eval Perf: 0.7129
[86, 100] Train Error: 0.0028 | Train Perf: 0.9662 | Eval Error: 0.0262 | Eval Perf: 0.7106
[87, 100] Train Error: 0.0028 | Train Perf: 0.9664 | Eval Error: 0.0265 | Eval Perf: 0.7134
[88, 100] Train Error: 0.0027 | Train Perf: 0.9672 | Eval Error: 0.0264 | Eval Perf: 0.7136
[89, 100] Train Error: 0.0027 | Train Perf: 0.9675 | Eval Error: 0.0259 | Eval Perf: 0.7127
[90, 100] Train Error: 0.0027 | Train Perf: 0.9675 | Eval Error: 0.0265 | Eval Perf: 0.7099
[91, 100] Train Error: 0.0026 | Train Perf: 0.9683 | Eval Error: 0.0278 | Eval Perf: 0.7078
[92, 100] Train Error: 0.0026 | Train Perf: 0.9688 | Eval Error: 0.0276 | Eval Perf: 0.7092
[93, 100] Train Error: 0.0026 | Train Perf: 0.9687 | Eval Error: 0.0267 | Eval Perf: 0.7062
[94, 100] Train Error: 0.0026 | Train Perf: 0.9684 | Eval Error: 0.0276 | Eval Perf: 0.7047
[95, 100] Train Error: 0.0026 | Train Perf: 0.9688 | Eval Error: 0.0272 | Eval Perf: 0.7061
[96, 100] Train Error: 0.0025 | Train Perf: 0.9698 | Eval Error: 0.028 | Eval Perf: 0.7034
[97, 100] Train Error: 0.0025 | Train Perf: 0.97 | Eval Error: 0.0272 | Eval Perf: 0.7019
[98, 100] Train Error: 0.0025 | Train Perf: 0.9698 | Eval Error: 0.0278 | Eval Perf: 0.7045
[99, 100] Train Error: 0.0025 | Train Perf: 0.9698 | Eval Error: 0.0278 | Eval Perf: 0.7012
[100, 100] Train Error: 0.0024 | Train Perf: 0.9706 | Eval Error: 0.0282 | Eval Perf: 0.699
