NETWORK SUMMARY
---------------
Input Layer shape: (1, 180)
Hidden Layer shape: (181, 5)
Output layer shape: (6, 1)
Total parameters: 911

[1, 100] Train Error: 0.0269 | Train Perf: 0.598 | Eval Error: 0.0165 | Eval Perf: 0.7888
[2, 100] Train Error: 0.0132 | Train Perf: 0.8265 | Eval Error: 0.0137 | Eval Perf: 0.8234
[3, 100] Train Error: 0.0115 | Train Perf: 0.8526 | Eval Error: 0.014 | Eval Perf: 0.8283
[4, 100] Train Error: 0.0109 | Train Perf: 0.8608 | Eval Error: 0.0135 | Eval Perf: 0.8311
[5, 100] Train Error: 0.01 | Train Perf: 0.874 | Eval Error: 0.0126 | Eval Perf: 0.8391
[6, 100] Train Error: 0.01 | Train Perf: 0.873 | Eval Error: 0.0131 | Eval Perf: 0.8351
[7, 100] Train Error: 0.0096 | Train Perf: 0.8781 | Eval Error: 0.0131 | Eval Perf: 0.8397
[8, 100] Train Error: 0.0094 | Train Perf: 0.881 | Eval Error: 0.0127 | Eval Perf: 0.8398
[9, 100] Train Error: 0.0092 | Train Perf: 0.8831 | Eval Error: 0.0145 | Eval Perf: 0.8367
[10, 100] Train Error: 0.009 | Train Perf: 0.8857 | Eval Error: 0.0128 | Eval Perf: 0.8379
[11, 100] Train Error: 0.0087 | Train Perf: 0.8899 | Eval Error: 0.0126 | Eval Perf: 0.8413
[12, 100] Train Error: 0.0086 | Train Perf: 0.8918 | Eval Error: 0.0131 | Eval Perf: 0.836
[13, 100] Train Error: 0.0084 | Train Perf: 0.8937 | Eval Error: 0.0132 | Eval Perf: 0.836
[14, 100] Train Error: 0.0082 | Train Perf: 0.8967 | Eval Error: 0.0129 | Eval Perf: 0.8403
[15, 100] Train Error: 0.0081 | Train Perf: 0.8987 | Eval Error: 0.0131 | Eval Perf: 0.8366
[16, 100] Train Error: 0.0079 | Train Perf: 0.9013 | Eval Error: 0.0132 | Eval Perf: 0.8355
[17, 100] Train Error: 0.0078 | Train Perf: 0.9025 | Eval Error: 0.0136 | Eval Perf: 0.8289
[18, 100] Train Error: 0.0075 | Train Perf: 0.9057 | Eval Error: 0.0137 | Eval Perf: 0.8345
[19, 100] Train Error: 0.0075 | Train Perf: 0.907 | Eval Error: 0.0135 | Eval Perf: 0.8313
[20, 100] Train Error: 0.0074 | Train Perf: 0.9084 | Eval Error: 0.0136 | Eval Perf: 0.8317
[21, 100] Train Error: 0.0073 | Train Perf: 0.9091 | Eval Error: 0.0136 | Eval Perf: 0.8323
[22, 100] Train Error: 0.007 | Train Perf: 0.9127 | Eval Error: 0.0137 | Eval Perf: 0.8307
[23, 100] Train Error: 0.0069 | Train Perf: 0.915 | Eval Error: 0.0139 | Eval Perf: 0.8286
[24, 100] Train Error: 0.0067 | Train Perf: 0.9169 | Eval Error: 0.014 | Eval Perf: 0.827
[25, 100] Train Error: 0.0065 | Train Perf: 0.9197 | Eval Error: 0.0136 | Eval Perf: 0.8299
[26, 100] Train Error: 0.0065 | Train Perf: 0.9195 | Eval Error: 0.0141 | Eval Perf: 0.8256
[27, 100] Train Error: 0.0063 | Train Perf: 0.9227 | Eval Error: 0.014 | Eval Perf: 0.825
[28, 100] Train Error: 0.0061 | Train Perf: 0.9252 | Eval Error: 0.0144 | Eval Perf: 0.8227
[29, 100] Train Error: 0.0059 | Train Perf: 0.9271 | Eval Error: 0.0146 | Eval Perf: 0.819
[30, 100] Train Error: 0.0059 | Train Perf: 0.9276 | Eval Error: 0.015 | Eval Perf: 0.8165
[31, 100] Train Error: 0.0056 | Train Perf: 0.9309 | Eval Error: 0.0152 | Eval Perf: 0.8161
[32, 100] Train Error: 0.0056 | Train Perf: 0.9321 | Eval Error: 0.0146 | Eval Perf: 0.8189
[33, 100] Train Error: 0.0054 | Train Perf: 0.934 | Eval Error: 0.0157 | Eval Perf: 0.8151
[34, 100] Train Error: 0.0053 | Train Perf: 0.9356 | Eval Error: 0.0152 | Eval Perf: 0.8144
[35, 100] Train Error: 0.0051 | Train Perf: 0.9377 | Eval Error: 0.0153 | Eval Perf: 0.8107
[36, 100] Train Error: 0.005 | Train Perf: 0.9393 | Eval Error: 0.0153 | Eval Perf: 0.8121
[37, 100] Train Error: 0.0049 | Train Perf: 0.94 | Eval Error: 0.0153 | Eval Perf: 0.8153
[38, 100] Train Error: 0.0049 | Train Perf: 0.9411 | Eval Error: 0.0155 | Eval Perf: 0.8121
[39, 100] Train Error: 0.0048 | Train Perf: 0.9422 | Eval Error: 0.016 | Eval Perf: 0.8051
[40, 100] Train Error: 0.0046 | Train Perf: 0.9442 | Eval Error: 0.016 | Eval Perf: 0.8068
[41, 100] Train Error: 0.0046 | Train Perf: 0.9442 | Eval Error: 0.0163 | Eval Perf: 0.8031
[42, 100] Train Error: 0.0045 | Train Perf: 0.9458 | Eval Error: 0.0163 | Eval Perf: 0.8007
[43, 100] Train Error: 0.0044 | Train Perf: 0.9472 | Eval Error: 0.0169 | Eval Perf: 0.8068
[44, 100] Train Error: 0.0043 | Train Perf: 0.948 | Eval Error: 0.0174 | Eval Perf: 0.805
[45, 100] Train Error: 0.0042 | Train Perf: 0.9487 | Eval Error: 0.0164 | Eval Perf: 0.7996
[46, 100] Train Error: 0.0042 | Train Perf: 0.9497 | Eval Error: 0.0165 | Eval Perf: 0.7983
[47, 100] Train Error: 0.004 | Train Perf: 0.9512 | Eval Error: 0.0163 | Eval Perf: 0.8018
[48, 100] Train Error: 0.004 | Train Perf: 0.9514 | Eval Error: 0.0165 | Eval Perf: 0.8021
[49, 100] Train Error: 0.004 | Train Perf: 0.9518 | Eval Error: 0.0167 | Eval Perf: 0.7979
[50, 100] Train Error: 0.004 | Train Perf: 0.9521 | Eval Error: 0.017 | Eval Perf: 0.7953
[51, 100] Train Error: 0.0038 | Train Perf: 0.9539 | Eval Error: 0.017 | Eval Perf: 0.7984
[52, 100] Train Error: 0.0038 | Train Perf: 0.9545 | Eval Error: 0.0172 | Eval Perf: 0.7923
[53, 100] Train Error: 0.0038 | Train Perf: 0.9547 | Eval Error: 0.017 | Eval Perf: 0.7949
[54, 100] Train Error: 0.0037 | Train Perf: 0.9552 | Eval Error: 0.0171 | Eval Perf: 0.7927
[55, 100] Train Error: 0.0037 | Train Perf: 0.9559 | Eval Error: 0.0171 | Eval Perf: 0.7949
[56, 100] Train Error: 0.0036 | Train Perf: 0.9568 | Eval Error: 0.0176 | Eval Perf: 0.785
[57, 100] Train Error: 0.0036 | Train Perf: 0.9569 | Eval Error: 0.0174 | Eval Perf: 0.7892
[58, 100] Train Error: 0.0035 | Train Perf: 0.9578 | Eval Error: 0.0176 | Eval Perf: 0.79
[59, 100] Train Error: 0.0035 | Train Perf: 0.958 | Eval Error: 0.0184 | Eval Perf: 0.7922
[60, 100] Train Error: 0.0035 | Train Perf: 0.9584 | Eval Error: 0.0183 | Eval Perf: 0.7806
[61, 100] Train Error: 0.0034 | Train Perf: 0.9593 | Eval Error: 0.0182 | Eval Perf: 0.7764
[62, 100] Train Error: 0.0033 | Train Perf: 0.9602 | Eval Error: 0.0178 | Eval Perf: 0.7844
[63, 100] Train Error: 0.0033 | Train Perf: 0.9603 | Eval Error: 0.0189 | Eval Perf: 0.7679
[64, 100] Train Error: 0.0033 | Train Perf: 0.9602 | Eval Error: 0.0177 | Eval Perf: 0.7869
[65, 100] Train Error: 0.0033 | Train Perf: 0.9609 | Eval Error: 0.0184 | Eval Perf: 0.7764
[66, 100] Train Error: 0.0032 | Train Perf: 0.962 | Eval Error: 0.0183 | Eval Perf: 0.7841
[67, 100] Train Error: 0.0031 | Train Perf: 0.9624 | Eval Error: 0.0183 | Eval Perf: 0.7837
[68, 100] Train Error: 0.0032 | Train Perf: 0.9622 | Eval Error: 0.0187 | Eval Perf: 0.782
[69, 100] Train Error: 0.0031 | Train Perf: 0.9627 | Eval Error: 0.0181 | Eval Perf: 0.7833
[70, 100] Train Error: 0.0031 | Train Perf: 0.9634 | Eval Error: 0.0186 | Eval Perf: 0.7826
[71, 100] Train Error: 0.003 | Train Perf: 0.9638 | Eval Error: 0.0186 | Eval Perf: 0.7763
[72, 100] Train Error: 0.003 | Train Perf: 0.9636 | Eval Error: 0.0187 | Eval Perf: 0.7795
[73, 100] Train Error: 0.003 | Train Perf: 0.9647 | Eval Error: 0.0184 | Eval Perf: 0.7803
[74, 100] Train Error: 0.0029 | Train Perf: 0.9647 | Eval Error: 0.0187 | Eval Perf: 0.777
[75, 100] Train Error: 0.0029 | Train Perf: 0.9651 | Eval Error: 0.0184 | Eval Perf: 0.7789
[76, 100] Train Error: 0.0029 | Train Perf: 0.9658 | Eval Error: 0.0187 | Eval Perf: 0.7765
[77, 100] Train Error: 0.0028 | Train Perf: 0.9658 | Eval Error: 0.0194 | Eval Perf: 0.776
[78, 100] Train Error: 0.0029 | Train Perf: 0.9659 | Eval Error: 0.0192 | Eval Perf: 0.7735
[79, 100] Train Error: 0.0028 | Train Perf: 0.9668 | Eval Error: 0.0194 | Eval Perf: 0.7753
[80, 100] Train Error: 0.0028 | Train Perf: 0.9671 | Eval Error: 0.0193 | Eval Perf: 0.7789
[81, 100] Train Error: 0.0028 | Train Perf: 0.9669 | Eval Error: 0.019 | Eval Perf: 0.7733
[82, 100] Train Error: 0.0027 | Train Perf: 0.9675 | Eval Error: 0.0198 | Eval Perf: 0.7717
[83, 100] Train Error: 0.0028 | Train Perf: 0.9671 | Eval Error: 0.0194 | Eval Perf: 0.7696
[84, 100] Train Error: 0.0027 | Train Perf: 0.9677 | Eval Error: 0.0194 | Eval Perf: 0.7676
[85, 100] Train Error: 0.0027 | Train Perf: 0.9679 | Eval Error: 0.0194 | Eval Perf: 0.7677
[86, 100] Train Error: 0.0026 | Train Perf: 0.969 | Eval Error: 0.0196 | Eval Perf: 0.7615
[87, 100] Train Error: 0.0027 | Train Perf: 0.9682 | Eval Error: 0.0196 | Eval Perf: 0.7722
[88, 100] Train Error: 0.0026 | Train Perf: 0.9685 | Eval Error: 0.0199 | Eval Perf: 0.7706
[89, 100] Train Error: 0.0026 | Train Perf: 0.969 | Eval Error: 0.0197 | Eval Perf: 0.7734
[90, 100] Train Error: 0.0026 | Train Perf: 0.9691 | Eval Error: 0.0199 | Eval Perf: 0.7627
[91, 100] Train Error: 0.0025 | Train Perf: 0.9697 | Eval Error: 0.0195 | Eval Perf: 0.7697
[92, 100] Train Error: 0.0025 | Train Perf: 0.9697 | Eval Error: 0.0198 | Eval Perf: 0.7633
[93, 100] Train Error: 0.0025 | Train Perf: 0.9697 | Eval Error: 0.02 | Eval Perf: 0.76
[94, 100] Train Error: 0.0025 | Train Perf: 0.9703 | Eval Error: 0.02 | Eval Perf: 0.7606
[95, 100] Train Error: 0.0025 | Train Perf: 0.9705 | Eval Error: 0.0198 | Eval Perf: 0.7654
[96, 100] Train Error: 0.0025 | Train Perf: 0.9708 | Eval Error: 0.0199 | Eval Perf: 0.7655
[97, 100] Train Error: 0.0025 | Train Perf: 0.9708 | Eval Error: 0.0199 | Eval Perf: 0.761
[98, 100] Train Error: 0.0024 | Train Perf: 0.9709 | Eval Error: 0.02 | Eval Perf: 0.7643
[99, 100] Train Error: 0.0024 | Train Perf: 0.9709 | Eval Error: 0.0198 | Eval Perf: 0.763
[100, 100] Train Error: 0.0024 | Train Perf: 0.9714 | Eval Error: 0.0199 | Eval Perf: 0.7602
