NETWORK SUMMARY
---------------
Input Layer shape: (1, 180)
Hidden Layer shape: (181, 5)
Output layer shape: (6, 1)
Total parameters: 911

[1, 100] Train Error: 0.0274 | Train Perf: 0.5897 | Eval Error: 0.016 | Eval Perf: 0.8153
[2, 100] Train Error: 0.014 | Train Perf: 0.8158 | Eval Error: 0.0124 | Eval Perf: 0.8409
[3, 100] Train Error: 0.0123 | Train Perf: 0.8416 | Eval Error: 0.0122 | Eval Perf: 0.8511
[4, 100] Train Error: 0.0115 | Train Perf: 0.8545 | Eval Error: 0.0115 | Eval Perf: 0.8554
[5, 100] Train Error: 0.0111 | Train Perf: 0.8594 | Eval Error: 0.0142 | Eval Perf: 0.8488
[6, 100] Train Error: 0.0108 | Train Perf: 0.8631 | Eval Error: 0.0107 | Eval Perf: 0.8689
[7, 100] Train Error: 0.0102 | Train Perf: 0.8707 | Eval Error: 0.0104 | Eval Perf: 0.8683
[8, 100] Train Error: 0.0101 | Train Perf: 0.8723 | Eval Error: 0.011 | Eval Perf: 0.868
[9, 100] Train Error: 0.0098 | Train Perf: 0.8764 | Eval Error: 0.0124 | Eval Perf: 0.8647
[10, 100] Train Error: 0.0099 | Train Perf: 0.8748 | Eval Error: 0.0117 | Eval Perf: 0.8596
[11, 100] Train Error: 0.0095 | Train Perf: 0.8807 | Eval Error: 0.0107 | Eval Perf: 0.8642
[12, 100] Train Error: 0.0091 | Train Perf: 0.8852 | Eval Error: 0.0105 | Eval Perf: 0.8676
[13, 100] Train Error: 0.0088 | Train Perf: 0.889 | Eval Error: 0.0118 | Eval Perf: 0.8579
[14, 100] Train Error: 0.0087 | Train Perf: 0.8917 | Eval Error: 0.0105 | Eval Perf: 0.8677
[15, 100] Train Error: 0.0087 | Train Perf: 0.8915 | Eval Error: 0.0104 | Eval Perf: 0.8671
[16, 100] Train Error: 0.0083 | Train Perf: 0.8958 | Eval Error: 0.0107 | Eval Perf: 0.8664
[17, 100] Train Error: 0.0081 | Train Perf: 0.8993 | Eval Error: 0.0118 | Eval Perf: 0.8569
[18, 100] Train Error: 0.008 | Train Perf: 0.9008 | Eval Error: 0.0108 | Eval Perf: 0.8651
[19, 100] Train Error: 0.0078 | Train Perf: 0.9041 | Eval Error: 0.0108 | Eval Perf: 0.8651
[20, 100] Train Error: 0.0076 | Train Perf: 0.9067 | Eval Error: 0.0107 | Eval Perf: 0.8649
[21, 100] Train Error: 0.0074 | Train Perf: 0.9086 | Eval Error: 0.0107 | Eval Perf: 0.8663
[22, 100] Train Error: 0.0073 | Train Perf: 0.9105 | Eval Error: 0.0112 | Eval Perf: 0.8616
[23, 100] Train Error: 0.0071 | Train Perf: 0.9131 | Eval Error: 0.0114 | Eval Perf: 0.8598
[24, 100] Train Error: 0.007 | Train Perf: 0.9148 | Eval Error: 0.0114 | Eval Perf: 0.8612
[25, 100] Train Error: 0.0068 | Train Perf: 0.9166 | Eval Error: 0.0138 | Eval Perf: 0.8491
[26, 100] Train Error: 0.0066 | Train Perf: 0.9193 | Eval Error: 0.0117 | Eval Perf: 0.8535
[27, 100] Train Error: 0.0065 | Train Perf: 0.9203 | Eval Error: 0.0121 | Eval Perf: 0.8507
[28, 100] Train Error: 0.0064 | Train Perf: 0.922 | Eval Error: 0.012 | Eval Perf: 0.8499
[29, 100] Train Error: 0.0063 | Train Perf: 0.924 | Eval Error: 0.0119 | Eval Perf: 0.8515
[30, 100] Train Error: 0.0062 | Train Perf: 0.9248 | Eval Error: 0.0129 | Eval Perf: 0.8455
[31, 100] Train Error: 0.0061 | Train Perf: 0.9266 | Eval Error: 0.0141 | Eval Perf: 0.8424
[32, 100] Train Error: 0.0059 | Train Perf: 0.9282 | Eval Error: 0.0122 | Eval Perf: 0.8506
[33, 100] Train Error: 0.0058 | Train Perf: 0.9293 | Eval Error: 0.0123 | Eval Perf: 0.8473
[34, 100] Train Error: 0.0057 | Train Perf: 0.9305 | Eval Error: 0.0127 | Eval Perf: 0.8452
[35, 100] Train Error: 0.0056 | Train Perf: 0.9326 | Eval Error: 0.0131 | Eval Perf: 0.8436
[36, 100] Train Error: 0.0056 | Train Perf: 0.9331 | Eval Error: 0.0129 | Eval Perf: 0.844
[37, 100] Train Error: 0.0055 | Train Perf: 0.9342 | Eval Error: 0.013 | Eval Perf: 0.8428
[38, 100] Train Error: 0.0054 | Train Perf: 0.9353 | Eval Error: 0.0128 | Eval Perf: 0.8433
[39, 100] Train Error: 0.0053 | Train Perf: 0.9371 | Eval Error: 0.0134 | Eval Perf: 0.8422
[40, 100] Train Error: 0.0052 | Train Perf: 0.9375 | Eval Error: 0.0136 | Eval Perf: 0.8375
[41, 100] Train Error: 0.0051 | Train Perf: 0.9389 | Eval Error: 0.0134 | Eval Perf: 0.8379
[42, 100] Train Error: 0.005 | Train Perf: 0.9398 | Eval Error: 0.0134 | Eval Perf: 0.8382
[43, 100] Train Error: 0.005 | Train Perf: 0.9403 | Eval Error: 0.0135 | Eval Perf: 0.8358
[44, 100] Train Error: 0.005 | Train Perf: 0.9407 | Eval Error: 0.0136 | Eval Perf: 0.8389
[45, 100] Train Error: 0.0049 | Train Perf: 0.9421 | Eval Error: 0.014 | Eval Perf: 0.8373
[46, 100] Train Error: 0.0048 | Train Perf: 0.9436 | Eval Error: 0.0131 | Eval Perf: 0.8414
[47, 100] Train Error: 0.0048 | Train Perf: 0.9429 | Eval Error: 0.0139 | Eval Perf: 0.8326
[48, 100] Train Error: 0.0046 | Train Perf: 0.945 | Eval Error: 0.0143 | Eval Perf: 0.8346
[49, 100] Train Error: 0.0046 | Train Perf: 0.9449 | Eval Error: 0.0134 | Eval Perf: 0.8378
[50, 100] Train Error: 0.0046 | Train Perf: 0.9454 | Eval Error: 0.0134 | Eval Perf: 0.8369
[51, 100] Train Error: 0.0045 | Train Perf: 0.946 | Eval Error: 0.0136 | Eval Perf: 0.8371
[52, 100] Train Error: 0.0045 | Train Perf: 0.9462 | Eval Error: 0.014 | Eval Perf: 0.8326
[53, 100] Train Error: 0.0045 | Train Perf: 0.9472 | Eval Error: 0.0139 | Eval Perf: 0.8322
[54, 100] Train Error: 0.0043 | Train Perf: 0.9484 | Eval Error: 0.0141 | Eval Perf: 0.8329
[55, 100] Train Error: 0.0043 | Train Perf: 0.949 | Eval Error: 0.014 | Eval Perf: 0.8337
[56, 100] Train Error: 0.0042 | Train Perf: 0.9501 | Eval Error: 0.0139 | Eval Perf: 0.8343
[57, 100] Train Error: 0.0041 | Train Perf: 0.9513 | Eval Error: 0.0146 | Eval Perf: 0.8297
[58, 100] Train Error: 0.0042 | Train Perf: 0.9504 | Eval Error: 0.014 | Eval Perf: 0.8309
[59, 100] Train Error: 0.0041 | Train Perf: 0.9514 | Eval Error: 0.0141 | Eval Perf: 0.8311
[60, 100] Train Error: 0.0041 | Train Perf: 0.952 | Eval Error: 0.014 | Eval Perf: 0.8329
[61, 100] Train Error: 0.004 | Train Perf: 0.9538 | Eval Error: 0.0139 | Eval Perf: 0.8322
[62, 100] Train Error: 0.004 | Train Perf: 0.9531 | Eval Error: 0.0142 | Eval Perf: 0.8281
[63, 100] Train Error: 0.0039 | Train Perf: 0.9535 | Eval Error: 0.0144 | Eval Perf: 0.8283
[64, 100] Train Error: 0.0039 | Train Perf: 0.9539 | Eval Error: 0.0146 | Eval Perf: 0.8287
[65, 100] Train Error: 0.0038 | Train Perf: 0.9551 | Eval Error: 0.0147 | Eval Perf: 0.8261
[66, 100] Train Error: 0.0038 | Train Perf: 0.9551 | Eval Error: 0.0154 | Eval Perf: 0.8272
[67, 100] Train Error: 0.0038 | Train Perf: 0.9558 | Eval Error: 0.0144 | Eval Perf: 0.8268
[68, 100] Train Error: 0.0037 | Train Perf: 0.9569 | Eval Error: 0.0144 | Eval Perf: 0.8267
[69, 100] Train Error: 0.0037 | Train Perf: 0.9571 | Eval Error: 0.0149 | Eval Perf: 0.8231
[70, 100] Train Error: 0.0036 | Train Perf: 0.9577 | Eval Error: 0.0146 | Eval Perf: 0.8242
[71, 100] Train Error: 0.0036 | Train Perf: 0.958 | Eval Error: 0.0146 | Eval Perf: 0.825
[72, 100] Train Error: 0.0035 | Train Perf: 0.9586 | Eval Error: 0.015 | Eval Perf: 0.8227
[73, 100] Train Error: 0.0035 | Train Perf: 0.9592 | Eval Error: 0.0147 | Eval Perf: 0.8218
[74, 100] Train Error: 0.0034 | Train Perf: 0.9599 | Eval Error: 0.0149 | Eval Perf: 0.8279
[75, 100] Train Error: 0.0034 | Train Perf: 0.96 | Eval Error: 0.0156 | Eval Perf: 0.8244
[76, 100] Train Error: 0.0034 | Train Perf: 0.9606 | Eval Error: 0.0152 | Eval Perf: 0.8246
[77, 100] Train Error: 0.0034 | Train Perf: 0.9607 | Eval Error: 0.0153 | Eval Perf: 0.8244
[78, 100] Train Error: 0.0033 | Train Perf: 0.9616 | Eval Error: 0.015 | Eval Perf: 0.8206
[79, 100] Train Error: 0.0033 | Train Perf: 0.962 | Eval Error: 0.0151 | Eval Perf: 0.8202
[80, 100] Train Error: 0.0033 | Train Perf: 0.962 | Eval Error: 0.0151 | Eval Perf: 0.8216
[81, 100] Train Error: 0.0032 | Train Perf: 0.9625 | Eval Error: 0.0149 | Eval Perf: 0.8235
[82, 100] Train Error: 0.0032 | Train Perf: 0.9631 | Eval Error: 0.0152 | Eval Perf: 0.8228
[83, 100] Train Error: 0.0032 | Train Perf: 0.9632 | Eval Error: 0.0151 | Eval Perf: 0.8229
[84, 100] Train Error: 0.0031 | Train Perf: 0.9635 | Eval Error: 0.0162 | Eval Perf: 0.8165
[85, 100] Train Error: 0.0031 | Train Perf: 0.9643 | Eval Error: 0.0155 | Eval Perf: 0.8192
[86, 100] Train Error: 0.0031 | Train Perf: 0.9643 | Eval Error: 0.0156 | Eval Perf: 0.8173
[87, 100] Train Error: 0.003 | Train Perf: 0.9648 | Eval Error: 0.0158 | Eval Perf: 0.8207
[88, 100] Train Error: 0.003 | Train Perf: 0.9647 | Eval Error: 0.0158 | Eval Perf: 0.8152
[89, 100] Train Error: 0.003 | Train Perf: 0.9655 | Eval Error: 0.0168 | Eval Perf: 0.8149
[90, 100] Train Error: 0.003 | Train Perf: 0.9656 | Eval Error: 0.0156 | Eval Perf: 0.8168
[91, 100] Train Error: 0.0029 | Train Perf: 0.9658 | Eval Error: 0.0162 | Eval Perf: 0.8153
[92, 100] Train Error: 0.003 | Train Perf: 0.9658 | Eval Error: 0.016 | Eval Perf: 0.8126
[93, 100] Train Error: 0.0029 | Train Perf: 0.9662 | Eval Error: 0.0155 | Eval Perf: 0.8193
[94, 100] Train Error: 0.0029 | Train Perf: 0.9664 | Eval Error: 0.0159 | Eval Perf: 0.8127
[95, 100] Train Error: 0.0029 | Train Perf: 0.9667 | Eval Error: 0.0163 | Eval Perf: 0.8118
[96, 100] Train Error: 0.0028 | Train Perf: 0.967 | Eval Error: 0.0173 | Eval Perf: 0.8048
[97, 100] Train Error: 0.0028 | Train Perf: 0.9674 | Eval Error: 0.0166 | Eval Perf: 0.8067
[98, 100] Train Error: 0.0028 | Train Perf: 0.9675 | Eval Error: 0.0162 | Eval Perf: 0.8101
[99, 100] Train Error: 0.0028 | Train Perf: 0.9678 | Eval Error: 0.0165 | Eval Perf: 0.8133
[100, 100] Train Error: 0.0028 | Train Perf: 0.9679 | Eval Error: 0.0166 | Eval Perf: 0.8075
