NETWORK SUMMARY
---------------
Input Layer shape: (1, 180)
Hidden Layer shape: (181, 2)
Output layer shape: (3, 1)
Total parameters: 365

[1, 100] Train Error: 0.0509 | Train Perf: 0.2077 | Eval Error: 0.0503 | Eval Perf: 0.3043
[2, 100] Train Error: 0.0481 | Train Perf: 0.0629 | Eval Error: 0.0498 | Eval Perf: 0.2936
[3, 100] Train Error: 0.0477 | Train Perf: -0.1274 | Eval Error: 0.0498 | Eval Perf: 0.3442
[4, 100] Train Error: 0.0475 | Train Perf: -0.0281 | Eval Error: 0.0498 | Eval Perf: 0.3891
[5, 100] Train Error: 0.0474 | Train Perf: -0.0522 | Eval Error: 0.0497 | Eval Perf: 0.4357
[6, 100] Train Error: 0.0473 | Train Perf: 0.0252 | Eval Error: 0.0497 | Eval Perf: 0.4723
[7, 100] Train Error: 0.0471 | Train Perf: 0.0762 | Eval Error: 0.0495 | Eval Perf: 0.5039
[8, 100] Train Error: 0.0468 | Train Perf: 0.1851 | Eval Error: 0.0492 | Eval Perf: 0.5347
[9, 100] Train Error: 0.0467 | Train Perf: 0.2821 | Eval Error: 0.049 | Eval Perf: 0.5514
[10, 100] Train Error: 0.0463 | Train Perf: 0.3529 | Eval Error: 0.0489 | Eval Perf: 0.5622
[11, 100] Train Error: 0.046 | Train Perf: 0.4206 | Eval Error: 0.0487 | Eval Perf: 0.5752
[12, 100] Train Error: 0.0456 | Train Perf: 0.501 | Eval Error: 0.0483 | Eval Perf: 0.5876
[13, 100] Train Error: 0.045 | Train Perf: 0.5519 | Eval Error: 0.0477 | Eval Perf: 0.6036
[14, 100] Train Error: 0.0445 | Train Perf: 0.5405 | Eval Error: 0.0472 | Eval Perf: 0.6141
[15, 100] Train Error: 0.0438 | Train Perf: 0.5693 | Eval Error: 0.0466 | Eval Perf: 0.6208
[16, 100] Train Error: 0.0429 | Train Perf: 0.5913 | Eval Error: 0.0459 | Eval Perf: 0.6316
[17, 100] Train Error: 0.042 | Train Perf: 0.5972 | Eval Error: 0.0451 | Eval Perf: 0.6402
[18, 100] Train Error: 0.0411 | Train Perf: 0.6467 | Eval Error: 0.0443 | Eval Perf: 0.6482
[19, 100] Train Error: 0.04 | Train Perf: 0.6884 | Eval Error: 0.0434 | Eval Perf: 0.6571
[20, 100] Train Error: 0.0388 | Train Perf: 0.6761 | Eval Error: 0.0425 | Eval Perf: 0.6628
[21, 100] Train Error: 0.0375 | Train Perf: 0.7014 | Eval Error: 0.0415 | Eval Perf: 0.6732
[22, 100] Train Error: 0.0362 | Train Perf: 0.7302 | Eval Error: 0.0404 | Eval Perf: 0.6833
[23, 100] Train Error: 0.0348 | Train Perf: 0.7402 | Eval Error: 0.0393 | Eval Perf: 0.6916
[24, 100] Train Error: 0.0331 | Train Perf: 0.7531 | Eval Error: 0.0382 | Eval Perf: 0.6943
[25, 100] Train Error: 0.0319 | Train Perf: 0.7567 | Eval Error: 0.037 | Eval Perf: 0.7028
[26, 100] Train Error: 0.0304 | Train Perf: 0.7705 | Eval Error: 0.0359 | Eval Perf: 0.7086
[27, 100] Train Error: 0.0288 | Train Perf: 0.7825 | Eval Error: 0.0348 | Eval Perf: 0.7213
[28, 100] Train Error: 0.0276 | Train Perf: 0.7964 | Eval Error: 0.0337 | Eval Perf: 0.7259
[29, 100] Train Error: 0.0261 | Train Perf: 0.8044 | Eval Error: 0.0328 | Eval Perf: 0.7211
[30, 100] Train Error: 0.0248 | Train Perf: 0.8121 | Eval Error: 0.0319 | Eval Perf: 0.7244
[31, 100] Train Error: 0.0237 | Train Perf: 0.8185 | Eval Error: 0.0309 | Eval Perf: 0.7313
[32, 100] Train Error: 0.0225 | Train Perf: 0.8279 | Eval Error: 0.0301 | Eval Perf: 0.7325
[33, 100] Train Error: 0.0215 | Train Perf: 0.8301 | Eval Error: 0.0292 | Eval Perf: 0.7386
[34, 100] Train Error: 0.0204 | Train Perf: 0.8305 | Eval Error: 0.0284 | Eval Perf: 0.7445
[35, 100] Train Error: 0.0196 | Train Perf: 0.8409 | Eval Error: 0.0279 | Eval Perf: 0.748
[36, 100] Train Error: 0.0186 | Train Perf: 0.848 | Eval Error: 0.0271 | Eval Perf: 0.7484
[37, 100] Train Error: 0.018 | Train Perf: 0.8477 | Eval Error: 0.0265 | Eval Perf: 0.7524
[38, 100] Train Error: 0.0173 | Train Perf: 0.8521 | Eval Error: 0.0259 | Eval Perf: 0.7557
[39, 100] Train Error: 0.0165 | Train Perf: 0.8577 | Eval Error: 0.0253 | Eval Perf: 0.7582
[40, 100] Train Error: 0.016 | Train Perf: 0.8595 | Eval Error: 0.0251 | Eval Perf: 0.7604
[41, 100] Train Error: 0.0155 | Train Perf: 0.8627 | Eval Error: 0.0248 | Eval Perf: 0.7627
[42, 100] Train Error: 0.0151 | Train Perf: 0.8644 | Eval Error: 0.0244 | Eval Perf: 0.765
[43, 100] Train Error: 0.0146 | Train Perf: 0.868 | Eval Error: 0.0239 | Eval Perf: 0.7685
[44, 100] Train Error: 0.0142 | Train Perf: 0.8689 | Eval Error: 0.0234 | Eval Perf: 0.7702
[45, 100] Train Error: 0.0138 | Train Perf: 0.8711 | Eval Error: 0.0231 | Eval Perf: 0.7712
[46, 100] Train Error: 0.0134 | Train Perf: 0.8742 | Eval Error: 0.023 | Eval Perf: 0.7735
[47, 100] Train Error: 0.013 | Train Perf: 0.8769 | Eval Error: 0.0226 | Eval Perf: 0.7753
[48, 100] Train Error: 0.0127 | Train Perf: 0.8794 | Eval Error: 0.0223 | Eval Perf: 0.7769
[49, 100] Train Error: 0.0123 | Train Perf: 0.8842 | Eval Error: 0.0225 | Eval Perf: 0.7775
[50, 100] Train Error: 0.0121 | Train Perf: 0.8844 | Eval Error: 0.0219 | Eval Perf: 0.78
[51, 100] Train Error: 0.0117 | Train Perf: 0.8873 | Eval Error: 0.0218 | Eval Perf: 0.7812
[52, 100] Train Error: 0.0115 | Train Perf: 0.891 | Eval Error: 0.0214 | Eval Perf: 0.7837
[53, 100] Train Error: 0.0111 | Train Perf: 0.8956 | Eval Error: 0.0219 | Eval Perf: 0.7839
[54, 100] Train Error: 0.0108 | Train Perf: 0.8973 | Eval Error: 0.0207 | Eval Perf: 0.7891
[55, 100] Train Error: 0.0107 | Train Perf: 0.8987 | Eval Error: 0.0209 | Eval Perf: 0.7894
[56, 100] Train Error: 0.0104 | Train Perf: 0.8999 | Eval Error: 0.0205 | Eval Perf: 0.7906
[57, 100] Train Error: 0.0102 | Train Perf: 0.9035 | Eval Error: 0.0205 | Eval Perf: 0.7909
[58, 100] Train Error: 0.0099 | Train Perf: 0.9063 | Eval Error: 0.0201 | Eval Perf: 0.7929
[59, 100] Train Error: 0.0097 | Train Perf: 0.9077 | Eval Error: 0.0199 | Eval Perf: 0.7938
[60, 100] Train Error: 0.0095 | Train Perf: 0.909 | Eval Error: 0.0201 | Eval Perf: 0.7936
[61, 100] Train Error: 0.0093 | Train Perf: 0.9116 | Eval Error: 0.0197 | Eval Perf: 0.7947
[62, 100] Train Error: 0.0092 | Train Perf: 0.9128 | Eval Error: 0.0197 | Eval Perf: 0.7953
[63, 100] Train Error: 0.0089 | Train Perf: 0.9156 | Eval Error: 0.0199 | Eval Perf: 0.795
[64, 100] Train Error: 0.0088 | Train Perf: 0.9166 | Eval Error: 0.0194 | Eval Perf: 0.796
[65, 100] Train Error: 0.0086 | Train Perf: 0.9179 | Eval Error: 0.0193 | Eval Perf: 0.7963
[66, 100] Train Error: 0.0084 | Train Perf: 0.92 | Eval Error: 0.0192 | Eval Perf: 0.7965
[67, 100] Train Error: 0.0082 | Train Perf: 0.9216 | Eval Error: 0.0192 | Eval Perf: 0.7969
[68, 100] Train Error: 0.0081 | Train Perf: 0.9219 | Eval Error: 0.0193 | Eval Perf: 0.7967
[69, 100] Train Error: 0.008 | Train Perf: 0.9238 | Eval Error: 0.0193 | Eval Perf: 0.7958
[70, 100] Train Error: 0.0078 | Train Perf: 0.9256 | Eval Error: 0.0192 | Eval Perf: 0.7967
[71, 100] Train Error: 0.0075 | Train Perf: 0.9278 | Eval Error: 0.0188 | Eval Perf: 0.7983
[72, 100] Train Error: 0.0076 | Train Perf: 0.9273 | Eval Error: 0.0189 | Eval Perf: 0.7981
[73, 100] Train Error: 0.0073 | Train Perf: 0.9302 | Eval Error: 0.0187 | Eval Perf: 0.7981
[74, 100] Train Error: 0.0072 | Train Perf: 0.9308 | Eval Error: 0.019 | Eval Perf: 0.7975
[75, 100] Train Error: 0.0072 | Train Perf: 0.9308 | Eval Error: 0.0188 | Eval Perf: 0.7974
[76, 100] Train Error: 0.0071 | Train Perf: 0.9317 | Eval Error: 0.0188 | Eval Perf: 0.7974
[77, 100] Train Error: 0.0069 | Train Perf: 0.9327 | Eval Error: 0.019 | Eval Perf: 0.7967
[78, 100] Train Error: 0.0068 | Train Perf: 0.9334 | Eval Error: 0.0188 | Eval Perf: 0.7974
[79, 100] Train Error: 0.0067 | Train Perf: 0.9351 | Eval Error: 0.019 | Eval Perf: 0.7964
[80, 100] Train Error: 0.0066 | Train Perf: 0.9366 | Eval Error: 0.0185 | Eval Perf: 0.798
[81, 100] Train Error: 0.0065 | Train Perf: 0.9367 | Eval Error: 0.0186 | Eval Perf: 0.7978
[82, 100] Train Error: 0.0064 | Train Perf: 0.9377 | Eval Error: 0.0186 | Eval Perf: 0.7982
[83, 100] Train Error: 0.0063 | Train Perf: 0.9383 | Eval Error: 0.0186 | Eval Perf: 0.7984
[84, 100] Train Error: 0.0061 | Train Perf: 0.9407 | Eval Error: 0.0182 | Eval Perf: 0.8001
[85, 100] Train Error: 0.0061 | Train Perf: 0.9405 | Eval Error: 0.0183 | Eval Perf: 0.7991
[86, 100] Train Error: 0.0061 | Train Perf: 0.9402 | Eval Error: 0.0182 | Eval Perf: 0.7999
[87, 100] Train Error: 0.006 | Train Perf: 0.9415 | Eval Error: 0.0184 | Eval Perf: 0.8005
[88, 100] Train Error: 0.0059 | Train Perf: 0.9427 | Eval Error: 0.0185 | Eval Perf: 0.8002
[89, 100] Train Error: 0.0058 | Train Perf: 0.9429 | Eval Error: 0.0183 | Eval Perf: 0.7994
[90, 100] Train Error: 0.0057 | Train Perf: 0.9444 | Eval Error: 0.0182 | Eval Perf: 0.8016
[91, 100] Train Error: 0.0056 | Train Perf: 0.9451 | Eval Error: 0.0184 | Eval Perf: 0.8014
[92, 100] Train Error: 0.0056 | Train Perf: 0.9453 | Eval Error: 0.0183 | Eval Perf: 0.8007
[93, 100] Train Error: 0.0055 | Train Perf: 0.9459 | Eval Error: 0.0182 | Eval Perf: 0.8009
[94, 100] Train Error: 0.0054 | Train Perf: 0.9462 | Eval Error: 0.0181 | Eval Perf: 0.8018
[95, 100] Train Error: 0.0054 | Train Perf: 0.9467 | Eval Error: 0.0182 | Eval Perf: 0.8011
[96, 100] Train Error: 0.0053 | Train Perf: 0.9488 | Eval Error: 0.0183 | Eval Perf: 0.8021
[97, 100] Train Error: 0.0052 | Train Perf: 0.9483 | Eval Error: 0.0182 | Eval Perf: 0.8024
[98, 100] Train Error: 0.0051 | Train Perf: 0.9496 | Eval Error: 0.018 | Eval Perf: 0.8022
[99, 100] Train Error: 0.0051 | Train Perf: 0.9498 | Eval Error: 0.0183 | Eval Perf: 0.8026
[100, 100] Train Error: 0.005 | Train Perf: 0.9502 | Eval Error: 0.0183 | Eval Perf: 0.8015
