NETWORK SUMMARY
---------------
Input Layer shape: (1, 180)
Hidden Layer shape: (181, 5)
Output layer shape: (6, 1)
Total parameters: 911

[1, 100] Train Error: 0.0489 | Train Perf: 0.0972 | Eval Error: 0.049 | Eval Perf: 0.5275
[2, 100] Train Error: 0.0421 | Train Perf: 0.3744 | Eval Error: 0.0388 | Eval Perf: 0.4684
[3, 100] Train Error: 0.0291 | Train Perf: 0.6675 | Eval Error: 0.0349 | Eval Perf: 0.6525
[4, 100] Train Error: 0.0188 | Train Perf: 0.791 | Eval Error: 0.0346 | Eval Perf: 0.5526
[5, 100] Train Error: 0.0153 | Train Perf: 0.8325 | Eval Error: 0.0204 | Eval Perf: 0.7557
[6, 100] Train Error: 0.0121 | Train Perf: 0.8669 | Eval Error: 0.0211 | Eval Perf: 0.7468
[7, 100] Train Error: 0.0108 | Train Perf: 0.8818 | Eval Error: 0.0211 | Eval Perf: 0.7521
[8, 100] Train Error: 0.0097 | Train Perf: 0.8949 | Eval Error: 0.0204 | Eval Perf: 0.7665
[9, 100] Train Error: 0.0099 | Train Perf: 0.8921 | Eval Error: 0.0218 | Eval Perf: 0.7543
[10, 100] Train Error: 0.0083 | Train Perf: 0.9107 | Eval Error: 0.0189 | Eval Perf: 0.793
[11, 100] Train Error: 0.0074 | Train Perf: 0.9206 | Eval Error: 0.0178 | Eval Perf: 0.7906
[12, 100] Train Error: 0.0064 | Train Perf: 0.9314 | Eval Error: 0.021 | Eval Perf: 0.7557
[13, 100] Train Error: 0.0067 | Train Perf: 0.9279 | Eval Error: 0.0276 | Eval Perf: 0.6976
[14, 100] Train Error: 0.0061 | Train Perf: 0.9355 | Eval Error: 0.0184 | Eval Perf: 0.7825
[15, 100] Train Error: 0.0056 | Train Perf: 0.9409 | Eval Error: 0.0197 | Eval Perf: 0.7686
[16, 100] Train Error: 0.0054 | Train Perf: 0.9436 | Eval Error: 0.0255 | Eval Perf: 0.7103
[17, 100] Train Error: 0.0046 | Train Perf: 0.9526 | Eval Error: 0.0211 | Eval Perf: 0.7567
[18, 100] Train Error: 0.0036 | Train Perf: 0.9627 | Eval Error: 0.019 | Eval Perf: 0.7784
[19, 100] Train Error: 0.0041 | Train Perf: 0.9565 | Eval Error: 0.0234 | Eval Perf: 0.7307
[20, 100] Train Error: 0.004 | Train Perf: 0.9579 | Eval Error: 0.0212 | Eval Perf: 0.7496
[21, 100] Train Error: 0.0037 | Train Perf: 0.9617 | Eval Error: 0.0201 | Eval Perf: 0.7702
[22, 100] Train Error: 0.0034 | Train Perf: 0.9638 | Eval Error: 0.0244 | Eval Perf: 0.7149
[23, 100] Train Error: 0.0031 | Train Perf: 0.9677 | Eval Error: 0.0239 | Eval Perf: 0.7193
[24, 100] Train Error: 0.0032 | Train Perf: 0.9663 | Eval Error: 0.0232 | Eval Perf: 0.7336
[25, 100] Train Error: 0.0029 | Train Perf: 0.9701 | Eval Error: 0.0199 | Eval Perf: 0.7665
[26, 100] Train Error: 0.0023 | Train Perf: 0.9769 | Eval Error: 0.0206 | Eval Perf: 0.7628
[27, 100] Train Error: 0.0027 | Train Perf: 0.9721 | Eval Error: 0.0255 | Eval Perf: 0.701
[28, 100] Train Error: 0.0029 | Train Perf: 0.9702 | Eval Error: 0.0221 | Eval Perf: 0.7428
[29, 100] Train Error: 0.0025 | Train Perf: 0.9742 | Eval Error: 0.022 | Eval Perf: 0.7433
[30, 100] Train Error: 0.0021 | Train Perf: 0.9779 | Eval Error: 0.0231 | Eval Perf: 0.727
[31, 100] Train Error: 0.002 | Train Perf: 0.9801 | Eval Error: 0.0249 | Eval Perf: 0.706
[32, 100] Train Error: 0.0021 | Train Perf: 0.9782 | Eval Error: 0.0251 | Eval Perf: 0.7068
[33, 100] Train Error: 0.002 | Train Perf: 0.9799 | Eval Error: 0.0248 | Eval Perf: 0.7099
[34, 100] Train Error: 0.002 | Train Perf: 0.9787 | Eval Error: 0.0251 | Eval Perf: 0.7049
[35, 100] Train Error: 0.0018 | Train Perf: 0.9815 | Eval Error: 0.0228 | Eval Perf: 0.7328
[36, 100] Train Error: 0.0016 | Train Perf: 0.983 | Eval Error: 0.0261 | Eval Perf: 0.6931
[37, 100] Train Error: 0.0017 | Train Perf: 0.9828 | Eval Error: 0.0265 | Eval Perf: 0.6954
[38, 100] Train Error: 0.0016 | Train Perf: 0.9838 | Eval Error: 0.0245 | Eval Perf: 0.7139
[39, 100] Train Error: 0.0019 | Train Perf: 0.9805 | Eval Error: 0.024 | Eval Perf: 0.7246
[40, 100] Train Error: 0.0017 | Train Perf: 0.9825 | Eval Error: 0.0239 | Eval Perf: 0.7289
[41, 100] Train Error: 0.0017 | Train Perf: 0.9827 | Eval Error: 0.0243 | Eval Perf: 0.7165
[42, 100] Train Error: 0.0015 | Train Perf: 0.9844 | Eval Error: 0.0275 | Eval Perf: 0.6794
[43, 100] Train Error: 0.0017 | Train Perf: 0.9826 | Eval Error: 0.0251 | Eval Perf: 0.7047
[44, 100] Train Error: 0.0017 | Train Perf: 0.983 | Eval Error: 0.0255 | Eval Perf: 0.6989
[45, 100] Train Error: 0.0014 | Train Perf: 0.9861 | Eval Error: 0.0255 | Eval Perf: 0.7082
[46, 100] Train Error: 0.0015 | Train Perf: 0.9848 | Eval Error: 0.0269 | Eval Perf: 0.6875
[47, 100] Train Error: 0.0013 | Train Perf: 0.9862 | Eval Error: 0.0232 | Eval Perf: 0.7322
[48, 100] Train Error: 0.0014 | Train Perf: 0.985 | Eval Error: 0.0264 | Eval Perf: 0.6918
[49, 100] Train Error: 0.0013 | Train Perf: 0.9863 | Eval Error: 0.0242 | Eval Perf: 0.7177
[50, 100] Train Error: 0.0012 | Train Perf: 0.9874 | Eval Error: 0.0248 | Eval Perf: 0.7124
[51, 100] Train Error: 0.0012 | Train Perf: 0.9875 | Eval Error: 0.0244 | Eval Perf: 0.7187
[52, 100] Train Error: 0.0012 | Train Perf: 0.9877 | Eval Error: 0.0255 | Eval Perf: 0.7126
[53, 100] Train Error: 0.0011 | Train Perf: 0.9885 | Eval Error: 0.0266 | Eval Perf: 0.6961
[54, 100] Train Error: 0.0013 | Train Perf: 0.9864 | Eval Error: 0.026 | Eval Perf: 0.6993
[55, 100] Train Error: 0.0012 | Train Perf: 0.9873 | Eval Error: 0.027 | Eval Perf: 0.6864
[56, 100] Train Error: 0.0011 | Train Perf: 0.9884 | Eval Error: 0.0246 | Eval Perf: 0.7119
[57, 100] Train Error: 0.0011 | Train Perf: 0.9882 | Eval Error: 0.0255 | Eval Perf: 0.7126
[58, 100] Train Error: 0.0011 | Train Perf: 0.9881 | Eval Error: 0.0253 | Eval Perf: 0.7095
[59, 100] Train Error: 0.0013 | Train Perf: 0.9864 | Eval Error: 0.0266 | Eval Perf: 0.6879
[60, 100] Train Error: 0.001 | Train Perf: 0.9896 | Eval Error: 0.0258 | Eval Perf: 0.7057
[61, 100] Train Error: 0.0009 | Train Perf: 0.9903 | Eval Error: 0.0264 | Eval Perf: 0.6911
[62, 100] Train Error: 0.0013 | Train Perf: 0.9869 | Eval Error: 0.0239 | Eval Perf: 0.7243
[63, 100] Train Error: 0.0012 | Train Perf: 0.9874 | Eval Error: 0.0258 | Eval Perf: 0.6978
[64, 100] Train Error: 0.0011 | Train Perf: 0.9883 | Eval Error: 0.0268 | Eval Perf: 0.6847
[65, 100] Train Error: 0.001 | Train Perf: 0.9893 | Eval Error: 0.026 | Eval Perf: 0.6934
[66, 100] Train Error: 0.0008 | Train Perf: 0.9914 | Eval Error: 0.025 | Eval Perf: 0.7169
[67, 100] Train Error: 0.001 | Train Perf: 0.9894 | Eval Error: 0.0249 | Eval Perf: 0.7125
[68, 100] Train Error: 0.0009 | Train Perf: 0.9911 | Eval Error: 0.0264 | Eval Perf: 0.6918
[69, 100] Train Error: 0.0008 | Train Perf: 0.9913 | Eval Error: 0.0256 | Eval Perf: 0.7025
[70, 100] Train Error: 0.0009 | Train Perf: 0.9904 | Eval Error: 0.0272 | Eval Perf: 0.6886
[71, 100] Train Error: 0.001 | Train Perf: 0.9898 | Eval Error: 0.0249 | Eval Perf: 0.7084
[72, 100] Train Error: 0.0009 | Train Perf: 0.9912 | Eval Error: 0.0261 | Eval Perf: 0.6949
[73, 100] Train Error: 0.0009 | Train Perf: 0.9907 | Eval Error: 0.0251 | Eval Perf: 0.7058
[74, 100] Train Error: 0.0009 | Train Perf: 0.9907 | Eval Error: 0.0253 | Eval Perf: 0.7059
[75, 100] Train Error: 0.0007 | Train Perf: 0.9924 | Eval Error: 0.0253 | Eval Perf: 0.7087
[76, 100] Train Error: 0.0009 | Train Perf: 0.9904 | Eval Error: 0.0251 | Eval Perf: 0.7076
[77, 100] Train Error: 0.0008 | Train Perf: 0.9916 | Eval Error: 0.0246 | Eval Perf: 0.717
[78, 100] Train Error: 0.0008 | Train Perf: 0.9917 | Eval Error: 0.025 | Eval Perf: 0.7137
[79, 100] Train Error: 0.0008 | Train Perf: 0.9916 | Eval Error: 0.026 | Eval Perf: 0.6988
[80, 100] Train Error: 0.0008 | Train Perf: 0.9923 | Eval Error: 0.0259 | Eval Perf: 0.7016
[81, 100] Train Error: 0.0007 | Train Perf: 0.9925 | Eval Error: 0.0261 | Eval Perf: 0.6984
[82, 100] Train Error: 0.0007 | Train Perf: 0.9931 | Eval Error: 0.0269 | Eval Perf: 0.6863
[83, 100] Train Error: 0.0007 | Train Perf: 0.9925 | Eval Error: 0.025 | Eval Perf: 0.7135
[84, 100] Train Error: 0.0007 | Train Perf: 0.9926 | Eval Error: 0.0266 | Eval Perf: 0.694
[85, 100] Train Error: 0.0008 | Train Perf: 0.9922 | Eval Error: 0.0272 | Eval Perf: 0.684
[86, 100] Train Error: 0.0007 | Train Perf: 0.9927 | Eval Error: 0.0271 | Eval Perf: 0.6857
[87, 100] Train Error: 0.001 | Train Perf: 0.9899 | Eval Error: 0.0253 | Eval Perf: 0.708
[88, 100] Train Error: 0.0006 | Train Perf: 0.9934 | Eval Error: 0.0253 | Eval Perf: 0.7049
[89, 100] Train Error: 0.0008 | Train Perf: 0.9914 | Eval Error: 0.0255 | Eval Perf: 0.7087
[90, 100] Train Error: 0.0009 | Train Perf: 0.9908 | Eval Error: 0.0272 | Eval Perf: 0.6829
[91, 100] Train Error: 0.0007 | Train Perf: 0.9928 | Eval Error: 0.0254 | Eval Perf: 0.7071
[92, 100] Train Error: 0.0006 | Train Perf: 0.9934 | Eval Error: 0.025 | Eval Perf: 0.7077
[93, 100] Train Error: 0.0006 | Train Perf: 0.9944 | Eval Error: 0.0254 | Eval Perf: 0.7051
[94, 100] Train Error: 0.0007 | Train Perf: 0.9923 | Eval Error: 0.0253 | Eval Perf: 0.7046
[95, 100] Train Error: 0.0006 | Train Perf: 0.9938 | Eval Error: 0.0266 | Eval Perf: 0.6894
[96, 100] Train Error: 0.0006 | Train Perf: 0.9935 | Eval Error: 0.0264 | Eval Perf: 0.6954
[97, 100] Train Error: 0.0005 | Train Perf: 0.9949 | Eval Error: 0.0274 | Eval Perf: 0.6818
[98, 100] Train Error: 0.0006 | Train Perf: 0.9943 | Eval Error: 0.0257 | Eval Perf: 0.7075
[99, 100] Train Error: 0.0005 | Train Perf: 0.9944 | Eval Error: 0.0262 | Eval Perf: 0.696
[100, 100] Train Error: 0.0006 | Train Perf: 0.9935 | Eval Error: 0.0267 | Eval Perf: 0.6918
