NETWORK SUMMARY
---------------
Input Layer shape: (1, 180)
Hidden Layer shape: (181, 5)
Output layer shape: (6, 1)
Total parameters: 911

[1, 100] Train Error: 0.0511 | Train Perf: -0.0297 | Eval Error: 0.0465 | Eval Perf: 0.5041
[2, 100] Train Error: 0.0442 | Train Perf: 0.3166 | Eval Error: 0.0314 | Eval Perf: 0.7043
[3, 100] Train Error: 0.0326 | Train Perf: 0.6049 | Eval Error: 0.023 | Eval Perf: 0.7512
[4, 100] Train Error: 0.0205 | Train Perf: 0.7716 | Eval Error: 0.0205 | Eval Perf: 0.7559
[5, 100] Train Error: 0.0179 | Train Perf: 0.8029 | Eval Error: 0.0143 | Eval Perf: 0.8326
[6, 100] Train Error: 0.0129 | Train Perf: 0.8593 | Eval Error: 0.0169 | Eval Perf: 0.8187
[7, 100] Train Error: 0.012 | Train Perf: 0.8699 | Eval Error: 0.0124 | Eval Perf: 0.8555
[8, 100] Train Error: 0.0126 | Train Perf: 0.8613 | Eval Error: 0.0206 | Eval Perf: 0.7759
[9, 100] Train Error: 0.0095 | Train Perf: 0.899 | Eval Error: 0.0208 | Eval Perf: 0.7292
[10, 100] Train Error: 0.0084 | Train Perf: 0.9104 | Eval Error: 0.0178 | Eval Perf: 0.8167
[11, 100] Train Error: 0.0076 | Train Perf: 0.9187 | Eval Error: 0.0175 | Eval Perf: 0.7849
[12, 100] Train Error: 0.0066 | Train Perf: 0.9312 | Eval Error: 0.018 | Eval Perf: 0.7834
[13, 100] Train Error: 0.0074 | Train Perf: 0.9218 | Eval Error: 0.0157 | Eval Perf: 0.8167
[14, 100] Train Error: 0.0059 | Train Perf: 0.9378 | Eval Error: 0.0143 | Eval Perf: 0.8404
[15, 100] Train Error: 0.0058 | Train Perf: 0.9395 | Eval Error: 0.0161 | Eval Perf: 0.7986
[16, 100] Train Error: 0.0046 | Train Perf: 0.9514 | Eval Error: 0.0153 | Eval Perf: 0.8466
[17, 100] Train Error: 0.0046 | Train Perf: 0.9524 | Eval Error: 0.0171 | Eval Perf: 0.8074
[18, 100] Train Error: 0.0045 | Train Perf: 0.9525 | Eval Error: 0.0188 | Eval Perf: 0.7614
[19, 100] Train Error: 0.0042 | Train Perf: 0.9559 | Eval Error: 0.0288 | Eval Perf: 0.6952
[20, 100] Train Error: 0.0047 | Train Perf: 0.9507 | Eval Error: 0.0183 | Eval Perf: 0.7764
[21, 100] Train Error: 0.0049 | Train Perf: 0.9483 | Eval Error: 0.0171 | Eval Perf: 0.7846
[22, 100] Train Error: 0.0042 | Train Perf: 0.9557 | Eval Error: 0.0164 | Eval Perf: 0.8052
[23, 100] Train Error: 0.0045 | Train Perf: 0.9532 | Eval Error: 0.0192 | Eval Perf: 0.8125
[24, 100] Train Error: 0.0045 | Train Perf: 0.9535 | Eval Error: 0.0188 | Eval Perf: 0.7671
[25, 100] Train Error: 0.0033 | Train Perf: 0.9657 | Eval Error: 0.016 | Eval Perf: 0.8
[26, 100] Train Error: 0.0032 | Train Perf: 0.9675 | Eval Error: 0.0192 | Eval Perf: 0.7578
[27, 100] Train Error: 0.0034 | Train Perf: 0.965 | Eval Error: 0.0179 | Eval Perf: 0.7847
[28, 100] Train Error: 0.003 | Train Perf: 0.9688 | Eval Error: 0.0298 | Eval Perf: 0.6657
[29, 100] Train Error: 0.0039 | Train Perf: 0.9594 | Eval Error: 0.0183 | Eval Perf: 0.7681
[30, 100] Train Error: 0.0033 | Train Perf: 0.9659 | Eval Error: 0.017 | Eval Perf: 0.7858
[31, 100] Train Error: 0.0029 | Train Perf: 0.9695 | Eval Error: 0.0181 | Eval Perf: 0.7739
[32, 100] Train Error: 0.0038 | Train Perf: 0.9602 | Eval Error: 0.0201 | Eval Perf: 0.7837
[33, 100] Train Error: 0.0033 | Train Perf: 0.9659 | Eval Error: 0.0169 | Eval Perf: 0.7959
[34, 100] Train Error: 0.0029 | Train Perf: 0.9705 | Eval Error: 0.0183 | Eval Perf: 0.7811
[35, 100] Train Error: 0.0031 | Train Perf: 0.9678 | Eval Error: 0.019 | Eval Perf: 0.7686
[36, 100] Train Error: 0.003 | Train Perf: 0.9691 | Eval Error: 0.0188 | Eval Perf: 0.7712
[37, 100] Train Error: 0.0025 | Train Perf: 0.9737 | Eval Error: 0.0195 | Eval Perf: 0.7787
[38, 100] Train Error: 0.0023 | Train Perf: 0.9759 | Eval Error: 0.0226 | Eval Perf: 0.7113
[39, 100] Train Error: 0.0028 | Train Perf: 0.9707 | Eval Error: 0.0175 | Eval Perf: 0.7803
[40, 100] Train Error: 0.0026 | Train Perf: 0.9737 | Eval Error: 0.0196 | Eval Perf: 0.7556
[41, 100] Train Error: 0.0026 | Train Perf: 0.9737 | Eval Error: 0.0182 | Eval Perf: 0.7787
[42, 100] Train Error: 0.0022 | Train Perf: 0.9777 | Eval Error: 0.0178 | Eval Perf: 0.7867
[43, 100] Train Error: 0.0024 | Train Perf: 0.9755 | Eval Error: 0.02 | Eval Perf: 0.7482
[44, 100] Train Error: 0.0024 | Train Perf: 0.9752 | Eval Error: 0.0179 | Eval Perf: 0.7767
[45, 100] Train Error: 0.0023 | Train Perf: 0.9764 | Eval Error: 0.0183 | Eval Perf: 0.7673
[46, 100] Train Error: 0.0024 | Train Perf: 0.9755 | Eval Error: 0.0169 | Eval Perf: 0.7955
[47, 100] Train Error: 0.0021 | Train Perf: 0.9791 | Eval Error: 0.0195 | Eval Perf: 0.76
[48, 100] Train Error: 0.0027 | Train Perf: 0.9721 | Eval Error: 0.0194 | Eval Perf: 0.7606
[49, 100] Train Error: 0.0018 | Train Perf: 0.9813 | Eval Error: 0.0222 | Eval Perf: 0.7527
[50, 100] Train Error: 0.0018 | Train Perf: 0.9821 | Eval Error: 0.0194 | Eval Perf: 0.7598
[51, 100] Train Error: 0.0018 | Train Perf: 0.9812 | Eval Error: 0.0197 | Eval Perf: 0.7664
[52, 100] Train Error: 0.0018 | Train Perf: 0.9812 | Eval Error: 0.0183 | Eval Perf: 0.7813
[53, 100] Train Error: 0.0021 | Train Perf: 0.9792 | Eval Error: 0.0221 | Eval Perf: 0.7197
[54, 100] Train Error: 0.002 | Train Perf: 0.9798 | Eval Error: 0.018 | Eval Perf: 0.7852
[55, 100] Train Error: 0.0019 | Train Perf: 0.9804 | Eval Error: 0.0191 | Eval Perf: 0.757
[56, 100] Train Error: 0.0019 | Train Perf: 0.9803 | Eval Error: 0.0201 | Eval Perf: 0.7515
[57, 100] Train Error: 0.0017 | Train Perf: 0.9824 | Eval Error: 0.0189 | Eval Perf: 0.766
[58, 100] Train Error: 0.0016 | Train Perf: 0.9841 | Eval Error: 0.0196 | Eval Perf: 0.7727
[59, 100] Train Error: 0.0019 | Train Perf: 0.9802 | Eval Error: 0.0194 | Eval Perf: 0.7589
[60, 100] Train Error: 0.0017 | Train Perf: 0.9825 | Eval Error: 0.0198 | Eval Perf: 0.7563
[61, 100] Train Error: 0.002 | Train Perf: 0.9794 | Eval Error: 0.0195 | Eval Perf: 0.7646
[62, 100] Train Error: 0.0015 | Train Perf: 0.9843 | Eval Error: 0.0191 | Eval Perf: 0.7694
[63, 100] Train Error: 0.0016 | Train Perf: 0.9836 | Eval Error: 0.0205 | Eval Perf: 0.7424
[64, 100] Train Error: 0.0016 | Train Perf: 0.9839 | Eval Error: 0.0192 | Eval Perf: 0.7584
[65, 100] Train Error: 0.0013 | Train Perf: 0.9872 | Eval Error: 0.0208 | Eval Perf: 0.7478
[66, 100] Train Error: 0.0015 | Train Perf: 0.9855 | Eval Error: 0.0199 | Eval Perf: 0.7572
[67, 100] Train Error: 0.0015 | Train Perf: 0.9846 | Eval Error: 0.0198 | Eval Perf: 0.7552
[68, 100] Train Error: 0.0013 | Train Perf: 0.9864 | Eval Error: 0.0196 | Eval Perf: 0.7548
[69, 100] Train Error: 0.0013 | Train Perf: 0.9863 | Eval Error: 0.0213 | Eval Perf: 0.7347
[70, 100] Train Error: 0.0013 | Train Perf: 0.9874 | Eval Error: 0.0208 | Eval Perf: 0.7376
[71, 100] Train Error: 0.0014 | Train Perf: 0.986 | Eval Error: 0.0221 | Eval Perf: 0.7372
[72, 100] Train Error: 0.0013 | Train Perf: 0.9872 | Eval Error: 0.0196 | Eval Perf: 0.7541
[73, 100] Train Error: 0.0014 | Train Perf: 0.9862 | Eval Error: 0.02 | Eval Perf: 0.7496
[74, 100] Train Error: 0.0012 | Train Perf: 0.9876 | Eval Error: 0.0204 | Eval Perf: 0.7464
[75, 100] Train Error: 0.0012 | Train Perf: 0.988 | Eval Error: 0.0211 | Eval Perf: 0.7356
[76, 100] Train Error: 0.0014 | Train Perf: 0.9861 | Eval Error: 0.0215 | Eval Perf: 0.7373
[77, 100] Train Error: 0.0013 | Train Perf: 0.9876 | Eval Error: 0.0218 | Eval Perf: 0.7315
[78, 100] Train Error: 0.0011 | Train Perf: 0.9885 | Eval Error: 0.0223 | Eval Perf: 0.719
[79, 100] Train Error: 0.0012 | Train Perf: 0.9883 | Eval Error: 0.0208 | Eval Perf: 0.7552
[80, 100] Train Error: 0.0011 | Train Perf: 0.9889 | Eval Error: 0.0216 | Eval Perf: 0.7422
[81, 100] Train Error: 0.0013 | Train Perf: 0.9869 | Eval Error: 0.0204 | Eval Perf: 0.7453
[82, 100] Train Error: 0.0012 | Train Perf: 0.9883 | Eval Error: 0.0216 | Eval Perf: 0.7335
[83, 100] Train Error: 0.0011 | Train Perf: 0.9887 | Eval Error: 0.022 | Eval Perf: 0.7427
[84, 100] Train Error: 0.0014 | Train Perf: 0.9851 | Eval Error: 0.0215 | Eval Perf: 0.7313
[85, 100] Train Error: 0.0011 | Train Perf: 0.9893 | Eval Error: 0.0219 | Eval Perf: 0.7288
[86, 100] Train Error: 0.0011 | Train Perf: 0.9891 | Eval Error: 0.0237 | Eval Perf: 0.7259
[87, 100] Train Error: 0.001 | Train Perf: 0.9902 | Eval Error: 0.0213 | Eval Perf: 0.7366
[88, 100] Train Error: 0.0009 | Train Perf: 0.991 | Eval Error: 0.0218 | Eval Perf: 0.7386
[89, 100] Train Error: 0.0011 | Train Perf: 0.9893 | Eval Error: 0.0224 | Eval Perf: 0.7196
[90, 100] Train Error: 0.001 | Train Perf: 0.9897 | Eval Error: 0.0227 | Eval Perf: 0.7192
[91, 100] Train Error: 0.001 | Train Perf: 0.9896 | Eval Error: 0.0232 | Eval Perf: 0.7139
[92, 100] Train Error: 0.0009 | Train Perf: 0.991 | Eval Error: 0.0231 | Eval Perf: 0.7263
[93, 100] Train Error: 0.001 | Train Perf: 0.9904 | Eval Error: 0.0216 | Eval Perf: 0.7333
[94, 100] Train Error: 0.0009 | Train Perf: 0.9905 | Eval Error: 0.023 | Eval Perf: 0.7148
[95, 100] Train Error: 0.001 | Train Perf: 0.9901 | Eval Error: 0.0222 | Eval Perf: 0.7331
[96, 100] Train Error: 0.001 | Train Perf: 0.9899 | Eval Error: 0.0247 | Eval Perf: 0.6891
[97, 100] Train Error: 0.0008 | Train Perf: 0.9917 | Eval Error: 0.0226 | Eval Perf: 0.7143
[98, 100] Train Error: 0.0008 | Train Perf: 0.9918 | Eval Error: 0.0234 | Eval Perf: 0.7209
[99, 100] Train Error: 0.0009 | Train Perf: 0.9906 | Eval Error: 0.0215 | Eval Perf: 0.7329
[100, 100] Train Error: 0.0008 | Train Perf: 0.9924 | Eval Error: 0.0236 | Eval Perf: 0.7101
