NETWORK SUMMARY
---------------
Input Layer shape: (1, 180)
Hidden Layer shape: (181, 3)
Output layer shape: (4, 1)
Total parameters: 547

[1, 100] Train Error: 0.0407 | Train Perf: 0.2116 | Eval Error: 0.028 | Eval Perf: 0.7099
[2, 100] Train Error: 0.0231 | Train Perf: 0.6854 | Eval Error: 0.0261 | Eval Perf: 0.7528
[3, 100] Train Error: 0.0176 | Train Perf: 0.7664 | Eval Error: 0.0172 | Eval Perf: 0.795
[4, 100] Train Error: 0.016 | Train Perf: 0.7904 | Eval Error: 0.0167 | Eval Perf: 0.7906
[5, 100] Train Error: 0.0154 | Train Perf: 0.7994 | Eval Error: 0.018 | Eval Perf: 0.7817
[6, 100] Train Error: 0.0148 | Train Perf: 0.808 | Eval Error: 0.0162 | Eval Perf: 0.7951
[7, 100] Train Error: 0.0144 | Train Perf: 0.8138 | Eval Error: 0.016 | Eval Perf: 0.7978
[8, 100] Train Error: 0.014 | Train Perf: 0.8189 | Eval Error: 0.016 | Eval Perf: 0.7977
[9, 100] Train Error: 0.0136 | Train Perf: 0.8257 | Eval Error: 0.0158 | Eval Perf: 0.8007
[10, 100] Train Error: 0.0133 | Train Perf: 0.83 | Eval Error: 0.017 | Eval Perf: 0.7877
[11, 100] Train Error: 0.0132 | Train Perf: 0.8306 | Eval Error: 0.0178 | Eval Perf: 0.7889
[12, 100] Train Error: 0.0128 | Train Perf: 0.8365 | Eval Error: 0.0175 | Eval Perf: 0.7876
[13, 100] Train Error: 0.0125 | Train Perf: 0.8405 | Eval Error: 0.0166 | Eval Perf: 0.7971
[14, 100] Train Error: 0.0122 | Train Perf: 0.844 | Eval Error: 0.0165 | Eval Perf: 0.7952
[15, 100] Train Error: 0.0118 | Train Perf: 0.8507 | Eval Error: 0.016 | Eval Perf: 0.7993
[16, 100] Train Error: 0.0116 | Train Perf: 0.8529 | Eval Error: 0.016 | Eval Perf: 0.7998
[17, 100] Train Error: 0.0114 | Train Perf: 0.8561 | Eval Error: 0.0165 | Eval Perf: 0.793
[18, 100] Train Error: 0.0113 | Train Perf: 0.8572 | Eval Error: 0.0162 | Eval Perf: 0.7949
[19, 100] Train Error: 0.0109 | Train Perf: 0.863 | Eval Error: 0.0166 | Eval Perf: 0.7962
[20, 100] Train Error: 0.0108 | Train Perf: 0.8638 | Eval Error: 0.0169 | Eval Perf: 0.7921
[21, 100] Train Error: 0.0103 | Train Perf: 0.8705 | Eval Error: 0.0175 | Eval Perf: 0.7927
[22, 100] Train Error: 0.0104 | Train Perf: 0.8698 | Eval Error: 0.0174 | Eval Perf: 0.7917
[23, 100] Train Error: 0.0101 | Train Perf: 0.8731 | Eval Error: 0.0179 | Eval Perf: 0.7921
[24, 100] Train Error: 0.0099 | Train Perf: 0.876 | Eval Error: 0.018 | Eval Perf: 0.7882
[25, 100] Train Error: 0.0098 | Train Perf: 0.8776 | Eval Error: 0.0172 | Eval Perf: 0.7879
[26, 100] Train Error: 0.0095 | Train Perf: 0.8819 | Eval Error: 0.02 | Eval Perf: 0.7846
[27, 100] Train Error: 0.0095 | Train Perf: 0.8822 | Eval Error: 0.017 | Eval Perf: 0.7887
[28, 100] Train Error: 0.0092 | Train Perf: 0.8857 | Eval Error: 0.0191 | Eval Perf: 0.7829
[29, 100] Train Error: 0.009 | Train Perf: 0.8885 | Eval Error: 0.0174 | Eval Perf: 0.7897
[30, 100] Train Error: 0.0087 | Train Perf: 0.8914 | Eval Error: 0.018 | Eval Perf: 0.7813
[31, 100] Train Error: 0.0085 | Train Perf: 0.8942 | Eval Error: 0.0182 | Eval Perf: 0.782
[32, 100] Train Error: 0.0083 | Train Perf: 0.8969 | Eval Error: 0.018 | Eval Perf: 0.7834
[33, 100] Train Error: 0.0082 | Train Perf: 0.8987 | Eval Error: 0.019 | Eval Perf: 0.7732
[34, 100] Train Error: 0.008 | Train Perf: 0.9014 | Eval Error: 0.0194 | Eval Perf: 0.7726
[35, 100] Train Error: 0.0078 | Train Perf: 0.9036 | Eval Error: 0.02 | Eval Perf: 0.7717
[36, 100] Train Error: 0.0076 | Train Perf: 0.9061 | Eval Error: 0.0203 | Eval Perf: 0.7705
[37, 100] Train Error: 0.0076 | Train Perf: 0.9061 | Eval Error: 0.0211 | Eval Perf: 0.7685
[38, 100] Train Error: 0.0074 | Train Perf: 0.909 | Eval Error: 0.0213 | Eval Perf: 0.757
[39, 100] Train Error: 0.0074 | Train Perf: 0.9094 | Eval Error: 0.0208 | Eval Perf: 0.761
[40, 100] Train Error: 0.0071 | Train Perf: 0.9129 | Eval Error: 0.022 | Eval Perf: 0.7597
[41, 100] Train Error: 0.0071 | Train Perf: 0.9128 | Eval Error: 0.0208 | Eval Perf: 0.7522
[42, 100] Train Error: 0.0071 | Train Perf: 0.9134 | Eval Error: 0.0209 | Eval Perf: 0.7559
[43, 100] Train Error: 0.0069 | Train Perf: 0.9151 | Eval Error: 0.0204 | Eval Perf: 0.7572
[44, 100] Train Error: 0.0068 | Train Perf: 0.9162 | Eval Error: 0.0223 | Eval Perf: 0.7542
[45, 100] Train Error: 0.0068 | Train Perf: 0.9172 | Eval Error: 0.0207 | Eval Perf: 0.759
[46, 100] Train Error: 0.0066 | Train Perf: 0.9191 | Eval Error: 0.022 | Eval Perf: 0.7542
[47, 100] Train Error: 0.0066 | Train Perf: 0.9197 | Eval Error: 0.0246 | Eval Perf: 0.7484
[48, 100] Train Error: 0.0066 | Train Perf: 0.919 | Eval Error: 0.0224 | Eval Perf: 0.7464
[49, 100] Train Error: 0.0066 | Train Perf: 0.9199 | Eval Error: 0.0216 | Eval Perf: 0.7452
[50, 100] Train Error: 0.0065 | Train Perf: 0.9203 | Eval Error: 0.0218 | Eval Perf: 0.7486
[51, 100] Train Error: 0.0064 | Train Perf: 0.9217 | Eval Error: 0.0229 | Eval Perf: 0.7436
[52, 100] Train Error: 0.0063 | Train Perf: 0.923 | Eval Error: 0.0217 | Eval Perf: 0.7483
[53, 100] Train Error: 0.0064 | Train Perf: 0.922 | Eval Error: 0.0238 | Eval Perf: 0.7398
[54, 100] Train Error: 0.0063 | Train Perf: 0.9237 | Eval Error: 0.0225 | Eval Perf: 0.7429
[55, 100] Train Error: 0.0063 | Train Perf: 0.9235 | Eval Error: 0.0229 | Eval Perf: 0.7365
[56, 100] Train Error: 0.0061 | Train Perf: 0.9251 | Eval Error: 0.0232 | Eval Perf: 0.7392
[57, 100] Train Error: 0.0062 | Train Perf: 0.9247 | Eval Error: 0.023 | Eval Perf: 0.7388
[58, 100] Train Error: 0.006 | Train Perf: 0.9275 | Eval Error: 0.0237 | Eval Perf: 0.736
[59, 100] Train Error: 0.0061 | Train Perf: 0.9261 | Eval Error: 0.0233 | Eval Perf: 0.7325
[60, 100] Train Error: 0.0059 | Train Perf: 0.9283 | Eval Error: 0.0228 | Eval Perf: 0.7357
[61, 100] Train Error: 0.006 | Train Perf: 0.9272 | Eval Error: 0.0233 | Eval Perf: 0.7361
[62, 100] Train Error: 0.0059 | Train Perf: 0.9279 | Eval Error: 0.0234 | Eval Perf: 0.7339
[63, 100] Train Error: 0.0059 | Train Perf: 0.9285 | Eval Error: 0.0232 | Eval Perf: 0.7342
[64, 100] Train Error: 0.0057 | Train Perf: 0.9304 | Eval Error: 0.0232 | Eval Perf: 0.7345
[65, 100] Train Error: 0.0059 | Train Perf: 0.9283 | Eval Error: 0.0238 | Eval Perf: 0.73
[66, 100] Train Error: 0.0058 | Train Perf: 0.9291 | Eval Error: 0.0233 | Eval Perf: 0.7321
[67, 100] Train Error: 0.0058 | Train Perf: 0.9292 | Eval Error: 0.0253 | Eval Perf: 0.7263
[68, 100] Train Error: 0.0057 | Train Perf: 0.9309 | Eval Error: 0.0242 | Eval Perf: 0.7269
[69, 100] Train Error: 0.0057 | Train Perf: 0.9308 | Eval Error: 0.0244 | Eval Perf: 0.7235
[70, 100] Train Error: 0.0056 | Train Perf: 0.932 | Eval Error: 0.0241 | Eval Perf: 0.7226
[71, 100] Train Error: 0.0056 | Train Perf: 0.9315 | Eval Error: 0.0244 | Eval Perf: 0.7235
[72, 100] Train Error: 0.0056 | Train Perf: 0.9325 | Eval Error: 0.025 | Eval Perf: 0.7244
[73, 100] Train Error: 0.0056 | Train Perf: 0.9315 | Eval Error: 0.0246 | Eval Perf: 0.7268
[74, 100] Train Error: 0.0056 | Train Perf: 0.9326 | Eval Error: 0.0245 | Eval Perf: 0.7255
[75, 100] Train Error: 0.0056 | Train Perf: 0.9324 | Eval Error: 0.0262 | Eval Perf: 0.7208
[76, 100] Train Error: 0.0054 | Train Perf: 0.9341 | Eval Error: 0.0246 | Eval Perf: 0.7226
[77, 100] Train Error: 0.0055 | Train Perf: 0.9331 | Eval Error: 0.0256 | Eval Perf: 0.718
[78, 100] Train Error: 0.0055 | Train Perf: 0.9336 | Eval Error: 0.0271 | Eval Perf: 0.7162
[79, 100] Train Error: 0.0055 | Train Perf: 0.9334 | Eval Error: 0.0246 | Eval Perf: 0.7243
[80, 100] Train Error: 0.0055 | Train Perf: 0.9337 | Eval Error: 0.0267 | Eval Perf: 0.7182
[81, 100] Train Error: 0.0054 | Train Perf: 0.9343 | Eval Error: 0.0265 | Eval Perf: 0.7158
[82, 100] Train Error: 0.0053 | Train Perf: 0.9361 | Eval Error: 0.0272 | Eval Perf: 0.7167
[83, 100] Train Error: 0.0054 | Train Perf: 0.9348 | Eval Error: 0.0255 | Eval Perf: 0.7174
[84, 100] Train Error: 0.0054 | Train Perf: 0.9351 | Eval Error: 0.0253 | Eval Perf: 0.716
[85, 100] Train Error: 0.0053 | Train Perf: 0.9355 | Eval Error: 0.0264 | Eval Perf: 0.7186
[86, 100] Train Error: 0.0053 | Train Perf: 0.9355 | Eval Error: 0.025 | Eval Perf: 0.7227
[87, 100] Train Error: 0.0053 | Train Perf: 0.9354 | Eval Error: 0.027 | Eval Perf: 0.7164
[88, 100] Train Error: 0.0053 | Train Perf: 0.9355 | Eval Error: 0.025 | Eval Perf: 0.7236
[89, 100] Train Error: 0.0053 | Train Perf: 0.9364 | Eval Error: 0.026 | Eval Perf: 0.7171
[90, 100] Train Error: 0.0053 | Train Perf: 0.9357 | Eval Error: 0.0253 | Eval Perf: 0.7154
[91, 100] Train Error: 0.0052 | Train Perf: 0.9366 | Eval Error: 0.0255 | Eval Perf: 0.7182
[92, 100] Train Error: 0.0053 | Train Perf: 0.9363 | Eval Error: 0.0254 | Eval Perf: 0.7158
[93, 100] Train Error: 0.0052 | Train Perf: 0.9366 | Eval Error: 0.0262 | Eval Perf: 0.7166
[94, 100] Train Error: 0.0052 | Train Perf: 0.9374 | Eval Error: 0.0272 | Eval Perf: 0.7167
[95, 100] Train Error: 0.0052 | Train Perf: 0.9374 | Eval Error: 0.0274 | Eval Perf: 0.7134
[96, 100] Train Error: 0.0052 | Train Perf: 0.9369 | Eval Error: 0.0259 | Eval Perf: 0.7166
[97, 100] Train Error: 0.0051 | Train Perf: 0.9386 | Eval Error: 0.0263 | Eval Perf: 0.7133
[98, 100] Train Error: 0.0052 | Train Perf: 0.9376 | Eval Error: 0.0263 | Eval Perf: 0.7112
[99, 100] Train Error: 0.0051 | Train Perf: 0.9379 | Eval Error: 0.0267 | Eval Perf: 0.7156
[100, 100] Train Error: 0.0051 | Train Perf: 0.9384 | Eval Error: 0.0268 | Eval Perf: 0.7147
