NETWORK SUMMARY
---------------
Input Layer shape: (1, 180)
Hidden Layer shape: (181, 3)
Output layer shape: (4, 1)
Total parameters: 547

[1, 100] Train Error: 0.0177 | Train Perf: -0.0713 | Eval Error: 0.0154 | Eval Perf: 0.5115
[2, 100] Train Error: 0.0163 | Train Perf: 0.0064 | Eval Error: 0.0153 | Eval Perf: 0.6572
[3, 100] Train Error: 0.0148 | Train Perf: 0.2851 | Eval Error: 0.0132 | Eval Perf: 0.6987
[4, 100] Train Error: 0.0126 | Train Perf: 0.5334 | Eval Error: 0.0155 | Eval Perf: 0.6487
[5, 100] Train Error: 0.0108 | Train Perf: 0.6162 | Eval Error: 0.0106 | Eval Perf: 0.6581
[6, 100] Train Error: 0.0096 | Train Perf: 0.6613 | Eval Error: 0.0099 | Eval Perf: 0.6358
[7, 100] Train Error: 0.0084 | Train Perf: 0.708 | Eval Error: 0.0096 | Eval Perf: 0.6304
[8, 100] Train Error: 0.007 | Train Perf: 0.7561 | Eval Error: 0.0099 | Eval Perf: 0.6417
[9, 100] Train Error: 0.0067 | Train Perf: 0.7632 | Eval Error: 0.0095 | Eval Perf: 0.63
[10, 100] Train Error: 0.0062 | Train Perf: 0.7843 | Eval Error: 0.0095 | Eval Perf: 0.6186
[11, 100] Train Error: 0.0057 | Train Perf: 0.8042 | Eval Error: 0.01 | Eval Perf: 0.6359
[12, 100] Train Error: 0.005 | Train Perf: 0.8301 | Eval Error: 0.0097 | Eval Perf: 0.6597
[13, 100] Train Error: 0.0049 | Train Perf: 0.8335 | Eval Error: 0.0097 | Eval Perf: 0.6369
[14, 100] Train Error: 0.0049 | Train Perf: 0.8328 | Eval Error: 0.0093 | Eval Perf: 0.6577
[15, 100] Train Error: 0.0047 | Train Perf: 0.8431 | Eval Error: 0.0084 | Eval Perf: 0.6746
[16, 100] Train Error: 0.0043 | Train Perf: 0.854 | Eval Error: 0.0086 | Eval Perf: 0.674
[17, 100] Train Error: 0.004 | Train Perf: 0.8663 | Eval Error: 0.0085 | Eval Perf: 0.6996
[18, 100] Train Error: 0.0037 | Train Perf: 0.8787 | Eval Error: 0.0082 | Eval Perf: 0.6886
[19, 100] Train Error: 0.0036 | Train Perf: 0.8812 | Eval Error: 0.0085 | Eval Perf: 0.7005
[20, 100] Train Error: 0.0032 | Train Perf: 0.8948 | Eval Error: 0.0075 | Eval Perf: 0.7252
[21, 100] Train Error: 0.0032 | Train Perf: 0.8959 | Eval Error: 0.0086 | Eval Perf: 0.7204
[22, 100] Train Error: 0.0031 | Train Perf: 0.8983 | Eval Error: 0.0097 | Eval Perf: 0.712
[23, 100] Train Error: 0.0027 | Train Perf: 0.9162 | Eval Error: 0.0093 | Eval Perf: 0.709
[24, 100] Train Error: 0.0029 | Train Perf: 0.9073 | Eval Error: 0.0085 | Eval Perf: 0.7239
[25, 100] Train Error: 0.0027 | Train Perf: 0.9111 | Eval Error: 0.0069 | Eval Perf: 0.7498
[26, 100] Train Error: 0.0025 | Train Perf: 0.9193 | Eval Error: 0.008 | Eval Perf: 0.7342
[27, 100] Train Error: 0.0029 | Train Perf: 0.9059 | Eval Error: 0.007 | Eval Perf: 0.7516
[28, 100] Train Error: 0.0025 | Train Perf: 0.9196 | Eval Error: 0.0071 | Eval Perf: 0.7414
[29, 100] Train Error: 0.0024 | Train Perf: 0.9208 | Eval Error: 0.0089 | Eval Perf: 0.744
[30, 100] Train Error: 0.0026 | Train Perf: 0.9171 | Eval Error: 0.0077 | Eval Perf: 0.7482
[31, 100] Train Error: 0.0024 | Train Perf: 0.9244 | Eval Error: 0.0068 | Eval Perf: 0.7568
[32, 100] Train Error: 0.0025 | Train Perf: 0.9206 | Eval Error: 0.0081 | Eval Perf: 0.7466
[33, 100] Train Error: 0.0021 | Train Perf: 0.9314 | Eval Error: 0.0083 | Eval Perf: 0.7472
[34, 100] Train Error: 0.002 | Train Perf: 0.9354 | Eval Error: 0.0077 | Eval Perf: 0.7471
[35, 100] Train Error: 0.0021 | Train Perf: 0.9335 | Eval Error: 0.0082 | Eval Perf: 0.7521
[36, 100] Train Error: 0.002 | Train Perf: 0.9361 | Eval Error: 0.0074 | Eval Perf: 0.7602
[37, 100] Train Error: 0.0017 | Train Perf: 0.9477 | Eval Error: 0.009 | Eval Perf: 0.7495
[38, 100] Train Error: 0.0019 | Train Perf: 0.9399 | Eval Error: 0.0074 | Eval Perf: 0.7663
[39, 100] Train Error: 0.0018 | Train Perf: 0.9421 | Eval Error: 0.0063 | Eval Perf: 0.7793
[40, 100] Train Error: 0.0018 | Train Perf: 0.9436 | Eval Error: 0.0069 | Eval Perf: 0.7732
[41, 100] Train Error: 0.0018 | Train Perf: 0.9413 | Eval Error: 0.0082 | Eval Perf: 0.7669
[42, 100] Train Error: 0.0015 | Train Perf: 0.9531 | Eval Error: 0.0064 | Eval Perf: 0.7987
[43, 100] Train Error: 0.0017 | Train Perf: 0.9455 | Eval Error: 0.0081 | Eval Perf: 0.77
[44, 100] Train Error: 0.0016 | Train Perf: 0.9478 | Eval Error: 0.0067 | Eval Perf: 0.7868
[45, 100] Train Error: 0.0016 | Train Perf: 0.95 | Eval Error: 0.0076 | Eval Perf: 0.7769
[46, 100] Train Error: 0.0015 | Train Perf: 0.9532 | Eval Error: 0.008 | Eval Perf: 0.7773
[47, 100] Train Error: 0.0014 | Train Perf: 0.9573 | Eval Error: 0.0059 | Eval Perf: 0.7961
[48, 100] Train Error: 0.0015 | Train Perf: 0.9533 | Eval Error: 0.0057 | Eval Perf: 0.8047
[49, 100] Train Error: 0.0013 | Train Perf: 0.9601 | Eval Error: 0.0082 | Eval Perf: 0.774
[50, 100] Train Error: 0.0014 | Train Perf: 0.9551 | Eval Error: 0.006 | Eval Perf: 0.7991
[51, 100] Train Error: 0.0013 | Train Perf: 0.9582 | Eval Error: 0.0067 | Eval Perf: 0.7845
[52, 100] Train Error: 0.0013 | Train Perf: 0.9598 | Eval Error: 0.007 | Eval Perf: 0.7855
[53, 100] Train Error: 0.0012 | Train Perf: 0.9608 | Eval Error: 0.0057 | Eval Perf: 0.8055
[54, 100] Train Error: 0.0011 | Train Perf: 0.9662 | Eval Error: 0.0073 | Eval Perf: 0.7799
[55, 100] Train Error: 0.0012 | Train Perf: 0.9639 | Eval Error: 0.0066 | Eval Perf: 0.7935
[56, 100] Train Error: 0.0012 | Train Perf: 0.9626 | Eval Error: 0.0067 | Eval Perf: 0.7947
[57, 100] Train Error: 0.0011 | Train Perf: 0.9662 | Eval Error: 0.0074 | Eval Perf: 0.7853
[58, 100] Train Error: 0.0011 | Train Perf: 0.9639 | Eval Error: 0.0061 | Eval Perf: 0.7954
[59, 100] Train Error: 0.0011 | Train Perf: 0.9654 | Eval Error: 0.0061 | Eval Perf: 0.8022
[60, 100] Train Error: 0.001 | Train Perf: 0.9674 | Eval Error: 0.0068 | Eval Perf: 0.7994
[61, 100] Train Error: 0.001 | Train Perf: 0.9692 | Eval Error: 0.0073 | Eval Perf: 0.788
[62, 100] Train Error: 0.001 | Train Perf: 0.968 | Eval Error: 0.0071 | Eval Perf: 0.7941
[63, 100] Train Error: 0.0009 | Train Perf: 0.9723 | Eval Error: 0.008 | Eval Perf: 0.7848
[64, 100] Train Error: 0.0009 | Train Perf: 0.9708 | Eval Error: 0.0061 | Eval Perf: 0.8053
[65, 100] Train Error: 0.001 | Train Perf: 0.9695 | Eval Error: 0.0072 | Eval Perf: 0.7899
[66, 100] Train Error: 0.0009 | Train Perf: 0.9726 | Eval Error: 0.0067 | Eval Perf: 0.7929
[67, 100] Train Error: 0.0009 | Train Perf: 0.9727 | Eval Error: 0.0068 | Eval Perf: 0.7886
[68, 100] Train Error: 0.0008 | Train Perf: 0.974 | Eval Error: 0.0078 | Eval Perf: 0.7809
[69, 100] Train Error: 0.0009 | Train Perf: 0.9705 | Eval Error: 0.0069 | Eval Perf: 0.7923
[70, 100] Train Error: 0.0009 | Train Perf: 0.973 | Eval Error: 0.0066 | Eval Perf: 0.797
[71, 100] Train Error: 0.0008 | Train Perf: 0.9747 | Eval Error: 0.0061 | Eval Perf: 0.8095
[72, 100] Train Error: 0.0008 | Train Perf: 0.9748 | Eval Error: 0.0074 | Eval Perf: 0.7864
[73, 100] Train Error: 0.0008 | Train Perf: 0.9768 | Eval Error: 0.007 | Eval Perf: 0.795
[74, 100] Train Error: 0.0008 | Train Perf: 0.9739 | Eval Error: 0.0065 | Eval Perf: 0.8011
[75, 100] Train Error: 0.0008 | Train Perf: 0.9766 | Eval Error: 0.0084 | Eval Perf: 0.7767
[76, 100] Train Error: 0.0008 | Train Perf: 0.976 | Eval Error: 0.007 | Eval Perf: 0.7957
[77, 100] Train Error: 0.0007 | Train Perf: 0.9788 | Eval Error: 0.0071 | Eval Perf: 0.7952
[78, 100] Train Error: 0.0006 | Train Perf: 0.9804 | Eval Error: 0.0061 | Eval Perf: 0.8098
[79, 100] Train Error: 0.0007 | Train Perf: 0.9791 | Eval Error: 0.0073 | Eval Perf: 0.7919
[80, 100] Train Error: 0.0007 | Train Perf: 0.9796 | Eval Error: 0.0061 | Eval Perf: 0.812
[81, 100] Train Error: 0.0007 | Train Perf: 0.9771 | Eval Error: 0.0061 | Eval Perf: 0.8087
[82, 100] Train Error: 0.0006 | Train Perf: 0.9804 | Eval Error: 0.0064 | Eval Perf: 0.8055
[83, 100] Train Error: 0.0007 | Train Perf: 0.9796 | Eval Error: 0.0062 | Eval Perf: 0.8078
[84, 100] Train Error: 0.0006 | Train Perf: 0.9813 | Eval Error: 0.0062 | Eval Perf: 0.8043
[85, 100] Train Error: 0.0007 | Train Perf: 0.9784 | Eval Error: 0.0074 | Eval Perf: 0.7934
[86, 100] Train Error: 0.0006 | Train Perf: 0.9799 | Eval Error: 0.006 | Eval Perf: 0.8094
[87, 100] Train Error: 0.0007 | Train Perf: 0.9783 | Eval Error: 0.0071 | Eval Perf: 0.793
[88, 100] Train Error: 0.0006 | Train Perf: 0.9811 | Eval Error: 0.0067 | Eval Perf: 0.799
[89, 100] Train Error: 0.0006 | Train Perf: 0.9814 | Eval Error: 0.0085 | Eval Perf: 0.7783
[90, 100] Train Error: 0.0006 | Train Perf: 0.9826 | Eval Error: 0.0074 | Eval Perf: 0.7921
[91, 100] Train Error: 0.0006 | Train Perf: 0.9821 | Eval Error: 0.0066 | Eval Perf: 0.8068
[92, 100] Train Error: 0.0005 | Train Perf: 0.9831 | Eval Error: 0.0076 | Eval Perf: 0.7938
[93, 100] Train Error: 0.0007 | Train Perf: 0.9795 | Eval Error: 0.0063 | Eval Perf: 0.8069
[94, 100] Train Error: 0.0006 | Train Perf: 0.9812 | Eval Error: 0.0066 | Eval Perf: 0.8026
[95, 100] Train Error: 0.0005 | Train Perf: 0.9829 | Eval Error: 0.0072 | Eval Perf: 0.7949
[96, 100] Train Error: 0.0006 | Train Perf: 0.9822 | Eval Error: 0.0067 | Eval Perf: 0.8028
[97, 100] Train Error: 0.0006 | Train Perf: 0.9827 | Eval Error: 0.0076 | Eval Perf: 0.7933
[98, 100] Train Error: 0.0005 | Train Perf: 0.983 | Eval Error: 0.0071 | Eval Perf: 0.7949
[99, 100] Train Error: 0.0006 | Train Perf: 0.9811 | Eval Error: 0.0073 | Eval Perf: 0.7947
[100, 100] Train Error: 0.0005 | Train Perf: 0.9834 | Eval Error: 0.0078 | Eval Perf: 0.7859
