NETWORK SUMMARY
---------------
Input Layer shape: (1, 180)
Hidden Layer shape: (181, 2)
Output layer shape: (3, 1)
Total parameters: 365

[1, 100] Train Error: 0.0203 | Train Perf: 0.6004 | Eval Error: 0.0174 | Eval Perf: 0.7063
[2, 100] Train Error: 0.0145 | Train Perf: 0.7378 | Eval Error: 0.015 | Eval Perf: 0.7407
[3, 100] Train Error: 0.0121 | Train Perf: 0.7857 | Eval Error: 0.0127 | Eval Perf: 0.7763
[4, 100] Train Error: 0.0113 | Train Perf: 0.8024 | Eval Error: 0.0139 | Eval Perf: 0.7498
[5, 100] Train Error: 0.0111 | Train Perf: 0.8061 | Eval Error: 0.014 | Eval Perf: 0.755
[6, 100] Train Error: 0.0105 | Train Perf: 0.8181 | Eval Error: 0.0132 | Eval Perf: 0.7642
[7, 100] Train Error: 0.0102 | Train Perf: 0.8246 | Eval Error: 0.0144 | Eval Perf: 0.766
[8, 100] Train Error: 0.0099 | Train Perf: 0.829 | Eval Error: 0.0131 | Eval Perf: 0.7748
[9, 100] Train Error: 0.0095 | Train Perf: 0.8365 | Eval Error: 0.0131 | Eval Perf: 0.7725
[10, 100] Train Error: 0.0095 | Train Perf: 0.8379 | Eval Error: 0.0133 | Eval Perf: 0.7712
[11, 100] Train Error: 0.0094 | Train Perf: 0.8397 | Eval Error: 0.0136 | Eval Perf: 0.7565
[12, 100] Train Error: 0.009 | Train Perf: 0.8458 | Eval Error: 0.0127 | Eval Perf: 0.7776
[13, 100] Train Error: 0.0091 | Train Perf: 0.8451 | Eval Error: 0.0129 | Eval Perf: 0.7739
[14, 100] Train Error: 0.009 | Train Perf: 0.8471 | Eval Error: 0.013 | Eval Perf: 0.7723
[15, 100] Train Error: 0.0085 | Train Perf: 0.8554 | Eval Error: 0.0135 | Eval Perf: 0.7658
[16, 100] Train Error: 0.0086 | Train Perf: 0.8544 | Eval Error: 0.0129 | Eval Perf: 0.7751
[17, 100] Train Error: 0.0085 | Train Perf: 0.8553 | Eval Error: 0.0126 | Eval Perf: 0.7861
[18, 100] Train Error: 0.0083 | Train Perf: 0.859 | Eval Error: 0.0131 | Eval Perf: 0.7718
[19, 100] Train Error: 0.0082 | Train Perf: 0.8608 | Eval Error: 0.0127 | Eval Perf: 0.7762
[20, 100] Train Error: 0.0085 | Train Perf: 0.8565 | Eval Error: 0.0123 | Eval Perf: 0.7844
[21, 100] Train Error: 0.0082 | Train Perf: 0.8609 | Eval Error: 0.0134 | Eval Perf: 0.7806
[22, 100] Train Error: 0.0081 | Train Perf: 0.8623 | Eval Error: 0.0128 | Eval Perf: 0.7759
[23, 100] Train Error: 0.0081 | Train Perf: 0.8621 | Eval Error: 0.0137 | Eval Perf: 0.7718
[24, 100] Train Error: 0.0078 | Train Perf: 0.8676 | Eval Error: 0.013 | Eval Perf: 0.7777
[25, 100] Train Error: 0.0078 | Train Perf: 0.8682 | Eval Error: 0.0127 | Eval Perf: 0.7816
[26, 100] Train Error: 0.0079 | Train Perf: 0.8663 | Eval Error: 0.0128 | Eval Perf: 0.7781
[27, 100] Train Error: 0.0078 | Train Perf: 0.8684 | Eval Error: 0.0134 | Eval Perf: 0.7684
[28, 100] Train Error: 0.0078 | Train Perf: 0.8685 | Eval Error: 0.012 | Eval Perf: 0.7886
[29, 100] Train Error: 0.0076 | Train Perf: 0.8725 | Eval Error: 0.0133 | Eval Perf: 0.7748
[30, 100] Train Error: 0.0076 | Train Perf: 0.8713 | Eval Error: 0.0136 | Eval Perf: 0.7612
[31, 100] Train Error: 0.0077 | Train Perf: 0.8703 | Eval Error: 0.013 | Eval Perf: 0.7787
[32, 100] Train Error: 0.0077 | Train Perf: 0.8706 | Eval Error: 0.0143 | Eval Perf: 0.765
[33, 100] Train Error: 0.0076 | Train Perf: 0.8722 | Eval Error: 0.0129 | Eval Perf: 0.7776
[34, 100] Train Error: 0.0075 | Train Perf: 0.8734 | Eval Error: 0.0135 | Eval Perf: 0.7717
[35, 100] Train Error: 0.0077 | Train Perf: 0.8705 | Eval Error: 0.0135 | Eval Perf: 0.7683
[36, 100] Train Error: 0.0075 | Train Perf: 0.8743 | Eval Error: 0.0131 | Eval Perf: 0.7711
[37, 100] Train Error: 0.0075 | Train Perf: 0.8737 | Eval Error: 0.0144 | Eval Perf: 0.7737
[38, 100] Train Error: 0.0073 | Train Perf: 0.8773 | Eval Error: 0.0135 | Eval Perf: 0.7666
[39, 100] Train Error: 0.0075 | Train Perf: 0.8741 | Eval Error: 0.014 | Eval Perf: 0.7657
[40, 100] Train Error: 0.0072 | Train Perf: 0.8794 | Eval Error: 0.0136 | Eval Perf: 0.7676
[41, 100] Train Error: 0.0072 | Train Perf: 0.8795 | Eval Error: 0.0137 | Eval Perf: 0.768
[42, 100] Train Error: 0.0072 | Train Perf: 0.8791 | Eval Error: 0.0136 | Eval Perf: 0.7625
[43, 100] Train Error: 0.0073 | Train Perf: 0.8781 | Eval Error: 0.0139 | Eval Perf: 0.7629
[44, 100] Train Error: 0.0071 | Train Perf: 0.8814 | Eval Error: 0.0139 | Eval Perf: 0.7667
[45, 100] Train Error: 0.0073 | Train Perf: 0.8781 | Eval Error: 0.0143 | Eval Perf: 0.7615
[46, 100] Train Error: 0.0072 | Train Perf: 0.8794 | Eval Error: 0.014 | Eval Perf: 0.7621
[47, 100] Train Error: 0.0071 | Train Perf: 0.8811 | Eval Error: 0.0136 | Eval Perf: 0.7637
[48, 100] Train Error: 0.007 | Train Perf: 0.883 | Eval Error: 0.0135 | Eval Perf: 0.771
[49, 100] Train Error: 0.007 | Train Perf: 0.8828 | Eval Error: 0.0137 | Eval Perf: 0.7686
[50, 100] Train Error: 0.007 | Train Perf: 0.8823 | Eval Error: 0.0141 | Eval Perf: 0.7637
[51, 100] Train Error: 0.007 | Train Perf: 0.8828 | Eval Error: 0.0146 | Eval Perf: 0.7536
[52, 100] Train Error: 0.007 | Train Perf: 0.8828 | Eval Error: 0.0135 | Eval Perf: 0.7689
[53, 100] Train Error: 0.007 | Train Perf: 0.8836 | Eval Error: 0.0142 | Eval Perf: 0.7631
[54, 100] Train Error: 0.0069 | Train Perf: 0.8841 | Eval Error: 0.014 | Eval Perf: 0.7653
[55, 100] Train Error: 0.0069 | Train Perf: 0.8837 | Eval Error: 0.0142 | Eval Perf: 0.7639
[56, 100] Train Error: 0.0069 | Train Perf: 0.8848 | Eval Error: 0.0134 | Eval Perf: 0.7728
[57, 100] Train Error: 0.0069 | Train Perf: 0.8851 | Eval Error: 0.0137 | Eval Perf: 0.7658
[58, 100] Train Error: 0.0068 | Train Perf: 0.8863 | Eval Error: 0.014 | Eval Perf: 0.7674
[59, 100] Train Error: 0.0069 | Train Perf: 0.8852 | Eval Error: 0.0142 | Eval Perf: 0.7573
[60, 100] Train Error: 0.0068 | Train Perf: 0.8857 | Eval Error: 0.0136 | Eval Perf: 0.7646
[61, 100] Train Error: 0.0067 | Train Perf: 0.8882 | Eval Error: 0.0135 | Eval Perf: 0.7661
[62, 100] Train Error: 0.0067 | Train Perf: 0.8876 | Eval Error: 0.0139 | Eval Perf: 0.7657
[63, 100] Train Error: 0.0069 | Train Perf: 0.8849 | Eval Error: 0.0138 | Eval Perf: 0.7632
[64, 100] Train Error: 0.0068 | Train Perf: 0.8864 | Eval Error: 0.0147 | Eval Perf: 0.7503
[65, 100] Train Error: 0.0067 | Train Perf: 0.8877 | Eval Error: 0.014 | Eval Perf: 0.7593
[66, 100] Train Error: 0.0066 | Train Perf: 0.8906 | Eval Error: 0.0138 | Eval Perf: 0.762
[67, 100] Train Error: 0.0065 | Train Perf: 0.8911 | Eval Error: 0.0139 | Eval Perf: 0.7619
[68, 100] Train Error: 0.0066 | Train Perf: 0.8892 | Eval Error: 0.0144 | Eval Perf: 0.7628
[69, 100] Train Error: 0.0066 | Train Perf: 0.8897 | Eval Error: 0.0154 | Eval Perf: 0.745
[70, 100] Train Error: 0.0065 | Train Perf: 0.8922 | Eval Error: 0.0144 | Eval Perf: 0.7578
[71, 100] Train Error: 0.0065 | Train Perf: 0.891 | Eval Error: 0.0151 | Eval Perf: 0.7531
[72, 100] Train Error: 0.0066 | Train Perf: 0.8904 | Eval Error: 0.014 | Eval Perf: 0.7623
[73, 100] Train Error: 0.0065 | Train Perf: 0.892 | Eval Error: 0.0139 | Eval Perf: 0.7648
[74, 100] Train Error: 0.0065 | Train Perf: 0.8923 | Eval Error: 0.0146 | Eval Perf: 0.7552
[75, 100] Train Error: 0.0065 | Train Perf: 0.8919 | Eval Error: 0.0137 | Eval Perf: 0.7673
[76, 100] Train Error: 0.0065 | Train Perf: 0.8912 | Eval Error: 0.0145 | Eval Perf: 0.756
[77, 100] Train Error: 0.0066 | Train Perf: 0.8893 | Eval Error: 0.014 | Eval Perf: 0.7591
[78, 100] Train Error: 0.0066 | Train Perf: 0.8904 | Eval Error: 0.0146 | Eval Perf: 0.7598
[79, 100] Train Error: 0.0065 | Train Perf: 0.8924 | Eval Error: 0.0144 | Eval Perf: 0.76
[80, 100] Train Error: 0.0065 | Train Perf: 0.8924 | Eval Error: 0.0144 | Eval Perf: 0.7571
[81, 100] Train Error: 0.0064 | Train Perf: 0.8927 | Eval Error: 0.0144 | Eval Perf: 0.7544
[82, 100] Train Error: 0.0065 | Train Perf: 0.8922 | Eval Error: 0.0147 | Eval Perf: 0.7492
[83, 100] Train Error: 0.0064 | Train Perf: 0.8933 | Eval Error: 0.0147 | Eval Perf: 0.7594
[84, 100] Train Error: 0.0064 | Train Perf: 0.8937 | Eval Error: 0.0141 | Eval Perf: 0.7599
[85, 100] Train Error: 0.0064 | Train Perf: 0.8936 | Eval Error: 0.0148 | Eval Perf: 0.7518
[86, 100] Train Error: 0.0065 | Train Perf: 0.8925 | Eval Error: 0.0143 | Eval Perf: 0.7602
[87, 100] Train Error: 0.0064 | Train Perf: 0.8933 | Eval Error: 0.0141 | Eval Perf: 0.7581
[88, 100] Train Error: 0.0065 | Train Perf: 0.8912 | Eval Error: 0.0141 | Eval Perf: 0.7567
[89, 100] Train Error: 0.0063 | Train Perf: 0.8944 | Eval Error: 0.0145 | Eval Perf: 0.7574
[90, 100] Train Error: 0.0064 | Train Perf: 0.8942 | Eval Error: 0.0147 | Eval Perf: 0.7461
[91, 100] Train Error: 0.0063 | Train Perf: 0.8947 | Eval Error: 0.0147 | Eval Perf: 0.76
[92, 100] Train Error: 0.0064 | Train Perf: 0.8944 | Eval Error: 0.0142 | Eval Perf: 0.7611
[93, 100] Train Error: 0.0065 | Train Perf: 0.8917 | Eval Error: 0.0138 | Eval Perf: 0.7645
[94, 100] Train Error: 0.0064 | Train Perf: 0.894 | Eval Error: 0.0145 | Eval Perf: 0.7566
[95, 100] Train Error: 0.0063 | Train Perf: 0.8947 | Eval Error: 0.0145 | Eval Perf: 0.7558
[96, 100] Train Error: 0.0063 | Train Perf: 0.8953 | Eval Error: 0.0142 | Eval Perf: 0.7609
[97, 100] Train Error: 0.0063 | Train Perf: 0.8951 | Eval Error: 0.0146 | Eval Perf: 0.7638
[98, 100] Train Error: 0.0064 | Train Perf: 0.8934 | Eval Error: 0.0141 | Eval Perf: 0.7614
[99, 100] Train Error: 0.0063 | Train Perf: 0.8951 | Eval Error: 0.0146 | Eval Perf: 0.7504
[100, 100] Train Error: 0.0064 | Train Perf: 0.8943 | Eval Error: 0.0146 | Eval Perf: 0.7576
