NETWORK SUMMARY
---------------
Input Layer shape: (1, 180)
Hidden Layer shape: (181, 2)
Output layer shape: (3, 1)
Total parameters: 365

[1, 100] Train Error: 0.0204 | Train Perf: 0.2283 | Eval Error: 0.0215 | Eval Perf: 0.2379
[2, 100] Train Error: 0.0198 | Train Perf: 0.0096 | Eval Error: 0.0209 | Eval Perf: 0.4518
[3, 100] Train Error: 0.0188 | Train Perf: 0.2813 | Eval Error: 0.0214 | Eval Perf: 0.4807
[4, 100] Train Error: 0.018 | Train Perf: 0.3939 | Eval Error: 0.0193 | Eval Perf: 0.5949
[5, 100] Train Error: 0.0165 | Train Perf: 0.5266 | Eval Error: 0.0182 | Eval Perf: 0.6192
[6, 100] Train Error: 0.0148 | Train Perf: 0.6164 | Eval Error: 0.0172 | Eval Perf: 0.6113
[7, 100] Train Error: 0.0129 | Train Perf: 0.7281 | Eval Error: 0.0157 | Eval Perf: 0.6177
[8, 100] Train Error: 0.0113 | Train Perf: 0.7572 | Eval Error: 0.0147 | Eval Perf: 0.6225
[9, 100] Train Error: 0.0097 | Train Perf: 0.7841 | Eval Error: 0.0144 | Eval Perf: 0.6247
[10, 100] Train Error: 0.0085 | Train Perf: 0.8079 | Eval Error: 0.0133 | Eval Perf: 0.6447
[11, 100] Train Error: 0.0073 | Train Perf: 0.8367 | Eval Error: 0.0133 | Eval Perf: 0.6523
[12, 100] Train Error: 0.0064 | Train Perf: 0.8562 | Eval Error: 0.0124 | Eval Perf: 0.6597
[13, 100] Train Error: 0.0061 | Train Perf: 0.8546 | Eval Error: 0.0127 | Eval Perf: 0.6723
[14, 100] Train Error: 0.0052 | Train Perf: 0.8729 | Eval Error: 0.012 | Eval Perf: 0.6842
[15, 100] Train Error: 0.0049 | Train Perf: 0.8829 | Eval Error: 0.012 | Eval Perf: 0.6783
[16, 100] Train Error: 0.0048 | Train Perf: 0.8757 | Eval Error: 0.0116 | Eval Perf: 0.693
[17, 100] Train Error: 0.0043 | Train Perf: 0.8952 | Eval Error: 0.0114 | Eval Perf: 0.6956
[18, 100] Train Error: 0.0039 | Train Perf: 0.9037 | Eval Error: 0.0116 | Eval Perf: 0.6982
[19, 100] Train Error: 0.0037 | Train Perf: 0.908 | Eval Error: 0.0116 | Eval Perf: 0.7097
[20, 100] Train Error: 0.0038 | Train Perf: 0.9054 | Eval Error: 0.0107 | Eval Perf: 0.7117
[21, 100] Train Error: 0.0035 | Train Perf: 0.9115 | Eval Error: 0.0111 | Eval Perf: 0.7188
[22, 100] Train Error: 0.0034 | Train Perf: 0.9145 | Eval Error: 0.0114 | Eval Perf: 0.7214
[23, 100] Train Error: 0.003 | Train Perf: 0.9234 | Eval Error: 0.011 | Eval Perf: 0.7255
[24, 100] Train Error: 0.0029 | Train Perf: 0.9249 | Eval Error: 0.0105 | Eval Perf: 0.7219
[25, 100] Train Error: 0.0028 | Train Perf: 0.9294 | Eval Error: 0.0129 | Eval Perf: 0.7252
[26, 100] Train Error: 0.0027 | Train Perf: 0.9311 | Eval Error: 0.0106 | Eval Perf: 0.7311
[27, 100] Train Error: 0.0027 | Train Perf: 0.9312 | Eval Error: 0.0106 | Eval Perf: 0.7232
[28, 100] Train Error: 0.0024 | Train Perf: 0.9393 | Eval Error: 0.0109 | Eval Perf: 0.722
[29, 100] Train Error: 0.0024 | Train Perf: 0.9382 | Eval Error: 0.0116 | Eval Perf: 0.7275
[30, 100] Train Error: 0.0022 | Train Perf: 0.9445 | Eval Error: 0.0112 | Eval Perf: 0.7195
[31, 100] Train Error: 0.0023 | Train Perf: 0.9429 | Eval Error: 0.0112 | Eval Perf: 0.7233
[32, 100] Train Error: 0.002 | Train Perf: 0.951 | Eval Error: 0.0118 | Eval Perf: 0.7334
[33, 100] Train Error: 0.0022 | Train Perf: 0.943 | Eval Error: 0.0109 | Eval Perf: 0.727
[34, 100] Train Error: 0.0021 | Train Perf: 0.9471 | Eval Error: 0.011 | Eval Perf: 0.7344
[35, 100] Train Error: 0.002 | Train Perf: 0.9498 | Eval Error: 0.0111 | Eval Perf: 0.7306
[36, 100] Train Error: 0.0018 | Train Perf: 0.954 | Eval Error: 0.0108 | Eval Perf: 0.7364
[37, 100] Train Error: 0.0018 | Train Perf: 0.954 | Eval Error: 0.0117 | Eval Perf: 0.7251
[38, 100] Train Error: 0.0018 | Train Perf: 0.956 | Eval Error: 0.0105 | Eval Perf: 0.7277
[39, 100] Train Error: 0.0017 | Train Perf: 0.9572 | Eval Error: 0.0112 | Eval Perf: 0.7324
[40, 100] Train Error: 0.0017 | Train Perf: 0.9581 | Eval Error: 0.0108 | Eval Perf: 0.7296
[41, 100] Train Error: 0.0015 | Train Perf: 0.9618 | Eval Error: 0.0104 | Eval Perf: 0.7337
[42, 100] Train Error: 0.0016 | Train Perf: 0.9606 | Eval Error: 0.0112 | Eval Perf: 0.7373
[43, 100] Train Error: 0.0015 | Train Perf: 0.9619 | Eval Error: 0.0116 | Eval Perf: 0.7397
[44, 100] Train Error: 0.0015 | Train Perf: 0.962 | Eval Error: 0.0107 | Eval Perf: 0.7385
[45, 100] Train Error: 0.0015 | Train Perf: 0.9646 | Eval Error: 0.0113 | Eval Perf: 0.7339
[46, 100] Train Error: 0.0014 | Train Perf: 0.965 | Eval Error: 0.0115 | Eval Perf: 0.7364
[47, 100] Train Error: 0.0014 | Train Perf: 0.9658 | Eval Error: 0.0107 | Eval Perf: 0.7385
[48, 100] Train Error: 0.0013 | Train Perf: 0.9671 | Eval Error: 0.0114 | Eval Perf: 0.7326
[49, 100] Train Error: 0.0012 | Train Perf: 0.9705 | Eval Error: 0.013 | Eval Perf: 0.739
[50, 100] Train Error: 0.0012 | Train Perf: 0.9703 | Eval Error: 0.0117 | Eval Perf: 0.7388
[51, 100] Train Error: 0.0013 | Train Perf: 0.9683 | Eval Error: 0.011 | Eval Perf: 0.7349
[52, 100] Train Error: 0.0013 | Train Perf: 0.9688 | Eval Error: 0.0113 | Eval Perf: 0.7337
[53, 100] Train Error: 0.0013 | Train Perf: 0.9687 | Eval Error: 0.0113 | Eval Perf: 0.736
[54, 100] Train Error: 0.0012 | Train Perf: 0.9712 | Eval Error: 0.0119 | Eval Perf: 0.7363
[55, 100] Train Error: 0.0012 | Train Perf: 0.9717 | Eval Error: 0.0138 | Eval Perf: 0.7381
[56, 100] Train Error: 0.0011 | Train Perf: 0.9731 | Eval Error: 0.0105 | Eval Perf: 0.7409
[57, 100] Train Error: 0.0011 | Train Perf: 0.9737 | Eval Error: 0.0113 | Eval Perf: 0.7311
[58, 100] Train Error: 0.0011 | Train Perf: 0.9727 | Eval Error: 0.0104 | Eval Perf: 0.7415
[59, 100] Train Error: 0.001 | Train Perf: 0.9743 | Eval Error: 0.0108 | Eval Perf: 0.7359
[60, 100] Train Error: 0.001 | Train Perf: 0.9759 | Eval Error: 0.0102 | Eval Perf: 0.745
[61, 100] Train Error: 0.001 | Train Perf: 0.975 | Eval Error: 0.0101 | Eval Perf: 0.7425
[62, 100] Train Error: 0.001 | Train Perf: 0.9747 | Eval Error: 0.0113 | Eval Perf: 0.7406
[63, 100] Train Error: 0.0009 | Train Perf: 0.9774 | Eval Error: 0.0112 | Eval Perf: 0.7443
[64, 100] Train Error: 0.001 | Train Perf: 0.9753 | Eval Error: 0.0105 | Eval Perf: 0.7444
[65, 100] Train Error: 0.0009 | Train Perf: 0.977 | Eval Error: 0.0104 | Eval Perf: 0.745
[66, 100] Train Error: 0.0009 | Train Perf: 0.9769 | Eval Error: 0.0106 | Eval Perf: 0.7405
[67, 100] Train Error: 0.0009 | Train Perf: 0.9784 | Eval Error: 0.0109 | Eval Perf: 0.7336
[68, 100] Train Error: 0.0009 | Train Perf: 0.9775 | Eval Error: 0.0116 | Eval Perf: 0.7394
[69, 100] Train Error: 0.0009 | Train Perf: 0.978 | Eval Error: 0.011 | Eval Perf: 0.7389
[70, 100] Train Error: 0.0008 | Train Perf: 0.9795 | Eval Error: 0.0109 | Eval Perf: 0.7349
[71, 100] Train Error: 0.0009 | Train Perf: 0.9781 | Eval Error: 0.013 | Eval Perf: 0.7373
[72, 100] Train Error: 0.0009 | Train Perf: 0.9778 | Eval Error: 0.0126 | Eval Perf: 0.7346
[73, 100] Train Error: 0.0008 | Train Perf: 0.9796 | Eval Error: 0.0109 | Eval Perf: 0.7382
[74, 100] Train Error: 0.0009 | Train Perf: 0.9783 | Eval Error: 0.0109 | Eval Perf: 0.7428
[75, 100] Train Error: 0.0009 | Train Perf: 0.9785 | Eval Error: 0.0105 | Eval Perf: 0.7385
[76, 100] Train Error: 0.0008 | Train Perf: 0.9814 | Eval Error: 0.0117 | Eval Perf: 0.7394
[77, 100] Train Error: 0.0007 | Train Perf: 0.9823 | Eval Error: 0.0106 | Eval Perf: 0.735
[78, 100] Train Error: 0.0007 | Train Perf: 0.982 | Eval Error: 0.0113 | Eval Perf: 0.7364
[79, 100] Train Error: 0.0007 | Train Perf: 0.9824 | Eval Error: 0.0115 | Eval Perf: 0.7364
[80, 100] Train Error: 0.0008 | Train Perf: 0.9804 | Eval Error: 0.0112 | Eval Perf: 0.7417
[81, 100] Train Error: 0.0008 | Train Perf: 0.9811 | Eval Error: 0.0109 | Eval Perf: 0.7468
[82, 100] Train Error: 0.0007 | Train Perf: 0.9827 | Eval Error: 0.0115 | Eval Perf: 0.7378
[83, 100] Train Error: 0.0008 | Train Perf: 0.9811 | Eval Error: 0.0109 | Eval Perf: 0.7461
[84, 100] Train Error: 0.0007 | Train Perf: 0.9826 | Eval Error: 0.0103 | Eval Perf: 0.741
[85, 100] Train Error: 0.0007 | Train Perf: 0.9825 | Eval Error: 0.0114 | Eval Perf: 0.7433
[86, 100] Train Error: 0.0007 | Train Perf: 0.9814 | Eval Error: 0.0109 | Eval Perf: 0.7407
[87, 100] Train Error: 0.0007 | Train Perf: 0.9838 | Eval Error: 0.0105 | Eval Perf: 0.7444
[88, 100] Train Error: 0.0007 | Train Perf: 0.9823 | Eval Error: 0.0109 | Eval Perf: 0.7433
[89, 100] Train Error: 0.0007 | Train Perf: 0.9833 | Eval Error: 0.0105 | Eval Perf: 0.7458
[90, 100] Train Error: 0.0007 | Train Perf: 0.9836 | Eval Error: 0.0109 | Eval Perf: 0.7459
[91, 100] Train Error: 0.0006 | Train Perf: 0.9843 | Eval Error: 0.0116 | Eval Perf: 0.7456
[92, 100] Train Error: 0.0007 | Train Perf: 0.9835 | Eval Error: 0.011 | Eval Perf: 0.7424
[93, 100] Train Error: 0.0006 | Train Perf: 0.9843 | Eval Error: 0.0112 | Eval Perf: 0.7442
[94, 100] Train Error: 0.0006 | Train Perf: 0.9843 | Eval Error: 0.0106 | Eval Perf: 0.7465
[95, 100] Train Error: 0.0006 | Train Perf: 0.9849 | Eval Error: 0.0109 | Eval Perf: 0.7406
[96, 100] Train Error: 0.0006 | Train Perf: 0.9862 | Eval Error: 0.0109 | Eval Perf: 0.7433
[97, 100] Train Error: 0.0006 | Train Perf: 0.9856 | Eval Error: 0.0113 | Eval Perf: 0.7419
[98, 100] Train Error: 0.0006 | Train Perf: 0.9851 | Eval Error: 0.0111 | Eval Perf: 0.7426
[99, 100] Train Error: 0.0006 | Train Perf: 0.9855 | Eval Error: 0.011 | Eval Perf: 0.7423
[100, 100] Train Error: 0.0006 | Train Perf: 0.9849 | Eval Error: 0.0111 | Eval Perf: 0.744
