NETWORK SUMMARY
---------------
Input Layer shape: (1, 180)
Hidden Layer shape: (181, 2)
Output layer shape: (3, 1)
Total parameters: 365

[1, 100] Train Error: 0.0222 | Train Perf: 0.1694 | Eval Error: 0.016 | Eval Perf: 0.4976
[2, 100] Train Error: 0.0209 | Train Perf: 0.0543 | Eval Error: 0.0168 | Eval Perf: 0.571
[3, 100] Train Error: 0.0205 | Train Perf: 0.1467 | Eval Error: 0.0158 | Eval Perf: 0.589
[4, 100] Train Error: 0.0193 | Train Perf: 0.3369 | Eval Error: 0.0153 | Eval Perf: 0.6375
[5, 100] Train Error: 0.0182 | Train Perf: 0.4725 | Eval Error: 0.0135 | Eval Perf: 0.6445
[6, 100] Train Error: 0.0166 | Train Perf: 0.5725 | Eval Error: 0.0121 | Eval Perf: 0.6861
[7, 100] Train Error: 0.0144 | Train Perf: 0.6698 | Eval Error: 0.0122 | Eval Perf: 0.6751
[8, 100] Train Error: 0.0137 | Train Perf: 0.6777 | Eval Error: 0.0096 | Eval Perf: 0.7668
[9, 100] Train Error: 0.0116 | Train Perf: 0.7558 | Eval Error: 0.0096 | Eval Perf: 0.791
[10, 100] Train Error: 0.0104 | Train Perf: 0.7654 | Eval Error: 0.0075 | Eval Perf: 0.7932
[11, 100] Train Error: 0.0093 | Train Perf: 0.7909 | Eval Error: 0.0069 | Eval Perf: 0.7825
[12, 100] Train Error: 0.0083 | Train Perf: 0.8147 | Eval Error: 0.0061 | Eval Perf: 0.8086
[13, 100] Train Error: 0.0078 | Train Perf: 0.8139 | Eval Error: 0.0056 | Eval Perf: 0.821
[14, 100] Train Error: 0.0072 | Train Perf: 0.8301 | Eval Error: 0.0056 | Eval Perf: 0.8192
[15, 100] Train Error: 0.0064 | Train Perf: 0.8495 | Eval Error: 0.0053 | Eval Perf: 0.8265
[16, 100] Train Error: 0.006 | Train Perf: 0.856 | Eval Error: 0.0052 | Eval Perf: 0.847
[17, 100] Train Error: 0.0057 | Train Perf: 0.8633 | Eval Error: 0.0048 | Eval Perf: 0.8445
[18, 100] Train Error: 0.0054 | Train Perf: 0.8686 | Eval Error: 0.0051 | Eval Perf: 0.8336
[19, 100] Train Error: 0.0051 | Train Perf: 0.8791 | Eval Error: 0.0049 | Eval Perf: 0.8644
[20, 100] Train Error: 0.0047 | Train Perf: 0.8858 | Eval Error: 0.0047 | Eval Perf: 0.8651
[21, 100] Train Error: 0.0046 | Train Perf: 0.8886 | Eval Error: 0.0049 | Eval Perf: 0.8418
[22, 100] Train Error: 0.0045 | Train Perf: 0.8951 | Eval Error: 0.0061 | Eval Perf: 0.8689
[23, 100] Train Error: 0.0038 | Train Perf: 0.9109 | Eval Error: 0.005 | Eval Perf: 0.8684
[24, 100] Train Error: 0.0038 | Train Perf: 0.9082 | Eval Error: 0.0056 | Eval Perf: 0.8718
[25, 100] Train Error: 0.0038 | Train Perf: 0.9072 | Eval Error: 0.0049 | Eval Perf: 0.8451
[26, 100] Train Error: 0.0038 | Train Perf: 0.9074 | Eval Error: 0.0048 | Eval Perf: 0.8646
[27, 100] Train Error: 0.0035 | Train Perf: 0.9159 | Eval Error: 0.0049 | Eval Perf: 0.8686
[28, 100] Train Error: 0.0034 | Train Perf: 0.9192 | Eval Error: 0.0055 | Eval Perf: 0.8672
[29, 100] Train Error: 0.0031 | Train Perf: 0.9265 | Eval Error: 0.0049 | Eval Perf: 0.8491
[30, 100] Train Error: 0.0031 | Train Perf: 0.9263 | Eval Error: 0.0049 | Eval Perf: 0.848
[31, 100] Train Error: 0.0028 | Train Perf: 0.9338 | Eval Error: 0.0054 | Eval Perf: 0.8577
[32, 100] Train Error: 0.0026 | Train Perf: 0.9367 | Eval Error: 0.0049 | Eval Perf: 0.8482
[33, 100] Train Error: 0.0029 | Train Perf: 0.9301 | Eval Error: 0.0048 | Eval Perf: 0.8537
[34, 100] Train Error: 0.0026 | Train Perf: 0.938 | Eval Error: 0.0049 | Eval Perf: 0.8438
[35, 100] Train Error: 0.0026 | Train Perf: 0.9396 | Eval Error: 0.0064 | Eval Perf: 0.8522
[36, 100] Train Error: 0.0024 | Train Perf: 0.9431 | Eval Error: 0.0053 | Eval Perf: 0.845
[37, 100] Train Error: 0.0022 | Train Perf: 0.9488 | Eval Error: 0.0051 | Eval Perf: 0.8402
[38, 100] Train Error: 0.0022 | Train Perf: 0.9493 | Eval Error: 0.0051 | Eval Perf: 0.8398
[39, 100] Train Error: 0.0022 | Train Perf: 0.9487 | Eval Error: 0.0054 | Eval Perf: 0.8339
[40, 100] Train Error: 0.002 | Train Perf: 0.9522 | Eval Error: 0.0057 | Eval Perf: 0.8218
[41, 100] Train Error: 0.0019 | Train Perf: 0.9553 | Eval Error: 0.0101 | Eval Perf: 0.8287
[42, 100] Train Error: 0.002 | Train Perf: 0.9543 | Eval Error: 0.0067 | Eval Perf: 0.8221
[43, 100] Train Error: 0.0019 | Train Perf: 0.9549 | Eval Error: 0.0066 | Eval Perf: 0.8167
[44, 100] Train Error: 0.0019 | Train Perf: 0.9553 | Eval Error: 0.0072 | Eval Perf: 0.8157
[45, 100] Train Error: 0.0018 | Train Perf: 0.9597 | Eval Error: 0.0063 | Eval Perf: 0.8091
[46, 100] Train Error: 0.0017 | Train Perf: 0.9595 | Eval Error: 0.007 | Eval Perf: 0.8063
[47, 100] Train Error: 0.0016 | Train Perf: 0.9641 | Eval Error: 0.0072 | Eval Perf: 0.7948
[48, 100] Train Error: 0.0017 | Train Perf: 0.9606 | Eval Error: 0.007 | Eval Perf: 0.7962
[49, 100] Train Error: 0.0015 | Train Perf: 0.9655 | Eval Error: 0.0068 | Eval Perf: 0.7901
[50, 100] Train Error: 0.0015 | Train Perf: 0.9639 | Eval Error: 0.0088 | Eval Perf: 0.7887
[51, 100] Train Error: 0.0014 | Train Perf: 0.967 | Eval Error: 0.0089 | Eval Perf: 0.785
[52, 100] Train Error: 0.0013 | Train Perf: 0.9715 | Eval Error: 0.0072 | Eval Perf: 0.788
[53, 100] Train Error: 0.0014 | Train Perf: 0.9674 | Eval Error: 0.0072 | Eval Perf: 0.7794
[54, 100] Train Error: 0.0013 | Train Perf: 0.9693 | Eval Error: 0.0073 | Eval Perf: 0.782
[55, 100] Train Error: 0.0013 | Train Perf: 0.9692 | Eval Error: 0.0076 | Eval Perf: 0.7776
[56, 100] Train Error: 0.0014 | Train Perf: 0.9671 | Eval Error: 0.0079 | Eval Perf: 0.7592
[57, 100] Train Error: 0.0012 | Train Perf: 0.9745 | Eval Error: 0.008 | Eval Perf: 0.7616
[58, 100] Train Error: 0.0012 | Train Perf: 0.973 | Eval Error: 0.0079 | Eval Perf: 0.7517
[59, 100] Train Error: 0.0012 | Train Perf: 0.9732 | Eval Error: 0.0083 | Eval Perf: 0.7568
[60, 100] Train Error: 0.0012 | Train Perf: 0.9738 | Eval Error: 0.0081 | Eval Perf: 0.7531
[61, 100] Train Error: 0.0011 | Train Perf: 0.9759 | Eval Error: 0.0086 | Eval Perf: 0.7516
[62, 100] Train Error: 0.0011 | Train Perf: 0.9763 | Eval Error: 0.009 | Eval Perf: 0.7479
[63, 100] Train Error: 0.0011 | Train Perf: 0.9739 | Eval Error: 0.0088 | Eval Perf: 0.734
[64, 100] Train Error: 0.001 | Train Perf: 0.9766 | Eval Error: 0.0088 | Eval Perf: 0.7272
[65, 100] Train Error: 0.0011 | Train Perf: 0.9765 | Eval Error: 0.009 | Eval Perf: 0.7318
[66, 100] Train Error: 0.001 | Train Perf: 0.976 | Eval Error: 0.0095 | Eval Perf: 0.729
[67, 100] Train Error: 0.0009 | Train Perf: 0.9785 | Eval Error: 0.0101 | Eval Perf: 0.7206
[68, 100] Train Error: 0.001 | Train Perf: 0.977 | Eval Error: 0.0096 | Eval Perf: 0.7093
[69, 100] Train Error: 0.0009 | Train Perf: 0.981 | Eval Error: 0.0101 | Eval Perf: 0.7272
[70, 100] Train Error: 0.0009 | Train Perf: 0.9805 | Eval Error: 0.0098 | Eval Perf: 0.7221
[71, 100] Train Error: 0.0009 | Train Perf: 0.9781 | Eval Error: 0.0098 | Eval Perf: 0.7077
[72, 100] Train Error: 0.0009 | Train Perf: 0.9803 | Eval Error: 0.0103 | Eval Perf: 0.7182
[73, 100] Train Error: 0.0008 | Train Perf: 0.9811 | Eval Error: 0.0104 | Eval Perf: 0.707
[74, 100] Train Error: 0.0009 | Train Perf: 0.9799 | Eval Error: 0.0106 | Eval Perf: 0.7055
[75, 100] Train Error: 0.0008 | Train Perf: 0.9822 | Eval Error: 0.0112 | Eval Perf: 0.6799
[76, 100] Train Error: 0.0009 | Train Perf: 0.98 | Eval Error: 0.0117 | Eval Perf: 0.6883
[77, 100] Train Error: 0.0008 | Train Perf: 0.9825 | Eval Error: 0.0108 | Eval Perf: 0.6877
[78, 100] Train Error: 0.0008 | Train Perf: 0.9815 | Eval Error: 0.0109 | Eval Perf: 0.6796
[79, 100] Train Error: 0.0007 | Train Perf: 0.9842 | Eval Error: 0.011 | Eval Perf: 0.6741
[80, 100] Train Error: 0.0007 | Train Perf: 0.9831 | Eval Error: 0.0109 | Eval Perf: 0.6818
[81, 100] Train Error: 0.0008 | Train Perf: 0.9821 | Eval Error: 0.0117 | Eval Perf: 0.6578
[82, 100] Train Error: 0.0008 | Train Perf: 0.9826 | Eval Error: 0.0118 | Eval Perf: 0.6675
[83, 100] Train Error: 0.0007 | Train Perf: 0.9834 | Eval Error: 0.0117 | Eval Perf: 0.6693
[84, 100] Train Error: 0.0007 | Train Perf: 0.983 | Eval Error: 0.012 | Eval Perf: 0.6606
[85, 100] Train Error: 0.0007 | Train Perf: 0.9835 | Eval Error: 0.0121 | Eval Perf: 0.6516
[86, 100] Train Error: 0.0007 | Train Perf: 0.9837 | Eval Error: 0.0127 | Eval Perf: 0.6491
[87, 100] Train Error: 0.0007 | Train Perf: 0.9852 | Eval Error: 0.0121 | Eval Perf: 0.6609
[88, 100] Train Error: 0.0007 | Train Perf: 0.9843 | Eval Error: 0.0121 | Eval Perf: 0.6536
[89, 100] Train Error: 0.0006 | Train Perf: 0.985 | Eval Error: 0.0123 | Eval Perf: 0.6497
[90, 100] Train Error: 0.0006 | Train Perf: 0.9859 | Eval Error: 0.0122 | Eval Perf: 0.6603
[91, 100] Train Error: 0.0007 | Train Perf: 0.9846 | Eval Error: 0.0129 | Eval Perf: 0.6513
[92, 100] Train Error: 0.0006 | Train Perf: 0.9849 | Eval Error: 0.0123 | Eval Perf: 0.6389
[93, 100] Train Error: 0.0007 | Train Perf: 0.985 | Eval Error: 0.0128 | Eval Perf: 0.6351
[94, 100] Train Error: 0.0006 | Train Perf: 0.9852 | Eval Error: 0.0131 | Eval Perf: 0.6411
[95, 100] Train Error: 0.0006 | Train Perf: 0.9852 | Eval Error: 0.0129 | Eval Perf: 0.6348
[96, 100] Train Error: 0.0006 | Train Perf: 0.9853 | Eval Error: 0.0134 | Eval Perf: 0.6363
[97, 100] Train Error: 0.0006 | Train Perf: 0.9856 | Eval Error: 0.0133 | Eval Perf: 0.6267
[98, 100] Train Error: 0.0006 | Train Perf: 0.9854 | Eval Error: 0.0132 | Eval Perf: 0.6323
[99, 100] Train Error: 0.0007 | Train Perf: 0.9846 | Eval Error: 0.0136 | Eval Perf: 0.6322
[100, 100] Train Error: 0.0006 | Train Perf: 0.9863 | Eval Error: 0.0134 | Eval Perf: 0.6252
