NETWORK SUMMARY
---------------
Input Layer shape: (1, 180)
Hidden Layer shape: (181, 3)
Output layer shape: (4, 1)
Total parameters: 547

[1, 100] Train Error: 0.0327 | Train Perf: 0.1912 | Eval Error: 0.0298 | Eval Perf: 0.4639
[2, 100] Train Error: 0.0222 | Train Perf: 0.6102 | Eval Error: 0.023 | Eval Perf: 0.5772
[3, 100] Train Error: 0.0157 | Train Perf: 0.7383 | Eval Error: 0.0213 | Eval Perf: 0.6369
[4, 100] Train Error: 0.0134 | Train Perf: 0.7784 | Eval Error: 0.022 | Eval Perf: 0.6297
[5, 100] Train Error: 0.0124 | Train Perf: 0.7959 | Eval Error: 0.019 | Eval Perf: 0.6738
[6, 100] Train Error: 0.0116 | Train Perf: 0.8109 | Eval Error: 0.0206 | Eval Perf: 0.6633
[7, 100] Train Error: 0.0115 | Train Perf: 0.8149 | Eval Error: 0.0194 | Eval Perf: 0.6642
[8, 100] Train Error: 0.0108 | Train Perf: 0.8258 | Eval Error: 0.0213 | Eval Perf: 0.6654
[9, 100] Train Error: 0.0107 | Train Perf: 0.829 | Eval Error: 0.0196 | Eval Perf: 0.6621
[10, 100] Train Error: 0.0103 | Train Perf: 0.8345 | Eval Error: 0.0188 | Eval Perf: 0.679
[11, 100] Train Error: 0.01 | Train Perf: 0.841 | Eval Error: 0.0197 | Eval Perf: 0.6848
[12, 100] Train Error: 0.0099 | Train Perf: 0.8418 | Eval Error: 0.0196 | Eval Perf: 0.6835
[13, 100] Train Error: 0.0097 | Train Perf: 0.8449 | Eval Error: 0.0195 | Eval Perf: 0.6695
[14, 100] Train Error: 0.0095 | Train Perf: 0.8489 | Eval Error: 0.0198 | Eval Perf: 0.6709
[15, 100] Train Error: 0.0093 | Train Perf: 0.8518 | Eval Error: 0.0206 | Eval Perf: 0.6567
[16, 100] Train Error: 0.0092 | Train Perf: 0.8542 | Eval Error: 0.0197 | Eval Perf: 0.6674
[17, 100] Train Error: 0.0089 | Train Perf: 0.8586 | Eval Error: 0.0198 | Eval Perf: 0.6708
[18, 100] Train Error: 0.0085 | Train Perf: 0.8663 | Eval Error: 0.0196 | Eval Perf: 0.668
[19, 100] Train Error: 0.0085 | Train Perf: 0.8665 | Eval Error: 0.02 | Eval Perf: 0.6615
[20, 100] Train Error: 0.0084 | Train Perf: 0.8678 | Eval Error: 0.02 | Eval Perf: 0.6624
[21, 100] Train Error: 0.0083 | Train Perf: 0.8697 | Eval Error: 0.0198 | Eval Perf: 0.6777
[22, 100] Train Error: 0.0079 | Train Perf: 0.8755 | Eval Error: 0.0196 | Eval Perf: 0.6709
[23, 100] Train Error: 0.008 | Train Perf: 0.8744 | Eval Error: 0.0199 | Eval Perf: 0.6672
[24, 100] Train Error: 0.0079 | Train Perf: 0.8759 | Eval Error: 0.0202 | Eval Perf: 0.6634
[25, 100] Train Error: 0.0076 | Train Perf: 0.8817 | Eval Error: 0.0201 | Eval Perf: 0.6645
[26, 100] Train Error: 0.0076 | Train Perf: 0.8819 | Eval Error: 0.0212 | Eval Perf: 0.6708
[27, 100] Train Error: 0.0073 | Train Perf: 0.8856 | Eval Error: 0.0204 | Eval Perf: 0.6653
[28, 100] Train Error: 0.0073 | Train Perf: 0.8869 | Eval Error: 0.0203 | Eval Perf: 0.6684
[29, 100] Train Error: 0.0071 | Train Perf: 0.8893 | Eval Error: 0.0201 | Eval Perf: 0.6704
[30, 100] Train Error: 0.007 | Train Perf: 0.8914 | Eval Error: 0.0204 | Eval Perf: 0.6631
[31, 100] Train Error: 0.0069 | Train Perf: 0.8921 | Eval Error: 0.0211 | Eval Perf: 0.6639
[32, 100] Train Error: 0.0065 | Train Perf: 0.8999 | Eval Error: 0.0207 | Eval Perf: 0.6691
[33, 100] Train Error: 0.0066 | Train Perf: 0.8979 | Eval Error: 0.021 | Eval Perf: 0.6635
[34, 100] Train Error: 0.0065 | Train Perf: 0.8993 | Eval Error: 0.0207 | Eval Perf: 0.6643
[35, 100] Train Error: 0.0065 | Train Perf: 0.8996 | Eval Error: 0.0209 | Eval Perf: 0.6609
[36, 100] Train Error: 0.0063 | Train Perf: 0.9026 | Eval Error: 0.0214 | Eval Perf: 0.6621
[37, 100] Train Error: 0.0062 | Train Perf: 0.9042 | Eval Error: 0.021 | Eval Perf: 0.6626
[38, 100] Train Error: 0.0061 | Train Perf: 0.9065 | Eval Error: 0.0215 | Eval Perf: 0.6621
[39, 100] Train Error: 0.0061 | Train Perf: 0.9066 | Eval Error: 0.0212 | Eval Perf: 0.6612
[40, 100] Train Error: 0.006 | Train Perf: 0.9088 | Eval Error: 0.0209 | Eval Perf: 0.6609
[41, 100] Train Error: 0.0058 | Train Perf: 0.9114 | Eval Error: 0.0223 | Eval Perf: 0.6543
[42, 100] Train Error: 0.0057 | Train Perf: 0.9122 | Eval Error: 0.0215 | Eval Perf: 0.6573
[43, 100] Train Error: 0.0056 | Train Perf: 0.9144 | Eval Error: 0.0215 | Eval Perf: 0.6579
[44, 100] Train Error: 0.0054 | Train Perf: 0.9178 | Eval Error: 0.0215 | Eval Perf: 0.6577
[45, 100] Train Error: 0.0055 | Train Perf: 0.9154 | Eval Error: 0.022 | Eval Perf: 0.6529
[46, 100] Train Error: 0.0052 | Train Perf: 0.9207 | Eval Error: 0.0219 | Eval Perf: 0.6552
[47, 100] Train Error: 0.0052 | Train Perf: 0.9213 | Eval Error: 0.0221 | Eval Perf: 0.6518
[48, 100] Train Error: 0.0051 | Train Perf: 0.9227 | Eval Error: 0.0221 | Eval Perf: 0.6535
[49, 100] Train Error: 0.0049 | Train Perf: 0.9254 | Eval Error: 0.0223 | Eval Perf: 0.6529
[50, 100] Train Error: 0.0048 | Train Perf: 0.9272 | Eval Error: 0.022 | Eval Perf: 0.6531
[51, 100] Train Error: 0.0047 | Train Perf: 0.928 | Eval Error: 0.0223 | Eval Perf: 0.6484
[52, 100] Train Error: 0.0045 | Train Perf: 0.9311 | Eval Error: 0.023 | Eval Perf: 0.6485
[53, 100] Train Error: 0.0045 | Train Perf: 0.9315 | Eval Error: 0.0229 | Eval Perf: 0.6477
[54, 100] Train Error: 0.0043 | Train Perf: 0.9348 | Eval Error: 0.0231 | Eval Perf: 0.6438
[55, 100] Train Error: 0.0043 | Train Perf: 0.9353 | Eval Error: 0.023 | Eval Perf: 0.6443
[56, 100] Train Error: 0.0043 | Train Perf: 0.9354 | Eval Error: 0.0231 | Eval Perf: 0.6457
[57, 100] Train Error: 0.0041 | Train Perf: 0.9386 | Eval Error: 0.0229 | Eval Perf: 0.6483
[58, 100] Train Error: 0.004 | Train Perf: 0.94 | Eval Error: 0.0235 | Eval Perf: 0.6432
[59, 100] Train Error: 0.004 | Train Perf: 0.9401 | Eval Error: 0.0235 | Eval Perf: 0.6438
[60, 100] Train Error: 0.0039 | Train Perf: 0.9414 | Eval Error: 0.0234 | Eval Perf: 0.6447
[61, 100] Train Error: 0.0037 | Train Perf: 0.9436 | Eval Error: 0.0237 | Eval Perf: 0.6446
[62, 100] Train Error: 0.0037 | Train Perf: 0.9444 | Eval Error: 0.0237 | Eval Perf: 0.6386
[63, 100] Train Error: 0.0036 | Train Perf: 0.9456 | Eval Error: 0.0242 | Eval Perf: 0.6386
[64, 100] Train Error: 0.0035 | Train Perf: 0.9471 | Eval Error: 0.0241 | Eval Perf: 0.6433
[65, 100] Train Error: 0.0035 | Train Perf: 0.9476 | Eval Error: 0.0247 | Eval Perf: 0.6371
[66, 100] Train Error: 0.0034 | Train Perf: 0.9496 | Eval Error: 0.0244 | Eval Perf: 0.6393
[67, 100] Train Error: 0.0034 | Train Perf: 0.949 | Eval Error: 0.0248 | Eval Perf: 0.6314
[68, 100] Train Error: 0.0033 | Train Perf: 0.95 | Eval Error: 0.0248 | Eval Perf: 0.6324
[69, 100] Train Error: 0.0032 | Train Perf: 0.9528 | Eval Error: 0.0252 | Eval Perf: 0.6294
[70, 100] Train Error: 0.0031 | Train Perf: 0.9536 | Eval Error: 0.0247 | Eval Perf: 0.635
[71, 100] Train Error: 0.0031 | Train Perf: 0.954 | Eval Error: 0.0257 | Eval Perf: 0.6246
[72, 100] Train Error: 0.0031 | Train Perf: 0.9537 | Eval Error: 0.0255 | Eval Perf: 0.6271
[73, 100] Train Error: 0.0029 | Train Perf: 0.9573 | Eval Error: 0.0259 | Eval Perf: 0.6219
[74, 100] Train Error: 0.0029 | Train Perf: 0.9568 | Eval Error: 0.0257 | Eval Perf: 0.6222
[75, 100] Train Error: 0.0028 | Train Perf: 0.9581 | Eval Error: 0.0255 | Eval Perf: 0.6275
[76, 100] Train Error: 0.0027 | Train Perf: 0.9593 | Eval Error: 0.0262 | Eval Perf: 0.6199
[77, 100] Train Error: 0.0027 | Train Perf: 0.9602 | Eval Error: 0.0259 | Eval Perf: 0.6217
[78, 100] Train Error: 0.0026 | Train Perf: 0.9611 | Eval Error: 0.0263 | Eval Perf: 0.6146
[79, 100] Train Error: 0.0025 | Train Perf: 0.9623 | Eval Error: 0.0266 | Eval Perf: 0.6142
[80, 100] Train Error: 0.0025 | Train Perf: 0.9622 | Eval Error: 0.0262 | Eval Perf: 0.6163
[81, 100] Train Error: 0.0025 | Train Perf: 0.9632 | Eval Error: 0.0268 | Eval Perf: 0.6121
[82, 100] Train Error: 0.0024 | Train Perf: 0.9647 | Eval Error: 0.0268 | Eval Perf: 0.613
[83, 100] Train Error: 0.0023 | Train Perf: 0.9659 | Eval Error: 0.0272 | Eval Perf: 0.6149
[84, 100] Train Error: 0.0023 | Train Perf: 0.9654 | Eval Error: 0.0272 | Eval Perf: 0.608
[85, 100] Train Error: 0.0023 | Train Perf: 0.9668 | Eval Error: 0.0276 | Eval Perf: 0.6078
[86, 100] Train Error: 0.0022 | Train Perf: 0.9674 | Eval Error: 0.0271 | Eval Perf: 0.6112
[87, 100] Train Error: 0.0021 | Train Perf: 0.9686 | Eval Error: 0.0276 | Eval Perf: 0.6064
[88, 100] Train Error: 0.0021 | Train Perf: 0.9686 | Eval Error: 0.0276 | Eval Perf: 0.6108
[89, 100] Train Error: 0.0021 | Train Perf: 0.969 | Eval Error: 0.0274 | Eval Perf: 0.6093
[90, 100] Train Error: 0.0021 | Train Perf: 0.9697 | Eval Error: 0.0281 | Eval Perf: 0.6079
[91, 100] Train Error: 0.002 | Train Perf: 0.9703 | Eval Error: 0.0277 | Eval Perf: 0.6085
[92, 100] Train Error: 0.002 | Train Perf: 0.9705 | Eval Error: 0.0275 | Eval Perf: 0.6095
[93, 100] Train Error: 0.002 | Train Perf: 0.971 | Eval Error: 0.0273 | Eval Perf: 0.6083
[94, 100] Train Error: 0.0019 | Train Perf: 0.9723 | Eval Error: 0.028 | Eval Perf: 0.6054
[95, 100] Train Error: 0.0019 | Train Perf: 0.9719 | Eval Error: 0.028 | Eval Perf: 0.6037
[96, 100] Train Error: 0.0018 | Train Perf: 0.9731 | Eval Error: 0.0281 | Eval Perf: 0.601
[97, 100] Train Error: 0.0018 | Train Perf: 0.9738 | Eval Error: 0.0277 | Eval Perf: 0.6099
[98, 100] Train Error: 0.0018 | Train Perf: 0.9739 | Eval Error: 0.0283 | Eval Perf: 0.6041
[99, 100] Train Error: 0.0018 | Train Perf: 0.9737 | Eval Error: 0.0286 | Eval Perf: 0.6023
[100, 100] Train Error: 0.0017 | Train Perf: 0.9752 | Eval Error: 0.0284 | Eval Perf: 0.601
