NETWORK SUMMARY
---------------
Input Layer shape: (1, 180)
Hidden Layer shape: (181, 5)
Output layer shape: (6, 1)
Total parameters: 911

[1, 100] Train Error: 0.0176 | Train Perf: -0.1758 | Eval Error: 0.0177 | Eval Perf: 0.1339
[2, 100] Train Error: 0.0165 | Train Perf: -0.0652 | Eval Error: 0.0175 | Eval Perf: 0.3182
[3, 100] Train Error: 0.0159 | Train Perf: 0.0684 | Eval Error: 0.0162 | Eval Perf: 0.4171
[4, 100] Train Error: 0.0158 | Train Perf: 0.0164 | Eval Error: 0.0157 | Eval Perf: 0.5034
[5, 100] Train Error: 0.0133 | Train Perf: 0.3967 | Eval Error: 0.0189 | Eval Perf: 0.5984
[6, 100] Train Error: 0.0142 | Train Perf: 0.3509 | Eval Error: 0.0144 | Eval Perf: 0.6231
[7, 100] Train Error: 0.0125 | Train Perf: 0.5254 | Eval Error: 0.0136 | Eval Perf: 0.7024
[8, 100] Train Error: 0.0108 | Train Perf: 0.637 | Eval Error: 0.0121 | Eval Perf: 0.723
[9, 100] Train Error: 0.0096 | Train Perf: 0.711 | Eval Error: 0.0112 | Eval Perf: 0.7355
[10, 100] Train Error: 0.008 | Train Perf: 0.751 | Eval Error: 0.0111 | Eval Perf: 0.7367
[11, 100] Train Error: 0.0069 | Train Perf: 0.7822 | Eval Error: 0.0098 | Eval Perf: 0.7331
[12, 100] Train Error: 0.0062 | Train Perf: 0.807 | Eval Error: 0.0104 | Eval Perf: 0.728
[13, 100] Train Error: 0.0056 | Train Perf: 0.8284 | Eval Error: 0.0105 | Eval Perf: 0.7298
[14, 100] Train Error: 0.0051 | Train Perf: 0.8343 | Eval Error: 0.0087 | Eval Perf: 0.7291
[15, 100] Train Error: 0.0047 | Train Perf: 0.8454 | Eval Error: 0.0089 | Eval Perf: 0.7336
[16, 100] Train Error: 0.0043 | Train Perf: 0.8563 | Eval Error: 0.0087 | Eval Perf: 0.73
[17, 100] Train Error: 0.004 | Train Perf: 0.8712 | Eval Error: 0.0085 | Eval Perf: 0.7261
[18, 100] Train Error: 0.0037 | Train Perf: 0.8805 | Eval Error: 0.0087 | Eval Perf: 0.7261
[19, 100] Train Error: 0.0035 | Train Perf: 0.8906 | Eval Error: 0.0084 | Eval Perf: 0.7175
[20, 100] Train Error: 0.0031 | Train Perf: 0.8996 | Eval Error: 0.0117 | Eval Perf: 0.7188
[21, 100] Train Error: 0.0031 | Train Perf: 0.899 | Eval Error: 0.0093 | Eval Perf: 0.7108
[22, 100] Train Error: 0.0025 | Train Perf: 0.918 | Eval Error: 0.0087 | Eval Perf: 0.7097
[23, 100] Train Error: 0.0023 | Train Perf: 0.93 | Eval Error: 0.0123 | Eval Perf: 0.7144
[24, 100] Train Error: 0.0024 | Train Perf: 0.9218 | Eval Error: 0.0093 | Eval Perf: 0.7094
[25, 100] Train Error: 0.0021 | Train Perf: 0.9313 | Eval Error: 0.0087 | Eval Perf: 0.7045
[26, 100] Train Error: 0.002 | Train Perf: 0.9363 | Eval Error: 0.0086 | Eval Perf: 0.7049
[27, 100] Train Error: 0.0018 | Train Perf: 0.9406 | Eval Error: 0.0089 | Eval Perf: 0.6977
[28, 100] Train Error: 0.0017 | Train Perf: 0.9469 | Eval Error: 0.0098 | Eval Perf: 0.702
[29, 100] Train Error: 0.0016 | Train Perf: 0.9491 | Eval Error: 0.0089 | Eval Perf: 0.6931
[30, 100] Train Error: 0.0015 | Train Perf: 0.9525 | Eval Error: 0.01 | Eval Perf: 0.6964
[31, 100] Train Error: 0.0014 | Train Perf: 0.9546 | Eval Error: 0.0094 | Eval Perf: 0.6837
[32, 100] Train Error: 0.0013 | Train Perf: 0.959 | Eval Error: 0.0104 | Eval Perf: 0.6838
[33, 100] Train Error: 0.0013 | Train Perf: 0.9596 | Eval Error: 0.0096 | Eval Perf: 0.6762
[34, 100] Train Error: 0.0011 | Train Perf: 0.9651 | Eval Error: 0.0102 | Eval Perf: 0.6761
[35, 100] Train Error: 0.001 | Train Perf: 0.9676 | Eval Error: 0.0098 | Eval Perf: 0.6671
[36, 100] Train Error: 0.001 | Train Perf: 0.9681 | Eval Error: 0.0098 | Eval Perf: 0.6617
[37, 100] Train Error: 0.0009 | Train Perf: 0.9711 | Eval Error: 0.0101 | Eval Perf: 0.659
[38, 100] Train Error: 0.0009 | Train Perf: 0.9718 | Eval Error: 0.0101 | Eval Perf: 0.6494
[39, 100] Train Error: 0.0009 | Train Perf: 0.9708 | Eval Error: 0.0108 | Eval Perf: 0.645
[40, 100] Train Error: 0.0008 | Train Perf: 0.9755 | Eval Error: 0.0103 | Eval Perf: 0.6239
[41, 100] Train Error: 0.0008 | Train Perf: 0.9764 | Eval Error: 0.0104 | Eval Perf: 0.6304
[42, 100] Train Error: 0.0008 | Train Perf: 0.9752 | Eval Error: 0.0113 | Eval Perf: 0.6327
[43, 100] Train Error: 0.0007 | Train Perf: 0.9779 | Eval Error: 0.0107 | Eval Perf: 0.6189
[44, 100] Train Error: 0.0007 | Train Perf: 0.9792 | Eval Error: 0.0108 | Eval Perf: 0.6112
[45, 100] Train Error: 0.0006 | Train Perf: 0.9805 | Eval Error: 0.0112 | Eval Perf: 0.6085
[46, 100] Train Error: 0.0006 | Train Perf: 0.9818 | Eval Error: 0.0119 | Eval Perf: 0.6104
[47, 100] Train Error: 0.0005 | Train Perf: 0.9831 | Eval Error: 0.0112 | Eval Perf: 0.5956
[48, 100] Train Error: 0.0006 | Train Perf: 0.9823 | Eval Error: 0.0115 | Eval Perf: 0.591
[49, 100] Train Error: 0.0005 | Train Perf: 0.983 | Eval Error: 0.0117 | Eval Perf: 0.5858
[50, 100] Train Error: 0.0005 | Train Perf: 0.9847 | Eval Error: 0.0116 | Eval Perf: 0.5757
[51, 100] Train Error: 0.0005 | Train Perf: 0.9858 | Eval Error: 0.0117 | Eval Perf: 0.5678
[52, 100] Train Error: 0.0004 | Train Perf: 0.9859 | Eval Error: 0.0119 | Eval Perf: 0.5607
[53, 100] Train Error: 0.0004 | Train Perf: 0.9863 | Eval Error: 0.0122 | Eval Perf: 0.5628
[54, 100] Train Error: 0.0005 | Train Perf: 0.985 | Eval Error: 0.0122 | Eval Perf: 0.5498
[55, 100] Train Error: 0.0004 | Train Perf: 0.9872 | Eval Error: 0.0124 | Eval Perf: 0.5526
[56, 100] Train Error: 0.0004 | Train Perf: 0.9872 | Eval Error: 0.0129 | Eval Perf: 0.5598
[57, 100] Train Error: 0.0004 | Train Perf: 0.9876 | Eval Error: 0.0127 | Eval Perf: 0.5446
[58, 100] Train Error: 0.0004 | Train Perf: 0.9874 | Eval Error: 0.0126 | Eval Perf: 0.5328
[59, 100] Train Error: 0.0004 | Train Perf: 0.9867 | Eval Error: 0.0128 | Eval Perf: 0.5275
[60, 100] Train Error: 0.0004 | Train Perf: 0.9882 | Eval Error: 0.0134 | Eval Perf: 0.5359
[61, 100] Train Error: 0.0004 | Train Perf: 0.9877 | Eval Error: 0.0131 | Eval Perf: 0.5184
[62, 100] Train Error: 0.0004 | Train Perf: 0.9885 | Eval Error: 0.0131 | Eval Perf: 0.5059
[63, 100] Train Error: 0.0003 | Train Perf: 0.989 | Eval Error: 0.0133 | Eval Perf: 0.5078
[64, 100] Train Error: 0.0003 | Train Perf: 0.9899 | Eval Error: 0.0135 | Eval Perf: 0.5127
[65, 100] Train Error: 0.0003 | Train Perf: 0.9898 | Eval Error: 0.0139 | Eval Perf: 0.5144
[66, 100] Train Error: 0.0003 | Train Perf: 0.99 | Eval Error: 0.0135 | Eval Perf: 0.5053
[67, 100] Train Error: 0.0003 | Train Perf: 0.9895 | Eval Error: 0.0135 | Eval Perf: 0.4928
[68, 100] Train Error: 0.0003 | Train Perf: 0.9906 | Eval Error: 0.0138 | Eval Perf: 0.4989
[69, 100] Train Error: 0.0003 | Train Perf: 0.9901 | Eval Error: 0.0139 | Eval Perf: 0.4935
[70, 100] Train Error: 0.0003 | Train Perf: 0.9903 | Eval Error: 0.014 | Eval Perf: 0.4908
[71, 100] Train Error: 0.0003 | Train Perf: 0.9906 | Eval Error: 0.0139 | Eval Perf: 0.4881
[72, 100] Train Error: 0.0003 | Train Perf: 0.9915 | Eval Error: 0.014 | Eval Perf: 0.4867
[73, 100] Train Error: 0.0003 | Train Perf: 0.9906 | Eval Error: 0.0141 | Eval Perf: 0.4813
[74, 100] Train Error: 0.0003 | Train Perf: 0.9908 | Eval Error: 0.0143 | Eval Perf: 0.4813
[75, 100] Train Error: 0.0003 | Train Perf: 0.991 | Eval Error: 0.0143 | Eval Perf: 0.4793
[76, 100] Train Error: 0.0003 | Train Perf: 0.9905 | Eval Error: 0.0144 | Eval Perf: 0.4744
[77, 100] Train Error: 0.0003 | Train Perf: 0.9911 | Eval Error: 0.0145 | Eval Perf: 0.4685
[78, 100] Train Error: 0.0003 | Train Perf: 0.9921 | Eval Error: 0.0146 | Eval Perf: 0.473
[79, 100] Train Error: 0.0003 | Train Perf: 0.9911 | Eval Error: 0.0146 | Eval Perf: 0.4687
[80, 100] Train Error: 0.0003 | Train Perf: 0.9914 | Eval Error: 0.0145 | Eval Perf: 0.4699
[81, 100] Train Error: 0.0003 | Train Perf: 0.9914 | Eval Error: 0.0145 | Eval Perf: 0.4702
[82, 100] Train Error: 0.0003 | Train Perf: 0.9915 | Eval Error: 0.0147 | Eval Perf: 0.4711
[83, 100] Train Error: 0.0002 | Train Perf: 0.9931 | Eval Error: 0.0188 | Eval Perf: 0.4948
[84, 100] Train Error: 0.0003 | Train Perf: 0.9901 | Eval Error: 0.0148 | Eval Perf: 0.4709
[85, 100] Train Error: 0.0003 | Train Perf: 0.9916 | Eval Error: 0.0148 | Eval Perf: 0.4687
[86, 100] Train Error: 0.0003 | Train Perf: 0.9917 | Eval Error: 0.0147 | Eval Perf: 0.4634
[87, 100] Train Error: 0.0003 | Train Perf: 0.9917 | Eval Error: 0.0148 | Eval Perf: 0.4656
[88, 100] Train Error: 0.0002 | Train Perf: 0.9922 | Eval Error: 0.0151 | Eval Perf: 0.4706
[89, 100] Train Error: 0.0002 | Train Perf: 0.9925 | Eval Error: 0.0148 | Eval Perf: 0.4659
[90, 100] Train Error: 0.0002 | Train Perf: 0.9923 | Eval Error: 0.0162 | Eval Perf: 0.4755
[91, 100] Train Error: 0.0002 | Train Perf: 0.992 | Eval Error: 0.0149 | Eval Perf: 0.4554
[92, 100] Train Error: 0.0002 | Train Perf: 0.9928 | Eval Error: 0.0148 | Eval Perf: 0.4567
[93, 100] Train Error: 0.0002 | Train Perf: 0.9921 | Eval Error: 0.0152 | Eval Perf: 0.463
[94, 100] Train Error: 0.0003 | Train Perf: 0.992 | Eval Error: 0.015 | Eval Perf: 0.4564
[95, 100] Train Error: 0.0002 | Train Perf: 0.9927 | Eval Error: 0.0152 | Eval Perf: 0.4637
[96, 100] Train Error: 0.0002 | Train Perf: 0.9924 | Eval Error: 0.0151 | Eval Perf: 0.457
[97, 100] Train Error: 0.0002 | Train Perf: 0.9921 | Eval Error: 0.0154 | Eval Perf: 0.4607
[98, 100] Train Error: 0.0002 | Train Perf: 0.9939 | Eval Error: 0.0191 | Eval Perf: 0.4816
[99, 100] Train Error: 0.0003 | Train Perf: 0.9915 | Eval Error: 0.0152 | Eval Perf: 0.4565
[100, 100] Train Error: 0.0002 | Train Perf: 0.9927 | Eval Error: 0.0151 | Eval Perf: 0.456
