NETWORK SUMMARY
---------------
Input Layer shape: (1, 180)
Hidden Layer shape: (181, 5)
Output layer shape: (6, 1)
Total parameters: 911

[1, 100] Train Error: 0.0334 | Train Perf: 0.4655 | Eval Error: 0.0221 | Eval Perf: 0.7287
[2, 100] Train Error: 0.0225 | Train Perf: 0.687 | Eval Error: 0.0199 | Eval Perf: 0.7502
[3, 100] Train Error: 0.0191 | Train Perf: 0.7429 | Eval Error: 0.0189 | Eval Perf: 0.7561
[4, 100] Train Error: 0.0176 | Train Perf: 0.7661 | Eval Error: 0.0176 | Eval Perf: 0.7685
[5, 100] Train Error: 0.0164 | Train Perf: 0.7845 | Eval Error: 0.0176 | Eval Perf: 0.7678
[6, 100] Train Error: 0.015 | Train Perf: 0.8051 | Eval Error: 0.0176 | Eval Perf: 0.7829
[7, 100] Train Error: 0.014 | Train Perf: 0.8197 | Eval Error: 0.0167 | Eval Perf: 0.7922
[8, 100] Train Error: 0.0137 | Train Perf: 0.8232 | Eval Error: 0.0157 | Eval Perf: 0.802
[9, 100] Train Error: 0.0128 | Train Perf: 0.8364 | Eval Error: 0.0162 | Eval Perf: 0.7933
[10, 100] Train Error: 0.0125 | Train Perf: 0.8411 | Eval Error: 0.0185 | Eval Perf: 0.7811
[11, 100] Train Error: 0.012 | Train Perf: 0.8478 | Eval Error: 0.0149 | Eval Perf: 0.8125
[12, 100] Train Error: 0.0114 | Train Perf: 0.8551 | Eval Error: 0.015 | Eval Perf: 0.8084
[13, 100] Train Error: 0.0114 | Train Perf: 0.8562 | Eval Error: 0.0189 | Eval Perf: 0.7988
[14, 100] Train Error: 0.011 | Train Perf: 0.8611 | Eval Error: 0.016 | Eval Perf: 0.7959
[15, 100] Train Error: 0.0102 | Train Perf: 0.8724 | Eval Error: 0.0186 | Eval Perf: 0.7852
[16, 100] Train Error: 0.0103 | Train Perf: 0.8708 | Eval Error: 0.0163 | Eval Perf: 0.7921
[17, 100] Train Error: 0.0094 | Train Perf: 0.8822 | Eval Error: 0.0169 | Eval Perf: 0.7889
[18, 100] Train Error: 0.0093 | Train Perf: 0.8842 | Eval Error: 0.0184 | Eval Perf: 0.7785
[19, 100] Train Error: 0.0093 | Train Perf: 0.8842 | Eval Error: 0.0167 | Eval Perf: 0.7914
[20, 100] Train Error: 0.0089 | Train Perf: 0.8894 | Eval Error: 0.0177 | Eval Perf: 0.7843
[21, 100] Train Error: 0.0088 | Train Perf: 0.8904 | Eval Error: 0.0176 | Eval Perf: 0.7814
[22, 100] Train Error: 0.0081 | Train Perf: 0.8995 | Eval Error: 0.018 | Eval Perf: 0.7741
[23, 100] Train Error: 0.0087 | Train Perf: 0.8924 | Eval Error: 0.0192 | Eval Perf: 0.7881
[24, 100] Train Error: 0.0081 | Train Perf: 0.9005 | Eval Error: 0.0179 | Eval Perf: 0.7748
[25, 100] Train Error: 0.0081 | Train Perf: 0.9004 | Eval Error: 0.0182 | Eval Perf: 0.7813
[26, 100] Train Error: 0.0077 | Train Perf: 0.9047 | Eval Error: 0.02 | Eval Perf: 0.7671
[27, 100] Train Error: 0.0075 | Train Perf: 0.9074 | Eval Error: 0.0189 | Eval Perf: 0.7711
[28, 100] Train Error: 0.0074 | Train Perf: 0.9096 | Eval Error: 0.0184 | Eval Perf: 0.7778
[29, 100] Train Error: 0.0071 | Train Perf: 0.9135 | Eval Error: 0.0189 | Eval Perf: 0.779
[30, 100] Train Error: 0.0069 | Train Perf: 0.9154 | Eval Error: 0.0205 | Eval Perf: 0.7699
[31, 100] Train Error: 0.0071 | Train Perf: 0.9129 | Eval Error: 0.0192 | Eval Perf: 0.779
[32, 100] Train Error: 0.0066 | Train Perf: 0.9187 | Eval Error: 0.0192 | Eval Perf: 0.7703
[33, 100] Train Error: 0.0067 | Train Perf: 0.9182 | Eval Error: 0.0181 | Eval Perf: 0.7812
[34, 100] Train Error: 0.0065 | Train Perf: 0.9201 | Eval Error: 0.0197 | Eval Perf: 0.7687
[35, 100] Train Error: 0.0066 | Train Perf: 0.9199 | Eval Error: 0.0212 | Eval Perf: 0.7691
[36, 100] Train Error: 0.0062 | Train Perf: 0.9243 | Eval Error: 0.021 | Eval Perf: 0.7706
[37, 100] Train Error: 0.0063 | Train Perf: 0.923 | Eval Error: 0.0225 | Eval Perf: 0.7514
[38, 100] Train Error: 0.0064 | Train Perf: 0.9224 | Eval Error: 0.0199 | Eval Perf: 0.7661
[39, 100] Train Error: 0.006 | Train Perf: 0.9268 | Eval Error: 0.0203 | Eval Perf: 0.7673
[40, 100] Train Error: 0.0059 | Train Perf: 0.9279 | Eval Error: 0.0203 | Eval Perf: 0.7639
[41, 100] Train Error: 0.0059 | Train Perf: 0.9276 | Eval Error: 0.0203 | Eval Perf: 0.7573
[42, 100] Train Error: 0.0058 | Train Perf: 0.9296 | Eval Error: 0.0208 | Eval Perf: 0.754
[43, 100] Train Error: 0.0058 | Train Perf: 0.9295 | Eval Error: 0.0207 | Eval Perf: 0.7523
[44, 100] Train Error: 0.0058 | Train Perf: 0.9294 | Eval Error: 0.021 | Eval Perf: 0.7537
[45, 100] Train Error: 0.0055 | Train Perf: 0.9338 | Eval Error: 0.0211 | Eval Perf: 0.7544
[46, 100] Train Error: 0.0056 | Train Perf: 0.9326 | Eval Error: 0.0216 | Eval Perf: 0.7534
[47, 100] Train Error: 0.0054 | Train Perf: 0.9348 | Eval Error: 0.0214 | Eval Perf: 0.7591
[48, 100] Train Error: 0.0053 | Train Perf: 0.9354 | Eval Error: 0.0221 | Eval Perf: 0.7424
[49, 100] Train Error: 0.0052 | Train Perf: 0.9368 | Eval Error: 0.0217 | Eval Perf: 0.7473
[50, 100] Train Error: 0.0053 | Train Perf: 0.9354 | Eval Error: 0.0222 | Eval Perf: 0.7447
[51, 100] Train Error: 0.0052 | Train Perf: 0.9366 | Eval Error: 0.0214 | Eval Perf: 0.7473
[52, 100] Train Error: 0.0051 | Train Perf: 0.9384 | Eval Error: 0.0259 | Eval Perf: 0.7458
[53, 100] Train Error: 0.0051 | Train Perf: 0.9378 | Eval Error: 0.0236 | Eval Perf: 0.7466
[54, 100] Train Error: 0.0049 | Train Perf: 0.9403 | Eval Error: 0.022 | Eval Perf: 0.7486
[55, 100] Train Error: 0.0049 | Train Perf: 0.941 | Eval Error: 0.0221 | Eval Perf: 0.7435
[56, 100] Train Error: 0.0051 | Train Perf: 0.9388 | Eval Error: 0.0219 | Eval Perf: 0.7428
[57, 100] Train Error: 0.005 | Train Perf: 0.9397 | Eval Error: 0.0233 | Eval Perf: 0.7374
[58, 100] Train Error: 0.0047 | Train Perf: 0.943 | Eval Error: 0.0228 | Eval Perf: 0.746
[59, 100] Train Error: 0.0047 | Train Perf: 0.9431 | Eval Error: 0.0229 | Eval Perf: 0.7393
[60, 100] Train Error: 0.0046 | Train Perf: 0.9447 | Eval Error: 0.0232 | Eval Perf: 0.7411
[61, 100] Train Error: 0.0045 | Train Perf: 0.9451 | Eval Error: 0.0232 | Eval Perf: 0.7339
[62, 100] Train Error: 0.0046 | Train Perf: 0.9448 | Eval Error: 0.0248 | Eval Perf: 0.7342
[63, 100] Train Error: 0.0044 | Train Perf: 0.9465 | Eval Error: 0.0229 | Eval Perf: 0.738
[64, 100] Train Error: 0.0045 | Train Perf: 0.9458 | Eval Error: 0.0227 | Eval Perf: 0.736
[65, 100] Train Error: 0.0044 | Train Perf: 0.9472 | Eval Error: 0.0231 | Eval Perf: 0.7369
[66, 100] Train Error: 0.0043 | Train Perf: 0.9476 | Eval Error: 0.023 | Eval Perf: 0.7347
[67, 100] Train Error: 0.0044 | Train Perf: 0.9473 | Eval Error: 0.0225 | Eval Perf: 0.734
[68, 100] Train Error: 0.0044 | Train Perf: 0.9469 | Eval Error: 0.0242 | Eval Perf: 0.7304
[69, 100] Train Error: 0.0042 | Train Perf: 0.9489 | Eval Error: 0.0236 | Eval Perf: 0.7283
[70, 100] Train Error: 0.0043 | Train Perf: 0.9485 | Eval Error: 0.0247 | Eval Perf: 0.7346
[71, 100] Train Error: 0.0041 | Train Perf: 0.9512 | Eval Error: 0.0244 | Eval Perf: 0.7248
[72, 100] Train Error: 0.0042 | Train Perf: 0.949 | Eval Error: 0.0246 | Eval Perf: 0.7182
[73, 100] Train Error: 0.0041 | Train Perf: 0.9506 | Eval Error: 0.0244 | Eval Perf: 0.7274
[74, 100] Train Error: 0.004 | Train Perf: 0.952 | Eval Error: 0.024 | Eval Perf: 0.7294
[75, 100] Train Error: 0.0041 | Train Perf: 0.9504 | Eval Error: 0.0242 | Eval Perf: 0.727
[76, 100] Train Error: 0.0041 | Train Perf: 0.9513 | Eval Error: 0.0244 | Eval Perf: 0.7197
[77, 100] Train Error: 0.0042 | Train Perf: 0.9494 | Eval Error: 0.0244 | Eval Perf: 0.7207
[78, 100] Train Error: 0.004 | Train Perf: 0.9519 | Eval Error: 0.0246 | Eval Perf: 0.7219
[79, 100] Train Error: 0.004 | Train Perf: 0.9518 | Eval Error: 0.0237 | Eval Perf: 0.7284
[80, 100] Train Error: 0.0039 | Train Perf: 0.9525 | Eval Error: 0.0244 | Eval Perf: 0.7228
[81, 100] Train Error: 0.0039 | Train Perf: 0.9534 | Eval Error: 0.0243 | Eval Perf: 0.7264
[82, 100] Train Error: 0.0039 | Train Perf: 0.9533 | Eval Error: 0.024 | Eval Perf: 0.7232
[83, 100] Train Error: 0.0039 | Train Perf: 0.9536 | Eval Error: 0.0238 | Eval Perf: 0.726
[84, 100] Train Error: 0.0039 | Train Perf: 0.9531 | Eval Error: 0.0247 | Eval Perf: 0.7198
[85, 100] Train Error: 0.0039 | Train Perf: 0.9535 | Eval Error: 0.0244 | Eval Perf: 0.7218
[86, 100] Train Error: 0.0037 | Train Perf: 0.955 | Eval Error: 0.0253 | Eval Perf: 0.7167
[87, 100] Train Error: 0.0038 | Train Perf: 0.9541 | Eval Error: 0.0241 | Eval Perf: 0.7222
[88, 100] Train Error: 0.0037 | Train Perf: 0.9556 | Eval Error: 0.0243 | Eval Perf: 0.7224
[89, 100] Train Error: 0.0037 | Train Perf: 0.9554 | Eval Error: 0.0247 | Eval Perf: 0.7229
[90, 100] Train Error: 0.0037 | Train Perf: 0.955 | Eval Error: 0.0243 | Eval Perf: 0.7214
[91, 100] Train Error: 0.0037 | Train Perf: 0.9559 | Eval Error: 0.0242 | Eval Perf: 0.7253
[92, 100] Train Error: 0.0037 | Train Perf: 0.9552 | Eval Error: 0.0247 | Eval Perf: 0.7222
[93, 100] Train Error: 0.0037 | Train Perf: 0.9559 | Eval Error: 0.0243 | Eval Perf: 0.7249
[94, 100] Train Error: 0.0036 | Train Perf: 0.9568 | Eval Error: 0.0251 | Eval Perf: 0.7202
[95, 100] Train Error: 0.0037 | Train Perf: 0.9562 | Eval Error: 0.0258 | Eval Perf: 0.7156
[96, 100] Train Error: 0.0036 | Train Perf: 0.9572 | Eval Error: 0.0245 | Eval Perf: 0.7208
[97, 100] Train Error: 0.0036 | Train Perf: 0.9569 | Eval Error: 0.0251 | Eval Perf: 0.7129
[98, 100] Train Error: 0.0035 | Train Perf: 0.958 | Eval Error: 0.0261 | Eval Perf: 0.7193
[99, 100] Train Error: 0.0035 | Train Perf: 0.958 | Eval Error: 0.0249 | Eval Perf: 0.7197
[100, 100] Train Error: 0.0034 | Train Perf: 0.9589 | Eval Error: 0.0247 | Eval Perf: 0.7238
