NETWORK SUMMARY
---------------
Input Layer shape: (1, 180)
Hidden Layer shape: (181, 3)
Output layer shape: (4, 1)
Total parameters: 547

[1, 100] Train Error: 0.0342 | Train Perf: 0.0593 | Eval Error: 0.0328 | Eval Perf: 0.3642
[2, 100] Train Error: 0.0299 | Train Perf: 0.4099 | Eval Error: 0.0292 | Eval Perf: 0.4696
[3, 100] Train Error: 0.0235 | Train Perf: 0.6234 | Eval Error: 0.0256 | Eval Perf: 0.5319
[4, 100] Train Error: 0.0183 | Train Perf: 0.7097 | Eval Error: 0.023 | Eval Perf: 0.5821
[5, 100] Train Error: 0.0152 | Train Perf: 0.7559 | Eval Error: 0.0207 | Eval Perf: 0.6267
[6, 100] Train Error: 0.0133 | Train Perf: 0.7861 | Eval Error: 0.0203 | Eval Perf: 0.6413
[7, 100] Train Error: 0.0123 | Train Perf: 0.8002 | Eval Error: 0.0199 | Eval Perf: 0.6452
[8, 100] Train Error: 0.0115 | Train Perf: 0.814 | Eval Error: 0.0201 | Eval Perf: 0.6595
[9, 100] Train Error: 0.011 | Train Perf: 0.8228 | Eval Error: 0.0193 | Eval Perf: 0.6616
[10, 100] Train Error: 0.0107 | Train Perf: 0.8281 | Eval Error: 0.0189 | Eval Perf: 0.67
[11, 100] Train Error: 0.0103 | Train Perf: 0.8343 | Eval Error: 0.0192 | Eval Perf: 0.6814
[12, 100] Train Error: 0.0101 | Train Perf: 0.8378 | Eval Error: 0.0196 | Eval Perf: 0.6844
[13, 100] Train Error: 0.0101 | Train Perf: 0.8378 | Eval Error: 0.0192 | Eval Perf: 0.6701
[14, 100] Train Error: 0.0099 | Train Perf: 0.8418 | Eval Error: 0.0191 | Eval Perf: 0.6743
[15, 100] Train Error: 0.0098 | Train Perf: 0.8441 | Eval Error: 0.0198 | Eval Perf: 0.6649
[16, 100] Train Error: 0.0097 | Train Perf: 0.8463 | Eval Error: 0.0194 | Eval Perf: 0.6771
[17, 100] Train Error: 0.0095 | Train Perf: 0.8484 | Eval Error: 0.019 | Eval Perf: 0.6783
[18, 100] Train Error: 0.0091 | Train Perf: 0.8554 | Eval Error: 0.0196 | Eval Perf: 0.672
[19, 100] Train Error: 0.0093 | Train Perf: 0.8525 | Eval Error: 0.0196 | Eval Perf: 0.6696
[20, 100] Train Error: 0.0093 | Train Perf: 0.8527 | Eval Error: 0.0194 | Eval Perf: 0.6718
[21, 100] Train Error: 0.0092 | Train Perf: 0.8539 | Eval Error: 0.0189 | Eval Perf: 0.689
[22, 100] Train Error: 0.0091 | Train Perf: 0.8565 | Eval Error: 0.0187 | Eval Perf: 0.6845
[23, 100] Train Error: 0.0091 | Train Perf: 0.8556 | Eval Error: 0.0189 | Eval Perf: 0.681
[24, 100] Train Error: 0.0091 | Train Perf: 0.8561 | Eval Error: 0.0189 | Eval Perf: 0.6814
[25, 100] Train Error: 0.0088 | Train Perf: 0.8612 | Eval Error: 0.019 | Eval Perf: 0.6803
[26, 100] Train Error: 0.0088 | Train Perf: 0.8603 | Eval Error: 0.0193 | Eval Perf: 0.6912
[27, 100] Train Error: 0.0087 | Train Perf: 0.8629 | Eval Error: 0.0192 | Eval Perf: 0.6874
[28, 100] Train Error: 0.0087 | Train Perf: 0.8633 | Eval Error: 0.0189 | Eval Perf: 0.686
[29, 100] Train Error: 0.0086 | Train Perf: 0.8647 | Eval Error: 0.0187 | Eval Perf: 0.6868
[30, 100] Train Error: 0.0085 | Train Perf: 0.8665 | Eval Error: 0.0191 | Eval Perf: 0.681
[31, 100] Train Error: 0.0085 | Train Perf: 0.8668 | Eval Error: 0.0191 | Eval Perf: 0.6884
[32, 100] Train Error: 0.0081 | Train Perf: 0.8722 | Eval Error: 0.019 | Eval Perf: 0.6931
[33, 100] Train Error: 0.0082 | Train Perf: 0.8718 | Eval Error: 0.0191 | Eval Perf: 0.6884
[34, 100] Train Error: 0.0081 | Train Perf: 0.872 | Eval Error: 0.0188 | Eval Perf: 0.6886
[35, 100] Train Error: 0.0081 | Train Perf: 0.8735 | Eval Error: 0.0189 | Eval Perf: 0.685
[36, 100] Train Error: 0.0079 | Train Perf: 0.8757 | Eval Error: 0.0196 | Eval Perf: 0.6913
[37, 100] Train Error: 0.0079 | Train Perf: 0.8761 | Eval Error: 0.0188 | Eval Perf: 0.6928
[38, 100] Train Error: 0.0077 | Train Perf: 0.879 | Eval Error: 0.0192 | Eval Perf: 0.692
[39, 100] Train Error: 0.0077 | Train Perf: 0.8789 | Eval Error: 0.0188 | Eval Perf: 0.6886
[40, 100] Train Error: 0.0076 | Train Perf: 0.8816 | Eval Error: 0.0188 | Eval Perf: 0.6866
[41, 100] Train Error: 0.0075 | Train Perf: 0.883 | Eval Error: 0.0194 | Eval Perf: 0.6883
[42, 100] Train Error: 0.0074 | Train Perf: 0.8838 | Eval Error: 0.0192 | Eval Perf: 0.689
[43, 100] Train Error: 0.0073 | Train Perf: 0.8858 | Eval Error: 0.0189 | Eval Perf: 0.6872
[44, 100] Train Error: 0.0072 | Train Perf: 0.8878 | Eval Error: 0.0188 | Eval Perf: 0.6881
[45, 100] Train Error: 0.0072 | Train Perf: 0.8873 | Eval Error: 0.0189 | Eval Perf: 0.6893
[46, 100] Train Error: 0.0071 | Train Perf: 0.8896 | Eval Error: 0.0189 | Eval Perf: 0.6888
[47, 100] Train Error: 0.007 | Train Perf: 0.8913 | Eval Error: 0.0191 | Eval Perf: 0.688
[48, 100] Train Error: 0.0069 | Train Perf: 0.8926 | Eval Error: 0.0192 | Eval Perf: 0.6835
[49, 100] Train Error: 0.0069 | Train Perf: 0.8932 | Eval Error: 0.0195 | Eval Perf: 0.687
[50, 100] Train Error: 0.0068 | Train Perf: 0.8941 | Eval Error: 0.0191 | Eval Perf: 0.6849
[51, 100] Train Error: 0.0067 | Train Perf: 0.8957 | Eval Error: 0.0194 | Eval Perf: 0.6812
[52, 100] Train Error: 0.0066 | Train Perf: 0.8976 | Eval Error: 0.0196 | Eval Perf: 0.6845
[53, 100] Train Error: 0.0067 | Train Perf: 0.8968 | Eval Error: 0.0199 | Eval Perf: 0.6821
[54, 100] Train Error: 0.0066 | Train Perf: 0.8983 | Eval Error: 0.0196 | Eval Perf: 0.6795
[55, 100] Train Error: 0.0065 | Train Perf: 0.8992 | Eval Error: 0.0198 | Eval Perf: 0.6803
[56, 100] Train Error: 0.0065 | Train Perf: 0.8994 | Eval Error: 0.0197 | Eval Perf: 0.6794
[57, 100] Train Error: 0.0063 | Train Perf: 0.9025 | Eval Error: 0.0197 | Eval Perf: 0.6805
[58, 100] Train Error: 0.0062 | Train Perf: 0.9044 | Eval Error: 0.0203 | Eval Perf: 0.6745
[59, 100] Train Error: 0.0063 | Train Perf: 0.9031 | Eval Error: 0.0199 | Eval Perf: 0.678
[60, 100] Train Error: 0.0062 | Train Perf: 0.9042 | Eval Error: 0.02 | Eval Perf: 0.6812
[61, 100] Train Error: 0.0061 | Train Perf: 0.9056 | Eval Error: 0.0199 | Eval Perf: 0.6831
[62, 100] Train Error: 0.0061 | Train Perf: 0.9053 | Eval Error: 0.0199 | Eval Perf: 0.6805
[63, 100] Train Error: 0.0061 | Train Perf: 0.9057 | Eval Error: 0.0204 | Eval Perf: 0.6786
[64, 100] Train Error: 0.006 | Train Perf: 0.9081 | Eval Error: 0.0198 | Eval Perf: 0.6817
[65, 100] Train Error: 0.006 | Train Perf: 0.9077 | Eval Error: 0.0201 | Eval Perf: 0.6814
[66, 100] Train Error: 0.0058 | Train Perf: 0.911 | Eval Error: 0.0202 | Eval Perf: 0.6847
[67, 100] Train Error: 0.0058 | Train Perf: 0.91 | Eval Error: 0.0201 | Eval Perf: 0.6805
[68, 100] Train Error: 0.0058 | Train Perf: 0.9113 | Eval Error: 0.02 | Eval Perf: 0.6792
[69, 100] Train Error: 0.0056 | Train Perf: 0.9136 | Eval Error: 0.0204 | Eval Perf: 0.6803
[70, 100] Train Error: 0.0056 | Train Perf: 0.9142 | Eval Error: 0.02 | Eval Perf: 0.6828
[71, 100] Train Error: 0.0056 | Train Perf: 0.9139 | Eval Error: 0.0202 | Eval Perf: 0.6771
[72, 100] Train Error: 0.0055 | Train Perf: 0.9152 | Eval Error: 0.0201 | Eval Perf: 0.6791
[73, 100] Train Error: 0.0054 | Train Perf: 0.9176 | Eval Error: 0.0205 | Eval Perf: 0.6747
[74, 100] Train Error: 0.0054 | Train Perf: 0.9178 | Eval Error: 0.0204 | Eval Perf: 0.6762
[75, 100] Train Error: 0.0054 | Train Perf: 0.9178 | Eval Error: 0.0203 | Eval Perf: 0.6793
[76, 100] Train Error: 0.0053 | Train Perf: 0.9191 | Eval Error: 0.0206 | Eval Perf: 0.6761
[77, 100] Train Error: 0.0052 | Train Perf: 0.9202 | Eval Error: 0.0208 | Eval Perf: 0.6754
[78, 100] Train Error: 0.0051 | Train Perf: 0.9215 | Eval Error: 0.0208 | Eval Perf: 0.6726
[79, 100] Train Error: 0.005 | Train Perf: 0.9242 | Eval Error: 0.0209 | Eval Perf: 0.6736
[80, 100] Train Error: 0.0051 | Train Perf: 0.9228 | Eval Error: 0.021 | Eval Perf: 0.6727
[81, 100] Train Error: 0.005 | Train Perf: 0.9235 | Eval Error: 0.0212 | Eval Perf: 0.6739
[82, 100] Train Error: 0.005 | Train Perf: 0.9243 | Eval Error: 0.0208 | Eval Perf: 0.6723
[83, 100] Train Error: 0.0049 | Train Perf: 0.9255 | Eval Error: 0.0212 | Eval Perf: 0.672
[84, 100] Train Error: 0.0049 | Train Perf: 0.9258 | Eval Error: 0.021 | Eval Perf: 0.6734
[85, 100] Train Error: 0.0048 | Train Perf: 0.9274 | Eval Error: 0.0212 | Eval Perf: 0.6708
[86, 100] Train Error: 0.0047 | Train Perf: 0.928 | Eval Error: 0.0211 | Eval Perf: 0.6731
[87, 100] Train Error: 0.0046 | Train Perf: 0.9294 | Eval Error: 0.0212 | Eval Perf: 0.6701
[88, 100] Train Error: 0.0046 | Train Perf: 0.9297 | Eval Error: 0.0212 | Eval Perf: 0.6732
[89, 100] Train Error: 0.0046 | Train Perf: 0.9303 | Eval Error: 0.0214 | Eval Perf: 0.6724
[90, 100] Train Error: 0.0045 | Train Perf: 0.9308 | Eval Error: 0.0212 | Eval Perf: 0.6715
[91, 100] Train Error: 0.0045 | Train Perf: 0.9318 | Eval Error: 0.0211 | Eval Perf: 0.6722
[92, 100] Train Error: 0.0044 | Train Perf: 0.933 | Eval Error: 0.0213 | Eval Perf: 0.6717
[93, 100] Train Error: 0.0044 | Train Perf: 0.9328 | Eval Error: 0.0216 | Eval Perf: 0.6708
[94, 100] Train Error: 0.0043 | Train Perf: 0.935 | Eval Error: 0.0212 | Eval Perf: 0.6727
[95, 100] Train Error: 0.0043 | Train Perf: 0.9349 | Eval Error: 0.0215 | Eval Perf: 0.6697
[96, 100] Train Error: 0.0043 | Train Perf: 0.935 | Eval Error: 0.0214 | Eval Perf: 0.6713
[97, 100] Train Error: 0.0042 | Train Perf: 0.936 | Eval Error: 0.0213 | Eval Perf: 0.674
[98, 100] Train Error: 0.0041 | Train Perf: 0.9378 | Eval Error: 0.0214 | Eval Perf: 0.6727
[99, 100] Train Error: 0.0041 | Train Perf: 0.9377 | Eval Error: 0.0216 | Eval Perf: 0.6726
[100, 100] Train Error: 0.004 | Train Perf: 0.939 | Eval Error: 0.0215 | Eval Perf: 0.6722
