NETWORK SUMMARY
---------------
Input Layer shape: (1, 180)
Hidden Layer shape: (181, 3)
Output layer shape: (4, 1)
Total parameters: 547

[1, 100] Train Error: 0.0245 | Train Perf: 0.0889 | Eval Error: 0.0225 | Eval Perf: 0.1121
[2, 100] Train Error: 0.0199 | Train Perf: 0.0641 | Eval Error: 0.0215 | Eval Perf: 0.1426
[3, 100] Train Error: 0.0194 | Train Perf: 0.1761 | Eval Error: 0.0213 | Eval Perf: 0.177
[4, 100] Train Error: 0.0192 | Train Perf: 0.2523 | Eval Error: 0.0212 | Eval Perf: 0.2093
[5, 100] Train Error: 0.0189 | Train Perf: 0.3143 | Eval Error: 0.0212 | Eval Perf: 0.2347
[6, 100] Train Error: 0.0188 | Train Perf: 0.3819 | Eval Error: 0.0211 | Eval Perf: 0.265
[7, 100] Train Error: 0.0186 | Train Perf: 0.4086 | Eval Error: 0.0209 | Eval Perf: 0.2929
[8, 100] Train Error: 0.0183 | Train Perf: 0.4669 | Eval Error: 0.0208 | Eval Perf: 0.3109
[9, 100] Train Error: 0.0181 | Train Perf: 0.4712 | Eval Error: 0.0207 | Eval Perf: 0.3326
[10, 100] Train Error: 0.0179 | Train Perf: 0.5024 | Eval Error: 0.0205 | Eval Perf: 0.3535
[11, 100] Train Error: 0.0176 | Train Perf: 0.5338 | Eval Error: 0.0204 | Eval Perf: 0.372
[12, 100] Train Error: 0.0174 | Train Perf: 0.5609 | Eval Error: 0.0202 | Eval Perf: 0.3884
[13, 100] Train Error: 0.0171 | Train Perf: 0.5712 | Eval Error: 0.02 | Eval Perf: 0.4086
[14, 100] Train Error: 0.0168 | Train Perf: 0.591 | Eval Error: 0.0198 | Eval Perf: 0.4278
[15, 100] Train Error: 0.0165 | Train Perf: 0.6324 | Eval Error: 0.0196 | Eval Perf: 0.4392
[16, 100] Train Error: 0.0162 | Train Perf: 0.6441 | Eval Error: 0.0194 | Eval Perf: 0.4517
[17, 100] Train Error: 0.0158 | Train Perf: 0.6733 | Eval Error: 0.0191 | Eval Perf: 0.4688
[18, 100] Train Error: 0.0155 | Train Perf: 0.676 | Eval Error: 0.0189 | Eval Perf: 0.4834
[19, 100] Train Error: 0.015 | Train Perf: 0.6996 | Eval Error: 0.0187 | Eval Perf: 0.4849
[20, 100] Train Error: 0.0148 | Train Perf: 0.7117 | Eval Error: 0.0185 | Eval Perf: 0.4949
[21, 100] Train Error: 0.0144 | Train Perf: 0.727 | Eval Error: 0.0182 | Eval Perf: 0.506
[22, 100] Train Error: 0.014 | Train Perf: 0.7536 | Eval Error: 0.0179 | Eval Perf: 0.5158
[23, 100] Train Error: 0.0136 | Train Perf: 0.7542 | Eval Error: 0.0177 | Eval Perf: 0.5265
[24, 100] Train Error: 0.0132 | Train Perf: 0.7721 | Eval Error: 0.0174 | Eval Perf: 0.5288
[25, 100] Train Error: 0.0128 | Train Perf: 0.7696 | Eval Error: 0.0171 | Eval Perf: 0.5371
[26, 100] Train Error: 0.0124 | Train Perf: 0.787 | Eval Error: 0.0169 | Eval Perf: 0.5442
[27, 100] Train Error: 0.012 | Train Perf: 0.7953 | Eval Error: 0.0167 | Eval Perf: 0.5488
[28, 100] Train Error: 0.0116 | Train Perf: 0.8007 | Eval Error: 0.0164 | Eval Perf: 0.5528
[29, 100] Train Error: 0.0112 | Train Perf: 0.8037 | Eval Error: 0.0162 | Eval Perf: 0.5598
[30, 100] Train Error: 0.0108 | Train Perf: 0.8156 | Eval Error: 0.016 | Eval Perf: 0.5618
[31, 100] Train Error: 0.0105 | Train Perf: 0.8178 | Eval Error: 0.0158 | Eval Perf: 0.5686
[32, 100] Train Error: 0.0102 | Train Perf: 0.8215 | Eval Error: 0.0156 | Eval Perf: 0.5736
[33, 100] Train Error: 0.0098 | Train Perf: 0.8289 | Eval Error: 0.0155 | Eval Perf: 0.5784
[34, 100] Train Error: 0.0095 | Train Perf: 0.8383 | Eval Error: 0.0152 | Eval Perf: 0.5817
[35, 100] Train Error: 0.0092 | Train Perf: 0.8384 | Eval Error: 0.015 | Eval Perf: 0.5861
[36, 100] Train Error: 0.0088 | Train Perf: 0.8398 | Eval Error: 0.0149 | Eval Perf: 0.591
[37, 100] Train Error: 0.0085 | Train Perf: 0.8469 | Eval Error: 0.0147 | Eval Perf: 0.5943
[38, 100] Train Error: 0.0083 | Train Perf: 0.8481 | Eval Error: 0.0147 | Eval Perf: 0.5989
[39, 100] Train Error: 0.008 | Train Perf: 0.852 | Eval Error: 0.0146 | Eval Perf: 0.6023
[40, 100] Train Error: 0.0078 | Train Perf: 0.8503 | Eval Error: 0.0143 | Eval Perf: 0.606
[41, 100] Train Error: 0.0074 | Train Perf: 0.859 | Eval Error: 0.014 | Eval Perf: 0.6085
[42, 100] Train Error: 0.0073 | Train Perf: 0.8609 | Eval Error: 0.014 | Eval Perf: 0.6142
[43, 100] Train Error: 0.0071 | Train Perf: 0.8591 | Eval Error: 0.0139 | Eval Perf: 0.6177
[44, 100] Train Error: 0.0069 | Train Perf: 0.866 | Eval Error: 0.0139 | Eval Perf: 0.6219
[45, 100] Train Error: 0.0067 | Train Perf: 0.8675 | Eval Error: 0.0135 | Eval Perf: 0.6239
[46, 100] Train Error: 0.0065 | Train Perf: 0.8679 | Eval Error: 0.0135 | Eval Perf: 0.6279
[47, 100] Train Error: 0.0063 | Train Perf: 0.8732 | Eval Error: 0.0135 | Eval Perf: 0.6319
[48, 100] Train Error: 0.0061 | Train Perf: 0.8758 | Eval Error: 0.0132 | Eval Perf: 0.6342
[49, 100] Train Error: 0.006 | Train Perf: 0.8783 | Eval Error: 0.0133 | Eval Perf: 0.6376
[50, 100] Train Error: 0.0058 | Train Perf: 0.8803 | Eval Error: 0.0131 | Eval Perf: 0.6397
[51, 100] Train Error: 0.0057 | Train Perf: 0.8827 | Eval Error: 0.0131 | Eval Perf: 0.6428
[52, 100] Train Error: 0.0055 | Train Perf: 0.8832 | Eval Error: 0.0129 | Eval Perf: 0.6452
[53, 100] Train Error: 0.0054 | Train Perf: 0.8864 | Eval Error: 0.0129 | Eval Perf: 0.6488
[54, 100] Train Error: 0.0052 | Train Perf: 0.888 | Eval Error: 0.0128 | Eval Perf: 0.6513
[55, 100] Train Error: 0.0051 | Train Perf: 0.89 | Eval Error: 0.0128 | Eval Perf: 0.6542
[56, 100] Train Error: 0.0049 | Train Perf: 0.8958 | Eval Error: 0.0125 | Eval Perf: 0.653
[57, 100] Train Error: 0.0049 | Train Perf: 0.8956 | Eval Error: 0.0128 | Eval Perf: 0.6584
[58, 100] Train Error: 0.0047 | Train Perf: 0.8969 | Eval Error: 0.0123 | Eval Perf: 0.6581
[59, 100] Train Error: 0.0046 | Train Perf: 0.8975 | Eval Error: 0.0126 | Eval Perf: 0.6635
[60, 100] Train Error: 0.0046 | Train Perf: 0.899 | Eval Error: 0.0127 | Eval Perf: 0.6665
[61, 100] Train Error: 0.0045 | Train Perf: 0.8992 | Eval Error: 0.0123 | Eval Perf: 0.667
[62, 100] Train Error: 0.0044 | Train Perf: 0.9013 | Eval Error: 0.0121 | Eval Perf: 0.6682
[63, 100] Train Error: 0.0043 | Train Perf: 0.9036 | Eval Error: 0.0123 | Eval Perf: 0.6719
[64, 100] Train Error: 0.0043 | Train Perf: 0.9041 | Eval Error: 0.0121 | Eval Perf: 0.6729
[65, 100] Train Error: 0.0042 | Train Perf: 0.9056 | Eval Error: 0.0121 | Eval Perf: 0.6751
[66, 100] Train Error: 0.0041 | Train Perf: 0.9078 | Eval Error: 0.0119 | Eval Perf: 0.6761
[67, 100] Train Error: 0.004 | Train Perf: 0.9102 | Eval Error: 0.0125 | Eval Perf: 0.6805
[68, 100] Train Error: 0.0039 | Train Perf: 0.9101 | Eval Error: 0.012 | Eval Perf: 0.681
[69, 100] Train Error: 0.0038 | Train Perf: 0.9136 | Eval Error: 0.0122 | Eval Perf: 0.6836
[70, 100] Train Error: 0.0038 | Train Perf: 0.9154 | Eval Error: 0.0118 | Eval Perf: 0.6829
[71, 100] Train Error: 0.0037 | Train Perf: 0.916 | Eval Error: 0.0122 | Eval Perf: 0.6864
[72, 100] Train Error: 0.0036 | Train Perf: 0.9175 | Eval Error: 0.0125 | Eval Perf: 0.6882
[73, 100] Train Error: 0.0036 | Train Perf: 0.9166 | Eval Error: 0.0118 | Eval Perf: 0.6877
[74, 100] Train Error: 0.0034 | Train Perf: 0.9219 | Eval Error: 0.0124 | Eval Perf: 0.6906
[75, 100] Train Error: 0.0035 | Train Perf: 0.9182 | Eval Error: 0.0117 | Eval Perf: 0.6894
[76, 100] Train Error: 0.0034 | Train Perf: 0.9214 | Eval Error: 0.0119 | Eval Perf: 0.6929
[77, 100] Train Error: 0.0034 | Train Perf: 0.9219 | Eval Error: 0.0121 | Eval Perf: 0.695
[78, 100] Train Error: 0.0033 | Train Perf: 0.922 | Eval Error: 0.0121 | Eval Perf: 0.696
[79, 100] Train Error: 0.0033 | Train Perf: 0.9236 | Eval Error: 0.0115 | Eval Perf: 0.695
[80, 100] Train Error: 0.0032 | Train Perf: 0.9254 | Eval Error: 0.0117 | Eval Perf: 0.6974
[81, 100] Train Error: 0.0032 | Train Perf: 0.9256 | Eval Error: 0.0119 | Eval Perf: 0.6987
[82, 100] Train Error: 0.0031 | Train Perf: 0.926 | Eval Error: 0.0119 | Eval Perf: 0.6998
[83, 100] Train Error: 0.0031 | Train Perf: 0.9277 | Eval Error: 0.0113 | Eval Perf: 0.6976
[84, 100] Train Error: 0.0031 | Train Perf: 0.9288 | Eval Error: 0.0117 | Eval Perf: 0.7009
[85, 100] Train Error: 0.003 | Train Perf: 0.9291 | Eval Error: 0.0115 | Eval Perf: 0.7004
[86, 100] Train Error: 0.003 | Train Perf: 0.9296 | Eval Error: 0.0115 | Eval Perf: 0.702
[87, 100] Train Error: 0.0029 | Train Perf: 0.9322 | Eval Error: 0.0112 | Eval Perf: 0.6997
[88, 100] Train Error: 0.0029 | Train Perf: 0.9316 | Eval Error: 0.0116 | Eval Perf: 0.7038
[89, 100] Train Error: 0.0028 | Train Perf: 0.9329 | Eval Error: 0.0114 | Eval Perf: 0.7035
[90, 100] Train Error: 0.0027 | Train Perf: 0.9354 | Eval Error: 0.0118 | Eval Perf: 0.7061
[91, 100] Train Error: 0.0027 | Train Perf: 0.9349 | Eval Error: 0.0113 | Eval Perf: 0.7039
[92, 100] Train Error: 0.0027 | Train Perf: 0.9365 | Eval Error: 0.0119 | Eval Perf: 0.7076
[93, 100] Train Error: 0.0027 | Train Perf: 0.935 | Eval Error: 0.0115 | Eval Perf: 0.707
[94, 100] Train Error: 0.0026 | Train Perf: 0.9375 | Eval Error: 0.0118 | Eval Perf: 0.7089
[95, 100] Train Error: 0.0026 | Train Perf: 0.9373 | Eval Error: 0.0116 | Eval Perf: 0.7098
[96, 100] Train Error: 0.0026 | Train Perf: 0.9389 | Eval Error: 0.0113 | Eval Perf: 0.7083
[97, 100] Train Error: 0.0026 | Train Perf: 0.9388 | Eval Error: 0.0114 | Eval Perf: 0.7103
[98, 100] Train Error: 0.0025 | Train Perf: 0.94 | Eval Error: 0.0114 | Eval Perf: 0.7112
[99, 100] Train Error: 0.0025 | Train Perf: 0.9404 | Eval Error: 0.0113 | Eval Perf: 0.7115
[100, 100] Train Error: 0.0025 | Train Perf: 0.9408 | Eval Error: 0.0112 | Eval Perf: 0.7116
