NETWORK SUMMARY
---------------
Input Layer shape: (1, 180)
Hidden Layer shape: (181, 3)
Output layer shape: (4, 1)
Total parameters: 547

[1, 100] Train Error: 0.0255 | Train Perf: 0.1125 | Eval Error: 0.0181 | Eval Perf: 0.1903
[2, 100] Train Error: 0.0212 | Train Perf: 0.0226 | Eval Error: 0.0167 | Eval Perf: 0.2571
[3, 100] Train Error: 0.0206 | Train Perf: 0.1796 | Eval Error: 0.0163 | Eval Perf: 0.2943
[4, 100] Train Error: 0.0204 | Train Perf: 0.2957 | Eval Error: 0.0163 | Eval Perf: 0.322
[5, 100] Train Error: 0.0202 | Train Perf: 0.2858 | Eval Error: 0.0163 | Eval Perf: 0.3455
[6, 100] Train Error: 0.0201 | Train Perf: 0.352 | Eval Error: 0.0161 | Eval Perf: 0.3648
[7, 100] Train Error: 0.0199 | Train Perf: 0.4161 | Eval Error: 0.0159 | Eval Perf: 0.3811
[8, 100] Train Error: 0.0196 | Train Perf: 0.4277 | Eval Error: 0.0158 | Eval Perf: 0.3969
[9, 100] Train Error: 0.0194 | Train Perf: 0.4867 | Eval Error: 0.0156 | Eval Perf: 0.4103
[10, 100] Train Error: 0.0192 | Train Perf: 0.524 | Eval Error: 0.0156 | Eval Perf: 0.4263
[11, 100] Train Error: 0.0189 | Train Perf: 0.5682 | Eval Error: 0.0154 | Eval Perf: 0.4372
[12, 100] Train Error: 0.0186 | Train Perf: 0.573 | Eval Error: 0.0152 | Eval Perf: 0.4497
[13, 100] Train Error: 0.0183 | Train Perf: 0.5775 | Eval Error: 0.0151 | Eval Perf: 0.4658
[14, 100] Train Error: 0.0181 | Train Perf: 0.6189 | Eval Error: 0.0149 | Eval Perf: 0.4806
[15, 100] Train Error: 0.0177 | Train Perf: 0.6292 | Eval Error: 0.0148 | Eval Perf: 0.4959
[16, 100] Train Error: 0.0174 | Train Perf: 0.6486 | Eval Error: 0.0146 | Eval Perf: 0.5108
[17, 100] Train Error: 0.0171 | Train Perf: 0.6803 | Eval Error: 0.0144 | Eval Perf: 0.5248
[18, 100] Train Error: 0.0167 | Train Perf: 0.6924 | Eval Error: 0.0141 | Eval Perf: 0.5283
[19, 100] Train Error: 0.0163 | Train Perf: 0.6949 | Eval Error: 0.0139 | Eval Perf: 0.5491
[20, 100] Train Error: 0.0159 | Train Perf: 0.7124 | Eval Error: 0.0136 | Eval Perf: 0.5529
[21, 100] Train Error: 0.0156 | Train Perf: 0.7054 | Eval Error: 0.0133 | Eval Perf: 0.5654
[22, 100] Train Error: 0.0153 | Train Perf: 0.7257 | Eval Error: 0.0132 | Eval Perf: 0.5878
[23, 100] Train Error: 0.0148 | Train Perf: 0.7296 | Eval Error: 0.013 | Eval Perf: 0.6082
[24, 100] Train Error: 0.0145 | Train Perf: 0.7377 | Eval Error: 0.0127 | Eval Perf: 0.6178
[25, 100] Train Error: 0.0141 | Train Perf: 0.7396 | Eval Error: 0.0124 | Eval Perf: 0.627
[26, 100] Train Error: 0.0138 | Train Perf: 0.7536 | Eval Error: 0.0121 | Eval Perf: 0.6351
[27, 100] Train Error: 0.0134 | Train Perf: 0.7527 | Eval Error: 0.0119 | Eval Perf: 0.6514
[28, 100] Train Error: 0.013 | Train Perf: 0.758 | Eval Error: 0.0116 | Eval Perf: 0.6625
[29, 100] Train Error: 0.0127 | Train Perf: 0.7691 | Eval Error: 0.0113 | Eval Perf: 0.6704
[30, 100] Train Error: 0.0123 | Train Perf: 0.7743 | Eval Error: 0.011 | Eval Perf: 0.6764
[31, 100] Train Error: 0.012 | Train Perf: 0.7809 | Eval Error: 0.0107 | Eval Perf: 0.6856
[32, 100] Train Error: 0.0116 | Train Perf: 0.7857 | Eval Error: 0.0105 | Eval Perf: 0.6995
[33, 100] Train Error: 0.0112 | Train Perf: 0.7959 | Eval Error: 0.0104 | Eval Perf: 0.7153
[34, 100] Train Error: 0.011 | Train Perf: 0.7902 | Eval Error: 0.01 | Eval Perf: 0.7157
[35, 100] Train Error: 0.0107 | Train Perf: 0.7954 | Eval Error: 0.0097 | Eval Perf: 0.7157
[36, 100] Train Error: 0.0104 | Train Perf: 0.8005 | Eval Error: 0.0094 | Eval Perf: 0.7206
[37, 100] Train Error: 0.0101 | Train Perf: 0.8013 | Eval Error: 0.0092 | Eval Perf: 0.7321
[38, 100] Train Error: 0.0099 | Train Perf: 0.8067 | Eval Error: 0.009 | Eval Perf: 0.7404
[39, 100] Train Error: 0.0096 | Train Perf: 0.8126 | Eval Error: 0.0088 | Eval Perf: 0.7464
[40, 100] Train Error: 0.0094 | Train Perf: 0.8143 | Eval Error: 0.0086 | Eval Perf: 0.7478
[41, 100] Train Error: 0.0091 | Train Perf: 0.8179 | Eval Error: 0.0084 | Eval Perf: 0.7527
[42, 100] Train Error: 0.0089 | Train Perf: 0.8218 | Eval Error: 0.0083 | Eval Perf: 0.7636
[43, 100] Train Error: 0.0086 | Train Perf: 0.8297 | Eval Error: 0.0082 | Eval Perf: 0.7723
[44, 100] Train Error: 0.0084 | Train Perf: 0.8284 | Eval Error: 0.0079 | Eval Perf: 0.7698
[45, 100] Train Error: 0.0083 | Train Perf: 0.8328 | Eval Error: 0.0077 | Eval Perf: 0.764
[46, 100] Train Error: 0.008 | Train Perf: 0.8371 | Eval Error: 0.0076 | Eval Perf: 0.7802
[47, 100] Train Error: 0.0077 | Train Perf: 0.847 | Eval Error: 0.0079 | Eval Perf: 0.7915
[48, 100] Train Error: 0.0078 | Train Perf: 0.8342 | Eval Error: 0.0073 | Eval Perf: 0.7865
[49, 100] Train Error: 0.0075 | Train Perf: 0.8446 | Eval Error: 0.0073 | Eval Perf: 0.793
[50, 100] Train Error: 0.0074 | Train Perf: 0.8427 | Eval Error: 0.007 | Eval Perf: 0.7843
[51, 100] Train Error: 0.0072 | Train Perf: 0.8471 | Eval Error: 0.0068 | Eval Perf: 0.7889
[52, 100] Train Error: 0.007 | Train Perf: 0.8509 | Eval Error: 0.0067 | Eval Perf: 0.7864
[53, 100] Train Error: 0.007 | Train Perf: 0.8531 | Eval Error: 0.0067 | Eval Perf: 0.8008
[54, 100] Train Error: 0.0069 | Train Perf: 0.8518 | Eval Error: 0.0065 | Eval Perf: 0.7985
[55, 100] Train Error: 0.0067 | Train Perf: 0.8547 | Eval Error: 0.0064 | Eval Perf: 0.7983
[56, 100] Train Error: 0.0066 | Train Perf: 0.8561 | Eval Error: 0.0063 | Eval Perf: 0.8043
[57, 100] Train Error: 0.0064 | Train Perf: 0.8605 | Eval Error: 0.0063 | Eval Perf: 0.7999
[58, 100] Train Error: 0.0063 | Train Perf: 0.8618 | Eval Error: 0.0062 | Eval Perf: 0.8118
[59, 100] Train Error: 0.0062 | Train Perf: 0.8644 | Eval Error: 0.0061 | Eval Perf: 0.8104
[60, 100] Train Error: 0.0061 | Train Perf: 0.866 | Eval Error: 0.006 | Eval Perf: 0.8059
[61, 100] Train Error: 0.006 | Train Perf: 0.8668 | Eval Error: 0.0059 | Eval Perf: 0.8141
[62, 100] Train Error: 0.0058 | Train Perf: 0.8707 | Eval Error: 0.006 | Eval Perf: 0.8057
[63, 100] Train Error: 0.0057 | Train Perf: 0.8743 | Eval Error: 0.0058 | Eval Perf: 0.814
[64, 100] Train Error: 0.0057 | Train Perf: 0.8733 | Eval Error: 0.0057 | Eval Perf: 0.818
[65, 100] Train Error: 0.0056 | Train Perf: 0.8748 | Eval Error: 0.0057 | Eval Perf: 0.822
[66, 100] Train Error: 0.0055 | Train Perf: 0.8768 | Eval Error: 0.0057 | Eval Perf: 0.8266
[67, 100] Train Error: 0.0054 | Train Perf: 0.8777 | Eval Error: 0.0056 | Eval Perf: 0.8209
[68, 100] Train Error: 0.0053 | Train Perf: 0.8796 | Eval Error: 0.0055 | Eval Perf: 0.8201
[69, 100] Train Error: 0.0052 | Train Perf: 0.8834 | Eval Error: 0.0056 | Eval Perf: 0.8332
[70, 100] Train Error: 0.0052 | Train Perf: 0.8846 | Eval Error: 0.0055 | Eval Perf: 0.8342
[71, 100] Train Error: 0.005 | Train Perf: 0.8872 | Eval Error: 0.0054 | Eval Perf: 0.8243
[72, 100] Train Error: 0.0051 | Train Perf: 0.8853 | Eval Error: 0.0053 | Eval Perf: 0.8282
[73, 100] Train Error: 0.0049 | Train Perf: 0.8894 | Eval Error: 0.0053 | Eval Perf: 0.8358
[74, 100] Train Error: 0.0049 | Train Perf: 0.889 | Eval Error: 0.0053 | Eval Perf: 0.8359
[75, 100] Train Error: 0.0048 | Train Perf: 0.8924 | Eval Error: 0.0053 | Eval Perf: 0.8391
[76, 100] Train Error: 0.0046 | Train Perf: 0.8966 | Eval Error: 0.0052 | Eval Perf: 0.8285
[77, 100] Train Error: 0.0046 | Train Perf: 0.8971 | Eval Error: 0.0053 | Eval Perf: 0.8259
[78, 100] Train Error: 0.0045 | Train Perf: 0.8991 | Eval Error: 0.0051 | Eval Perf: 0.8392
[79, 100] Train Error: 0.0046 | Train Perf: 0.8958 | Eval Error: 0.0051 | Eval Perf: 0.841
[80, 100] Train Error: 0.0045 | Train Perf: 0.8988 | Eval Error: 0.005 | Eval Perf: 0.84
[81, 100] Train Error: 0.0044 | Train Perf: 0.9019 | Eval Error: 0.0052 | Eval Perf: 0.8468
[82, 100] Train Error: 0.0043 | Train Perf: 0.9017 | Eval Error: 0.005 | Eval Perf: 0.8418
[83, 100] Train Error: 0.0043 | Train Perf: 0.9022 | Eval Error: 0.005 | Eval Perf: 0.8458
[84, 100] Train Error: 0.0041 | Train Perf: 0.9071 | Eval Error: 0.0054 | Eval Perf: 0.8509
[85, 100] Train Error: 0.0042 | Train Perf: 0.9056 | Eval Error: 0.005 | Eval Perf: 0.838
[86, 100] Train Error: 0.0041 | Train Perf: 0.9085 | Eval Error: 0.0052 | Eval Perf: 0.8508
[87, 100] Train Error: 0.0041 | Train Perf: 0.9088 | Eval Error: 0.0049 | Eval Perf: 0.8396
[88, 100] Train Error: 0.004 | Train Perf: 0.909 | Eval Error: 0.005 | Eval Perf: 0.8504
[89, 100] Train Error: 0.004 | Train Perf: 0.9085 | Eval Error: 0.0049 | Eval Perf: 0.8464
[90, 100] Train Error: 0.0039 | Train Perf: 0.9097 | Eval Error: 0.0048 | Eval Perf: 0.8462
[91, 100] Train Error: 0.0039 | Train Perf: 0.9124 | Eval Error: 0.0049 | Eval Perf: 0.8493
[92, 100] Train Error: 0.0038 | Train Perf: 0.9126 | Eval Error: 0.0049 | Eval Perf: 0.8495
[93, 100] Train Error: 0.0037 | Train Perf: 0.9141 | Eval Error: 0.0048 | Eval Perf: 0.8487
[94, 100] Train Error: 0.0037 | Train Perf: 0.9157 | Eval Error: 0.0049 | Eval Perf: 0.8519
[95, 100] Train Error: 0.0036 | Train Perf: 0.9174 | Eval Error: 0.005 | Eval Perf: 0.8535
[96, 100] Train Error: 0.0036 | Train Perf: 0.9165 | Eval Error: 0.0048 | Eval Perf: 0.8486
[97, 100] Train Error: 0.0036 | Train Perf: 0.9181 | Eval Error: 0.0048 | Eval Perf: 0.8462
[98, 100] Train Error: 0.0036 | Train Perf: 0.9181 | Eval Error: 0.0048 | Eval Perf: 0.8494
[99, 100] Train Error: 0.0035 | Train Perf: 0.9198 | Eval Error: 0.0047 | Eval Perf: 0.8493
[100, 100] Train Error: 0.0035 | Train Perf: 0.9209 | Eval Error: 0.0048 | Eval Perf: 0.851
