NETWORK SUMMARY
---------------
Input Layer shape: (1, 180)
Hidden Layer shape: (181, 3)
Output layer shape: (4, 1)
Total parameters: 547

[1, 100] Train Error: 0.0221 | Train Perf: 0.0567 | Eval Error: 0.0162 | Eval Perf: 0.3321
[2, 100] Train Error: 0.0206 | Train Perf: 0.1188 | Eval Error: 0.0159 | Eval Perf: 0.4428
[3, 100] Train Error: 0.0192 | Train Perf: 0.3268 | Eval Error: 0.0148 | Eval Perf: 0.4903
[4, 100] Train Error: 0.0175 | Train Perf: 0.6131 | Eval Error: 0.0167 | Eval Perf: 0.5995
[5, 100] Train Error: 0.0163 | Train Perf: 0.5586 | Eval Error: 0.0133 | Eval Perf: 0.6211
[6, 100] Train Error: 0.0146 | Train Perf: 0.655 | Eval Error: 0.0116 | Eval Perf: 0.6801
[7, 100] Train Error: 0.0128 | Train Perf: 0.716 | Eval Error: 0.0103 | Eval Perf: 0.714
[8, 100] Train Error: 0.0109 | Train Perf: 0.7537 | Eval Error: 0.0096 | Eval Perf: 0.7571
[9, 100] Train Error: 0.01 | Train Perf: 0.7761 | Eval Error: 0.0081 | Eval Perf: 0.7509
[10, 100] Train Error: 0.0089 | Train Perf: 0.7992 | Eval Error: 0.0074 | Eval Perf: 0.7792
[11, 100] Train Error: 0.008 | Train Perf: 0.817 | Eval Error: 0.0067 | Eval Perf: 0.7957
[12, 100] Train Error: 0.0075 | Train Perf: 0.821 | Eval Error: 0.0068 | Eval Perf: 0.7827
[13, 100] Train Error: 0.0064 | Train Perf: 0.8489 | Eval Error: 0.0063 | Eval Perf: 0.7982
[14, 100] Train Error: 0.0066 | Train Perf: 0.8388 | Eval Error: 0.0056 | Eval Perf: 0.8274
[15, 100] Train Error: 0.006 | Train Perf: 0.8541 | Eval Error: 0.0054 | Eval Perf: 0.8279
[16, 100] Train Error: 0.0057 | Train Perf: 0.8621 | Eval Error: 0.0053 | Eval Perf: 0.8431
[17, 100] Train Error: 0.0053 | Train Perf: 0.8731 | Eval Error: 0.0051 | Eval Perf: 0.839
[18, 100] Train Error: 0.0048 | Train Perf: 0.8825 | Eval Error: 0.0055 | Eval Perf: 0.8231
[19, 100] Train Error: 0.0047 | Train Perf: 0.8837 | Eval Error: 0.005 | Eval Perf: 0.8409
[20, 100] Train Error: 0.0043 | Train Perf: 0.894 | Eval Error: 0.0051 | Eval Perf: 0.8341
[21, 100] Train Error: 0.0041 | Train Perf: 0.9011 | Eval Error: 0.0047 | Eval Perf: 0.8485
[22, 100] Train Error: 0.0041 | Train Perf: 0.9033 | Eval Error: 0.0048 | Eval Perf: 0.8471
[23, 100] Train Error: 0.0039 | Train Perf: 0.9054 | Eval Error: 0.007 | Eval Perf: 0.8608
[24, 100] Train Error: 0.0039 | Train Perf: 0.9045 | Eval Error: 0.0049 | Eval Perf: 0.8494
[25, 100] Train Error: 0.0033 | Train Perf: 0.9231 | Eval Error: 0.0061 | Eval Perf: 0.8612
[26, 100] Train Error: 0.0034 | Train Perf: 0.9169 | Eval Error: 0.0054 | Eval Perf: 0.8353
[27, 100] Train Error: 0.0035 | Train Perf: 0.9162 | Eval Error: 0.0048 | Eval Perf: 0.8519
[28, 100] Train Error: 0.003 | Train Perf: 0.9285 | Eval Error: 0.0071 | Eval Perf: 0.8513
[29, 100] Train Error: 0.0031 | Train Perf: 0.9271 | Eval Error: 0.0053 | Eval Perf: 0.8344
[30, 100] Train Error: 0.0027 | Train Perf: 0.9355 | Eval Error: 0.005 | Eval Perf: 0.8512
[31, 100] Train Error: 0.0027 | Train Perf: 0.9368 | Eval Error: 0.0048 | Eval Perf: 0.8474
[32, 100] Train Error: 0.0028 | Train Perf: 0.9348 | Eval Error: 0.0058 | Eval Perf: 0.8479
[33, 100] Train Error: 0.0024 | Train Perf: 0.9436 | Eval Error: 0.0052 | Eval Perf: 0.8378
[34, 100] Train Error: 0.0025 | Train Perf: 0.94 | Eval Error: 0.0055 | Eval Perf: 0.8404
[35, 100] Train Error: 0.0022 | Train Perf: 0.9492 | Eval Error: 0.0053 | Eval Perf: 0.8344
[36, 100] Train Error: 0.0024 | Train Perf: 0.9444 | Eval Error: 0.0055 | Eval Perf: 0.8365
[37, 100] Train Error: 0.0023 | Train Perf: 0.9453 | Eval Error: 0.0053 | Eval Perf: 0.8332
[38, 100] Train Error: 0.002 | Train Perf: 0.9536 | Eval Error: 0.0055 | Eval Perf: 0.8265
[39, 100] Train Error: 0.002 | Train Perf: 0.9553 | Eval Error: 0.0075 | Eval Perf: 0.8252
[40, 100] Train Error: 0.0021 | Train Perf: 0.9493 | Eval Error: 0.0057 | Eval Perf: 0.8157
[41, 100] Train Error: 0.0018 | Train Perf: 0.9567 | Eval Error: 0.0067 | Eval Perf: 0.8138
[42, 100] Train Error: 0.0019 | Train Perf: 0.9548 | Eval Error: 0.0071 | Eval Perf: 0.8178
[43, 100] Train Error: 0.0017 | Train Perf: 0.9607 | Eval Error: 0.006 | Eval Perf: 0.814
[44, 100] Train Error: 0.0018 | Train Perf: 0.9584 | Eval Error: 0.0075 | Eval Perf: 0.8091
[45, 100] Train Error: 0.0016 | Train Perf: 0.963 | Eval Error: 0.0063 | Eval Perf: 0.7998
[46, 100] Train Error: 0.0016 | Train Perf: 0.962 | Eval Error: 0.0076 | Eval Perf: 0.7892
[47, 100] Train Error: 0.0015 | Train Perf: 0.9658 | Eval Error: 0.0082 | Eval Perf: 0.7864
[48, 100] Train Error: 0.0015 | Train Perf: 0.9659 | Eval Error: 0.0072 | Eval Perf: 0.7866
[49, 100] Train Error: 0.0015 | Train Perf: 0.9659 | Eval Error: 0.0072 | Eval Perf: 0.7803
[50, 100] Train Error: 0.0014 | Train Perf: 0.9675 | Eval Error: 0.0072 | Eval Perf: 0.7722
[51, 100] Train Error: 0.0015 | Train Perf: 0.9655 | Eval Error: 0.0073 | Eval Perf: 0.7639
[52, 100] Train Error: 0.0013 | Train Perf: 0.9713 | Eval Error: 0.0075 | Eval Perf: 0.7613
[53, 100] Train Error: 0.0014 | Train Perf: 0.9681 | Eval Error: 0.0085 | Eval Perf: 0.7695
[54, 100] Train Error: 0.0013 | Train Perf: 0.9704 | Eval Error: 0.0077 | Eval Perf: 0.7601
[55, 100] Train Error: 0.0013 | Train Perf: 0.9703 | Eval Error: 0.0076 | Eval Perf: 0.7644
[56, 100] Train Error: 0.0012 | Train Perf: 0.9735 | Eval Error: 0.0081 | Eval Perf: 0.7606
[57, 100] Train Error: 0.0011 | Train Perf: 0.9754 | Eval Error: 0.0082 | Eval Perf: 0.7526
[58, 100] Train Error: 0.0011 | Train Perf: 0.9749 | Eval Error: 0.0083 | Eval Perf: 0.7377
[59, 100] Train Error: 0.0011 | Train Perf: 0.9746 | Eval Error: 0.0084 | Eval Perf: 0.739
[60, 100] Train Error: 0.0011 | Train Perf: 0.975 | Eval Error: 0.0088 | Eval Perf: 0.7304
[61, 100] Train Error: 0.0011 | Train Perf: 0.9744 | Eval Error: 0.0086 | Eval Perf: 0.729
[62, 100] Train Error: 0.0011 | Train Perf: 0.9747 | Eval Error: 0.0089 | Eval Perf: 0.7234
[63, 100] Train Error: 0.0009 | Train Perf: 0.9797 | Eval Error: 0.009 | Eval Perf: 0.7244
[64, 100] Train Error: 0.001 | Train Perf: 0.9762 | Eval Error: 0.0093 | Eval Perf: 0.7249
[65, 100] Train Error: 0.0011 | Train Perf: 0.9756 | Eval Error: 0.0098 | Eval Perf: 0.7169
[66, 100] Train Error: 0.0009 | Train Perf: 0.9784 | Eval Error: 0.0095 | Eval Perf: 0.7081
[67, 100] Train Error: 0.001 | Train Perf: 0.9786 | Eval Error: 0.0098 | Eval Perf: 0.7039
[68, 100] Train Error: 0.001 | Train Perf: 0.9776 | Eval Error: 0.0099 | Eval Perf: 0.7005
[69, 100] Train Error: 0.0009 | Train Perf: 0.9794 | Eval Error: 0.0103 | Eval Perf: 0.6997
[70, 100] Train Error: 0.0009 | Train Perf: 0.9782 | Eval Error: 0.0107 | Eval Perf: 0.6886
[71, 100] Train Error: 0.0008 | Train Perf: 0.9816 | Eval Error: 0.0136 | Eval Perf: 0.688
[72, 100] Train Error: 0.0009 | Train Perf: 0.9794 | Eval Error: 0.0102 | Eval Perf: 0.692
[73, 100] Train Error: 0.0009 | Train Perf: 0.9801 | Eval Error: 0.0107 | Eval Perf: 0.6913
[74, 100] Train Error: 0.0008 | Train Perf: 0.9824 | Eval Error: 0.0111 | Eval Perf: 0.6822
[75, 100] Train Error: 0.0008 | Train Perf: 0.9812 | Eval Error: 0.0107 | Eval Perf: 0.6737
[76, 100] Train Error: 0.0007 | Train Perf: 0.9829 | Eval Error: 0.0108 | Eval Perf: 0.6819
[77, 100] Train Error: 0.0007 | Train Perf: 0.9829 | Eval Error: 0.011 | Eval Perf: 0.6679
[78, 100] Train Error: 0.0007 | Train Perf: 0.9832 | Eval Error: 0.0115 | Eval Perf: 0.6673
[79, 100] Train Error: 0.0008 | Train Perf: 0.9805 | Eval Error: 0.0118 | Eval Perf: 0.6682
[80, 100] Train Error: 0.0008 | Train Perf: 0.9816 | Eval Error: 0.0124 | Eval Perf: 0.6581
[81, 100] Train Error: 0.0008 | Train Perf: 0.9822 | Eval Error: 0.0123 | Eval Perf: 0.6523
[82, 100] Train Error: 0.0007 | Train Perf: 0.9838 | Eval Error: 0.0117 | Eval Perf: 0.6611
[83, 100] Train Error: 0.0007 | Train Perf: 0.9843 | Eval Error: 0.0118 | Eval Perf: 0.6474
[84, 100] Train Error: 0.0007 | Train Perf: 0.9842 | Eval Error: 0.0125 | Eval Perf: 0.6631
[85, 100] Train Error: 0.0007 | Train Perf: 0.9827 | Eval Error: 0.012 | Eval Perf: 0.6528
[86, 100] Train Error: 0.0007 | Train Perf: 0.9839 | Eval Error: 0.0124 | Eval Perf: 0.6458
[87, 100] Train Error: 0.0007 | Train Perf: 0.9834 | Eval Error: 0.0121 | Eval Perf: 0.6516
[88, 100] Train Error: 0.0007 | Train Perf: 0.9839 | Eval Error: 0.0132 | Eval Perf: 0.6496
[89, 100] Train Error: 0.0006 | Train Perf: 0.9849 | Eval Error: 0.012 | Eval Perf: 0.6442
[90, 100] Train Error: 0.0006 | Train Perf: 0.9851 | Eval Error: 0.0126 | Eval Perf: 0.6335
[91, 100] Train Error: 0.0006 | Train Perf: 0.9857 | Eval Error: 0.0132 | Eval Perf: 0.6333
[92, 100] Train Error: 0.0006 | Train Perf: 0.9853 | Eval Error: 0.0127 | Eval Perf: 0.6268
[93, 100] Train Error: 0.0007 | Train Perf: 0.9846 | Eval Error: 0.0129 | Eval Perf: 0.6362
[94, 100] Train Error: 0.0006 | Train Perf: 0.9849 | Eval Error: 0.0132 | Eval Perf: 0.6358
[95, 100] Train Error: 0.0006 | Train Perf: 0.9862 | Eval Error: 0.0132 | Eval Perf: 0.6313
[96, 100] Train Error: 0.0006 | Train Perf: 0.9867 | Eval Error: 0.0133 | Eval Perf: 0.6244
[97, 100] Train Error: 0.0006 | Train Perf: 0.9868 | Eval Error: 0.0129 | Eval Perf: 0.6277
[98, 100] Train Error: 0.0006 | Train Perf: 0.9857 | Eval Error: 0.0133 | Eval Perf: 0.6263
[99, 100] Train Error: 0.0006 | Train Perf: 0.9858 | Eval Error: 0.0136 | Eval Perf: 0.6266
[100, 100] Train Error: 0.0006 | Train Perf: 0.9858 | Eval Error: 0.0136 | Eval Perf: 0.6214
