NETWORK SUMMARY
---------------
Input Layer shape: (1, 180)
Hidden Layer shape: (181, 2)
Output layer shape: (3, 1)
Total parameters: 365

[1, 100] Train Error: 0.0297 | Train Perf: 0.3594 | Eval Error: 0.0199 | Eval Perf: 0.6593
[2, 100] Train Error: 0.0205 | Train Perf: 0.6329 | Eval Error: 0.0194 | Eval Perf: 0.6692
[3, 100] Train Error: 0.0179 | Train Perf: 0.6899 | Eval Error: 0.0172 | Eval Perf: 0.7027
[4, 100] Train Error: 0.0168 | Train Perf: 0.7116 | Eval Error: 0.0168 | Eval Perf: 0.7047
[5, 100] Train Error: 0.0157 | Train Perf: 0.735 | Eval Error: 0.0174 | Eval Perf: 0.6995
[6, 100] Train Error: 0.014 | Train Perf: 0.7676 | Eval Error: 0.0204 | Eval Perf: 0.6638
[7, 100] Train Error: 0.0136 | Train Perf: 0.775 | Eval Error: 0.0175 | Eval Perf: 0.7036
[8, 100] Train Error: 0.0133 | Train Perf: 0.781 | Eval Error: 0.019 | Eval Perf: 0.6916
[9, 100] Train Error: 0.0125 | Train Perf: 0.7965 | Eval Error: 0.0199 | Eval Perf: 0.6735
[10, 100] Train Error: 0.0121 | Train Perf: 0.8039 | Eval Error: 0.0171 | Eval Perf: 0.71
[11, 100] Train Error: 0.0111 | Train Perf: 0.8229 | Eval Error: 0.0168 | Eval Perf: 0.7174
[12, 100] Train Error: 0.0114 | Train Perf: 0.8164 | Eval Error: 0.0181 | Eval Perf: 0.6955
[13, 100] Train Error: 0.0109 | Train Perf: 0.8246 | Eval Error: 0.0184 | Eval Perf: 0.6885
[14, 100] Train Error: 0.0101 | Train Perf: 0.8399 | Eval Error: 0.0176 | Eval Perf: 0.7023
[15, 100] Train Error: 0.0102 | Train Perf: 0.8373 | Eval Error: 0.0223 | Eval Perf: 0.6553
[16, 100] Train Error: 0.01 | Train Perf: 0.8418 | Eval Error: 0.0224 | Eval Perf: 0.6556
[17, 100] Train Error: 0.0095 | Train Perf: 0.8504 | Eval Error: 0.0241 | Eval Perf: 0.645
[18, 100] Train Error: 0.0097 | Train Perf: 0.8458 | Eval Error: 0.0196 | Eval Perf: 0.671
[19, 100] Train Error: 0.009 | Train Perf: 0.8595 | Eval Error: 0.0215 | Eval Perf: 0.6469
[20, 100] Train Error: 0.0088 | Train Perf: 0.8621 | Eval Error: 0.0221 | Eval Perf: 0.6419
[21, 100] Train Error: 0.0087 | Train Perf: 0.864 | Eval Error: 0.0206 | Eval Perf: 0.6593
[22, 100] Train Error: 0.0086 | Train Perf: 0.8667 | Eval Error: 0.0211 | Eval Perf: 0.6548
[23, 100] Train Error: 0.0082 | Train Perf: 0.8724 | Eval Error: 0.0224 | Eval Perf: 0.6599
[24, 100] Train Error: 0.0079 | Train Perf: 0.8778 | Eval Error: 0.0216 | Eval Perf: 0.6705
[25, 100] Train Error: 0.0082 | Train Perf: 0.8723 | Eval Error: 0.0218 | Eval Perf: 0.6539
[26, 100] Train Error: 0.0078 | Train Perf: 0.88 | Eval Error: 0.021 | Eval Perf: 0.6653
[27, 100] Train Error: 0.0076 | Train Perf: 0.8825 | Eval Error: 0.0206 | Eval Perf: 0.6668
[28, 100] Train Error: 0.0078 | Train Perf: 0.88 | Eval Error: 0.0233 | Eval Perf: 0.6405
[29, 100] Train Error: 0.0079 | Train Perf: 0.8787 | Eval Error: 0.023 | Eval Perf: 0.6551
[30, 100] Train Error: 0.0074 | Train Perf: 0.8851 | Eval Error: 0.022 | Eval Perf: 0.6568
[31, 100] Train Error: 0.0076 | Train Perf: 0.8841 | Eval Error: 0.0218 | Eval Perf: 0.6468
[32, 100] Train Error: 0.0074 | Train Perf: 0.8863 | Eval Error: 0.0203 | Eval Perf: 0.6712
[33, 100] Train Error: 0.0074 | Train Perf: 0.8856 | Eval Error: 0.021 | Eval Perf: 0.6634
[34, 100] Train Error: 0.007 | Train Perf: 0.8924 | Eval Error: 0.0217 | Eval Perf: 0.6518
[35, 100] Train Error: 0.0072 | Train Perf: 0.8895 | Eval Error: 0.0221 | Eval Perf: 0.6579
[36, 100] Train Error: 0.0071 | Train Perf: 0.8915 | Eval Error: 0.0236 | Eval Perf: 0.6542
[37, 100] Train Error: 0.0069 | Train Perf: 0.8934 | Eval Error: 0.0202 | Eval Perf: 0.6781
[38, 100] Train Error: 0.0072 | Train Perf: 0.8906 | Eval Error: 0.0233 | Eval Perf: 0.6502
[39, 100] Train Error: 0.0071 | Train Perf: 0.8902 | Eval Error: 0.0222 | Eval Perf: 0.6532
[40, 100] Train Error: 0.007 | Train Perf: 0.892 | Eval Error: 0.0214 | Eval Perf: 0.6641
[41, 100] Train Error: 0.0068 | Train Perf: 0.8967 | Eval Error: 0.0216 | Eval Perf: 0.6672
[42, 100] Train Error: 0.0068 | Train Perf: 0.8956 | Eval Error: 0.0221 | Eval Perf: 0.65
[43, 100] Train Error: 0.0067 | Train Perf: 0.8973 | Eval Error: 0.023 | Eval Perf: 0.6582
[44, 100] Train Error: 0.0068 | Train Perf: 0.8961 | Eval Error: 0.024 | Eval Perf: 0.6422
[45, 100] Train Error: 0.0066 | Train Perf: 0.8988 | Eval Error: 0.0212 | Eval Perf: 0.6666
[46, 100] Train Error: 0.0066 | Train Perf: 0.8993 | Eval Error: 0.021 | Eval Perf: 0.6676
[47, 100] Train Error: 0.0066 | Train Perf: 0.8991 | Eval Error: 0.0218 | Eval Perf: 0.6652
[48, 100] Train Error: 0.0066 | Train Perf: 0.8994 | Eval Error: 0.0226 | Eval Perf: 0.6466
[49, 100] Train Error: 0.0065 | Train Perf: 0.901 | Eval Error: 0.0228 | Eval Perf: 0.6468
[50, 100] Train Error: 0.0065 | Train Perf: 0.9004 | Eval Error: 0.0246 | Eval Perf: 0.641
[51, 100] Train Error: 0.0065 | Train Perf: 0.9008 | Eval Error: 0.0218 | Eval Perf: 0.6597
[52, 100] Train Error: 0.0063 | Train Perf: 0.9039 | Eval Error: 0.0222 | Eval Perf: 0.651
[53, 100] Train Error: 0.0063 | Train Perf: 0.9035 | Eval Error: 0.0216 | Eval Perf: 0.6597
[54, 100] Train Error: 0.0063 | Train Perf: 0.9037 | Eval Error: 0.0219 | Eval Perf: 0.6575
[55, 100] Train Error: 0.0063 | Train Perf: 0.9046 | Eval Error: 0.0242 | Eval Perf: 0.6478
[56, 100] Train Error: 0.0064 | Train Perf: 0.9023 | Eval Error: 0.0218 | Eval Perf: 0.6565
[57, 100] Train Error: 0.0062 | Train Perf: 0.906 | Eval Error: 0.0217 | Eval Perf: 0.6579
[58, 100] Train Error: 0.0063 | Train Perf: 0.9038 | Eval Error: 0.023 | Eval Perf: 0.6488
[59, 100] Train Error: 0.0062 | Train Perf: 0.9057 | Eval Error: 0.0229 | Eval Perf: 0.6551
[60, 100] Train Error: 0.0062 | Train Perf: 0.9069 | Eval Error: 0.0233 | Eval Perf: 0.6522
[61, 100] Train Error: 0.0062 | Train Perf: 0.9049 | Eval Error: 0.0227 | Eval Perf: 0.653
[62, 100] Train Error: 0.0062 | Train Perf: 0.9062 | Eval Error: 0.0224 | Eval Perf: 0.6475
[63, 100] Train Error: 0.0062 | Train Perf: 0.9063 | Eval Error: 0.0223 | Eval Perf: 0.6478
[64, 100] Train Error: 0.0061 | Train Perf: 0.9077 | Eval Error: 0.0228 | Eval Perf: 0.6387
[65, 100] Train Error: 0.0061 | Train Perf: 0.907 | Eval Error: 0.0261 | Eval Perf: 0.625
[66, 100] Train Error: 0.006 | Train Perf: 0.9085 | Eval Error: 0.0233 | Eval Perf: 0.6477
[67, 100] Train Error: 0.006 | Train Perf: 0.9084 | Eval Error: 0.0218 | Eval Perf: 0.657
[68, 100] Train Error: 0.006 | Train Perf: 0.9082 | Eval Error: 0.0231 | Eval Perf: 0.6442
[69, 100] Train Error: 0.006 | Train Perf: 0.9082 | Eval Error: 0.0225 | Eval Perf: 0.6459
[70, 100] Train Error: 0.006 | Train Perf: 0.9097 | Eval Error: 0.0235 | Eval Perf: 0.6419
[71, 100] Train Error: 0.006 | Train Perf: 0.9094 | Eval Error: 0.0219 | Eval Perf: 0.6534
[72, 100] Train Error: 0.006 | Train Perf: 0.9082 | Eval Error: 0.0252 | Eval Perf: 0.6282
[73, 100] Train Error: 0.006 | Train Perf: 0.9092 | Eval Error: 0.0233 | Eval Perf: 0.636
[74, 100] Train Error: 0.006 | Train Perf: 0.9083 | Eval Error: 0.0225 | Eval Perf: 0.6414
[75, 100] Train Error: 0.0059 | Train Perf: 0.9091 | Eval Error: 0.025 | Eval Perf: 0.6309
[76, 100] Train Error: 0.0059 | Train Perf: 0.9101 | Eval Error: 0.0245 | Eval Perf: 0.6315
[77, 100] Train Error: 0.0059 | Train Perf: 0.9101 | Eval Error: 0.0241 | Eval Perf: 0.6355
[78, 100] Train Error: 0.0059 | Train Perf: 0.9109 | Eval Error: 0.0253 | Eval Perf: 0.6255
[79, 100] Train Error: 0.0058 | Train Perf: 0.9114 | Eval Error: 0.0239 | Eval Perf: 0.6337
[80, 100] Train Error: 0.0058 | Train Perf: 0.9114 | Eval Error: 0.0238 | Eval Perf: 0.6281
[81, 100] Train Error: 0.0059 | Train Perf: 0.9105 | Eval Error: 0.0237 | Eval Perf: 0.6261
[82, 100] Train Error: 0.0058 | Train Perf: 0.9111 | Eval Error: 0.024 | Eval Perf: 0.6349
[83, 100] Train Error: 0.0058 | Train Perf: 0.9116 | Eval Error: 0.0246 | Eval Perf: 0.6203
[84, 100] Train Error: 0.0059 | Train Perf: 0.9109 | Eval Error: 0.0239 | Eval Perf: 0.6308
[85, 100] Train Error: 0.0058 | Train Perf: 0.9115 | Eval Error: 0.0252 | Eval Perf: 0.6141
[86, 100] Train Error: 0.0059 | Train Perf: 0.9113 | Eval Error: 0.0244 | Eval Perf: 0.6229
[87, 100] Train Error: 0.0057 | Train Perf: 0.9129 | Eval Error: 0.0235 | Eval Perf: 0.6337
[88, 100] Train Error: 0.0058 | Train Perf: 0.912 | Eval Error: 0.0232 | Eval Perf: 0.6356
[89, 100] Train Error: 0.0057 | Train Perf: 0.9133 | Eval Error: 0.0241 | Eval Perf: 0.6276
[90, 100] Train Error: 0.0057 | Train Perf: 0.9142 | Eval Error: 0.0247 | Eval Perf: 0.627
[91, 100] Train Error: 0.0056 | Train Perf: 0.915 | Eval Error: 0.0273 | Eval Perf: 0.6198
[92, 100] Train Error: 0.0058 | Train Perf: 0.9119 | Eval Error: 0.0234 | Eval Perf: 0.6349
[93, 100] Train Error: 0.0056 | Train Perf: 0.9142 | Eval Error: 0.0246 | Eval Perf: 0.6235
[94, 100] Train Error: 0.0057 | Train Perf: 0.9141 | Eval Error: 0.0235 | Eval Perf: 0.6338
[95, 100] Train Error: 0.0056 | Train Perf: 0.9147 | Eval Error: 0.0242 | Eval Perf: 0.629
[96, 100] Train Error: 0.0057 | Train Perf: 0.9139 | Eval Error: 0.0239 | Eval Perf: 0.6369
[97, 100] Train Error: 0.0057 | Train Perf: 0.9134 | Eval Error: 0.0242 | Eval Perf: 0.6229
[98, 100] Train Error: 0.0056 | Train Perf: 0.915 | Eval Error: 0.0236 | Eval Perf: 0.6375
[99, 100] Train Error: 0.0056 | Train Perf: 0.9145 | Eval Error: 0.0247 | Eval Perf: 0.6245
[100, 100] Train Error: 0.0056 | Train Perf: 0.9159 | Eval Error: 0.0247 | Eval Perf: 0.6302
