NETWORK SUMMARY
---------------
Input Layer shape: (1, 180)
Hidden Layer shape: (181, 2)
Output layer shape: (3, 1)
Total parameters: 365

[1, 100] Train Error: 0.0076 | Train Perf: 0.0515 | Eval Error: 0.007 | Eval Perf: 0.3655
[2, 100] Train Error: 0.0056 | Train Perf: 0.432 | Eval Error: 0.0064 | Eval Perf: 0.4342
[3, 100] Train Error: 0.005 | Train Perf: 0.526 | Eval Error: 0.006 | Eval Perf: 0.4824
[4, 100] Train Error: 0.0045 | Train Perf: 0.5833 | Eval Error: 0.0057 | Eval Perf: 0.5145
[5, 100] Train Error: 0.004 | Train Perf: 0.6505 | Eval Error: 0.0053 | Eval Perf: 0.5469
[6, 100] Train Error: 0.0035 | Train Perf: 0.6977 | Eval Error: 0.0052 | Eval Perf: 0.5829
[7, 100] Train Error: 0.0031 | Train Perf: 0.7316 | Eval Error: 0.005 | Eval Perf: 0.6024
[8, 100] Train Error: 0.0028 | Train Perf: 0.7624 | Eval Error: 0.005 | Eval Perf: 0.6347
[9, 100] Train Error: 0.0026 | Train Perf: 0.7829 | Eval Error: 0.0046 | Eval Perf: 0.625
[10, 100] Train Error: 0.0023 | Train Perf: 0.8114 | Eval Error: 0.0046 | Eval Perf: 0.6545
[11, 100] Train Error: 0.0022 | Train Perf: 0.8204 | Eval Error: 0.0043 | Eval Perf: 0.6692
[12, 100] Train Error: 0.002 | Train Perf: 0.8339 | Eval Error: 0.0043 | Eval Perf: 0.666
[13, 100] Train Error: 0.002 | Train Perf: 0.8382 | Eval Error: 0.0044 | Eval Perf: 0.6515
[14, 100] Train Error: 0.0018 | Train Perf: 0.8505 | Eval Error: 0.0043 | Eval Perf: 0.6589
[15, 100] Train Error: 0.0017 | Train Perf: 0.8582 | Eval Error: 0.0043 | Eval Perf: 0.6657
[16, 100] Train Error: 0.0017 | Train Perf: 0.8628 | Eval Error: 0.0042 | Eval Perf: 0.6685
[17, 100] Train Error: 0.0016 | Train Perf: 0.8719 | Eval Error: 0.0043 | Eval Perf: 0.6631
[18, 100] Train Error: 0.0015 | Train Perf: 0.8743 | Eval Error: 0.0041 | Eval Perf: 0.672
[19, 100] Train Error: 0.0015 | Train Perf: 0.8829 | Eval Error: 0.0042 | Eval Perf: 0.6684
[20, 100] Train Error: 0.0014 | Train Perf: 0.8867 | Eval Error: 0.0042 | Eval Perf: 0.6687
[21, 100] Train Error: 0.0013 | Train Perf: 0.8918 | Eval Error: 0.0042 | Eval Perf: 0.6636
[22, 100] Train Error: 0.0013 | Train Perf: 0.8976 | Eval Error: 0.0043 | Eval Perf: 0.675
[23, 100] Train Error: 0.0012 | Train Perf: 0.9017 | Eval Error: 0.0042 | Eval Perf: 0.674
[24, 100] Train Error: 0.0012 | Train Perf: 0.901 | Eval Error: 0.004 | Eval Perf: 0.6819
[25, 100] Train Error: 0.0011 | Train Perf: 0.9086 | Eval Error: 0.0041 | Eval Perf: 0.6859
[26, 100] Train Error: 0.0011 | Train Perf: 0.9106 | Eval Error: 0.0043 | Eval Perf: 0.6657
[27, 100] Train Error: 0.0011 | Train Perf: 0.9087 | Eval Error: 0.0041 | Eval Perf: 0.6749
[28, 100] Train Error: 0.0011 | Train Perf: 0.9134 | Eval Error: 0.0041 | Eval Perf: 0.6792
[29, 100] Train Error: 0.0011 | Train Perf: 0.9162 | Eval Error: 0.0041 | Eval Perf: 0.6794
[30, 100] Train Error: 0.001 | Train Perf: 0.918 | Eval Error: 0.0041 | Eval Perf: 0.6757
[31, 100] Train Error: 0.001 | Train Perf: 0.9206 | Eval Error: 0.0041 | Eval Perf: 0.6855
[32, 100] Train Error: 0.001 | Train Perf: 0.9238 | Eval Error: 0.0041 | Eval Perf: 0.6775
[33, 100] Train Error: 0.001 | Train Perf: 0.9249 | Eval Error: 0.0042 | Eval Perf: 0.6702
[34, 100] Train Error: 0.0009 | Train Perf: 0.9269 | Eval Error: 0.0042 | Eval Perf: 0.6742
[35, 100] Train Error: 0.0009 | Train Perf: 0.9291 | Eval Error: 0.0041 | Eval Perf: 0.6817
[36, 100] Train Error: 0.0009 | Train Perf: 0.93 | Eval Error: 0.0041 | Eval Perf: 0.6794
[37, 100] Train Error: 0.0008 | Train Perf: 0.9355 | Eval Error: 0.0045 | Eval Perf: 0.6628
[38, 100] Train Error: 0.0008 | Train Perf: 0.9331 | Eval Error: 0.004 | Eval Perf: 0.6881
[39, 100] Train Error: 0.0008 | Train Perf: 0.9345 | Eval Error: 0.0041 | Eval Perf: 0.6794
[40, 100] Train Error: 0.0008 | Train Perf: 0.937 | Eval Error: 0.004 | Eval Perf: 0.6873
[41, 100] Train Error: 0.0008 | Train Perf: 0.9383 | Eval Error: 0.0041 | Eval Perf: 0.6821
[42, 100] Train Error: 0.0008 | Train Perf: 0.9406 | Eval Error: 0.0039 | Eval Perf: 0.7
[43, 100] Train Error: 0.0008 | Train Perf: 0.9399 | Eval Error: 0.004 | Eval Perf: 0.6911
[44, 100] Train Error: 0.0007 | Train Perf: 0.9414 | Eval Error: 0.004 | Eval Perf: 0.6836
[45, 100] Train Error: 0.0007 | Train Perf: 0.9429 | Eval Error: 0.004 | Eval Perf: 0.691
[46, 100] Train Error: 0.0007 | Train Perf: 0.9439 | Eval Error: 0.004 | Eval Perf: 0.6918
[47, 100] Train Error: 0.0007 | Train Perf: 0.9448 | Eval Error: 0.0039 | Eval Perf: 0.6933
[48, 100] Train Error: 0.0007 | Train Perf: 0.9444 | Eval Error: 0.0039 | Eval Perf: 0.6918
[49, 100] Train Error: 0.0007 | Train Perf: 0.9458 | Eval Error: 0.004 | Eval Perf: 0.6936
[50, 100] Train Error: 0.0007 | Train Perf: 0.9463 | Eval Error: 0.0041 | Eval Perf: 0.6833
[51, 100] Train Error: 0.0007 | Train Perf: 0.9464 | Eval Error: 0.004 | Eval Perf: 0.6861
[52, 100] Train Error: 0.0007 | Train Perf: 0.9476 | Eval Error: 0.004 | Eval Perf: 0.6913
[53, 100] Train Error: 0.0007 | Train Perf: 0.9478 | Eval Error: 0.0039 | Eval Perf: 0.6943
[54, 100] Train Error: 0.0007 | Train Perf: 0.9487 | Eval Error: 0.004 | Eval Perf: 0.6919
[55, 100] Train Error: 0.0006 | Train Perf: 0.949 | Eval Error: 0.004 | Eval Perf: 0.6916
[56, 100] Train Error: 0.0006 | Train Perf: 0.9498 | Eval Error: 0.0039 | Eval Perf: 0.693
[57, 100] Train Error: 0.0006 | Train Perf: 0.9501 | Eval Error: 0.004 | Eval Perf: 0.6896
[58, 100] Train Error: 0.0006 | Train Perf: 0.9507 | Eval Error: 0.004 | Eval Perf: 0.6906
[59, 100] Train Error: 0.0006 | Train Perf: 0.9513 | Eval Error: 0.004 | Eval Perf: 0.6919
[60, 100] Train Error: 0.0006 | Train Perf: 0.9517 | Eval Error: 0.004 | Eval Perf: 0.6886
[61, 100] Train Error: 0.0006 | Train Perf: 0.9518 | Eval Error: 0.0039 | Eval Perf: 0.6958
[62, 100] Train Error: 0.0006 | Train Perf: 0.9525 | Eval Error: 0.0039 | Eval Perf: 0.6968
[63, 100] Train Error: 0.0006 | Train Perf: 0.953 | Eval Error: 0.0039 | Eval Perf: 0.6972
[64, 100] Train Error: 0.0006 | Train Perf: 0.9527 | Eval Error: 0.0039 | Eval Perf: 0.6998
[65, 100] Train Error: 0.0006 | Train Perf: 0.9537 | Eval Error: 0.0039 | Eval Perf: 0.6966
[66, 100] Train Error: 0.0006 | Train Perf: 0.9538 | Eval Error: 0.004 | Eval Perf: 0.6923
[67, 100] Train Error: 0.0006 | Train Perf: 0.9542 | Eval Error: 0.004 | Eval Perf: 0.6935
[68, 100] Train Error: 0.0006 | Train Perf: 0.9544 | Eval Error: 0.004 | Eval Perf: 0.6924
[69, 100] Train Error: 0.0006 | Train Perf: 0.9544 | Eval Error: 0.0039 | Eval Perf: 0.6978
[70, 100] Train Error: 0.0006 | Train Perf: 0.9553 | Eval Error: 0.0039 | Eval Perf: 0.6969
[71, 100] Train Error: 0.0006 | Train Perf: 0.9553 | Eval Error: 0.0039 | Eval Perf: 0.6974
[72, 100] Train Error: 0.0006 | Train Perf: 0.9554 | Eval Error: 0.0039 | Eval Perf: 0.6927
[73, 100] Train Error: 0.0006 | Train Perf: 0.9562 | Eval Error: 0.0039 | Eval Perf: 0.6959
[74, 100] Train Error: 0.0006 | Train Perf: 0.9564 | Eval Error: 0.0039 | Eval Perf: 0.6997
[75, 100] Train Error: 0.0006 | Train Perf: 0.9567 | Eval Error: 0.004 | Eval Perf: 0.6909
[76, 100] Train Error: 0.0006 | Train Perf: 0.9563 | Eval Error: 0.0039 | Eval Perf: 0.6941
[77, 100] Train Error: 0.0005 | Train Perf: 0.9569 | Eval Error: 0.0039 | Eval Perf: 0.6952
[78, 100] Train Error: 0.0005 | Train Perf: 0.9573 | Eval Error: 0.0039 | Eval Perf: 0.7043
[79, 100] Train Error: 0.0005 | Train Perf: 0.9571 | Eval Error: 0.0039 | Eval Perf: 0.6978
[80, 100] Train Error: 0.0005 | Train Perf: 0.9572 | Eval Error: 0.0039 | Eval Perf: 0.6977
[81, 100] Train Error: 0.0005 | Train Perf: 0.9576 | Eval Error: 0.0039 | Eval Perf: 0.6983
[82, 100] Train Error: 0.0005 | Train Perf: 0.9579 | Eval Error: 0.0038 | Eval Perf: 0.7019
[83, 100] Train Error: 0.0005 | Train Perf: 0.9582 | Eval Error: 0.0039 | Eval Perf: 0.6943
[84, 100] Train Error: 0.0005 | Train Perf: 0.9584 | Eval Error: 0.0039 | Eval Perf: 0.6944
[85, 100] Train Error: 0.0005 | Train Perf: 0.9582 | Eval Error: 0.0039 | Eval Perf: 0.6966
[86, 100] Train Error: 0.0005 | Train Perf: 0.9586 | Eval Error: 0.0039 | Eval Perf: 0.6985
[87, 100] Train Error: 0.0005 | Train Perf: 0.9587 | Eval Error: 0.004 | Eval Perf: 0.6921
[88, 100] Train Error: 0.0005 | Train Perf: 0.9587 | Eval Error: 0.004 | Eval Perf: 0.6919
[89, 100] Train Error: 0.0005 | Train Perf: 0.9589 | Eval Error: 0.0039 | Eval Perf: 0.6961
[90, 100] Train Error: 0.0005 | Train Perf: 0.9593 | Eval Error: 0.0039 | Eval Perf: 0.694
[91, 100] Train Error: 0.0005 | Train Perf: 0.9591 | Eval Error: 0.004 | Eval Perf: 0.6896
[92, 100] Train Error: 0.0005 | Train Perf: 0.9596 | Eval Error: 0.0039 | Eval Perf: 0.6945
[93, 100] Train Error: 0.0005 | Train Perf: 0.9595 | Eval Error: 0.0039 | Eval Perf: 0.6948
[94, 100] Train Error: 0.0005 | Train Perf: 0.96 | Eval Error: 0.0039 | Eval Perf: 0.6964
[95, 100] Train Error: 0.0005 | Train Perf: 0.9598 | Eval Error: 0.004 | Eval Perf: 0.6916
[96, 100] Train Error: 0.0005 | Train Perf: 0.96 | Eval Error: 0.004 | Eval Perf: 0.6924
[97, 100] Train Error: 0.0005 | Train Perf: 0.96 | Eval Error: 0.0039 | Eval Perf: 0.694
[98, 100] Train Error: 0.0005 | Train Perf: 0.9603 | Eval Error: 0.004 | Eval Perf: 0.6916
[99, 100] Train Error: 0.0005 | Train Perf: 0.9603 | Eval Error: 0.004 | Eval Perf: 0.6922
[100, 100] Train Error: 0.0005 | Train Perf: 0.9604 | Eval Error: 0.004 | Eval Perf: 0.6897
