NETWORK SUMMARY
---------------
Input Layer shape: (1, 180)
Hidden Layer shape: (181, 2)
Output layer shape: (3, 1)
Total parameters: 365

[1, 100] Train Error: 0.008 | Train Perf: 0.0449 | Eval Error: 0.0056 | Eval Perf: 0.431
[2, 100] Train Error: 0.006 | Train Perf: 0.44 | Eval Error: 0.0053 | Eval Perf: 0.4685
[3, 100] Train Error: 0.0054 | Train Perf: 0.4989 | Eval Error: 0.0045 | Eval Perf: 0.5459
[4, 100] Train Error: 0.0049 | Train Perf: 0.5602 | Eval Error: 0.0042 | Eval Perf: 0.5823
[5, 100] Train Error: 0.0045 | Train Perf: 0.6167 | Eval Error: 0.0038 | Eval Perf: 0.6197
[6, 100] Train Error: 0.004 | Train Perf: 0.6656 | Eval Error: 0.0038 | Eval Perf: 0.6714
[7, 100] Train Error: 0.0036 | Train Perf: 0.7089 | Eval Error: 0.0035 | Eval Perf: 0.6957
[8, 100] Train Error: 0.0032 | Train Perf: 0.7444 | Eval Error: 0.0031 | Eval Perf: 0.7092
[9, 100] Train Error: 0.003 | Train Perf: 0.7627 | Eval Error: 0.0031 | Eval Perf: 0.7179
[10, 100] Train Error: 0.0028 | Train Perf: 0.7826 | Eval Error: 0.003 | Eval Perf: 0.7212
[11, 100] Train Error: 0.0026 | Train Perf: 0.7981 | Eval Error: 0.003 | Eval Perf: 0.7129
[12, 100] Train Error: 0.0023 | Train Perf: 0.8183 | Eval Error: 0.0035 | Eval Perf: 0.6948
[13, 100] Train Error: 0.0022 | Train Perf: 0.8303 | Eval Error: 0.003 | Eval Perf: 0.7275
[14, 100] Train Error: 0.0021 | Train Perf: 0.8376 | Eval Error: 0.0028 | Eval Perf: 0.7368
[15, 100] Train Error: 0.002 | Train Perf: 0.8419 | Eval Error: 0.0029 | Eval Perf: 0.7257
[16, 100] Train Error: 0.0019 | Train Perf: 0.8532 | Eval Error: 0.0033 | Eval Perf: 0.7112
[17, 100] Train Error: 0.0019 | Train Perf: 0.8545 | Eval Error: 0.0028 | Eval Perf: 0.7403
[18, 100] Train Error: 0.0018 | Train Perf: 0.8643 | Eval Error: 0.0029 | Eval Perf: 0.7375
[19, 100] Train Error: 0.0017 | Train Perf: 0.8702 | Eval Error: 0.0029 | Eval Perf: 0.7301
[20, 100] Train Error: 0.0017 | Train Perf: 0.8716 | Eval Error: 0.0029 | Eval Perf: 0.7388
[21, 100] Train Error: 0.0016 | Train Perf: 0.8744 | Eval Error: 0.0032 | Eval Perf: 0.7352
[22, 100] Train Error: 0.0016 | Train Perf: 0.8816 | Eval Error: 0.0028 | Eval Perf: 0.7425
[23, 100] Train Error: 0.0016 | Train Perf: 0.881 | Eval Error: 0.0028 | Eval Perf: 0.7426
[24, 100] Train Error: 0.0015 | Train Perf: 0.8864 | Eval Error: 0.003 | Eval Perf: 0.7135
[25, 100] Train Error: 0.0014 | Train Perf: 0.8907 | Eval Error: 0.0029 | Eval Perf: 0.7523
[26, 100] Train Error: 0.0014 | Train Perf: 0.8916 | Eval Error: 0.0029 | Eval Perf: 0.7307
[27, 100] Train Error: 0.0014 | Train Perf: 0.8934 | Eval Error: 0.003 | Eval Perf: 0.7303
[28, 100] Train Error: 0.0013 | Train Perf: 0.8972 | Eval Error: 0.0028 | Eval Perf: 0.7355
[29, 100] Train Error: 0.0014 | Train Perf: 0.8958 | Eval Error: 0.0029 | Eval Perf: 0.7338
[30, 100] Train Error: 0.0013 | Train Perf: 0.8981 | Eval Error: 0.0032 | Eval Perf: 0.7341
[31, 100] Train Error: 0.0013 | Train Perf: 0.8999 | Eval Error: 0.003 | Eval Perf: 0.7219
[32, 100] Train Error: 0.0013 | Train Perf: 0.903 | Eval Error: 0.0033 | Eval Perf: 0.7211
[33, 100] Train Error: 0.0012 | Train Perf: 0.9059 | Eval Error: 0.0031 | Eval Perf: 0.7231
[34, 100] Train Error: 0.0013 | Train Perf: 0.9035 | Eval Error: 0.003 | Eval Perf: 0.7275
[35, 100] Train Error: 0.0012 | Train Perf: 0.9071 | Eval Error: 0.003 | Eval Perf: 0.7184
[36, 100] Train Error: 0.0012 | Train Perf: 0.9093 | Eval Error: 0.003 | Eval Perf: 0.727
[37, 100] Train Error: 0.0012 | Train Perf: 0.9125 | Eval Error: 0.003 | Eval Perf: 0.7161
[38, 100] Train Error: 0.0012 | Train Perf: 0.9115 | Eval Error: 0.003 | Eval Perf: 0.7264
[39, 100] Train Error: 0.0011 | Train Perf: 0.913 | Eval Error: 0.0031 | Eval Perf: 0.7251
[40, 100] Train Error: 0.0011 | Train Perf: 0.9156 | Eval Error: 0.003 | Eval Perf: 0.7285
[41, 100] Train Error: 0.0011 | Train Perf: 0.9159 | Eval Error: 0.0031 | Eval Perf: 0.7189
[42, 100] Train Error: 0.0011 | Train Perf: 0.9181 | Eval Error: 0.003 | Eval Perf: 0.7228
[43, 100] Train Error: 0.0011 | Train Perf: 0.9203 | Eval Error: 0.0032 | Eval Perf: 0.7209
[44, 100] Train Error: 0.0011 | Train Perf: 0.92 | Eval Error: 0.0032 | Eval Perf: 0.7111
[45, 100] Train Error: 0.001 | Train Perf: 0.9229 | Eval Error: 0.0032 | Eval Perf: 0.7184
[46, 100] Train Error: 0.001 | Train Perf: 0.9232 | Eval Error: 0.003 | Eval Perf: 0.7264
[47, 100] Train Error: 0.001 | Train Perf: 0.9238 | Eval Error: 0.0031 | Eval Perf: 0.727
[48, 100] Train Error: 0.001 | Train Perf: 0.9247 | Eval Error: 0.0032 | Eval Perf: 0.7194
[49, 100] Train Error: 0.001 | Train Perf: 0.9252 | Eval Error: 0.003 | Eval Perf: 0.7225
[50, 100] Train Error: 0.001 | Train Perf: 0.9264 | Eval Error: 0.0032 | Eval Perf: 0.7176
[51, 100] Train Error: 0.001 | Train Perf: 0.9274 | Eval Error: 0.0032 | Eval Perf: 0.722
[52, 100] Train Error: 0.0009 | Train Perf: 0.9293 | Eval Error: 0.0033 | Eval Perf: 0.7211
[53, 100] Train Error: 0.001 | Train Perf: 0.9272 | Eval Error: 0.0032 | Eval Perf: 0.7177
[54, 100] Train Error: 0.0009 | Train Perf: 0.9302 | Eval Error: 0.0032 | Eval Perf: 0.7104
[55, 100] Train Error: 0.0009 | Train Perf: 0.9306 | Eval Error: 0.0031 | Eval Perf: 0.7202
[56, 100] Train Error: 0.0009 | Train Perf: 0.9315 | Eval Error: 0.0032 | Eval Perf: 0.7299
[57, 100] Train Error: 0.0009 | Train Perf: 0.9296 | Eval Error: 0.0034 | Eval Perf: 0.7148
[58, 100] Train Error: 0.0009 | Train Perf: 0.9317 | Eval Error: 0.0031 | Eval Perf: 0.7203
[59, 100] Train Error: 0.0009 | Train Perf: 0.9319 | Eval Error: 0.0033 | Eval Perf: 0.7183
[60, 100] Train Error: 0.0009 | Train Perf: 0.9331 | Eval Error: 0.0032 | Eval Perf: 0.7165
[61, 100] Train Error: 0.0009 | Train Perf: 0.9324 | Eval Error: 0.0033 | Eval Perf: 0.7149
[62, 100] Train Error: 0.0009 | Train Perf: 0.934 | Eval Error: 0.0032 | Eval Perf: 0.7174
[63, 100] Train Error: 0.0009 | Train Perf: 0.9347 | Eval Error: 0.0034 | Eval Perf: 0.7073
[64, 100] Train Error: 0.0009 | Train Perf: 0.9341 | Eval Error: 0.0032 | Eval Perf: 0.711
[65, 100] Train Error: 0.0009 | Train Perf: 0.9345 | Eval Error: 0.0032 | Eval Perf: 0.7169
[66, 100] Train Error: 0.0009 | Train Perf: 0.9349 | Eval Error: 0.0033 | Eval Perf: 0.7176
[67, 100] Train Error: 0.0009 | Train Perf: 0.9359 | Eval Error: 0.0032 | Eval Perf: 0.7148
[68, 100] Train Error: 0.0009 | Train Perf: 0.9357 | Eval Error: 0.0033 | Eval Perf: 0.7166
[69, 100] Train Error: 0.0009 | Train Perf: 0.9357 | Eval Error: 0.0034 | Eval Perf: 0.7148
[70, 100] Train Error: 0.0008 | Train Perf: 0.9369 | Eval Error: 0.0033 | Eval Perf: 0.7301
[71, 100] Train Error: 0.0009 | Train Perf: 0.936 | Eval Error: 0.0035 | Eval Perf: 0.7081
[72, 100] Train Error: 0.0008 | Train Perf: 0.9368 | Eval Error: 0.0034 | Eval Perf: 0.7127
[73, 100] Train Error: 0.0008 | Train Perf: 0.9372 | Eval Error: 0.0034 | Eval Perf: 0.7079
[74, 100] Train Error: 0.0008 | Train Perf: 0.9394 | Eval Error: 0.0034 | Eval Perf: 0.7117
[75, 100] Train Error: 0.0008 | Train Perf: 0.9391 | Eval Error: 0.0035 | Eval Perf: 0.7203
[76, 100] Train Error: 0.0008 | Train Perf: 0.9391 | Eval Error: 0.0034 | Eval Perf: 0.7047
[77, 100] Train Error: 0.0008 | Train Perf: 0.9398 | Eval Error: 0.0035 | Eval Perf: 0.7202
[78, 100] Train Error: 0.0008 | Train Perf: 0.9393 | Eval Error: 0.0037 | Eval Perf: 0.7131
[79, 100] Train Error: 0.0008 | Train Perf: 0.9392 | Eval Error: 0.0034 | Eval Perf: 0.7015
[80, 100] Train Error: 0.0008 | Train Perf: 0.9395 | Eval Error: 0.0034 | Eval Perf: 0.7118
[81, 100] Train Error: 0.0008 | Train Perf: 0.9413 | Eval Error: 0.0034 | Eval Perf: 0.7059
[82, 100] Train Error: 0.0008 | Train Perf: 0.9399 | Eval Error: 0.0036 | Eval Perf: 0.7018
[83, 100] Train Error: 0.0008 | Train Perf: 0.9401 | Eval Error: 0.0035 | Eval Perf: 0.7078
[84, 100] Train Error: 0.0008 | Train Perf: 0.9412 | Eval Error: 0.0036 | Eval Perf: 0.6982
[85, 100] Train Error: 0.0008 | Train Perf: 0.9418 | Eval Error: 0.0037 | Eval Perf: 0.7012
[86, 100] Train Error: 0.0008 | Train Perf: 0.9413 | Eval Error: 0.0035 | Eval Perf: 0.7068
[87, 100] Train Error: 0.0008 | Train Perf: 0.9421 | Eval Error: 0.0036 | Eval Perf: 0.7019
[88, 100] Train Error: 0.0008 | Train Perf: 0.9431 | Eval Error: 0.0035 | Eval Perf: 0.7031
[89, 100] Train Error: 0.0008 | Train Perf: 0.9414 | Eval Error: 0.0037 | Eval Perf: 0.6983
[90, 100] Train Error: 0.0008 | Train Perf: 0.9435 | Eval Error: 0.0037 | Eval Perf: 0.7008
[91, 100] Train Error: 0.0008 | Train Perf: 0.9437 | Eval Error: 0.0037 | Eval Perf: 0.708
[92, 100] Train Error: 0.0007 | Train Perf: 0.9442 | Eval Error: 0.0038 | Eval Perf: 0.7004
[93, 100] Train Error: 0.0007 | Train Perf: 0.9443 | Eval Error: 0.0036 | Eval Perf: 0.6973
[94, 100] Train Error: 0.0007 | Train Perf: 0.9448 | Eval Error: 0.0037 | Eval Perf: 0.6947
[95, 100] Train Error: 0.0007 | Train Perf: 0.9444 | Eval Error: 0.0039 | Eval Perf: 0.6942
[96, 100] Train Error: 0.0007 | Train Perf: 0.9444 | Eval Error: 0.0036 | Eval Perf: 0.705
[97, 100] Train Error: 0.0007 | Train Perf: 0.9452 | Eval Error: 0.0037 | Eval Perf: 0.6886
[98, 100] Train Error: 0.0007 | Train Perf: 0.9455 | Eval Error: 0.0037 | Eval Perf: 0.6976
[99, 100] Train Error: 0.0007 | Train Perf: 0.9464 | Eval Error: 0.0038 | Eval Perf: 0.6926
[100, 100] Train Error: 0.0007 | Train Perf: 0.946 | Eval Error: 0.0038 | Eval Perf: 0.6938
