NETWORK SUMMARY
---------------
Input Layer shape: (1, 180)
Hidden Layer shape: (181, 3)
Output layer shape: (4, 1)
Total parameters: 547

[1, 100] Train Error: 0.0171 | Train Perf: 0.0116 | Eval Error: 0.0177 | Eval Perf: -0.2921
[2, 100] Train Error: 0.0161 | Train Perf: -0.0967 | Eval Error: 0.0169 | Eval Perf: -0.0064
[3, 100] Train Error: 0.0155 | Train Perf: 0.1042 | Eval Error: 0.0168 | Eval Perf: 0.2378
[4, 100] Train Error: 0.0148 | Train Perf: 0.315 | Eval Error: 0.0166 | Eval Perf: 0.4073
[5, 100] Train Error: 0.0143 | Train Perf: 0.3428 | Eval Error: 0.0153 | Eval Perf: 0.5347
[6, 100] Train Error: 0.0135 | Train Perf: 0.523 | Eval Error: 0.0144 | Eval Perf: 0.5836
[7, 100] Train Error: 0.0125 | Train Perf: 0.606 | Eval Error: 0.0135 | Eval Perf: 0.6212
[8, 100] Train Error: 0.0112 | Train Perf: 0.6582 | Eval Error: 0.0129 | Eval Perf: 0.6372
[9, 100] Train Error: 0.0104 | Train Perf: 0.6595 | Eval Error: 0.0119 | Eval Perf: 0.6549
[10, 100] Train Error: 0.0097 | Train Perf: 0.6965 | Eval Error: 0.011 | Eval Perf: 0.6749
[11, 100] Train Error: 0.0087 | Train Perf: 0.7239 | Eval Error: 0.0105 | Eval Perf: 0.6894
[12, 100] Train Error: 0.0078 | Train Perf: 0.7614 | Eval Error: 0.0103 | Eval Perf: 0.7012
[13, 100] Train Error: 0.0072 | Train Perf: 0.7619 | Eval Error: 0.01 | Eval Perf: 0.72
[14, 100] Train Error: 0.007 | Train Perf: 0.7729 | Eval Error: 0.0088 | Eval Perf: 0.7344
[15, 100] Train Error: 0.0065 | Train Perf: 0.7896 | Eval Error: 0.0084 | Eval Perf: 0.742
[16, 100] Train Error: 0.0061 | Train Perf: 0.8036 | Eval Error: 0.008 | Eval Perf: 0.7529
[17, 100] Train Error: 0.0057 | Train Perf: 0.8124 | Eval Error: 0.0079 | Eval Perf: 0.7597
[18, 100] Train Error: 0.0053 | Train Perf: 0.8216 | Eval Error: 0.008 | Eval Perf: 0.7644
[19, 100] Train Error: 0.0048 | Train Perf: 0.8441 | Eval Error: 0.0076 | Eval Perf: 0.7699
[20, 100] Train Error: 0.0046 | Train Perf: 0.8486 | Eval Error: 0.0073 | Eval Perf: 0.7725
[21, 100] Train Error: 0.0042 | Train Perf: 0.864 | Eval Error: 0.0084 | Eval Perf: 0.7672
[22, 100] Train Error: 0.0042 | Train Perf: 0.8659 | Eval Error: 0.0071 | Eval Perf: 0.778
[23, 100] Train Error: 0.0039 | Train Perf: 0.8774 | Eval Error: 0.0079 | Eval Perf: 0.766
[24, 100] Train Error: 0.0036 | Train Perf: 0.8876 | Eval Error: 0.0076 | Eval Perf: 0.7731
[25, 100] Train Error: 0.0036 | Train Perf: 0.8843 | Eval Error: 0.008 | Eval Perf: 0.7604
[26, 100] Train Error: 0.0033 | Train Perf: 0.8914 | Eval Error: 0.0076 | Eval Perf: 0.7621
[27, 100] Train Error: 0.0032 | Train Perf: 0.8964 | Eval Error: 0.0073 | Eval Perf: 0.7594
[28, 100] Train Error: 0.0031 | Train Perf: 0.9013 | Eval Error: 0.0082 | Eval Perf: 0.7567
[29, 100] Train Error: 0.0031 | Train Perf: 0.9008 | Eval Error: 0.0078 | Eval Perf: 0.7407
[30, 100] Train Error: 0.0025 | Train Perf: 0.9209 | Eval Error: 0.0075 | Eval Perf: 0.7497
[31, 100] Train Error: 0.0028 | Train Perf: 0.9096 | Eval Error: 0.008 | Eval Perf: 0.7292
[32, 100] Train Error: 0.0027 | Train Perf: 0.9131 | Eval Error: 0.0088 | Eval Perf: 0.7186
[33, 100] Train Error: 0.0025 | Train Perf: 0.9205 | Eval Error: 0.0091 | Eval Perf: 0.7046
[34, 100] Train Error: 0.0023 | Train Perf: 0.9277 | Eval Error: 0.0084 | Eval Perf: 0.7102
[35, 100] Train Error: 0.0024 | Train Perf: 0.9253 | Eval Error: 0.009 | Eval Perf: 0.7062
[36, 100] Train Error: 0.0023 | Train Perf: 0.9245 | Eval Error: 0.0086 | Eval Perf: 0.7114
[37, 100] Train Error: 0.0023 | Train Perf: 0.9284 | Eval Error: 0.0098 | Eval Perf: 0.6995
[38, 100] Train Error: 0.0022 | Train Perf: 0.9275 | Eval Error: 0.0084 | Eval Perf: 0.7063
[39, 100] Train Error: 0.0023 | Train Perf: 0.9269 | Eval Error: 0.0086 | Eval Perf: 0.7042
[40, 100] Train Error: 0.0021 | Train Perf: 0.9334 | Eval Error: 0.0087 | Eval Perf: 0.696
[41, 100] Train Error: 0.0021 | Train Perf: 0.9333 | Eval Error: 0.009 | Eval Perf: 0.6832
[42, 100] Train Error: 0.002 | Train Perf: 0.9378 | Eval Error: 0.0095 | Eval Perf: 0.683
[43, 100] Train Error: 0.0019 | Train Perf: 0.9394 | Eval Error: 0.0092 | Eval Perf: 0.6761
[44, 100] Train Error: 0.0019 | Train Perf: 0.937 | Eval Error: 0.0092 | Eval Perf: 0.6722
[45, 100] Train Error: 0.0018 | Train Perf: 0.9418 | Eval Error: 0.0094 | Eval Perf: 0.6679
[46, 100] Train Error: 0.0019 | Train Perf: 0.94 | Eval Error: 0.0103 | Eval Perf: 0.6461
[47, 100] Train Error: 0.0017 | Train Perf: 0.9461 | Eval Error: 0.0095 | Eval Perf: 0.6611
[48, 100] Train Error: 0.0018 | Train Perf: 0.9421 | Eval Error: 0.0097 | Eval Perf: 0.65
[49, 100] Train Error: 0.0017 | Train Perf: 0.9452 | Eval Error: 0.0099 | Eval Perf: 0.6446
[50, 100] Train Error: 0.0017 | Train Perf: 0.9444 | Eval Error: 0.0103 | Eval Perf: 0.6318
[51, 100] Train Error: 0.0016 | Train Perf: 0.9503 | Eval Error: 0.0103 | Eval Perf: 0.6215
[52, 100] Train Error: 0.0015 | Train Perf: 0.9508 | Eval Error: 0.0103 | Eval Perf: 0.6249
[53, 100] Train Error: 0.0015 | Train Perf: 0.9529 | Eval Error: 0.0107 | Eval Perf: 0.6307
[54, 100] Train Error: 0.0015 | Train Perf: 0.9516 | Eval Error: 0.0103 | Eval Perf: 0.6257
[55, 100] Train Error: 0.0016 | Train Perf: 0.95 | Eval Error: 0.0104 | Eval Perf: 0.6183
[56, 100] Train Error: 0.0015 | Train Perf: 0.9503 | Eval Error: 0.011 | Eval Perf: 0.6029
[57, 100] Train Error: 0.0014 | Train Perf: 0.9544 | Eval Error: 0.0111 | Eval Perf: 0.6092
[58, 100] Train Error: 0.0015 | Train Perf: 0.9503 | Eval Error: 0.0106 | Eval Perf: 0.6101
[59, 100] Train Error: 0.0014 | Train Perf: 0.9564 | Eval Error: 0.0117 | Eval Perf: 0.5933
[60, 100] Train Error: 0.0016 | Train Perf: 0.9498 | Eval Error: 0.0108 | Eval Perf: 0.6041
[61, 100] Train Error: 0.0013 | Train Perf: 0.9565 | Eval Error: 0.0109 | Eval Perf: 0.5971
[62, 100] Train Error: 0.0013 | Train Perf: 0.9571 | Eval Error: 0.0129 | Eval Perf: 0.5633
[63, 100] Train Error: 0.0013 | Train Perf: 0.9596 | Eval Error: 0.0114 | Eval Perf: 0.5863
[64, 100] Train Error: 0.0012 | Train Perf: 0.9606 | Eval Error: 0.0112 | Eval Perf: 0.6018
[65, 100] Train Error: 0.0014 | Train Perf: 0.9546 | Eval Error: 0.0115 | Eval Perf: 0.5824
[66, 100] Train Error: 0.0013 | Train Perf: 0.9576 | Eval Error: 0.0111 | Eval Perf: 0.5909
[67, 100] Train Error: 0.0012 | Train Perf: 0.9615 | Eval Error: 0.0109 | Eval Perf: 0.5951
[68, 100] Train Error: 0.0011 | Train Perf: 0.9655 | Eval Error: 0.0126 | Eval Perf: 0.5792
[69, 100] Train Error: 0.0013 | Train Perf: 0.9596 | Eval Error: 0.0114 | Eval Perf: 0.5837
[70, 100] Train Error: 0.0013 | Train Perf: 0.9605 | Eval Error: 0.0114 | Eval Perf: 0.587
[71, 100] Train Error: 0.0011 | Train Perf: 0.9631 | Eval Error: 0.0115 | Eval Perf: 0.5915
[72, 100] Train Error: 0.0011 | Train Perf: 0.965 | Eval Error: 0.0111 | Eval Perf: 0.5919
[73, 100] Train Error: 0.001 | Train Perf: 0.9675 | Eval Error: 0.0112 | Eval Perf: 0.5913
[74, 100] Train Error: 0.0012 | Train Perf: 0.9615 | Eval Error: 0.0113 | Eval Perf: 0.5855
[75, 100] Train Error: 0.0011 | Train Perf: 0.965 | Eval Error: 0.0112 | Eval Perf: 0.5898
[76, 100] Train Error: 0.001 | Train Perf: 0.9674 | Eval Error: 0.0114 | Eval Perf: 0.5833
[77, 100] Train Error: 0.0009 | Train Perf: 0.9694 | Eval Error: 0.0115 | Eval Perf: 0.5791
[78, 100] Train Error: 0.001 | Train Perf: 0.9666 | Eval Error: 0.0115 | Eval Perf: 0.5755
[79, 100] Train Error: 0.001 | Train Perf: 0.9678 | Eval Error: 0.0119 | Eval Perf: 0.5706
[80, 100] Train Error: 0.0011 | Train Perf: 0.9641 | Eval Error: 0.0118 | Eval Perf: 0.5649
[81, 100] Train Error: 0.0012 | Train Perf: 0.963 | Eval Error: 0.0115 | Eval Perf: 0.577
[82, 100] Train Error: 0.001 | Train Perf: 0.9675 | Eval Error: 0.0119 | Eval Perf: 0.5624
[83, 100] Train Error: 0.001 | Train Perf: 0.9677 | Eval Error: 0.012 | Eval Perf: 0.5576
[84, 100] Train Error: 0.001 | Train Perf: 0.9695 | Eval Error: 0.0119 | Eval Perf: 0.5598
[85, 100] Train Error: 0.001 | Train Perf: 0.9698 | Eval Error: 0.0119 | Eval Perf: 0.5649
[86, 100] Train Error: 0.0009 | Train Perf: 0.9699 | Eval Error: 0.0117 | Eval Perf: 0.572
[87, 100] Train Error: 0.0009 | Train Perf: 0.9696 | Eval Error: 0.0119 | Eval Perf: 0.5605
[88, 100] Train Error: 0.001 | Train Perf: 0.9682 | Eval Error: 0.012 | Eval Perf: 0.5604
[89, 100] Train Error: 0.001 | Train Perf: 0.9697 | Eval Error: 0.0118 | Eval Perf: 0.5669
[90, 100] Train Error: 0.0008 | Train Perf: 0.9727 | Eval Error: 0.0123 | Eval Perf: 0.5537
[91, 100] Train Error: 0.0009 | Train Perf: 0.9698 | Eval Error: 0.012 | Eval Perf: 0.5585
[92, 100] Train Error: 0.0009 | Train Perf: 0.9723 | Eval Error: 0.0125 | Eval Perf: 0.5566
[93, 100] Train Error: 0.0009 | Train Perf: 0.9713 | Eval Error: 0.012 | Eval Perf: 0.5558
[94, 100] Train Error: 0.0009 | Train Perf: 0.9705 | Eval Error: 0.0121 | Eval Perf: 0.5585
[95, 100] Train Error: 0.0008 | Train Perf: 0.9737 | Eval Error: 0.0123 | Eval Perf: 0.5592
[96, 100] Train Error: 0.0008 | Train Perf: 0.9734 | Eval Error: 0.0123 | Eval Perf: 0.5549
[97, 100] Train Error: 0.0009 | Train Perf: 0.9709 | Eval Error: 0.0123 | Eval Perf: 0.5512
[98, 100] Train Error: 0.0009 | Train Perf: 0.9696 | Eval Error: 0.0122 | Eval Perf: 0.5517
[99, 100] Train Error: 0.0007 | Train Perf: 0.9762 | Eval Error: 0.0124 | Eval Perf: 0.5472
[100, 100] Train Error: 0.0009 | Train Perf: 0.9717 | Eval Error: 0.0124 | Eval Perf: 0.5502
