NETWORK SUMMARY
---------------
Input Layer shape: (1, 180)
Hidden Layer shape: (181, 5)
Output layer shape: (6, 1)
Total parameters: 911

[1, 100] Train Error: 0.0454 | Train Perf: 0.0119 | Eval Error: 0.0456 | Eval Perf: 0.4833
[2, 100] Train Error: 0.0444 | Train Perf: 0.1792 | Eval Error: 0.0432 | Eval Perf: 0.5587
[3, 100] Train Error: 0.0419 | Train Perf: 0.4219 | Eval Error: 0.0403 | Eval Perf: 0.5932
[4, 100] Train Error: 0.0374 | Train Perf: 0.5937 | Eval Error: 0.0352 | Eval Perf: 0.6191
[5, 100] Train Error: 0.0314 | Train Perf: 0.6607 | Eval Error: 0.0301 | Eval Perf: 0.6443
[6, 100] Train Error: 0.0263 | Train Perf: 0.7021 | Eval Error: 0.0269 | Eval Perf: 0.674
[7, 100] Train Error: 0.0225 | Train Perf: 0.7424 | Eval Error: 0.024 | Eval Perf: 0.7003
[8, 100] Train Error: 0.0198 | Train Perf: 0.7717 | Eval Error: 0.0228 | Eval Perf: 0.7181
[9, 100] Train Error: 0.0179 | Train Perf: 0.791 | Eval Error: 0.0212 | Eval Perf: 0.7336
[10, 100] Train Error: 0.0163 | Train Perf: 0.8101 | Eval Error: 0.021 | Eval Perf: 0.7443
[11, 100] Train Error: 0.0154 | Train Perf: 0.8198 | Eval Error: 0.0205 | Eval Perf: 0.7492
[12, 100] Train Error: 0.0146 | Train Perf: 0.8285 | Eval Error: 0.0197 | Eval Perf: 0.7555
[13, 100] Train Error: 0.014 | Train Perf: 0.8347 | Eval Error: 0.0191 | Eval Perf: 0.7618
[14, 100] Train Error: 0.0135 | Train Perf: 0.8398 | Eval Error: 0.0189 | Eval Perf: 0.7664
[15, 100] Train Error: 0.0132 | Train Perf: 0.8442 | Eval Error: 0.0187 | Eval Perf: 0.7681
[16, 100] Train Error: 0.0127 | Train Perf: 0.8491 | Eval Error: 0.0188 | Eval Perf: 0.7721
[17, 100] Train Error: 0.0126 | Train Perf: 0.8516 | Eval Error: 0.0185 | Eval Perf: 0.7727
[18, 100] Train Error: 0.0124 | Train Perf: 0.853 | Eval Error: 0.0184 | Eval Perf: 0.7739
[19, 100] Train Error: 0.0123 | Train Perf: 0.8546 | Eval Error: 0.0183 | Eval Perf: 0.7743
[20, 100] Train Error: 0.0121 | Train Perf: 0.8565 | Eval Error: 0.0187 | Eval Perf: 0.777
[21, 100] Train Error: 0.0121 | Train Perf: 0.857 | Eval Error: 0.0182 | Eval Perf: 0.7764
[22, 100] Train Error: 0.0119 | Train Perf: 0.8596 | Eval Error: 0.0184 | Eval Perf: 0.7759
[23, 100] Train Error: 0.0118 | Train Perf: 0.8598 | Eval Error: 0.0181 | Eval Perf: 0.7786
[24, 100] Train Error: 0.0117 | Train Perf: 0.8609 | Eval Error: 0.0181 | Eval Perf: 0.7784
[25, 100] Train Error: 0.0117 | Train Perf: 0.8618 | Eval Error: 0.0186 | Eval Perf: 0.7768
[26, 100] Train Error: 0.0116 | Train Perf: 0.8621 | Eval Error: 0.0181 | Eval Perf: 0.7788
[27, 100] Train Error: 0.0115 | Train Perf: 0.8634 | Eval Error: 0.0181 | Eval Perf: 0.7793
[28, 100] Train Error: 0.0115 | Train Perf: 0.864 | Eval Error: 0.0182 | Eval Perf: 0.7803
[29, 100] Train Error: 0.0115 | Train Perf: 0.8645 | Eval Error: 0.0183 | Eval Perf: 0.7794
[30, 100] Train Error: 0.0114 | Train Perf: 0.8645 | Eval Error: 0.0182 | Eval Perf: 0.7795
[31, 100] Train Error: 0.0114 | Train Perf: 0.8655 | Eval Error: 0.0183 | Eval Perf: 0.7796
[32, 100] Train Error: 0.0113 | Train Perf: 0.8664 | Eval Error: 0.0182 | Eval Perf: 0.78
[33, 100] Train Error: 0.0114 | Train Perf: 0.8657 | Eval Error: 0.0185 | Eval Perf: 0.7786
[34, 100] Train Error: 0.0113 | Train Perf: 0.8662 | Eval Error: 0.018 | Eval Perf: 0.7819
[35, 100] Train Error: 0.0114 | Train Perf: 0.8658 | Eval Error: 0.018 | Eval Perf: 0.7815
[36, 100] Train Error: 0.0113 | Train Perf: 0.867 | Eval Error: 0.0187 | Eval Perf: 0.7794
[37, 100] Train Error: 0.0113 | Train Perf: 0.8664 | Eval Error: 0.0182 | Eval Perf: 0.7808
[38, 100] Train Error: 0.0113 | Train Perf: 0.867 | Eval Error: 0.0185 | Eval Perf: 0.78
[39, 100] Train Error: 0.0112 | Train Perf: 0.8674 | Eval Error: 0.018 | Eval Perf: 0.7821
[40, 100] Train Error: 0.0112 | Train Perf: 0.8677 | Eval Error: 0.0181 | Eval Perf: 0.7815
[41, 100] Train Error: 0.0112 | Train Perf: 0.8673 | Eval Error: 0.0181 | Eval Perf: 0.7821
[42, 100] Train Error: 0.0112 | Train Perf: 0.8682 | Eval Error: 0.0182 | Eval Perf: 0.7817
[43, 100] Train Error: 0.0112 | Train Perf: 0.8676 | Eval Error: 0.0179 | Eval Perf: 0.7834
[44, 100] Train Error: 0.0111 | Train Perf: 0.8688 | Eval Error: 0.0183 | Eval Perf: 0.7812
[45, 100] Train Error: 0.0112 | Train Perf: 0.8679 | Eval Error: 0.018 | Eval Perf: 0.7831
[46, 100] Train Error: 0.0111 | Train Perf: 0.8687 | Eval Error: 0.0181 | Eval Perf: 0.7828
[47, 100] Train Error: 0.0112 | Train Perf: 0.8682 | Eval Error: 0.018 | Eval Perf: 0.7831
[48, 100] Train Error: 0.011 | Train Perf: 0.8699 | Eval Error: 0.018 | Eval Perf: 0.7831
[49, 100] Train Error: 0.0111 | Train Perf: 0.8694 | Eval Error: 0.0182 | Eval Perf: 0.7812
[50, 100] Train Error: 0.0111 | Train Perf: 0.8694 | Eval Error: 0.0184 | Eval Perf: 0.782
[51, 100] Train Error: 0.011 | Train Perf: 0.8697 | Eval Error: 0.0186 | Eval Perf: 0.7811
[52, 100] Train Error: 0.011 | Train Perf: 0.8703 | Eval Error: 0.0181 | Eval Perf: 0.7816
[53, 100] Train Error: 0.0111 | Train Perf: 0.8695 | Eval Error: 0.0181 | Eval Perf: 0.7822
[54, 100] Train Error: 0.011 | Train Perf: 0.87 | Eval Error: 0.0181 | Eval Perf: 0.7819
[55, 100] Train Error: 0.0109 | Train Perf: 0.871 | Eval Error: 0.0192 | Eval Perf: 0.7799
[56, 100] Train Error: 0.011 | Train Perf: 0.8702 | Eval Error: 0.0184 | Eval Perf: 0.7822
[57, 100] Train Error: 0.011 | Train Perf: 0.87 | Eval Error: 0.0183 | Eval Perf: 0.7813
[58, 100] Train Error: 0.011 | Train Perf: 0.8706 | Eval Error: 0.018 | Eval Perf: 0.7825
[59, 100] Train Error: 0.011 | Train Perf: 0.8709 | Eval Error: 0.0181 | Eval Perf: 0.7815
[60, 100] Train Error: 0.011 | Train Perf: 0.8705 | Eval Error: 0.018 | Eval Perf: 0.7827
[61, 100] Train Error: 0.0109 | Train Perf: 0.8709 | Eval Error: 0.018 | Eval Perf: 0.7837
[62, 100] Train Error: 0.0109 | Train Perf: 0.8717 | Eval Error: 0.0181 | Eval Perf: 0.7826
[63, 100] Train Error: 0.0109 | Train Perf: 0.8719 | Eval Error: 0.0182 | Eval Perf: 0.7824
[64, 100] Train Error: 0.0109 | Train Perf: 0.8714 | Eval Error: 0.0183 | Eval Perf: 0.7832
[65, 100] Train Error: 0.0108 | Train Perf: 0.8725 | Eval Error: 0.0188 | Eval Perf: 0.7819
[66, 100] Train Error: 0.0108 | Train Perf: 0.8722 | Eval Error: 0.0179 | Eval Perf: 0.7849
[67, 100] Train Error: 0.0108 | Train Perf: 0.8726 | Eval Error: 0.0181 | Eval Perf: 0.7835
[68, 100] Train Error: 0.0108 | Train Perf: 0.8727 | Eval Error: 0.0179 | Eval Perf: 0.7844
[69, 100] Train Error: 0.0108 | Train Perf: 0.873 | Eval Error: 0.0179 | Eval Perf: 0.7848
[70, 100] Train Error: 0.0108 | Train Perf: 0.873 | Eval Error: 0.0179 | Eval Perf: 0.7842
[71, 100] Train Error: 0.0108 | Train Perf: 0.8728 | Eval Error: 0.018 | Eval Perf: 0.7836
[72, 100] Train Error: 0.0107 | Train Perf: 0.8736 | Eval Error: 0.0179 | Eval Perf: 0.7845
[73, 100] Train Error: 0.0107 | Train Perf: 0.8744 | Eval Error: 0.018 | Eval Perf: 0.7846
[74, 100] Train Error: 0.0107 | Train Perf: 0.8738 | Eval Error: 0.0179 | Eval Perf: 0.7847
[75, 100] Train Error: 0.0107 | Train Perf: 0.8745 | Eval Error: 0.0179 | Eval Perf: 0.7841
[76, 100] Train Error: 0.0107 | Train Perf: 0.8741 | Eval Error: 0.0179 | Eval Perf: 0.7846
[77, 100] Train Error: 0.0106 | Train Perf: 0.875 | Eval Error: 0.018 | Eval Perf: 0.7835
[78, 100] Train Error: 0.0106 | Train Perf: 0.8749 | Eval Error: 0.018 | Eval Perf: 0.7847
[79, 100] Train Error: 0.0106 | Train Perf: 0.8753 | Eval Error: 0.0179 | Eval Perf: 0.7857
[80, 100] Train Error: 0.0106 | Train Perf: 0.8758 | Eval Error: 0.0181 | Eval Perf: 0.7839
[81, 100] Train Error: 0.0106 | Train Perf: 0.8756 | Eval Error: 0.018 | Eval Perf: 0.7843
[82, 100] Train Error: 0.0105 | Train Perf: 0.8764 | Eval Error: 0.018 | Eval Perf: 0.7846
[83, 100] Train Error: 0.0105 | Train Perf: 0.877 | Eval Error: 0.0179 | Eval Perf: 0.7847
[84, 100] Train Error: 0.0105 | Train Perf: 0.8766 | Eval Error: 0.0179 | Eval Perf: 0.7856
[85, 100] Train Error: 0.0105 | Train Perf: 0.8771 | Eval Error: 0.018 | Eval Perf: 0.7845
[86, 100] Train Error: 0.0104 | Train Perf: 0.8775 | Eval Error: 0.018 | Eval Perf: 0.7847
[87, 100] Train Error: 0.0104 | Train Perf: 0.8777 | Eval Error: 0.0179 | Eval Perf: 0.7849
[88, 100] Train Error: 0.0104 | Train Perf: 0.8778 | Eval Error: 0.0178 | Eval Perf: 0.7864
[89, 100] Train Error: 0.0104 | Train Perf: 0.8782 | Eval Error: 0.0181 | Eval Perf: 0.7855
[90, 100] Train Error: 0.0103 | Train Perf: 0.8787 | Eval Error: 0.0177 | Eval Perf: 0.7872
[91, 100] Train Error: 0.0103 | Train Perf: 0.8786 | Eval Error: 0.0177 | Eval Perf: 0.787
[92, 100] Train Error: 0.0103 | Train Perf: 0.8797 | Eval Error: 0.0181 | Eval Perf: 0.7856
[93, 100] Train Error: 0.0103 | Train Perf: 0.8792 | Eval Error: 0.0179 | Eval Perf: 0.7866
[94, 100] Train Error: 0.0103 | Train Perf: 0.8793 | Eval Error: 0.0179 | Eval Perf: 0.7856
[95, 100] Train Error: 0.0102 | Train Perf: 0.8799 | Eval Error: 0.018 | Eval Perf: 0.7858
[96, 100] Train Error: 0.0102 | Train Perf: 0.8803 | Eval Error: 0.0178 | Eval Perf: 0.7866
[97, 100] Train Error: 0.0102 | Train Perf: 0.8804 | Eval Error: 0.0179 | Eval Perf: 0.7861
[98, 100] Train Error: 0.0101 | Train Perf: 0.8809 | Eval Error: 0.0178 | Eval Perf: 0.7865
[99, 100] Train Error: 0.0102 | Train Perf: 0.8804 | Eval Error: 0.0178 | Eval Perf: 0.7859
[100, 100] Train Error: 0.0101 | Train Perf: 0.881 | Eval Error: 0.0178 | Eval Perf: 0.7865
