NETWORK SUMMARY
---------------
Input Layer shape: (1, 180)
Hidden Layer shape: (181, 5)
Output layer shape: (6, 1)
Total parameters: 911

[1, 100] Train Error: 0.0279 | Train Perf: 0.424 | Eval Error: 0.021 | Eval Perf: 0.6123
[2, 100] Train Error: 0.0194 | Train Perf: 0.6562 | Eval Error: 0.0195 | Eval Perf: 0.6545
[3, 100] Train Error: 0.0164 | Train Perf: 0.7208 | Eval Error: 0.0199 | Eval Perf: 0.6744
[4, 100] Train Error: 0.0155 | Train Perf: 0.7372 | Eval Error: 0.0184 | Eval Perf: 0.683
[5, 100] Train Error: 0.0136 | Train Perf: 0.775 | Eval Error: 0.0275 | Eval Perf: 0.673
[6, 100] Train Error: 0.013 | Train Perf: 0.7865 | Eval Error: 0.0205 | Eval Perf: 0.688
[7, 100] Train Error: 0.0114 | Train Perf: 0.8149 | Eval Error: 0.0189 | Eval Perf: 0.6818
[8, 100] Train Error: 0.0107 | Train Perf: 0.8277 | Eval Error: 0.0212 | Eval Perf: 0.6666
[9, 100] Train Error: 0.0095 | Train Perf: 0.8493 | Eval Error: 0.0204 | Eval Perf: 0.673
[10, 100] Train Error: 0.0091 | Train Perf: 0.8565 | Eval Error: 0.0189 | Eval Perf: 0.678
[11, 100] Train Error: 0.0088 | Train Perf: 0.8616 | Eval Error: 0.0197 | Eval Perf: 0.6729
[12, 100] Train Error: 0.0078 | Train Perf: 0.8777 | Eval Error: 0.0205 | Eval Perf: 0.6636
[13, 100] Train Error: 0.0076 | Train Perf: 0.8817 | Eval Error: 0.0224 | Eval Perf: 0.6725
[14, 100] Train Error: 0.0069 | Train Perf: 0.8931 | Eval Error: 0.0207 | Eval Perf: 0.6643
[15, 100] Train Error: 0.0061 | Train Perf: 0.9067 | Eval Error: 0.0213 | Eval Perf: 0.6504
[16, 100] Train Error: 0.0057 | Train Perf: 0.9124 | Eval Error: 0.0223 | Eval Perf: 0.6266
[17, 100] Train Error: 0.0054 | Train Perf: 0.9169 | Eval Error: 0.0234 | Eval Perf: 0.6366
[18, 100] Train Error: 0.0052 | Train Perf: 0.9207 | Eval Error: 0.0234 | Eval Perf: 0.6446
[19, 100] Train Error: 0.0047 | Train Perf: 0.9285 | Eval Error: 0.0213 | Eval Perf: 0.6414
[20, 100] Train Error: 0.0046 | Train Perf: 0.9301 | Eval Error: 0.0232 | Eval Perf: 0.63
[21, 100] Train Error: 0.0043 | Train Perf: 0.9353 | Eval Error: 0.023 | Eval Perf: 0.6262
[22, 100] Train Error: 0.0042 | Train Perf: 0.937 | Eval Error: 0.0239 | Eval Perf: 0.61
[23, 100] Train Error: 0.0039 | Train Perf: 0.9413 | Eval Error: 0.0243 | Eval Perf: 0.6011
[24, 100] Train Error: 0.0038 | Train Perf: 0.9434 | Eval Error: 0.0247 | Eval Perf: 0.6196
[25, 100] Train Error: 0.0035 | Train Perf: 0.9477 | Eval Error: 0.0251 | Eval Perf: 0.6172
[26, 100] Train Error: 0.0034 | Train Perf: 0.9487 | Eval Error: 0.0244 | Eval Perf: 0.6022
[27, 100] Train Error: 0.0033 | Train Perf: 0.9508 | Eval Error: 0.0235 | Eval Perf: 0.6179
[28, 100] Train Error: 0.0032 | Train Perf: 0.952 | Eval Error: 0.0252 | Eval Perf: 0.6051
[29, 100] Train Error: 0.0032 | Train Perf: 0.9524 | Eval Error: 0.0241 | Eval Perf: 0.615
[30, 100] Train Error: 0.003 | Train Perf: 0.9558 | Eval Error: 0.0253 | Eval Perf: 0.5899
[31, 100] Train Error: 0.003 | Train Perf: 0.9553 | Eval Error: 0.0245 | Eval Perf: 0.6078
[32, 100] Train Error: 0.0028 | Train Perf: 0.958 | Eval Error: 0.0253 | Eval Perf: 0.6053
[33, 100] Train Error: 0.003 | Train Perf: 0.9555 | Eval Error: 0.0265 | Eval Perf: 0.5993
[34, 100] Train Error: 0.0027 | Train Perf: 0.9599 | Eval Error: 0.0257 | Eval Perf: 0.5914
[35, 100] Train Error: 0.0028 | Train Perf: 0.9585 | Eval Error: 0.0257 | Eval Perf: 0.5975
[36, 100] Train Error: 0.0027 | Train Perf: 0.9608 | Eval Error: 0.0257 | Eval Perf: 0.5842
[37, 100] Train Error: 0.0025 | Train Perf: 0.9624 | Eval Error: 0.0259 | Eval Perf: 0.5851
[38, 100] Train Error: 0.0025 | Train Perf: 0.9634 | Eval Error: 0.0259 | Eval Perf: 0.588
[39, 100] Train Error: 0.0024 | Train Perf: 0.9639 | Eval Error: 0.026 | Eval Perf: 0.5911
[40, 100] Train Error: 0.0024 | Train Perf: 0.9653 | Eval Error: 0.0259 | Eval Perf: 0.5957
[41, 100] Train Error: 0.0024 | Train Perf: 0.9655 | Eval Error: 0.0254 | Eval Perf: 0.602
[42, 100] Train Error: 0.0023 | Train Perf: 0.9657 | Eval Error: 0.0261 | Eval Perf: 0.5949
[43, 100] Train Error: 0.0023 | Train Perf: 0.9664 | Eval Error: 0.0264 | Eval Perf: 0.5842
[44, 100] Train Error: 0.0022 | Train Perf: 0.9674 | Eval Error: 0.0267 | Eval Perf: 0.5898
[45, 100] Train Error: 0.0022 | Train Perf: 0.9675 | Eval Error: 0.0258 | Eval Perf: 0.5965
[46, 100] Train Error: 0.0021 | Train Perf: 0.9692 | Eval Error: 0.0263 | Eval Perf: 0.5833
[47, 100] Train Error: 0.0021 | Train Perf: 0.9693 | Eval Error: 0.0262 | Eval Perf: 0.588
[48, 100] Train Error: 0.0021 | Train Perf: 0.9697 | Eval Error: 0.026 | Eval Perf: 0.5996
[49, 100] Train Error: 0.002 | Train Perf: 0.9704 | Eval Error: 0.0264 | Eval Perf: 0.5825
[50, 100] Train Error: 0.002 | Train Perf: 0.9707 | Eval Error: 0.0255 | Eval Perf: 0.5968
[51, 100] Train Error: 0.002 | Train Perf: 0.9709 | Eval Error: 0.0273 | Eval Perf: 0.5911
[52, 100] Train Error: 0.0019 | Train Perf: 0.9715 | Eval Error: 0.0263 | Eval Perf: 0.5903
[53, 100] Train Error: 0.0019 | Train Perf: 0.9726 | Eval Error: 0.0265 | Eval Perf: 0.5873
[54, 100] Train Error: 0.0018 | Train Perf: 0.973 | Eval Error: 0.0271 | Eval Perf: 0.58
[55, 100] Train Error: 0.0018 | Train Perf: 0.9733 | Eval Error: 0.0263 | Eval Perf: 0.595
[56, 100] Train Error: 0.0019 | Train Perf: 0.973 | Eval Error: 0.0268 | Eval Perf: 0.5782
[57, 100] Train Error: 0.0018 | Train Perf: 0.9737 | Eval Error: 0.0272 | Eval Perf: 0.584
[58, 100] Train Error: 0.0018 | Train Perf: 0.973 | Eval Error: 0.027 | Eval Perf: 0.5819
[59, 100] Train Error: 0.0018 | Train Perf: 0.9746 | Eval Error: 0.0268 | Eval Perf: 0.587
[60, 100] Train Error: 0.0017 | Train Perf: 0.9748 | Eval Error: 0.0273 | Eval Perf: 0.5806
[61, 100] Train Error: 0.0017 | Train Perf: 0.9761 | Eval Error: 0.027 | Eval Perf: 0.5774
[62, 100] Train Error: 0.0017 | Train Perf: 0.9748 | Eval Error: 0.0267 | Eval Perf: 0.5944
[63, 100] Train Error: 0.0016 | Train Perf: 0.9763 | Eval Error: 0.0272 | Eval Perf: 0.5784
[64, 100] Train Error: 0.0017 | Train Perf: 0.9755 | Eval Error: 0.028 | Eval Perf: 0.5681
[65, 100] Train Error: 0.0016 | Train Perf: 0.9764 | Eval Error: 0.027 | Eval Perf: 0.5861
[66, 100] Train Error: 0.0016 | Train Perf: 0.976 | Eval Error: 0.0278 | Eval Perf: 0.5864
[67, 100] Train Error: 0.0016 | Train Perf: 0.9767 | Eval Error: 0.0276 | Eval Perf: 0.5821
[68, 100] Train Error: 0.0016 | Train Perf: 0.9767 | Eval Error: 0.0276 | Eval Perf: 0.5854
[69, 100] Train Error: 0.0016 | Train Perf: 0.9768 | Eval Error: 0.0279 | Eval Perf: 0.5764
[70, 100] Train Error: 0.0016 | Train Perf: 0.9768 | Eval Error: 0.0275 | Eval Perf: 0.5881
[71, 100] Train Error: 0.0016 | Train Perf: 0.977 | Eval Error: 0.0275 | Eval Perf: 0.5809
[72, 100] Train Error: 0.0015 | Train Perf: 0.9779 | Eval Error: 0.0276 | Eval Perf: 0.5847
[73, 100] Train Error: 0.0015 | Train Perf: 0.9786 | Eval Error: 0.028 | Eval Perf: 0.5864
[74, 100] Train Error: 0.0015 | Train Perf: 0.9783 | Eval Error: 0.0283 | Eval Perf: 0.5763
[75, 100] Train Error: 0.0015 | Train Perf: 0.9785 | Eval Error: 0.0281 | Eval Perf: 0.5789
[76, 100] Train Error: 0.0015 | Train Perf: 0.9788 | Eval Error: 0.0282 | Eval Perf: 0.5623
[77, 100] Train Error: 0.0015 | Train Perf: 0.9782 | Eval Error: 0.028 | Eval Perf: 0.573
[78, 100] Train Error: 0.0015 | Train Perf: 0.9783 | Eval Error: 0.0284 | Eval Perf: 0.5787
[79, 100] Train Error: 0.0015 | Train Perf: 0.979 | Eval Error: 0.0288 | Eval Perf: 0.5777
[80, 100] Train Error: 0.0014 | Train Perf: 0.9794 | Eval Error: 0.0281 | Eval Perf: 0.5806
[81, 100] Train Error: 0.0014 | Train Perf: 0.9801 | Eval Error: 0.0276 | Eval Perf: 0.5759
[82, 100] Train Error: 0.0014 | Train Perf: 0.9794 | Eval Error: 0.0286 | Eval Perf: 0.5692
[83, 100] Train Error: 0.0014 | Train Perf: 0.9799 | Eval Error: 0.0282 | Eval Perf: 0.5803
[84, 100] Train Error: 0.0013 | Train Perf: 0.9806 | Eval Error: 0.0285 | Eval Perf: 0.5698
[85, 100] Train Error: 0.0014 | Train Perf: 0.9798 | Eval Error: 0.0291 | Eval Perf: 0.579
[86, 100] Train Error: 0.0013 | Train Perf: 0.9808 | Eval Error: 0.0295 | Eval Perf: 0.57
[87, 100] Train Error: 0.0014 | Train Perf: 0.9801 | Eval Error: 0.0282 | Eval Perf: 0.582
[88, 100] Train Error: 0.0013 | Train Perf: 0.9808 | Eval Error: 0.0286 | Eval Perf: 0.578
[89, 100] Train Error: 0.0013 | Train Perf: 0.9808 | Eval Error: 0.0287 | Eval Perf: 0.5659
[90, 100] Train Error: 0.0013 | Train Perf: 0.9812 | Eval Error: 0.0291 | Eval Perf: 0.5722
[91, 100] Train Error: 0.0013 | Train Perf: 0.9812 | Eval Error: 0.0289 | Eval Perf: 0.5711
[92, 100] Train Error: 0.0013 | Train Perf: 0.9814 | Eval Error: 0.0292 | Eval Perf: 0.5659
[93, 100] Train Error: 0.0013 | Train Perf: 0.9816 | Eval Error: 0.0294 | Eval Perf: 0.5635
[94, 100] Train Error: 0.0013 | Train Perf: 0.9816 | Eval Error: 0.0293 | Eval Perf: 0.569
[95, 100] Train Error: 0.0013 | Train Perf: 0.9817 | Eval Error: 0.0291 | Eval Perf: 0.5621
[96, 100] Train Error: 0.0013 | Train Perf: 0.9815 | Eval Error: 0.0295 | Eval Perf: 0.5701
[97, 100] Train Error: 0.0012 | Train Perf: 0.9824 | Eval Error: 0.0294 | Eval Perf: 0.5627
[98, 100] Train Error: 0.0013 | Train Perf: 0.9817 | Eval Error: 0.0299 | Eval Perf: 0.5639
[99, 100] Train Error: 0.0012 | Train Perf: 0.9822 | Eval Error: 0.0294 | Eval Perf: 0.5502
[100, 100] Train Error: 0.0012 | Train Perf: 0.9825 | Eval Error: 0.0292 | Eval Perf: 0.5638
