NETWORK SUMMARY
---------------
Input Layer shape: (1, 180)
Hidden Layer shape: (181, 3)
Output layer shape: (4, 1)
Total parameters: 547

[1, 100] Train Error: 0.0054 | Train Perf: -0.0469 | Eval Error: 0.0041 | Eval Perf: 0.4141
[2, 100] Train Error: 0.0044 | Train Perf: 0.2173 | Eval Error: 0.0039 | Eval Perf: 0.4888
[3, 100] Train Error: 0.0041 | Train Perf: 0.3564 | Eval Error: 0.0039 | Eval Perf: 0.5193
[4, 100] Train Error: 0.0039 | Train Perf: 0.4645 | Eval Error: 0.0036 | Eval Perf: 0.5343
[5, 100] Train Error: 0.0036 | Train Perf: 0.5549 | Eval Error: 0.0033 | Eval Perf: 0.5422
[6, 100] Train Error: 0.0033 | Train Perf: 0.6021 | Eval Error: 0.0032 | Eval Perf: 0.5477
[7, 100] Train Error: 0.0029 | Train Perf: 0.6399 | Eval Error: 0.0032 | Eval Perf: 0.5544
[8, 100] Train Error: 0.0027 | Train Perf: 0.6712 | Eval Error: 0.003 | Eval Perf: 0.5528
[9, 100] Train Error: 0.0024 | Train Perf: 0.6947 | Eval Error: 0.003 | Eval Perf: 0.555
[10, 100] Train Error: 0.0022 | Train Perf: 0.7208 | Eval Error: 0.003 | Eval Perf: 0.5638
[11, 100] Train Error: 0.0021 | Train Perf: 0.7456 | Eval Error: 0.0032 | Eval Perf: 0.5552
[12, 100] Train Error: 0.002 | Train Perf: 0.7514 | Eval Error: 0.003 | Eval Perf: 0.559
[13, 100] Train Error: 0.0019 | Train Perf: 0.7675 | Eval Error: 0.0031 | Eval Perf: 0.5612
[14, 100] Train Error: 0.0018 | Train Perf: 0.7809 | Eval Error: 0.0031 | Eval Perf: 0.5591
[15, 100] Train Error: 0.0017 | Train Perf: 0.7939 | Eval Error: 0.0031 | Eval Perf: 0.5601
[16, 100] Train Error: 0.0016 | Train Perf: 0.8068 | Eval Error: 0.0032 | Eval Perf: 0.5572
[17, 100] Train Error: 0.0016 | Train Perf: 0.8115 | Eval Error: 0.0032 | Eval Perf: 0.5562
[18, 100] Train Error: 0.0015 | Train Perf: 0.8193 | Eval Error: 0.0032 | Eval Perf: 0.5562
[19, 100] Train Error: 0.0014 | Train Perf: 0.8294 | Eval Error: 0.0037 | Eval Perf: 0.5529
[20, 100] Train Error: 0.0014 | Train Perf: 0.8332 | Eval Error: 0.0034 | Eval Perf: 0.5564
[21, 100] Train Error: 0.0013 | Train Perf: 0.8424 | Eval Error: 0.0035 | Eval Perf: 0.5574
[22, 100] Train Error: 0.0013 | Train Perf: 0.844 | Eval Error: 0.0034 | Eval Perf: 0.5563
[23, 100] Train Error: 0.0013 | Train Perf: 0.8459 | Eval Error: 0.0034 | Eval Perf: 0.5541
[24, 100] Train Error: 0.0012 | Train Perf: 0.8596 | Eval Error: 0.0037 | Eval Perf: 0.5577
[25, 100] Train Error: 0.0012 | Train Perf: 0.8541 | Eval Error: 0.0033 | Eval Perf: 0.5582
[26, 100] Train Error: 0.0012 | Train Perf: 0.8601 | Eval Error: 0.0035 | Eval Perf: 0.5556
[27, 100] Train Error: 0.0012 | Train Perf: 0.8631 | Eval Error: 0.0034 | Eval Perf: 0.5536
[28, 100] Train Error: 0.0011 | Train Perf: 0.8676 | Eval Error: 0.0036 | Eval Perf: 0.5548
[29, 100] Train Error: 0.0011 | Train Perf: 0.8688 | Eval Error: 0.0035 | Eval Perf: 0.5575
[30, 100] Train Error: 0.0011 | Train Perf: 0.8711 | Eval Error: 0.0036 | Eval Perf: 0.5541
[31, 100] Train Error: 0.0011 | Train Perf: 0.8727 | Eval Error: 0.0035 | Eval Perf: 0.5544
[32, 100] Train Error: 0.0011 | Train Perf: 0.8773 | Eval Error: 0.0035 | Eval Perf: 0.5525
[33, 100] Train Error: 0.001 | Train Perf: 0.8849 | Eval Error: 0.0036 | Eval Perf: 0.5522
[34, 100] Train Error: 0.001 | Train Perf: 0.881 | Eval Error: 0.0036 | Eval Perf: 0.5586
[35, 100] Train Error: 0.001 | Train Perf: 0.885 | Eval Error: 0.0038 | Eval Perf: 0.559
[36, 100] Train Error: 0.001 | Train Perf: 0.889 | Eval Error: 0.0035 | Eval Perf: 0.5612
[37, 100] Train Error: 0.001 | Train Perf: 0.8879 | Eval Error: 0.0037 | Eval Perf: 0.5575
[38, 100] Train Error: 0.001 | Train Perf: 0.8898 | Eval Error: 0.0036 | Eval Perf: 0.56
[39, 100] Train Error: 0.0009 | Train Perf: 0.8909 | Eval Error: 0.0034 | Eval Perf: 0.5615
[40, 100] Train Error: 0.0009 | Train Perf: 0.8973 | Eval Error: 0.0042 | Eval Perf: 0.5599
[41, 100] Train Error: 0.0009 | Train Perf: 0.8986 | Eval Error: 0.0037 | Eval Perf: 0.5641
[42, 100] Train Error: 0.0009 | Train Perf: 0.8965 | Eval Error: 0.0034 | Eval Perf: 0.5662
[43, 100] Train Error: 0.0009 | Train Perf: 0.8993 | Eval Error: 0.0035 | Eval Perf: 0.5641
[44, 100] Train Error: 0.0009 | Train Perf: 0.9003 | Eval Error: 0.0034 | Eval Perf: 0.5653
[45, 100] Train Error: 0.0008 | Train Perf: 0.9058 | Eval Error: 0.004 | Eval Perf: 0.5632
[46, 100] Train Error: 0.0008 | Train Perf: 0.9027 | Eval Error: 0.0037 | Eval Perf: 0.5654
[47, 100] Train Error: 0.0008 | Train Perf: 0.905 | Eval Error: 0.0034 | Eval Perf: 0.5653
[48, 100] Train Error: 0.0008 | Train Perf: 0.9048 | Eval Error: 0.0035 | Eval Perf: 0.5665
[49, 100] Train Error: 0.0008 | Train Perf: 0.908 | Eval Error: 0.0036 | Eval Perf: 0.567
[50, 100] Train Error: 0.0008 | Train Perf: 0.9086 | Eval Error: 0.0035 | Eval Perf: 0.5659
[51, 100] Train Error: 0.0008 | Train Perf: 0.9098 | Eval Error: 0.0038 | Eval Perf: 0.5641
[52, 100] Train Error: 0.0008 | Train Perf: 0.9113 | Eval Error: 0.0035 | Eval Perf: 0.5666
[53, 100] Train Error: 0.0008 | Train Perf: 0.9124 | Eval Error: 0.0038 | Eval Perf: 0.5654
[54, 100] Train Error: 0.0007 | Train Perf: 0.9141 | Eval Error: 0.0035 | Eval Perf: 0.5681
[55, 100] Train Error: 0.0007 | Train Perf: 0.9145 | Eval Error: 0.0034 | Eval Perf: 0.5692
[56, 100] Train Error: 0.0007 | Train Perf: 0.9171 | Eval Error: 0.004 | Eval Perf: 0.5705
[57, 100] Train Error: 0.0007 | Train Perf: 0.916 | Eval Error: 0.0034 | Eval Perf: 0.5704
[58, 100] Train Error: 0.0007 | Train Perf: 0.9173 | Eval Error: 0.0035 | Eval Perf: 0.5714
[59, 100] Train Error: 0.0007 | Train Perf: 0.9202 | Eval Error: 0.0034 | Eval Perf: 0.5763
[60, 100] Train Error: 0.0007 | Train Perf: 0.9209 | Eval Error: 0.0035 | Eval Perf: 0.5754
[61, 100] Train Error: 0.0007 | Train Perf: 0.9225 | Eval Error: 0.0035 | Eval Perf: 0.5732
[62, 100] Train Error: 0.0007 | Train Perf: 0.9234 | Eval Error: 0.0035 | Eval Perf: 0.5734
[63, 100] Train Error: 0.0007 | Train Perf: 0.9233 | Eval Error: 0.004 | Eval Perf: 0.5719
[64, 100] Train Error: 0.0007 | Train Perf: 0.9247 | Eval Error: 0.0036 | Eval Perf: 0.5708
[65, 100] Train Error: 0.0007 | Train Perf: 0.924 | Eval Error: 0.0037 | Eval Perf: 0.569
[66, 100] Train Error: 0.0007 | Train Perf: 0.9253 | Eval Error: 0.0035 | Eval Perf: 0.5702
[67, 100] Train Error: 0.0006 | Train Perf: 0.9283 | Eval Error: 0.004 | Eval Perf: 0.5704
[68, 100] Train Error: 0.0006 | Train Perf: 0.9269 | Eval Error: 0.0035 | Eval Perf: 0.5733
[69, 100] Train Error: 0.0006 | Train Perf: 0.9284 | Eval Error: 0.0035 | Eval Perf: 0.572
[70, 100] Train Error: 0.0006 | Train Perf: 0.9309 | Eval Error: 0.0035 | Eval Perf: 0.5738
[71, 100] Train Error: 0.0006 | Train Perf: 0.9303 | Eval Error: 0.0035 | Eval Perf: 0.5755
[72, 100] Train Error: 0.0006 | Train Perf: 0.9315 | Eval Error: 0.0035 | Eval Perf: 0.5758
[73, 100] Train Error: 0.0006 | Train Perf: 0.9322 | Eval Error: 0.0034 | Eval Perf: 0.5759
[74, 100] Train Error: 0.0006 | Train Perf: 0.9318 | Eval Error: 0.0038 | Eval Perf: 0.5738
[75, 100] Train Error: 0.0006 | Train Perf: 0.9328 | Eval Error: 0.0037 | Eval Perf: 0.5764
[76, 100] Train Error: 0.0006 | Train Perf: 0.9336 | Eval Error: 0.0037 | Eval Perf: 0.5774
[77, 100] Train Error: 0.0006 | Train Perf: 0.9353 | Eval Error: 0.0036 | Eval Perf: 0.5742
[78, 100] Train Error: 0.0006 | Train Perf: 0.9356 | Eval Error: 0.0035 | Eval Perf: 0.5756
[79, 100] Train Error: 0.0006 | Train Perf: 0.9361 | Eval Error: 0.0038 | Eval Perf: 0.5728
[80, 100] Train Error: 0.0006 | Train Perf: 0.9374 | Eval Error: 0.0036 | Eval Perf: 0.574
[81, 100] Train Error: 0.0005 | Train Perf: 0.9392 | Eval Error: 0.0037 | Eval Perf: 0.5739
[82, 100] Train Error: 0.0005 | Train Perf: 0.9377 | Eval Error: 0.0037 | Eval Perf: 0.5747
[83, 100] Train Error: 0.0005 | Train Perf: 0.9392 | Eval Error: 0.0037 | Eval Perf: 0.5735
[84, 100] Train Error: 0.0005 | Train Perf: 0.9401 | Eval Error: 0.004 | Eval Perf: 0.5742
[85, 100] Train Error: 0.0005 | Train Perf: 0.9397 | Eval Error: 0.0036 | Eval Perf: 0.5768
[86, 100] Train Error: 0.0005 | Train Perf: 0.9416 | Eval Error: 0.0038 | Eval Perf: 0.5741
[87, 100] Train Error: 0.0005 | Train Perf: 0.9416 | Eval Error: 0.0036 | Eval Perf: 0.5756
[88, 100] Train Error: 0.0005 | Train Perf: 0.9441 | Eval Error: 0.0035 | Eval Perf: 0.5743
[89, 100] Train Error: 0.0005 | Train Perf: 0.9442 | Eval Error: 0.0039 | Eval Perf: 0.5753
[90, 100] Train Error: 0.0005 | Train Perf: 0.9443 | Eval Error: 0.0036 | Eval Perf: 0.5777
[91, 100] Train Error: 0.0005 | Train Perf: 0.9457 | Eval Error: 0.0041 | Eval Perf: 0.5712
[92, 100] Train Error: 0.0005 | Train Perf: 0.9452 | Eval Error: 0.0037 | Eval Perf: 0.5738
[93, 100] Train Error: 0.0005 | Train Perf: 0.9459 | Eval Error: 0.0037 | Eval Perf: 0.5723
[94, 100] Train Error: 0.0005 | Train Perf: 0.9471 | Eval Error: 0.0036 | Eval Perf: 0.5746
[95, 100] Train Error: 0.0005 | Train Perf: 0.948 | Eval Error: 0.0039 | Eval Perf: 0.5718
[96, 100] Train Error: 0.0005 | Train Perf: 0.9472 | Eval Error: 0.0038 | Eval Perf: 0.5739
[97, 100] Train Error: 0.0005 | Train Perf: 0.9485 | Eval Error: 0.0038 | Eval Perf: 0.5722
[98, 100] Train Error: 0.0004 | Train Perf: 0.9492 | Eval Error: 0.0035 | Eval Perf: 0.5739
[99, 100] Train Error: 0.0004 | Train Perf: 0.95 | Eval Error: 0.0036 | Eval Perf: 0.5727
[100, 100] Train Error: 0.0004 | Train Perf: 0.9499 | Eval Error: 0.0037 | Eval Perf: 0.5743
