NETWORK SUMMARY
---------------
Input Layer shape: (1, 180)
Hidden Layer shape: (181, 2)
Output layer shape: (3, 1)
Total parameters: 365

[1, 100] Train Error: 0.0241 | Train Perf: 0.1424 | Eval Error: 0.0193 | Eval Perf: 0.1843
[2, 100] Train Error: 0.0174 | Train Perf: -0.1964 | Eval Error: 0.0166 | Eval Perf: 0.1789
[3, 100] Train Error: 0.0163 | Train Perf: -0.1269 | Eval Error: 0.0159 | Eval Perf: 0.1828
[4, 100] Train Error: 0.016 | Train Perf: -0.0413 | Eval Error: 0.0157 | Eval Perf: 0.1953
[5, 100] Train Error: 0.0159 | Train Perf: 0.007 | Eval Error: 0.0156 | Eval Perf: 0.211
[6, 100] Train Error: 0.0159 | Train Perf: 0.0716 | Eval Error: 0.0154 | Eval Perf: 0.224
[7, 100] Train Error: 0.0158 | Train Perf: 0.1768 | Eval Error: 0.0153 | Eval Perf: 0.2337
[8, 100] Train Error: 0.0159 | Train Perf: 0.1174 | Eval Error: 0.0153 | Eval Perf: 0.2572
[9, 100] Train Error: 0.0158 | Train Perf: 0.1721 | Eval Error: 0.0154 | Eval Perf: 0.2814
[10, 100] Train Error: 0.0158 | Train Perf: 0.1489 | Eval Error: 0.0154 | Eval Perf: 0.3025
[11, 100] Train Error: 0.0158 | Train Perf: 0.1668 | Eval Error: 0.0153 | Eval Perf: 0.3212
[12, 100] Train Error: 0.0158 | Train Perf: 0.259 | Eval Error: 0.0153 | Eval Perf: 0.3394
[13, 100] Train Error: 0.0158 | Train Perf: 0.2289 | Eval Error: 0.0153 | Eval Perf: 0.3618
[14, 100] Train Error: 0.0157 | Train Perf: 0.2244 | Eval Error: 0.0153 | Eval Perf: 0.3813
[15, 100] Train Error: 0.0157 | Train Perf: 0.2865 | Eval Error: 0.0153 | Eval Perf: 0.4086
[16, 100] Train Error: 0.0157 | Train Perf: 0.3392 | Eval Error: 0.0153 | Eval Perf: 0.4262
[17, 100] Train Error: 0.0157 | Train Perf: 0.4131 | Eval Error: 0.0152 | Eval Perf: 0.4442
[18, 100] Train Error: 0.0156 | Train Perf: 0.3697 | Eval Error: 0.0152 | Eval Perf: 0.4571
[19, 100] Train Error: 0.0156 | Train Perf: 0.4105 | Eval Error: 0.0152 | Eval Perf: 0.4825
[20, 100] Train Error: 0.0156 | Train Perf: 0.4645 | Eval Error: 0.0152 | Eval Perf: 0.5043
[21, 100] Train Error: 0.0155 | Train Perf: 0.3616 | Eval Error: 0.0152 | Eval Perf: 0.5209
[22, 100] Train Error: 0.0155 | Train Perf: 0.5068 | Eval Error: 0.0151 | Eval Perf: 0.5305
[23, 100] Train Error: 0.0155 | Train Perf: 0.5216 | Eval Error: 0.0151 | Eval Perf: 0.5479
[24, 100] Train Error: 0.0154 | Train Perf: 0.3966 | Eval Error: 0.0151 | Eval Perf: 0.5671
[25, 100] Train Error: 0.0154 | Train Perf: 0.5778 | Eval Error: 0.0151 | Eval Perf: 0.5782
[26, 100] Train Error: 0.0154 | Train Perf: 0.6155 | Eval Error: 0.0151 | Eval Perf: 0.5959
[27, 100] Train Error: 0.0153 | Train Perf: 0.6027 | Eval Error: 0.0151 | Eval Perf: 0.6085
[28, 100] Train Error: 0.0152 | Train Perf: 0.6237 | Eval Error: 0.0151 | Eval Perf: 0.6232
[29, 100] Train Error: 0.0152 | Train Perf: 0.6457 | Eval Error: 0.0151 | Eval Perf: 0.6332
[30, 100] Train Error: 0.0152 | Train Perf: 0.672 | Eval Error: 0.015 | Eval Perf: 0.6394
[31, 100] Train Error: 0.0151 | Train Perf: 0.6146 | Eval Error: 0.0149 | Eval Perf: 0.6423
[32, 100] Train Error: 0.0151 | Train Perf: 0.6864 | Eval Error: 0.0149 | Eval Perf: 0.6509
[33, 100] Train Error: 0.015 | Train Perf: 0.6745 | Eval Error: 0.0149 | Eval Perf: 0.6603
[34, 100] Train Error: 0.0149 | Train Perf: 0.6415 | Eval Error: 0.0148 | Eval Perf: 0.6643
[35, 100] Train Error: 0.0149 | Train Perf: 0.666 | Eval Error: 0.0148 | Eval Perf: 0.6683
[36, 100] Train Error: 0.0148 | Train Perf: 0.6845 | Eval Error: 0.0147 | Eval Perf: 0.6722
[37, 100] Train Error: 0.0147 | Train Perf: 0.7247 | Eval Error: 0.0147 | Eval Perf: 0.6749
[38, 100] Train Error: 0.0147 | Train Perf: 0.6925 | Eval Error: 0.0146 | Eval Perf: 0.6786
[39, 100] Train Error: 0.0146 | Train Perf: 0.7495 | Eval Error: 0.0146 | Eval Perf: 0.6822
[40, 100] Train Error: 0.0145 | Train Perf: 0.7251 | Eval Error: 0.0145 | Eval Perf: 0.6829
[41, 100] Train Error: 0.0144 | Train Perf: 0.7069 | Eval Error: 0.0145 | Eval Perf: 0.6854
[42, 100] Train Error: 0.0143 | Train Perf: 0.7287 | Eval Error: 0.0145 | Eval Perf: 0.6881
[43, 100] Train Error: 0.0142 | Train Perf: 0.7433 | Eval Error: 0.0144 | Eval Perf: 0.6888
[44, 100] Train Error: 0.0142 | Train Perf: 0.764 | Eval Error: 0.0144 | Eval Perf: 0.6904
[45, 100] Train Error: 0.0141 | Train Perf: 0.767 | Eval Error: 0.0144 | Eval Perf: 0.6914
[46, 100] Train Error: 0.0139 | Train Perf: 0.7689 | Eval Error: 0.0143 | Eval Perf: 0.6922
[47, 100] Train Error: 0.0138 | Train Perf: 0.7437 | Eval Error: 0.0143 | Eval Perf: 0.693
[48, 100] Train Error: 0.0138 | Train Perf: 0.7746 | Eval Error: 0.0142 | Eval Perf: 0.6927
[49, 100] Train Error: 0.0136 | Train Perf: 0.7751 | Eval Error: 0.0141 | Eval Perf: 0.6927
[50, 100] Train Error: 0.0135 | Train Perf: 0.7801 | Eval Error: 0.0141 | Eval Perf: 0.6926
[51, 100] Train Error: 0.0134 | Train Perf: 0.7884 | Eval Error: 0.014 | Eval Perf: 0.6925
[52, 100] Train Error: 0.0133 | Train Perf: 0.7784 | Eval Error: 0.0139 | Eval Perf: 0.6919
[53, 100] Train Error: 0.0132 | Train Perf: 0.7824 | Eval Error: 0.0138 | Eval Perf: 0.6918
[54, 100] Train Error: 0.013 | Train Perf: 0.7939 | Eval Error: 0.0137 | Eval Perf: 0.6918
[55, 100] Train Error: 0.0129 | Train Perf: 0.7901 | Eval Error: 0.0137 | Eval Perf: 0.6915
[56, 100] Train Error: 0.0128 | Train Perf: 0.7969 | Eval Error: 0.0136 | Eval Perf: 0.6914
[57, 100] Train Error: 0.0127 | Train Perf: 0.7891 | Eval Error: 0.0135 | Eval Perf: 0.6912
[58, 100] Train Error: 0.0125 | Train Perf: 0.7853 | Eval Error: 0.0134 | Eval Perf: 0.6909
[59, 100] Train Error: 0.0124 | Train Perf: 0.7965 | Eval Error: 0.0133 | Eval Perf: 0.6907
[60, 100] Train Error: 0.0122 | Train Perf: 0.7976 | Eval Error: 0.0133 | Eval Perf: 0.6908
[61, 100] Train Error: 0.0121 | Train Perf: 0.7913 | Eval Error: 0.0132 | Eval Perf: 0.6904
[62, 100] Train Error: 0.012 | Train Perf: 0.7991 | Eval Error: 0.0131 | Eval Perf: 0.6904
[63, 100] Train Error: 0.0118 | Train Perf: 0.7996 | Eval Error: 0.013 | Eval Perf: 0.6904
[64, 100] Train Error: 0.0117 | Train Perf: 0.7913 | Eval Error: 0.013 | Eval Perf: 0.6902
[65, 100] Train Error: 0.0115 | Train Perf: 0.8061 | Eval Error: 0.0129 | Eval Perf: 0.6898
[66, 100] Train Error: 0.0114 | Train Perf: 0.8022 | Eval Error: 0.0128 | Eval Perf: 0.6897
[67, 100] Train Error: 0.0112 | Train Perf: 0.8107 | Eval Error: 0.0127 | Eval Perf: 0.6893
[68, 100] Train Error: 0.0111 | Train Perf: 0.8031 | Eval Error: 0.0126 | Eval Perf: 0.6893
[69, 100] Train Error: 0.0109 | Train Perf: 0.8139 | Eval Error: 0.0125 | Eval Perf: 0.6886
[70, 100] Train Error: 0.0108 | Train Perf: 0.8134 | Eval Error: 0.0124 | Eval Perf: 0.689
[71, 100] Train Error: 0.0106 | Train Perf: 0.8097 | Eval Error: 0.0123 | Eval Perf: 0.6884
[72, 100] Train Error: 0.0105 | Train Perf: 0.8132 | Eval Error: 0.0122 | Eval Perf: 0.6872
[73, 100] Train Error: 0.0103 | Train Perf: 0.809 | Eval Error: 0.0121 | Eval Perf: 0.6868
[74, 100] Train Error: 0.0102 | Train Perf: 0.8154 | Eval Error: 0.0121 | Eval Perf: 0.6874
[75, 100] Train Error: 0.0101 | Train Perf: 0.8145 | Eval Error: 0.012 | Eval Perf: 0.6872
[76, 100] Train Error: 0.0099 | Train Perf: 0.8194 | Eval Error: 0.0119 | Eval Perf: 0.6878
[77, 100] Train Error: 0.0098 | Train Perf: 0.8222 | Eval Error: 0.0118 | Eval Perf: 0.6862
[78, 100] Train Error: 0.0096 | Train Perf: 0.8202 | Eval Error: 0.0117 | Eval Perf: 0.6853
[79, 100] Train Error: 0.0095 | Train Perf: 0.8158 | Eval Error: 0.0116 | Eval Perf: 0.6849
[80, 100] Train Error: 0.0093 | Train Perf: 0.8209 | Eval Error: 0.0115 | Eval Perf: 0.6851
[81, 100] Train Error: 0.0092 | Train Perf: 0.8196 | Eval Error: 0.0114 | Eval Perf: 0.6844
[82, 100] Train Error: 0.0091 | Train Perf: 0.8193 | Eval Error: 0.0113 | Eval Perf: 0.6844
[83, 100] Train Error: 0.0089 | Train Perf: 0.823 | Eval Error: 0.0113 | Eval Perf: 0.6846
[84, 100] Train Error: 0.0088 | Train Perf: 0.8261 | Eval Error: 0.0112 | Eval Perf: 0.6853
[85, 100] Train Error: 0.0087 | Train Perf: 0.8217 | Eval Error: 0.0111 | Eval Perf: 0.6842
[86, 100] Train Error: 0.0085 | Train Perf: 0.8228 | Eval Error: 0.0111 | Eval Perf: 0.6856
[87, 100] Train Error: 0.0084 | Train Perf: 0.8215 | Eval Error: 0.011 | Eval Perf: 0.6845
[88, 100] Train Error: 0.0083 | Train Perf: 0.8247 | Eval Error: 0.0109 | Eval Perf: 0.6836
[89, 100] Train Error: 0.0082 | Train Perf: 0.8239 | Eval Error: 0.0108 | Eval Perf: 0.6832
[90, 100] Train Error: 0.0081 | Train Perf: 0.8237 | Eval Error: 0.0107 | Eval Perf: 0.6837
[91, 100] Train Error: 0.0079 | Train Perf: 0.8291 | Eval Error: 0.0106 | Eval Perf: 0.6819
[92, 100] Train Error: 0.0079 | Train Perf: 0.8279 | Eval Error: 0.0106 | Eval Perf: 0.6838
[93, 100] Train Error: 0.0077 | Train Perf: 0.8274 | Eval Error: 0.0105 | Eval Perf: 0.6847
[94, 100] Train Error: 0.0076 | Train Perf: 0.8283 | Eval Error: 0.0104 | Eval Perf: 0.6838
[95, 100] Train Error: 0.0075 | Train Perf: 0.8305 | Eval Error: 0.0104 | Eval Perf: 0.683
[96, 100] Train Error: 0.0074 | Train Perf: 0.8281 | Eval Error: 0.0103 | Eval Perf: 0.6841
[97, 100] Train Error: 0.0073 | Train Perf: 0.83 | Eval Error: 0.0102 | Eval Perf: 0.6852
[98, 100] Train Error: 0.0072 | Train Perf: 0.8333 | Eval Error: 0.0102 | Eval Perf: 0.6853
[99, 100] Train Error: 0.0071 | Train Perf: 0.8337 | Eval Error: 0.0101 | Eval Perf: 0.6875
[100, 100] Train Error: 0.007 | Train Perf: 0.8336 | Eval Error: 0.0101 | Eval Perf: 0.6864
