NETWORK SUMMARY
---------------
Input Layer shape: (1, 180)
Hidden Layer shape: (181, 5)
Output layer shape: (6, 1)
Total parameters: 911

[1, 100] Train Error: 0.0396 | Train Perf: 0.2552 | Eval Error: 0.0359 | Eval Perf: 0.5892
[2, 100] Train Error: 0.0309 | Train Perf: 0.5787 | Eval Error: 0.0276 | Eval Perf: 0.6329
[3, 100] Train Error: 0.0249 | Train Perf: 0.6583 | Eval Error: 0.0239 | Eval Perf: 0.6695
[4, 100] Train Error: 0.0217 | Train Perf: 0.7026 | Eval Error: 0.0222 | Eval Perf: 0.6935
[5, 100] Train Error: 0.0199 | Train Perf: 0.7286 | Eval Error: 0.021 | Eval Perf: 0.7174
[6, 100] Train Error: 0.0184 | Train Perf: 0.7533 | Eval Error: 0.0213 | Eval Perf: 0.7228
[7, 100] Train Error: 0.0173 | Train Perf: 0.7673 | Eval Error: 0.0193 | Eval Perf: 0.7385
[8, 100] Train Error: 0.0165 | Train Perf: 0.7794 | Eval Error: 0.0185 | Eval Perf: 0.751
[9, 100] Train Error: 0.0158 | Train Perf: 0.7895 | Eval Error: 0.0182 | Eval Perf: 0.7557
[10, 100] Train Error: 0.0151 | Train Perf: 0.8011 | Eval Error: 0.0181 | Eval Perf: 0.7606
[11, 100] Train Error: 0.0146 | Train Perf: 0.8074 | Eval Error: 0.0173 | Eval Perf: 0.7707
[12, 100] Train Error: 0.0142 | Train Perf: 0.8135 | Eval Error: 0.0169 | Eval Perf: 0.7741
[13, 100] Train Error: 0.0136 | Train Perf: 0.8224 | Eval Error: 0.0168 | Eval Perf: 0.7748
[14, 100] Train Error: 0.0133 | Train Perf: 0.8258 | Eval Error: 0.017 | Eval Perf: 0.7748
[15, 100] Train Error: 0.013 | Train Perf: 0.8303 | Eval Error: 0.0167 | Eval Perf: 0.776
[16, 100] Train Error: 0.0126 | Train Perf: 0.8358 | Eval Error: 0.0166 | Eval Perf: 0.7787
[17, 100] Train Error: 0.0125 | Train Perf: 0.8367 | Eval Error: 0.0168 | Eval Perf: 0.7795
[18, 100] Train Error: 0.0121 | Train Perf: 0.8426 | Eval Error: 0.0162 | Eval Perf: 0.7835
[19, 100] Train Error: 0.0119 | Train Perf: 0.8453 | Eval Error: 0.0165 | Eval Perf: 0.7804
[20, 100] Train Error: 0.0115 | Train Perf: 0.8513 | Eval Error: 0.0162 | Eval Perf: 0.784
[21, 100] Train Error: 0.0116 | Train Perf: 0.8502 | Eval Error: 0.016 | Eval Perf: 0.7867
[22, 100] Train Error: 0.0113 | Train Perf: 0.8541 | Eval Error: 0.0164 | Eval Perf: 0.7828
[23, 100] Train Error: 0.0112 | Train Perf: 0.8555 | Eval Error: 0.0162 | Eval Perf: 0.7907
[24, 100] Train Error: 0.011 | Train Perf: 0.8584 | Eval Error: 0.0158 | Eval Perf: 0.791
[25, 100] Train Error: 0.0108 | Train Perf: 0.8612 | Eval Error: 0.0174 | Eval Perf: 0.7817
[26, 100] Train Error: 0.0107 | Train Perf: 0.8625 | Eval Error: 0.016 | Eval Perf: 0.7908
[27, 100] Train Error: 0.0105 | Train Perf: 0.8644 | Eval Error: 0.0156 | Eval Perf: 0.7929
[28, 100] Train Error: 0.0102 | Train Perf: 0.8686 | Eval Error: 0.0169 | Eval Perf: 0.784
[29, 100] Train Error: 0.0102 | Train Perf: 0.8688 | Eval Error: 0.0153 | Eval Perf: 0.7981
[30, 100] Train Error: 0.0101 | Train Perf: 0.8707 | Eval Error: 0.0155 | Eval Perf: 0.7984
[31, 100] Train Error: 0.01 | Train Perf: 0.8724 | Eval Error: 0.0156 | Eval Perf: 0.7963
[32, 100] Train Error: 0.0097 | Train Perf: 0.8765 | Eval Error: 0.0157 | Eval Perf: 0.7958
[33, 100] Train Error: 0.0098 | Train Perf: 0.8747 | Eval Error: 0.0158 | Eval Perf: 0.7979
[34, 100] Train Error: 0.0096 | Train Perf: 0.8776 | Eval Error: 0.0159 | Eval Perf: 0.794
[35, 100] Train Error: 0.0096 | Train Perf: 0.8779 | Eval Error: 0.0152 | Eval Perf: 0.7998
[36, 100] Train Error: 0.0094 | Train Perf: 0.8803 | Eval Error: 0.0154 | Eval Perf: 0.7969
[37, 100] Train Error: 0.0093 | Train Perf: 0.882 | Eval Error: 0.0149 | Eval Perf: 0.8038
[38, 100] Train Error: 0.0092 | Train Perf: 0.8829 | Eval Error: 0.015 | Eval Perf: 0.8043
[39, 100] Train Error: 0.0091 | Train Perf: 0.8846 | Eval Error: 0.0163 | Eval Perf: 0.7964
[40, 100] Train Error: 0.009 | Train Perf: 0.8858 | Eval Error: 0.0153 | Eval Perf: 0.7994
[41, 100] Train Error: 0.0089 | Train Perf: 0.8873 | Eval Error: 0.015 | Eval Perf: 0.8037
[42, 100] Train Error: 0.0088 | Train Perf: 0.8881 | Eval Error: 0.015 | Eval Perf: 0.8088
[43, 100] Train Error: 0.0088 | Train Perf: 0.8889 | Eval Error: 0.0151 | Eval Perf: 0.8057
[44, 100] Train Error: 0.0087 | Train Perf: 0.89 | Eval Error: 0.0157 | Eval Perf: 0.805
[45, 100] Train Error: 0.0085 | Train Perf: 0.8921 | Eval Error: 0.0148 | Eval Perf: 0.8065
[46, 100] Train Error: 0.0085 | Train Perf: 0.8919 | Eval Error: 0.0148 | Eval Perf: 0.807
[47, 100] Train Error: 0.0083 | Train Perf: 0.8944 | Eval Error: 0.0148 | Eval Perf: 0.806
[48, 100] Train Error: 0.0083 | Train Perf: 0.8947 | Eval Error: 0.0147 | Eval Perf: 0.808
[49, 100] Train Error: 0.0082 | Train Perf: 0.8956 | Eval Error: 0.0148 | Eval Perf: 0.807
[50, 100] Train Error: 0.0082 | Train Perf: 0.8968 | Eval Error: 0.0148 | Eval Perf: 0.8076
[51, 100] Train Error: 0.0081 | Train Perf: 0.8972 | Eval Error: 0.0149 | Eval Perf: 0.8055
[52, 100] Train Error: 0.0081 | Train Perf: 0.8973 | Eval Error: 0.0147 | Eval Perf: 0.8102
[53, 100] Train Error: 0.008 | Train Perf: 0.8995 | Eval Error: 0.015 | Eval Perf: 0.8075
[54, 100] Train Error: 0.0079 | Train Perf: 0.8998 | Eval Error: 0.015 | Eval Perf: 0.8096
[55, 100] Train Error: 0.0079 | Train Perf: 0.9 | Eval Error: 0.0145 | Eval Perf: 0.8111
[56, 100] Train Error: 0.0079 | Train Perf: 0.9005 | Eval Error: 0.0146 | Eval Perf: 0.8097
[57, 100] Train Error: 0.0078 | Train Perf: 0.9018 | Eval Error: 0.0151 | Eval Perf: 0.8063
[58, 100] Train Error: 0.0077 | Train Perf: 0.9029 | Eval Error: 0.0146 | Eval Perf: 0.8102
[59, 100] Train Error: 0.0077 | Train Perf: 0.9024 | Eval Error: 0.0159 | Eval Perf: 0.8053
[60, 100] Train Error: 0.0076 | Train Perf: 0.9047 | Eval Error: 0.0151 | Eval Perf: 0.8049
[61, 100] Train Error: 0.0076 | Train Perf: 0.9048 | Eval Error: 0.0158 | Eval Perf: 0.803
[62, 100] Train Error: 0.0074 | Train Perf: 0.9064 | Eval Error: 0.0147 | Eval Perf: 0.8111
[63, 100] Train Error: 0.0075 | Train Perf: 0.906 | Eval Error: 0.0151 | Eval Perf: 0.8058
[64, 100] Train Error: 0.0073 | Train Perf: 0.9076 | Eval Error: 0.0155 | Eval Perf: 0.8062
[65, 100] Train Error: 0.0074 | Train Perf: 0.9072 | Eval Error: 0.0149 | Eval Perf: 0.8066
[66, 100] Train Error: 0.0073 | Train Perf: 0.9078 | Eval Error: 0.0149 | Eval Perf: 0.8073
[67, 100] Train Error: 0.0073 | Train Perf: 0.9083 | Eval Error: 0.0151 | Eval Perf: 0.8041
[68, 100] Train Error: 0.0073 | Train Perf: 0.9082 | Eval Error: 0.0157 | Eval Perf: 0.8063
[69, 100] Train Error: 0.0071 | Train Perf: 0.9106 | Eval Error: 0.0149 | Eval Perf: 0.8065
[70, 100] Train Error: 0.0072 | Train Perf: 0.9101 | Eval Error: 0.0151 | Eval Perf: 0.8069
[71, 100] Train Error: 0.0071 | Train Perf: 0.9111 | Eval Error: 0.0148 | Eval Perf: 0.8084
[72, 100] Train Error: 0.0072 | Train Perf: 0.9097 | Eval Error: 0.0149 | Eval Perf: 0.8074
[73, 100] Train Error: 0.007 | Train Perf: 0.9117 | Eval Error: 0.0156 | Eval Perf: 0.8046
[74, 100] Train Error: 0.007 | Train Perf: 0.9115 | Eval Error: 0.0161 | Eval Perf: 0.8057
[75, 100] Train Error: 0.007 | Train Perf: 0.9121 | Eval Error: 0.0148 | Eval Perf: 0.8085
[76, 100] Train Error: 0.007 | Train Perf: 0.9123 | Eval Error: 0.0151 | Eval Perf: 0.805
[77, 100] Train Error: 0.0069 | Train Perf: 0.9138 | Eval Error: 0.0153 | Eval Perf: 0.8028
[78, 100] Train Error: 0.0069 | Train Perf: 0.9135 | Eval Error: 0.0153 | Eval Perf: 0.8044
[79, 100] Train Error: 0.0068 | Train Perf: 0.9148 | Eval Error: 0.0148 | Eval Perf: 0.8105
[80, 100] Train Error: 0.0069 | Train Perf: 0.9139 | Eval Error: 0.0154 | Eval Perf: 0.8095
[81, 100] Train Error: 0.0068 | Train Perf: 0.9151 | Eval Error: 0.0155 | Eval Perf: 0.8061
[82, 100] Train Error: 0.0067 | Train Perf: 0.9161 | Eval Error: 0.0158 | Eval Perf: 0.7981
[83, 100] Train Error: 0.0068 | Train Perf: 0.9151 | Eval Error: 0.016 | Eval Perf: 0.8017
[84, 100] Train Error: 0.0067 | Train Perf: 0.9156 | Eval Error: 0.0153 | Eval Perf: 0.805
[85, 100] Train Error: 0.0066 | Train Perf: 0.9175 | Eval Error: 0.0163 | Eval Perf: 0.8032
[86, 100] Train Error: 0.0066 | Train Perf: 0.9173 | Eval Error: 0.0148 | Eval Perf: 0.8084
[87, 100] Train Error: 0.0066 | Train Perf: 0.9172 | Eval Error: 0.0156 | Eval Perf: 0.8014
[88, 100] Train Error: 0.0066 | Train Perf: 0.9176 | Eval Error: 0.0156 | Eval Perf: 0.8044
[89, 100] Train Error: 0.0066 | Train Perf: 0.9177 | Eval Error: 0.0154 | Eval Perf: 0.806
[90, 100] Train Error: 0.0065 | Train Perf: 0.9188 | Eval Error: 0.0152 | Eval Perf: 0.807
[91, 100] Train Error: 0.0065 | Train Perf: 0.9186 | Eval Error: 0.0151 | Eval Perf: 0.805
[92, 100] Train Error: 0.0065 | Train Perf: 0.9186 | Eval Error: 0.0152 | Eval Perf: 0.8068
[93, 100] Train Error: 0.0064 | Train Perf: 0.9195 | Eval Error: 0.0151 | Eval Perf: 0.8035
[94, 100] Train Error: 0.0064 | Train Perf: 0.9195 | Eval Error: 0.0151 | Eval Perf: 0.805
[95, 100] Train Error: 0.0064 | Train Perf: 0.9198 | Eval Error: 0.0162 | Eval Perf: 0.8038
[96, 100] Train Error: 0.0064 | Train Perf: 0.9205 | Eval Error: 0.0155 | Eval Perf: 0.8041
[97, 100] Train Error: 0.0062 | Train Perf: 0.9226 | Eval Error: 0.0151 | Eval Perf: 0.8052
[98, 100] Train Error: 0.0063 | Train Perf: 0.9214 | Eval Error: 0.0155 | Eval Perf: 0.8009
[99, 100] Train Error: 0.0063 | Train Perf: 0.9207 | Eval Error: 0.0152 | Eval Perf: 0.8038
[100, 100] Train Error: 0.0062 | Train Perf: 0.922 | Eval Error: 0.0157 | Eval Perf: 0.7992
