NETWORK SUMMARY
---------------
Input Layer shape: (1, 180)
Hidden Layer shape: (181, 5)
Output layer shape: (6, 1)
Total parameters: 911

[1, 100] Train Error: 0.0396 | Train Perf: 0.2577 | Eval Error: 0.0356 | Eval Perf: 0.6048
[2, 100] Train Error: 0.0311 | Train Perf: 0.5701 | Eval Error: 0.0271 | Eval Perf: 0.6558
[3, 100] Train Error: 0.0254 | Train Perf: 0.6483 | Eval Error: 0.023 | Eval Perf: 0.6903
[4, 100] Train Error: 0.0224 | Train Perf: 0.6897 | Eval Error: 0.021 | Eval Perf: 0.7215
[5, 100] Train Error: 0.0205 | Train Perf: 0.7212 | Eval Error: 0.0206 | Eval Perf: 0.7388
[6, 100] Train Error: 0.0192 | Train Perf: 0.7392 | Eval Error: 0.0188 | Eval Perf: 0.7494
[7, 100] Train Error: 0.0182 | Train Perf: 0.7549 | Eval Error: 0.0176 | Eval Perf: 0.771
[8, 100] Train Error: 0.0172 | Train Perf: 0.7698 | Eval Error: 0.0164 | Eval Perf: 0.7806
[9, 100] Train Error: 0.0164 | Train Perf: 0.7815 | Eval Error: 0.0159 | Eval Perf: 0.7879
[10, 100] Train Error: 0.0158 | Train Perf: 0.7891 | Eval Error: 0.0152 | Eval Perf: 0.8004
[11, 100] Train Error: 0.0154 | Train Perf: 0.7962 | Eval Error: 0.0148 | Eval Perf: 0.804
[12, 100] Train Error: 0.0149 | Train Perf: 0.8036 | Eval Error: 0.0142 | Eval Perf: 0.8147
[13, 100] Train Error: 0.0146 | Train Perf: 0.8081 | Eval Error: 0.0139 | Eval Perf: 0.8177
[14, 100] Train Error: 0.0141 | Train Perf: 0.8151 | Eval Error: 0.0147 | Eval Perf: 0.8247
[15, 100] Train Error: 0.0138 | Train Perf: 0.8192 | Eval Error: 0.0135 | Eval Perf: 0.8239
[16, 100] Train Error: 0.0135 | Train Perf: 0.8234 | Eval Error: 0.0132 | Eval Perf: 0.8311
[17, 100] Train Error: 0.0131 | Train Perf: 0.8285 | Eval Error: 0.0131 | Eval Perf: 0.8316
[18, 100] Train Error: 0.013 | Train Perf: 0.8308 | Eval Error: 0.0137 | Eval Perf: 0.8386
[19, 100] Train Error: 0.0125 | Train Perf: 0.8372 | Eval Error: 0.0124 | Eval Perf: 0.8379
[20, 100] Train Error: 0.0124 | Train Perf: 0.8385 | Eval Error: 0.0125 | Eval Perf: 0.838
[21, 100] Train Error: 0.0122 | Train Perf: 0.8411 | Eval Error: 0.0122 | Eval Perf: 0.8414
[22, 100] Train Error: 0.0119 | Train Perf: 0.8455 | Eval Error: 0.0125 | Eval Perf: 0.8375
[23, 100] Train Error: 0.0117 | Train Perf: 0.8486 | Eval Error: 0.0122 | Eval Perf: 0.8416
[24, 100] Train Error: 0.0115 | Train Perf: 0.8513 | Eval Error: 0.0123 | Eval Perf: 0.8416
[25, 100] Train Error: 0.0112 | Train Perf: 0.856 | Eval Error: 0.0129 | Eval Perf: 0.8457
[26, 100] Train Error: 0.0111 | Train Perf: 0.8577 | Eval Error: 0.012 | Eval Perf: 0.844
[27, 100] Train Error: 0.0109 | Train Perf: 0.8599 | Eval Error: 0.0122 | Eval Perf: 0.8451
[28, 100] Train Error: 0.0106 | Train Perf: 0.8636 | Eval Error: 0.0122 | Eval Perf: 0.8421
[29, 100] Train Error: 0.0106 | Train Perf: 0.8635 | Eval Error: 0.0119 | Eval Perf: 0.8459
[30, 100] Train Error: 0.0104 | Train Perf: 0.8667 | Eval Error: 0.0116 | Eval Perf: 0.8493
[31, 100] Train Error: 0.0102 | Train Perf: 0.8696 | Eval Error: 0.0119 | Eval Perf: 0.8461
[32, 100] Train Error: 0.0099 | Train Perf: 0.873 | Eval Error: 0.0122 | Eval Perf: 0.8444
[33, 100] Train Error: 0.01 | Train Perf: 0.8725 | Eval Error: 0.0117 | Eval Perf: 0.8501
[34, 100] Train Error: 0.0098 | Train Perf: 0.8748 | Eval Error: 0.0122 | Eval Perf: 0.8449
[35, 100] Train Error: 0.0097 | Train Perf: 0.8765 | Eval Error: 0.0118 | Eval Perf: 0.8487
[36, 100] Train Error: 0.0095 | Train Perf: 0.8796 | Eval Error: 0.0117 | Eval Perf: 0.8479
[37, 100] Train Error: 0.0095 | Train Perf: 0.8795 | Eval Error: 0.0123 | Eval Perf: 0.8405
[38, 100] Train Error: 0.0092 | Train Perf: 0.8837 | Eval Error: 0.0121 | Eval Perf: 0.8452
[39, 100] Train Error: 0.0092 | Train Perf: 0.8835 | Eval Error: 0.0118 | Eval Perf: 0.8475
[40, 100] Train Error: 0.0091 | Train Perf: 0.8849 | Eval Error: 0.0118 | Eval Perf: 0.8468
[41, 100] Train Error: 0.0088 | Train Perf: 0.8885 | Eval Error: 0.0119 | Eval Perf: 0.8476
[42, 100] Train Error: 0.0087 | Train Perf: 0.8893 | Eval Error: 0.0124 | Eval Perf: 0.8462
[43, 100] Train Error: 0.0086 | Train Perf: 0.8907 | Eval Error: 0.0117 | Eval Perf: 0.8504
[44, 100] Train Error: 0.0086 | Train Perf: 0.8917 | Eval Error: 0.0117 | Eval Perf: 0.8495
[45, 100] Train Error: 0.0084 | Train Perf: 0.8938 | Eval Error: 0.0117 | Eval Perf: 0.85
[46, 100] Train Error: 0.0084 | Train Perf: 0.8935 | Eval Error: 0.0121 | Eval Perf: 0.8431
[47, 100] Train Error: 0.0083 | Train Perf: 0.8946 | Eval Error: 0.0125 | Eval Perf: 0.8476
[48, 100] Train Error: 0.0082 | Train Perf: 0.8968 | Eval Error: 0.0121 | Eval Perf: 0.8434
[49, 100] Train Error: 0.0082 | Train Perf: 0.8963 | Eval Error: 0.0121 | Eval Perf: 0.8432
[50, 100] Train Error: 0.0081 | Train Perf: 0.8975 | Eval Error: 0.0126 | Eval Perf: 0.8422
[51, 100] Train Error: 0.0079 | Train Perf: 0.9 | Eval Error: 0.012 | Eval Perf: 0.8471
[52, 100] Train Error: 0.0078 | Train Perf: 0.9017 | Eval Error: 0.0121 | Eval Perf: 0.8491
[53, 100] Train Error: 0.0078 | Train Perf: 0.9013 | Eval Error: 0.012 | Eval Perf: 0.8451
[54, 100] Train Error: 0.0077 | Train Perf: 0.9027 | Eval Error: 0.0118 | Eval Perf: 0.8478
[55, 100] Train Error: 0.0076 | Train Perf: 0.9039 | Eval Error: 0.0119 | Eval Perf: 0.8469
[56, 100] Train Error: 0.0076 | Train Perf: 0.9041 | Eval Error: 0.012 | Eval Perf: 0.8461
[57, 100] Train Error: 0.0076 | Train Perf: 0.9048 | Eval Error: 0.0123 | Eval Perf: 0.8418
[58, 100] Train Error: 0.0075 | Train Perf: 0.9061 | Eval Error: 0.0119 | Eval Perf: 0.8473
[59, 100] Train Error: 0.0074 | Train Perf: 0.9075 | Eval Error: 0.0122 | Eval Perf: 0.8438
[60, 100] Train Error: 0.0073 | Train Perf: 0.9086 | Eval Error: 0.0126 | Eval Perf: 0.8379
[61, 100] Train Error: 0.0073 | Train Perf: 0.9078 | Eval Error: 0.0123 | Eval Perf: 0.8417
[62, 100] Train Error: 0.0072 | Train Perf: 0.9098 | Eval Error: 0.0123 | Eval Perf: 0.843
[63, 100] Train Error: 0.0072 | Train Perf: 0.9095 | Eval Error: 0.0127 | Eval Perf: 0.8384
[64, 100] Train Error: 0.0071 | Train Perf: 0.9106 | Eval Error: 0.012 | Eval Perf: 0.8474
[65, 100] Train Error: 0.0071 | Train Perf: 0.9115 | Eval Error: 0.0124 | Eval Perf: 0.842
[66, 100] Train Error: 0.007 | Train Perf: 0.9119 | Eval Error: 0.0122 | Eval Perf: 0.8451
[67, 100] Train Error: 0.007 | Train Perf: 0.9119 | Eval Error: 0.0124 | Eval Perf: 0.8431
[68, 100] Train Error: 0.007 | Train Perf: 0.9127 | Eval Error: 0.0124 | Eval Perf: 0.8421
[69, 100] Train Error: 0.0068 | Train Perf: 0.9143 | Eval Error: 0.0123 | Eval Perf: 0.8437
[70, 100] Train Error: 0.0067 | Train Perf: 0.9162 | Eval Error: 0.0127 | Eval Perf: 0.839
[71, 100] Train Error: 0.0068 | Train Perf: 0.9149 | Eval Error: 0.013 | Eval Perf: 0.8362
[72, 100] Train Error: 0.0067 | Train Perf: 0.916 | Eval Error: 0.0126 | Eval Perf: 0.8388
[73, 100] Train Error: 0.0067 | Train Perf: 0.9162 | Eval Error: 0.0131 | Eval Perf: 0.8336
[74, 100] Train Error: 0.0066 | Train Perf: 0.9171 | Eval Error: 0.0126 | Eval Perf: 0.8393
[75, 100] Train Error: 0.0067 | Train Perf: 0.9163 | Eval Error: 0.0126 | Eval Perf: 0.84
[76, 100] Train Error: 0.0065 | Train Perf: 0.9181 | Eval Error: 0.0126 | Eval Perf: 0.8417
[77, 100] Train Error: 0.0065 | Train Perf: 0.9192 | Eval Error: 0.0132 | Eval Perf: 0.8347
[78, 100] Train Error: 0.0065 | Train Perf: 0.9185 | Eval Error: 0.0129 | Eval Perf: 0.8391
[79, 100] Train Error: 0.0064 | Train Perf: 0.92 | Eval Error: 0.0124 | Eval Perf: 0.8426
[80, 100] Train Error: 0.0064 | Train Perf: 0.9201 | Eval Error: 0.0128 | Eval Perf: 0.8378
[81, 100] Train Error: 0.0064 | Train Perf: 0.9197 | Eval Error: 0.0127 | Eval Perf: 0.8384
[82, 100] Train Error: 0.0064 | Train Perf: 0.92 | Eval Error: 0.0128 | Eval Perf: 0.8373
[83, 100] Train Error: 0.0063 | Train Perf: 0.9217 | Eval Error: 0.0131 | Eval Perf: 0.8382
[84, 100] Train Error: 0.0062 | Train Perf: 0.9223 | Eval Error: 0.0127 | Eval Perf: 0.8398
[85, 100] Train Error: 0.0062 | Train Perf: 0.9223 | Eval Error: 0.0126 | Eval Perf: 0.8394
[86, 100] Train Error: 0.0062 | Train Perf: 0.9221 | Eval Error: 0.0129 | Eval Perf: 0.839
[87, 100] Train Error: 0.0062 | Train Perf: 0.9223 | Eval Error: 0.013 | Eval Perf: 0.836
[88, 100] Train Error: 0.0062 | Train Perf: 0.9233 | Eval Error: 0.0127 | Eval Perf: 0.8403
[89, 100] Train Error: 0.0061 | Train Perf: 0.9234 | Eval Error: 0.0129 | Eval Perf: 0.8387
[90, 100] Train Error: 0.0061 | Train Perf: 0.9239 | Eval Error: 0.013 | Eval Perf: 0.8355
[91, 100] Train Error: 0.006 | Train Perf: 0.925 | Eval Error: 0.0128 | Eval Perf: 0.8384
[92, 100] Train Error: 0.006 | Train Perf: 0.9248 | Eval Error: 0.013 | Eval Perf: 0.8359
[93, 100] Train Error: 0.006 | Train Perf: 0.9251 | Eval Error: 0.0129 | Eval Perf: 0.8377
[94, 100] Train Error: 0.006 | Train Perf: 0.9254 | Eval Error: 0.0129 | Eval Perf: 0.8376
[95, 100] Train Error: 0.0059 | Train Perf: 0.9272 | Eval Error: 0.0131 | Eval Perf: 0.8348
[96, 100] Train Error: 0.0059 | Train Perf: 0.9263 | Eval Error: 0.0129 | Eval Perf: 0.8374
[97, 100] Train Error: 0.0059 | Train Perf: 0.9265 | Eval Error: 0.0132 | Eval Perf: 0.8332
[98, 100] Train Error: 0.0059 | Train Perf: 0.9268 | Eval Error: 0.0132 | Eval Perf: 0.836
[99, 100] Train Error: 0.0057 | Train Perf: 0.9285 | Eval Error: 0.0129 | Eval Perf: 0.8381
[100, 100] Train Error: 0.0058 | Train Perf: 0.9277 | Eval Error: 0.0131 | Eval Perf: 0.836
