NETWORK SUMMARY
---------------
Input Layer shape: (1, 180)
Hidden Layer shape: (181, 3)
Output layer shape: (4, 1)
Total parameters: 547

[1, 100] Train Error: 0.0372 | Train Perf: 0.3812 | Eval Error: 0.029 | Eval Perf: 0.6658
[2, 100] Train Error: 0.0252 | Train Perf: 0.6629 | Eval Error: 0.0217 | Eval Perf: 0.7162
[3, 100] Train Error: 0.0205 | Train Perf: 0.7278 | Eval Error: 0.0184 | Eval Perf: 0.7569
[4, 100] Train Error: 0.0175 | Train Perf: 0.769 | Eval Error: 0.0163 | Eval Perf: 0.7943
[5, 100] Train Error: 0.0155 | Train Perf: 0.7972 | Eval Error: 0.0147 | Eval Perf: 0.8172
[6, 100] Train Error: 0.014 | Train Perf: 0.8182 | Eval Error: 0.0135 | Eval Perf: 0.8262
[7, 100] Train Error: 0.013 | Train Perf: 0.8316 | Eval Error: 0.0124 | Eval Perf: 0.8397
[8, 100] Train Error: 0.0124 | Train Perf: 0.8393 | Eval Error: 0.0126 | Eval Perf: 0.8482
[9, 100] Train Error: 0.0119 | Train Perf: 0.8454 | Eval Error: 0.0114 | Eval Perf: 0.8542
[10, 100] Train Error: 0.0115 | Train Perf: 0.851 | Eval Error: 0.0114 | Eval Perf: 0.856
[11, 100] Train Error: 0.0112 | Train Perf: 0.8552 | Eval Error: 0.0116 | Eval Perf: 0.8576
[12, 100] Train Error: 0.011 | Train Perf: 0.8584 | Eval Error: 0.0109 | Eval Perf: 0.8614
[13, 100] Train Error: 0.0108 | Train Perf: 0.8609 | Eval Error: 0.011 | Eval Perf: 0.8606
[14, 100] Train Error: 0.0106 | Train Perf: 0.8641 | Eval Error: 0.0115 | Eval Perf: 0.8624
[15, 100] Train Error: 0.0104 | Train Perf: 0.8663 | Eval Error: 0.0109 | Eval Perf: 0.8601
[16, 100] Train Error: 0.0103 | Train Perf: 0.8676 | Eval Error: 0.0111 | Eval Perf: 0.861
[17, 100] Train Error: 0.0101 | Train Perf: 0.8701 | Eval Error: 0.0107 | Eval Perf: 0.8613
[18, 100] Train Error: 0.01 | Train Perf: 0.8712 | Eval Error: 0.0111 | Eval Perf: 0.8566
[19, 100] Train Error: 0.0099 | Train Perf: 0.8738 | Eval Error: 0.0103 | Eval Perf: 0.8673
[20, 100] Train Error: 0.0098 | Train Perf: 0.8742 | Eval Error: 0.0109 | Eval Perf: 0.8622
[21, 100] Train Error: 0.0098 | Train Perf: 0.8747 | Eval Error: 0.0107 | Eval Perf: 0.8632
[22, 100] Train Error: 0.0097 | Train Perf: 0.8756 | Eval Error: 0.0106 | Eval Perf: 0.8648
[23, 100] Train Error: 0.0095 | Train Perf: 0.8784 | Eval Error: 0.0107 | Eval Perf: 0.8609
[24, 100] Train Error: 0.0095 | Train Perf: 0.8792 | Eval Error: 0.0109 | Eval Perf: 0.8625
[25, 100] Train Error: 0.0094 | Train Perf: 0.88 | Eval Error: 0.0107 | Eval Perf: 0.8622
[26, 100] Train Error: 0.0093 | Train Perf: 0.8808 | Eval Error: 0.0107 | Eval Perf: 0.8642
[27, 100] Train Error: 0.0092 | Train Perf: 0.8824 | Eval Error: 0.0106 | Eval Perf: 0.8629
[28, 100] Train Error: 0.0091 | Train Perf: 0.8834 | Eval Error: 0.0106 | Eval Perf: 0.8634
[29, 100] Train Error: 0.0091 | Train Perf: 0.8845 | Eval Error: 0.0108 | Eval Perf: 0.8606
[30, 100] Train Error: 0.0091 | Train Perf: 0.8841 | Eval Error: 0.0109 | Eval Perf: 0.8648
[31, 100] Train Error: 0.0089 | Train Perf: 0.8862 | Eval Error: 0.0109 | Eval Perf: 0.8639
[32, 100] Train Error: 0.0089 | Train Perf: 0.8874 | Eval Error: 0.0114 | Eval Perf: 0.8539
[33, 100] Train Error: 0.0089 | Train Perf: 0.8868 | Eval Error: 0.0107 | Eval Perf: 0.8622
[34, 100] Train Error: 0.0088 | Train Perf: 0.8884 | Eval Error: 0.0106 | Eval Perf: 0.8637
[35, 100] Train Error: 0.0088 | Train Perf: 0.8889 | Eval Error: 0.0109 | Eval Perf: 0.8629
[36, 100] Train Error: 0.0086 | Train Perf: 0.8909 | Eval Error: 0.0108 | Eval Perf: 0.8642
[37, 100] Train Error: 0.0086 | Train Perf: 0.891 | Eval Error: 0.011 | Eval Perf: 0.8619
[38, 100] Train Error: 0.0085 | Train Perf: 0.8919 | Eval Error: 0.011 | Eval Perf: 0.8584
[39, 100] Train Error: 0.0084 | Train Perf: 0.893 | Eval Error: 0.0109 | Eval Perf: 0.861
[40, 100] Train Error: 0.0085 | Train Perf: 0.893 | Eval Error: 0.0107 | Eval Perf: 0.8629
[41, 100] Train Error: 0.0084 | Train Perf: 0.8941 | Eval Error: 0.0109 | Eval Perf: 0.8598
[42, 100] Train Error: 0.0084 | Train Perf: 0.8939 | Eval Error: 0.0108 | Eval Perf: 0.8623
[43, 100] Train Error: 0.0082 | Train Perf: 0.8961 | Eval Error: 0.011 | Eval Perf: 0.8599
[44, 100] Train Error: 0.0082 | Train Perf: 0.8969 | Eval Error: 0.0109 | Eval Perf: 0.8592
[45, 100] Train Error: 0.0082 | Train Perf: 0.8963 | Eval Error: 0.0109 | Eval Perf: 0.8601
[46, 100] Train Error: 0.0081 | Train Perf: 0.8975 | Eval Error: 0.0108 | Eval Perf: 0.861
[47, 100] Train Error: 0.0081 | Train Perf: 0.8978 | Eval Error: 0.0107 | Eval Perf: 0.8621
[48, 100] Train Error: 0.0081 | Train Perf: 0.8982 | Eval Error: 0.0109 | Eval Perf: 0.8609
[49, 100] Train Error: 0.008 | Train Perf: 0.8988 | Eval Error: 0.011 | Eval Perf: 0.8588
[50, 100] Train Error: 0.0079 | Train Perf: 0.9 | Eval Error: 0.011 | Eval Perf: 0.8596
[51, 100] Train Error: 0.0079 | Train Perf: 0.901 | Eval Error: 0.0115 | Eval Perf: 0.8587
[52, 100] Train Error: 0.008 | Train Perf: 0.8999 | Eval Error: 0.0111 | Eval Perf: 0.8582
[53, 100] Train Error: 0.0079 | Train Perf: 0.9009 | Eval Error: 0.011 | Eval Perf: 0.86
[54, 100] Train Error: 0.0078 | Train Perf: 0.9025 | Eval Error: 0.0112 | Eval Perf: 0.8576
[55, 100] Train Error: 0.0078 | Train Perf: 0.9023 | Eval Error: 0.0114 | Eval Perf: 0.8547
[56, 100] Train Error: 0.0076 | Train Perf: 0.9042 | Eval Error: 0.0114 | Eval Perf: 0.8537
[57, 100] Train Error: 0.0077 | Train Perf: 0.903 | Eval Error: 0.0112 | Eval Perf: 0.8577
[58, 100] Train Error: 0.0077 | Train Perf: 0.9038 | Eval Error: 0.0114 | Eval Perf: 0.8554
[59, 100] Train Error: 0.0077 | Train Perf: 0.9035 | Eval Error: 0.0117 | Eval Perf: 0.8536
[60, 100] Train Error: 0.0077 | Train Perf: 0.9036 | Eval Error: 0.0112 | Eval Perf: 0.8576
[61, 100] Train Error: 0.0076 | Train Perf: 0.9053 | Eval Error: 0.0115 | Eval Perf: 0.8542
[62, 100] Train Error: 0.0075 | Train Perf: 0.9058 | Eval Error: 0.0118 | Eval Perf: 0.8533
[63, 100] Train Error: 0.0075 | Train Perf: 0.9055 | Eval Error: 0.0113 | Eval Perf: 0.8563
[64, 100] Train Error: 0.0075 | Train Perf: 0.9063 | Eval Error: 0.0114 | Eval Perf: 0.8544
[65, 100] Train Error: 0.0075 | Train Perf: 0.9065 | Eval Error: 0.0113 | Eval Perf: 0.856
[66, 100] Train Error: 0.0074 | Train Perf: 0.9079 | Eval Error: 0.0115 | Eval Perf: 0.8553
[67, 100] Train Error: 0.0074 | Train Perf: 0.908 | Eval Error: 0.0119 | Eval Perf: 0.8507
[68, 100] Train Error: 0.0073 | Train Perf: 0.908 | Eval Error: 0.0118 | Eval Perf: 0.8497
[69, 100] Train Error: 0.0073 | Train Perf: 0.9084 | Eval Error: 0.0117 | Eval Perf: 0.8521
[70, 100] Train Error: 0.0073 | Train Perf: 0.9089 | Eval Error: 0.0117 | Eval Perf: 0.8514
[71, 100] Train Error: 0.0073 | Train Perf: 0.9093 | Eval Error: 0.0115 | Eval Perf: 0.8536
[72, 100] Train Error: 0.0073 | Train Perf: 0.9093 | Eval Error: 0.0116 | Eval Perf: 0.8523
[73, 100] Train Error: 0.0072 | Train Perf: 0.9103 | Eval Error: 0.0115 | Eval Perf: 0.8532
[74, 100] Train Error: 0.0072 | Train Perf: 0.9098 | Eval Error: 0.0119 | Eval Perf: 0.8525
[75, 100] Train Error: 0.0071 | Train Perf: 0.9112 | Eval Error: 0.0116 | Eval Perf: 0.8538
[76, 100] Train Error: 0.0072 | Train Perf: 0.9104 | Eval Error: 0.0118 | Eval Perf: 0.8494
[77, 100] Train Error: 0.0072 | Train Perf: 0.9106 | Eval Error: 0.0119 | Eval Perf: 0.8484
[78, 100] Train Error: 0.0071 | Train Perf: 0.912 | Eval Error: 0.0117 | Eval Perf: 0.8506
[79, 100] Train Error: 0.0071 | Train Perf: 0.9114 | Eval Error: 0.0119 | Eval Perf: 0.8491
[80, 100] Train Error: 0.007 | Train Perf: 0.9125 | Eval Error: 0.0122 | Eval Perf: 0.8474
[81, 100] Train Error: 0.0071 | Train Perf: 0.9117 | Eval Error: 0.0118 | Eval Perf: 0.8503
[82, 100] Train Error: 0.007 | Train Perf: 0.9127 | Eval Error: 0.0122 | Eval Perf: 0.8461
[83, 100] Train Error: 0.007 | Train Perf: 0.9125 | Eval Error: 0.0121 | Eval Perf: 0.8479
[84, 100] Train Error: 0.007 | Train Perf: 0.9132 | Eval Error: 0.0117 | Eval Perf: 0.852
[85, 100] Train Error: 0.007 | Train Perf: 0.9135 | Eval Error: 0.0118 | Eval Perf: 0.8499
[86, 100] Train Error: 0.0069 | Train Perf: 0.9138 | Eval Error: 0.0121 | Eval Perf: 0.8476
[87, 100] Train Error: 0.0069 | Train Perf: 0.9135 | Eval Error: 0.0118 | Eval Perf: 0.8508
[88, 100] Train Error: 0.0068 | Train Perf: 0.9155 | Eval Error: 0.0124 | Eval Perf: 0.8466
[89, 100] Train Error: 0.0069 | Train Perf: 0.9142 | Eval Error: 0.0118 | Eval Perf: 0.8504
[90, 100] Train Error: 0.0068 | Train Perf: 0.9154 | Eval Error: 0.0121 | Eval Perf: 0.8482
[91, 100] Train Error: 0.0069 | Train Perf: 0.9145 | Eval Error: 0.012 | Eval Perf: 0.8471
[92, 100] Train Error: 0.0068 | Train Perf: 0.9157 | Eval Error: 0.0122 | Eval Perf: 0.8443
[93, 100] Train Error: 0.0067 | Train Perf: 0.9162 | Eval Error: 0.0119 | Eval Perf: 0.8512
[94, 100] Train Error: 0.0068 | Train Perf: 0.9159 | Eval Error: 0.0119 | Eval Perf: 0.8501
[95, 100] Train Error: 0.0068 | Train Perf: 0.9162 | Eval Error: 0.0122 | Eval Perf: 0.8478
[96, 100] Train Error: 0.0068 | Train Perf: 0.9163 | Eval Error: 0.0118 | Eval Perf: 0.8515
[97, 100] Train Error: 0.0066 | Train Perf: 0.9176 | Eval Error: 0.0125 | Eval Perf: 0.8468
[98, 100] Train Error: 0.0067 | Train Perf: 0.9164 | Eval Error: 0.0121 | Eval Perf: 0.8456
[99, 100] Train Error: 0.0066 | Train Perf: 0.9176 | Eval Error: 0.0126 | Eval Perf: 0.8435
[100, 100] Train Error: 0.0067 | Train Perf: 0.9169 | Eval Error: 0.012 | Eval Perf: 0.8502
