NETWORK SUMMARY
---------------
Input Layer shape: (1, 180)
Hidden Layer shape: (181, 5)
Output layer shape: (6, 1)
Total parameters: 911

[1, 100] Train Error: 0.016 | Train Perf: 0.6081 | Eval Error: 0.0109 | Eval Perf: 0.759
[2, 100] Train Error: 0.0097 | Train Perf: 0.7834 | Eval Error: 0.0103 | Eval Perf: 0.7771
[3, 100] Train Error: 0.0083 | Train Perf: 0.818 | Eval Error: 0.0099 | Eval Perf: 0.7858
[4, 100] Train Error: 0.0072 | Train Perf: 0.8444 | Eval Error: 0.0113 | Eval Perf: 0.7753
[5, 100] Train Error: 0.0066 | Train Perf: 0.8588 | Eval Error: 0.0093 | Eval Perf: 0.8057
[6, 100] Train Error: 0.0065 | Train Perf: 0.8622 | Eval Error: 0.0092 | Eval Perf: 0.8061
[7, 100] Train Error: 0.0062 | Train Perf: 0.8689 | Eval Error: 0.0101 | Eval Perf: 0.8157
[8, 100] Train Error: 0.0058 | Train Perf: 0.8766 | Eval Error: 0.0105 | Eval Perf: 0.811
[9, 100] Train Error: 0.0056 | Train Perf: 0.8818 | Eval Error: 0.0098 | Eval Perf: 0.8049
[10, 100] Train Error: 0.0055 | Train Perf: 0.8846 | Eval Error: 0.0096 | Eval Perf: 0.8085
[11, 100] Train Error: 0.0051 | Train Perf: 0.8939 | Eval Error: 0.0094 | Eval Perf: 0.8065
[12, 100] Train Error: 0.005 | Train Perf: 0.8945 | Eval Error: 0.0093 | Eval Perf: 0.8066
[13, 100] Train Error: 0.0048 | Train Perf: 0.9004 | Eval Error: 0.0096 | Eval Perf: 0.8047
[14, 100] Train Error: 0.0045 | Train Perf: 0.9065 | Eval Error: 0.0096 | Eval Perf: 0.8075
[15, 100] Train Error: 0.0044 | Train Perf: 0.9088 | Eval Error: 0.0099 | Eval Perf: 0.7984
[16, 100] Train Error: 0.0044 | Train Perf: 0.9085 | Eval Error: 0.0098 | Eval Perf: 0.8052
[17, 100] Train Error: 0.0042 | Train Perf: 0.9118 | Eval Error: 0.0103 | Eval Perf: 0.795
[18, 100] Train Error: 0.0041 | Train Perf: 0.9157 | Eval Error: 0.0096 | Eval Perf: 0.8063
[19, 100] Train Error: 0.0039 | Train Perf: 0.9185 | Eval Error: 0.01 | Eval Perf: 0.8094
[20, 100] Train Error: 0.0039 | Train Perf: 0.9201 | Eval Error: 0.0103 | Eval Perf: 0.7977
[21, 100] Train Error: 0.0037 | Train Perf: 0.9233 | Eval Error: 0.01 | Eval Perf: 0.8021
[22, 100] Train Error: 0.0036 | Train Perf: 0.9254 | Eval Error: 0.01 | Eval Perf: 0.798
[23, 100] Train Error: 0.0035 | Train Perf: 0.9271 | Eval Error: 0.0103 | Eval Perf: 0.8108
[24, 100] Train Error: 0.0034 | Train Perf: 0.9292 | Eval Error: 0.0113 | Eval Perf: 0.8047
[25, 100] Train Error: 0.0032 | Train Perf: 0.9336 | Eval Error: 0.0103 | Eval Perf: 0.8018
[26, 100] Train Error: 0.0032 | Train Perf: 0.9342 | Eval Error: 0.0107 | Eval Perf: 0.7861
[27, 100] Train Error: 0.0032 | Train Perf: 0.9353 | Eval Error: 0.0111 | Eval Perf: 0.7974
[28, 100] Train Error: 0.003 | Train Perf: 0.938 | Eval Error: 0.0108 | Eval Perf: 0.8011
[29, 100] Train Error: 0.003 | Train Perf: 0.9377 | Eval Error: 0.011 | Eval Perf: 0.8072
[30, 100] Train Error: 0.0029 | Train Perf: 0.9406 | Eval Error: 0.0106 | Eval Perf: 0.8039
[31, 100] Train Error: 0.0029 | Train Perf: 0.9415 | Eval Error: 0.0102 | Eval Perf: 0.8015
[32, 100] Train Error: 0.0028 | Train Perf: 0.9434 | Eval Error: 0.0106 | Eval Perf: 0.7981
[33, 100] Train Error: 0.0028 | Train Perf: 0.9435 | Eval Error: 0.0108 | Eval Perf: 0.7971
[34, 100] Train Error: 0.0027 | Train Perf: 0.9456 | Eval Error: 0.0112 | Eval Perf: 0.7926
[35, 100] Train Error: 0.0025 | Train Perf: 0.9484 | Eval Error: 0.0112 | Eval Perf: 0.8038
[36, 100] Train Error: 0.0026 | Train Perf: 0.9471 | Eval Error: 0.0105 | Eval Perf: 0.7922
[37, 100] Train Error: 0.0025 | Train Perf: 0.9489 | Eval Error: 0.011 | Eval Perf: 0.7854
[38, 100] Train Error: 0.0025 | Train Perf: 0.9498 | Eval Error: 0.0109 | Eval Perf: 0.7902
[39, 100] Train Error: 0.0024 | Train Perf: 0.9513 | Eval Error: 0.011 | Eval Perf: 0.7955
[40, 100] Train Error: 0.0024 | Train Perf: 0.9518 | Eval Error: 0.0114 | Eval Perf: 0.7872
[41, 100] Train Error: 0.0023 | Train Perf: 0.9534 | Eval Error: 0.0108 | Eval Perf: 0.7909
[42, 100] Train Error: 0.0022 | Train Perf: 0.9543 | Eval Error: 0.0111 | Eval Perf: 0.7832
[43, 100] Train Error: 0.0022 | Train Perf: 0.9546 | Eval Error: 0.0113 | Eval Perf: 0.782
[44, 100] Train Error: 0.0022 | Train Perf: 0.9554 | Eval Error: 0.0111 | Eval Perf: 0.7849
[45, 100] Train Error: 0.0021 | Train Perf: 0.9562 | Eval Error: 0.0109 | Eval Perf: 0.7816
[46, 100] Train Error: 0.0021 | Train Perf: 0.957 | Eval Error: 0.0117 | Eval Perf: 0.7809
[47, 100] Train Error: 0.0021 | Train Perf: 0.958 | Eval Error: 0.012 | Eval Perf: 0.7784
[48, 100] Train Error: 0.002 | Train Perf: 0.959 | Eval Error: 0.0119 | Eval Perf: 0.7774
[49, 100] Train Error: 0.002 | Train Perf: 0.9597 | Eval Error: 0.0112 | Eval Perf: 0.7788
[50, 100] Train Error: 0.002 | Train Perf: 0.9601 | Eval Error: 0.012 | Eval Perf: 0.7802
[51, 100] Train Error: 0.0019 | Train Perf: 0.9611 | Eval Error: 0.0115 | Eval Perf: 0.7744
[52, 100] Train Error: 0.0018 | Train Perf: 0.9627 | Eval Error: 0.0119 | Eval Perf: 0.7758
[53, 100] Train Error: 0.0019 | Train Perf: 0.9618 | Eval Error: 0.0126 | Eval Perf: 0.7741
[54, 100] Train Error: 0.0018 | Train Perf: 0.963 | Eval Error: 0.0119 | Eval Perf: 0.7681
[55, 100] Train Error: 0.0018 | Train Perf: 0.9631 | Eval Error: 0.0124 | Eval Perf: 0.7729
[56, 100] Train Error: 0.0018 | Train Perf: 0.9634 | Eval Error: 0.012 | Eval Perf: 0.771
[57, 100] Train Error: 0.0017 | Train Perf: 0.9647 | Eval Error: 0.0124 | Eval Perf: 0.7679
[58, 100] Train Error: 0.0017 | Train Perf: 0.9655 | Eval Error: 0.0122 | Eval Perf: 0.7699
[59, 100] Train Error: 0.0017 | Train Perf: 0.9655 | Eval Error: 0.0131 | Eval Perf: 0.7689
[60, 100] Train Error: 0.0017 | Train Perf: 0.9658 | Eval Error: 0.0123 | Eval Perf: 0.7717
[61, 100] Train Error: 0.0017 | Train Perf: 0.9656 | Eval Error: 0.0125 | Eval Perf: 0.77
[62, 100] Train Error: 0.0016 | Train Perf: 0.9672 | Eval Error: 0.0124 | Eval Perf: 0.7625
[63, 100] Train Error: 0.0016 | Train Perf: 0.9667 | Eval Error: 0.012 | Eval Perf: 0.7692
[64, 100] Train Error: 0.0016 | Train Perf: 0.9677 | Eval Error: 0.0129 | Eval Perf: 0.7587
[65, 100] Train Error: 0.0016 | Train Perf: 0.9679 | Eval Error: 0.0127 | Eval Perf: 0.7697
[66, 100] Train Error: 0.0015 | Train Perf: 0.9686 | Eval Error: 0.0131 | Eval Perf: 0.7638
[67, 100] Train Error: 0.0015 | Train Perf: 0.9687 | Eval Error: 0.0127 | Eval Perf: 0.7632
[68, 100] Train Error: 0.0015 | Train Perf: 0.9698 | Eval Error: 0.0132 | Eval Perf: 0.7644
[69, 100] Train Error: 0.0015 | Train Perf: 0.9705 | Eval Error: 0.0131 | Eval Perf: 0.76
[70, 100] Train Error: 0.0015 | Train Perf: 0.9702 | Eval Error: 0.0127 | Eval Perf: 0.7614
[71, 100] Train Error: 0.0015 | Train Perf: 0.9704 | Eval Error: 0.0133 | Eval Perf: 0.7588
[72, 100] Train Error: 0.0015 | Train Perf: 0.9706 | Eval Error: 0.0126 | Eval Perf: 0.7734
[73, 100] Train Error: 0.0014 | Train Perf: 0.9712 | Eval Error: 0.014 | Eval Perf: 0.7747
[74, 100] Train Error: 0.0014 | Train Perf: 0.9709 | Eval Error: 0.0131 | Eval Perf: 0.7603
[75, 100] Train Error: 0.0014 | Train Perf: 0.9716 | Eval Error: 0.0134 | Eval Perf: 0.7692
[76, 100] Train Error: 0.0014 | Train Perf: 0.9714 | Eval Error: 0.0126 | Eval Perf: 0.7576
[77, 100] Train Error: 0.0014 | Train Perf: 0.9726 | Eval Error: 0.0136 | Eval Perf: 0.7685
[78, 100] Train Error: 0.0014 | Train Perf: 0.9716 | Eval Error: 0.0129 | Eval Perf: 0.7654
[79, 100] Train Error: 0.0014 | Train Perf: 0.9725 | Eval Error: 0.0137 | Eval Perf: 0.764
[80, 100] Train Error: 0.0013 | Train Perf: 0.973 | Eval Error: 0.0134 | Eval Perf: 0.7673
[81, 100] Train Error: 0.0013 | Train Perf: 0.9735 | Eval Error: 0.0133 | Eval Perf: 0.7693
[82, 100] Train Error: 0.0013 | Train Perf: 0.9731 | Eval Error: 0.0134 | Eval Perf: 0.7667
[83, 100] Train Error: 0.0013 | Train Perf: 0.9743 | Eval Error: 0.0129 | Eval Perf: 0.7587
[84, 100] Train Error: 0.0013 | Train Perf: 0.9739 | Eval Error: 0.0137 | Eval Perf: 0.7636
[85, 100] Train Error: 0.0013 | Train Perf: 0.9739 | Eval Error: 0.0139 | Eval Perf: 0.755
[86, 100] Train Error: 0.0012 | Train Perf: 0.9749 | Eval Error: 0.0137 | Eval Perf: 0.7566
[87, 100] Train Error: 0.0012 | Train Perf: 0.9749 | Eval Error: 0.0137 | Eval Perf: 0.7607
[88, 100] Train Error: 0.0012 | Train Perf: 0.9751 | Eval Error: 0.0141 | Eval Perf: 0.7656
[89, 100] Train Error: 0.0012 | Train Perf: 0.975 | Eval Error: 0.0138 | Eval Perf: 0.7574
[90, 100] Train Error: 0.0012 | Train Perf: 0.976 | Eval Error: 0.014 | Eval Perf: 0.7569
[91, 100] Train Error: 0.0012 | Train Perf: 0.9764 | Eval Error: 0.0129 | Eval Perf: 0.7642
[92, 100] Train Error: 0.0012 | Train Perf: 0.9757 | Eval Error: 0.0136 | Eval Perf: 0.7643
[93, 100] Train Error: 0.0012 | Train Perf: 0.9758 | Eval Error: 0.0135 | Eval Perf: 0.7549
[94, 100] Train Error: 0.0012 | Train Perf: 0.9759 | Eval Error: 0.0136 | Eval Perf: 0.7638
[95, 100] Train Error: 0.0012 | Train Perf: 0.9766 | Eval Error: 0.0133 | Eval Perf: 0.7611
[96, 100] Train Error: 0.0012 | Train Perf: 0.9764 | Eval Error: 0.0136 | Eval Perf: 0.7574
[97, 100] Train Error: 0.0012 | Train Perf: 0.9764 | Eval Error: 0.0135 | Eval Perf: 0.7626
[98, 100] Train Error: 0.0011 | Train Perf: 0.9771 | Eval Error: 0.0136 | Eval Perf: 0.7559
[99, 100] Train Error: 0.0011 | Train Perf: 0.9776 | Eval Error: 0.0133 | Eval Perf: 0.7624
[100, 100] Train Error: 0.0011 | Train Perf: 0.9773 | Eval Error: 0.0134 | Eval Perf: 0.7631
