NETWORK SUMMARY
---------------
Input Layer shape: (1, 180)
Hidden Layer shape: (181, 5)
Output layer shape: (6, 1)
Total parameters: 911

[1, 100] Train Error: 0.0273 | Train Perf: 0.1033 | Eval Error: 0.0218 | Eval Perf: 0.7345
[2, 100] Train Error: 0.0196 | Train Perf: 0.5554 | Eval Error: 0.0156 | Eval Perf: 0.831
[3, 100] Train Error: 0.0157 | Train Perf: 0.6635 | Eval Error: 0.0103 | Eval Perf: 0.8494
[4, 100] Train Error: 0.0122 | Train Perf: 0.756 | Eval Error: 0.0081 | Eval Perf: 0.9009
[5, 100] Train Error: 0.0089 | Train Perf: 0.8313 | Eval Error: 0.0078 | Eval Perf: 0.9097
[6, 100] Train Error: 0.0067 | Train Perf: 0.8793 | Eval Error: 0.0069 | Eval Perf: 0.8761
[7, 100] Train Error: 0.0049 | Train Perf: 0.9165 | Eval Error: 0.0057 | Eval Perf: 0.8957
[8, 100] Train Error: 0.004 | Train Perf: 0.9293 | Eval Error: 0.0062 | Eval Perf: 0.888
[9, 100] Train Error: 0.0035 | Train Perf: 0.9388 | Eval Error: 0.0054 | Eval Perf: 0.9015
[10, 100] Train Error: 0.003 | Train Perf: 0.9477 | Eval Error: 0.0057 | Eval Perf: 0.8992
[11, 100] Train Error: 0.0027 | Train Perf: 0.9534 | Eval Error: 0.0055 | Eval Perf: 0.8996
[12, 100] Train Error: 0.0026 | Train Perf: 0.9534 | Eval Error: 0.005 | Eval Perf: 0.9078
[13, 100] Train Error: 0.0024 | Train Perf: 0.9577 | Eval Error: 0.0053 | Eval Perf: 0.9027
[14, 100] Train Error: 0.0023 | Train Perf: 0.9594 | Eval Error: 0.0056 | Eval Perf: 0.8962
[15, 100] Train Error: 0.0022 | Train Perf: 0.9597 | Eval Error: 0.0052 | Eval Perf: 0.9044
[16, 100] Train Error: 0.0021 | Train Perf: 0.9616 | Eval Error: 0.0054 | Eval Perf: 0.8995
[17, 100] Train Error: 0.002 | Train Perf: 0.9633 | Eval Error: 0.0055 | Eval Perf: 0.8979
[18, 100] Train Error: 0.002 | Train Perf: 0.964 | Eval Error: 0.0054 | Eval Perf: 0.8994
[19, 100] Train Error: 0.0019 | Train Perf: 0.9654 | Eval Error: 0.0052 | Eval Perf: 0.9068
[20, 100] Train Error: 0.0019 | Train Perf: 0.9657 | Eval Error: 0.0056 | Eval Perf: 0.8966
[21, 100] Train Error: 0.0018 | Train Perf: 0.9671 | Eval Error: 0.0053 | Eval Perf: 0.9022
[22, 100] Train Error: 0.0018 | Train Perf: 0.9677 | Eval Error: 0.0056 | Eval Perf: 0.8973
[23, 100] Train Error: 0.0017 | Train Perf: 0.9686 | Eval Error: 0.0057 | Eval Perf: 0.8963
[24, 100] Train Error: 0.0017 | Train Perf: 0.9696 | Eval Error: 0.0054 | Eval Perf: 0.9008
[25, 100] Train Error: 0.0016 | Train Perf: 0.9714 | Eval Error: 0.0055 | Eval Perf: 0.8989
[26, 100] Train Error: 0.0016 | Train Perf: 0.9709 | Eval Error: 0.0056 | Eval Perf: 0.8953
[27, 100] Train Error: 0.0015 | Train Perf: 0.9722 | Eval Error: 0.0054 | Eval Perf: 0.9004
[28, 100] Train Error: 0.0015 | Train Perf: 0.973 | Eval Error: 0.0057 | Eval Perf: 0.8941
[29, 100] Train Error: 0.0014 | Train Perf: 0.9736 | Eval Error: 0.0056 | Eval Perf: 0.8978
[30, 100] Train Error: 0.0014 | Train Perf: 0.9744 | Eval Error: 0.0057 | Eval Perf: 0.8949
[31, 100] Train Error: 0.0014 | Train Perf: 0.9753 | Eval Error: 0.0055 | Eval Perf: 0.8977
[32, 100] Train Error: 0.0013 | Train Perf: 0.9762 | Eval Error: 0.0057 | Eval Perf: 0.8937
[33, 100] Train Error: 0.0012 | Train Perf: 0.9776 | Eval Error: 0.0059 | Eval Perf: 0.8916
[34, 100] Train Error: 0.0013 | Train Perf: 0.9771 | Eval Error: 0.0055 | Eval Perf: 0.8994
[35, 100] Train Error: 0.0012 | Train Perf: 0.9775 | Eval Error: 0.0056 | Eval Perf: 0.8972
[36, 100] Train Error: 0.0012 | Train Perf: 0.9787 | Eval Error: 0.0055 | Eval Perf: 0.898
[37, 100] Train Error: 0.0011 | Train Perf: 0.9793 | Eval Error: 0.0055 | Eval Perf: 0.8982
[38, 100] Train Error: 0.0011 | Train Perf: 0.9801 | Eval Error: 0.0057 | Eval Perf: 0.8952
[39, 100] Train Error: 0.0011 | Train Perf: 0.9807 | Eval Error: 0.0055 | Eval Perf: 0.8978
[40, 100] Train Error: 0.001 | Train Perf: 0.9813 | Eval Error: 0.0054 | Eval Perf: 0.9006
[41, 100] Train Error: 0.001 | Train Perf: 0.9815 | Eval Error: 0.0054 | Eval Perf: 0.8994
[42, 100] Train Error: 0.001 | Train Perf: 0.9822 | Eval Error: 0.0056 | Eval Perf: 0.8966
[43, 100] Train Error: 0.001 | Train Perf: 0.9829 | Eval Error: 0.0056 | Eval Perf: 0.897
[44, 100] Train Error: 0.0009 | Train Perf: 0.9837 | Eval Error: 0.0056 | Eval Perf: 0.8979
[45, 100] Train Error: 0.0008 | Train Perf: 0.9848 | Eval Error: 0.0057 | Eval Perf: 0.898
[46, 100] Train Error: 0.0009 | Train Perf: 0.9844 | Eval Error: 0.0056 | Eval Perf: 0.8972
[47, 100] Train Error: 0.0008 | Train Perf: 0.9851 | Eval Error: 0.0055 | Eval Perf: 0.8972
[48, 100] Train Error: 0.0008 | Train Perf: 0.9856 | Eval Error: 0.0056 | Eval Perf: 0.8982
[49, 100] Train Error: 0.0008 | Train Perf: 0.9866 | Eval Error: 0.0054 | Eval Perf: 0.9013
[50, 100] Train Error: 0.0008 | Train Perf: 0.9867 | Eval Error: 0.0054 | Eval Perf: 0.8996
[51, 100] Train Error: 0.0007 | Train Perf: 0.9871 | Eval Error: 0.0054 | Eval Perf: 0.9022
[52, 100] Train Error: 0.0007 | Train Perf: 0.9876 | Eval Error: 0.0056 | Eval Perf: 0.8972
[53, 100] Train Error: 0.0007 | Train Perf: 0.9881 | Eval Error: 0.0054 | Eval Perf: 0.8995
[54, 100] Train Error: 0.0007 | Train Perf: 0.9886 | Eval Error: 0.0053 | Eval Perf: 0.9019
[55, 100] Train Error: 0.0006 | Train Perf: 0.989 | Eval Error: 0.0055 | Eval Perf: 0.8994
[56, 100] Train Error: 0.0006 | Train Perf: 0.9895 | Eval Error: 0.0054 | Eval Perf: 0.9009
[57, 100] Train Error: 0.0006 | Train Perf: 0.9896 | Eval Error: 0.0053 | Eval Perf: 0.9019
[58, 100] Train Error: 0.0006 | Train Perf: 0.9895 | Eval Error: 0.0053 | Eval Perf: 0.9026
[59, 100] Train Error: 0.0005 | Train Perf: 0.9908 | Eval Error: 0.0053 | Eval Perf: 0.9028
[60, 100] Train Error: 0.0005 | Train Perf: 0.9906 | Eval Error: 0.0052 | Eval Perf: 0.9043
[61, 100] Train Error: 0.0005 | Train Perf: 0.9908 | Eval Error: 0.0054 | Eval Perf: 0.9017
[62, 100] Train Error: 0.0005 | Train Perf: 0.9913 | Eval Error: 0.0055 | Eval Perf: 0.9006
[63, 100] Train Error: 0.0005 | Train Perf: 0.9914 | Eval Error: 0.0053 | Eval Perf: 0.9017
[64, 100] Train Error: 0.0005 | Train Perf: 0.9918 | Eval Error: 0.0053 | Eval Perf: 0.9019
[65, 100] Train Error: 0.0005 | Train Perf: 0.9917 | Eval Error: 0.0053 | Eval Perf: 0.9032
[66, 100] Train Error: 0.0005 | Train Perf: 0.9919 | Eval Error: 0.0054 | Eval Perf: 0.8998
[67, 100] Train Error: 0.0004 | Train Perf: 0.9922 | Eval Error: 0.0053 | Eval Perf: 0.9024
[68, 100] Train Error: 0.0004 | Train Perf: 0.9924 | Eval Error: 0.0054 | Eval Perf: 0.901
[69, 100] Train Error: 0.0004 | Train Perf: 0.9928 | Eval Error: 0.0052 | Eval Perf: 0.9055
[70, 100] Train Error: 0.0004 | Train Perf: 0.9925 | Eval Error: 0.0054 | Eval Perf: 0.9013
[71, 100] Train Error: 0.0004 | Train Perf: 0.9928 | Eval Error: 0.0054 | Eval Perf: 0.9
[72, 100] Train Error: 0.0004 | Train Perf: 0.9931 | Eval Error: 0.0054 | Eval Perf: 0.9019
[73, 100] Train Error: 0.0004 | Train Perf: 0.9931 | Eval Error: 0.0054 | Eval Perf: 0.9014
[74, 100] Train Error: 0.0004 | Train Perf: 0.9933 | Eval Error: 0.0053 | Eval Perf: 0.9028
[75, 100] Train Error: 0.0004 | Train Perf: 0.9934 | Eval Error: 0.0054 | Eval Perf: 0.902
[76, 100] Train Error: 0.0004 | Train Perf: 0.9934 | Eval Error: 0.0055 | Eval Perf: 0.9004
[77, 100] Train Error: 0.0004 | Train Perf: 0.9936 | Eval Error: 0.0054 | Eval Perf: 0.9009
[78, 100] Train Error: 0.0004 | Train Perf: 0.9937 | Eval Error: 0.0054 | Eval Perf: 0.9018
[79, 100] Train Error: 0.0004 | Train Perf: 0.9936 | Eval Error: 0.0055 | Eval Perf: 0.9008
[80, 100] Train Error: 0.0003 | Train Perf: 0.9938 | Eval Error: 0.0054 | Eval Perf: 0.9005
[81, 100] Train Error: 0.0003 | Train Perf: 0.9937 | Eval Error: 0.0054 | Eval Perf: 0.9005
[82, 100] Train Error: 0.0003 | Train Perf: 0.9939 | Eval Error: 0.0055 | Eval Perf: 0.8994
[83, 100] Train Error: 0.0003 | Train Perf: 0.994 | Eval Error: 0.0055 | Eval Perf: 0.9005
[84, 100] Train Error: 0.0003 | Train Perf: 0.9942 | Eval Error: 0.0055 | Eval Perf: 0.9001
[85, 100] Train Error: 0.0003 | Train Perf: 0.9941 | Eval Error: 0.0056 | Eval Perf: 0.899
[86, 100] Train Error: 0.0003 | Train Perf: 0.9942 | Eval Error: 0.0055 | Eval Perf: 0.901
[87, 100] Train Error: 0.0003 | Train Perf: 0.9942 | Eval Error: 0.0055 | Eval Perf: 0.9006
[88, 100] Train Error: 0.0003 | Train Perf: 0.9943 | Eval Error: 0.0053 | Eval Perf: 0.903
[89, 100] Train Error: 0.0003 | Train Perf: 0.9944 | Eval Error: 0.0056 | Eval Perf: 0.8987
[90, 100] Train Error: 0.0003 | Train Perf: 0.9946 | Eval Error: 0.0055 | Eval Perf: 0.9005
[91, 100] Train Error: 0.0003 | Train Perf: 0.9944 | Eval Error: 0.0056 | Eval Perf: 0.8987
[92, 100] Train Error: 0.0003 | Train Perf: 0.9945 | Eval Error: 0.0056 | Eval Perf: 0.8998
[93, 100] Train Error: 0.0003 | Train Perf: 0.9947 | Eval Error: 0.0055 | Eval Perf: 0.9008
[94, 100] Train Error: 0.0003 | Train Perf: 0.9946 | Eval Error: 0.0055 | Eval Perf: 0.9005
[95, 100] Train Error: 0.0003 | Train Perf: 0.9947 | Eval Error: 0.0056 | Eval Perf: 0.8999
[96, 100] Train Error: 0.0003 | Train Perf: 0.9948 | Eval Error: 0.0055 | Eval Perf: 0.9009
[97, 100] Train Error: 0.0003 | Train Perf: 0.9947 | Eval Error: 0.0056 | Eval Perf: 0.8986
[98, 100] Train Error: 0.0003 | Train Perf: 0.9949 | Eval Error: 0.0056 | Eval Perf: 0.8994
[99, 100] Train Error: 0.0003 | Train Perf: 0.9949 | Eval Error: 0.0055 | Eval Perf: 0.8994
[100, 100] Train Error: 0.0003 | Train Perf: 0.995 | Eval Error: 0.0055 | Eval Perf: 0.8993
