NETWORK SUMMARY
---------------
Input Layer shape: (1, 180)
Hidden Layer shape: (181, 5)
Output layer shape: (6, 1)
Total parameters: 911

[1, 100] Train Error: 0.027 | Train Perf: 0.1477 | Eval Error: 0.0219 | Eval Perf: 0.5492
[2, 100] Train Error: 0.0181 | Train Perf: 0.6249 | Eval Error: 0.0183 | Eval Perf: 0.614
[3, 100] Train Error: 0.0128 | Train Perf: 0.754 | Eval Error: 0.0159 | Eval Perf: 0.6514
[4, 100] Train Error: 0.0093 | Train Perf: 0.8272 | Eval Error: 0.015 | Eval Perf: 0.6709
[5, 100] Train Error: 0.0065 | Train Perf: 0.8815 | Eval Error: 0.0165 | Eval Perf: 0.7063
[6, 100] Train Error: 0.0051 | Train Perf: 0.9114 | Eval Error: 0.0145 | Eval Perf: 0.6855
[7, 100] Train Error: 0.0035 | Train Perf: 0.9422 | Eval Error: 0.0129 | Eval Perf: 0.726
[8, 100] Train Error: 0.0032 | Train Perf: 0.9434 | Eval Error: 0.0131 | Eval Perf: 0.7395
[9, 100] Train Error: 0.0025 | Train Perf: 0.9572 | Eval Error: 0.0125 | Eval Perf: 0.7463
[10, 100] Train Error: 0.0023 | Train Perf: 0.96 | Eval Error: 0.012 | Eval Perf: 0.7486
[11, 100] Train Error: 0.002 | Train Perf: 0.9663 | Eval Error: 0.0124 | Eval Perf: 0.7439
[12, 100] Train Error: 0.0018 | Train Perf: 0.9678 | Eval Error: 0.0118 | Eval Perf: 0.7641
[13, 100] Train Error: 0.0018 | Train Perf: 0.9687 | Eval Error: 0.0122 | Eval Perf: 0.76
[14, 100] Train Error: 0.0017 | Train Perf: 0.9704 | Eval Error: 0.0115 | Eval Perf: 0.7689
[15, 100] Train Error: 0.0016 | Train Perf: 0.9726 | Eval Error: 0.0112 | Eval Perf: 0.7746
[16, 100] Train Error: 0.0015 | Train Perf: 0.9726 | Eval Error: 0.0121 | Eval Perf: 0.7633
[17, 100] Train Error: 0.0015 | Train Perf: 0.9741 | Eval Error: 0.0109 | Eval Perf: 0.7814
[18, 100] Train Error: 0.0014 | Train Perf: 0.9741 | Eval Error: 0.0118 | Eval Perf: 0.7666
[19, 100] Train Error: 0.0013 | Train Perf: 0.9764 | Eval Error: 0.0115 | Eval Perf: 0.7787
[20, 100] Train Error: 0.0013 | Train Perf: 0.9768 | Eval Error: 0.012 | Eval Perf: 0.7712
[21, 100] Train Error: 0.0012 | Train Perf: 0.9783 | Eval Error: 0.0117 | Eval Perf: 0.7744
[22, 100] Train Error: 0.0012 | Train Perf: 0.979 | Eval Error: 0.0125 | Eval Perf: 0.7653
[23, 100] Train Error: 0.0012 | Train Perf: 0.979 | Eval Error: 0.0118 | Eval Perf: 0.776
[24, 100] Train Error: 0.0011 | Train Perf: 0.9801 | Eval Error: 0.012 | Eval Perf: 0.7675
[25, 100] Train Error: 0.001 | Train Perf: 0.982 | Eval Error: 0.0121 | Eval Perf: 0.7703
[26, 100] Train Error: 0.001 | Train Perf: 0.9814 | Eval Error: 0.0124 | Eval Perf: 0.7644
[27, 100] Train Error: 0.001 | Train Perf: 0.9822 | Eval Error: 0.0116 | Eval Perf: 0.7701
[28, 100] Train Error: 0.0009 | Train Perf: 0.9831 | Eval Error: 0.0115 | Eval Perf: 0.7798
[29, 100] Train Error: 0.0009 | Train Perf: 0.9833 | Eval Error: 0.0121 | Eval Perf: 0.7651
[30, 100] Train Error: 0.0009 | Train Perf: 0.9844 | Eval Error: 0.0121 | Eval Perf: 0.7666
[31, 100] Train Error: 0.0008 | Train Perf: 0.985 | Eval Error: 0.0123 | Eval Perf: 0.7667
[32, 100] Train Error: 0.0008 | Train Perf: 0.9856 | Eval Error: 0.0124 | Eval Perf: 0.7663
[33, 100] Train Error: 0.0008 | Train Perf: 0.9865 | Eval Error: 0.0114 | Eval Perf: 0.7821
[34, 100] Train Error: 0.0008 | Train Perf: 0.9864 | Eval Error: 0.0117 | Eval Perf: 0.7753
[35, 100] Train Error: 0.0007 | Train Perf: 0.987 | Eval Error: 0.0113 | Eval Perf: 0.7776
[36, 100] Train Error: 0.0007 | Train Perf: 0.9874 | Eval Error: 0.0118 | Eval Perf: 0.7753
[37, 100] Train Error: 0.0007 | Train Perf: 0.9877 | Eval Error: 0.0117 | Eval Perf: 0.7749
[38, 100] Train Error: 0.0006 | Train Perf: 0.9885 | Eval Error: 0.0111 | Eval Perf: 0.7831
[39, 100] Train Error: 0.0006 | Train Perf: 0.9884 | Eval Error: 0.0123 | Eval Perf: 0.7682
[40, 100] Train Error: 0.0006 | Train Perf: 0.9887 | Eval Error: 0.0115 | Eval Perf: 0.7853
[41, 100] Train Error: 0.0006 | Train Perf: 0.9893 | Eval Error: 0.0114 | Eval Perf: 0.7828
[42, 100] Train Error: 0.0006 | Train Perf: 0.9894 | Eval Error: 0.0118 | Eval Perf: 0.7781
[43, 100] Train Error: 0.0006 | Train Perf: 0.9897 | Eval Error: 0.0112 | Eval Perf: 0.7897
[44, 100] Train Error: 0.0005 | Train Perf: 0.9902 | Eval Error: 0.0115 | Eval Perf: 0.7879
[45, 100] Train Error: 0.0005 | Train Perf: 0.9906 | Eval Error: 0.0114 | Eval Perf: 0.7786
[46, 100] Train Error: 0.0005 | Train Perf: 0.9907 | Eval Error: 0.0111 | Eval Perf: 0.783
[47, 100] Train Error: 0.0005 | Train Perf: 0.9909 | Eval Error: 0.0115 | Eval Perf: 0.7811
[48, 100] Train Error: 0.0005 | Train Perf: 0.9915 | Eval Error: 0.0115 | Eval Perf: 0.7818
[49, 100] Train Error: 0.0005 | Train Perf: 0.9913 | Eval Error: 0.0113 | Eval Perf: 0.7886
[50, 100] Train Error: 0.0005 | Train Perf: 0.9918 | Eval Error: 0.011 | Eval Perf: 0.7883
[51, 100] Train Error: 0.0004 | Train Perf: 0.992 | Eval Error: 0.0113 | Eval Perf: 0.7835
[52, 100] Train Error: 0.0004 | Train Perf: 0.9921 | Eval Error: 0.0109 | Eval Perf: 0.7863
[53, 100] Train Error: 0.0004 | Train Perf: 0.9924 | Eval Error: 0.0107 | Eval Perf: 0.7932
[54, 100] Train Error: 0.0004 | Train Perf: 0.9926 | Eval Error: 0.0111 | Eval Perf: 0.7869
[55, 100] Train Error: 0.0004 | Train Perf: 0.9928 | Eval Error: 0.0111 | Eval Perf: 0.7865
[56, 100] Train Error: 0.0004 | Train Perf: 0.993 | Eval Error: 0.0116 | Eval Perf: 0.7813
[57, 100] Train Error: 0.0004 | Train Perf: 0.9932 | Eval Error: 0.0112 | Eval Perf: 0.7875
[58, 100] Train Error: 0.0004 | Train Perf: 0.9933 | Eval Error: 0.0116 | Eval Perf: 0.782
[59, 100] Train Error: 0.0004 | Train Perf: 0.9937 | Eval Error: 0.0111 | Eval Perf: 0.7909
[60, 100] Train Error: 0.0003 | Train Perf: 0.994 | Eval Error: 0.011 | Eval Perf: 0.7932
[61, 100] Train Error: 0.0003 | Train Perf: 0.9938 | Eval Error: 0.011 | Eval Perf: 0.7884
[62, 100] Train Error: 0.0003 | Train Perf: 0.9939 | Eval Error: 0.011 | Eval Perf: 0.7869
[63, 100] Train Error: 0.0003 | Train Perf: 0.9941 | Eval Error: 0.0112 | Eval Perf: 0.785
[64, 100] Train Error: 0.0003 | Train Perf: 0.9943 | Eval Error: 0.0115 | Eval Perf: 0.7844
[65, 100] Train Error: 0.0003 | Train Perf: 0.9945 | Eval Error: 0.0113 | Eval Perf: 0.7856
[66, 100] Train Error: 0.0003 | Train Perf: 0.9945 | Eval Error: 0.0113 | Eval Perf: 0.7858
[67, 100] Train Error: 0.0003 | Train Perf: 0.9946 | Eval Error: 0.0114 | Eval Perf: 0.7852
[68, 100] Train Error: 0.0003 | Train Perf: 0.9948 | Eval Error: 0.0111 | Eval Perf: 0.7898
[69, 100] Train Error: 0.0003 | Train Perf: 0.995 | Eval Error: 0.0112 | Eval Perf: 0.7872
[70, 100] Train Error: 0.0003 | Train Perf: 0.995 | Eval Error: 0.0113 | Eval Perf: 0.7854
[71, 100] Train Error: 0.0003 | Train Perf: 0.9951 | Eval Error: 0.0112 | Eval Perf: 0.7887
[72, 100] Train Error: 0.0003 | Train Perf: 0.9953 | Eval Error: 0.0112 | Eval Perf: 0.7872
[73, 100] Train Error: 0.0003 | Train Perf: 0.9953 | Eval Error: 0.0113 | Eval Perf: 0.7837
[74, 100] Train Error: 0.0002 | Train Perf: 0.9955 | Eval Error: 0.0111 | Eval Perf: 0.7857
[75, 100] Train Error: 0.0003 | Train Perf: 0.9954 | Eval Error: 0.0114 | Eval Perf: 0.7831
[76, 100] Train Error: 0.0002 | Train Perf: 0.9955 | Eval Error: 0.0112 | Eval Perf: 0.7891
[77, 100] Train Error: 0.0002 | Train Perf: 0.9957 | Eval Error: 0.0109 | Eval Perf: 0.7916
[78, 100] Train Error: 0.0002 | Train Perf: 0.9957 | Eval Error: 0.0111 | Eval Perf: 0.7864
[79, 100] Train Error: 0.0002 | Train Perf: 0.9958 | Eval Error: 0.0112 | Eval Perf: 0.7863
[80, 100] Train Error: 0.0002 | Train Perf: 0.9959 | Eval Error: 0.0111 | Eval Perf: 0.787
[81, 100] Train Error: 0.0002 | Train Perf: 0.996 | Eval Error: 0.0114 | Eval Perf: 0.7867
[82, 100] Train Error: 0.0002 | Train Perf: 0.996 | Eval Error: 0.0113 | Eval Perf: 0.7868
[83, 100] Train Error: 0.0002 | Train Perf: 0.996 | Eval Error: 0.0113 | Eval Perf: 0.7853
[84, 100] Train Error: 0.0002 | Train Perf: 0.9961 | Eval Error: 0.0114 | Eval Perf: 0.7838
[85, 100] Train Error: 0.0002 | Train Perf: 0.9962 | Eval Error: 0.0112 | Eval Perf: 0.7869
[86, 100] Train Error: 0.0002 | Train Perf: 0.9963 | Eval Error: 0.0111 | Eval Perf: 0.7892
[87, 100] Train Error: 0.0002 | Train Perf: 0.9964 | Eval Error: 0.0111 | Eval Perf: 0.7879
[88, 100] Train Error: 0.0002 | Train Perf: 0.9964 | Eval Error: 0.0111 | Eval Perf: 0.7883
[89, 100] Train Error: 0.0002 | Train Perf: 0.9965 | Eval Error: 0.0112 | Eval Perf: 0.7855
[90, 100] Train Error: 0.0002 | Train Perf: 0.9965 | Eval Error: 0.011 | Eval Perf: 0.7878
[91, 100] Train Error: 0.0002 | Train Perf: 0.9965 | Eval Error: 0.0113 | Eval Perf: 0.785
[92, 100] Train Error: 0.0002 | Train Perf: 0.9967 | Eval Error: 0.0109 | Eval Perf: 0.7903
[93, 100] Train Error: 0.0002 | Train Perf: 0.9966 | Eval Error: 0.0112 | Eval Perf: 0.7861
[94, 100] Train Error: 0.0002 | Train Perf: 0.9967 | Eval Error: 0.0113 | Eval Perf: 0.7874
[95, 100] Train Error: 0.0002 | Train Perf: 0.9967 | Eval Error: 0.0116 | Eval Perf: 0.7827
[96, 100] Train Error: 0.0002 | Train Perf: 0.9968 | Eval Error: 0.0113 | Eval Perf: 0.7873
[97, 100] Train Error: 0.0002 | Train Perf: 0.9968 | Eval Error: 0.0114 | Eval Perf: 0.784
[98, 100] Train Error: 0.0002 | Train Perf: 0.9968 | Eval Error: 0.0113 | Eval Perf: 0.784
[99, 100] Train Error: 0.0002 | Train Perf: 0.9969 | Eval Error: 0.0113 | Eval Perf: 0.7855
[100, 100] Train Error: 0.0002 | Train Perf: 0.9969 | Eval Error: 0.0114 | Eval Perf: 0.7832
