NETWORK SUMMARY
---------------
Input Layer shape: (1, 180)
Hidden Layer shape: (181, 5)
Output layer shape: (6, 1)
Total parameters: 911

[1, 100] Train Error: 0.0415 | Train Perf: 0.27 | Eval Error: 0.0308 | Eval Perf: 0.6788
[2, 100] Train Error: 0.0234 | Train Perf: 0.7031 | Eval Error: 0.0212 | Eval Perf: 0.7593
[3, 100] Train Error: 0.0171 | Train Perf: 0.7862 | Eval Error: 0.0187 | Eval Perf: 0.7683
[4, 100] Train Error: 0.0157 | Train Perf: 0.8048 | Eval Error: 0.0179 | Eval Perf: 0.7748
[5, 100] Train Error: 0.0152 | Train Perf: 0.8124 | Eval Error: 0.0181 | Eval Perf: 0.7853
[6, 100] Train Error: 0.0147 | Train Perf: 0.8193 | Eval Error: 0.0177 | Eval Perf: 0.7843
[7, 100] Train Error: 0.0144 | Train Perf: 0.8242 | Eval Error: 0.017 | Eval Perf: 0.7888
[8, 100] Train Error: 0.0143 | Train Perf: 0.8253 | Eval Error: 0.0183 | Eval Perf: 0.7874
[9, 100] Train Error: 0.0141 | Train Perf: 0.8275 | Eval Error: 0.0168 | Eval Perf: 0.7965
[10, 100] Train Error: 0.0138 | Train Perf: 0.8313 | Eval Error: 0.0164 | Eval Perf: 0.8003
[11, 100] Train Error: 0.0135 | Train Perf: 0.8357 | Eval Error: 0.0179 | Eval Perf: 0.7897
[12, 100] Train Error: 0.0133 | Train Perf: 0.8385 | Eval Error: 0.0177 | Eval Perf: 0.7883
[13, 100] Train Error: 0.013 | Train Perf: 0.8415 | Eval Error: 0.017 | Eval Perf: 0.7919
[14, 100] Train Error: 0.013 | Train Perf: 0.8422 | Eval Error: 0.0167 | Eval Perf: 0.7953
[15, 100] Train Error: 0.0128 | Train Perf: 0.8451 | Eval Error: 0.0169 | Eval Perf: 0.7938
[16, 100] Train Error: 0.0125 | Train Perf: 0.8486 | Eval Error: 0.0178 | Eval Perf: 0.7952
[17, 100] Train Error: 0.0123 | Train Perf: 0.8506 | Eval Error: 0.0164 | Eval Perf: 0.798
[18, 100] Train Error: 0.012 | Train Perf: 0.8556 | Eval Error: 0.0164 | Eval Perf: 0.7994
[19, 100] Train Error: 0.0118 | Train Perf: 0.8575 | Eval Error: 0.0176 | Eval Perf: 0.7939
[20, 100] Train Error: 0.0118 | Train Perf: 0.8582 | Eval Error: 0.0168 | Eval Perf: 0.7938
[21, 100] Train Error: 0.0114 | Train Perf: 0.8628 | Eval Error: 0.0168 | Eval Perf: 0.796
[22, 100] Train Error: 0.0113 | Train Perf: 0.8643 | Eval Error: 0.0165 | Eval Perf: 0.7971
[23, 100] Train Error: 0.0111 | Train Perf: 0.8672 | Eval Error: 0.0166 | Eval Perf: 0.796
[24, 100] Train Error: 0.0109 | Train Perf: 0.8696 | Eval Error: 0.0176 | Eval Perf: 0.7921
[25, 100] Train Error: 0.0107 | Train Perf: 0.8725 | Eval Error: 0.0172 | Eval Perf: 0.7909
[26, 100] Train Error: 0.0105 | Train Perf: 0.8747 | Eval Error: 0.0174 | Eval Perf: 0.7881
[27, 100] Train Error: 0.0104 | Train Perf: 0.8765 | Eval Error: 0.0187 | Eval Perf: 0.7841
[28, 100] Train Error: 0.0102 | Train Perf: 0.8789 | Eval Error: 0.0173 | Eval Perf: 0.7887
[29, 100] Train Error: 0.0099 | Train Perf: 0.8816 | Eval Error: 0.0183 | Eval Perf: 0.7846
[30, 100] Train Error: 0.0099 | Train Perf: 0.8827 | Eval Error: 0.019 | Eval Perf: 0.7821
[31, 100] Train Error: 0.0098 | Train Perf: 0.8836 | Eval Error: 0.0179 | Eval Perf: 0.7805
[32, 100] Train Error: 0.0096 | Train Perf: 0.8865 | Eval Error: 0.0178 | Eval Perf: 0.7825
[33, 100] Train Error: 0.0095 | Train Perf: 0.8877 | Eval Error: 0.0188 | Eval Perf: 0.7822
[34, 100] Train Error: 0.0094 | Train Perf: 0.8887 | Eval Error: 0.0186 | Eval Perf: 0.7792
[35, 100] Train Error: 0.0091 | Train Perf: 0.8924 | Eval Error: 0.0182 | Eval Perf: 0.7792
[36, 100] Train Error: 0.0091 | Train Perf: 0.8929 | Eval Error: 0.0184 | Eval Perf: 0.7753
[37, 100] Train Error: 0.009 | Train Perf: 0.8939 | Eval Error: 0.0182 | Eval Perf: 0.7794
[38, 100] Train Error: 0.0088 | Train Perf: 0.8957 | Eval Error: 0.0188 | Eval Perf: 0.7715
[39, 100] Train Error: 0.0086 | Train Perf: 0.8982 | Eval Error: 0.0188 | Eval Perf: 0.7715
[40, 100] Train Error: 0.0084 | Train Perf: 0.9005 | Eval Error: 0.0196 | Eval Perf: 0.767
[41, 100] Train Error: 0.0085 | Train Perf: 0.9004 | Eval Error: 0.0207 | Eval Perf: 0.765
[42, 100] Train Error: 0.0083 | Train Perf: 0.9026 | Eval Error: 0.0202 | Eval Perf: 0.761
[43, 100] Train Error: 0.0082 | Train Perf: 0.9033 | Eval Error: 0.0197 | Eval Perf: 0.7625
[44, 100] Train Error: 0.008 | Train Perf: 0.9067 | Eval Error: 0.0212 | Eval Perf: 0.7596
[45, 100] Train Error: 0.008 | Train Perf: 0.9054 | Eval Error: 0.02 | Eval Perf: 0.7611
[46, 100] Train Error: 0.0079 | Train Perf: 0.9071 | Eval Error: 0.0209 | Eval Perf: 0.7581
[47, 100] Train Error: 0.0078 | Train Perf: 0.9085 | Eval Error: 0.0206 | Eval Perf: 0.7523
[48, 100] Train Error: 0.0077 | Train Perf: 0.9093 | Eval Error: 0.0204 | Eval Perf: 0.754
[49, 100] Train Error: 0.0076 | Train Perf: 0.9105 | Eval Error: 0.0212 | Eval Perf: 0.75
[50, 100] Train Error: 0.0075 | Train Perf: 0.912 | Eval Error: 0.0211 | Eval Perf: 0.7519
[51, 100] Train Error: 0.0074 | Train Perf: 0.9138 | Eval Error: 0.0206 | Eval Perf: 0.7525
[52, 100] Train Error: 0.0073 | Train Perf: 0.9143 | Eval Error: 0.0218 | Eval Perf: 0.7429
[53, 100] Train Error: 0.0072 | Train Perf: 0.9153 | Eval Error: 0.0212 | Eval Perf: 0.7502
[54, 100] Train Error: 0.0072 | Train Perf: 0.9164 | Eval Error: 0.0213 | Eval Perf: 0.7467
[55, 100] Train Error: 0.0071 | Train Perf: 0.9175 | Eval Error: 0.0215 | Eval Perf: 0.7391
[56, 100] Train Error: 0.0069 | Train Perf: 0.9192 | Eval Error: 0.0226 | Eval Perf: 0.7393
[57, 100] Train Error: 0.0069 | Train Perf: 0.9198 | Eval Error: 0.0219 | Eval Perf: 0.7336
[58, 100] Train Error: 0.0068 | Train Perf: 0.9206 | Eval Error: 0.0222 | Eval Perf: 0.7396
[59, 100] Train Error: 0.0067 | Train Perf: 0.9217 | Eval Error: 0.0221 | Eval Perf: 0.7317
[60, 100] Train Error: 0.0066 | Train Perf: 0.9227 | Eval Error: 0.0224 | Eval Perf: 0.7327
[61, 100] Train Error: 0.0066 | Train Perf: 0.9236 | Eval Error: 0.0222 | Eval Perf: 0.7361
[62, 100] Train Error: 0.0066 | Train Perf: 0.9236 | Eval Error: 0.022 | Eval Perf: 0.7358
[63, 100] Train Error: 0.0065 | Train Perf: 0.9247 | Eval Error: 0.0223 | Eval Perf: 0.7337
[64, 100] Train Error: 0.0064 | Train Perf: 0.925 | Eval Error: 0.0227 | Eval Perf: 0.7263
[65, 100] Train Error: 0.0063 | Train Perf: 0.9265 | Eval Error: 0.0231 | Eval Perf: 0.7268
[66, 100] Train Error: 0.0063 | Train Perf: 0.9273 | Eval Error: 0.0232 | Eval Perf: 0.7254
[67, 100] Train Error: 0.0063 | Train Perf: 0.9269 | Eval Error: 0.0235 | Eval Perf: 0.7269
[68, 100] Train Error: 0.0062 | Train Perf: 0.9277 | Eval Error: 0.0233 | Eval Perf: 0.7232
[69, 100] Train Error: 0.0062 | Train Perf: 0.9283 | Eval Error: 0.0229 | Eval Perf: 0.7275
[70, 100] Train Error: 0.0061 | Train Perf: 0.9296 | Eval Error: 0.0233 | Eval Perf: 0.7232
[71, 100] Train Error: 0.0061 | Train Perf: 0.9294 | Eval Error: 0.023 | Eval Perf: 0.726
[72, 100] Train Error: 0.006 | Train Perf: 0.9302 | Eval Error: 0.0231 | Eval Perf: 0.725
[73, 100] Train Error: 0.006 | Train Perf: 0.9309 | Eval Error: 0.0237 | Eval Perf: 0.719
[74, 100] Train Error: 0.006 | Train Perf: 0.9306 | Eval Error: 0.024 | Eval Perf: 0.7158
[75, 100] Train Error: 0.0058 | Train Perf: 0.9327 | Eval Error: 0.0236 | Eval Perf: 0.7183
[76, 100] Train Error: 0.0059 | Train Perf: 0.9319 | Eval Error: 0.0238 | Eval Perf: 0.7195
[77, 100] Train Error: 0.0058 | Train Perf: 0.9325 | Eval Error: 0.0238 | Eval Perf: 0.7177
[78, 100] Train Error: 0.0058 | Train Perf: 0.9333 | Eval Error: 0.0237 | Eval Perf: 0.7191
[79, 100] Train Error: 0.0057 | Train Perf: 0.9338 | Eval Error: 0.0237 | Eval Perf: 0.7158
[80, 100] Train Error: 0.0057 | Train Perf: 0.9338 | Eval Error: 0.0251 | Eval Perf: 0.7142
[81, 100] Train Error: 0.0057 | Train Perf: 0.9342 | Eval Error: 0.0241 | Eval Perf: 0.7127
[82, 100] Train Error: 0.0055 | Train Perf: 0.9358 | Eval Error: 0.0241 | Eval Perf: 0.7126
[83, 100] Train Error: 0.0056 | Train Perf: 0.9357 | Eval Error: 0.0242 | Eval Perf: 0.7126
[84, 100] Train Error: 0.0055 | Train Perf: 0.9361 | Eval Error: 0.0248 | Eval Perf: 0.7078
[85, 100] Train Error: 0.0055 | Train Perf: 0.9366 | Eval Error: 0.0248 | Eval Perf: 0.7051
[86, 100] Train Error: 0.0054 | Train Perf: 0.9378 | Eval Error: 0.0252 | Eval Perf: 0.7015
[87, 100] Train Error: 0.0054 | Train Perf: 0.9375 | Eval Error: 0.0251 | Eval Perf: 0.7049
[88, 100] Train Error: 0.0053 | Train Perf: 0.9382 | Eval Error: 0.0249 | Eval Perf: 0.7063
[89, 100] Train Error: 0.0054 | Train Perf: 0.9382 | Eval Error: 0.025 | Eval Perf: 0.7024
[90, 100] Train Error: 0.0052 | Train Perf: 0.9399 | Eval Error: 0.0254 | Eval Perf: 0.7014
[91, 100] Train Error: 0.0052 | Train Perf: 0.9397 | Eval Error: 0.025 | Eval Perf: 0.7034
[92, 100] Train Error: 0.0052 | Train Perf: 0.9405 | Eval Error: 0.0252 | Eval Perf: 0.7036
[93, 100] Train Error: 0.0051 | Train Perf: 0.9407 | Eval Error: 0.0254 | Eval Perf: 0.7026
[94, 100] Train Error: 0.0051 | Train Perf: 0.9413 | Eval Error: 0.0258 | Eval Perf: 0.704
[95, 100] Train Error: 0.0051 | Train Perf: 0.9413 | Eval Error: 0.0261 | Eval Perf: 0.6952
[96, 100] Train Error: 0.005 | Train Perf: 0.9419 | Eval Error: 0.0259 | Eval Perf: 0.6952
[97, 100] Train Error: 0.005 | Train Perf: 0.9424 | Eval Error: 0.0261 | Eval Perf: 0.6933
[98, 100] Train Error: 0.0049 | Train Perf: 0.9429 | Eval Error: 0.0259 | Eval Perf: 0.7016
[99, 100] Train Error: 0.0049 | Train Perf: 0.9437 | Eval Error: 0.0266 | Eval Perf: 0.696
[100, 100] Train Error: 0.0048 | Train Perf: 0.9445 | Eval Error: 0.0269 | Eval Perf: 0.6917
