NETWORK SUMMARY
---------------
Input Layer shape: (1, 180)
Hidden Layer shape: (181, 2)
Output layer shape: (3, 1)
Total parameters: 365

[1, 100] Train Error: 0.0219 | Train Perf: -0.0363 | Eval Error: 0.015 | Eval Perf: -0.1767
[2, 100] Train Error: 0.0152 | Train Perf: -0.0069 | Eval Error: 0.0148 | Eval Perf: -0.135
[3, 100] Train Error: 0.0152 | Train Perf: 0.0217 | Eval Error: 0.0148 | Eval Perf: -0.0921
[4, 100] Train Error: 0.0151 | Train Perf: 0.0857 | Eval Error: 0.0148 | Eval Perf: -0.0485
[5, 100] Train Error: 0.015 | Train Perf: 0.1332 | Eval Error: 0.0148 | Eval Perf: -0.0057
[6, 100] Train Error: 0.015 | Train Perf: 0.1947 | Eval Error: 0.0147 | Eval Perf: 0.0358
[7, 100] Train Error: 0.0149 | Train Perf: 0.2322 | Eval Error: 0.0147 | Eval Perf: 0.0748
[8, 100] Train Error: 0.0148 | Train Perf: 0.3106 | Eval Error: 0.0146 | Eval Perf: 0.1109
[9, 100] Train Error: 0.0148 | Train Perf: 0.3237 | Eval Error: 0.0146 | Eval Perf: 0.1439
[10, 100] Train Error: 0.0147 | Train Perf: 0.3803 | Eval Error: 0.0145 | Eval Perf: 0.1738
[11, 100] Train Error: 0.0146 | Train Perf: 0.4302 | Eval Error: 0.0145 | Eval Perf: 0.2005
[12, 100] Train Error: 0.0145 | Train Perf: 0.4614 | Eval Error: 0.0145 | Eval Perf: 0.2244
[13, 100] Train Error: 0.0144 | Train Perf: 0.4778 | Eval Error: 0.0144 | Eval Perf: 0.2456
[14, 100] Train Error: 0.0143 | Train Perf: 0.4988 | Eval Error: 0.0143 | Eval Perf: 0.2644
[15, 100] Train Error: 0.0141 | Train Perf: 0.5238 | Eval Error: 0.0142 | Eval Perf: 0.2811
[16, 100] Train Error: 0.014 | Train Perf: 0.5434 | Eval Error: 0.0142 | Eval Perf: 0.296
[17, 100] Train Error: 0.0138 | Train Perf: 0.5455 | Eval Error: 0.0141 | Eval Perf: 0.3092
[18, 100] Train Error: 0.0136 | Train Perf: 0.5731 | Eval Error: 0.014 | Eval Perf: 0.3211
[19, 100] Train Error: 0.0134 | Train Perf: 0.5765 | Eval Error: 0.0139 | Eval Perf: 0.332
[20, 100] Train Error: 0.0132 | Train Perf: 0.5747 | Eval Error: 0.0138 | Eval Perf: 0.3417
[21, 100] Train Error: 0.013 | Train Perf: 0.5985 | Eval Error: 0.0137 | Eval Perf: 0.3507
[22, 100] Train Error: 0.0127 | Train Perf: 0.6011 | Eval Error: 0.0136 | Eval Perf: 0.3591
[23, 100] Train Error: 0.0125 | Train Perf: 0.6102 | Eval Error: 0.0134 | Eval Perf: 0.3668
[24, 100] Train Error: 0.0122 | Train Perf: 0.6204 | Eval Error: 0.0133 | Eval Perf: 0.3738
[25, 100] Train Error: 0.0119 | Train Perf: 0.6285 | Eval Error: 0.0132 | Eval Perf: 0.3805
[26, 100] Train Error: 0.0116 | Train Perf: 0.6309 | Eval Error: 0.013 | Eval Perf: 0.3867
[27, 100] Train Error: 0.0113 | Train Perf: 0.6414 | Eval Error: 0.0129 | Eval Perf: 0.3929
[28, 100] Train Error: 0.011 | Train Perf: 0.6466 | Eval Error: 0.0128 | Eval Perf: 0.3982
[29, 100] Train Error: 0.0108 | Train Perf: 0.6515 | Eval Error: 0.0126 | Eval Perf: 0.4036
[30, 100] Train Error: 0.0105 | Train Perf: 0.6607 | Eval Error: 0.0126 | Eval Perf: 0.4083
[31, 100] Train Error: 0.0102 | Train Perf: 0.6639 | Eval Error: 0.0124 | Eval Perf: 0.4138
[32, 100] Train Error: 0.0099 | Train Perf: 0.6725 | Eval Error: 0.0123 | Eval Perf: 0.4184
[33, 100] Train Error: 0.0096 | Train Perf: 0.6785 | Eval Error: 0.0122 | Eval Perf: 0.4234
[34, 100] Train Error: 0.0093 | Train Perf: 0.686 | Eval Error: 0.0121 | Eval Perf: 0.4287
[35, 100] Train Error: 0.0091 | Train Perf: 0.6924 | Eval Error: 0.012 | Eval Perf: 0.433
[36, 100] Train Error: 0.0088 | Train Perf: 0.6972 | Eval Error: 0.0119 | Eval Perf: 0.4374
[37, 100] Train Error: 0.0086 | Train Perf: 0.7061 | Eval Error: 0.0119 | Eval Perf: 0.4423
[38, 100] Train Error: 0.0084 | Train Perf: 0.7099 | Eval Error: 0.0118 | Eval Perf: 0.4462
[39, 100] Train Error: 0.0081 | Train Perf: 0.7166 | Eval Error: 0.0118 | Eval Perf: 0.4503
[40, 100] Train Error: 0.0079 | Train Perf: 0.7237 | Eval Error: 0.0117 | Eval Perf: 0.4543
[41, 100] Train Error: 0.0077 | Train Perf: 0.7299 | Eval Error: 0.0116 | Eval Perf: 0.4591
[42, 100] Train Error: 0.0076 | Train Perf: 0.7349 | Eval Error: 0.0116 | Eval Perf: 0.4631
[43, 100] Train Error: 0.0074 | Train Perf: 0.7399 | Eval Error: 0.0116 | Eval Perf: 0.4658
[44, 100] Train Error: 0.0072 | Train Perf: 0.7477 | Eval Error: 0.0115 | Eval Perf: 0.4707
[45, 100] Train Error: 0.007 | Train Perf: 0.7528 | Eval Error: 0.0114 | Eval Perf: 0.4757
[46, 100] Train Error: 0.0069 | Train Perf: 0.7567 | Eval Error: 0.0114 | Eval Perf: 0.4796
[47, 100] Train Error: 0.0068 | Train Perf: 0.7594 | Eval Error: 0.0114 | Eval Perf: 0.4822
[48, 100] Train Error: 0.0066 | Train Perf: 0.7658 | Eval Error: 0.0114 | Eval Perf: 0.4847
[49, 100] Train Error: 0.0065 | Train Perf: 0.7711 | Eval Error: 0.0113 | Eval Perf: 0.488
[50, 100] Train Error: 0.0063 | Train Perf: 0.7755 | Eval Error: 0.0113 | Eval Perf: 0.4914
[51, 100] Train Error: 0.0062 | Train Perf: 0.7802 | Eval Error: 0.0113 | Eval Perf: 0.4941
[52, 100] Train Error: 0.0061 | Train Perf: 0.7838 | Eval Error: 0.0112 | Eval Perf: 0.4977
[53, 100] Train Error: 0.006 | Train Perf: 0.7876 | Eval Error: 0.0112 | Eval Perf: 0.5009
[54, 100] Train Error: 0.0059 | Train Perf: 0.7904 | Eval Error: 0.0112 | Eval Perf: 0.5024
[55, 100] Train Error: 0.0058 | Train Perf: 0.7954 | Eval Error: 0.0111 | Eval Perf: 0.5054
[56, 100] Train Error: 0.0057 | Train Perf: 0.7969 | Eval Error: 0.0111 | Eval Perf: 0.5071
[57, 100] Train Error: 0.0056 | Train Perf: 0.8033 | Eval Error: 0.0111 | Eval Perf: 0.511
[58, 100] Train Error: 0.0055 | Train Perf: 0.8028 | Eval Error: 0.0111 | Eval Perf: 0.5113
[59, 100] Train Error: 0.0054 | Train Perf: 0.8082 | Eval Error: 0.011 | Eval Perf: 0.5144
[60, 100] Train Error: 0.0053 | Train Perf: 0.8087 | Eval Error: 0.0111 | Eval Perf: 0.515
[61, 100] Train Error: 0.0053 | Train Perf: 0.8143 | Eval Error: 0.011 | Eval Perf: 0.518
[62, 100] Train Error: 0.0052 | Train Perf: 0.8138 | Eval Error: 0.011 | Eval Perf: 0.5189
[63, 100] Train Error: 0.0051 | Train Perf: 0.8177 | Eval Error: 0.011 | Eval Perf: 0.5196
[64, 100] Train Error: 0.0051 | Train Perf: 0.8195 | Eval Error: 0.011 | Eval Perf: 0.5211
[65, 100] Train Error: 0.005 | Train Perf: 0.8225 | Eval Error: 0.011 | Eval Perf: 0.523
[66, 100] Train Error: 0.005 | Train Perf: 0.8236 | Eval Error: 0.011 | Eval Perf: 0.5244
[67, 100] Train Error: 0.0049 | Train Perf: 0.8261 | Eval Error: 0.011 | Eval Perf: 0.5259
[68, 100] Train Error: 0.0048 | Train Perf: 0.8284 | Eval Error: 0.0111 | Eval Perf: 0.5254
[69, 100] Train Error: 0.0048 | Train Perf: 0.8305 | Eval Error: 0.011 | Eval Perf: 0.5277
[70, 100] Train Error: 0.0047 | Train Perf: 0.8318 | Eval Error: 0.011 | Eval Perf: 0.5292
[71, 100] Train Error: 0.0047 | Train Perf: 0.8335 | Eval Error: 0.011 | Eval Perf: 0.5299
[72, 100] Train Error: 0.0047 | Train Perf: 0.8355 | Eval Error: 0.011 | Eval Perf: 0.5313
[73, 100] Train Error: 0.0046 | Train Perf: 0.8376 | Eval Error: 0.011 | Eval Perf: 0.532
[74, 100] Train Error: 0.0045 | Train Perf: 0.8382 | Eval Error: 0.0111 | Eval Perf: 0.5312
[75, 100] Train Error: 0.0045 | Train Perf: 0.8409 | Eval Error: 0.011 | Eval Perf: 0.533
[76, 100] Train Error: 0.0045 | Train Perf: 0.8413 | Eval Error: 0.011 | Eval Perf: 0.5336
[77, 100] Train Error: 0.0044 | Train Perf: 0.8448 | Eval Error: 0.011 | Eval Perf: 0.5345
[78, 100] Train Error: 0.0044 | Train Perf: 0.8445 | Eval Error: 0.011 | Eval Perf: 0.5351
[79, 100] Train Error: 0.0043 | Train Perf: 0.8461 | Eval Error: 0.0111 | Eval Perf: 0.5347
[80, 100] Train Error: 0.0043 | Train Perf: 0.8473 | Eval Error: 0.011 | Eval Perf: 0.5356
[81, 100] Train Error: 0.0043 | Train Perf: 0.8501 | Eval Error: 0.011 | Eval Perf: 0.5379
[82, 100] Train Error: 0.0043 | Train Perf: 0.849 | Eval Error: 0.011 | Eval Perf: 0.5382
[83, 100] Train Error: 0.0042 | Train Perf: 0.8511 | Eval Error: 0.011 | Eval Perf: 0.539
[84, 100] Train Error: 0.0042 | Train Perf: 0.8514 | Eval Error: 0.011 | Eval Perf: 0.539
[85, 100] Train Error: 0.0042 | Train Perf: 0.8535 | Eval Error: 0.0111 | Eval Perf: 0.54
[86, 100] Train Error: 0.0042 | Train Perf: 0.8535 | Eval Error: 0.0111 | Eval Perf: 0.5401
[87, 100] Train Error: 0.0041 | Train Perf: 0.8551 | Eval Error: 0.0111 | Eval Perf: 0.5387
[88, 100] Train Error: 0.0041 | Train Perf: 0.8562 | Eval Error: 0.0111 | Eval Perf: 0.5398
[89, 100] Train Error: 0.0041 | Train Perf: 0.8597 | Eval Error: 0.0111 | Eval Perf: 0.5419
[90, 100] Train Error: 0.004 | Train Perf: 0.8584 | Eval Error: 0.0111 | Eval Perf: 0.5426
[91, 100] Train Error: 0.004 | Train Perf: 0.858 | Eval Error: 0.0111 | Eval Perf: 0.5406
[92, 100] Train Error: 0.004 | Train Perf: 0.8614 | Eval Error: 0.0111 | Eval Perf: 0.5431
[93, 100] Train Error: 0.004 | Train Perf: 0.8604 | Eval Error: 0.0111 | Eval Perf: 0.5412
[94, 100] Train Error: 0.0039 | Train Perf: 0.8619 | Eval Error: 0.0111 | Eval Perf: 0.5408
[95, 100] Train Error: 0.0039 | Train Perf: 0.8639 | Eval Error: 0.0111 | Eval Perf: 0.5434
[96, 100] Train Error: 0.0039 | Train Perf: 0.8638 | Eval Error: 0.0111 | Eval Perf: 0.5436
[97, 100] Train Error: 0.0039 | Train Perf: 0.8639 | Eval Error: 0.0111 | Eval Perf: 0.5432
[98, 100] Train Error: 0.0039 | Train Perf: 0.8651 | Eval Error: 0.0111 | Eval Perf: 0.543
[99, 100] Train Error: 0.0038 | Train Perf: 0.866 | Eval Error: 0.0111 | Eval Perf: 0.5434
[100, 100] Train Error: 0.0038 | Train Perf: 0.8662 | Eval Error: 0.0112 | Eval Perf: 0.5429
