NETWORK SUMMARY
---------------
Input Layer shape: (1, 180)
Hidden Layer shape: (181, 5)
Output layer shape: (6, 1)
Total parameters: 911

[1, 100] Train Error: 0.0361 | Train Perf: -0.0424 | Eval Error: 0.0332 | Eval Perf: 0.0772
[2, 100] Train Error: 0.034 | Train Perf: 0.042 | Eval Error: 0.033 | Eval Perf: 0.2413
[3, 100] Train Error: 0.0335 | Train Perf: 0.1362 | Eval Error: 0.0328 | Eval Perf: 0.3502
[4, 100] Train Error: 0.0333 | Train Perf: 0.1942 | Eval Error: 0.0324 | Eval Perf: 0.4209
[5, 100] Train Error: 0.0329 | Train Perf: 0.3342 | Eval Error: 0.0322 | Eval Perf: 0.4633
[6, 100] Train Error: 0.0324 | Train Perf: 0.3831 | Eval Error: 0.0316 | Eval Perf: 0.4944
[7, 100] Train Error: 0.0317 | Train Perf: 0.466 | Eval Error: 0.0309 | Eval Perf: 0.5142
[8, 100] Train Error: 0.0309 | Train Perf: 0.5349 | Eval Error: 0.0302 | Eval Perf: 0.5292
[9, 100] Train Error: 0.0298 | Train Perf: 0.5764 | Eval Error: 0.0293 | Eval Perf: 0.5406
[10, 100] Train Error: 0.0285 | Train Perf: 0.6051 | Eval Error: 0.0287 | Eval Perf: 0.5518
[11, 100] Train Error: 0.0272 | Train Perf: 0.6157 | Eval Error: 0.0273 | Eval Perf: 0.5577
[12, 100] Train Error: 0.0258 | Train Perf: 0.6282 | Eval Error: 0.0262 | Eval Perf: 0.5676
[13, 100] Train Error: 0.0245 | Train Perf: 0.6493 | Eval Error: 0.0251 | Eval Perf: 0.5755
[14, 100] Train Error: 0.0232 | Train Perf: 0.6592 | Eval Error: 0.0241 | Eval Perf: 0.584
[15, 100] Train Error: 0.0219 | Train Perf: 0.6716 | Eval Error: 0.0233 | Eval Perf: 0.5936
[16, 100] Train Error: 0.0209 | Train Perf: 0.6825 | Eval Error: 0.0225 | Eval Perf: 0.6029
[17, 100] Train Error: 0.0199 | Train Perf: 0.6937 | Eval Error: 0.0218 | Eval Perf: 0.6121
[18, 100] Train Error: 0.0189 | Train Perf: 0.7068 | Eval Error: 0.0212 | Eval Perf: 0.6212
[19, 100] Train Error: 0.0182 | Train Perf: 0.7168 | Eval Error: 0.0208 | Eval Perf: 0.6311
[20, 100] Train Error: 0.0174 | Train Perf: 0.7291 | Eval Error: 0.0202 | Eval Perf: 0.6394
[21, 100] Train Error: 0.0167 | Train Perf: 0.7388 | Eval Error: 0.0199 | Eval Perf: 0.6484
[22, 100] Train Error: 0.016 | Train Perf: 0.7496 | Eval Error: 0.0195 | Eval Perf: 0.6549
[23, 100] Train Error: 0.0155 | Train Perf: 0.7565 | Eval Error: 0.0191 | Eval Perf: 0.6616
[24, 100] Train Error: 0.0149 | Train Perf: 0.7666 | Eval Error: 0.0189 | Eval Perf: 0.6677
[25, 100] Train Error: 0.0144 | Train Perf: 0.7754 | Eval Error: 0.0184 | Eval Perf: 0.6702
[26, 100] Train Error: 0.014 | Train Perf: 0.7811 | Eval Error: 0.0182 | Eval Perf: 0.6749
[27, 100] Train Error: 0.0136 | Train Perf: 0.7866 | Eval Error: 0.0181 | Eval Perf: 0.68
[28, 100] Train Error: 0.0132 | Train Perf: 0.7925 | Eval Error: 0.018 | Eval Perf: 0.6835
[29, 100] Train Error: 0.0129 | Train Perf: 0.7988 | Eval Error: 0.0177 | Eval Perf: 0.6839
[30, 100] Train Error: 0.0125 | Train Perf: 0.8028 | Eval Error: 0.0179 | Eval Perf: 0.6892
[31, 100] Train Error: 0.0123 | Train Perf: 0.8076 | Eval Error: 0.0176 | Eval Perf: 0.6889
[32, 100] Train Error: 0.012 | Train Perf: 0.81 | Eval Error: 0.0175 | Eval Perf: 0.6898
[33, 100] Train Error: 0.0118 | Train Perf: 0.8137 | Eval Error: 0.0175 | Eval Perf: 0.6925
[34, 100] Train Error: 0.0116 | Train Perf: 0.8181 | Eval Error: 0.0174 | Eval Perf: 0.6917
[35, 100] Train Error: 0.0114 | Train Perf: 0.8203 | Eval Error: 0.0174 | Eval Perf: 0.6931
[36, 100] Train Error: 0.0112 | Train Perf: 0.823 | Eval Error: 0.0174 | Eval Perf: 0.6939
[37, 100] Train Error: 0.011 | Train Perf: 0.8262 | Eval Error: 0.0174 | Eval Perf: 0.6951
[38, 100] Train Error: 0.0108 | Train Perf: 0.829 | Eval Error: 0.0174 | Eval Perf: 0.6947
[39, 100] Train Error: 0.0107 | Train Perf: 0.8316 | Eval Error: 0.0175 | Eval Perf: 0.6939
[40, 100] Train Error: 0.0105 | Train Perf: 0.8336 | Eval Error: 0.0175 | Eval Perf: 0.695
[41, 100] Train Error: 0.0104 | Train Perf: 0.8359 | Eval Error: 0.0176 | Eval Perf: 0.6947
[42, 100] Train Error: 0.0103 | Train Perf: 0.8372 | Eval Error: 0.0177 | Eval Perf: 0.6924
[43, 100] Train Error: 0.0102 | Train Perf: 0.8388 | Eval Error: 0.0177 | Eval Perf: 0.694
[44, 100] Train Error: 0.0101 | Train Perf: 0.8407 | Eval Error: 0.0178 | Eval Perf: 0.6917
[45, 100] Train Error: 0.0099 | Train Perf: 0.8426 | Eval Error: 0.0178 | Eval Perf: 0.6934
[46, 100] Train Error: 0.0097 | Train Perf: 0.8465 | Eval Error: 0.018 | Eval Perf: 0.6902
[47, 100] Train Error: 0.0098 | Train Perf: 0.8454 | Eval Error: 0.0179 | Eval Perf: 0.6921
[48, 100] Train Error: 0.0097 | Train Perf: 0.8462 | Eval Error: 0.018 | Eval Perf: 0.6916
[49, 100] Train Error: 0.0096 | Train Perf: 0.8476 | Eval Error: 0.018 | Eval Perf: 0.6908
[50, 100] Train Error: 0.0096 | Train Perf: 0.8485 | Eval Error: 0.0182 | Eval Perf: 0.6892
[51, 100] Train Error: 0.0095 | Train Perf: 0.8496 | Eval Error: 0.0183 | Eval Perf: 0.6881
[52, 100] Train Error: 0.0094 | Train Perf: 0.8511 | Eval Error: 0.0183 | Eval Perf: 0.6878
[53, 100] Train Error: 0.0094 | Train Perf: 0.8514 | Eval Error: 0.0184 | Eval Perf: 0.6875
[54, 100] Train Error: 0.0093 | Train Perf: 0.8525 | Eval Error: 0.0184 | Eval Perf: 0.6877
[55, 100] Train Error: 0.0093 | Train Perf: 0.8534 | Eval Error: 0.0185 | Eval Perf: 0.6872
[56, 100] Train Error: 0.0092 | Train Perf: 0.8554 | Eval Error: 0.0189 | Eval Perf: 0.6834
[57, 100] Train Error: 0.0092 | Train Perf: 0.8547 | Eval Error: 0.0187 | Eval Perf: 0.6846
[58, 100] Train Error: 0.0091 | Train Perf: 0.8558 | Eval Error: 0.0187 | Eval Perf: 0.6853
[59, 100] Train Error: 0.0091 | Train Perf: 0.8571 | Eval Error: 0.0189 | Eval Perf: 0.683
[60, 100] Train Error: 0.0091 | Train Perf: 0.8566 | Eval Error: 0.0189 | Eval Perf: 0.6831
[61, 100] Train Error: 0.009 | Train Perf: 0.8587 | Eval Error: 0.0195 | Eval Perf: 0.6791
[62, 100] Train Error: 0.009 | Train Perf: 0.8578 | Eval Error: 0.019 | Eval Perf: 0.6812
[63, 100] Train Error: 0.0089 | Train Perf: 0.8605 | Eval Error: 0.0199 | Eval Perf: 0.6768
[64, 100] Train Error: 0.0089 | Train Perf: 0.8588 | Eval Error: 0.0193 | Eval Perf: 0.6791
[65, 100] Train Error: 0.0088 | Train Perf: 0.8617 | Eval Error: 0.0192 | Eval Perf: 0.6799
[66, 100] Train Error: 0.0088 | Train Perf: 0.8613 | Eval Error: 0.0192 | Eval Perf: 0.6799
[67, 100] Train Error: 0.0088 | Train Perf: 0.8609 | Eval Error: 0.0194 | Eval Perf: 0.6781
[68, 100] Train Error: 0.0088 | Train Perf: 0.8618 | Eval Error: 0.0194 | Eval Perf: 0.6783
[69, 100] Train Error: 0.0088 | Train Perf: 0.8619 | Eval Error: 0.0196 | Eval Perf: 0.676
[70, 100] Train Error: 0.0087 | Train Perf: 0.8626 | Eval Error: 0.0198 | Eval Perf: 0.675
[71, 100] Train Error: 0.0087 | Train Perf: 0.8627 | Eval Error: 0.02 | Eval Perf: 0.6739
[72, 100] Train Error: 0.0087 | Train Perf: 0.863 | Eval Error: 0.0196 | Eval Perf: 0.6755
[73, 100] Train Error: 0.0087 | Train Perf: 0.8643 | Eval Error: 0.0201 | Eval Perf: 0.6727
[74, 100] Train Error: 0.0087 | Train Perf: 0.8634 | Eval Error: 0.0198 | Eval Perf: 0.6741
[75, 100] Train Error: 0.0086 | Train Perf: 0.8651 | Eval Error: 0.0202 | Eval Perf: 0.6716
[76, 100] Train Error: 0.0086 | Train Perf: 0.8647 | Eval Error: 0.02 | Eval Perf: 0.672
[77, 100] Train Error: 0.0086 | Train Perf: 0.8647 | Eval Error: 0.02 | Eval Perf: 0.6716
[78, 100] Train Error: 0.0085 | Train Perf: 0.8659 | Eval Error: 0.0199 | Eval Perf: 0.6733
[79, 100] Train Error: 0.0086 | Train Perf: 0.8658 | Eval Error: 0.0203 | Eval Perf: 0.6695
[80, 100] Train Error: 0.0085 | Train Perf: 0.8665 | Eval Error: 0.0205 | Eval Perf: 0.6687
[81, 100] Train Error: 0.0085 | Train Perf: 0.8661 | Eval Error: 0.0203 | Eval Perf: 0.6692
[82, 100] Train Error: 0.0085 | Train Perf: 0.8662 | Eval Error: 0.0202 | Eval Perf: 0.6696
[83, 100] Train Error: 0.0085 | Train Perf: 0.8667 | Eval Error: 0.0202 | Eval Perf: 0.6692
[84, 100] Train Error: 0.0085 | Train Perf: 0.867 | Eval Error: 0.0203 | Eval Perf: 0.6686
[85, 100] Train Error: 0.0085 | Train Perf: 0.8674 | Eval Error: 0.0205 | Eval Perf: 0.6674
[86, 100] Train Error: 0.0084 | Train Perf: 0.868 | Eval Error: 0.0203 | Eval Perf: 0.6685
[87, 100] Train Error: 0.0085 | Train Perf: 0.8679 | Eval Error: 0.0206 | Eval Perf: 0.6665
[88, 100] Train Error: 0.0085 | Train Perf: 0.8679 | Eval Error: 0.0207 | Eval Perf: 0.6663
[89, 100] Train Error: 0.0084 | Train Perf: 0.869 | Eval Error: 0.021 | Eval Perf: 0.6649
[90, 100] Train Error: 0.0084 | Train Perf: 0.8681 | Eval Error: 0.0207 | Eval Perf: 0.6657
[91, 100] Train Error: 0.0084 | Train Perf: 0.8688 | Eval Error: 0.0209 | Eval Perf: 0.6645
[92, 100] Train Error: 0.0084 | Train Perf: 0.8695 | Eval Error: 0.0207 | Eval Perf: 0.6645
[93, 100] Train Error: 0.0084 | Train Perf: 0.8696 | Eval Error: 0.0208 | Eval Perf: 0.6642
[94, 100] Train Error: 0.0084 | Train Perf: 0.8691 | Eval Error: 0.021 | Eval Perf: 0.6634
[95, 100] Train Error: 0.0084 | Train Perf: 0.8695 | Eval Error: 0.0209 | Eval Perf: 0.6636
[96, 100] Train Error: 0.0084 | Train Perf: 0.8694 | Eval Error: 0.0209 | Eval Perf: 0.6631
[97, 100] Train Error: 0.0083 | Train Perf: 0.8705 | Eval Error: 0.021 | Eval Perf: 0.6627
[98, 100] Train Error: 0.0083 | Train Perf: 0.8709 | Eval Error: 0.0214 | Eval Perf: 0.6611
[99, 100] Train Error: 0.0083 | Train Perf: 0.8701 | Eval Error: 0.0209 | Eval Perf: 0.6622
[100, 100] Train Error: 0.0082 | Train Perf: 0.872 | Eval Error: 0.0216 | Eval Perf: 0.6598
