NETWORK SUMMARY
---------------
Input Layer shape: (1, 180)
Hidden Layer shape: (181, 5)
Output layer shape: (6, 1)
Total parameters: 911

[1, 100] Train Error: 0.0303 | Train Perf: 0.5795 | Eval Error: 0.0218 | Eval Perf: 0.7195
[2, 100] Train Error: 0.0202 | Train Perf: 0.7449 | Eval Error: 0.02 | Eval Perf: 0.7593
[3, 100] Train Error: 0.0173 | Train Perf: 0.7859 | Eval Error: 0.0172 | Eval Perf: 0.7873
[4, 100] Train Error: 0.0164 | Train Perf: 0.7989 | Eval Error: 0.017 | Eval Perf: 0.7961
[5, 100] Train Error: 0.0154 | Train Perf: 0.8121 | Eval Error: 0.0153 | Eval Perf: 0.8153
[6, 100] Train Error: 0.0148 | Train Perf: 0.8213 | Eval Error: 0.0149 | Eval Perf: 0.8182
[7, 100] Train Error: 0.0138 | Train Perf: 0.8339 | Eval Error: 0.0164 | Eval Perf: 0.8161
[8, 100] Train Error: 0.0135 | Train Perf: 0.8379 | Eval Error: 0.0153 | Eval Perf: 0.8205
[9, 100] Train Error: 0.0126 | Train Perf: 0.8495 | Eval Error: 0.0137 | Eval Perf: 0.8445
[10, 100] Train Error: 0.0127 | Train Perf: 0.8481 | Eval Error: 0.014 | Eval Perf: 0.8358
[11, 100] Train Error: 0.0124 | Train Perf: 0.853 | Eval Error: 0.0137 | Eval Perf: 0.835
[12, 100] Train Error: 0.012 | Train Perf: 0.8582 | Eval Error: 0.014 | Eval Perf: 0.8316
[13, 100] Train Error: 0.0115 | Train Perf: 0.8636 | Eval Error: 0.0145 | Eval Perf: 0.8298
[14, 100] Train Error: 0.011 | Train Perf: 0.8709 | Eval Error: 0.0173 | Eval Perf: 0.8305
[15, 100] Train Error: 0.0109 | Train Perf: 0.8712 | Eval Error: 0.0137 | Eval Perf: 0.8378
[16, 100] Train Error: 0.0105 | Train Perf: 0.8762 | Eval Error: 0.0138 | Eval Perf: 0.8354
[17, 100] Train Error: 0.0102 | Train Perf: 0.8802 | Eval Error: 0.0137 | Eval Perf: 0.8348
[18, 100] Train Error: 0.0102 | Train Perf: 0.8809 | Eval Error: 0.0136 | Eval Perf: 0.8374
[19, 100] Train Error: 0.01 | Train Perf: 0.8826 | Eval Error: 0.0143 | Eval Perf: 0.8351
[20, 100] Train Error: 0.0095 | Train Perf: 0.8893 | Eval Error: 0.0143 | Eval Perf: 0.8281
[21, 100] Train Error: 0.0096 | Train Perf: 0.8879 | Eval Error: 0.0145 | Eval Perf: 0.8278
[22, 100] Train Error: 0.0092 | Train Perf: 0.8928 | Eval Error: 0.0154 | Eval Perf: 0.824
[23, 100] Train Error: 0.0089 | Train Perf: 0.8964 | Eval Error: 0.0147 | Eval Perf: 0.8326
[24, 100] Train Error: 0.009 | Train Perf: 0.8957 | Eval Error: 0.0168 | Eval Perf: 0.8244
[25, 100] Train Error: 0.0088 | Train Perf: 0.8981 | Eval Error: 0.0144 | Eval Perf: 0.8309
[26, 100] Train Error: 0.0085 | Train Perf: 0.901 | Eval Error: 0.0151 | Eval Perf: 0.8403
[27, 100] Train Error: 0.0083 | Train Perf: 0.9035 | Eval Error: 0.0154 | Eval Perf: 0.8216
[28, 100] Train Error: 0.0085 | Train Perf: 0.9009 | Eval Error: 0.0151 | Eval Perf: 0.8225
[29, 100] Train Error: 0.0081 | Train Perf: 0.9069 | Eval Error: 0.0199 | Eval Perf: 0.8107
[30, 100] Train Error: 0.0082 | Train Perf: 0.9056 | Eval Error: 0.0151 | Eval Perf: 0.8214
[31, 100] Train Error: 0.0081 | Train Perf: 0.9068 | Eval Error: 0.0149 | Eval Perf: 0.8274
[32, 100] Train Error: 0.0081 | Train Perf: 0.906 | Eval Error: 0.0149 | Eval Perf: 0.8238
[33, 100] Train Error: 0.0079 | Train Perf: 0.9093 | Eval Error: 0.0149 | Eval Perf: 0.826
[34, 100] Train Error: 0.0079 | Train Perf: 0.9093 | Eval Error: 0.0162 | Eval Perf: 0.8156
[35, 100] Train Error: 0.0077 | Train Perf: 0.9115 | Eval Error: 0.0154 | Eval Perf: 0.8247
[36, 100] Train Error: 0.0076 | Train Perf: 0.9121 | Eval Error: 0.0158 | Eval Perf: 0.8128
[37, 100] Train Error: 0.0075 | Train Perf: 0.9142 | Eval Error: 0.016 | Eval Perf: 0.8108
[38, 100] Train Error: 0.0074 | Train Perf: 0.9153 | Eval Error: 0.0161 | Eval Perf: 0.8085
[39, 100] Train Error: 0.0073 | Train Perf: 0.916 | Eval Error: 0.0175 | Eval Perf: 0.8101
[40, 100] Train Error: 0.0072 | Train Perf: 0.9168 | Eval Error: 0.0161 | Eval Perf: 0.8085
[41, 100] Train Error: 0.0071 | Train Perf: 0.9184 | Eval Error: 0.0157 | Eval Perf: 0.8174
[42, 100] Train Error: 0.0072 | Train Perf: 0.9177 | Eval Error: 0.0163 | Eval Perf: 0.8125
[43, 100] Train Error: 0.0071 | Train Perf: 0.919 | Eval Error: 0.0165 | Eval Perf: 0.8085
[44, 100] Train Error: 0.007 | Train Perf: 0.9201 | Eval Error: 0.0171 | Eval Perf: 0.8036
[45, 100] Train Error: 0.0069 | Train Perf: 0.9203 | Eval Error: 0.0167 | Eval Perf: 0.8006
[46, 100] Train Error: 0.0068 | Train Perf: 0.9215 | Eval Error: 0.0172 | Eval Perf: 0.797
[47, 100] Train Error: 0.0067 | Train Perf: 0.9234 | Eval Error: 0.0171 | Eval Perf: 0.8001
[48, 100] Train Error: 0.0067 | Train Perf: 0.9227 | Eval Error: 0.0162 | Eval Perf: 0.8097
[49, 100] Train Error: 0.0067 | Train Perf: 0.9235 | Eval Error: 0.0165 | Eval Perf: 0.8066
[50, 100] Train Error: 0.0067 | Train Perf: 0.9237 | Eval Error: 0.017 | Eval Perf: 0.799
[51, 100] Train Error: 0.0066 | Train Perf: 0.9249 | Eval Error: 0.0166 | Eval Perf: 0.8064
[52, 100] Train Error: 0.0064 | Train Perf: 0.927 | Eval Error: 0.0175 | Eval Perf: 0.7961
[53, 100] Train Error: 0.0063 | Train Perf: 0.9281 | Eval Error: 0.0169 | Eval Perf: 0.8046
[54, 100] Train Error: 0.0063 | Train Perf: 0.9281 | Eval Error: 0.0172 | Eval Perf: 0.8003
[55, 100] Train Error: 0.0062 | Train Perf: 0.9295 | Eval Error: 0.0177 | Eval Perf: 0.7892
[56, 100] Train Error: 0.0062 | Train Perf: 0.9294 | Eval Error: 0.0179 | Eval Perf: 0.7864
[57, 100] Train Error: 0.0061 | Train Perf: 0.9307 | Eval Error: 0.018 | Eval Perf: 0.7865
[58, 100] Train Error: 0.0061 | Train Perf: 0.9302 | Eval Error: 0.0175 | Eval Perf: 0.7958
[59, 100] Train Error: 0.0061 | Train Perf: 0.9306 | Eval Error: 0.0186 | Eval Perf: 0.7911
[60, 100] Train Error: 0.006 | Train Perf: 0.9321 | Eval Error: 0.0178 | Eval Perf: 0.7938
[61, 100] Train Error: 0.006 | Train Perf: 0.9315 | Eval Error: 0.0184 | Eval Perf: 0.7943
[62, 100] Train Error: 0.0059 | Train Perf: 0.9331 | Eval Error: 0.0184 | Eval Perf: 0.7869
[63, 100] Train Error: 0.0058 | Train Perf: 0.9343 | Eval Error: 0.0183 | Eval Perf: 0.7893
[64, 100] Train Error: 0.0058 | Train Perf: 0.9339 | Eval Error: 0.0196 | Eval Perf: 0.7728
[65, 100] Train Error: 0.0059 | Train Perf: 0.9327 | Eval Error: 0.0186 | Eval Perf: 0.7869
[66, 100] Train Error: 0.0057 | Train Perf: 0.935 | Eval Error: 0.0183 | Eval Perf: 0.7849
[67, 100] Train Error: 0.0057 | Train Perf: 0.9354 | Eval Error: 0.0188 | Eval Perf: 0.7861
[68, 100] Train Error: 0.0056 | Train Perf: 0.936 | Eval Error: 0.0184 | Eval Perf: 0.7847
[69, 100] Train Error: 0.0056 | Train Perf: 0.9366 | Eval Error: 0.0195 | Eval Perf: 0.7733
[70, 100] Train Error: 0.0056 | Train Perf: 0.9365 | Eval Error: 0.0188 | Eval Perf: 0.7798
[71, 100] Train Error: 0.0055 | Train Perf: 0.9371 | Eval Error: 0.0189 | Eval Perf: 0.7755
[72, 100] Train Error: 0.0055 | Train Perf: 0.9378 | Eval Error: 0.0193 | Eval Perf: 0.7825
[73, 100] Train Error: 0.0054 | Train Perf: 0.9384 | Eval Error: 0.0184 | Eval Perf: 0.7872
[74, 100] Train Error: 0.0054 | Train Perf: 0.939 | Eval Error: 0.0189 | Eval Perf: 0.7826
[75, 100] Train Error: 0.0055 | Train Perf: 0.9377 | Eval Error: 0.0195 | Eval Perf: 0.7752
[76, 100] Train Error: 0.0053 | Train Perf: 0.9397 | Eval Error: 0.0186 | Eval Perf: 0.787
[77, 100] Train Error: 0.0052 | Train Perf: 0.9412 | Eval Error: 0.0192 | Eval Perf: 0.7794
[78, 100] Train Error: 0.0053 | Train Perf: 0.9398 | Eval Error: 0.0192 | Eval Perf: 0.7767
[79, 100] Train Error: 0.0053 | Train Perf: 0.9396 | Eval Error: 0.019 | Eval Perf: 0.7784
[80, 100] Train Error: 0.0052 | Train Perf: 0.9408 | Eval Error: 0.0193 | Eval Perf: 0.7747
[81, 100] Train Error: 0.005 | Train Perf: 0.9435 | Eval Error: 0.0193 | Eval Perf: 0.7781
[82, 100] Train Error: 0.0052 | Train Perf: 0.9416 | Eval Error: 0.0193 | Eval Perf: 0.7776
[83, 100] Train Error: 0.0051 | Train Perf: 0.9417 | Eval Error: 0.0196 | Eval Perf: 0.7733
[84, 100] Train Error: 0.0052 | Train Perf: 0.941 | Eval Error: 0.0193 | Eval Perf: 0.7731
[85, 100] Train Error: 0.005 | Train Perf: 0.9428 | Eval Error: 0.0193 | Eval Perf: 0.7781
[86, 100] Train Error: 0.005 | Train Perf: 0.9428 | Eval Error: 0.0202 | Eval Perf: 0.7651
[87, 100] Train Error: 0.005 | Train Perf: 0.9432 | Eval Error: 0.0201 | Eval Perf: 0.7691
[88, 100] Train Error: 0.005 | Train Perf: 0.9437 | Eval Error: 0.0192 | Eval Perf: 0.7787
[89, 100] Train Error: 0.005 | Train Perf: 0.9436 | Eval Error: 0.0205 | Eval Perf: 0.7633
[90, 100] Train Error: 0.0049 | Train Perf: 0.9444 | Eval Error: 0.0202 | Eval Perf: 0.7674
[91, 100] Train Error: 0.0049 | Train Perf: 0.9444 | Eval Error: 0.0203 | Eval Perf: 0.7695
[92, 100] Train Error: 0.0049 | Train Perf: 0.9445 | Eval Error: 0.02 | Eval Perf: 0.7703
[93, 100] Train Error: 0.005 | Train Perf: 0.9435 | Eval Error: 0.0198 | Eval Perf: 0.7721
[94, 100] Train Error: 0.0048 | Train Perf: 0.9453 | Eval Error: 0.0203 | Eval Perf: 0.7673
[95, 100] Train Error: 0.0049 | Train Perf: 0.9449 | Eval Error: 0.0202 | Eval Perf: 0.7706
[96, 100] Train Error: 0.0048 | Train Perf: 0.9459 | Eval Error: 0.021 | Eval Perf: 0.7605
[97, 100] Train Error: 0.0047 | Train Perf: 0.9463 | Eval Error: 0.0199 | Eval Perf: 0.7735
[98, 100] Train Error: 0.0048 | Train Perf: 0.946 | Eval Error: 0.0205 | Eval Perf: 0.7651
[99, 100] Train Error: 0.0047 | Train Perf: 0.9466 | Eval Error: 0.0207 | Eval Perf: 0.7602
[100, 100] Train Error: 0.0048 | Train Perf: 0.9455 | Eval Error: 0.0214 | Eval Perf: 0.7529
