NETWORK SUMMARY
---------------
Input Layer shape: (1, 180)
Hidden Layer shape: (181, 3)
Output layer shape: (4, 1)
Total parameters: 547

[1, 100] Train Error: 0.0219 | Train Perf: 0.0696 | Eval Error: 0.0187 | Eval Perf: -0.0543
[2, 100] Train Error: 0.0166 | Train Perf: -0.0053 | Eval Error: 0.0175 | Eval Perf: 0.0475
[3, 100] Train Error: 0.0159 | Train Perf: 0.1096 | Eval Error: 0.0174 | Eval Perf: 0.1127
[4, 100] Train Error: 0.0158 | Train Perf: 0.1501 | Eval Error: 0.0172 | Eval Perf: 0.1675
[5, 100] Train Error: 0.0156 | Train Perf: 0.1845 | Eval Error: 0.0171 | Eval Perf: 0.214
[6, 100] Train Error: 0.0156 | Train Perf: 0.2371 | Eval Error: 0.017 | Eval Perf: 0.2515
[7, 100] Train Error: 0.0154 | Train Perf: 0.2773 | Eval Error: 0.0169 | Eval Perf: 0.2843
[8, 100] Train Error: 0.0153 | Train Perf: 0.3165 | Eval Error: 0.0168 | Eval Perf: 0.3146
[9, 100] Train Error: 0.0151 | Train Perf: 0.349 | Eval Error: 0.0167 | Eval Perf: 0.3386
[10, 100] Train Error: 0.015 | Train Perf: 0.3781 | Eval Error: 0.0165 | Eval Perf: 0.3666
[11, 100] Train Error: 0.0148 | Train Perf: 0.4274 | Eval Error: 0.0164 | Eval Perf: 0.3861
[12, 100] Train Error: 0.0147 | Train Perf: 0.4538 | Eval Error: 0.0162 | Eval Perf: 0.406
[13, 100] Train Error: 0.0145 | Train Perf: 0.4337 | Eval Error: 0.0161 | Eval Perf: 0.4293
[14, 100] Train Error: 0.0143 | Train Perf: 0.5006 | Eval Error: 0.0159 | Eval Perf: 0.4489
[15, 100] Train Error: 0.0141 | Train Perf: 0.5267 | Eval Error: 0.0158 | Eval Perf: 0.4683
[16, 100] Train Error: 0.0139 | Train Perf: 0.5611 | Eval Error: 0.0156 | Eval Perf: 0.4904
[17, 100] Train Error: 0.0137 | Train Perf: 0.5654 | Eval Error: 0.0154 | Eval Perf: 0.5074
[18, 100] Train Error: 0.0135 | Train Perf: 0.5978 | Eval Error: 0.0152 | Eval Perf: 0.5126
[19, 100] Train Error: 0.0132 | Train Perf: 0.6167 | Eval Error: 0.015 | Eval Perf: 0.5364
[20, 100] Train Error: 0.013 | Train Perf: 0.63 | Eval Error: 0.0148 | Eval Perf: 0.5427
[21, 100] Train Error: 0.0128 | Train Perf: 0.6428 | Eval Error: 0.0146 | Eval Perf: 0.5575
[22, 100] Train Error: 0.0125 | Train Perf: 0.6529 | Eval Error: 0.0143 | Eval Perf: 0.586
[23, 100] Train Error: 0.0122 | Train Perf: 0.6552 | Eval Error: 0.0141 | Eval Perf: 0.6039
[24, 100] Train Error: 0.012 | Train Perf: 0.6869 | Eval Error: 0.0139 | Eval Perf: 0.6099
[25, 100] Train Error: 0.0117 | Train Perf: 0.7053 | Eval Error: 0.0136 | Eval Perf: 0.62
[26, 100] Train Error: 0.0114 | Train Perf: 0.7157 | Eval Error: 0.0134 | Eval Perf: 0.6234
[27, 100] Train Error: 0.0112 | Train Perf: 0.7217 | Eval Error: 0.0131 | Eval Perf: 0.6385
[28, 100] Train Error: 0.0109 | Train Perf: 0.7316 | Eval Error: 0.0129 | Eval Perf: 0.6544
[29, 100] Train Error: 0.0106 | Train Perf: 0.7399 | Eval Error: 0.0126 | Eval Perf: 0.6624
[30, 100] Train Error: 0.0103 | Train Perf: 0.7508 | Eval Error: 0.0124 | Eval Perf: 0.6622
[31, 100] Train Error: 0.0101 | Train Perf: 0.7536 | Eval Error: 0.0121 | Eval Perf: 0.6728
[32, 100] Train Error: 0.0099 | Train Perf: 0.7611 | Eval Error: 0.0119 | Eval Perf: 0.6863
[33, 100] Train Error: 0.0095 | Train Perf: 0.7673 | Eval Error: 0.0117 | Eval Perf: 0.7016
[34, 100] Train Error: 0.0094 | Train Perf: 0.7734 | Eval Error: 0.0114 | Eval Perf: 0.7003
[35, 100] Train Error: 0.0091 | Train Perf: 0.7777 | Eval Error: 0.0112 | Eval Perf: 0.7082
[36, 100] Train Error: 0.0089 | Train Perf: 0.7821 | Eval Error: 0.011 | Eval Perf: 0.711
[37, 100] Train Error: 0.0086 | Train Perf: 0.7863 | Eval Error: 0.0107 | Eval Perf: 0.7135
[38, 100] Train Error: 0.0085 | Train Perf: 0.7869 | Eval Error: 0.0105 | Eval Perf: 0.7218
[39, 100] Train Error: 0.0082 | Train Perf: 0.7953 | Eval Error: 0.0103 | Eval Perf: 0.7276
[40, 100] Train Error: 0.008 | Train Perf: 0.7957 | Eval Error: 0.0101 | Eval Perf: 0.7271
[41, 100] Train Error: 0.0079 | Train Perf: 0.799 | Eval Error: 0.0099 | Eval Perf: 0.732
[42, 100] Train Error: 0.0076 | Train Perf: 0.8037 | Eval Error: 0.0098 | Eval Perf: 0.7398
[43, 100] Train Error: 0.0075 | Train Perf: 0.8062 | Eval Error: 0.0096 | Eval Perf: 0.7434
[44, 100] Train Error: 0.0073 | Train Perf: 0.8068 | Eval Error: 0.0094 | Eval Perf: 0.7467
[45, 100] Train Error: 0.0071 | Train Perf: 0.8133 | Eval Error: 0.0093 | Eval Perf: 0.7497
[46, 100] Train Error: 0.007 | Train Perf: 0.8156 | Eval Error: 0.0091 | Eval Perf: 0.7496
[47, 100] Train Error: 0.0068 | Train Perf: 0.8183 | Eval Error: 0.0091 | Eval Perf: 0.7575
[48, 100] Train Error: 0.0068 | Train Perf: 0.8197 | Eval Error: 0.0089 | Eval Perf: 0.7563
[49, 100] Train Error: 0.0066 | Train Perf: 0.8233 | Eval Error: 0.0088 | Eval Perf: 0.7621
[50, 100] Train Error: 0.0064 | Train Perf: 0.8317 | Eval Error: 0.0086 | Eval Perf: 0.7539
[51, 100] Train Error: 0.0063 | Train Perf: 0.8242 | Eval Error: 0.0085 | Eval Perf: 0.7577
[52, 100] Train Error: 0.0062 | Train Perf: 0.8309 | Eval Error: 0.0084 | Eval Perf: 0.7547
[53, 100] Train Error: 0.0061 | Train Perf: 0.8311 | Eval Error: 0.0083 | Eval Perf: 0.7672
[54, 100] Train Error: 0.006 | Train Perf: 0.8327 | Eval Error: 0.0082 | Eval Perf: 0.7607
[55, 100] Train Error: 0.0059 | Train Perf: 0.8335 | Eval Error: 0.0081 | Eval Perf: 0.7695
[56, 100] Train Error: 0.0058 | Train Perf: 0.8383 | Eval Error: 0.008 | Eval Perf: 0.7674
[57, 100] Train Error: 0.0057 | Train Perf: 0.838 | Eval Error: 0.0079 | Eval Perf: 0.7675
[58, 100] Train Error: 0.0056 | Train Perf: 0.8431 | Eval Error: 0.0079 | Eval Perf: 0.7736
[59, 100] Train Error: 0.0055 | Train Perf: 0.8413 | Eval Error: 0.0078 | Eval Perf: 0.7738
[60, 100] Train Error: 0.0054 | Train Perf: 0.8432 | Eval Error: 0.0077 | Eval Perf: 0.772
[61, 100] Train Error: 0.0053 | Train Perf: 0.848 | Eval Error: 0.0076 | Eval Perf: 0.7752
[62, 100] Train Error: 0.0053 | Train Perf: 0.8469 | Eval Error: 0.0075 | Eval Perf: 0.7763
[63, 100] Train Error: 0.0052 | Train Perf: 0.8502 | Eval Error: 0.0075 | Eval Perf: 0.7729
[64, 100] Train Error: 0.005 | Train Perf: 0.8558 | Eval Error: 0.0076 | Eval Perf: 0.7813
[65, 100] Train Error: 0.0051 | Train Perf: 0.851 | Eval Error: 0.0074 | Eval Perf: 0.7754
[66, 100] Train Error: 0.0048 | Train Perf: 0.8658 | Eval Error: 0.0076 | Eval Perf: 0.7842
[67, 100] Train Error: 0.005 | Train Perf: 0.8539 | Eval Error: 0.0073 | Eval Perf: 0.7783
[68, 100] Train Error: 0.0048 | Train Perf: 0.8565 | Eval Error: 0.0072 | Eval Perf: 0.7769
[69, 100] Train Error: 0.0048 | Train Perf: 0.8585 | Eval Error: 0.0072 | Eval Perf: 0.783
[70, 100] Train Error: 0.0047 | Train Perf: 0.8622 | Eval Error: 0.0072 | Eval Perf: 0.7772
[71, 100] Train Error: 0.0047 | Train Perf: 0.8603 | Eval Error: 0.0071 | Eval Perf: 0.78
[72, 100] Train Error: 0.0046 | Train Perf: 0.8624 | Eval Error: 0.0071 | Eval Perf: 0.7812
[73, 100] Train Error: 0.0045 | Train Perf: 0.8657 | Eval Error: 0.0071 | Eval Perf: 0.78
[74, 100] Train Error: 0.0045 | Train Perf: 0.8653 | Eval Error: 0.007 | Eval Perf: 0.7803
[75, 100] Train Error: 0.0044 | Train Perf: 0.8677 | Eval Error: 0.007 | Eval Perf: 0.7828
[76, 100] Train Error: 0.0044 | Train Perf: 0.8683 | Eval Error: 0.007 | Eval Perf: 0.7838
[77, 100] Train Error: 0.0043 | Train Perf: 0.8707 | Eval Error: 0.007 | Eval Perf: 0.7809
[78, 100] Train Error: 0.0043 | Train Perf: 0.8727 | Eval Error: 0.0069 | Eval Perf: 0.7862
[79, 100] Train Error: 0.0042 | Train Perf: 0.8734 | Eval Error: 0.0069 | Eval Perf: 0.7861
[80, 100] Train Error: 0.0041 | Train Perf: 0.8783 | Eval Error: 0.007 | Eval Perf: 0.7891
[81, 100] Train Error: 0.0041 | Train Perf: 0.875 | Eval Error: 0.0068 | Eval Perf: 0.7847
[82, 100] Train Error: 0.004 | Train Perf: 0.8799 | Eval Error: 0.0069 | Eval Perf: 0.7889
[83, 100] Train Error: 0.004 | Train Perf: 0.8814 | Eval Error: 0.0069 | Eval Perf: 0.7893
[84, 100] Train Error: 0.0038 | Train Perf: 0.8849 | Eval Error: 0.007 | Eval Perf: 0.7912
[85, 100] Train Error: 0.0039 | Train Perf: 0.8833 | Eval Error: 0.0069 | Eval Perf: 0.7817
[86, 100] Train Error: 0.0038 | Train Perf: 0.8854 | Eval Error: 0.0068 | Eval Perf: 0.7898
[87, 100] Train Error: 0.0038 | Train Perf: 0.8862 | Eval Error: 0.0068 | Eval Perf: 0.7837
[88, 100] Train Error: 0.0038 | Train Perf: 0.8878 | Eval Error: 0.0068 | Eval Perf: 0.7892
[89, 100] Train Error: 0.0036 | Train Perf: 0.894 | Eval Error: 0.007 | Eval Perf: 0.7918
[90, 100] Train Error: 0.0037 | Train Perf: 0.8886 | Eval Error: 0.0067 | Eval Perf: 0.7852
[91, 100] Train Error: 0.0036 | Train Perf: 0.8917 | Eval Error: 0.0067 | Eval Perf: 0.7855
[92, 100] Train Error: 0.0036 | Train Perf: 0.8917 | Eval Error: 0.0067 | Eval Perf: 0.7887
[93, 100] Train Error: 0.0036 | Train Perf: 0.8932 | Eval Error: 0.0067 | Eval Perf: 0.7862
[94, 100] Train Error: 0.0035 | Train Perf: 0.895 | Eval Error: 0.0067 | Eval Perf: 0.7879
[95, 100] Train Error: 0.0034 | Train Perf: 0.8965 | Eval Error: 0.0067 | Eval Perf: 0.7893
[96, 100] Train Error: 0.0033 | Train Perf: 0.8982 | Eval Error: 0.0067 | Eval Perf: 0.7847
[97, 100] Train Error: 0.0034 | Train Perf: 0.8995 | Eval Error: 0.0068 | Eval Perf: 0.7838
[98, 100] Train Error: 0.0033 | Train Perf: 0.8999 | Eval Error: 0.0068 | Eval Perf: 0.7838
[99, 100] Train Error: 0.0033 | Train Perf: 0.9014 | Eval Error: 0.0067 | Eval Perf: 0.7863
[100, 100] Train Error: 0.0033 | Train Perf: 0.9028 | Eval Error: 0.0067 | Eval Perf: 0.786
