NETWORK SUMMARY
---------------
Input Layer shape: (1, 180)
Hidden Layer shape: (181, 2)
Output layer shape: (3, 1)
Total parameters: 365

[1, 100] Train Error: 0.015 | Train Perf: 0.0261 | Eval Error: 0.0125 | Eval Perf: 0.5788
[2, 100] Train Error: 0.0125 | Train Perf: 0.499 | Eval Error: 0.0108 | Eval Perf: 0.6739
[3, 100] Train Error: 0.0103 | Train Perf: 0.6146 | Eval Error: 0.0083 | Eval Perf: 0.7043
[4, 100] Train Error: 0.0082 | Train Perf: 0.6823 | Eval Error: 0.007 | Eval Perf: 0.7416
[5, 100] Train Error: 0.0068 | Train Perf: 0.7354 | Eval Error: 0.0058 | Eval Perf: 0.76
[6, 100] Train Error: 0.0058 | Train Perf: 0.771 | Eval Error: 0.0053 | Eval Perf: 0.7906
[7, 100] Train Error: 0.005 | Train Perf: 0.8077 | Eval Error: 0.0049 | Eval Perf: 0.8095
[8, 100] Train Error: 0.0043 | Train Perf: 0.8375 | Eval Error: 0.0047 | Eval Perf: 0.8201
[9, 100] Train Error: 0.004 | Train Perf: 0.8497 | Eval Error: 0.0043 | Eval Perf: 0.8315
[10, 100] Train Error: 0.0036 | Train Perf: 0.8652 | Eval Error: 0.004 | Eval Perf: 0.8369
[11, 100] Train Error: 0.0033 | Train Perf: 0.8778 | Eval Error: 0.0046 | Eval Perf: 0.8551
[12, 100] Train Error: 0.0031 | Train Perf: 0.8845 | Eval Error: 0.004 | Eval Perf: 0.8569
[13, 100] Train Error: 0.0029 | Train Perf: 0.8931 | Eval Error: 0.0038 | Eval Perf: 0.8594
[14, 100] Train Error: 0.0028 | Train Perf: 0.8972 | Eval Error: 0.0035 | Eval Perf: 0.8577
[15, 100] Train Error: 0.0026 | Train Perf: 0.9025 | Eval Error: 0.0034 | Eval Perf: 0.8626
[16, 100] Train Error: 0.0025 | Train Perf: 0.9076 | Eval Error: 0.0034 | Eval Perf: 0.864
[17, 100] Train Error: 0.0024 | Train Perf: 0.9112 | Eval Error: 0.0034 | Eval Perf: 0.8692
[18, 100] Train Error: 0.0023 | Train Perf: 0.9144 | Eval Error: 0.0033 | Eval Perf: 0.8685
[19, 100] Train Error: 0.0023 | Train Perf: 0.9169 | Eval Error: 0.0033 | Eval Perf: 0.8712
[20, 100] Train Error: 0.0022 | Train Perf: 0.9203 | Eval Error: 0.0034 | Eval Perf: 0.8688
[21, 100] Train Error: 0.0022 | Train Perf: 0.9208 | Eval Error: 0.0033 | Eval Perf: 0.872
[22, 100] Train Error: 0.0021 | Train Perf: 0.9237 | Eval Error: 0.0032 | Eval Perf: 0.8749
[23, 100] Train Error: 0.002 | Train Perf: 0.9265 | Eval Error: 0.0034 | Eval Perf: 0.8735
[24, 100] Train Error: 0.002 | Train Perf: 0.9275 | Eval Error: 0.0032 | Eval Perf: 0.8747
[25, 100] Train Error: 0.002 | Train Perf: 0.9288 | Eval Error: 0.0033 | Eval Perf: 0.8745
[26, 100] Train Error: 0.0019 | Train Perf: 0.9307 | Eval Error: 0.0032 | Eval Perf: 0.8766
[27, 100] Train Error: 0.0019 | Train Perf: 0.9318 | Eval Error: 0.0031 | Eval Perf: 0.8764
[28, 100] Train Error: 0.0018 | Train Perf: 0.933 | Eval Error: 0.0031 | Eval Perf: 0.8775
[29, 100] Train Error: 0.0018 | Train Perf: 0.9341 | Eval Error: 0.0031 | Eval Perf: 0.8796
[30, 100] Train Error: 0.0018 | Train Perf: 0.9349 | Eval Error: 0.0032 | Eval Perf: 0.8804
[31, 100] Train Error: 0.0018 | Train Perf: 0.9354 | Eval Error: 0.0031 | Eval Perf: 0.8805
[32, 100] Train Error: 0.0017 | Train Perf: 0.9373 | Eval Error: 0.0031 | Eval Perf: 0.8789
[33, 100] Train Error: 0.0017 | Train Perf: 0.9375 | Eval Error: 0.0031 | Eval Perf: 0.8796
[34, 100] Train Error: 0.0017 | Train Perf: 0.9377 | Eval Error: 0.0031 | Eval Perf: 0.8789
[35, 100] Train Error: 0.0017 | Train Perf: 0.9394 | Eval Error: 0.0031 | Eval Perf: 0.8799
[36, 100] Train Error: 0.0017 | Train Perf: 0.9396 | Eval Error: 0.0032 | Eval Perf: 0.8798
[37, 100] Train Error: 0.0016 | Train Perf: 0.9403 | Eval Error: 0.0032 | Eval Perf: 0.8799
[38, 100] Train Error: 0.0016 | Train Perf: 0.9419 | Eval Error: 0.0031 | Eval Perf: 0.8814
[39, 100] Train Error: 0.0016 | Train Perf: 0.9413 | Eval Error: 0.0031 | Eval Perf: 0.8807
[40, 100] Train Error: 0.0016 | Train Perf: 0.9423 | Eval Error: 0.0033 | Eval Perf: 0.8803
[41, 100] Train Error: 0.0016 | Train Perf: 0.9426 | Eval Error: 0.0032 | Eval Perf: 0.8797
[42, 100] Train Error: 0.0016 | Train Perf: 0.9432 | Eval Error: 0.0031 | Eval Perf: 0.8797
[43, 100] Train Error: 0.0015 | Train Perf: 0.944 | Eval Error: 0.0031 | Eval Perf: 0.8801
[44, 100] Train Error: 0.0015 | Train Perf: 0.9446 | Eval Error: 0.0031 | Eval Perf: 0.8797
[45, 100] Train Error: 0.0015 | Train Perf: 0.9453 | Eval Error: 0.0031 | Eval Perf: 0.8821
[46, 100] Train Error: 0.0015 | Train Perf: 0.9453 | Eval Error: 0.0031 | Eval Perf: 0.8816
[47, 100] Train Error: 0.0015 | Train Perf: 0.9462 | Eval Error: 0.0031 | Eval Perf: 0.8801
[48, 100] Train Error: 0.0015 | Train Perf: 0.9465 | Eval Error: 0.0032 | Eval Perf: 0.8804
[49, 100] Train Error: 0.0015 | Train Perf: 0.9463 | Eval Error: 0.0031 | Eval Perf: 0.8806
[50, 100] Train Error: 0.0014 | Train Perf: 0.9476 | Eval Error: 0.0031 | Eval Perf: 0.8816
[51, 100] Train Error: 0.0014 | Train Perf: 0.9478 | Eval Error: 0.0031 | Eval Perf: 0.8819
[52, 100] Train Error: 0.0014 | Train Perf: 0.9484 | Eval Error: 0.0032 | Eval Perf: 0.8821
[53, 100] Train Error: 0.0014 | Train Perf: 0.9482 | Eval Error: 0.0031 | Eval Perf: 0.8821
[54, 100] Train Error: 0.0014 | Train Perf: 0.949 | Eval Error: 0.0031 | Eval Perf: 0.8814
[55, 100] Train Error: 0.0014 | Train Perf: 0.9496 | Eval Error: 0.0034 | Eval Perf: 0.8812
[56, 100] Train Error: 0.0014 | Train Perf: 0.9504 | Eval Error: 0.0031 | Eval Perf: 0.8792
[57, 100] Train Error: 0.0014 | Train Perf: 0.95 | Eval Error: 0.0032 | Eval Perf: 0.8798
[58, 100] Train Error: 0.0014 | Train Perf: 0.9504 | Eval Error: 0.0031 | Eval Perf: 0.8791
[59, 100] Train Error: 0.0014 | Train Perf: 0.9509 | Eval Error: 0.0033 | Eval Perf: 0.8799
[60, 100] Train Error: 0.0013 | Train Perf: 0.9511 | Eval Error: 0.0031 | Eval Perf: 0.8807
[61, 100] Train Error: 0.0013 | Train Perf: 0.9522 | Eval Error: 0.0031 | Eval Perf: 0.8797
[62, 100] Train Error: 0.0013 | Train Perf: 0.9522 | Eval Error: 0.0031 | Eval Perf: 0.8798
[63, 100] Train Error: 0.0013 | Train Perf: 0.9525 | Eval Error: 0.0032 | Eval Perf: 0.8797
[64, 100] Train Error: 0.0013 | Train Perf: 0.9534 | Eval Error: 0.0032 | Eval Perf: 0.8767
[65, 100] Train Error: 0.0013 | Train Perf: 0.9537 | Eval Error: 0.0032 | Eval Perf: 0.8792
[66, 100] Train Error: 0.0013 | Train Perf: 0.9534 | Eval Error: 0.0033 | Eval Perf: 0.88
[67, 100] Train Error: 0.0013 | Train Perf: 0.9536 | Eval Error: 0.0032 | Eval Perf: 0.8784
[68, 100] Train Error: 0.0013 | Train Perf: 0.954 | Eval Error: 0.0032 | Eval Perf: 0.8782
[69, 100] Train Error: 0.0013 | Train Perf: 0.9546 | Eval Error: 0.0032 | Eval Perf: 0.8792
[70, 100] Train Error: 0.0012 | Train Perf: 0.9549 | Eval Error: 0.0033 | Eval Perf: 0.8799
[71, 100] Train Error: 0.0013 | Train Perf: 0.9548 | Eval Error: 0.0032 | Eval Perf: 0.8793
[72, 100] Train Error: 0.0012 | Train Perf: 0.9564 | Eval Error: 0.0032 | Eval Perf: 0.8767
[73, 100] Train Error: 0.0012 | Train Perf: 0.9557 | Eval Error: 0.0032 | Eval Perf: 0.8802
[74, 100] Train Error: 0.0012 | Train Perf: 0.9565 | Eval Error: 0.0032 | Eval Perf: 0.8792
[75, 100] Train Error: 0.0012 | Train Perf: 0.9567 | Eval Error: 0.0032 | Eval Perf: 0.8795
[76, 100] Train Error: 0.0012 | Train Perf: 0.957 | Eval Error: 0.0032 | Eval Perf: 0.8805
[77, 100] Train Error: 0.0012 | Train Perf: 0.9575 | Eval Error: 0.0033 | Eval Perf: 0.8801
[78, 100] Train Error: 0.0012 | Train Perf: 0.9578 | Eval Error: 0.0032 | Eval Perf: 0.8797
[79, 100] Train Error: 0.0012 | Train Perf: 0.9578 | Eval Error: 0.0032 | Eval Perf: 0.8801
[80, 100] Train Error: 0.0012 | Train Perf: 0.9581 | Eval Error: 0.0032 | Eval Perf: 0.88
[81, 100] Train Error: 0.0012 | Train Perf: 0.9583 | Eval Error: 0.0032 | Eval Perf: 0.8785
[82, 100] Train Error: 0.0011 | Train Perf: 0.959 | Eval Error: 0.0034 | Eval Perf: 0.8809
[83, 100] Train Error: 0.0011 | Train Perf: 0.9588 | Eval Error: 0.0032 | Eval Perf: 0.8794
[84, 100] Train Error: 0.0011 | Train Perf: 0.9594 | Eval Error: 0.0033 | Eval Perf: 0.8813
[85, 100] Train Error: 0.0011 | Train Perf: 0.9593 | Eval Error: 0.0032 | Eval Perf: 0.8793
[86, 100] Train Error: 0.0011 | Train Perf: 0.9596 | Eval Error: 0.0032 | Eval Perf: 0.8791
[87, 100] Train Error: 0.0011 | Train Perf: 0.9606 | Eval Error: 0.0032 | Eval Perf: 0.8792
[88, 100] Train Error: 0.0011 | Train Perf: 0.9601 | Eval Error: 0.0032 | Eval Perf: 0.8804
[89, 100] Train Error: 0.0011 | Train Perf: 0.9606 | Eval Error: 0.0032 | Eval Perf: 0.8784
[90, 100] Train Error: 0.0011 | Train Perf: 0.9604 | Eval Error: 0.0032 | Eval Perf: 0.8791
[91, 100] Train Error: 0.0011 | Train Perf: 0.9613 | Eval Error: 0.0033 | Eval Perf: 0.8795
[92, 100] Train Error: 0.0011 | Train Perf: 0.9608 | Eval Error: 0.0032 | Eval Perf: 0.8788
[93, 100] Train Error: 0.0011 | Train Perf: 0.9614 | Eval Error: 0.0032 | Eval Perf: 0.8792
[94, 100] Train Error: 0.0011 | Train Perf: 0.9614 | Eval Error: 0.0032 | Eval Perf: 0.8806
[95, 100] Train Error: 0.0011 | Train Perf: 0.9615 | Eval Error: 0.0032 | Eval Perf: 0.8811
[96, 100] Train Error: 0.0011 | Train Perf: 0.962 | Eval Error: 0.0033 | Eval Perf: 0.8814
[97, 100] Train Error: 0.0011 | Train Perf: 0.9619 | Eval Error: 0.0032 | Eval Perf: 0.881
[98, 100] Train Error: 0.001 | Train Perf: 0.9625 | Eval Error: 0.0034 | Eval Perf: 0.8813
[99, 100] Train Error: 0.001 | Train Perf: 0.9622 | Eval Error: 0.0032 | Eval Perf: 0.88
[100, 100] Train Error: 0.001 | Train Perf: 0.9631 | Eval Error: 0.0032 | Eval Perf: 0.8794
