NETWORK SUMMARY
---------------
Input Layer shape: (1, 180)
Hidden Layer shape: (181, 5)
Output layer shape: (6, 1)
Total parameters: 911

[1, 100] Train Error: 0.025 | Train Perf: 0.6344 | Eval Error: 0.0169 | Eval Perf: 0.7771
[2, 100] Train Error: 0.0162 | Train Perf: 0.7813 | Eval Error: 0.0125 | Eval Perf: 0.8411
[3, 100] Train Error: 0.0136 | Train Perf: 0.8213 | Eval Error: 0.0123 | Eval Perf: 0.8396
[4, 100] Train Error: 0.0123 | Train Perf: 0.8397 | Eval Error: 0.0115 | Eval Perf: 0.85
[5, 100] Train Error: 0.0117 | Train Perf: 0.8487 | Eval Error: 0.0113 | Eval Perf: 0.8558
[6, 100] Train Error: 0.0112 | Train Perf: 0.8556 | Eval Error: 0.0116 | Eval Perf: 0.8533
[7, 100] Train Error: 0.0104 | Train Perf: 0.8667 | Eval Error: 0.0122 | Eval Perf: 0.8554
[8, 100] Train Error: 0.01 | Train Perf: 0.8718 | Eval Error: 0.0132 | Eval Perf: 0.8599
[9, 100] Train Error: 0.0098 | Train Perf: 0.8743 | Eval Error: 0.0139 | Eval Perf: 0.8513
[10, 100] Train Error: 0.0096 | Train Perf: 0.8776 | Eval Error: 0.0112 | Eval Perf: 0.8569
[11, 100] Train Error: 0.009 | Train Perf: 0.886 | Eval Error: 0.0114 | Eval Perf: 0.8525
[12, 100] Train Error: 0.0088 | Train Perf: 0.8888 | Eval Error: 0.0113 | Eval Perf: 0.8552
[13, 100] Train Error: 0.0087 | Train Perf: 0.8899 | Eval Error: 0.0114 | Eval Perf: 0.8526
[14, 100] Train Error: 0.0084 | Train Perf: 0.8937 | Eval Error: 0.012 | Eval Perf: 0.8475
[15, 100] Train Error: 0.0083 | Train Perf: 0.8963 | Eval Error: 0.0117 | Eval Perf: 0.8498
[16, 100] Train Error: 0.0079 | Train Perf: 0.9007 | Eval Error: 0.0118 | Eval Perf: 0.853
[17, 100] Train Error: 0.0077 | Train Perf: 0.9035 | Eval Error: 0.0114 | Eval Perf: 0.8538
[18, 100] Train Error: 0.0078 | Train Perf: 0.9017 | Eval Error: 0.0121 | Eval Perf: 0.85
[19, 100] Train Error: 0.0073 | Train Perf: 0.9088 | Eval Error: 0.0118 | Eval Perf: 0.8563
[20, 100] Train Error: 0.0075 | Train Perf: 0.9066 | Eval Error: 0.0118 | Eval Perf: 0.8469
[21, 100] Train Error: 0.0071 | Train Perf: 0.911 | Eval Error: 0.0126 | Eval Perf: 0.8469
[22, 100] Train Error: 0.0072 | Train Perf: 0.9103 | Eval Error: 0.0119 | Eval Perf: 0.853
[23, 100] Train Error: 0.007 | Train Perf: 0.9131 | Eval Error: 0.0125 | Eval Perf: 0.8425
[24, 100] Train Error: 0.007 | Train Perf: 0.9128 | Eval Error: 0.012 | Eval Perf: 0.8532
[25, 100] Train Error: 0.0069 | Train Perf: 0.9141 | Eval Error: 0.0118 | Eval Perf: 0.8517
[26, 100] Train Error: 0.0068 | Train Perf: 0.9161 | Eval Error: 0.012 | Eval Perf: 0.8529
[27, 100] Train Error: 0.0067 | Train Perf: 0.9162 | Eval Error: 0.0116 | Eval Perf: 0.8573
[28, 100] Train Error: 0.0065 | Train Perf: 0.9189 | Eval Error: 0.0119 | Eval Perf: 0.8504
[29, 100] Train Error: 0.0064 | Train Perf: 0.921 | Eval Error: 0.0119 | Eval Perf: 0.8508
[30, 100] Train Error: 0.0063 | Train Perf: 0.9218 | Eval Error: 0.0127 | Eval Perf: 0.8437
[31, 100] Train Error: 0.0062 | Train Perf: 0.9234 | Eval Error: 0.0122 | Eval Perf: 0.8509
[32, 100] Train Error: 0.0061 | Train Perf: 0.9246 | Eval Error: 0.0122 | Eval Perf: 0.8512
[33, 100] Train Error: 0.006 | Train Perf: 0.9256 | Eval Error: 0.0125 | Eval Perf: 0.8423
[34, 100] Train Error: 0.0059 | Train Perf: 0.9275 | Eval Error: 0.0127 | Eval Perf: 0.845
[35, 100] Train Error: 0.0059 | Train Perf: 0.9272 | Eval Error: 0.0128 | Eval Perf: 0.8414
[36, 100] Train Error: 0.0057 | Train Perf: 0.9297 | Eval Error: 0.0125 | Eval Perf: 0.8459
[37, 100] Train Error: 0.0056 | Train Perf: 0.9305 | Eval Error: 0.0134 | Eval Perf: 0.8362
[38, 100] Train Error: 0.0056 | Train Perf: 0.9315 | Eval Error: 0.0129 | Eval Perf: 0.8401
[39, 100] Train Error: 0.0056 | Train Perf: 0.9319 | Eval Error: 0.0131 | Eval Perf: 0.8407
[40, 100] Train Error: 0.0056 | Train Perf: 0.9313 | Eval Error: 0.0126 | Eval Perf: 0.8473
[41, 100] Train Error: 0.0055 | Train Perf: 0.9325 | Eval Error: 0.0133 | Eval Perf: 0.834
[42, 100] Train Error: 0.0054 | Train Perf: 0.9339 | Eval Error: 0.0132 | Eval Perf: 0.8384
[43, 100] Train Error: 0.0054 | Train Perf: 0.9337 | Eval Error: 0.0135 | Eval Perf: 0.8363
[44, 100] Train Error: 0.0053 | Train Perf: 0.935 | Eval Error: 0.0128 | Eval Perf: 0.8423
[45, 100] Train Error: 0.0052 | Train Perf: 0.9359 | Eval Error: 0.0129 | Eval Perf: 0.8386
[46, 100] Train Error: 0.0052 | Train Perf: 0.9364 | Eval Error: 0.0129 | Eval Perf: 0.8419
[47, 100] Train Error: 0.0053 | Train Perf: 0.9357 | Eval Error: 0.0137 | Eval Perf: 0.8364
[48, 100] Train Error: 0.005 | Train Perf: 0.9388 | Eval Error: 0.0129 | Eval Perf: 0.8396
[49, 100] Train Error: 0.005 | Train Perf: 0.9386 | Eval Error: 0.0143 | Eval Perf: 0.8364
[50, 100] Train Error: 0.0051 | Train Perf: 0.9382 | Eval Error: 0.0132 | Eval Perf: 0.8397
[51, 100] Train Error: 0.005 | Train Perf: 0.9394 | Eval Error: 0.0131 | Eval Perf: 0.8394
[52, 100] Train Error: 0.005 | Train Perf: 0.9392 | Eval Error: 0.0131 | Eval Perf: 0.8389
[53, 100] Train Error: 0.0049 | Train Perf: 0.9397 | Eval Error: 0.0134 | Eval Perf: 0.8357
[54, 100] Train Error: 0.0048 | Train Perf: 0.9416 | Eval Error: 0.0136 | Eval Perf: 0.8336
[55, 100] Train Error: 0.0047 | Train Perf: 0.9423 | Eval Error: 0.0138 | Eval Perf: 0.8341
[56, 100] Train Error: 0.0047 | Train Perf: 0.9433 | Eval Error: 0.0135 | Eval Perf: 0.8362
[57, 100] Train Error: 0.0048 | Train Perf: 0.9424 | Eval Error: 0.0138 | Eval Perf: 0.83
[58, 100] Train Error: 0.0048 | Train Perf: 0.9415 | Eval Error: 0.0138 | Eval Perf: 0.8327
[59, 100] Train Error: 0.0047 | Train Perf: 0.9423 | Eval Error: 0.0136 | Eval Perf: 0.8351
[60, 100] Train Error: 0.0046 | Train Perf: 0.9439 | Eval Error: 0.0135 | Eval Perf: 0.834
[61, 100] Train Error: 0.0046 | Train Perf: 0.9439 | Eval Error: 0.0145 | Eval Perf: 0.831
[62, 100] Train Error: 0.0047 | Train Perf: 0.9437 | Eval Error: 0.0139 | Eval Perf: 0.8303
[63, 100] Train Error: 0.0046 | Train Perf: 0.9439 | Eval Error: 0.0138 | Eval Perf: 0.8332
[64, 100] Train Error: 0.0045 | Train Perf: 0.945 | Eval Error: 0.0138 | Eval Perf: 0.8316
[65, 100] Train Error: 0.0046 | Train Perf: 0.944 | Eval Error: 0.0141 | Eval Perf: 0.8288
[66, 100] Train Error: 0.0045 | Train Perf: 0.9459 | Eval Error: 0.0138 | Eval Perf: 0.8321
[67, 100] Train Error: 0.0045 | Train Perf: 0.946 | Eval Error: 0.0139 | Eval Perf: 0.8294
[68, 100] Train Error: 0.0045 | Train Perf: 0.9456 | Eval Error: 0.0139 | Eval Perf: 0.8299
[69, 100] Train Error: 0.0044 | Train Perf: 0.9465 | Eval Error: 0.0141 | Eval Perf: 0.8283
[70, 100] Train Error: 0.0044 | Train Perf: 0.9464 | Eval Error: 0.014 | Eval Perf: 0.8289
[71, 100] Train Error: 0.0044 | Train Perf: 0.9465 | Eval Error: 0.014 | Eval Perf: 0.8315
[72, 100] Train Error: 0.0043 | Train Perf: 0.9474 | Eval Error: 0.014 | Eval Perf: 0.8286
[73, 100] Train Error: 0.0044 | Train Perf: 0.947 | Eval Error: 0.0143 | Eval Perf: 0.8297
[74, 100] Train Error: 0.0044 | Train Perf: 0.9471 | Eval Error: 0.0142 | Eval Perf: 0.8299
[75, 100] Train Error: 0.0043 | Train Perf: 0.9478 | Eval Error: 0.014 | Eval Perf: 0.8295
[76, 100] Train Error: 0.0043 | Train Perf: 0.948 | Eval Error: 0.014 | Eval Perf: 0.8304
[77, 100] Train Error: 0.0042 | Train Perf: 0.9493 | Eval Error: 0.0137 | Eval Perf: 0.8318
[78, 100] Train Error: 0.0043 | Train Perf: 0.9476 | Eval Error: 0.0143 | Eval Perf: 0.8263
[79, 100] Train Error: 0.0043 | Train Perf: 0.9484 | Eval Error: 0.0146 | Eval Perf: 0.8256
[80, 100] Train Error: 0.0042 | Train Perf: 0.949 | Eval Error: 0.0138 | Eval Perf: 0.8328
[81, 100] Train Error: 0.0042 | Train Perf: 0.9498 | Eval Error: 0.0141 | Eval Perf: 0.8273
[82, 100] Train Error: 0.0042 | Train Perf: 0.9499 | Eval Error: 0.0136 | Eval Perf: 0.8355
[83, 100] Train Error: 0.0042 | Train Perf: 0.9488 | Eval Error: 0.0141 | Eval Perf: 0.8296
[84, 100] Train Error: 0.0042 | Train Perf: 0.9497 | Eval Error: 0.0142 | Eval Perf: 0.8301
[85, 100] Train Error: 0.0041 | Train Perf: 0.9502 | Eval Error: 0.0143 | Eval Perf: 0.8277
[86, 100] Train Error: 0.0041 | Train Perf: 0.9514 | Eval Error: 0.0145 | Eval Perf: 0.8238
[87, 100] Train Error: 0.0041 | Train Perf: 0.9499 | Eval Error: 0.0143 | Eval Perf: 0.8269
[88, 100] Train Error: 0.0041 | Train Perf: 0.9502 | Eval Error: 0.0144 | Eval Perf: 0.8275
[89, 100] Train Error: 0.0041 | Train Perf: 0.9509 | Eval Error: 0.0148 | Eval Perf: 0.8218
[90, 100] Train Error: 0.0041 | Train Perf: 0.951 | Eval Error: 0.0139 | Eval Perf: 0.8316
[91, 100] Train Error: 0.004 | Train Perf: 0.9512 | Eval Error: 0.0146 | Eval Perf: 0.8283
[92, 100] Train Error: 0.0041 | Train Perf: 0.9509 | Eval Error: 0.0145 | Eval Perf: 0.8282
[93, 100] Train Error: 0.004 | Train Perf: 0.9519 | Eval Error: 0.0151 | Eval Perf: 0.8195
[94, 100] Train Error: 0.004 | Train Perf: 0.9513 | Eval Error: 0.0142 | Eval Perf: 0.8277
[95, 100] Train Error: 0.0039 | Train Perf: 0.9527 | Eval Error: 0.0142 | Eval Perf: 0.8269
[96, 100] Train Error: 0.004 | Train Perf: 0.952 | Eval Error: 0.0148 | Eval Perf: 0.8209
[97, 100] Train Error: 0.0038 | Train Perf: 0.954 | Eval Error: 0.014 | Eval Perf: 0.8297
[98, 100] Train Error: 0.0039 | Train Perf: 0.9523 | Eval Error: 0.0142 | Eval Perf: 0.8293
[99, 100] Train Error: 0.004 | Train Perf: 0.9518 | Eval Error: 0.0146 | Eval Perf: 0.8252
[100, 100] Train Error: 0.0039 | Train Perf: 0.9534 | Eval Error: 0.0143 | Eval Perf: 0.8261
