NETWORK SUMMARY
---------------
Input Layer shape: (1, 180)
Hidden Layer shape: (181, 5)
Output layer shape: (6, 1)
Total parameters: 911

[1, 100] Train Error: 0.0252 | Train Perf: 0.6308 | Eval Error: 0.0169 | Eval Perf: 0.7828
[2, 100] Train Error: 0.0164 | Train Perf: 0.7795 | Eval Error: 0.0124 | Eval Perf: 0.839
[3, 100] Train Error: 0.0135 | Train Perf: 0.8224 | Eval Error: 0.0134 | Eval Perf: 0.8386
[4, 100] Train Error: 0.0123 | Train Perf: 0.8393 | Eval Error: 0.0117 | Eval Perf: 0.8514
[5, 100] Train Error: 0.0119 | Train Perf: 0.8449 | Eval Error: 0.0158 | Eval Perf: 0.8355
[6, 100] Train Error: 0.0115 | Train Perf: 0.8504 | Eval Error: 0.011 | Eval Perf: 0.8681
[7, 100] Train Error: 0.0107 | Train Perf: 0.8618 | Eval Error: 0.0102 | Eval Perf: 0.8686
[8, 100] Train Error: 0.0105 | Train Perf: 0.8653 | Eval Error: 0.0117 | Eval Perf: 0.8612
[9, 100] Train Error: 0.0102 | Train Perf: 0.8695 | Eval Error: 0.0113 | Eval Perf: 0.8694
[10, 100] Train Error: 0.0099 | Train Perf: 0.8733 | Eval Error: 0.0111 | Eval Perf: 0.8625
[11, 100] Train Error: 0.0093 | Train Perf: 0.8818 | Eval Error: 0.0104 | Eval Perf: 0.8668
[12, 100] Train Error: 0.0092 | Train Perf: 0.8834 | Eval Error: 0.0099 | Eval Perf: 0.8738
[13, 100] Train Error: 0.009 | Train Perf: 0.8866 | Eval Error: 0.0118 | Eval Perf: 0.8549
[14, 100] Train Error: 0.0088 | Train Perf: 0.8885 | Eval Error: 0.0115 | Eval Perf: 0.8542
[15, 100] Train Error: 0.0085 | Train Perf: 0.8924 | Eval Error: 0.0101 | Eval Perf: 0.8693
[16, 100] Train Error: 0.0082 | Train Perf: 0.8968 | Eval Error: 0.0105 | Eval Perf: 0.8691
[17, 100] Train Error: 0.008 | Train Perf: 0.8999 | Eval Error: 0.0108 | Eval Perf: 0.8618
[18, 100] Train Error: 0.0078 | Train Perf: 0.902 | Eval Error: 0.0107 | Eval Perf: 0.8632
[19, 100] Train Error: 0.0076 | Train Perf: 0.9043 | Eval Error: 0.011 | Eval Perf: 0.8617
[20, 100] Train Error: 0.0075 | Train Perf: 0.9059 | Eval Error: 0.0106 | Eval Perf: 0.8644
[21, 100] Train Error: 0.0071 | Train Perf: 0.9108 | Eval Error: 0.0107 | Eval Perf: 0.865
[22, 100] Train Error: 0.0071 | Train Perf: 0.9109 | Eval Error: 0.0106 | Eval Perf: 0.8661
[23, 100] Train Error: 0.0069 | Train Perf: 0.9139 | Eval Error: 0.0111 | Eval Perf: 0.8625
[24, 100] Train Error: 0.0071 | Train Perf: 0.9119 | Eval Error: 0.011 | Eval Perf: 0.8608
[25, 100] Train Error: 0.0067 | Train Perf: 0.9161 | Eval Error: 0.0131 | Eval Perf: 0.8554
[26, 100] Train Error: 0.0065 | Train Perf: 0.9191 | Eval Error: 0.0119 | Eval Perf: 0.8478
[27, 100] Train Error: 0.0065 | Train Perf: 0.919 | Eval Error: 0.0111 | Eval Perf: 0.8612
[28, 100] Train Error: 0.0064 | Train Perf: 0.9209 | Eval Error: 0.0116 | Eval Perf: 0.8518
[29, 100] Train Error: 0.0062 | Train Perf: 0.9226 | Eval Error: 0.0118 | Eval Perf: 0.8496
[30, 100] Train Error: 0.0061 | Train Perf: 0.9248 | Eval Error: 0.0122 | Eval Perf: 0.853
[31, 100] Train Error: 0.006 | Train Perf: 0.9261 | Eval Error: 0.0123 | Eval Perf: 0.8502
[32, 100] Train Error: 0.0059 | Train Perf: 0.9275 | Eval Error: 0.0114 | Eval Perf: 0.8549
[33, 100] Train Error: 0.0058 | Train Perf: 0.9283 | Eval Error: 0.0118 | Eval Perf: 0.8495
[34, 100] Train Error: 0.0057 | Train Perf: 0.9294 | Eval Error: 0.0117 | Eval Perf: 0.8541
[35, 100] Train Error: 0.0057 | Train Perf: 0.9299 | Eval Error: 0.0124 | Eval Perf: 0.8438
[36, 100] Train Error: 0.0057 | Train Perf: 0.9301 | Eval Error: 0.0122 | Eval Perf: 0.8459
[37, 100] Train Error: 0.0055 | Train Perf: 0.9321 | Eval Error: 0.0127 | Eval Perf: 0.8424
[38, 100] Train Error: 0.0054 | Train Perf: 0.9332 | Eval Error: 0.0124 | Eval Perf: 0.8454
[39, 100] Train Error: 0.0054 | Train Perf: 0.9338 | Eval Error: 0.0125 | Eval Perf: 0.8405
[40, 100] Train Error: 0.0053 | Train Perf: 0.9346 | Eval Error: 0.0129 | Eval Perf: 0.8438
[41, 100] Train Error: 0.0053 | Train Perf: 0.9345 | Eval Error: 0.0125 | Eval Perf: 0.8417
[42, 100] Train Error: 0.0052 | Train Perf: 0.9358 | Eval Error: 0.0127 | Eval Perf: 0.8408
[43, 100] Train Error: 0.0051 | Train Perf: 0.9378 | Eval Error: 0.013 | Eval Perf: 0.835
[44, 100] Train Error: 0.0051 | Train Perf: 0.9368 | Eval Error: 0.0134 | Eval Perf: 0.8357
[45, 100] Train Error: 0.005 | Train Perf: 0.9389 | Eval Error: 0.0136 | Eval Perf: 0.8334
[46, 100] Train Error: 0.005 | Train Perf: 0.9391 | Eval Error: 0.0135 | Eval Perf: 0.8294
[47, 100] Train Error: 0.005 | Train Perf: 0.9386 | Eval Error: 0.0129 | Eval Perf: 0.8385
[48, 100] Train Error: 0.0049 | Train Perf: 0.9405 | Eval Error: 0.0137 | Eval Perf: 0.8363
[49, 100] Train Error: 0.0049 | Train Perf: 0.9402 | Eval Error: 0.0138 | Eval Perf: 0.8299
[50, 100] Train Error: 0.0048 | Train Perf: 0.9409 | Eval Error: 0.0135 | Eval Perf: 0.831
[51, 100] Train Error: 0.0048 | Train Perf: 0.9413 | Eval Error: 0.0135 | Eval Perf: 0.8319
[52, 100] Train Error: 0.0048 | Train Perf: 0.9409 | Eval Error: 0.0138 | Eval Perf: 0.8327
[53, 100] Train Error: 0.0048 | Train Perf: 0.9412 | Eval Error: 0.0136 | Eval Perf: 0.8315
[54, 100] Train Error: 0.0047 | Train Perf: 0.943 | Eval Error: 0.014 | Eval Perf: 0.8306
[55, 100] Train Error: 0.0046 | Train Perf: 0.9433 | Eval Error: 0.0137 | Eval Perf: 0.8318
[56, 100] Train Error: 0.0045 | Train Perf: 0.9445 | Eval Error: 0.014 | Eval Perf: 0.8276
[57, 100] Train Error: 0.0046 | Train Perf: 0.9445 | Eval Error: 0.0137 | Eval Perf: 0.8338
[58, 100] Train Error: 0.0045 | Train Perf: 0.9444 | Eval Error: 0.0142 | Eval Perf: 0.8232
[59, 100] Train Error: 0.0045 | Train Perf: 0.9455 | Eval Error: 0.0144 | Eval Perf: 0.8278
[60, 100] Train Error: 0.0045 | Train Perf: 0.9448 | Eval Error: 0.0141 | Eval Perf: 0.8259
[61, 100] Train Error: 0.0044 | Train Perf: 0.9469 | Eval Error: 0.014 | Eval Perf: 0.8253
[62, 100] Train Error: 0.0044 | Train Perf: 0.9467 | Eval Error: 0.0143 | Eval Perf: 0.8264
[63, 100] Train Error: 0.0043 | Train Perf: 0.9473 | Eval Error: 0.0143 | Eval Perf: 0.8236
[64, 100] Train Error: 0.0044 | Train Perf: 0.9467 | Eval Error: 0.0144 | Eval Perf: 0.8208
[65, 100] Train Error: 0.0043 | Train Perf: 0.9481 | Eval Error: 0.0149 | Eval Perf: 0.8146
[66, 100] Train Error: 0.0042 | Train Perf: 0.9483 | Eval Error: 0.0155 | Eval Perf: 0.8173
[67, 100] Train Error: 0.0043 | Train Perf: 0.9481 | Eval Error: 0.0148 | Eval Perf: 0.8182
[68, 100] Train Error: 0.0042 | Train Perf: 0.9487 | Eval Error: 0.0149 | Eval Perf: 0.8226
[69, 100] Train Error: 0.0042 | Train Perf: 0.949 | Eval Error: 0.0151 | Eval Perf: 0.8205
[70, 100] Train Error: 0.0042 | Train Perf: 0.9493 | Eval Error: 0.015 | Eval Perf: 0.8155
[71, 100] Train Error: 0.0042 | Train Perf: 0.9493 | Eval Error: 0.0151 | Eval Perf: 0.8141
[72, 100] Train Error: 0.0041 | Train Perf: 0.9506 | Eval Error: 0.015 | Eval Perf: 0.8141
[73, 100] Train Error: 0.0041 | Train Perf: 0.9504 | Eval Error: 0.0154 | Eval Perf: 0.809
[74, 100] Train Error: 0.0041 | Train Perf: 0.9499 | Eval Error: 0.0151 | Eval Perf: 0.8176
[75, 100] Train Error: 0.0041 | Train Perf: 0.9505 | Eval Error: 0.0152 | Eval Perf: 0.8162
[76, 100] Train Error: 0.0041 | Train Perf: 0.9506 | Eval Error: 0.0153 | Eval Perf: 0.8197
[77, 100] Train Error: 0.004 | Train Perf: 0.9516 | Eval Error: 0.0156 | Eval Perf: 0.8145
[78, 100] Train Error: 0.004 | Train Perf: 0.9521 | Eval Error: 0.0155 | Eval Perf: 0.8137
[79, 100] Train Error: 0.004 | Train Perf: 0.9521 | Eval Error: 0.0156 | Eval Perf: 0.8172
[80, 100] Train Error: 0.0038 | Train Perf: 0.9537 | Eval Error: 0.016 | Eval Perf: 0.8068
[81, 100] Train Error: 0.004 | Train Perf: 0.9515 | Eval Error: 0.0152 | Eval Perf: 0.8148
[82, 100] Train Error: 0.0039 | Train Perf: 0.9526 | Eval Error: 0.016 | Eval Perf: 0.814
[83, 100] Train Error: 0.0039 | Train Perf: 0.9522 | Eval Error: 0.0155 | Eval Perf: 0.8098
[84, 100] Train Error: 0.0039 | Train Perf: 0.9532 | Eval Error: 0.0158 | Eval Perf: 0.8127
[85, 100] Train Error: 0.0039 | Train Perf: 0.953 | Eval Error: 0.0157 | Eval Perf: 0.8087
[86, 100] Train Error: 0.0038 | Train Perf: 0.9544 | Eval Error: 0.0161 | Eval Perf: 0.8126
[87, 100] Train Error: 0.0038 | Train Perf: 0.9538 | Eval Error: 0.0161 | Eval Perf: 0.8115
[88, 100] Train Error: 0.0038 | Train Perf: 0.9536 | Eval Error: 0.0159 | Eval Perf: 0.8099
[89, 100] Train Error: 0.0037 | Train Perf: 0.9547 | Eval Error: 0.0156 | Eval Perf: 0.8109
[90, 100] Train Error: 0.0038 | Train Perf: 0.9542 | Eval Error: 0.0156 | Eval Perf: 0.8165
[91, 100] Train Error: 0.0038 | Train Perf: 0.9541 | Eval Error: 0.016 | Eval Perf: 0.8073
[92, 100] Train Error: 0.0038 | Train Perf: 0.9546 | Eval Error: 0.0156 | Eval Perf: 0.8123
[93, 100] Train Error: 0.0037 | Train Perf: 0.9556 | Eval Error: 0.0159 | Eval Perf: 0.8053
[94, 100] Train Error: 0.0037 | Train Perf: 0.9554 | Eval Error: 0.0162 | Eval Perf: 0.8032
[95, 100] Train Error: 0.0037 | Train Perf: 0.9558 | Eval Error: 0.0157 | Eval Perf: 0.8084
[96, 100] Train Error: 0.0037 | Train Perf: 0.9559 | Eval Error: 0.016 | Eval Perf: 0.8054
[97, 100] Train Error: 0.0036 | Train Perf: 0.9568 | Eval Error: 0.0164 | Eval Perf: 0.8046
[98, 100] Train Error: 0.0036 | Train Perf: 0.9562 | Eval Error: 0.0158 | Eval Perf: 0.8086
[99, 100] Train Error: 0.0037 | Train Perf: 0.9556 | Eval Error: 0.016 | Eval Perf: 0.8131
[100, 100] Train Error: 0.0037 | Train Perf: 0.9557 | Eval Error: 0.0158 | Eval Perf: 0.8085
