NETWORK SUMMARY
---------------
Input Layer shape: (1, 180)
Hidden Layer shape: (181, 2)
Output layer shape: (3, 1)
Total parameters: 365

[1, 100] Train Error: 0.0458 | Train Perf: 0.2408 | Eval Error: 0.0525 | Eval Perf: 0.163
[2, 100] Train Error: 0.0484 | Train Perf: -0.0145 | Eval Error: 0.0518 | Eval Perf: 0.3686
[3, 100] Train Error: 0.0487 | Train Perf: -0.0954 | Eval Error: 0.0496 | Eval Perf: 0.5045
[4, 100] Train Error: 0.0474 | Train Perf: 0.0688 | Eval Error: 0.0497 | Eval Perf: 0.5295
[5, 100] Train Error: 0.0474 | Train Perf: 0.0451 | Eval Error: 0.0483 | Eval Perf: 0.5582
[6, 100] Train Error: 0.0461 | Train Perf: 0.1679 | Eval Error: 0.0469 | Eval Perf: 0.5713
[7, 100] Train Error: 0.0441 | Train Perf: 0.2879 | Eval Error: 0.0459 | Eval Perf: 0.5883
[8, 100] Train Error: 0.0414 | Train Perf: 0.4289 | Eval Error: 0.0442 | Eval Perf: 0.6195
[9, 100] Train Error: 0.0412 | Train Perf: 0.4576 | Eval Error: 0.0411 | Eval Perf: 0.6338
[10, 100] Train Error: 0.038 | Train Perf: 0.5334 | Eval Error: 0.0398 | Eval Perf: 0.6564
[11, 100] Train Error: 0.036 | Train Perf: 0.5619 | Eval Error: 0.0374 | Eval Perf: 0.6765
[12, 100] Train Error: 0.0338 | Train Perf: 0.6147 | Eval Error: 0.0349 | Eval Perf: 0.6943
[13, 100] Train Error: 0.0308 | Train Perf: 0.6725 | Eval Error: 0.0351 | Eval Perf: 0.6983
[14, 100] Train Error: 0.0296 | Train Perf: 0.6684 | Eval Error: 0.0318 | Eval Perf: 0.7173
[15, 100] Train Error: 0.0272 | Train Perf: 0.7063 | Eval Error: 0.0305 | Eval Perf: 0.7284
[16, 100] Train Error: 0.0245 | Train Perf: 0.7512 | Eval Error: 0.0293 | Eval Perf: 0.7277
[17, 100] Train Error: 0.0227 | Train Perf: 0.7603 | Eval Error: 0.0283 | Eval Perf: 0.7359
[18, 100] Train Error: 0.0221 | Train Perf: 0.7745 | Eval Error: 0.0268 | Eval Perf: 0.7412
[19, 100] Train Error: 0.0203 | Train Perf: 0.7963 | Eval Error: 0.0254 | Eval Perf: 0.7509
[20, 100] Train Error: 0.0193 | Train Perf: 0.7976 | Eval Error: 0.025 | Eval Perf: 0.7502
[21, 100] Train Error: 0.018 | Train Perf: 0.8139 | Eval Error: 0.024 | Eval Perf: 0.7538
[22, 100] Train Error: 0.0171 | Train Perf: 0.8229 | Eval Error: 0.0239 | Eval Perf: 0.7541
[23, 100] Train Error: 0.0156 | Train Perf: 0.8398 | Eval Error: 0.0242 | Eval Perf: 0.7592
[24, 100] Train Error: 0.0139 | Train Perf: 0.8569 | Eval Error: 0.0218 | Eval Perf: 0.774
[25, 100] Train Error: 0.0145 | Train Perf: 0.8484 | Eval Error: 0.0215 | Eval Perf: 0.7736
[26, 100] Train Error: 0.0136 | Train Perf: 0.8569 | Eval Error: 0.0214 | Eval Perf: 0.7709
[27, 100] Train Error: 0.0121 | Train Perf: 0.8754 | Eval Error: 0.0219 | Eval Perf: 0.7698
[28, 100] Train Error: 0.0125 | Train Perf: 0.8689 | Eval Error: 0.0206 | Eval Perf: 0.7799
[29, 100] Train Error: 0.0113 | Train Perf: 0.8824 | Eval Error: 0.0207 | Eval Perf: 0.7798
[30, 100] Train Error: 0.0107 | Train Perf: 0.889 | Eval Error: 0.0201 | Eval Perf: 0.7802
[31, 100] Train Error: 0.0107 | Train Perf: 0.8873 | Eval Error: 0.0201 | Eval Perf: 0.7812
[32, 100] Train Error: 0.0099 | Train Perf: 0.8987 | Eval Error: 0.0196 | Eval Perf: 0.7851
[33, 100] Train Error: 0.0095 | Train Perf: 0.9006 | Eval Error: 0.0194 | Eval Perf: 0.7879
[34, 100] Train Error: 0.0093 | Train Perf: 0.9007 | Eval Error: 0.0193 | Eval Perf: 0.7891
[35, 100] Train Error: 0.0083 | Train Perf: 0.9173 | Eval Error: 0.0192 | Eval Perf: 0.7896
[36, 100] Train Error: 0.0087 | Train Perf: 0.9108 | Eval Error: 0.0193 | Eval Perf: 0.7862
[37, 100] Train Error: 0.0082 | Train Perf: 0.9147 | Eval Error: 0.0188 | Eval Perf: 0.7917
[38, 100] Train Error: 0.0077 | Train Perf: 0.9214 | Eval Error: 0.019 | Eval Perf: 0.7892
[39, 100] Train Error: 0.0073 | Train Perf: 0.9254 | Eval Error: 0.0189 | Eval Perf: 0.7904
[40, 100] Train Error: 0.007 | Train Perf: 0.9291 | Eval Error: 0.019 | Eval Perf: 0.789
[41, 100] Train Error: 0.0069 | Train Perf: 0.9292 | Eval Error: 0.0187 | Eval Perf: 0.7936
[42, 100] Train Error: 0.0062 | Train Perf: 0.9386 | Eval Error: 0.0194 | Eval Perf: 0.7896
[43, 100] Train Error: 0.0063 | Train Perf: 0.9362 | Eval Error: 0.0196 | Eval Perf: 0.7891
[44, 100] Train Error: 0.006 | Train Perf: 0.939 | Eval Error: 0.0188 | Eval Perf: 0.7909
[45, 100] Train Error: 0.0059 | Train Perf: 0.9412 | Eval Error: 0.0193 | Eval Perf: 0.7872
[46, 100] Train Error: 0.0056 | Train Perf: 0.9444 | Eval Error: 0.0189 | Eval Perf: 0.7913
[47, 100] Train Error: 0.0049 | Train Perf: 0.9515 | Eval Error: 0.0192 | Eval Perf: 0.7935
[48, 100] Train Error: 0.005 | Train Perf: 0.9501 | Eval Error: 0.0185 | Eval Perf: 0.7957
[49, 100] Train Error: 0.0046 | Train Perf: 0.9555 | Eval Error: 0.0187 | Eval Perf: 0.7937
[50, 100] Train Error: 0.0047 | Train Perf: 0.9552 | Eval Error: 0.0189 | Eval Perf: 0.7929
[51, 100] Train Error: 0.0041 | Train Perf: 0.9603 | Eval Error: 0.0186 | Eval Perf: 0.7937
[52, 100] Train Error: 0.004 | Train Perf: 0.9605 | Eval Error: 0.0188 | Eval Perf: 0.7927
[53, 100] Train Error: 0.0037 | Train Perf: 0.9648 | Eval Error: 0.0226 | Eval Perf: 0.7782
[54, 100] Train Error: 0.0038 | Train Perf: 0.9631 | Eval Error: 0.0185 | Eval Perf: 0.7958
[55, 100] Train Error: 0.0037 | Train Perf: 0.9652 | Eval Error: 0.0196 | Eval Perf: 0.7905
[56, 100] Train Error: 0.0035 | Train Perf: 0.9661 | Eval Error: 0.0192 | Eval Perf: 0.7907
[57, 100] Train Error: 0.0033 | Train Perf: 0.9697 | Eval Error: 0.0197 | Eval Perf: 0.7885
[58, 100] Train Error: 0.0033 | Train Perf: 0.9694 | Eval Error: 0.02 | Eval Perf: 0.7867
[59, 100] Train Error: 0.003 | Train Perf: 0.9721 | Eval Error: 0.0195 | Eval Perf: 0.7884
[60, 100] Train Error: 0.003 | Train Perf: 0.9715 | Eval Error: 0.02 | Eval Perf: 0.7857
[61, 100] Train Error: 0.0029 | Train Perf: 0.9736 | Eval Error: 0.0201 | Eval Perf: 0.7846
[62, 100] Train Error: 0.0026 | Train Perf: 0.976 | Eval Error: 0.0198 | Eval Perf: 0.7867
[63, 100] Train Error: 0.0025 | Train Perf: 0.9779 | Eval Error: 0.0229 | Eval Perf: 0.7731
[64, 100] Train Error: 0.0026 | Train Perf: 0.9766 | Eval Error: 0.0209 | Eval Perf: 0.7803
[65, 100] Train Error: 0.0022 | Train Perf: 0.9804 | Eval Error: 0.0201 | Eval Perf: 0.7832
[66, 100] Train Error: 0.0024 | Train Perf: 0.9791 | Eval Error: 0.0234 | Eval Perf: 0.7718
[67, 100] Train Error: 0.0022 | Train Perf: 0.9793 | Eval Error: 0.021 | Eval Perf: 0.7795
[68, 100] Train Error: 0.0021 | Train Perf: 0.9802 | Eval Error: 0.0209 | Eval Perf: 0.7799
[69, 100] Train Error: 0.0021 | Train Perf: 0.9809 | Eval Error: 0.0219 | Eval Perf: 0.7767
[70, 100] Train Error: 0.002 | Train Perf: 0.9817 | Eval Error: 0.0227 | Eval Perf: 0.7732
[71, 100] Train Error: 0.002 | Train Perf: 0.9813 | Eval Error: 0.0221 | Eval Perf: 0.7749
[72, 100] Train Error: 0.002 | Train Perf: 0.9821 | Eval Error: 0.0233 | Eval Perf: 0.7726
[73, 100] Train Error: 0.0018 | Train Perf: 0.9842 | Eval Error: 0.0217 | Eval Perf: 0.7778
[74, 100] Train Error: 0.0018 | Train Perf: 0.9835 | Eval Error: 0.0224 | Eval Perf: 0.7764
[75, 100] Train Error: 0.0017 | Train Perf: 0.9846 | Eval Error: 0.0224 | Eval Perf: 0.7756
[76, 100] Train Error: 0.0017 | Train Perf: 0.9837 | Eval Error: 0.022 | Eval Perf: 0.7761
[77, 100] Train Error: 0.0017 | Train Perf: 0.9841 | Eval Error: 0.0232 | Eval Perf: 0.7725
[78, 100] Train Error: 0.0016 | Train Perf: 0.9855 | Eval Error: 0.0233 | Eval Perf: 0.7721
[79, 100] Train Error: 0.0015 | Train Perf: 0.9861 | Eval Error: 0.0239 | Eval Perf: 0.7689
[80, 100] Train Error: 0.0014 | Train Perf: 0.9867 | Eval Error: 0.0219 | Eval Perf: 0.7782
[81, 100] Train Error: 0.0015 | Train Perf: 0.9861 | Eval Error: 0.0234 | Eval Perf: 0.7723
[82, 100] Train Error: 0.0014 | Train Perf: 0.9868 | Eval Error: 0.023 | Eval Perf: 0.7727
[83, 100] Train Error: 0.0014 | Train Perf: 0.9869 | Eval Error: 0.0235 | Eval Perf: 0.7716
[84, 100] Train Error: 0.0013 | Train Perf: 0.9883 | Eval Error: 0.0227 | Eval Perf: 0.7751
[85, 100] Train Error: 0.0013 | Train Perf: 0.9877 | Eval Error: 0.0231 | Eval Perf: 0.7744
[86, 100] Train Error: 0.0013 | Train Perf: 0.9883 | Eval Error: 0.0228 | Eval Perf: 0.7744
[87, 100] Train Error: 0.0013 | Train Perf: 0.9887 | Eval Error: 0.0241 | Eval Perf: 0.7693
[88, 100] Train Error: 0.0012 | Train Perf: 0.9891 | Eval Error: 0.0238 | Eval Perf: 0.7714
[89, 100] Train Error: 0.0011 | Train Perf: 0.9898 | Eval Error: 0.0235 | Eval Perf: 0.7719
[90, 100] Train Error: 0.0011 | Train Perf: 0.9895 | Eval Error: 0.0238 | Eval Perf: 0.7716
[91, 100] Train Error: 0.0011 | Train Perf: 0.9899 | Eval Error: 0.0243 | Eval Perf: 0.7698
[92, 100] Train Error: 0.0011 | Train Perf: 0.9905 | Eval Error: 0.0245 | Eval Perf: 0.7699
[93, 100] Train Error: 0.001 | Train Perf: 0.9906 | Eval Error: 0.0235 | Eval Perf: 0.7726
[94, 100] Train Error: 0.001 | Train Perf: 0.991 | Eval Error: 0.0248 | Eval Perf: 0.7709
[95, 100] Train Error: 0.001 | Train Perf: 0.9912 | Eval Error: 0.0255 | Eval Perf: 0.7658
[96, 100] Train Error: 0.0009 | Train Perf: 0.9917 | Eval Error: 0.0249 | Eval Perf: 0.7685
[97, 100] Train Error: 0.0009 | Train Perf: 0.9924 | Eval Error: 0.0262 | Eval Perf: 0.7656
[98, 100] Train Error: 0.0009 | Train Perf: 0.9921 | Eval Error: 0.0241 | Eval Perf: 0.7707
[99, 100] Train Error: 0.0009 | Train Perf: 0.992 | Eval Error: 0.0247 | Eval Perf: 0.7682
[100, 100] Train Error: 0.0009 | Train Perf: 0.9923 | Eval Error: 0.0248 | Eval Perf: 0.7689
