NETWORK SUMMARY
---------------
Input Layer shape: (1, 180)
Hidden Layer shape: (181, 5)
Output layer shape: (6, 1)
Total parameters: 911

[1, 100] Train Error: 0.034 | Train Perf: 0.4571 | Eval Error: 0.0225 | Eval Perf: 0.7157
[2, 100] Train Error: 0.0154 | Train Perf: 0.7991 | Eval Error: 0.0156 | Eval Perf: 0.7913
[3, 100] Train Error: 0.0116 | Train Perf: 0.8502 | Eval Error: 0.0146 | Eval Perf: 0.8074
[4, 100] Train Error: 0.0106 | Train Perf: 0.8638 | Eval Error: 0.0145 | Eval Perf: 0.8128
[5, 100] Train Error: 0.0102 | Train Perf: 0.8704 | Eval Error: 0.0155 | Eval Perf: 0.8086
[6, 100] Train Error: 0.01 | Train Perf: 0.8736 | Eval Error: 0.0142 | Eval Perf: 0.8162
[7, 100] Train Error: 0.0097 | Train Perf: 0.8777 | Eval Error: 0.0138 | Eval Perf: 0.8238
[8, 100] Train Error: 0.0096 | Train Perf: 0.8784 | Eval Error: 0.0142 | Eval Perf: 0.8216
[9, 100] Train Error: 0.0094 | Train Perf: 0.8817 | Eval Error: 0.0138 | Eval Perf: 0.8269
[10, 100] Train Error: 0.0094 | Train Perf: 0.8819 | Eval Error: 0.0138 | Eval Perf: 0.8242
[11, 100] Train Error: 0.0091 | Train Perf: 0.886 | Eval Error: 0.014 | Eval Perf: 0.8222
[12, 100] Train Error: 0.009 | Train Perf: 0.8866 | Eval Error: 0.0138 | Eval Perf: 0.8245
[13, 100] Train Error: 0.0088 | Train Perf: 0.8891 | Eval Error: 0.014 | Eval Perf: 0.8257
[14, 100] Train Error: 0.0088 | Train Perf: 0.8901 | Eval Error: 0.014 | Eval Perf: 0.8222
[15, 100] Train Error: 0.0087 | Train Perf: 0.8902 | Eval Error: 0.014 | Eval Perf: 0.822
[16, 100] Train Error: 0.0086 | Train Perf: 0.8919 | Eval Error: 0.0135 | Eval Perf: 0.8277
[17, 100] Train Error: 0.0083 | Train Perf: 0.8961 | Eval Error: 0.0136 | Eval Perf: 0.8288
[18, 100] Train Error: 0.0083 | Train Perf: 0.8958 | Eval Error: 0.0138 | Eval Perf: 0.8245
[19, 100] Train Error: 0.0082 | Train Perf: 0.8975 | Eval Error: 0.0135 | Eval Perf: 0.8282
[20, 100] Train Error: 0.0082 | Train Perf: 0.8972 | Eval Error: 0.0138 | Eval Perf: 0.8258
[21, 100] Train Error: 0.008 | Train Perf: 0.9001 | Eval Error: 0.0143 | Eval Perf: 0.8218
[22, 100] Train Error: 0.0079 | Train Perf: 0.9013 | Eval Error: 0.0138 | Eval Perf: 0.8254
[23, 100] Train Error: 0.0077 | Train Perf: 0.9039 | Eval Error: 0.0139 | Eval Perf: 0.8237
[24, 100] Train Error: 0.0077 | Train Perf: 0.9041 | Eval Error: 0.0139 | Eval Perf: 0.8231
[25, 100] Train Error: 0.0077 | Train Perf: 0.9043 | Eval Error: 0.0142 | Eval Perf: 0.8188
[26, 100] Train Error: 0.0076 | Train Perf: 0.9055 | Eval Error: 0.0142 | Eval Perf: 0.821
[27, 100] Train Error: 0.0075 | Train Perf: 0.9063 | Eval Error: 0.0143 | Eval Perf: 0.8204
[28, 100] Train Error: 0.0074 | Train Perf: 0.9079 | Eval Error: 0.0138 | Eval Perf: 0.8233
[29, 100] Train Error: 0.0073 | Train Perf: 0.9097 | Eval Error: 0.0142 | Eval Perf: 0.8225
[30, 100] Train Error: 0.0073 | Train Perf: 0.9099 | Eval Error: 0.0144 | Eval Perf: 0.8169
[31, 100] Train Error: 0.0071 | Train Perf: 0.9125 | Eval Error: 0.015 | Eval Perf: 0.8174
[32, 100] Train Error: 0.007 | Train Perf: 0.9136 | Eval Error: 0.0148 | Eval Perf: 0.8138
[33, 100] Train Error: 0.007 | Train Perf: 0.9136 | Eval Error: 0.0143 | Eval Perf: 0.8161
[34, 100] Train Error: 0.0068 | Train Perf: 0.9153 | Eval Error: 0.0145 | Eval Perf: 0.8167
[35, 100] Train Error: 0.0068 | Train Perf: 0.9164 | Eval Error: 0.0147 | Eval Perf: 0.8139
[36, 100] Train Error: 0.0067 | Train Perf: 0.9172 | Eval Error: 0.0146 | Eval Perf: 0.8147
[37, 100] Train Error: 0.0066 | Train Perf: 0.918 | Eval Error: 0.0152 | Eval Perf: 0.8083
[38, 100] Train Error: 0.0065 | Train Perf: 0.9202 | Eval Error: 0.0159 | Eval Perf: 0.8109
[39, 100] Train Error: 0.0064 | Train Perf: 0.9205 | Eval Error: 0.0157 | Eval Perf: 0.8052
[40, 100] Train Error: 0.0064 | Train Perf: 0.9214 | Eval Error: 0.0161 | Eval Perf: 0.8072
[41, 100] Train Error: 0.0063 | Train Perf: 0.9219 | Eval Error: 0.0154 | Eval Perf: 0.8065
[42, 100] Train Error: 0.0062 | Train Perf: 0.9233 | Eval Error: 0.0154 | Eval Perf: 0.8058
[43, 100] Train Error: 0.0061 | Train Perf: 0.9246 | Eval Error: 0.0154 | Eval Perf: 0.8064
[44, 100] Train Error: 0.006 | Train Perf: 0.9269 | Eval Error: 0.0181 | Eval Perf: 0.8021
[45, 100] Train Error: 0.0059 | Train Perf: 0.9273 | Eval Error: 0.0157 | Eval Perf: 0.8029
[46, 100] Train Error: 0.0059 | Train Perf: 0.9281 | Eval Error: 0.0158 | Eval Perf: 0.8007
[47, 100] Train Error: 0.0058 | Train Perf: 0.9295 | Eval Error: 0.0156 | Eval Perf: 0.8022
[48, 100] Train Error: 0.0057 | Train Perf: 0.9308 | Eval Error: 0.0165 | Eval Perf: 0.7995
[49, 100] Train Error: 0.0057 | Train Perf: 0.9306 | Eval Error: 0.0163 | Eval Perf: 0.7949
[50, 100] Train Error: 0.0056 | Train Perf: 0.9315 | Eval Error: 0.0165 | Eval Perf: 0.7932
[51, 100] Train Error: 0.0055 | Train Perf: 0.9329 | Eval Error: 0.0168 | Eval Perf: 0.794
[52, 100] Train Error: 0.0054 | Train Perf: 0.9336 | Eval Error: 0.0162 | Eval Perf: 0.7994
[53, 100] Train Error: 0.0054 | Train Perf: 0.9348 | Eval Error: 0.0162 | Eval Perf: 0.7966
[54, 100] Train Error: 0.0053 | Train Perf: 0.9352 | Eval Error: 0.0166 | Eval Perf: 0.7934
[55, 100] Train Error: 0.0052 | Train Perf: 0.9364 | Eval Error: 0.0168 | Eval Perf: 0.7901
[56, 100] Train Error: 0.0052 | Train Perf: 0.937 | Eval Error: 0.0168 | Eval Perf: 0.7898
[57, 100] Train Error: 0.0052 | Train Perf: 0.9374 | Eval Error: 0.0174 | Eval Perf: 0.7847
[58, 100] Train Error: 0.0051 | Train Perf: 0.938 | Eval Error: 0.0174 | Eval Perf: 0.7825
[59, 100] Train Error: 0.005 | Train Perf: 0.9392 | Eval Error: 0.0173 | Eval Perf: 0.7861
[60, 100] Train Error: 0.005 | Train Perf: 0.9395 | Eval Error: 0.0174 | Eval Perf: 0.7811
[61, 100] Train Error: 0.0049 | Train Perf: 0.9402 | Eval Error: 0.0175 | Eval Perf: 0.7815
[62, 100] Train Error: 0.0049 | Train Perf: 0.9409 | Eval Error: 0.0175 | Eval Perf: 0.7805
[63, 100] Train Error: 0.0048 | Train Perf: 0.9415 | Eval Error: 0.0177 | Eval Perf: 0.7774
[64, 100] Train Error: 0.0048 | Train Perf: 0.9418 | Eval Error: 0.0181 | Eval Perf: 0.7743
[65, 100] Train Error: 0.0048 | Train Perf: 0.9426 | Eval Error: 0.0182 | Eval Perf: 0.7723
[66, 100] Train Error: 0.0047 | Train Perf: 0.9432 | Eval Error: 0.0183 | Eval Perf: 0.775
[67, 100] Train Error: 0.0047 | Train Perf: 0.9437 | Eval Error: 0.0183 | Eval Perf: 0.7722
[68, 100] Train Error: 0.0047 | Train Perf: 0.944 | Eval Error: 0.0188 | Eval Perf: 0.7705
[69, 100] Train Error: 0.0046 | Train Perf: 0.9448 | Eval Error: 0.0183 | Eval Perf: 0.7723
[70, 100] Train Error: 0.0045 | Train Perf: 0.9454 | Eval Error: 0.0182 | Eval Perf: 0.7699
[71, 100] Train Error: 0.0045 | Train Perf: 0.9456 | Eval Error: 0.0186 | Eval Perf: 0.7675
[72, 100] Train Error: 0.0045 | Train Perf: 0.9459 | Eval Error: 0.0184 | Eval Perf: 0.7693
[73, 100] Train Error: 0.0044 | Train Perf: 0.9467 | Eval Error: 0.0192 | Eval Perf: 0.7619
[74, 100] Train Error: 0.0044 | Train Perf: 0.9477 | Eval Error: 0.0191 | Eval Perf: 0.7632
[75, 100] Train Error: 0.0044 | Train Perf: 0.9477 | Eval Error: 0.0189 | Eval Perf: 0.7642
[76, 100] Train Error: 0.0043 | Train Perf: 0.9484 | Eval Error: 0.0189 | Eval Perf: 0.7693
[77, 100] Train Error: 0.0043 | Train Perf: 0.948 | Eval Error: 0.0191 | Eval Perf: 0.7629
[78, 100] Train Error: 0.0042 | Train Perf: 0.9495 | Eval Error: 0.0194 | Eval Perf: 0.7586
[79, 100] Train Error: 0.0042 | Train Perf: 0.9495 | Eval Error: 0.0193 | Eval Perf: 0.7591
[80, 100] Train Error: 0.0042 | Train Perf: 0.9496 | Eval Error: 0.0195 | Eval Perf: 0.7608
[81, 100] Train Error: 0.0041 | Train Perf: 0.9505 | Eval Error: 0.0193 | Eval Perf: 0.7587
[82, 100] Train Error: 0.0041 | Train Perf: 0.9504 | Eval Error: 0.0198 | Eval Perf: 0.7558
[83, 100] Train Error: 0.0041 | Train Perf: 0.9507 | Eval Error: 0.0195 | Eval Perf: 0.7574
[84, 100] Train Error: 0.0041 | Train Perf: 0.9508 | Eval Error: 0.0198 | Eval Perf: 0.7585
[85, 100] Train Error: 0.0041 | Train Perf: 0.9515 | Eval Error: 0.0196 | Eval Perf: 0.7583
[86, 100] Train Error: 0.004 | Train Perf: 0.9527 | Eval Error: 0.0198 | Eval Perf: 0.753
[87, 100] Train Error: 0.004 | Train Perf: 0.9522 | Eval Error: 0.0202 | Eval Perf: 0.7553
[88, 100] Train Error: 0.004 | Train Perf: 0.9524 | Eval Error: 0.0199 | Eval Perf: 0.7567
[89, 100] Train Error: 0.0039 | Train Perf: 0.954 | Eval Error: 0.0208 | Eval Perf: 0.7552
[90, 100] Train Error: 0.0039 | Train Perf: 0.954 | Eval Error: 0.0203 | Eval Perf: 0.7548
[91, 100] Train Error: 0.0038 | Train Perf: 0.9544 | Eval Error: 0.0211 | Eval Perf: 0.7496
[92, 100] Train Error: 0.0038 | Train Perf: 0.9552 | Eval Error: 0.0201 | Eval Perf: 0.7488
[93, 100] Train Error: 0.0038 | Train Perf: 0.9549 | Eval Error: 0.0202 | Eval Perf: 0.7482
[94, 100] Train Error: 0.0038 | Train Perf: 0.9554 | Eval Error: 0.0202 | Eval Perf: 0.7502
[95, 100] Train Error: 0.0037 | Train Perf: 0.9558 | Eval Error: 0.0203 | Eval Perf: 0.7519
[96, 100] Train Error: 0.0037 | Train Perf: 0.9562 | Eval Error: 0.0205 | Eval Perf: 0.7514
[97, 100] Train Error: 0.0036 | Train Perf: 0.9571 | Eval Error: 0.0211 | Eval Perf: 0.7423
[98, 100] Train Error: 0.0036 | Train Perf: 0.957 | Eval Error: 0.0207 | Eval Perf: 0.7472
[99, 100] Train Error: 0.0036 | Train Perf: 0.9569 | Eval Error: 0.0209 | Eval Perf: 0.7431
[100, 100] Train Error: 0.0035 | Train Perf: 0.9583 | Eval Error: 0.0205 | Eval Perf: 0.7468
