NETWORK SUMMARY
---------------
Input Layer shape: (1, 180)
Hidden Layer shape: (181, 5)
Output layer shape: (6, 1)
Total parameters: 911

[1, 100] Train Error: 0.0488 | Train Perf: 0.0387 | Eval Error: 0.0499 | Eval Perf: 0.1219
[2, 100] Train Error: 0.0477 | Train Perf: -0.0402 | Eval Error: 0.0501 | Eval Perf: 0.153
[3, 100] Train Error: 0.0476 | Train Perf: -0.0453 | Eval Error: 0.0498 | Eval Perf: 0.2189
[4, 100] Train Error: 0.0476 | Train Perf: -0.0323 | Eval Error: 0.05 | Eval Perf: 0.2503
[5, 100] Train Error: 0.0476 | Train Perf: -0.1303 | Eval Error: 0.0499 | Eval Perf: 0.2936
[6, 100] Train Error: 0.0474 | Train Perf: 0.0113 | Eval Error: 0.0502 | Eval Perf: 0.3206
[7, 100] Train Error: 0.0474 | Train Perf: 0.0064 | Eval Error: 0.0498 | Eval Perf: 0.3604
[8, 100] Train Error: 0.0473 | Train Perf: 0.0135 | Eval Error: 0.0496 | Eval Perf: 0.3919
[9, 100] Train Error: 0.0473 | Train Perf: 0.0151 | Eval Error: 0.0497 | Eval Perf: 0.4111
[10, 100] Train Error: 0.0473 | Train Perf: 0.024 | Eval Error: 0.0496 | Eval Perf: 0.4322
[11, 100] Train Error: 0.0471 | Train Perf: 0.0648 | Eval Error: 0.0494 | Eval Perf: 0.4513
[12, 100] Train Error: 0.0471 | Train Perf: 0.1048 | Eval Error: 0.0494 | Eval Perf: 0.4664
[13, 100] Train Error: 0.0469 | Train Perf: 0.1305 | Eval Error: 0.0494 | Eval Perf: 0.4795
[14, 100] Train Error: 0.0468 | Train Perf: 0.1548 | Eval Error: 0.0493 | Eval Perf: 0.4914
[15, 100] Train Error: 0.0465 | Train Perf: 0.207 | Eval Error: 0.0489 | Eval Perf: 0.5045
[16, 100] Train Error: 0.0465 | Train Perf: 0.2843 | Eval Error: 0.0489 | Eval Perf: 0.5118
[17, 100] Train Error: 0.0462 | Train Perf: 0.2361 | Eval Error: 0.0487 | Eval Perf: 0.5208
[18, 100] Train Error: 0.046 | Train Perf: 0.2436 | Eval Error: 0.0485 | Eval Perf: 0.5277
[19, 100] Train Error: 0.0457 | Train Perf: 0.3082 | Eval Error: 0.0486 | Eval Perf: 0.5332
[20, 100] Train Error: 0.0456 | Train Perf: 0.364 | Eval Error: 0.0484 | Eval Perf: 0.5391
[21, 100] Train Error: 0.0452 | Train Perf: 0.3802 | Eval Error: 0.0477 | Eval Perf: 0.5455
[22, 100] Train Error: 0.045 | Train Perf: 0.3988 | Eval Error: 0.0476 | Eval Perf: 0.5496
[23, 100] Train Error: 0.0448 | Train Perf: 0.4696 | Eval Error: 0.0474 | Eval Perf: 0.5542
[24, 100] Train Error: 0.0444 | Train Perf: 0.4826 | Eval Error: 0.047 | Eval Perf: 0.5583
[25, 100] Train Error: 0.0441 | Train Perf: 0.4686 | Eval Error: 0.0465 | Eval Perf: 0.5627
[26, 100] Train Error: 0.0437 | Train Perf: 0.4811 | Eval Error: 0.0462 | Eval Perf: 0.5667
[27, 100] Train Error: 0.043 | Train Perf: 0.4645 | Eval Error: 0.0456 | Eval Perf: 0.571
[28, 100] Train Error: 0.0428 | Train Perf: 0.5226 | Eval Error: 0.0454 | Eval Perf: 0.5748
[29, 100] Train Error: 0.0423 | Train Perf: 0.5326 | Eval Error: 0.0449 | Eval Perf: 0.5784
[30, 100] Train Error: 0.0419 | Train Perf: 0.5533 | Eval Error: 0.0445 | Eval Perf: 0.5824
[31, 100] Train Error: 0.0413 | Train Perf: 0.5727 | Eval Error: 0.0438 | Eval Perf: 0.5866
[32, 100] Train Error: 0.0409 | Train Perf: 0.5697 | Eval Error: 0.0433 | Eval Perf: 0.5908
[33, 100] Train Error: 0.0402 | Train Perf: 0.5594 | Eval Error: 0.0428 | Eval Perf: 0.5955
[34, 100] Train Error: 0.0396 | Train Perf: 0.5608 | Eval Error: 0.0423 | Eval Perf: 0.6006
[35, 100] Train Error: 0.0392 | Train Perf: 0.5809 | Eval Error: 0.0418 | Eval Perf: 0.6061
[36, 100] Train Error: 0.0382 | Train Perf: 0.5989 | Eval Error: 0.0417 | Eval Perf: 0.6119
[37, 100] Train Error: 0.0379 | Train Perf: 0.5999 | Eval Error: 0.0411 | Eval Perf: 0.6172
[38, 100] Train Error: 0.0374 | Train Perf: 0.6184 | Eval Error: 0.0403 | Eval Perf: 0.622
[39, 100] Train Error: 0.0367 | Train Perf: 0.6215 | Eval Error: 0.0397 | Eval Perf: 0.6272
[40, 100] Train Error: 0.0358 | Train Perf: 0.6176 | Eval Error: 0.0394 | Eval Perf: 0.6344
[41, 100] Train Error: 0.0354 | Train Perf: 0.6412 | Eval Error: 0.0386 | Eval Perf: 0.6393
[42, 100] Train Error: 0.0347 | Train Perf: 0.6522 | Eval Error: 0.038 | Eval Perf: 0.6444
[43, 100] Train Error: 0.0341 | Train Perf: 0.6571 | Eval Error: 0.0375 | Eval Perf: 0.6506
[44, 100] Train Error: 0.0334 | Train Perf: 0.6657 | Eval Error: 0.037 | Eval Perf: 0.6559
[45, 100] Train Error: 0.0327 | Train Perf: 0.664 | Eval Error: 0.0364 | Eval Perf: 0.6618
[46, 100] Train Error: 0.0321 | Train Perf: 0.675 | Eval Error: 0.0359 | Eval Perf: 0.6679
[47, 100] Train Error: 0.0313 | Train Perf: 0.6911 | Eval Error: 0.0354 | Eval Perf: 0.6718
[48, 100] Train Error: 0.0307 | Train Perf: 0.6996 | Eval Error: 0.035 | Eval Perf: 0.6796
[49, 100] Train Error: 0.0301 | Train Perf: 0.714 | Eval Error: 0.0344 | Eval Perf: 0.6816
[50, 100] Train Error: 0.0295 | Train Perf: 0.7057 | Eval Error: 0.034 | Eval Perf: 0.6866
[51, 100] Train Error: 0.0289 | Train Perf: 0.7203 | Eval Error: 0.0335 | Eval Perf: 0.6912
[52, 100] Train Error: 0.0283 | Train Perf: 0.7338 | Eval Error: 0.033 | Eval Perf: 0.6942
[53, 100] Train Error: 0.0277 | Train Perf: 0.7324 | Eval Error: 0.0326 | Eval Perf: 0.6991
[54, 100] Train Error: 0.0271 | Train Perf: 0.7419 | Eval Error: 0.0322 | Eval Perf: 0.7018
[55, 100] Train Error: 0.0265 | Train Perf: 0.7458 | Eval Error: 0.0318 | Eval Perf: 0.7057
[56, 100] Train Error: 0.0259 | Train Perf: 0.7519 | Eval Error: 0.0314 | Eval Perf: 0.7089
[57, 100] Train Error: 0.0254 | Train Perf: 0.7612 | Eval Error: 0.031 | Eval Perf: 0.7117
[58, 100] Train Error: 0.0249 | Train Perf: 0.7593 | Eval Error: 0.0306 | Eval Perf: 0.7136
[59, 100] Train Error: 0.0244 | Train Perf: 0.7663 | Eval Error: 0.0303 | Eval Perf: 0.7146
[60, 100] Train Error: 0.0237 | Train Perf: 0.7716 | Eval Error: 0.03 | Eval Perf: 0.7177
[61, 100] Train Error: 0.0234 | Train Perf: 0.7789 | Eval Error: 0.0296 | Eval Perf: 0.718
[62, 100] Train Error: 0.0229 | Train Perf: 0.7777 | Eval Error: 0.0293 | Eval Perf: 0.7197
[63, 100] Train Error: 0.0224 | Train Perf: 0.7829 | Eval Error: 0.029 | Eval Perf: 0.7217
[64, 100] Train Error: 0.0221 | Train Perf: 0.7871 | Eval Error: 0.0286 | Eval Perf: 0.7224
[65, 100] Train Error: 0.0216 | Train Perf: 0.7895 | Eval Error: 0.0284 | Eval Perf: 0.7237
[66, 100] Train Error: 0.0212 | Train Perf: 0.7964 | Eval Error: 0.0281 | Eval Perf: 0.724
[67, 100] Train Error: 0.0208 | Train Perf: 0.7984 | Eval Error: 0.0278 | Eval Perf: 0.7255
[68, 100] Train Error: 0.0205 | Train Perf: 0.7993 | Eval Error: 0.0276 | Eval Perf: 0.726
[69, 100] Train Error: 0.0201 | Train Perf: 0.8032 | Eval Error: 0.0274 | Eval Perf: 0.727
[70, 100] Train Error: 0.0197 | Train Perf: 0.8061 | Eval Error: 0.027 | Eval Perf: 0.729
[71, 100] Train Error: 0.0193 | Train Perf: 0.8104 | Eval Error: 0.0269 | Eval Perf: 0.7289
[72, 100] Train Error: 0.0189 | Train Perf: 0.813 | Eval Error: 0.0266 | Eval Perf: 0.731
[73, 100] Train Error: 0.0187 | Train Perf: 0.8169 | Eval Error: 0.0265 | Eval Perf: 0.7308
[74, 100] Train Error: 0.0184 | Train Perf: 0.8181 | Eval Error: 0.0263 | Eval Perf: 0.7316
[75, 100] Train Error: 0.0181 | Train Perf: 0.8199 | Eval Error: 0.0262 | Eval Perf: 0.732
[76, 100] Train Error: 0.0177 | Train Perf: 0.8239 | Eval Error: 0.0262 | Eval Perf: 0.7318
[77, 100] Train Error: 0.0177 | Train Perf: 0.821 | Eval Error: 0.0257 | Eval Perf: 0.7347
[78, 100] Train Error: 0.0173 | Train Perf: 0.8261 | Eval Error: 0.0256 | Eval Perf: 0.7349
[79, 100] Train Error: 0.017 | Train Perf: 0.8299 | Eval Error: 0.0256 | Eval Perf: 0.7353
[80, 100] Train Error: 0.0169 | Train Perf: 0.8295 | Eval Error: 0.0254 | Eval Perf: 0.7364
[81, 100] Train Error: 0.0166 | Train Perf: 0.831 | Eval Error: 0.0251 | Eval Perf: 0.738
[82, 100] Train Error: 0.0162 | Train Perf: 0.8357 | Eval Error: 0.0248 | Eval Perf: 0.7395
[83, 100] Train Error: 0.016 | Train Perf: 0.8376 | Eval Error: 0.0249 | Eval Perf: 0.7392
[84, 100] Train Error: 0.0159 | Train Perf: 0.8378 | Eval Error: 0.0247 | Eval Perf: 0.7403
[85, 100] Train Error: 0.0157 | Train Perf: 0.8397 | Eval Error: 0.0244 | Eval Perf: 0.7419
[86, 100] Train Error: 0.0155 | Train Perf: 0.8424 | Eval Error: 0.0243 | Eval Perf: 0.7429
[87, 100] Train Error: 0.0152 | Train Perf: 0.8445 | Eval Error: 0.0241 | Eval Perf: 0.7443
[88, 100] Train Error: 0.015 | Train Perf: 0.8468 | Eval Error: 0.0239 | Eval Perf: 0.7458
[89, 100] Train Error: 0.0148 | Train Perf: 0.8484 | Eval Error: 0.0238 | Eval Perf: 0.7468
[90, 100] Train Error: 0.0146 | Train Perf: 0.8514 | Eval Error: 0.0237 | Eval Perf: 0.7468
[91, 100] Train Error: 0.0141 | Train Perf: 0.8598 | Eval Error: 0.024 | Eval Perf: 0.7453
[92, 100] Train Error: 0.0144 | Train Perf: 0.8522 | Eval Error: 0.0237 | Eval Perf: 0.7472
[93, 100] Train Error: 0.0138 | Train Perf: 0.8591 | Eval Error: 0.0233 | Eval Perf: 0.7504
[94, 100] Train Error: 0.0139 | Train Perf: 0.8575 | Eval Error: 0.0231 | Eval Perf: 0.7513
[95, 100] Train Error: 0.0138 | Train Perf: 0.8597 | Eval Error: 0.023 | Eval Perf: 0.7517
[96, 100] Train Error: 0.0134 | Train Perf: 0.8632 | Eval Error: 0.023 | Eval Perf: 0.7529
[97, 100] Train Error: 0.0134 | Train Perf: 0.8635 | Eval Error: 0.0228 | Eval Perf: 0.7536
[98, 100] Train Error: 0.0131 | Train Perf: 0.865 | Eval Error: 0.0228 | Eval Perf: 0.7541
[99, 100] Train Error: 0.0131 | Train Perf: 0.8653 | Eval Error: 0.0227 | Eval Perf: 0.7548
[100, 100] Train Error: 0.0129 | Train Perf: 0.8673 | Eval Error: 0.0226 | Eval Perf: 0.755
