NETWORK SUMMARY
---------------
Input Layer shape: (1, 180)
Hidden Layer shape: (181, 5)
Output layer shape: (6, 1)
Total parameters: 911

[1, 100] Train Error: 0.0504 | Train Perf: -0.0709 | Eval Error: 0.0443 | Eval Perf: 0.3492
[2, 100] Train Error: 0.0494 | Train Perf: -0.1808 | Eval Error: 0.044 | Eval Perf: 0.3906
[3, 100] Train Error: 0.0493 | Train Perf: -0.169 | Eval Error: 0.044 | Eval Perf: 0.4253
[4, 100] Train Error: 0.0487 | Train Perf: 0.0715 | Eval Error: 0.0439 | Eval Perf: 0.4556
[5, 100] Train Error: 0.0491 | Train Perf: -0.0994 | Eval Error: 0.0439 | Eval Perf: 0.4709
[6, 100] Train Error: 0.049 | Train Perf: -0.105 | Eval Error: 0.0438 | Eval Perf: 0.4816
[7, 100] Train Error: 0.0488 | Train Perf: 0.0139 | Eval Error: 0.0438 | Eval Perf: 0.4862
[8, 100] Train Error: 0.0488 | Train Perf: 0.0085 | Eval Error: 0.0437 | Eval Perf: 0.4829
[9, 100] Train Error: 0.0487 | Train Perf: 0.0255 | Eval Error: 0.0437 | Eval Perf: 0.4709
[10, 100] Train Error: 0.0485 | Train Perf: 0.0758 | Eval Error: 0.0436 | Eval Perf: 0.4593
[11, 100] Train Error: 0.0482 | Train Perf: 0.1417 | Eval Error: 0.0437 | Eval Perf: 0.4345
[12, 100] Train Error: 0.0483 | Train Perf: 0.1288 | Eval Error: 0.0436 | Eval Perf: 0.4197
[13, 100] Train Error: 0.0481 | Train Perf: 0.1962 | Eval Error: 0.0435 | Eval Perf: 0.4045
[14, 100] Train Error: 0.0479 | Train Perf: 0.2238 | Eval Error: 0.0434 | Eval Perf: 0.3938
[15, 100] Train Error: 0.0475 | Train Perf: 0.2517 | Eval Error: 0.0433 | Eval Perf: 0.3829
[16, 100] Train Error: 0.0475 | Train Perf: 0.3093 | Eval Error: 0.0432 | Eval Perf: 0.3667
[17, 100] Train Error: 0.0472 | Train Perf: 0.3753 | Eval Error: 0.0431 | Eval Perf: 0.3533
[18, 100] Train Error: 0.0469 | Train Perf: 0.4003 | Eval Error: 0.043 | Eval Perf: 0.3402
[19, 100] Train Error: 0.0466 | Train Perf: 0.4125 | Eval Error: 0.0429 | Eval Perf: 0.3296
[20, 100] Train Error: 0.0462 | Train Perf: 0.452 | Eval Error: 0.0428 | Eval Perf: 0.3195
[21, 100] Train Error: 0.0457 | Train Perf: 0.4458 | Eval Error: 0.0427 | Eval Perf: 0.3113
[22, 100] Train Error: 0.0453 | Train Perf: 0.4711 | Eval Error: 0.0426 | Eval Perf: 0.3056
[23, 100] Train Error: 0.0448 | Train Perf: 0.4632 | Eval Error: 0.0424 | Eval Perf: 0.3013
[24, 100] Train Error: 0.0443 | Train Perf: 0.5324 | Eval Error: 0.0423 | Eval Perf: 0.296
[25, 100] Train Error: 0.0437 | Train Perf: 0.524 | Eval Error: 0.0421 | Eval Perf: 0.2929
[26, 100] Train Error: 0.0431 | Train Perf: 0.5361 | Eval Error: 0.0419 | Eval Perf: 0.2898
[27, 100] Train Error: 0.0425 | Train Perf: 0.5487 | Eval Error: 0.0418 | Eval Perf: 0.2878
[28, 100] Train Error: 0.0418 | Train Perf: 0.5536 | Eval Error: 0.0416 | Eval Perf: 0.2879
[29, 100] Train Error: 0.0411 | Train Perf: 0.5679 | Eval Error: 0.0414 | Eval Perf: 0.2882
[30, 100] Train Error: 0.0403 | Train Perf: 0.5652 | Eval Error: 0.0415 | Eval Perf: 0.2892
[31, 100] Train Error: 0.0398 | Train Perf: 0.5801 | Eval Error: 0.0412 | Eval Perf: 0.2915
[32, 100] Train Error: 0.039 | Train Perf: 0.589 | Eval Error: 0.0409 | Eval Perf: 0.2953
[33, 100] Train Error: 0.0382 | Train Perf: 0.5944 | Eval Error: 0.0409 | Eval Perf: 0.2985
[34, 100] Train Error: 0.0376 | Train Perf: 0.6084 | Eval Error: 0.0406 | Eval Perf: 0.3034
[35, 100] Train Error: 0.0367 | Train Perf: 0.6174 | Eval Error: 0.0403 | Eval Perf: 0.309
[36, 100] Train Error: 0.0361 | Train Perf: 0.6247 | Eval Error: 0.0402 | Eval Perf: 0.3149
[37, 100] Train Error: 0.0354 | Train Perf: 0.6273 | Eval Error: 0.04 | Eval Perf: 0.3223
[38, 100] Train Error: 0.0345 | Train Perf: 0.6413 | Eval Error: 0.0401 | Eval Perf: 0.3292
[39, 100] Train Error: 0.034 | Train Perf: 0.6456 | Eval Error: 0.0395 | Eval Perf: 0.3387
[40, 100] Train Error: 0.0333 | Train Perf: 0.6489 | Eval Error: 0.0391 | Eval Perf: 0.3486
[41, 100] Train Error: 0.0326 | Train Perf: 0.6625 | Eval Error: 0.0388 | Eval Perf: 0.358
[42, 100] Train Error: 0.032 | Train Perf: 0.6772 | Eval Error: 0.0387 | Eval Perf: 0.3664
[43, 100] Train Error: 0.0313 | Train Perf: 0.6759 | Eval Error: 0.0382 | Eval Perf: 0.378
[44, 100] Train Error: 0.0307 | Train Perf: 0.6844 | Eval Error: 0.0379 | Eval Perf: 0.3887
[45, 100] Train Error: 0.0301 | Train Perf: 0.6919 | Eval Error: 0.0375 | Eval Perf: 0.4006
[46, 100] Train Error: 0.0294 | Train Perf: 0.6992 | Eval Error: 0.037 | Eval Perf: 0.414
[47, 100] Train Error: 0.0286 | Train Perf: 0.7117 | Eval Error: 0.0364 | Eval Perf: 0.429
[48, 100] Train Error: 0.0282 | Train Perf: 0.716 | Eval Error: 0.036 | Eval Perf: 0.441
[49, 100] Train Error: 0.0274 | Train Perf: 0.7284 | Eval Error: 0.0359 | Eval Perf: 0.4505
[50, 100] Train Error: 0.027 | Train Perf: 0.7332 | Eval Error: 0.0353 | Eval Perf: 0.4644
[51, 100] Train Error: 0.0263 | Train Perf: 0.7418 | Eval Error: 0.0346 | Eval Perf: 0.4807
[52, 100] Train Error: 0.0257 | Train Perf: 0.75 | Eval Error: 0.0341 | Eval Perf: 0.494
[53, 100] Train Error: 0.0252 | Train Perf: 0.7573 | Eval Error: 0.034 | Eval Perf: 0.5002
[54, 100] Train Error: 0.0247 | Train Perf: 0.7586 | Eval Error: 0.0335 | Eval Perf: 0.513
[55, 100] Train Error: 0.0241 | Train Perf: 0.7659 | Eval Error: 0.0328 | Eval Perf: 0.529
[56, 100] Train Error: 0.0237 | Train Perf: 0.7723 | Eval Error: 0.0323 | Eval Perf: 0.5417
[57, 100] Train Error: 0.0231 | Train Perf: 0.7816 | Eval Error: 0.0319 | Eval Perf: 0.549
[58, 100] Train Error: 0.0227 | Train Perf: 0.7841 | Eval Error: 0.0317 | Eval Perf: 0.5556
[59, 100] Train Error: 0.0222 | Train Perf: 0.7877 | Eval Error: 0.0313 | Eval Perf: 0.5642
[60, 100] Train Error: 0.0218 | Train Perf: 0.7934 | Eval Error: 0.031 | Eval Perf: 0.5705
[61, 100] Train Error: 0.0213 | Train Perf: 0.7962 | Eval Error: 0.0306 | Eval Perf: 0.5785
[62, 100] Train Error: 0.0208 | Train Perf: 0.8006 | Eval Error: 0.0299 | Eval Perf: 0.5945
[63, 100] Train Error: 0.0205 | Train Perf: 0.8098 | Eval Error: 0.03 | Eval Perf: 0.5925
[64, 100] Train Error: 0.0201 | Train Perf: 0.8077 | Eval Error: 0.0295 | Eval Perf: 0.602
[65, 100] Train Error: 0.0197 | Train Perf: 0.8128 | Eval Error: 0.0293 | Eval Perf: 0.6064
[66, 100] Train Error: 0.0192 | Train Perf: 0.817 | Eval Error: 0.0292 | Eval Perf: 0.6087
[67, 100] Train Error: 0.0189 | Train Perf: 0.8197 | Eval Error: 0.0288 | Eval Perf: 0.6148
[68, 100] Train Error: 0.0184 | Train Perf: 0.8235 | Eval Error: 0.0283 | Eval Perf: 0.6259
[69, 100] Train Error: 0.0182 | Train Perf: 0.8286 | Eval Error: 0.0285 | Eval Perf: 0.6196
[70, 100] Train Error: 0.0179 | Train Perf: 0.8291 | Eval Error: 0.0282 | Eval Perf: 0.6244
[71, 100] Train Error: 0.0176 | Train Perf: 0.8314 | Eval Error: 0.0279 | Eval Perf: 0.6306
[72, 100] Train Error: 0.0172 | Train Perf: 0.8354 | Eval Error: 0.0274 | Eval Perf: 0.6396
[73, 100] Train Error: 0.017 | Train Perf: 0.8381 | Eval Error: 0.0274 | Eval Perf: 0.6381
[74, 100] Train Error: 0.0166 | Train Perf: 0.8404 | Eval Error: 0.027 | Eval Perf: 0.646
[75, 100] Train Error: 0.0163 | Train Perf: 0.8438 | Eval Error: 0.027 | Eval Perf: 0.6464
[76, 100] Train Error: 0.016 | Train Perf: 0.8461 | Eval Error: 0.0267 | Eval Perf: 0.6516
[77, 100] Train Error: 0.0157 | Train Perf: 0.8502 | Eval Error: 0.0269 | Eval Perf: 0.6464
[78, 100] Train Error: 0.0154 | Train Perf: 0.8545 | Eval Error: 0.0272 | Eval Perf: 0.6423
[79, 100] Train Error: 0.0153 | Train Perf: 0.8525 | Eval Error: 0.0264 | Eval Perf: 0.6537
[80, 100] Train Error: 0.015 | Train Perf: 0.8559 | Eval Error: 0.0264 | Eval Perf: 0.6529
[81, 100] Train Error: 0.0147 | Train Perf: 0.8564 | Eval Error: 0.026 | Eval Perf: 0.6623
[82, 100] Train Error: 0.0145 | Train Perf: 0.8601 | Eval Error: 0.026 | Eval Perf: 0.661
[83, 100] Train Error: 0.0143 | Train Perf: 0.8622 | Eval Error: 0.0256 | Eval Perf: 0.6674
[84, 100] Train Error: 0.014 | Train Perf: 0.866 | Eval Error: 0.0261 | Eval Perf: 0.6596
[85, 100] Train Error: 0.0136 | Train Perf: 0.8713 | Eval Error: 0.0269 | Eval Perf: 0.6494
[86, 100] Train Error: 0.0137 | Train Perf: 0.8656 | Eval Error: 0.0261 | Eval Perf: 0.6574
[87, 100] Train Error: 0.0135 | Train Perf: 0.8681 | Eval Error: 0.0257 | Eval Perf: 0.6631
[88, 100] Train Error: 0.0132 | Train Perf: 0.8719 | Eval Error: 0.0256 | Eval Perf: 0.6653
[89, 100] Train Error: 0.013 | Train Perf: 0.8747 | Eval Error: 0.0257 | Eval Perf: 0.6633
[90, 100] Train Error: 0.0128 | Train Perf: 0.8765 | Eval Error: 0.025 | Eval Perf: 0.6742
[91, 100] Train Error: 0.0127 | Train Perf: 0.8767 | Eval Error: 0.0252 | Eval Perf: 0.6712
[92, 100] Train Error: 0.0125 | Train Perf: 0.8786 | Eval Error: 0.0251 | Eval Perf: 0.6727
[93, 100] Train Error: 0.0123 | Train Perf: 0.8805 | Eval Error: 0.0252 | Eval Perf: 0.6699
[94, 100] Train Error: 0.0121 | Train Perf: 0.8831 | Eval Error: 0.0256 | Eval Perf: 0.664
[95, 100] Train Error: 0.012 | Train Perf: 0.883 | Eval Error: 0.0249 | Eval Perf: 0.674
[96, 100] Train Error: 0.0118 | Train Perf: 0.8856 | Eval Error: 0.0247 | Eval Perf: 0.6769
[97, 100] Train Error: 0.0117 | Train Perf: 0.886 | Eval Error: 0.0247 | Eval Perf: 0.6764
[98, 100] Train Error: 0.0115 | Train Perf: 0.887 | Eval Error: 0.0249 | Eval Perf: 0.6736
[99, 100] Train Error: 0.0113 | Train Perf: 0.8889 | Eval Error: 0.0248 | Eval Perf: 0.6743
[100, 100] Train Error: 0.0112 | Train Perf: 0.8904 | Eval Error: 0.0246 | Eval Perf: 0.6765
